==== BEGIN: hardened/current/master ====
current branch: hardened/current/master
mergeable branch: freebsd/current/master
==== change branch ====
Switched to branch 'hardened/current/master'
Your branch is up to date with 'origin/hardened/current/master'.
==== show current branch ====
  freebsd/10-stable/master
  freebsd/10.3-releng/master
  freebsd/11-stable/master
  freebsd/11.0-releng/master
  freebsd/11.1-releng/master
  freebsd/11.2-releng/master
  freebsd/12-stable/master
  freebsd/12.0-releng/master
  freebsd/12.1-releng/master
  freebsd/current/master
  hardened/10-stable/master
  hardened/10-stable/master-libressl
  hardened/10.3-releng/master
  hardened/11-stable/master
  hardened/11-stable/master-libressl
  hardened/11.0-releng/master
  hardened/11.1-releng/master
  hardened/11.2-releng/master
  hardened/12-stable/master
  hardened/12.0-releng/master
  hardened/12.1-releng/master
  hardened/current/intel-smap
  hardened/current/log
* hardened/current/master
  hardened/current/segvguard-ng
==== check for stale changes ====
==== update to latest origin ====
Already up to date.
==== merge branches ====
==== merge freebsd/current/master branch ====
Merge made by the 'recursive' strategy.
 sys/arm/broadcom/bcm2835/bcm2835_fb.c  | 19 -----------
 sys/arm/freescale/imx/imx51_ipuv3.c    | 19 -----------
 sys/arm/ti/am335x/am335x_lcd_syscons.c | 19 -----------
 sys/arm/versatile/pl050.c              |  2 --
 sys/arm/versatile/versatile_clcd.c     | 19 -----------
 sys/dev/vt/vt.h                        |  2 +-
 sys/dev/vt/vt_core.c                   | 62 +++++++++++++---------------------
 sys/net/if.c                           |  1 +
 sys/netinet/sctp_auth.c                |  3 +-
 sys/netinet/sctp_pcb.c                 |  5 ++-
 sys/powerpc/ofw/ofw_syscons.c          | 19 -----------
 11 files changed, 31 insertions(+), 139 deletions(-)
To github.com:HardenedBSD/hardenedBSD.git
   65bf93c26eb1..91fc4b18a28f  hardened/current/master -> hardened/current/master
==== END: hardened/current/master ====
