==== BEGIN: hardened/current/master ====
current branch: hardened/current/master
mergeable branch: freebsd/current/master
==== change branch ====
Switched to branch 'hardened/current/master'
Your branch is up to date with 'origin/hardened/current/master'.
==== show current branch ====
  freebsd/10-stable/master
  freebsd/10.3-releng/master
  freebsd/11-stable/master
  freebsd/11.0-releng/master
  freebsd/11.1-releng/master
  freebsd/11.2-releng/master
  freebsd/12-stable/master
  freebsd/12.0-releng/master
  freebsd/12.1-releng/master
  freebsd/current/master
  hardened/10-stable/master
  hardened/10-stable/master-libressl
  hardened/10.3-releng/master
  hardened/11-stable/master
  hardened/11-stable/master-libressl
  hardened/11.0-releng/master
  hardened/11.1-releng/master
  hardened/11.2-releng/master
  hardened/12-stable/master
  hardened/12.0-releng/master
  hardened/12.1-releng/master
  hardened/current/intel-smap
  hardened/current/log
* hardened/current/master
  hardened/current/segvguard-ng
==== check for stale changes ====
==== update to latest origin ====
Already up to date.
==== merge branches ====
==== merge freebsd/current/master branch ====
Auto-merging sys/conf/files
Merge made by the 'recursive' strategy.
 sys/conf/files                |   2 +
 sys/dev/iicbus/iicoc.c        | 194 ++++----------------
 sys/dev/iicbus/iicoc.h        |  26 +++
 sys/dev/iicbus/iicoc_fdt.c    | 188 ++++++++++++++++++++
 sys/dev/iicbus/iicoc_pci.c    | 143 +++++++++++++++
 sys/kern/subr_devmap.c        |   2 +-
 sys/riscv/sifive/files.sifive |   4 +
 sys/riscv/sifive/fu540_prci.c | 268 ++++++++++++++++++++++++++++
 sys/riscv/sifive/fu540_spi.c  | 403 ++++++++++++++++++++++++++++++++++++++++++
 sys/riscv/sifive/std.sifive   |   3 +
 10 files changed, 1077 insertions(+), 156 deletions(-)
 create mode 100644 sys/dev/iicbus/iicoc_fdt.c
 create mode 100644 sys/dev/iicbus/iicoc_pci.c
 create mode 100644 sys/riscv/sifive/files.sifive
 create mode 100644 sys/riscv/sifive/fu540_prci.c
 create mode 100644 sys/riscv/sifive/fu540_spi.c
 create mode 100644 sys/riscv/sifive/std.sifive
To github.com:HardenedBSD/hardenedBSD.git
   e6bdc14aa5c5..80f20e6fb823  hardened/current/master -> hardened/current/master
==== END: hardened/current/master ====
