==== BEGIN: master ====
current branch: master
mergeable branch: freebsd/master
==== change branch ====
Already on 'master'
Your branch is up to date with 'origin/master'.
==== show current branch ====
* master
==== check for stale changes ====
==== update to latest origin ====
Already up to date.
==== merge branches ====
==== merge freebsd/master branch ====
Removing net-p2p/libtorrent-rasterbar/files/patch-test_test_ssl.cpp
Removing net-p2p/libtorrent-rasterbar/files/patch-boost-1.72
Merge made by the 'recursive' strategy.
 UPDATING                                           |  11 +-
 databases/mariadb102-server/Makefile               |  13 +-
 databases/mariadb102-server/distinfo               |   6 +-
 .../files/patch-extra_mariabackup_CMakeLists.txt   |  10 +
 .../files/patch-scripts_wsrep__sst__mariabackup.sh |  11 +
 databases/mariadb103-server/Makefile               |  16 +-
 databases/mariadb103-server/distinfo               |   6 +-
 .../files/patch-extra_mariabackup_CMakeLists.txt   |  10 +
 .../files/patch-scripts_wsrep__sst__mariabackup.sh |  11 +
 devel/py-aiorpcX/Makefile                          |   2 +-
 devel/py-apispec/Makefile                          |   2 +-
 devel/py-apispec/distinfo                          |   6 +-
 lang/erlang-runtime22/Makefile                     |   2 +-
 lang/erlang-runtime22/distinfo                     |   6 +-
 net-p2p/libtorrent-rasterbar/Makefile              |   2 +-
 net-p2p/libtorrent-rasterbar/distinfo              |   6 +-
 .../libtorrent-rasterbar/files/patch-boost-1.72    |  24 --
 .../files/patch-test_test_ssl.cpp                  |  41 ----
 net-p2p/libtorrent-rasterbar/pkg-plist             |   3 +-
 net-p2p/xmrig/Makefile                             |   2 +-
 net-p2p/xmrig/distinfo                             |   6 +-
 net/py-aiohttp-socks/Makefile                      |   4 +-
 net/py-aiohttp-socks/distinfo                      |   6 +-
 net/py-shodan/Makefile                             |   2 +-
 net/py-shodan/distinfo                             |   6 +-
 net/waypipe/Makefile                               |   5 +-
 net/waypipe/distinfo                               |   2 +
 print/Makefile                                     |   1 +
 print/shrinkpdf/Makefile                           |  29 +++
 print/shrinkpdf/distinfo                           |   3 +
 print/shrinkpdf/files/shrinkpdf.1.in               |  79 +++++++
 print/shrinkpdf/pkg-descr                          |   6 +
 www/nginx/Makefile                                 |  13 +-
 www/nginx/Makefile.extmod                          |   2 +
 www/nginx/Makefile.options.desc                    |   1 +
 www/nginx/files/extra-patch-dynamic_tls_records    | 253 +++++++++++++++++++++
 36 files changed, 491 insertions(+), 117 deletions(-)
 create mode 100644 databases/mariadb102-server/files/patch-extra_mariabackup_CMakeLists.txt
 create mode 100644 databases/mariadb102-server/files/patch-scripts_wsrep__sst__mariabackup.sh
 create mode 100644 databases/mariadb103-server/files/patch-extra_mariabackup_CMakeLists.txt
 create mode 100644 databases/mariadb103-server/files/patch-scripts_wsrep__sst__mariabackup.sh
 delete mode 100644 net-p2p/libtorrent-rasterbar/files/patch-boost-1.72
 delete mode 100644 net-p2p/libtorrent-rasterbar/files/patch-test_test_ssl.cpp
 create mode 100644 print/shrinkpdf/Makefile
 create mode 100644 print/shrinkpdf/distinfo
 create mode 100644 print/shrinkpdf/files/shrinkpdf.1.in
 create mode 100644 print/shrinkpdf/pkg-descr
 create mode 100644 www/nginx/files/extra-patch-dynamic_tls_records
To github.com:HardenedBSD/hardenedbsd-ports.git
   c145bbd5da22..be028810be16  master -> master
==== END: master ====
