==== BEGIN: freebsd/12-stable/master ====
current branch: freebsd/12-stable/master
mergeable branch: freebsd/stable/12
==== change branch ====
Switched to branch 'freebsd/12-stable/master'
Your branch is up to date with 'origin/freebsd/12-stable/master'.
==== show current branch ====
  freebsd/11-stable/master
  freebsd/11.2-releng/master
* freebsd/12-stable/master
  freebsd/12.1-releng/master
  freebsd/current/master
  hardened/11-stable/master
  hardened/11.2-releng/master
  hardened/12-stable/master
  hardened/12.1-releng/master
  hardened/current/master
==== check for stale changes ====
==== update to latest origin ====
Already up to date.
==== merge branches ====
==== merge freebsd/stable/12 branch ====
Updating 71b972ba2548..c3c7f37a6891
Fast-forward
 sys/amd64/linux/Makefile             | 12 ++----------
 sys/amd64/linux32/Makefile           | 12 ++----------
 sys/arm64/linux/Makefile             | 12 ++----------
 sys/compat/cloudabi32/Makefile       | 17 +++--------------
 sys/compat/cloudabi64/Makefile       | 17 +++--------------
 sys/compat/freebsd32/Makefile        | 16 ++--------------
 sys/conf/sysent.mk                   | 37 ++++++++++++++++++++++++++++++++++++
 sys/i386/ibcs2/Makefile              | 35 +++++++++++++++++++++-------------
 sys/i386/ibcs2/ibcs2_isc_syscall.h   |  3 +--
 sys/i386/ibcs2/ibcs2_isc_sysent.c    |  3 +--
 sys/i386/ibcs2/ibcs2_xenix.h         | 18 ++++++++++++++++--
 sys/i386/ibcs2/ibcs2_xenix_syscall.h |  3 +--
 sys/i386/ibcs2/ibcs2_xenix_sysent.c  |  3 +--
 sys/i386/linux/Makefile              | 12 ++----------
 sys/kern/Makefile                    | 22 +++++++++------------
 sys/net/if.c                         | 11 +++++++----
 16 files changed, 111 insertions(+), 122 deletions(-)
 create mode 100644 sys/conf/sysent.mk
remote: To github.com:HardenedBSD/hardenedBSD.git        
remote:    71b972ba2548..c3c7f37a6891  freebsd/12-stable/master -> freebsd/12-stable/master
remote: 
remote: Create a new pull request for 'freebsd/12-stable/master':        
remote:   https://git-01.md.hardenedbsd.org/hardenedbsd/HardenedBSD/compare/hardened/current/master...freebsd/12-stable/master        
remote: 
To git-01.md.hardenedbsd.org:HardenedBSD/HardenedBSD.git
   71b972ba2548..c3c7f37a6891  freebsd/12-stable/master -> freebsd/12-stable/master
==== END: freebsd/12-stable/master ====
