==== BEGIN: freebsd/current/master ====
current branch: freebsd/current/master
mergeable branch: freebsd/master
==== change branch ====
Switched to branch 'freebsd/current/master'
Your branch is up to date with 'origin/freebsd/current/master'.
==== show current branch ====
  freebsd/11-stable/master
  freebsd/11.2-releng/master
  freebsd/12-stable/master
  freebsd/12.1-releng/master
* freebsd/current/master
  hardened/11-stable/master
  hardened/11.2-releng/master
  hardened/12-stable/master
  hardened/12.1-releng/master
  hardened/current/master
==== check for stale changes ====
==== update to latest origin ====
Already up to date.
==== merge branches ====
==== merge freebsd/master branch ====
Updating cb28946691fb..3ec87c0e02c2
Fast-forward
 ObsoleteFiles.inc         |   4 +
 share/man/man4/Makefile   |   2 -
 share/man/man4/ppbus.4    |  15 -
 share/man/man4/vpo.4      | 105 ------
 share/man/man9/microseq.9 |   4 +-
 sys/conf/NOTES            |   5 -
 sys/conf/files            |   3 -
 sys/conf/options          |   1 -
 sys/dev/ppbus/immio.c     | 818 ----------------------------------------------
 sys/dev/ppbus/vpo.c       | 440 -------------------------
 sys/dev/ppbus/vpoio.c     | 789 --------------------------------------------
 sys/dev/ppbus/vpoio.h     |  99 ------
 sys/modules/Makefile      |   2 -
 sys/modules/vpo/Makefile  |  10 -
 sys/vm/uma_core.c         |   4 +-
 15 files changed, 9 insertions(+), 2292 deletions(-)
 delete mode 100644 share/man/man4/vpo.4
 delete mode 100644 sys/dev/ppbus/immio.c
 delete mode 100644 sys/dev/ppbus/vpo.c
 delete mode 100644 sys/dev/ppbus/vpoio.c
 delete mode 100644 sys/dev/ppbus/vpoio.h
 delete mode 100644 sys/modules/vpo/Makefile
remote: To github.com:HardenedBSD/hardenedBSD.git        
remote:    cb28946691fb..3ec87c0e02c2  freebsd/current/master -> freebsd/current/master        
remote: Gitea: Internal Server Error        
remote: Failed to Update: hardenedbsd/hardenedbsd Branch: freebsd/current/master Error: newCommit.CommitsBeforeUntil: packfile not found
To git-01.md.hardenedbsd.org:HardenedBSD/HardenedBSD.git
   cb28946691fb..3ec87c0e02c2  freebsd/current/master -> freebsd/current/master
==== END: freebsd/current/master ====
