==== BEGIN: freebsd/current/master ====
current branch: freebsd/current/master
mergeable branch: freebsd/master
==== change branch ====
Switched to branch 'freebsd/current/master'
Your branch is behind 'freebsd/master' by 3 commits, and can be fast-forwarded.
  (use "git pull" to update your local branch)
==== show current branch ====
  freebsd/10-stable/master
  freebsd/10.3-releng/master
  freebsd/11-stable/master
  freebsd/11.0-releng/master
  freebsd/11.1-releng/master
  freebsd/11.2-releng/master
  freebsd/12-stable/master
  freebsd/12.0-releng/master
  freebsd/12.1-releng/master
* freebsd/current/master
  hardened/10-stable/master
  hardened/10-stable/master-libressl
  hardened/10.3-releng/master
  hardened/11-stable/master
  hardened/11-stable/master-libressl
  hardened/11.0-releng/master
  hardened/11.1-releng/master
  hardened/11.2-releng/master
  hardened/12-stable/master
  hardened/12.0-releng/master
  hardened/12.1-releng/master
  hardened/current/intel-smap
  hardened/current/log
  hardened/current/master
  hardened/current/segvguard-ng
==== check for stale changes ====
==== update to latest origin ====
Updating 80af11b33c94..6dfdda7982f0
Fast-forward
 sys/conf/files                              |    12 +-
 sys/dev/cxgbe/adapter.h                     |     1 +
 sys/dev/cxgbe/firmware/t4fw-1.23.0.0.bin.uu |  9944 ---------------------
 sys/dev/cxgbe/firmware/t4fw-1.24.11.0.bin   |   Bin 0 -> 568832 bytes
 sys/dev/cxgbe/firmware/t4fw_interface.h     |    28 +-
 sys/dev/cxgbe/firmware/t5fw-1.23.0.0.bin.uu | 11489 ------------------------
 sys/dev/cxgbe/firmware/t5fw-1.24.11.0.bin   |   Bin 0 -> 673280 bytes
 sys/dev/cxgbe/firmware/t6fw-1.23.0.0.bin.uu | 12378 --------------------------
 sys/dev/cxgbe/firmware/t6fw-1.24.11.0.bin   |   Bin 0 -> 727552 bytes
 sys/dev/cxgbe/firmware/t6fw_cfg_uwire.txt   |    25 +-
 sys/dev/cxgbe/t4_netmap.c                   |    15 +-
 sys/dev/cxgbe/t4_sge.c                      |     4 +
 sys/modules/cxgbe/t4_firmware/Makefile      |     8 +-
 sys/modules/cxgbe/t5_firmware/Makefile      |     8 +-
 sys/modules/cxgbe/t6_firmware/Makefile      |     8 +-
 sys/netpfil/ipfw/ip_fw2.c                   |     3 +-
 16 files changed, 60 insertions(+), 33863 deletions(-)
 delete mode 100644 sys/dev/cxgbe/firmware/t4fw-1.23.0.0.bin.uu
 create mode 100644 sys/dev/cxgbe/firmware/t4fw-1.24.11.0.bin
 delete mode 100644 sys/dev/cxgbe/firmware/t5fw-1.23.0.0.bin.uu
 create mode 100644 sys/dev/cxgbe/firmware/t5fw-1.24.11.0.bin
 delete mode 100644 sys/dev/cxgbe/firmware/t6fw-1.23.0.0.bin.uu
 create mode 100644 sys/dev/cxgbe/firmware/t6fw-1.24.11.0.bin
==== merge branches ====
==== merge freebsd/master branch ====
Already up to date.
To github.com:HardenedBSD/hardenedBSD.git
   80af11b33c94..6dfdda7982f0  freebsd/current/master -> freebsd/current/master
==== END: freebsd/current/master ====
