==== BEGIN: freebsd/11-stable/master ====
current branch: freebsd/11-stable/master
mergeable branch: freebsd/stable/11
==== change branch ====
Switched to branch 'freebsd/11-stable/master'
Your branch is behind 'freebsd/stable/11' by 1 commit, and can be fast-forwarded.
  (use "git pull" to update your local branch)
==== show current branch ====
  freebsd/10-stable/master
  freebsd/10.3-releng/master
* freebsd/11-stable/master
  freebsd/11.0-releng/master
  freebsd/11.1-releng/master
  freebsd/11.2-releng/master
  freebsd/12-stable/master
  freebsd/12.0-releng/master
  freebsd/12.1-releng/master
  freebsd/current/master
  hardened/10-stable/master
  hardened/10-stable/master-libressl
  hardened/10.3-releng/master
  hardened/11-stable/master
  hardened/11-stable/master-libressl
  hardened/11.0-releng/master
  hardened/11.1-releng/master
  hardened/11.2-releng/master
  hardened/12-stable/master
  hardened/12.0-releng/master
  hardened/12.1-releng/master
  hardened/current/intel-smap
  hardened/current/log
  hardened/current/master
  hardened/current/segvguard-ng
==== check for stale changes ====
==== update to latest origin ====
Updating 7ae5c2d08fd0..ab237315fc15
Fast-forward
 sys/dev/iicbus/twsi/mv_twsi.c | 14 +++++++++++++-
 1 file changed, 13 insertions(+), 1 deletion(-)
==== merge branches ====
==== merge freebsd/stable/11 branch ====
Already up to date.
To github.com:HardenedBSD/hardenedBSD.git
   7ae5c2d08fd0..ab237315fc15  freebsd/11-stable/master -> freebsd/11-stable/master
==== END: freebsd/11-stable/master ====
