==== BEGIN: freebsd/current/master ====
current branch: freebsd/current/master
mergeable branch: freebsd/master
==== change branch ====
Switched to branch 'freebsd/current/master'
Your branch is up to date with 'origin/freebsd/current/master'.
==== show current branch ====
  freebsd/11-stable/master
  freebsd/11.2-releng/master
  freebsd/12-stable/master
  freebsd/12.1-releng/master
* freebsd/current/master
  hardened/11-stable/master
  hardened/11.2-releng/master
  hardened/12-stable/master
  hardened/12.1-releng/master
  hardened/current/master
==== check for stale changes ====
==== update to latest origin ====
Already up to date.
==== merge branches ====
==== merge freebsd/master branch ====
Updating 40d7ad3dd39..d5eb945ec7a
Fast-forward
 Makefile.inc1                            |   2 +-
 ObsoleteFiles.inc                        |   7 ++
 gnu/lib/Makefile                         |   1 -
 lib/Makefile                             |   6 +-
 lib/libc/secure/stack_protector.c        |   8 +-
 lib/libssp/Makefile                      |  20 +++++
 lib/libssp/Symbol.map                    |  26 ++++++
 lib/libssp/Versions.def                  |   4 +
 lib/libssp/fortify_stubs.c               | 134 +++++++++++++++++++++++++++++
 lib/libssp_nonshared/Makefile            |  11 +++
 lib/libssp_nonshared/libssp_nonshared.c  |  17 ++++
 share/man/man4/sctp.4                    |   4 +-
 share/mk/local.dirdeps.mk                |   2 +-
 share/mk/local.gendirdeps.mk             |   2 +-
 share/mk/src.libnames.mk                 |   4 +-
 sys/amd64/amd64/pmap.c                   |  12 ++-
 sys/arm64/arm64/pmap.c                   |   9 +-
 sys/conf/options                         |   2 -
 sys/i386/i386/pmap.c                     |  12 ++-
 sys/netinet/sctp.h                       |   1 -
 sys/netinet/sctp_output.c                |   4 +-
 sys/netinet/sctp_sysctl.c                |   2 +
 sys/netinet/sctp_sysctl.h                |   7 ++
 sys/vm/uma.h                             |  11 ++-
 sys/vm/uma_core.c                        | 139 ++++++++++++++++++-------------
 sys/vm/uma_int.h                         |   9 +-
 sys/vm/vm_glue.c                         |   2 +-
 tests/sys/aio/lio_test.c                 |   1 +
 tools/build/mk/OptionalObsoleteFiles.inc |  35 --------
 29 files changed, 367 insertions(+), 127 deletions(-)
 create mode 100644 lib/libssp/Makefile
 create mode 100644 lib/libssp/Symbol.map
 create mode 100644 lib/libssp/Versions.def
 create mode 100644 lib/libssp/fortify_stubs.c
 create mode 100644 lib/libssp_nonshared/Makefile
 create mode 100644 lib/libssp_nonshared/libssp_nonshared.c
remote: To github.com:HardenedBSD/hardenedBSD.git        
remote:    40d7ad3dd393..d5eb945ec7ae  freebsd/current/master -> freebsd/current/master        
remote:    23f85162ea27..a0465dc4a9ac  github/hardened/current/master -> github/hardened/current/master        
remote: 
remote: Create a new pull request for 'freebsd/current/master':        
remote:   https://git-01.md.hardenedbsd.org/hardenedbsd/HardenedBSD/compare/hardened/current/master...freebsd/current/master        
remote: 
To git-01.md.hardenedbsd.org:HardenedBSD/HardenedBSD.git
   40d7ad3dd39..d5eb945ec7a  freebsd/current/master -> freebsd/current/master
==== END: freebsd/current/master ====
