==== BEGIN: freebsd/current/master ====
current branch: freebsd/current/master
mergeable branch: freebsd/master
==== change branch ====
Switched to branch 'freebsd/current/master'
Your branch is up to date with 'origin/freebsd/current/master'.
==== show current branch ====
  freebsd/11-stable/master
  freebsd/11.2-releng/master
  freebsd/12-stable/master
  freebsd/12.1-releng/master
  freebsd/12.2-releng/master
* freebsd/current/master
  hardened/11-stable/master
  hardened/11.2-releng/master
  hardened/12-stable/master
  hardened/12.1-releng/master
  hardened/12.2-releng/master
  hardened/current/master
==== check for stale changes ====
==== update to latest origin ====
warning: Pulling without specifying how to reconcile divergent branches is
discouraged. You can squelch this message by running one of the following
commands sometime before your next pull:

  git config pull.rebase false  # merge (the default strategy)
  git config pull.rebase true   # rebase
  git config pull.ff only       # fast-forward only

You can replace "git config" with "git config --global" to set a default
preference for all repositories. You can also pass --rebase, --no-rebase,
or --ff-only on the command line to override the configured default per
invocation.

=============================
HardenedBSD Master git Server
=============================

Please note that connections and activity to this server are logged.
This server, git-01.md.hardenedbsd.org, acts as the source-of-truth
server for the HardenedBSD repositories.

Banner last updated: 10 Feb 2020 09:32 EST

Already up to date.
==== merge branches ====
==== merge freebsd/master branch ====
Updating fc223c471d9a..c6e5f27ea613
Fast-forward
 contrib/llvm-project/lld/ELF/InputSection.h |  3 +-
 share/examples/mdoc/example.1               |  4 +-
 share/examples/mdoc/example.3               |  4 +-
 share/examples/mdoc/example.4               |  2 +-
 share/examples/mdoc/example.9               |  2 +-
 share/man/man9/VOP_RDWR.9                   |  4 +-
 sys/dev/cxgbe/tom/t4_listen.c               | 35 +++++++++++++++--
 sys/dev/nvme/nvme.c                         |  7 +++-
 sys/dev/nvme/nvme_ctrlr.c                   |  2 +
 sys/dev/usb/quirk/usb_quirk.c               |  2 +
 sys/dev/usb/usbdevs                         |  2 +
 sys/geom/bde/g_bde_work.c                   | 20 ++++++++--
 sys/kern/kern_malloc.c                      | 17 ---------
 sys/netinet/ip_fastfwd.c                    | 58 ++++++++++++++++++++++++++++-
 sys/netinet/ip_input.c                      |  9 +++--
 sys/netinet/ip_var.h                        |  2 +
 sys/sys/malloc.h                            |  1 -
 sys/sys/param.h                             |  2 +-
 18 files changed, 135 insertions(+), 41 deletions(-)
=============================
HardenedBSD Master git Server
=============================

Please note that connections and activity to this server are logged.
This server, git-01.md.hardenedbsd.org, acts as the source-of-truth
server for the HardenedBSD repositories.

Banner last updated: 10 Feb 2020 09:32 EST

remote: To github.com:HardenedBSD/hardenedBSD.git        
remote:    fc223c471d9a..c6e5f27ea613  freebsd/current/master -> freebsd/current/master        
remote:    7c20bb229538..b9c03bd836ea  github/hardened/12-stable/master -> github/hardened/12-stable/master        
remote: 
remote: Create a new pull request for 'freebsd/current/master':        
remote:   https://git-01.md.hardenedbsd.org/HardenedBSD/HardenedBSD/compare/hardened/current/master...freebsd/current/master        
remote: 
remote: . Processing 1 references        
remote: Processed 1 references in total        
To git-01.md.hardenedbsd.org:HardenedBSD/HardenedBSD.git
   fc223c471d9a..c6e5f27ea613  freebsd/current/master -> freebsd/current/master
==== END: freebsd/current/master ====
