==== BEGIN: freebsd/current/master ====
current branch: freebsd/current/master
mergeable branch: freebsd/master
==== change branch ====
Switched to branch 'freebsd/current/master'
Your branch is up to date with 'origin/freebsd/current/master'.
==== show current branch ====
  freebsd/11-stable/master
  freebsd/11.2-releng/master
  freebsd/12-stable/master
  freebsd/12.1-releng/master
* freebsd/current/master
  hardened/11-stable/master
  hardened/11.2-releng/master
  hardened/12-stable/master
  hardened/12.1-releng/master
  hardened/current/master
==== check for stale changes ====
==== update to latest origin ====
=============================
HardenedBSD Master git Server
=============================

Please note that connections and activity to this server are logged.
This server, git-01.md.hardenedbsd.org, acts as the source-of-truth
server for the HardenedBSD repositories.

Banner last updated: 10 Feb 2020 09:32 EST

Already up to date.
==== merge branches ====
==== merge freebsd/master branch ====
Updating d425254c28d9..1ee43d4e6a15
Fast-forward
 .../llvm/lib/Target/RISCV/RISCVISelLowering.cpp    |  3 +
 .../llvm/lib/Target/RISCV/RISCVInstrInfo.td        | 10 +++
 contrib/sendmail/src/tls.c                         | 51 +++++++------
 contrib/tnftp/src/cmds.c                           |  8 +-
 contrib/tnftp/src/ftp_var.h                        |  2 +
 contrib/tnftp/src/main.c                           | 10 +++
 contrib/tnftp/src/util.c                           | 14 ++++
 sys/amd64/conf/GENERIC-NODEBUG                     |  2 +-
 sys/arm/arm/identcpu-v6.c                          |  2 +-
 sys/compat/linux/linux_socket.c                    | 13 +++-
 sys/dev/rtwn/pci/rtwn_pci_attach.c                 | 13 ++--
 sys/dev/rtwn/pci/rtwn_pci_attach.h                 |  1 -
 sys/kern/subr_smr.c                                | 86 ++++++++--------------
 sys/riscv/conf/GENERIC-NODEBUG                     | 42 +++++++++++
 sys/sys/smr.h                                      | 15 +++-
 15 files changed, 177 insertions(+), 95 deletions(-)
 create mode 100644 sys/riscv/conf/GENERIC-NODEBUG
=============================
HardenedBSD Master git Server
=============================

Please note that connections and activity to this server are logged.
This server, git-01.md.hardenedbsd.org, acts as the source-of-truth
server for the HardenedBSD repositories.

Banner last updated: 10 Feb 2020 09:32 EST

remote: To github.com:HardenedBSD/hardenedBSD.git        
remote:    d425254c28d9..1ee43d4e6a15  freebsd/current/master -> freebsd/current/master        
remote: Gitea: Internal Server Error        
remote: Failed to Update: hardenedbsd/hardenedbsd Branch: freebsd/current/master Error: newCommit.CommitsBeforeUntil: packfile not found        
To git-01.md.hardenedbsd.org:HardenedBSD/HardenedBSD.git
   d425254c28d9..1ee43d4e6a15  freebsd/current/master -> freebsd/current/master
==== END: freebsd/current/master ====
