==== BEGIN: freebsd/12-stable/master ====
current branch: freebsd/12-stable/master
mergeable branch: freebsd/stable/12
==== change branch ====
Switched to branch 'freebsd/12-stable/master'
Your branch is behind 'freebsd/stable/12' by 1 commit, and can be fast-forwarded.
  (use "git pull" to update your local branch)
==== show current branch ====
  freebsd/10-stable/master
  freebsd/10.3-releng/master
  freebsd/11-stable/master
  freebsd/11.0-releng/master
  freebsd/11.1-releng/master
  freebsd/11.2-releng/master
* freebsd/12-stable/master
  freebsd/12.0-releng/master
  freebsd/12.1-releng/master
  freebsd/current/master
  hardened/10-stable/master
  hardened/10-stable/master-libressl
  hardened/10.3-releng/master
  hardened/11-stable/master
  hardened/11-stable/master-libressl
  hardened/11.0-releng/master
  hardened/11.1-releng/master
  hardened/11.2-releng/master
  hardened/12-stable/master
  hardened/12.0-releng/master
  hardened/12.1-releng/master
  hardened/current/intel-smap
  hardened/current/log
  hardened/current/master
  hardened/current/segvguard-ng
==== check for stale changes ====
==== update to latest origin ====
Updating ce1a39472ab1..8192def5f7d6
Fast-forward
 sys/modules/ipfw_nat64/Makefile          |  1 +
 sys/netpfil/ipfw/nat64/nat64_translate.c | 80 ++++++++++++++++++++++++++------
 2 files changed, 67 insertions(+), 14 deletions(-)
==== merge branches ====
==== merge freebsd/stable/12 branch ====
Already up to date.
remote: From github.com:HardenedBSD/hardenedBSD        
remote:    1eda5f56e3de..b0cd6c57bdd9  hardened/current/master -> github/hardened/current/master
remote: Everything up-to-date        
remote: 
remote: Create a new pull request for 'freebsd/12-stable/master':        
remote:   https://git-01.md.hardenedbsd.org/hardenedbsd/HardenedBSD/compare/hardened/current/master...freebsd/12-stable/master        
remote: 
To git-01.md.hardenedbsd.org:HardenedBSD/HardenedBSD.git
   ce1a39472ab1..8192def5f7d6  freebsd/12-stable/master -> freebsd/12-stable/master
To github.com:HardenedBSD/hardenedBSD.git
   ce1a39472ab1..8192def5f7d6  freebsd/12-stable/master -> freebsd/12-stable/master
==== END: freebsd/12-stable/master ====
