==== BEGIN: freebsd/current/master ====
current branch: freebsd/current/master
mergeable branch: freebsd/master
==== change branch ====
Switched to branch 'freebsd/current/master'
Your branch is up to date with 'origin/freebsd/current/master'.
==== show current branch ====
  freebsd/11-stable/master
  freebsd/11.2-releng/master
  freebsd/12-stable/master
  freebsd/12.1-releng/master
  freebsd/12.2-releng/master
* freebsd/current/master
  hardened/11-stable/master
  hardened/11.2-releng/master
  hardened/12-stable/master
  hardened/12.1-releng/master
  hardened/12.2-releng/master
  hardened/current/master
==== check for stale changes ====
==== update to latest origin ====
warning: Pulling without specifying how to reconcile divergent branches is
discouraged. You can squelch this message by running one of the following
commands sometime before your next pull:

  git config pull.rebase false  # merge (the default strategy)
  git config pull.rebase true   # rebase
  git config pull.ff only       # fast-forward only

You can replace "git config" with "git config --global" to set a default
preference for all repositories. You can also pass --rebase, --no-rebase,
or --ff-only on the command line to override the configured default per
invocation.

=============================
HardenedBSD Master git Server
=============================

Please note that connections and activity to this server are logged.
This server, git-01.md.hardenedbsd.org, acts as the source-of-truth
server for the HardenedBSD repositories.

Banner last updated: 10 Feb 2020 09:32 EST

Already up to date.
==== merge branches ====
==== merge freebsd/master branch ====
Updating 9ee769829a7d..07913cee6bfd
Fast-forward
 share/man/man4/Makefile                    |    2 +
 share/man/man4/qat.4                       |   99 +
 sys/amd64/conf/NOTES                       |    4 +
 sys/conf/files.x86                         |    9 +
 sys/contrib/dev/qat/LICENSE                |   11 +
 sys/contrib/dev/qat/mmp_firmware_c2xxx.bin |    0
 sys/contrib/dev/qat/mof_firmware_c2xxx.bin |    0
 sys/contrib/dev/qat/qat_895xcc.bin         |    0
 sys/contrib/dev/qat/qat_895xcc_mmp.bin     |    0
 sys/contrib/dev/qat/qat_c3xxx.bin          |    0
 sys/contrib/dev/qat/qat_c3xxx_mmp.bin      |    0
 sys/contrib/dev/qat/qat_c62x.bin           |    0
 sys/contrib/dev/qat/qat_c62x_mmp.bin       |    0
 sys/contrib/dev/qat/qat_d15xx.bin          |    0
 sys/contrib/dev/qat/qat_d15xx_mmp.bin      |    0
 sys/dev/hwpmc/hwpmc_mpc7xxx.c              |   97 +-
 sys/dev/hwpmc/hwpmc_ppc970.c               |   54 +-
 sys/dev/qat/qat.c                          | 2140 +++++++++++++++++
 sys/dev/qat/qat_ae.c                       | 3456 ++++++++++++++++++++++++++++
 sys/dev/qat/qat_aevar.h                    |   73 +
 sys/dev/qat/qat_c2xxx.c                    |  217 ++
 sys/dev/qat/qat_c2xxxreg.h                 |  177 ++
 sys/dev/qat/qat_c3xxx.c                    |  298 +++
 sys/dev/qat/qat_c3xxxreg.h                 |  178 ++
 sys/dev/qat/qat_c62x.c                     |  314 +++
 sys/dev/qat/qat_c62xreg.h                  |  201 ++
 sys/dev/qat/qat_d15xx.c                    |  314 +++
 sys/dev/qat/qat_d15xxreg.h                 |  201 ++
 sys/dev/qat/qat_dh895xcc.c                 |  271 +++
 sys/dev/qat/qat_dh895xccreg.h              |  119 +
 sys/dev/qat/qat_hw15.c                     |  953 ++++++++
 sys/dev/qat/qat_hw15reg.h                  |  635 +++++
 sys/dev/qat/qat_hw15var.h                  |  105 +
 sys/dev/qat/qat_hw17.c                     |  662 ++++++
 sys/dev/qat/qat_hw17reg.h                  | 2460 ++++++++++++++++++++
 sys/dev/qat/qat_hw17var.h                  |   80 +
 sys/dev/qat/qatreg.h                       | 1582 +++++++++++++
 sys/dev/qat/qatvar.h                       | 1073 +++++++++
 sys/fs/tmpfs/tmpfs.h                       |   10 +-
 sys/kern/kern_malloc.c                     |   17 +
 sys/kern/kern_rmlock.c                     |    8 +-
 sys/kern/subr_counter.c                    |    4 +-
 sys/kern/subr_pcpu.c                       |   12 +-
 sys/kern/sys_generic.c                     |   16 +-
 sys/kern/vfs_lookup.c                      |    8 +-
 sys/kern/vfs_mount.c                       |   16 +-
 sys/modules/Makefile                       |    4 +
 sys/modules/qat/Makefile                   |   19 +
 sys/modules/qatfw/Makefile                 |    9 +
 sys/modules/qatfw/qat_c2xxx/Makefile       |   11 +
 sys/modules/qatfw/qat_c3xxx/Makefile       |   11 +
 sys/modules/qatfw/qat_c62x/Makefile        |   11 +
 sys/modules/qatfw/qat_d15xx/Makefile       |   11 +
 sys/modules/qatfw/qat_dh895xcc/Makefile    |   11 +
 sys/powerpc/include/spr.h                  |  125 +-
 sys/powerpc/powerpc/cpu.c                  |   26 +-
 sys/sys/malloc.h                           |    1 +
 sys/sys/param.h                            |    2 +-
 sys/vm/uma.h                               |    4 +-
 tests/sys/opencrypto/cryptotest.py         |    5 +-
 60 files changed, 15944 insertions(+), 182 deletions(-)
 create mode 100644 share/man/man4/qat.4
 create mode 100644 sys/contrib/dev/qat/LICENSE
 create mode 100644 sys/contrib/dev/qat/mmp_firmware_c2xxx.bin
 create mode 100644 sys/contrib/dev/qat/mof_firmware_c2xxx.bin
 create mode 100644 sys/contrib/dev/qat/qat_895xcc.bin
 create mode 100644 sys/contrib/dev/qat/qat_895xcc_mmp.bin
 create mode 100644 sys/contrib/dev/qat/qat_c3xxx.bin
 create mode 100644 sys/contrib/dev/qat/qat_c3xxx_mmp.bin
 create mode 100644 sys/contrib/dev/qat/qat_c62x.bin
 create mode 100644 sys/contrib/dev/qat/qat_c62x_mmp.bin
 create mode 100644 sys/contrib/dev/qat/qat_d15xx.bin
 create mode 100644 sys/contrib/dev/qat/qat_d15xx_mmp.bin
 create mode 100644 sys/dev/qat/qat.c
 create mode 100644 sys/dev/qat/qat_ae.c
 create mode 100644 sys/dev/qat/qat_aevar.h
 create mode 100644 sys/dev/qat/qat_c2xxx.c
 create mode 100644 sys/dev/qat/qat_c2xxxreg.h
 create mode 100644 sys/dev/qat/qat_c3xxx.c
 create mode 100644 sys/dev/qat/qat_c3xxxreg.h
 create mode 100644 sys/dev/qat/qat_c62x.c
 create mode 100644 sys/dev/qat/qat_c62xreg.h
 create mode 100644 sys/dev/qat/qat_d15xx.c
 create mode 100644 sys/dev/qat/qat_d15xxreg.h
 create mode 100644 sys/dev/qat/qat_dh895xcc.c
 create mode 100644 sys/dev/qat/qat_dh895xccreg.h
 create mode 100644 sys/dev/qat/qat_hw15.c
 create mode 100644 sys/dev/qat/qat_hw15reg.h
 create mode 100644 sys/dev/qat/qat_hw15var.h
 create mode 100644 sys/dev/qat/qat_hw17.c
 create mode 100644 sys/dev/qat/qat_hw17reg.h
 create mode 100644 sys/dev/qat/qat_hw17var.h
 create mode 100644 sys/dev/qat/qatreg.h
 create mode 100644 sys/dev/qat/qatvar.h
 create mode 100644 sys/modules/qat/Makefile
 create mode 100644 sys/modules/qatfw/Makefile
 create mode 100644 sys/modules/qatfw/qat_c2xxx/Makefile
 create mode 100644 sys/modules/qatfw/qat_c3xxx/Makefile
 create mode 100644 sys/modules/qatfw/qat_c62x/Makefile
 create mode 100644 sys/modules/qatfw/qat_d15xx/Makefile
 create mode 100644 sys/modules/qatfw/qat_dh895xcc/Makefile
=============================
HardenedBSD Master git Server
=============================

Please note that connections and activity to this server are logged.
This server, git-01.md.hardenedbsd.org, acts as the source-of-truth
server for the HardenedBSD repositories.

Banner last updated: 10 Feb 2020 09:32 EST

remote: To github.com:HardenedBSD/hardenedBSD.git        
remote:    9ee769829a7d..07913cee6bfd  freebsd/current/master -> freebsd/current/master        
remote:    8536d976251d..353ac0abb51f  github/hardened/12-stable/master -> github/hardened/12-stable/master        
remote: . Processing 1 references        
remote: Processed 1 references in total        
remote: 
remote: Create a new pull request for 'freebsd/current/master':        
remote:   https://git-01.md.hardenedbsd.org/HardenedBSD/HardenedBSD/compare/hardened/current/master...freebsd/current/master        
remote: 
To git-01.md.hardenedbsd.org:HardenedBSD/HardenedBSD.git
   9ee769829a7d..07913cee6bfd  freebsd/current/master -> freebsd/current/master
==== END: freebsd/current/master ====
