==== BEGIN: freebsd/current/master ====
current branch: freebsd/current/master
mergeable branch: freebsd/master
==== change branch ====
Switched to branch 'freebsd/current/master'
Your branch is ahead of 'origin/freebsd/current/master' by 3 commits.
  (use "git push" to publish your local commits)
==== show current branch ====
  freebsd/11-stable/master
  freebsd/11.2-releng/master
  freebsd/12-stable/master
  freebsd/12.1-releng/master
* freebsd/current/master
  hardened/11-stable/master
  hardened/11.2-releng/master
  hardened/12-stable/master
  hardened/12.1-releng/master
  hardened/current/master
==== check for stale changes ====
==== update to latest origin ====
warning: Pulling without specifying how to reconcile divergent branches is
discouraged. You can squelch this message by running one of the following
commands sometime before your next pull:

  git config pull.rebase false  # merge (the default strategy)
  git config pull.rebase true   # rebase
  git config pull.ff only       # fast-forward only

You can replace "git config" with "git config --global" to set a default
preference for all repositories. You can also pass --rebase, --no-rebase,
or --ff-only on the command line to override the configured default per
invocation.

=============================
HardenedBSD Master git Server
=============================

Please note that connections and activity to this server are logged.
This server, git-01.md.hardenedbsd.org, acts as the source-of-truth
server for the HardenedBSD repositories.

Banner last updated: 10 Feb 2020 09:32 EST

Already up to date.
==== merge branches ====
==== merge freebsd/master branch ====
Updating 17942f39d3bb..d1cbc9b02911
Fast-forward
 share/man/man4/ntb_hw_intel.4     |  19 +-
 share/man/man9/Makefile           |   5 +
 sys/compat/linprocfs/linprocfs.c  |  15 ++
 sys/compat/linux/linux_misc.c     |   8 +
 sys/compat/linux/linux_misc.h     |   2 +
 sys/dev/ntb/ntb_hw/ntb_hw_intel.c | 399 +++++++++++++++++++++++++++++++++-----
 sys/dev/ntb/ntb_hw/ntb_hw_intel.h |  87 +++++++++
 sys/dev/ntb/ntb_transport.c       |   2 +-
 usr.bin/calendar/calendar.1       |  10 +-
 usr.sbin/rtsold/cap_script.c      |   2 +-
 10 files changed, 490 insertions(+), 59 deletions(-)
=============================
HardenedBSD Master git Server
=============================

Please note that connections and activity to this server are logged.
This server, git-01.md.hardenedbsd.org, acts as the source-of-truth
server for the HardenedBSD repositories.

Banner last updated: 10 Feb 2020 09:32 EST

remote: To github.com:HardenedBSD/hardenedBSD.git        
remote:    5edf2af6380a..d1cbc9b02911  freebsd/current/master -> freebsd/current/master        
remote:    583910c4963a..f36ea623204c  github/hardened/12-stable/master -> github/hardened/12-stable/master        
remote: . Processing 1 references        
remote: Processed 1 references in total        
remote: 
remote: Create a new pull request for 'freebsd/current/master':        
remote:   https://git-01.md.hardenedbsd.org/HardenedBSD/HardenedBSD/compare/hardened/current/master...freebsd/current/master        
remote: 
To git-01.md.hardenedbsd.org:HardenedBSD/HardenedBSD.git
   5edf2af6380a..d1cbc9b02911  freebsd/current/master -> freebsd/current/master
==== END: freebsd/current/master ====
