==== BEGIN: freebsd/current/master ====
current branch: freebsd/current/master
mergeable branch: freebsd/master
==== change branch ====
Switched to branch 'freebsd/current/master'
Your branch is up to date with 'origin/freebsd/current/master'.
==== show current branch ====
  freebsd/11-stable/master
  freebsd/11.2-releng/master
  freebsd/12-stable/master
  freebsd/12.1-releng/master
* freebsd/current/master
  hardened/11-stable/master
  hardened/11.2-releng/master
  hardened/12-stable/master
  hardened/12.1-releng/master
  hardened/current/master
==== check for stale changes ====
==== update to latest origin ====
=============================
HardenedBSD Master git Server
=============================

Please note that connections and activity to this server are logged.
This server, git-01.md.hardenedbsd.org, acts as the source-of-truth
server for the HardenedBSD repositories.

Banner last updated: 10 Feb 2020 09:32 EST

Already up to date.
==== merge branches ====
==== merge freebsd/master branch ====
Updating 69c93432ca46..018b4b1dc411
Fast-forward
 sys/crypto/skein/amd64/skein_block_asm.s | 119 ++++++++++++++++---------------
 sys/dev/sound/pci/hda/hdac.c             |  13 ++++
 sys/dev/sound/pci/hda/hdac.h             |  27 +++++++
 sys/dev/sound/pci/hda/hdacc.c            |  16 +++++
 sys/net80211/ieee80211_proto.c           |   3 +-
 5 files changed, 118 insertions(+), 60 deletions(-)
=============================
HardenedBSD Master git Server
=============================

Please note that connections and activity to this server are logged.
This server, git-01.md.hardenedbsd.org, acts as the source-of-truth
server for the HardenedBSD repositories.

Banner last updated: 10 Feb 2020 09:32 EST

remote: To github.com:HardenedBSD/hardenedBSD.git        
remote:    69c93432ca46..018b4b1dc411  freebsd/current/master -> freebsd/current/master        
remote:    25553c54dda6..2fd63607afca  github/freebsd/11-stable/master -> github/freebsd/11-stable/master        
remote: 
remote: Create a new pull request for 'freebsd/current/master':        
remote:   https://git-01.md.hardenedbsd.org/hardenedbsd/HardenedBSD/compare/hardened/current/master...freebsd/current/master        
remote: 
To git-01.md.hardenedbsd.org:HardenedBSD/HardenedBSD.git
   69c93432ca46..018b4b1dc411  freebsd/current/master -> freebsd/current/master
==== END: freebsd/current/master ====
