==== BEGIN: freebsd/12.1-releng/master ====
current branch: freebsd/12.1-releng/master
mergeable branch: freebsd/releng/12.1
==== change branch ====
Switched to branch 'freebsd/12.1-releng/master'
Your branch is up to date with 'origin/freebsd/12.1-releng/master'.
==== show current branch ====
  freebsd/11-stable/master
  freebsd/11.2-releng/master
  freebsd/12-stable/master
* freebsd/12.1-releng/master
  freebsd/current/master
  hardened/11-stable/master
  hardened/11.2-releng/master
  hardened/12-stable/master
  hardened/12.1-releng/master
  hardened/current/master
==== check for stale changes ====
==== update to latest origin ====
warning: Pulling without specifying how to reconcile divergent branches is
discouraged. You can squelch this message by running one of the following
commands sometime before your next pull:

  git config pull.rebase false  # merge (the default strategy)
  git config pull.rebase true   # rebase
  git config pull.ff only       # fast-forward only

You can replace "git config" with "git config --global" to set a default
preference for all repositories. You can also pass --rebase, --no-rebase,
or --ff-only on the command line to override the configured default per
invocation.

=============================
HardenedBSD Master git Server
=============================

Please note that connections and activity to this server are logged.
This server, git-01.md.hardenedbsd.org, acts as the source-of-truth
server for the HardenedBSD repositories.

Banner last updated: 10 Feb 2020 09:32 EST

Already up to date.
==== merge branches ====
==== merge freebsd/releng/12.1 branch ====
Updating b16025106fd0..b7709c88b856
Fast-forward
 UPDATING                      | 10 +++++++++
 sbin/dhclient/options.c       |  2 ++
 sys/compat/linux/linux_emul.c | 40 ++++++++++++++++++++++-------------
 sys/conf/newvers.sh           |  2 +-
 sys/netinet/sctp_input.c      |  3 +--
 sys/netinet/sctp_output.c     | 49 ++++++++++++++++++++++++++++++++++++-------
 sys/netinet/sctp_pcb.c        |  9 ++++++--
 sys/netinet/sctp_structs.h    |  1 +
 sys/netinet/sctputil.c        | 17 +++++----------
 sys/netinet/sctputil.h        |  2 +-
 10 files changed, 95 insertions(+), 40 deletions(-)
=============================
HardenedBSD Master git Server
=============================

Please note that connections and activity to this server are logged.
This server, git-01.md.hardenedbsd.org, acts as the source-of-truth
server for the HardenedBSD repositories.

Banner last updated: 10 Feb 2020 09:32 EST

remote: To github.com:HardenedBSD/hardenedBSD.git        
remote:    b16025106fd0..b7709c88b856  freebsd/12.1-releng/master -> freebsd/12.1-releng/master        
remote:    7ca30eec8eef..4dd43f1b0b53  github/hardened/12-stable/master -> github/hardened/12-stable/master        
remote: . Processing 1 references        
remote: Processed 1 references in total        
remote: 
remote: Create a new pull request for 'freebsd/12.1-releng/master':        
remote:   https://git-01.md.hardenedbsd.org/HardenedBSD/HardenedBSD/compare/hardened/current/master...freebsd/12.1-releng/master        
remote: 
To git-01.md.hardenedbsd.org:HardenedBSD/HardenedBSD.git
   b16025106fd0..b7709c88b856  freebsd/12.1-releng/master -> freebsd/12.1-releng/master
==== END: freebsd/12.1-releng/master ====
