==== BEGIN: freebsd/current/master ====
current branch: freebsd/current/master
mergeable branch: freebsd/master
==== change branch ====
Switched to branch 'freebsd/current/master'
Your branch is ahead of 'origin/freebsd/current/master' by 1 commit.
  (use "git push" to publish your local commits)
==== show current branch ====
  freebsd/11-stable/master
  freebsd/11.2-releng/master
  freebsd/12-stable/master
  freebsd/12.1-releng/master
* freebsd/current/master
  hardened/11-stable/master
  hardened/11.2-releng/master
  hardened/12-stable/master
  hardened/12.1-releng/master
  hardened/current/master
==== check for stale changes ====
==== update to latest origin ====
warning: Pulling without specifying how to reconcile divergent branches is
discouraged. You can squelch this message by running one of the following
commands sometime before your next pull:

  git config pull.rebase false  # merge (the default strategy)
  git config pull.rebase true   # rebase
  git config pull.ff only       # fast-forward only

You can replace "git config" with "git config --global" to set a default
preference for all repositories. You can also pass --rebase, --no-rebase,
or --ff-only on the command line to override the configured default per
invocation.

@@@@@@@@@@@@@@@@@@@@@@@@@@@@@@@@@@@@@@@@@@@@@@@@@@@@@@@@@@@
@    WARNING: REMOTE HOST IDENTIFICATION HAS CHANGED!     @
@@@@@@@@@@@@@@@@@@@@@@@@@@@@@@@@@@@@@@@@@@@@@@@@@@@@@@@@@@@
IT IS POSSIBLE THAT SOMEONE IS DOING SOMETHING NASTY!
Someone could be eavesdropping on you right now (man-in-the-middle attack)!
It is also possible that a host key has just been changed.
The fingerprint for the ECDSA key sent by the remote host is
SHA256:rF/Pqgek1p+z8nb/OsdRiDncgxtiGcD+t/zTgM4Jf4c.
Please contact your system administrator.
Add correct host key in /home/github-sync/.ssh/known_hosts to get rid of this message.
Offending ECDSA key in /home/github-sync/.ssh/known_hosts:2
ECDSA host key for git-01.md.hardenedbsd.org has changed and you have requested strict checking.
Host key verification failed.
fatal: Could not read from remote repository.

Please make sure you have the correct access rights
and the repository exists.
ERROR: git pull failed, try to recover
HEAD is now at 04e5d20067f9 MFV:	r363292
==== merge branches ====
==== merge freebsd/master branch ====
Updating 04e5d20067f9..643d9657a293
Fast-forward
 sys/amd64/linux/linux_dummy.c             |  1 -
 sys/amd64/linux/linux_proto.h             |  7 ++-
 sys/amd64/linux/linux_sysent.c            |  2 +-
 sys/amd64/linux/linux_systrace_args.c     | 34 +++++++++++++-
 sys/amd64/linux/syscalls.master           |  9 +++-
 sys/amd64/linux32/linux32_dummy.c         |  1 -
 sys/amd64/linux32/linux32_proto.h         |  7 ++-
 sys/amd64/linux32/linux32_sysent.c        |  2 +-
 sys/amd64/linux32/linux32_systrace_args.c | 34 +++++++++++++-
 sys/amd64/linux32/syscalls.master         |  9 +++-
 sys/arm64/linux/linux_dummy.c             |  1 -
 sys/arm64/linux/linux_proto.h             |  7 ++-
 sys/arm64/linux/linux_sysent.c            |  2 +-
 sys/arm64/linux/linux_systrace_args.c     | 34 +++++++++++++-
 sys/arm64/linux/syscalls.master           |  9 +++-
 sys/compat/linprocfs/linprocfs.c          | 74 +++++++++++++++++++++++++++++--
 sys/compat/linux/linux_file.c             | 16 ++++++-
 sys/compat/linux/linux_mib.h              |  2 +-
 sys/i386/linux/linux_dummy.c              |  1 -
 sys/i386/linux/linux_proto.h              |  7 ++-
 sys/i386/linux/linux_sysent.c             |  2 +-
 sys/i386/linux/linux_systrace_args.c      | 34 +++++++++++++-
 sys/i386/linux/syscalls.master            |  9 +++-
 sys/net/if_bridge.c                       | 18 ++++----
 sys/netinet/sctp_pcb.c                    |  3 --
 sys/sys/iommu.h                           | 13 ++++++
 sys/x86/iommu/busdma_dmar.c               | 26 ++++++-----
 sys/x86/iommu/intel_dmar.h                | 11 -----
 sys/x86/iommu/intel_drv.c                 |  2 +-
 sys/x86/iommu/intel_gas.c                 |  9 ++--
 sys/x86/iommu/intel_reg.h                 |  3 ++
 31 files changed, 326 insertions(+), 63 deletions(-)
@@@@@@@@@@@@@@@@@@@@@@@@@@@@@@@@@@@@@@@@@@@@@@@@@@@@@@@@@@@
@    WARNING: REMOTE HOST IDENTIFICATION HAS CHANGED!     @
@@@@@@@@@@@@@@@@@@@@@@@@@@@@@@@@@@@@@@@@@@@@@@@@@@@@@@@@@@@
IT IS POSSIBLE THAT SOMEONE IS DOING SOMETHING NASTY!
Someone could be eavesdropping on you right now (man-in-the-middle attack)!
It is also possible that a host key has just been changed.
The fingerprint for the ECDSA key sent by the remote host is
SHA256:rF/Pqgek1p+z8nb/OsdRiDncgxtiGcD+t/zTgM4Jf4c.
Please contact your system administrator.
Add correct host key in /home/github-sync/.ssh/known_hosts to get rid of this message.
Offending ECDSA key in /home/github-sync/.ssh/known_hosts:2
ECDSA host key for git-01.md.hardenedbsd.org has changed and you have requested strict checking.
Host key verification failed.
fatal: Could not read from remote repository.

Please make sure you have the correct access rights
and the repository exists.
==== merge failed and clean up after ====
On branch freebsd/current/master
Your branch is ahead of 'origin/freebsd/current/master' by 11 commits.
  (use "git push" to publish your local commits)

nothing to commit, working tree clean
HEAD is now at 643d9657a293 o Move iommu_test_boundary() to sys/iommu.h o Rename DMAR -> IOMMU in comments o Add IOMMU_PAGE_SIZE / IOMMU_PAGE_MASK macroses o x86 only: dmar_quirks_pre_use() / dmar_instantiate_rmrr_ctxs()
==== END: freebsd/current/master ====
