==== BEGIN: freebsd/12-stable/main ====
current branch: freebsd/12-stable/main
mergeable branch: freebsd/stable/12
==== change branch ====
Switched to branch 'freebsd/12-stable/main'
Your branch is up to date with 'origin/freebsd/12-stable/main'.
==== show current branch ====
  freebsd/11-stable/master
  freebsd/11.2-releng/master
* freebsd/12-stable/main
  freebsd/12-stable/master
  freebsd/12.1-releng/master
  freebsd/12.2-releng/master
  freebsd/current/main
  freebsd/current/master
  hardened/11-stable/master
  hardened/11.2-releng/master
  hardened/12-stable/master
  hardened/12.1-releng/master
  hardened/12.2-releng/master
  hardened/current/master
==== check for stale changes ====
==== update to latest origin ====
warning: Pulling without specifying how to reconcile divergent branches is
discouraged. You can squelch this message by running one of the following
commands sometime before your next pull:

  git config pull.rebase false  # merge (the default strategy)
  git config pull.rebase true   # rebase
  git config pull.ff only       # fast-forward only

You can replace "git config" with "git config --global" to set a default
preference for all repositories. You can also pass --rebase, --no-rebase,
or --ff-only on the command line to override the configured default per
invocation.

=============================
HardenedBSD Master git Server
=============================

Please note that connections and activity to this server are logged.
This server, git-01.md.hardenedbsd.org, acts as the source-of-truth
server for the HardenedBSD repositories.

Banner last updated: 10 Feb 2020 09:32 EST

From git-01.md.hardenedbsd.org:HardenedBSD/HardenedBSD
 + eb7575e4fd4fb...02749d938ce4e refs/notes/commits -> refs/notes/commits  (forced update)
Already up to date.
==== merge branches ====
==== merge freebsd/stable/12 branch ====
Updating fae87eeff2e3b..060bec6624fb3
Fast-forward
 contrib/libarchive/NEWS                       | 2 ++
 contrib/libarchive/libarchive/archive.h       | 4 ++--
 contrib/libarchive/libarchive/archive_entry.h | 2 +-
 usr.bin/bsdcat/Makefile                       | 3 ++-
 usr.bin/cpio/Makefile                         | 3 ++-
 usr.bin/tar/Makefile                          | 3 ++-
 6 files changed, 11 insertions(+), 6 deletions(-)
=============================
HardenedBSD Master git Server
=============================

Please note that connections and activity to this server are logged.
This server, git-01.md.hardenedbsd.org, acts as the source-of-truth
server for the HardenedBSD repositories.

Banner last updated: 10 Feb 2020 09:32 EST

remote: To github.com:HardenedBSD/hardenedBSD.git        
remote:    fae87eeff2e3..060bec6624fb  freebsd/12-stable/main -> freebsd/12-stable/main        
remote:    33f4935d295c..b691b80145d7  github/hardened/current/master -> github/hardened/current/master        
remote:  ! [remote rejected]           refs/pull/18/head -> refs/pull/18/head (deny updating a hidden ref)        
remote:  ! [remote rejected]           refs/pull/19/head -> refs/pull/19/head (deny updating a hidden ref)        
remote:  ! [remote rejected]           refs/pull/20/head -> refs/pull/20/head (deny updating a hidden ref)
remote:  ! [remote rejected]           refs/pull/21/head -> refs/pull/21/head (deny updating a hidden ref)        
remote: error: failed to push some refs to 'github.com:HardenedBSD/hardenedBSD.git'        
remote: 
remote: Create a new pull request for 'freebsd/12-stable/main':        
remote:   https://git-01.md.hardenedbsd.org/HardenedBSD/HardenedBSD/compare/hardened/current/master...freebsd/12-stable/main        
remote: 
remote: . Processing 1 references        
remote: Processed 1 references in total        
To git-01.md.hardenedbsd.org:HardenedBSD/HardenedBSD.git
   fae87eeff2e3b..060bec6624fb3  freebsd/12-stable/main -> freebsd/12-stable/main
==== END: freebsd/12-stable/main ====
