==== BEGIN: freebsd/11-stable/master ====
current branch: freebsd/11-stable/master
mergeable branch: freebsd/stable/11
==== change branch ====
Switched to branch 'freebsd/11-stable/master'
Your branch is up to date with 'origin/freebsd/11-stable/master'.
==== show current branch ====
* freebsd/11-stable/master
  freebsd/11.2-releng/master
  freebsd/12-stable/master
  freebsd/12.1-releng/master
  freebsd/current/master
  hardened/11-stable/master
  hardened/11.2-releng/master
  hardened/12-stable/master
  hardened/12.1-releng/master
  hardened/current/master
==== check for stale changes ====
==== update to latest origin ====
Already up to date.
==== merge branches ====
==== merge freebsd/stable/11 branch ====
Updating d1ed29fa9f0b..e7fcfc03ad24
Fast-forward
 lib/libusb/libusb10_hotplug.c                       | 4 +++-
 sys/compat/linuxkpi/common/include/linux/mm_types.h | 6 ++++++
 sys/dev/usb/serial/uslcom.c                         | 1 +
 sys/dev/usb/template/usb_template_audio.c           | 2 +-
 sys/dev/usb/template/usb_template_cdce.c            | 2 +-
 sys/dev/usb/template/usb_template_kbd.c             | 2 +-
 sys/dev/usb/template/usb_template_midi.c            | 2 +-
 sys/dev/usb/template/usb_template_modem.c           | 2 +-
 sys/dev/usb/template/usb_template_mouse.c           | 2 +-
 sys/dev/usb/template/usb_template_msc.c             | 2 +-
 sys/dev/usb/template/usb_template_mtp.c             | 2 +-
 sys/dev/usb/template/usb_template_phone.c           | 2 +-
 sys/dev/usb/template/usb_template_serialnet.c       | 2 +-
 sys/dev/usb/usbdevs                                 | 1 +
 sys/ofed/drivers/infiniband/ulp/ipoib/ipoib_cm.c    | 4 ++++
 15 files changed, 25 insertions(+), 11 deletions(-)
remote: To github.com:HardenedBSD/hardenedBSD.git        
remote:    d1ed29fa9f0b..e7fcfc03ad24  freebsd/11-stable/master -> freebsd/11-stable/master        
remote:    868e8009059a..ca4b2d3615ef  github/hardened/12-stable/master -> github/hardened/12-stable/master        
remote: 
remote: Create a new pull request for 'freebsd/11-stable/master':        
remote:   https://git-01.md.hardenedbsd.org/hardenedbsd/HardenedBSD/compare/hardened/current/master...freebsd/11-stable/master        
remote: 
To git-01.md.hardenedbsd.org:HardenedBSD/HardenedBSD.git
   d1ed29fa9f0b..e7fcfc03ad24  freebsd/11-stable/master -> freebsd/11-stable/master
==== END: freebsd/11-stable/master ====
