==== BEGIN: freebsd/12-stable/main ====
current branch: freebsd/12-stable/main
mergeable branch: freebsd/stable/12
==== change branch ====
Switched to branch 'freebsd/12-stable/main'
Your branch is up to date with 'origin/freebsd/12-stable/main'.
==== show current branch ====
  freebsd/11-stable/master
  freebsd/11.2-releng/master
* freebsd/12-stable/main
  freebsd/12-stable/master
  freebsd/12.1-releng/master
  freebsd/12.2-releng/master
  freebsd/current/main
  freebsd/current/master
  hardened/11-stable/master
  hardened/11.2-releng/master
  hardened/12-stable/master
  hardened/12.1-releng/master
  hardened/12.2-releng/master
  hardened/current/master
==== check for stale changes ====
==== update to latest origin ====
warning: Pulling without specifying how to reconcile divergent branches is
discouraged. You can squelch this message by running one of the following
commands sometime before your next pull:

  git config pull.rebase false  # merge (the default strategy)
  git config pull.rebase true   # rebase
  git config pull.ff only       # fast-forward only

You can replace "git config" with "git config --global" to set a default
preference for all repositories. You can also pass --rebase, --no-rebase,
or --ff-only on the command line to override the configured default per
invocation.

=============================
HardenedBSD Master git Server
=============================

Please note that connections and activity to this server are logged.
This server, git-01.md.hardenedbsd.org, acts as the source-of-truth
server for the HardenedBSD repositories.

Banner last updated: 10 Feb 2020 09:32 EST

From git-01.md.hardenedbsd.org:HardenedBSD/HardenedBSD
 + eb7575e4fd4f...02749d938ce4 refs/notes/commits -> refs/notes/commits  (forced update)
Already up to date.
==== merge branches ====
==== merge freebsd/stable/12 branch ====
Updating 25a6b709b6b6..f182d0c7e87a
Fast-forward
 secure/caroot/trusted/ACCVRAIZ1.pem                            |  2 +-
 secure/caroot/trusted/AC_RAIZ_FNMT-RCM.pem                     |  2 +-
 secure/caroot/trusted/Actalis_Authentication_Root_CA.pem       |  2 +-
 secure/caroot/trusted/AffirmTrust_Commercial.pem               |  2 +-
 secure/caroot/trusted/AffirmTrust_Networking.pem               |  2 +-
 secure/caroot/trusted/AffirmTrust_Premium.pem                  |  2 +-
 secure/caroot/trusted/AffirmTrust_Premium_ECC.pem              |  2 +-
 secure/caroot/trusted/Amazon_Root_CA_1.pem                     |  2 +-
 secure/caroot/trusted/Amazon_Root_CA_2.pem                     |  2 +-
 secure/caroot/trusted/Amazon_Root_CA_3.pem                     |  2 +-
 secure/caroot/trusted/Amazon_Root_CA_4.pem                     |  2 +-
 secure/caroot/trusted/Atos_TrustedRoot_2011.pem                |  2 +-
 ...toridad_de_Certificacion_Firmaprofesional_CIF_A62634068.pem |  2 +-
 secure/caroot/trusted/Baltimore_CyberTrust_Root.pem            |  2 +-
 secure/caroot/trusted/Buypass_Class_2_Root_CA.pem              |  2 +-
 secure/caroot/trusted/Buypass_Class_3_Root_CA.pem              |  2 +-
 secure/caroot/trusted/CA_Disig_Root_R2.pem                     |  2 +-
 secure/caroot/trusted/CFCA_EV_ROOT.pem                         |  2 +-
 secure/caroot/trusted/COMODO_Certification_Authority.pem       |  2 +-
 secure/caroot/trusted/COMODO_ECC_Certification_Authority.pem   |  2 +-
 secure/caroot/trusted/COMODO_RSA_Certification_Authority.pem   |  2 +-
 secure/caroot/trusted/Camerfirma_Chambers_of_Commerce_Root.pem |  2 +-
 secure/caroot/trusted/Camerfirma_Global_Chambersign_Root.pem   |  2 +-
 secure/caroot/trusted/Certigna.pem                             |  2 +-
 secure/caroot/trusted/Certigna_Root_CA.pem                     |  2 +-
 secure/caroot/trusted/Certum_Root_CA.pem                       |  2 +-
 secure/caroot/trusted/Certum_Trusted_Network_CA.pem            |  2 +-
 secure/caroot/trusted/Certum_Trusted_Network_CA_2.pem          |  2 +-
 secure/caroot/trusted/Chambers_of_Commerce_Root_-_2008.pem     |  2 +-
 secure/caroot/trusted/Comodo_AAA_Services_root.pem             |  2 +-
 secure/caroot/trusted/Cybertrust_Global_Root.pem               |  2 +-
 secure/caroot/trusted/D-TRUST_Root_CA_3_2013.pem               |  2 +-
 secure/caroot/trusted/D-TRUST_Root_Class_3_CA_2_2009.pem       |  2 +-
 secure/caroot/trusted/D-TRUST_Root_Class_3_CA_2_EV_2009.pem    |  2 +-
 secure/caroot/trusted/DST_Root_CA_X3.pem                       |  2 +-
 secure/caroot/trusted/DigiCert_Assured_ID_Root_CA.pem          |  2 +-
 secure/caroot/trusted/DigiCert_Assured_ID_Root_G2.pem          |  2 +-
 secure/caroot/trusted/DigiCert_Assured_ID_Root_G3.pem          |  2 +-
 secure/caroot/trusted/DigiCert_Global_Root_CA.pem              |  2 +-
 secure/caroot/trusted/DigiCert_Global_Root_G2.pem              |  2 +-
 secure/caroot/trusted/DigiCert_Global_Root_G3.pem              |  2 +-
 secure/caroot/trusted/DigiCert_High_Assurance_EV_Root_CA.pem   |  2 +-
 secure/caroot/trusted/DigiCert_Trusted_Root_G4.pem             |  2 +-
 secure/caroot/trusted/E-Tugra_Certification_Authority.pem      |  2 +-
 secure/caroot/trusted/EC-ACC.pem                               |  2 +-
 secure/caroot/trusted/Entrust_Root_Certification_Authority.pem |  2 +-
 .../trusted/Entrust_Root_Certification_Authority_-_EC1.pem     |  2 +-
 .../trusted/Entrust_Root_Certification_Authority_-_G2.pem      |  2 +-
 .../trusted/Entrust_Root_Certification_Authority_-_G4.pem      |  2 +-
 .../trusted/Entrust_net_Premium_2048_Secure_Server_CA.pem      |  2 +-
 secure/caroot/trusted/GDCA_TrustAUTH_R5_ROOT.pem               |  2 +-
 secure/caroot/trusted/GTS_Root_R1.pem                          |  2 +-
 secure/caroot/trusted/GTS_Root_R2.pem                          |  2 +-
 secure/caroot/trusted/GTS_Root_R3.pem                          |  2 +-
 secure/caroot/trusted/GTS_Root_R4.pem                          |  2 +-
 .../trusted/GeoTrust_Primary_Certification_Authority_-_G2.pem  |  2 +-
 secure/caroot/trusted/GlobalSign_ECC_Root_CA_-_R4.pem          |  2 +-
 secure/caroot/trusted/GlobalSign_ECC_Root_CA_-_R5.pem          |  2 +-
 secure/caroot/trusted/GlobalSign_Root_CA.pem                   |  2 +-
 secure/caroot/trusted/GlobalSign_Root_CA_-_R2.pem              |  2 +-
 secure/caroot/trusted/GlobalSign_Root_CA_-_R3.pem              |  2 +-
 secure/caroot/trusted/GlobalSign_Root_CA_-_R6.pem              |  2 +-
 secure/caroot/trusted/Global_Chambersign_Root_-_2008.pem       |  2 +-
 secure/caroot/trusted/Go_Daddy_Class_2_CA.pem                  |  2 +-
 .../trusted/Go_Daddy_Root_Certificate_Authority_-_G2.pem       |  2 +-
 ...enic_Academic_and_Research_Institutions_ECC_RootCA_2015.pem |  2 +-
 ...Hellenic_Academic_and_Research_Institutions_RootCA_2011.pem |  2 +-
 ...Hellenic_Academic_and_Research_Institutions_RootCA_2015.pem |  2 +-
 secure/caroot/trusted/Hongkong_Post_Root_CA_1.pem              |  2 +-
 secure/caroot/trusted/Hongkong_Post_Root_CA_3.pem              |  2 +-
 secure/caroot/trusted/ISRG_Root_X1.pem                         |  2 +-
 secure/caroot/trusted/IdenTrust_Commercial_Root_CA_1.pem       |  2 +-
 secure/caroot/trusted/IdenTrust_Public_Sector_Root_CA_1.pem    |  2 +-
 secure/caroot/trusted/Izenpe_com.pem                           |  2 +-
 secure/caroot/trusted/Microsec_e-Szigno_Root_CA_2009.pem       |  2 +-
 .../trusted/Microsoft_ECC_Root_Certificate_Authority_2017.pem  |  2 +-
 .../trusted/Microsoft_RSA_Root_Certificate_Authority_2017.pem  |  2 +-
 .../trusted/NAVER_Global_Root_Certification_Authority.pem      |  2 +-
 .../trusted/NetLock_Arany__Class_Gold__F__tan__s__tv__ny.pem   |  2 +-
 .../caroot/trusted/Network_Solutions_Certificate_Authority.pem |  2 +-
 secure/caroot/trusted/OISTE_WISeKey_Global_Root_GA_CA.pem      |  2 +-
 secure/caroot/trusted/OISTE_WISeKey_Global_Root_GB_CA.pem      |  2 +-
 secure/caroot/trusted/OISTE_WISeKey_Global_Root_GC_CA.pem      |  2 +-
 secure/caroot/trusted/QuoVadis_Root_CA.pem                     |  2 +-
 secure/caroot/trusted/QuoVadis_Root_CA_1_G3.pem                |  2 +-
 secure/caroot/trusted/QuoVadis_Root_CA_2.pem                   |  2 +-
 secure/caroot/trusted/QuoVadis_Root_CA_2_G3.pem                |  2 +-
 secure/caroot/trusted/QuoVadis_Root_CA_3.pem                   |  2 +-
 secure/caroot/trusted/QuoVadis_Root_CA_3_G3.pem                |  2 +-
 .../trusted/SSL_com_EV_Root_Certification_Authority_ECC.pem    |  2 +-
 .../trusted/SSL_com_EV_Root_Certification_Authority_RSA_R2.pem |  2 +-
 .../trusted/SSL_com_Root_Certification_Authority_ECC.pem       |  2 +-
 .../trusted/SSL_com_Root_Certification_Authority_RSA.pem       |  2 +-
 secure/caroot/trusted/SZAFIR_ROOT_CA2.pem                      |  2 +-
 secure/caroot/trusted/SecureSign_RootCA11.pem                  |  2 +-
 secure/caroot/trusted/SecureTrust_CA.pem                       |  2 +-
 secure/caroot/trusted/Secure_Global_CA.pem                     |  2 +-
 secure/caroot/trusted/Security_Communication_RootCA2.pem       |  2 +-
 secure/caroot/trusted/Security_Communication_Root_CA.pem       |  2 +-
 secure/caroot/trusted/Sonera_Class_2_Root_CA.pem               |  2 +-
 secure/caroot/trusted/Staat_der_Nederlanden_EV_Root_CA.pem     |  2 +-
 secure/caroot/trusted/Staat_der_Nederlanden_Root_CA_-_G3.pem   |  2 +-
 secure/caroot/trusted/Starfield_Class_2_CA.pem                 |  2 +-
 .../trusted/Starfield_Root_Certificate_Authority_-_G2.pem      |  2 +-
 .../Starfield_Services_Root_Certificate_Authority_-_G2.pem     |  2 +-
 secure/caroot/trusted/SwissSign_Gold_CA_-_G2.pem               |  2 +-
 secure/caroot/trusted/SwissSign_Platinum_CA_-_G2.pem           |  2 +-
 secure/caroot/trusted/SwissSign_Silver_CA_-_G2.pem             |  2 +-
 ...tec_Class_1_Public_Primary_Certification_Authority_-_G6.pem |  2 +-
 ...tec_Class_2_Public_Primary_Certification_Authority_-_G6.pem |  2 +-
 secure/caroot/trusted/T-TeleSec_GlobalRoot_Class_2.pem         |  2 +-
 secure/caroot/trusted/T-TeleSec_GlobalRoot_Class_3.pem         |  2 +-
 .../trusted/TUBITAK_Kamu_SM_SSL_Kok_Sertifikasi_-_Surum_1.pem  |  2 +-
 secure/caroot/trusted/TWCA_Global_Root_CA.pem                  |  2 +-
 secure/caroot/trusted/TWCA_Root_Certification_Authority.pem    |  2 +-
 secure/caroot/trusted/TeliaSonera_Root_CA_v1.pem               |  2 +-
 secure/caroot/trusted/TrustCor_ECA-1.pem                       |  2 +-
 secure/caroot/trusted/TrustCor_RootCert_CA-1.pem               |  2 +-
 secure/caroot/trusted/TrustCor_RootCert_CA-2.pem               |  2 +-
 secure/caroot/trusted/Trustis_FPS_Root_CA.pem                  |  2 +-
 .../trusted/Trustwave_Global_Certification_Authority.pem       |  2 +-
 .../Trustwave_Global_ECC_P256_Certification_Authority.pem      |  2 +-
 .../Trustwave_Global_ECC_P384_Certification_Authority.pem      |  2 +-
 secure/caroot/trusted/UCA_Extended_Validation_Root.pem         |  2 +-
 secure/caroot/trusted/UCA_Global_G2_Root.pem                   |  2 +-
 .../caroot/trusted/USERTrust_ECC_Certification_Authority.pem   |  2 +-
 .../caroot/trusted/USERTrust_RSA_Certification_Authority.pem   |  2 +-
 .../VeriSign_Universal_Root_Certification_Authority.pem        |  2 +-
 ...ign_Class_1_Public_Primary_Certification_Authority_-_G3.pem |  2 +-
 ...ign_Class_2_Public_Primary_Certification_Authority_-_G3.pem |  2 +-
 secure/caroot/trusted/XRamp_Global_CA_Root.pem                 |  2 +-
 secure/caroot/trusted/certSIGN_ROOT_CA.pem                     |  2 +-
 secure/caroot/trusted/certSIGN_Root_CA_G2.pem                  |  2 +-
 secure/caroot/trusted/e-Szigno_Root_CA_2017.pem                |  2 +-
 secure/caroot/trusted/ePKI_Root_Certification_Authority.pem    |  2 +-
 secure/caroot/trusted/emSign_ECC_Root_CA_-_C3.pem              |  2 +-
 secure/caroot/trusted/emSign_ECC_Root_CA_-_G3.pem              |  2 +-
 secure/caroot/trusted/emSign_Root_CA_-_C1.pem                  |  2 +-
 secure/caroot/trusted/emSign_Root_CA_-_G1.pem                  |  2 +-
 usr.sbin/jls/jls.c                                             | 10 ++--------
 140 files changed, 141 insertions(+), 147 deletions(-)
=============================
HardenedBSD Master git Server
=============================

Please note that connections and activity to this server are logged.
This server, git-01.md.hardenedbsd.org, acts as the source-of-truth
server for the HardenedBSD repositories.

Banner last updated: 10 Feb 2020 09:32 EST

remote: To github.com:HardenedBSD/hardenedBSD.git        
remote:    25a6b709b6b6..f182d0c7e87a  freebsd/12-stable/main -> freebsd/12-stable/main        
remote:    dc78533a5204..e03764d931d8  github/freebsd/current/main -> github/freebsd/current/main
remote:  ! [remote rejected]           refs/pull/18/head -> refs/pull/18/head (deny updating a hidden ref)        
remote:  ! [remote rejected]           refs/pull/19/head -> refs/pull/19/head (deny updating a hidden ref)        
remote:  ! [remote rejected]           refs/pull/20/head -> refs/pull/20/head (deny updating a hidden ref)        
remote:  ! [remote rejected]           refs/pull/21/head -> refs/pull/21/head (deny updating a hidden ref)
remote: error: failed to push some refs to 'github.com:HardenedBSD/hardenedBSD.git'        
remote: 
remote: Create a new pull request for 'freebsd/12-stable/main':        
remote:   https://git-01.md.hardenedbsd.org/HardenedBSD/HardenedBSD/compare/hardened/current/master...freebsd/12-stable/main        
remote: 
remote: . Processing 1 references        
remote: Processed 1 references in total        
To git-01.md.hardenedbsd.org:HardenedBSD/HardenedBSD.git
   25a6b709b6b6..f182d0c7e87a  freebsd/12-stable/main -> freebsd/12-stable/main
==== END: freebsd/12-stable/main ====
