==== BEGIN: freebsd/current/master ====
current branch: freebsd/current/master
mergeable branch: freebsd/master
==== change branch ====
Switched to branch 'freebsd/current/master'
Your branch is up to date with 'origin/freebsd/current/master'.
==== show current branch ====
  freebsd/11-stable/master
  freebsd/11.2-releng/master
  freebsd/12-stable/master
  freebsd/12.1-releng/master
* freebsd/current/master
  hardened/11-stable/master
  hardened/11.2-releng/master
  hardened/12-stable/master
  hardened/12.1-releng/master
  hardened/current/master
==== check for stale changes ====
==== update to latest origin ====
=============================
HardenedBSD Master git Server
=============================

Please note that connections and activity to this server are logged.
This server, git-01.md.hardenedbsd.org, acts as the source-of-truth
server for the HardenedBSD repositories.

Banner last updated: 10 Feb 2020 09:32 EST

Already up to date.
==== merge branches ====
==== merge freebsd/master branch ====
Updating dd3a1b93be89..bb85a467ceba
Fast-forward
 cddl/usr.sbin/dtrace/tests/dtrace.test.mk   |  6 ++++--
 cddl/usr.sbin/dtrace/tests/tools/exclude.sh | 17 ++++++++++++++++-
 libexec/rtld-elf/Makefile                   |  4 +---
 libexec/rtld-elf/arm/Makefile.inc           |  1 +
 sys/net/if_var.h                            |  4 +++-
 sys/net/route.c                             |  9 +++++----
 sys/netinet6/nd6.c                          |  8 ++++----
 7 files changed, 34 insertions(+), 15 deletions(-)
=============================
HardenedBSD Master git Server
=============================

Please note that connections and activity to this server are logged.
This server, git-01.md.hardenedbsd.org, acts as the source-of-truth
server for the HardenedBSD repositories.

Banner last updated: 10 Feb 2020 09:32 EST

remote: To github.com:HardenedBSD/hardenedBSD.git        
remote:    dd3a1b93be89..bb85a467ceba  freebsd/current/master -> freebsd/current/master        
remote:    16d10fd0c12f..aa7228b528e6  github/hardened/12.1-releng/master -> github/hardened/12.1-releng/master        
remote: 
remote: Create a new pull request for 'freebsd/current/master':        
remote:   https://git-01.md.hardenedbsd.org/hardenedbsd/HardenedBSD/compare/hardened/current/master...freebsd/current/master        
remote: 
To git-01.md.hardenedbsd.org:HardenedBSD/HardenedBSD.git
   dd3a1b93be89..bb85a467ceba  freebsd/current/master -> freebsd/current/master
==== END: freebsd/current/master ====
