==== BEGIN: freebsd/current/master ====
current branch: freebsd/current/master
mergeable branch: freebsd/master
==== change branch ====
Switched to branch 'freebsd/current/master'
Your branch is up to date with 'origin/freebsd/current/master'.
==== show current branch ====
  freebsd/11-stable/master
  freebsd/11.2-releng/master
  freebsd/12-stable/master
  freebsd/12.1-releng/master
* freebsd/current/master
  hardened/11-stable/master
  hardened/11.2-releng/master
  hardened/12-stable/master
  hardened/12.1-releng/master
  hardened/current/master
==== check for stale changes ====
==== update to latest origin ====
=============================
HardenedBSD Master git Server
=============================

Please note that connections and activity to this server are logged.
This server, git-01.md.hardenedbsd.org, acts as the source-of-truth
server for the HardenedBSD repositories.

Banner last updated: 10 Feb 2020 09:32 EST

Already up to date.
==== merge branches ====
==== merge freebsd/master branch ====
Updating 137e6ff28672..a3f1fa6de247
Fast-forward
 share/mk/bsd.compat.mk |   4 +-
 sys/cam/cam_periph.c   |   2 +-
 sys/sys/_smr.h         |  12 +++++
 sys/sys/smr.h          | 109 +-------------------------------------
 sys/sys/smr_types.h    | 138 +++++++++++++++++++++++++++++++++++++++++++++++++
 sys/vm/vm_radix.c      |   3 +-
 6 files changed, 157 insertions(+), 111 deletions(-)
 create mode 100644 sys/sys/smr_types.h
=============================
HardenedBSD Master git Server
=============================

Please note that connections and activity to this server are logged.
This server, git-01.md.hardenedbsd.org, acts as the source-of-truth
server for the HardenedBSD repositories.

Banner last updated: 10 Feb 2020 09:32 EST

remote: To github.com:HardenedBSD/hardenedBSD.git        
remote:    137e6ff28672..a3f1fa6de247  freebsd/current/master -> freebsd/current/master        
remote: Gitea: Internal Server Error        
remote: Failed to Update: hardenedbsd/hardenedbsd Branch: freebsd/current/master Error: newCommit.CommitsBeforeUntil: packfile not found
To git-01.md.hardenedbsd.org:HardenedBSD/HardenedBSD.git
   137e6ff28672..a3f1fa6de247  freebsd/current/master -> freebsd/current/master
==== END: freebsd/current/master ====
