==== BEGIN: freebsd/11-stable/master ====
current branch: freebsd/11-stable/master
mergeable branch: freebsd/stable/11
==== change branch ====
Switched to branch 'freebsd/11-stable/master'
Your branch is up to date with 'origin/freebsd/11-stable/master'.
==== show current branch ====
* freebsd/11-stable/master
  freebsd/11.2-releng/master
  freebsd/12-stable/master
  freebsd/12.1-releng/master
  freebsd/current/master
  hardened/11-stable/master
  hardened/11.2-releng/master
  hardened/12-stable/master
  hardened/12.1-releng/master
  hardened/current/master
==== check for stale changes ====
==== update to latest origin ====
=============================
HardenedBSD Master git Server
=============================

Please note that connections and activity to this server are logged.
This server, git-01.md.hardenedbsd.org, acts as the source-of-truth
server for the HardenedBSD repositories.

Banner last updated: 10 Feb 2020 09:32 EST

Already up to date.
==== merge branches ====
==== merge freebsd/stable/11 branch ====
Updating 301418c0d20a..9353dda1a6da
Fast-forward
 release/doc/share/xml/errata.xml   | 8 ++++++++
 release/doc/share/xml/security.xml | 7 +++++++
 2 files changed, 15 insertions(+)
=============================
HardenedBSD Master git Server
=============================

Please note that connections and activity to this server are logged.
This server, git-01.md.hardenedbsd.org, acts as the source-of-truth
server for the HardenedBSD repositories.

Banner last updated: 10 Feb 2020 09:32 EST

remote: To github.com:HardenedBSD/hardenedBSD.git        
remote:    301418c0d20a..9353dda1a6da  freebsd/11-stable/master -> freebsd/11-stable/master
remote:    ae777008eefb..2fe832531d01  github/hardened/12-stable/master -> github/hardened/12-stable/master        
remote: 
remote: Create a new pull request for 'freebsd/11-stable/master':        
remote:   https://git-01.md.hardenedbsd.org/hardenedbsd/HardenedBSD/compare/hardened/current/master...freebsd/11-stable/master        
remote: 
To git-01.md.hardenedbsd.org:HardenedBSD/HardenedBSD.git
   301418c0d20a..9353dda1a6da  freebsd/11-stable/master -> freebsd/11-stable/master
==== END: freebsd/11-stable/master ====
