==== BEGIN: freebsd/current/master ====
current branch: freebsd/current/master
mergeable branch: freebsd/master
==== change branch ====
Switched to branch 'freebsd/current/master'
Your branch is behind 'freebsd/master' by 4 commits, and can be fast-forwarded.
  (use "git pull" to update your local branch)
==== show current branch ====
  freebsd/10-stable/master
  freebsd/10.3-releng/master
  freebsd/11-stable/master
  freebsd/11.0-releng/master
  freebsd/11.1-releng/master
  freebsd/11.2-releng/master
  freebsd/12-stable/master
  freebsd/12.0-releng/master
  freebsd/12.1-releng/master
* freebsd/current/master
  hardened/10-stable/master
  hardened/10-stable/master-libressl
  hardened/10.3-releng/master
  hardened/11-stable/master
  hardened/11-stable/master-libressl
  hardened/11.0-releng/master
  hardened/11.1-releng/master
  hardened/11.2-releng/master
  hardened/12-stable/master
  hardened/12.0-releng/master
  hardened/12.1-releng/master
  hardened/current/intel-smap
  hardened/current/log
  hardened/current/master
  hardened/current/segvguard-ng
==== check for stale changes ====
==== update to latest origin ====
Updating 8c0a994441e2..8d617afff89b
Fast-forward
 sys/amd64/linux/linux_dummy.c             |    1 -
 sys/amd64/linux/linux_proto.h             |    5 +-
 sys/amd64/linux/linux_sysent.c            |    2 +-
 sys/amd64/linux/linux_systrace_args.c     |   26 +-
 sys/amd64/linux/syscalls.master           |    3 +-
 sys/amd64/linux32/linux32_dummy.c         |    1 -
 sys/amd64/linux32/linux32_proto.h         |    5 +-
 sys/amd64/linux32/linux32_sysent.c        |    2 +-
 sys/amd64/linux32/linux32_systrace_args.c |   26 +-
 sys/amd64/linux32/syscalls.master         |    3 +-
 sys/arm/linux/linux_proto.h               |    5 +-
 sys/arm/linux/linux_sysent.c              |    2 +-
 sys/arm/linux/linux_systrace_args.c       |   26 +-
 sys/arm/linux/syscalls.master             |    7 +-
 sys/arm64/linux/linux_dummy.c             |    1 -
 sys/arm64/linux/linux_proto.h             |    5 +-
 sys/arm64/linux/linux_sysent.c            |    2 +-
 sys/arm64/linux/linux_systrace_args.c     |   26 +-
 sys/arm64/linux/syscalls.master           |    7 +-
 sys/arm64/rockchip/rk_pcie.c              | 1411 +++++++++++++++++++++++++++++
 sys/arm64/rockchip/rk_pcie_phy.c          |  369 ++++++++
 sys/compat/linux/linux_file.c             |   16 +
 sys/compat/linux/linux_file.h             |    7 +
 sys/conf/files.arm64                      |    2 +
 sys/i386/linux/linux_dummy.c              |    1 -
 sys/i386/linux/linux_proto.h              |    5 +-
 sys/i386/linux/linux_sysent.c             |    2 +-
 sys/i386/linux/linux_systrace_args.c      |   26 +-
 sys/i386/linux/syscalls.master            |    3 +-
 29 files changed, 1973 insertions(+), 24 deletions(-)
 create mode 100644 sys/arm64/rockchip/rk_pcie.c
 create mode 100644 sys/arm64/rockchip/rk_pcie_phy.c
==== merge branches ====
==== merge freebsd/master branch ====
Already up to date.
To github.com:HardenedBSD/hardenedBSD.git
   8c0a994441e2..8d617afff89b  freebsd/current/master -> freebsd/current/master
==== END: freebsd/current/master ====
