==== BEGIN: freebsd/current/main ====
current branch: freebsd/current/main
mergeable branch: freebsd/main
==== change branch ====
Switched to branch 'freebsd/current/main'
Your branch is up to date with 'origin/freebsd/current/main'.
==== show current branch ====
  freebsd/11-stable/master
  freebsd/11.2-releng/master
  freebsd/12-stable/main
  freebsd/12-stable/master
  freebsd/12.1-releng/master
  freebsd/12.2-releng/master
* freebsd/current/main
  freebsd/current/master
  hardened/11-stable/master
  hardened/11.2-releng/master
  hardened/12-stable/master
  hardened/12.1-releng/master
  hardened/12.2-releng/master
  hardened/current/master
==== check for stale changes ====
==== update to latest origin ====
warning: Pulling without specifying how to reconcile divergent branches is
discouraged. You can squelch this message by running one of the following
commands sometime before your next pull:

  git config pull.rebase false  # merge (the default strategy)
  git config pull.rebase true   # rebase
  git config pull.ff only       # fast-forward only

You can replace "git config" with "git config --global" to set a default
preference for all repositories. You can also pass --rebase, --no-rebase,
or --ff-only on the command line to override the configured default per
invocation.

=============================
HardenedBSD Master git Server
=============================

Please note that connections and activity to this server are logged.
This server, git-01.md.hardenedbsd.org, acts as the source-of-truth
server for the HardenedBSD repositories.

Banner last updated: 10 Feb 2020 09:32 EST

Already up to date.
==== merge branches ====
==== merge freebsd/main branch ====
Updating 742653ebd5391..14a16fd3e7ece
Fast-forward
 .github/workflows/cross-bootstrap-tools.yml |   5 +-
 sys/contrib/rdma/krping/krping.c            |  52 ++--
 sys/dev/efidev/efidev.c                     |   8 -
 sys/dev/hwpmc/hwpmc_arm64.c                 |   8 +-
 sys/dev/hwpmc/hwpmc_armv7.c                 |  38 ++-
 sys/dev/mlx4/mlx4_core/mlx4.h               |   6 +-
 sys/dev/mlx4/mlx4_ib/mlx4_ib_main.c         |   4 +-
 sys/dev/mlx5/cq.h                           |   2 +-
 sys/dev/mlx5/device.h                       |  35 ++-
 sys/dev/mlx5/driver.h                       |  89 ++++---
 sys/dev/mlx5/mlx5_core/mlx5_core.h          |   4 +-
 sys/dev/mlx5/mlx5_core/mlx5_cq.c            |   1 +
 sys/dev/mlx5/mlx5_core/mlx5_eq.c            |  15 +-
 sys/dev/mlx5/mlx5_core/mlx5_fwdump.c        |  26 +-
 sys/dev/mlx5/mlx5_core/mlx5_health.c        |   2 +-
 sys/dev/mlx5/mlx5_core/mlx5_main.c          |  91 ++++---
 sys/dev/mlx5/mlx5_core/mlx5_uar.c           | 340 ++++++++++++++++---------
 sys/dev/mlx5/mlx5_en/en.h                   |  21 +-
 sys/dev/mlx5/mlx5_en/en_rl.h                |   1 -
 sys/dev/mlx5/mlx5_en/mlx5_en_main.c         | 110 ++++++---
 sys/dev/mlx5/mlx5_en/mlx5_en_port_buffer.c  |   2 +-
 sys/dev/mlx5/mlx5_en/mlx5_en_rl.c           |  16 +-
 sys/dev/mlx5/mlx5_en/mlx5_en_tx.c           |   2 +-
 sys/dev/mlx5/mlx5_en/port_buffer.h          |   2 +-
 sys/dev/mlx5/mlx5_ib/mlx5_ib.h              |  67 ++++-
 sys/dev/mlx5/mlx5_ib/mlx5_ib_cq.c           |  26 +-
 sys/dev/mlx5/mlx5_ib/mlx5_ib_gsi.c          |   2 +-
 sys/dev/mlx5/mlx5_ib/mlx5_ib_main.c         | 346 ++++++++++++++++++--------
 sys/dev/mlx5/mlx5_ib/mlx5_ib_qp.c           | 369 +++++++++++++---------------
 sys/dev/mlx5/mlx5_ifc.h                     |   7 +-
 sys/kern/vfs_cache.c                        |   3 +-
 sys/ofed/include/uapi/rdma/mlx5-abi.h       |  36 ++-
 sys/security/mac/mac_framework.c            |   3 +
 sys/security/mac/mac_framework.h            |  17 +-
 sys/security/mac/mac_vfs.c                  |   2 +-
 sys/sys/efiio.h                             |   7 -
 sys/sys/pmc.h                               |   2 +-
 tools/build/depend-cleanup.sh               |   6 +
 38 files changed, 1069 insertions(+), 704 deletions(-)
=============================
HardenedBSD Master git Server
=============================

Please note that connections and activity to this server are logged.
This server, git-01.md.hardenedbsd.org, acts as the source-of-truth
server for the HardenedBSD repositories.

Banner last updated: 10 Feb 2020 09:32 EST

remote: To github.com:HardenedBSD/hardenedBSD.git        
remote:    742653ebd539..14a16fd3e7ec  freebsd/current/main -> freebsd/current/main        
remote:    429c7d1ab4c0..742653ebd539  github/freebsd/current/main -> github/freebsd/current/main        
remote:  ! [remote rejected]           refs/pull/18/head -> refs/pull/18/head (deny updating a hidden ref)        
remote:  ! [remote rejected]           refs/pull/19/head -> refs/pull/19/head (deny updating a hidden ref)        
remote:  ! [remote rejected]           refs/pull/20/head -> refs/pull/20/head (deny updating a hidden ref)        
remote:  ! [remote rejected]           refs/pull/21/head -> refs/pull/21/head (deny updating a hidden ref)
remote: error: failed to push some refs to 'github.com:HardenedBSD/hardenedBSD.git'        
remote: . Processing 1 references        
remote: Processed 1 references in total        
remote: 
remote: Create a new pull request for 'freebsd/current/main':        
remote:   https://git-01.md.hardenedbsd.org/HardenedBSD/HardenedBSD/compare/hardened/current/master...freebsd/current/main        
remote: 
To git-01.md.hardenedbsd.org:HardenedBSD/HardenedBSD.git
   742653ebd5391..14a16fd3e7ece  freebsd/current/main -> freebsd/current/main
==== END: freebsd/current/main ====
