==== BEGIN: freebsd/current/master ====
current branch: freebsd/current/master
mergeable branch: freebsd/master
==== change branch ====
Switched to branch 'freebsd/current/master'
Your branch is up to date with 'origin/freebsd/current/master'.
==== show current branch ====
  freebsd/11-stable/master
  freebsd/11.2-releng/master
  freebsd/12-stable/master
  freebsd/12.1-releng/master
* freebsd/current/master
  hardened/11-stable/master
  hardened/11.2-releng/master
  hardened/12-stable/master
  hardened/12.1-releng/master
  hardened/current/master
==== check for stale changes ====
==== update to latest origin ====
=============================
HardenedBSD Master git Server
=============================

Please note that connections and activity to this server are logged.
This server, git-01.md.hardenedbsd.org, acts as the source-of-truth
server for the HardenedBSD repositories.

Banner last updated: 10 Feb 2020 09:32 EST

Already up to date.
==== merge branches ====
==== merge freebsd/master branch ====
Updating 2639cfbc0440..83e0af4c9351
Fast-forward
 share/man/man5/src.conf.5        |   6 +-
 share/mk/src.opts.mk             |   5 +-
 sys/cam/ctl/ctl_frontend_iscsi.c | 102 +++++++++++--------------
 sys/conf/config.mk               |   2 +
 sys/dev/usb/wlan/if_run.c        | 157 ++++++++++++++++++++++++++++++---------
 sys/dev/usb/wlan/if_runreg.h     |   5 --
 sys/dev/usb/wlan/if_runvar.h     |   2 -
 sys/geom/part/g_part.c           |  16 +---
 sys/geom/part/g_part_if.m        |  45 +++++++++++
 sys/modules/if_enc/Makefile      |   2 +-
 sys/modules/ipsec/Makefile       |   3 -
 sys/modules/tcp/tcpmd5/Makefile  |   3 -
 sys/net/if_enc.c                 |   1 +
 sys/net/if_ipsec.c               |   1 +
 sys/netipsec/ipsec.h             |   5 --
 sys/netipsec/ipsec_mbuf.c        |   2 +
 sys/netipsec/xform_ah.c          |   1 +
 sys/netipsec/xform_esp.c         |   1 +
 sys/netipsec/xform_ipcomp.c      |   1 +
 19 files changed, 230 insertions(+), 130 deletions(-)
=============================
HardenedBSD Master git Server
=============================

Please note that connections and activity to this server are logged.
This server, git-01.md.hardenedbsd.org, acts as the source-of-truth
server for the HardenedBSD repositories.

Banner last updated: 10 Feb 2020 09:32 EST

remote: To github.com:HardenedBSD/hardenedBSD.git        
remote:    2639cfbc0440..83e0af4c9351  freebsd/current/master -> freebsd/current/master        
remote: 
remote: Create a new pull request for 'freebsd/current/master':        
remote:   https://git-01.md.hardenedbsd.org/hardenedbsd/HardenedBSD/compare/hardened/current/master...freebsd/current/master        
remote: 
To git-01.md.hardenedbsd.org:HardenedBSD/HardenedBSD.git
   2639cfbc0440..83e0af4c9351  freebsd/current/master -> freebsd/current/master
==== END: freebsd/current/master ====
