==== BEGIN: freebsd/12-stable/master ====
current branch: freebsd/12-stable/master
mergeable branch: freebsd/stable/12
==== change branch ====
Switched to branch 'freebsd/12-stable/master'
Your branch is ahead of 'origin/freebsd/12-stable/master' by 14 commits.
  (use "git push" to publish your local commits)
==== show current branch ====
  freebsd/11-stable/master
  freebsd/11.2-releng/master
* freebsd/12-stable/master
  freebsd/12.1-releng/master
  freebsd/current/master
  hardened/11-stable/master
  hardened/11.2-releng/master
  hardened/12-stable/master
  hardened/12.1-releng/master
  hardened/current/master
==== check for stale changes ====
==== update to latest origin ====
=============================
HardenedBSD Master git Server
=============================

Please note that connections and activity to this server are logged.
This server, git-01.md.hardenedbsd.org, acts as the source-of-truth
server for the HardenedBSD repositories.

Banner last updated: 10 Feb 2020 09:32 EST

Gitea: Internal Server Error
Get http://localhost:3000/api/internal/serv/command/2/hardenedbsd/hardenedbsd?mode=1&verb=git-upload-pack: dial tcp 127.0.0.1:3000: connect: connection refused
fatal: Could not read from remote repository.

Please make sure you have the correct access rights
and the repository exists.
ERROR: git pull failed, try to recover
HEAD is now at 56cc145613cd MFC r359106: mlx5_core: lower the severity of message noting that no SR-IOV cap is present.
==== merge branches ====
==== merge freebsd/stable/12 branch ====
Updating 56cc145613cd..14f2a916b82d
Fast-forward
 cddl/contrib/opensolaris/cmd/ztest/ztest.c         |  2 +-
 .../opensolaris/uts/common/fs/zfs/sys/zil.h        |  5 +-
 .../opensolaris/uts/common/fs/zfs/sys/zil_impl.h   | 31 +++--------
 .../opensolaris/uts/common/fs/zfs/zfs_log.c        | 11 +++-
 .../contrib/opensolaris/uts/common/fs/zfs/zil.c    | 64 ++++++++++++++++++++--
 .../contrib/opensolaris/uts/common/fs/zfs/zvol.c   |  2 +-
 sys/conf/files                                     |  2 +
 sys/dev/ciss/ciss.c                                |  1 +
 8 files changed, 86 insertions(+), 32 deletions(-)
=============================
HardenedBSD Master git Server
=============================

Please note that connections and activity to this server are logged.
This server, git-01.md.hardenedbsd.org, acts as the source-of-truth
server for the HardenedBSD repositories.

Banner last updated: 10 Feb 2020 09:32 EST

Gitea: Internal Server Error
Get http://localhost:3000/api/internal/serv/command/2/hardenedbsd/hardenedbsd?mode=2&verb=git-receive-pack: dial tcp 127.0.0.1:3000: connect: connection refused
fatal: Could not read from remote repository.

Please make sure you have the correct access rights
and the repository exists.
==== merge failed and clean up after ====
On branch freebsd/12-stable/master
Your branch is ahead of 'origin/freebsd/12-stable/master' by 17 commits.
  (use "git push" to publish your local commits)

nothing to commit, working tree clean
HEAD is now at 14f2a916b82d MFC r359112: MFOpenZFS: make zil max block size tunable
==== END: freebsd/12-stable/master ====
