==== BEGIN: freebsd/current/master ====
current branch: freebsd/current/master
mergeable branch: freebsd/master
==== change branch ====
Switched to branch 'freebsd/current/master'
Your branch is up to date with 'origin/freebsd/current/master'.
==== show current branch ====
  freebsd/11-stable/master
  freebsd/11.2-releng/master
  freebsd/12-stable/master
  freebsd/12.1-releng/master
* freebsd/current/master
  hardened/11-stable/master
  hardened/11.2-releng/master
  hardened/12-stable/master
  hardened/12.1-releng/master
  hardened/current/master
==== check for stale changes ====
==== update to latest origin ====
=============================
HardenedBSD Master git Server
=============================

Please note that connections and activity to this server are logged.
This server, git-01.md.hardenedbsd.org, acts as the source-of-truth
server for the HardenedBSD repositories.

Banner last updated: 10 Feb 2020 09:32 EST

Already up to date.
==== merge branches ====
==== merge freebsd/master branch ====
Updating e152c34d2930..bc1ffb39ec82
Fast-forward
 lib/libsysdecode/Makefile                |   5 +
 share/mk/bsd.subdir.mk                   |   8 +-
 sys/fs/procfs/procfs_ioctl.c             |  43 ++++++
 sys/kern/kern_mib.c                      |  26 ++++
 sys/netinet/sctputil.c                   | 231 +++++++++++++++----------------
 sys/sys/pioctl.h                         |   4 +
 tools/build/mk/OptionalObsoleteFiles.inc |  96 +++++++++++++
 7 files changed, 293 insertions(+), 120 deletions(-)
=============================
HardenedBSD Master git Server
=============================

Please note that connections and activity to this server are logged.
This server, git-01.md.hardenedbsd.org, acts as the source-of-truth
server for the HardenedBSD repositories.

Banner last updated: 10 Feb 2020 09:32 EST

remote: To github.com:HardenedBSD/hardenedBSD.git        
remote:    e152c34d2930..bc1ffb39ec82  freebsd/current/master -> freebsd/current/master        
remote:    58be966c4ced..fb053d111572  github/hardened/12-stable/master -> github/hardened/12-stable/master        
remote: 
remote: Create a new pull request for 'freebsd/current/master':        
remote:   https://git-01.md.hardenedbsd.org/hardenedbsd/HardenedBSD/compare/hardened/current/master...freebsd/current/master        
remote: 
To git-01.md.hardenedbsd.org:HardenedBSD/HardenedBSD.git
   e152c34d2930..bc1ffb39ec82  freebsd/current/master -> freebsd/current/master
==== END: freebsd/current/master ====
