==== BEGIN: freebsd/12-stable/master ====
current branch: freebsd/12-stable/master
mergeable branch: freebsd/stable/12
==== change branch ====
Switched to branch 'freebsd/12-stable/master'
Your branch is up to date with 'origin/freebsd/12-stable/master'.
==== show current branch ====
  freebsd/11-stable/master
  freebsd/11.2-releng/master
* freebsd/12-stable/master
  freebsd/12.1-releng/master
  freebsd/current/master
  hardened/11-stable/master
  hardened/11.2-releng/master
  hardened/12-stable/master
  hardened/12.1-releng/master
  hardened/current/master
==== check for stale changes ====
==== update to latest origin ====
=============================
HardenedBSD Master git Server
=============================

Please note that connections and activity to this server are logged.
This server, git-01.md.hardenedbsd.org, acts as the source-of-truth
server for the HardenedBSD repositories.

Banner last updated: 10 Feb 2020 09:32 EST

Already up to date.
==== merge branches ====
==== merge freebsd/stable/12 branch ====
Updating 7d10f3ce2ae9..52caab1a041b
Fast-forward
 lib/libthr/thread/thr_cancel.c                     |  2 +-
 libexec/rtld-elf/aarch64/reloc.c                   | 50 +++++++++++++----
 libexec/rtld-elf/amd64/reloc.c                     | 63 ++++++++++++++-------
 libexec/rtld-elf/arm/reloc.c                       |  9 +++
 libexec/rtld-elf/i386/reloc.c                      | 59 ++++++++++++++------
 libexec/rtld-elf/mips/reloc.c                      |  9 +++
 libexec/rtld-elf/powerpc/reloc.c                   |  7 +++
 libexec/rtld-elf/powerpc64/reloc.c                 |  7 +++
 libexec/rtld-elf/riscv/reloc.c                     |  9 +++
 libexec/rtld-elf/rtld.c                            |  5 +-
 libexec/rtld-elf/rtld.h                            |  2 +
 libexec/rtld-elf/sparc64/reloc.c                   |  9 +++
 sys/amd64/vmm/io/iommu.c                           |  2 +-
 sys/amd64/vmm/vmm.c                                |  2 +-
 sys/amd64/vmm/vmm_stat.c                           |  2 +-
 sys/amd64/vmm/vmm_util.c                           |  5 +-
 sys/amd64/vmm/vmm_util.h                           |  2 +-
 sys/amd64/vmm/x86.c                                | 11 ++--
 .../contrib/opensolaris/uts/common/fs/zfs/aggsum.c | 65 +++++++++++-----------
 .../opensolaris/uts/common/fs/zfs/sys/aggsum.h     |  2 +-
 sys/dev/amd_ecc_inject/ecc_inject.c                |  3 +-
 sys/dev/amdpm/amdpm.c                              |  5 +-
 sys/dev/amdsbwd/amd_chipset.h                      |  2 +
 sys/dev/amdsbwd/amdsbwd.c                          | 10 +++-
 sys/dev/hyperv/vmbus/amd64/hyperv_machdep.c        |  1 +
 sys/dev/intpm/intpm.c                              |  2 +
 sys/dev/pci/pcireg.h                               |  2 +-
 usr.sbin/bhyve/xmsr.c                              |  8 ++-
 usr.sbin/bhyvectl/bhyvectl.c                       |  2 +
 usr.sbin/pciconf/cap.c                             | 15 +++++
 30 files changed, 271 insertions(+), 101 deletions(-)
=============================
HardenedBSD Master git Server
=============================

Please note that connections and activity to this server are logged.
This server, git-01.md.hardenedbsd.org, acts as the source-of-truth
server for the HardenedBSD repositories.

Banner last updated: 10 Feb 2020 09:32 EST

remote: To github.com:HardenedBSD/hardenedBSD.git        
remote:    7d10f3ce2ae9..52caab1a041b  freebsd/12-stable/master -> freebsd/12-stable/master        
remote: 
remote: Create a new pull request for 'freebsd/12-stable/master':        
remote:   https://git-01.md.hardenedbsd.org/hardenedbsd/HardenedBSD/compare/hardened/current/master...freebsd/12-stable/master        
remote: 
To git-01.md.hardenedbsd.org:HardenedBSD/HardenedBSD.git
   7d10f3ce2ae9..52caab1a041b  freebsd/12-stable/master -> freebsd/12-stable/master
==== END: freebsd/12-stable/master ====
