==== BEGIN: freebsd/current/master ====
current branch: freebsd/current/master
mergeable branch: freebsd/master
==== change branch ====
Switched to branch 'freebsd/current/master'
Your branch is up to date with 'origin/freebsd/current/master'.
==== show current branch ====
  freebsd/11-stable/master
  freebsd/11.2-releng/master
  freebsd/12-stable/master
  freebsd/12.1-releng/master
* freebsd/current/master
  hardened/11-stable/master
  hardened/11.2-releng/master
  hardened/12-stable/master
  hardened/12.1-releng/master
  hardened/current/master
==== check for stale changes ====
==== update to latest origin ====
=============================
HardenedBSD Master git Server
=============================

Please note that connections and activity to this server are logged.
This server, git-01.md.hardenedbsd.org, acts as the source-of-truth
server for the HardenedBSD repositories.

Banner last updated: 10 Feb 2020 09:32 EST

Already up to date.
==== merge branches ====
==== merge freebsd/master branch ====
Updating 3d7d411366f6..74a5806aa8f5
Fast-forward
 contrib/ipfilter/ipf.h                      |   2 +-
 contrib/ipfilter/tools/ipnat.c              |   1 -
 contrib/kyua/doc/kyua-about.1               |  95 ------
 contrib/kyua/doc/kyua-config.1              |  59 ----
 contrib/kyua/doc/kyua-db-exec.1             | 199 -----------
 contrib/kyua/doc/kyua-db-migrate.1          | 182 ----------
 contrib/kyua/doc/kyua-debug.1               | 398 ----------------------
 contrib/kyua/doc/kyua-help.1                |  64 ----
 contrib/kyua/doc/kyua-list.1                | 232 -------------
 contrib/kyua/doc/kyua-report-html.1         | 253 --------------
 contrib/kyua/doc/kyua-report-junit.1        | 237 -------------
 contrib/kyua/doc/kyua-report.1              | 307 -----------------
 contrib/kyua/doc/kyua-test.1                | 498 ----------------------------
 contrib/kyua/doc/kyua.1                     | 400 ----------------------
 contrib/kyua/doc/kyua.conf.5                | 141 --------
 contrib/kyua/doc/kyuafile.5                 | 407 -----------------------
 sbin/iscontrol/iscontrol.c                  |   3 +
 sbin/iscontrol/iscontrol.h                  |   4 +-
 stand/efi/libefi/efi_console.c              |  37 ++-
 stand/libsa/stand.h                         |   9 +-
 stand/libsa/zfs/zfs.c                       |  10 +-
 stand/userboot/userboot/libuserboot.h       |   2 +-
 sys/netinet/sctp_usrreq.c                   |   4 +-
 usr.bin/calendar/calendars/calendar.holiday |   2 +-
 usr.bin/kyua/Makefile                       |  14 +
 usr.bin/systat/swap.c                       |   2 -
 26 files changed, 66 insertions(+), 3496 deletions(-)
 delete mode 100644 contrib/kyua/doc/kyua-about.1
 delete mode 100644 contrib/kyua/doc/kyua-config.1
 delete mode 100644 contrib/kyua/doc/kyua-db-exec.1
 delete mode 100644 contrib/kyua/doc/kyua-db-migrate.1
 delete mode 100644 contrib/kyua/doc/kyua-debug.1
 delete mode 100644 contrib/kyua/doc/kyua-help.1
 delete mode 100644 contrib/kyua/doc/kyua-list.1
 delete mode 100644 contrib/kyua/doc/kyua-report-html.1
 delete mode 100644 contrib/kyua/doc/kyua-report-junit.1
 delete mode 100644 contrib/kyua/doc/kyua-report.1
 delete mode 100644 contrib/kyua/doc/kyua-test.1
 delete mode 100644 contrib/kyua/doc/kyua.1
 delete mode 100644 contrib/kyua/doc/kyua.conf.5
 delete mode 100644 contrib/kyua/doc/kyuafile.5
=============================
HardenedBSD Master git Server
=============================

Please note that connections and activity to this server are logged.
This server, git-01.md.hardenedbsd.org, acts as the source-of-truth
server for the HardenedBSD repositories.

Banner last updated: 10 Feb 2020 09:32 EST

remote: To github.com:HardenedBSD/hardenedBSD.git        
remote:    3d7d411366f6..74a5806aa8f5  freebsd/current/master -> freebsd/current/master        
remote: 
remote: Create a new pull request for 'freebsd/current/master':        
remote:   https://git-01.md.hardenedbsd.org/hardenedbsd/HardenedBSD/compare/hardened/current/master...freebsd/current/master        
remote: 
To git-01.md.hardenedbsd.org:HardenedBSD/HardenedBSD.git
   3d7d411366f6..74a5806aa8f5  freebsd/current/master -> freebsd/current/master
==== END: freebsd/current/master ====
