==== BEGIN: freebsd/11-stable/master ====
current branch: freebsd/11-stable/master
mergeable branch: freebsd/stable/11
==== change branch ====
Switched to branch 'freebsd/11-stable/master'
Your branch is up to date with 'origin/freebsd/11-stable/master'.
==== show current branch ====
* freebsd/11-stable/master
  freebsd/11.2-releng/master
  freebsd/12-stable/master
  freebsd/12.1-releng/master
  freebsd/current/master
  hardened/11-stable/master
  hardened/11.2-releng/master
  hardened/12-stable/master
  hardened/12.1-releng/master
  hardened/current/master
==== check for stale changes ====
==== update to latest origin ====
=============================
HardenedBSD Master git Server
=============================

Please note that connections and activity to this server are logged.
This server, git-01.md.hardenedbsd.org, acts as the source-of-truth
server for the HardenedBSD repositories.

Banner last updated: 10 Feb 2020 09:32 EST

Already up to date.
==== merge branches ====
==== merge freebsd/stable/11 branch ====
Updating 4daf6f897fc7..d9b6f5822b2e
Fast-forward
 contrib/ipfilter/man/ipfstat.8                  |  3 +-
 lib/libusbhid/parse.c                           | 34 +++++------
 sys/compat/linuxkpi/common/include/linux/srcu.h |  4 ++
 sys/dev/usb/usb_device.c                        |  2 +-
 sys/dev/usb/usb_hid.c                           | 52 ++++++++---------
 sys/dev/usb/usb_transfer.c                      | 75 +++++++++++++++++++++++++
 sys/dev/usb/usbdi.h                             |  3 +
 sys/netgraph/bluetooth/drivers/ubt/ng_ubt.c     |  7 ++-
 8 files changed, 132 insertions(+), 48 deletions(-)
=============================
HardenedBSD Master git Server
=============================

Please note that connections and activity to this server are logged.
This server, git-01.md.hardenedbsd.org, acts as the source-of-truth
server for the HardenedBSD repositories.

Banner last updated: 10 Feb 2020 09:32 EST

remote: To github.com:HardenedBSD/hardenedBSD.git        
remote:    4daf6f897fc7..d9b6f5822b2e  freebsd/11-stable/master -> freebsd/11-stable/master        
remote:    ddd979415b0e..7670a0d126b1  github/hardened/12-stable/master -> github/hardened/12-stable/master        
remote: 
remote: Create a new pull request for 'freebsd/11-stable/master':        
remote:   https://git-01.md.hardenedbsd.org/hardenedbsd/HardenedBSD/compare/hardened/current/master...freebsd/11-stable/master        
remote: 
To git-01.md.hardenedbsd.org:HardenedBSD/HardenedBSD.git
   4daf6f897fc7..d9b6f5822b2e  freebsd/11-stable/master -> freebsd/11-stable/master
==== END: freebsd/11-stable/master ====
