==== BEGIN: freebsd/current/master ====
current branch: freebsd/current/master
mergeable branch: freebsd/master
==== change branch ====
Switched to branch 'freebsd/current/master'
Your branch is behind 'freebsd/master' by 11 commits, and can be fast-forwarded.
  (use "git pull" to update your local branch)
==== show current branch ====
  freebsd/10-stable/master
  freebsd/10.3-releng/master
  freebsd/11-stable/master
  freebsd/11.0-releng/master
  freebsd/11.1-releng/master
  freebsd/11.2-releng/master
  freebsd/12-stable/master
  freebsd/12.0-releng/master
  freebsd/12.1-releng/master
* freebsd/current/master
  hardened/10-stable/master
  hardened/10-stable/master-libressl
  hardened/10.3-releng/master
  hardened/11-stable/master
  hardened/11-stable/master-libressl
  hardened/11.0-releng/master
  hardened/11.1-releng/master
  hardened/11.2-releng/master
  hardened/12-stable/master
  hardened/12.0-releng/master
  hardened/12.1-releng/master
  hardened/current/intel-smap
  hardened/current/log
  hardened/current/master
  hardened/current/segvguard-ng
==== check for stale changes ====
==== update to latest origin ====
Updating 5b3e917aa9bd..d4bb55b4fc04
Fast-forward
 sbin/camcontrol/camcontrol.c                   |  22 +-
 stand/libsa/zfs/zfsimpl.c                      | 697 ++++++++++++++++---------
 sys/arm/arm/elf_machdep.c                      |  12 +-
 sys/arm/arm/unwind.c                           | 302 ++++++++---
 sys/arm/include/stack.h                        |   8 +
 sys/arm64/arm64/pmap.c                         |   6 +-
 sys/cddl/boot/zfs/zfsimpl.h                    |  10 +-
 sys/cddl/boot/zfs/zfssubr.c                    |  10 +-
 sys/cddl/compat/opensolaris/sys/proc.h         |   1 -
 sys/compat/linux/linux_fork.c                  |   4 -
 sys/compat/linuxkpi/common/src/linux_kthread.c |   1 -
 sys/compat/linuxkpi/common/src/linux_rcu.c     |  10 +-
 sys/dev/dpaa/bman_portals.c                    |   3 +-
 sys/dev/dpaa/qman_portals.c                    |   3 +-
 sys/dev/ocs_fc/ocs_os.c                        |   2 +
 sys/kern/init_main.c                           |   1 -
 sys/kern/kern_clock.c                          |   3 +-
 sys/kern/kern_fork.c                           |   1 -
 sys/kern/kern_intr.c                           |  19 +-
 sys/kern/kern_kthread.c                        |   4 +-
 sys/kern/kern_linker.c                         |   4 +
 sys/kern/kern_mutex.c                          |  21 +-
 sys/kern/kern_poll.c                           |   3 +-
 sys/kern/kern_resource.c                       |  25 +-
 sys/kern/kern_sig.c                            |  51 +-
 sys/kern/kern_switch.c                         |   3 +-
 sys/kern/kern_synch.c                          |  54 +-
 sys/kern/kern_thr.c                            |   1 -
 sys/kern/kern_thread.c                         |  62 ++-
 sys/kern/link_elf.c                            |  53 ++
 sys/kern/sched_4bsd.c                          | 109 ++--
 sys/kern/sched_ule.c                           | 205 ++++----
 sys/kern/subr_epoch.c                          |  10 +-
 sys/kern/subr_gtaskqueue.c                     |   1 -
 sys/kern/subr_pcpu.c                           |   5 +-
 sys/kern/subr_sleepqueue.c                     | 247 ++++-----
 sys/kern/subr_taskqueue.c                      |   1 -
 sys/kern/subr_trap.c                           |   3 +-
 sys/kern/subr_turnstile.c                      |  64 ++-
 sys/kern/vfs_bio.c                             |   3 +-
 sys/mips/nlm/cms.c                             |   9 +-
 sys/powerpc/mpc85xx/fsl_sata.c                 |  35 +-
 sys/powerpc/powernv/opal.h                     |   1 +
 sys/powerpc/powernv/platform_powernv.c         |  11 +
 sys/sys/linker.h                               |   5 +
 sys/sys/proc.h                                 |  29 +-
 sys/sys/resourcevar.h                          |   1 +
 sys/sys/sched.h                                |  13 +-
 sys/vm/vm_swapout.c                            |   7 +-
 usr.bin/uniq/uniq.1                            |  24 +-
 usr.bin/uniq/uniq.c                            |  44 +-
 51 files changed, 1375 insertions(+), 848 deletions(-)
==== merge branches ====
==== merge freebsd/master branch ====
Already up to date.
To github.com:HardenedBSD/hardenedBSD.git
   5b3e917aa9bd..d4bb55b4fc04  freebsd/current/master -> freebsd/current/master
==== END: freebsd/current/master ====
