==== BEGIN: freebsd/current/master ====
current branch: freebsd/current/master
mergeable branch: freebsd/master
==== change branch ====
Switched to branch 'freebsd/current/master'
Your branch is up to date with 'origin/freebsd/current/master'.
==== show current branch ====
  freebsd/11-stable/master
  freebsd/11.2-releng/master
  freebsd/12-stable/master
  freebsd/12.1-releng/master
* freebsd/current/master
  hardened/11-stable/master
  hardened/11.2-releng/master
  hardened/12-stable/master
  hardened/12.1-releng/master
  hardened/current/master
==== check for stale changes ====
==== update to latest origin ====
warning: Pulling without specifying how to reconcile divergent branches is
discouraged. You can squelch this message by running one of the following
commands sometime before your next pull:

  git config pull.rebase false  # merge (the default strategy)
  git config pull.rebase true   # rebase
  git config pull.ff only       # fast-forward only

You can replace "git config" with "git config --global" to set a default
preference for all repositories. You can also pass --rebase, --no-rebase,
or --ff-only on the command line to override the configured default per
invocation.

=============================
HardenedBSD Master git Server
=============================

Please note that connections and activity to this server are logged.
This server, git-01.md.hardenedbsd.org, acts as the source-of-truth
server for the HardenedBSD repositories.

Banner last updated: 10 Feb 2020 09:32 EST

Already up to date.
==== merge branches ====
==== merge freebsd/master branch ====
Updating e77e27faf148..4fb039b8f74a
Fast-forward
 contrib/nvi/man/vi.1                      |    6 +-
 sys/amd64/linux/linux_proto.h             |    6 +
 sys/amd64/linux/linux_sysent.c            |  858 ++++++++++----------
 sys/amd64/linux32/linux32_proto.h         |    6 +
 sys/amd64/linux32/linux32_sysent.c        |  858 ++++++++++----------
 sys/arm/linux/linux_proto.h               |    6 +
 sys/arm/linux/linux_sysent.c              |  814 +++++++++----------
 sys/arm64/linux/linux_proto.h             |    6 +
 sys/arm64/linux/linux_sysent.c            |  584 +++++++-------
 sys/compat/cloudabi32/cloudabi32_proto.h  |   13 +
 sys/compat/cloudabi32/cloudabi32_sysent.c |   98 +--
 sys/compat/cloudabi64/cloudabi64_proto.h  |   13 +
 sys/compat/cloudabi64/cloudabi64_sysent.c |   98 +--
 sys/compat/freebsd32/freebsd32_proto.h    |    6 +
 sys/compat/freebsd32/freebsd32_sysent.c   | 1206 ++++++++++++++---------------
 sys/dev/extres/syscon/syscon_generic.c    |   24 +-
 sys/dev/extres/syscon/syscon_generic.h    |    4 +
 sys/dev/fdt/simplebus.c                   |   39 +-
 sys/dev/fdt/simplebus.h                   |    2 +
 sys/i386/linux/linux_proto.h              |    6 +
 sys/i386/linux/linux_sysent.c             |  858 ++++++++++----------
 sys/kern/init_sysent.c                    | 1182 ++++++++++++++--------------
 sys/netinet/cc/cc_newreno.c               |    7 +
 sys/netinet/tcp.h                         |    2 +
 sys/netinet/tcp_output.c                  |   14 +
 sys/netinet/tcp_subr.c                    |   13 +-
 sys/sys/sysproto.h                        |    6 +
 sys/tools/makesyscalls.lua                |   27 +-
 28 files changed, 3458 insertions(+), 3304 deletions(-)
=============================
HardenedBSD Master git Server
=============================

Please note that connections and activity to this server are logged.
This server, git-01.md.hardenedbsd.org, acts as the source-of-truth
server for the HardenedBSD repositories.

Banner last updated: 10 Feb 2020 09:32 EST

remote: To github.com:HardenedBSD/hardenedBSD.git        
remote:    e77e27faf148..4fb039b8f74a  freebsd/current/master -> freebsd/current/master        
remote:    5039ec0bf2d3..e156fdc3d121  github/hardened/12-stable/master -> github/hardened/12-stable/master        
remote: 
remote: Create a new pull request for 'freebsd/current/master':        
remote:   https://git-01.md.hardenedbsd.org/HardenedBSD/HardenedBSD/compare/hardened/current/master...freebsd/current/master        
remote: 
remote: . Processing 1 references        
remote: Processed 1 references in total        
To git-01.md.hardenedbsd.org:HardenedBSD/HardenedBSD.git
   e77e27faf148..4fb039b8f74a  freebsd/current/master -> freebsd/current/master
==== END: freebsd/current/master ====
