==== BEGIN: freebsd/current/master ====
current branch: freebsd/current/master
mergeable branch: freebsd/master
==== change branch ====
Switched to branch 'freebsd/current/master'
Your branch is up to date with 'origin/freebsd/current/master'.
==== show current branch ====
  freebsd/11-stable/master
  freebsd/11.2-releng/master
  freebsd/12-stable/master
  freebsd/12.1-releng/master
* freebsd/current/master
  hardened/11-stable/master
  hardened/11.2-releng/master
  hardened/12-stable/master
  hardened/12.1-releng/master
  hardened/current/master
==== check for stale changes ====
==== update to latest origin ====
=============================
HardenedBSD Master git Server
=============================

Please note that connections and activity to this server are logged.
This server, git-01.md.hardenedbsd.org, acts as the source-of-truth
server for the HardenedBSD repositories.

Banner last updated: 10 Feb 2020 09:32 EST

Already up to date.
==== merge branches ====
==== merge freebsd/master branch ====
Updating 192053a93a07..7d7c4f74f010
Fast-forward
 sys/kern/kern_sendfile.c          |  55 ++++++++++++-----
 sys/vm/vm_page.c                  |  11 +++-
 sys/vm/vm_page.h                  |   4 +-
 usr.bin/diff/diff.c               |  31 +++++++---
 usr.bin/diff/tests/diff_test.sh   |   9 ++-
 usr.sbin/bluetooth/hccontrol/le.c | 127 ++++++++++++++++++++++++++------------
 6 files changed, 166 insertions(+), 71 deletions(-)
=============================
HardenedBSD Master git Server
=============================

Please note that connections and activity to this server are logged.
This server, git-01.md.hardenedbsd.org, acts as the source-of-truth
server for the HardenedBSD repositories.

Banner last updated: 10 Feb 2020 09:32 EST

remote: To github.com:HardenedBSD/hardenedBSD.git        
remote:    192053a93a07..7d7c4f74f010  freebsd/current/master -> freebsd/current/master
remote:    710be9794b62..62bcca3e81ff  github/freebsd/12-stable/master -> github/freebsd/12-stable/master        
remote: 
remote: Create a new pull request for 'freebsd/current/master':        
remote:   https://git-01.md.hardenedbsd.org/hardenedbsd/HardenedBSD/compare/hardened/current/master...freebsd/current/master        
remote: 
To git-01.md.hardenedbsd.org:HardenedBSD/HardenedBSD.git
   192053a93a07..7d7c4f74f010  freebsd/current/master -> freebsd/current/master
==== END: freebsd/current/master ====
