==== BEGIN: freebsd/current/main ====
current branch: freebsd/current/main
mergeable branch: freebsd/main
==== change branch ====
Switched to branch 'freebsd/current/main'
Your branch is up to date with 'origin/freebsd/current/main'.
==== show current branch ====
  freebsd/11-stable/master
  freebsd/11.2-releng/master
  freebsd/12-stable/main
  freebsd/12-stable/master
  freebsd/12.1-releng/master
  freebsd/12.2-releng/master
* freebsd/current/main
  freebsd/current/master
  hardened/11-stable/master
  hardened/11.2-releng/master
  hardened/12-stable/master
  hardened/12.1-releng/master
  hardened/12.2-releng/master
  hardened/current/master
==== check for stale changes ====
==== update to latest origin ====
warning: Pulling without specifying how to reconcile divergent branches is
discouraged. You can squelch this message by running one of the following
commands sometime before your next pull:

  git config pull.rebase false  # merge (the default strategy)
  git config pull.rebase true   # rebase
  git config pull.ff only       # fast-forward only

You can replace "git config" with "git config --global" to set a default
preference for all repositories. You can also pass --rebase, --no-rebase,
or --ff-only on the command line to override the configured default per
invocation.

=============================
HardenedBSD Master git Server
=============================

Please note that connections and activity to this server are logged.
This server, git-01.md.hardenedbsd.org, acts as the source-of-truth
server for the HardenedBSD repositories.

Banner last updated: 10 Feb 2020 09:32 EST

Already up to date.
==== merge branches ====
==== merge freebsd/main branch ====
Updating 009c1100e59bb..fda7daf06301b
Fast-forward
 sbin/pfctl/Makefile                 |   3 -
 sbin/pfctl/pf_ruleset.c             | 343 +++++++++++++++++++++
 sys/arm64/broadcom/genet/if_genet.c |   1 +
 sys/net/pfvar.h                     | 479 ++++++++---------------------
 sys/netpfil/pf/if_pflog.c           |   6 +-
 sys/netpfil/pf/if_pfsync.c          |   8 +-
 sys/netpfil/pf/pf.c                 | 310 +++++++++++--------
 sys/netpfil/pf/pf.h                 | 438 ++++++++++++++++++++++++++
 sys/netpfil/pf/pf_if.c              | 248 ++++++++++-----
 sys/netpfil/pf/pf_ioctl.c           | 598 ++++++++++++++++++++++++++----------
 sys/netpfil/pf/pf_lb.c              |  44 +--
 sys/netpfil/pf/pf_norm.c            |  40 +--
 sys/netpfil/pf/pf_ruleset.c         | 137 ++++-----
 sys/netpfil/pf/pf_table.c           |  36 +--
 usr.sbin/devinfo/devinfo.c          |   2 +-
 15 files changed, 1808 insertions(+), 885 deletions(-)
 create mode 100644 sbin/pfctl/pf_ruleset.c
=============================
HardenedBSD Master git Server
=============================

Please note that connections and activity to this server are logged.
This server, git-01.md.hardenedbsd.org, acts as the source-of-truth
server for the HardenedBSD repositories.

Banner last updated: 10 Feb 2020 09:32 EST

remote: To github.com:HardenedBSD/hardenedBSD.git        
remote:    009c1100e59b..fda7daf06301  freebsd/current/main -> freebsd/current/main        
remote:    204743c4e015..b56567d277dd  github/hardened/12-stable/master -> github/hardened/12-stable/master
remote:  ! [remote rejected]           refs/pull/18/head -> refs/pull/18/head (deny updating a hidden ref)
remote:  ! [remote rejected]           refs/pull/19/head -> refs/pull/19/head (deny updating a hidden ref)        
remote:  ! [remote rejected]           refs/pull/20/head -> refs/pull/20/head (deny updating a hidden ref)        
remote:  ! [remote rejected]           refs/pull/21/head -> refs/pull/21/head (deny updating a hidden ref)        
remote: error: failed to push some refs to 'github.com:HardenedBSD/hardenedBSD.git'        
remote: . Processing 1 references        
remote: Processed 1 references in total        
remote: 
remote: Create a new pull request for 'freebsd/current/main':        
remote:   https://git-01.md.hardenedbsd.org/HardenedBSD/HardenedBSD/compare/hardened/current/master...freebsd/current/main        
remote: 
To git-01.md.hardenedbsd.org:HardenedBSD/HardenedBSD.git
   009c1100e59bb..fda7daf06301b  freebsd/current/main -> freebsd/current/main
==== END: freebsd/current/main ====
