==== BEGIN: freebsd/12-stable/master ====
current branch: freebsd/12-stable/master
mergeable branch: freebsd/stable/12
==== change branch ====
Switched to branch 'freebsd/12-stable/master'
Your branch is up to date with 'origin/freebsd/12-stable/master'.
==== show current branch ====
  freebsd/11-stable/master
  freebsd/11.2-releng/master
* freebsd/12-stable/master
  freebsd/12.1-releng/master
  freebsd/current/master
  hardened/11-stable/master
  hardened/11.2-releng/master
  hardened/12-stable/master
  hardened/12.1-releng/master
  hardened/current/master
==== check for stale changes ====
==== update to latest origin ====
Already up to date.
==== merge branches ====
==== merge freebsd/stable/12 branch ====
Updating abd68bf6e44..2f3ddf7b072
Fast-forward
 sys/net/if.c              | 110 +++++++++++++++++++---------------------------
 sys/net/route.c           |  17 +++----
 sys/ufs/ffs/ffs_softdep.c |  13 +++++-
 3 files changed, 66 insertions(+), 74 deletions(-)
remote: To github.com:HardenedBSD/hardenedBSD.git        
remote:    abd68bf6e447..2f3ddf7b072e  freebsd/12-stable/master -> freebsd/12-stable/master        
remote:    ca3fb8df08da..179cf7596ab1  github/hardened/current/master -> github/hardened/current/master        
remote: 
remote: Create a new pull request for 'freebsd/12-stable/master':        
remote:   https://git-01.md.hardenedbsd.org/hardenedbsd/HardenedBSD/compare/hardened/current/master...freebsd/12-stable/master        
remote: 
To git-01.md.hardenedbsd.org:HardenedBSD/HardenedBSD.git
   abd68bf6e44..2f3ddf7b072  freebsd/12-stable/master -> freebsd/12-stable/master
==== END: freebsd/12-stable/master ====
