==== BEGIN: freebsd/current/master ====
current branch: freebsd/current/master
mergeable branch: freebsd/master
==== change branch ====
Switched to branch 'freebsd/current/master'
Your branch is up to date with 'origin/freebsd/current/master'.
==== show current branch ====
  freebsd/11-stable/master
  freebsd/11.2-releng/master
  freebsd/12-stable/master
  freebsd/12.1-releng/master
* freebsd/current/master
  hardened/11-stable/master
  hardened/11.2-releng/master
  hardened/12-stable/master
  hardened/12.1-releng/master
  hardened/current/master
==== check for stale changes ====
==== update to latest origin ====
warning: Pulling without specifying how to reconcile divergent branches is
discouraged. You can squelch this message by running one of the following
commands sometime before your next pull:

  git config pull.rebase false  # merge (the default strategy)
  git config pull.rebase true   # rebase
  git config pull.ff only       # fast-forward only

You can replace "git config" with "git config --global" to set a default
preference for all repositories. You can also pass --rebase, --no-rebase,
or --ff-only on the command line to override the configured default per
invocation.

=============================
HardenedBSD Master git Server
=============================

Please note that connections and activity to this server are logged.
This server, git-01.md.hardenedbsd.org, acts as the source-of-truth
server for the HardenedBSD repositories.

Banner last updated: 10 Feb 2020 09:32 EST

Already up to date.
==== merge branches ====
==== merge freebsd/master branch ====
Updating 44cb56905d59..f34a89bb8228
Fast-forward
 share/man/man4/Makefile        |   1 +
 share/man/man4/tcp.4           |   1 +
 share/man/man4/tcp_bbr.4       | 168 +++++++++++++++++++++++++++++++++++++++++
 share/man/man9/crypto_buffer.9 |  12 ++-
 sys/fs/fuse/fuse_io.c          |  16 ++--
 sys/kern/subr_acl_nfs4.c       |   7 +-
 tests/sys/fs/fusefs/write.cc   |  70 +++++++++++++++++
 usr.bin/which/which.1          |  44 ++++++++++-
 usr.sbin/daemon/daemon.8       |   2 +-
 9 files changed, 307 insertions(+), 14 deletions(-)
 create mode 100644 share/man/man4/tcp_bbr.4
=============================
HardenedBSD Master git Server
=============================

Please note that connections and activity to this server are logged.
This server, git-01.md.hardenedbsd.org, acts as the source-of-truth
server for the HardenedBSD repositories.

Banner last updated: 10 Feb 2020 09:32 EST

remote: To github.com:HardenedBSD/hardenedBSD.git        
remote:    44cb56905d59..f34a89bb8228  freebsd/current/master -> freebsd/current/master        
remote:    93be5c54e9ce..5039ec0bf2d3  github/hardened/12-stable/master -> github/hardened/12-stable/master        
remote: 
remote: Create a new pull request for 'freebsd/current/master':        
remote:   https://git-01.md.hardenedbsd.org/HardenedBSD/HardenedBSD/compare/hardened/current/master...freebsd/current/master        
remote: 
remote: . Processing 1 references        
remote: Processed 1 references in total        
To git-01.md.hardenedbsd.org:HardenedBSD/HardenedBSD.git
   44cb56905d59..f34a89bb8228  freebsd/current/master -> freebsd/current/master
==== END: freebsd/current/master ====
