==== BEGIN: freebsd/current/master ====
current branch: freebsd/current/master
mergeable branch: freebsd/master
==== change branch ====
Switched to branch 'freebsd/current/master'
Your branch is up to date with 'origin/freebsd/current/master'.
==== show current branch ====
  freebsd/11-stable/master
  freebsd/11.2-releng/master
  freebsd/12-stable/master
  freebsd/12.1-releng/master
* freebsd/current/master
  hardened/11-stable/master
  hardened/11.2-releng/master
  hardened/12-stable/master
  hardened/12.1-releng/master
  hardened/current/master
==== check for stale changes ====
==== update to latest origin ====
Already up to date.
==== merge branches ====
==== merge freebsd/master branch ====
Updating b30c2b017787..7119b7bfe6d9
Fast-forward
 sys/conf/Makefile.mips          |  3 ---
 sys/conf/Makefile.powerpc       |  1 -
 sys/conf/kern.post.mk           |  3 +--
 sys/dev/mrsas/mrsas_cam.c       | 15 ++++++++-------
 sys/dev/sound/pci/emu10k1.c     | 11 ++++++-----
 sys/dev/sound/pci/emu10kx-pcm.c |  3 ++-
 sys/netinet/ip_divert.c         |  2 ++
 7 files changed, 19 insertions(+), 19 deletions(-)
remote: To github.com:HardenedBSD/hardenedBSD.git        
remote:    b30c2b017787..7119b7bfe6d9  freebsd/current/master -> freebsd/current/master        
remote: Gitea: Internal Server Error        
remote: Failed to Update: hardenedbsd/hardenedbsd Branch: freebsd/current/master Error: newCommit.CommitsBeforeUntil: packfile not found
To git-01.md.hardenedbsd.org:HardenedBSD/HardenedBSD.git
   b30c2b017787..7119b7bfe6d9  freebsd/current/master -> freebsd/current/master
==== END: freebsd/current/master ====
