==== BEGIN: freebsd/current/master ====
current branch: freebsd/current/master
mergeable branch: freebsd/master
==== change branch ====
Switched to branch 'freebsd/current/master'
Your branch is behind 'freebsd/master' by 10 commits, and can be fast-forwarded.
  (use "git pull" to update your local branch)
==== show current branch ====
  freebsd/10-stable/master
  freebsd/10.3-releng/master
  freebsd/11-stable/master
  freebsd/11.0-releng/master
  freebsd/11.1-releng/master
  freebsd/11.2-releng/master
  freebsd/12-stable/master
  freebsd/12.0-releng/master
  freebsd/12.1-releng/master
* freebsd/current/master
  hardened/10-stable/master
  hardened/10-stable/master-libressl
  hardened/10.3-releng/master
  hardened/11-stable/master
  hardened/11-stable/master-libressl
  hardened/11.0-releng/master
  hardened/11.1-releng/master
  hardened/11.2-releng/master
  hardened/12-stable/master
  hardened/12.0-releng/master
  hardened/12.1-releng/master
  hardened/current/intel-smap
  hardened/current/log
  hardened/current/master
  hardened/current/segvguard-ng
==== check for stale changes ====
==== update to latest origin ====
Updating 44276fa9107b..5d1408ea6296
Fast-forward
 lib/geom/part/gpart.8            | 10 +++++++++-
 share/man/man9/Makefile          |  4 ++--
 share/man/man9/bitset.9          | 14 +++++++-------
 share/man/man9/cpuset.9          |  8 ++++----
 stand/common/devopen.c           |  5 ++---
 stand/common/vdisk.c             |  4 ++--
 sys/geom/part/g_part.c           |  4 ++++
 sys/geom/part/g_part.h           |  2 ++
 sys/geom/part/g_part_if.m        |  2 +-
 sys/i386/i386/vm_machdep.c       |  2 +-
 sys/kern/kern_cpuset.c           |  2 +-
 sys/kern/kern_rmlock.c           |  2 +-
 sys/kern/sched_4bsd.c            |  4 ++--
 sys/kern/sched_ule.c             |  2 +-
 sys/kern/subr_kdb.c              |  2 +-
 sys/netpfil/ipfw/ip_fw2.c        | 30 ++++++++++++++++++++++--------
 sys/sparc64/sparc64/mp_machdep.c |  2 +-
 sys/sys/bitset.h                 |  4 ++--
 sys/sys/cpuset.h                 |  2 +-
 sys/sys/domainset.h              |  2 +-
 sys/vm/uma_core.c                | 37 ++++++++++++++++++++++++++++++++-----
 sys/x86/x86/cpu_machdep.c        |  2 +-
 22 files changed, 100 insertions(+), 46 deletions(-)
==== merge branches ====
==== merge freebsd/master branch ====
Already up to date.
To github.com:HardenedBSD/hardenedBSD.git
   44276fa9107b..5d1408ea6296  freebsd/current/master -> freebsd/current/master
==== END: freebsd/current/master ====
