==== BEGIN: freebsd/12-stable/master ====
current branch: freebsd/12-stable/master
mergeable branch: freebsd/stable/12
==== change branch ====
Switched to branch 'freebsd/12-stable/master'
Your branch is up to date with 'origin/freebsd/12-stable/master'.
==== show current branch ====
  freebsd/11-stable/master
  freebsd/11.2-releng/master
* freebsd/12-stable/master
  freebsd/12.1-releng/master
  freebsd/current/master
  hardened/11-stable/master
  hardened/11.2-releng/master
  hardened/12-stable/master
  hardened/12.1-releng/master
  hardened/current/master
==== check for stale changes ====
==== update to latest origin ====
=============================
HardenedBSD Master git Server
=============================

Please note that connections and activity to this server are logged.
This server, git-01.md.hardenedbsd.org, acts as the source-of-truth
server for the HardenedBSD repositories.

Banner last updated: 10 Feb 2020 09:32 EST

Already up to date.
==== merge branches ====
==== merge freebsd/stable/12 branch ====
Updating 490cff4832f9..e424903600fe
Fast-forward
 share/man/man4/man4.i386/ctau.4                |  8 +++++++-
 share/man/man4/man4.i386/cx.4                  |  8 +++++++-
 share/man/man9/iflibtxrx.9                     | 12 ++++++------
 sys/compat/freebsd32/freebsd32_systrace_args.c |  2 +-
 sys/compat/freebsd32/syscalls.master           |  2 +-
 sys/dev/ctau/if_ct.c                           |  1 +
 sys/dev/cx/if_cx.c                             |  1 +
 sys/dev/usb/net/if_muge.c                      |  4 ++--
 sys/kern/syscalls.master                       |  2 +-
 sys/kern/systrace_args.c                       |  2 +-
 10 files changed, 28 insertions(+), 14 deletions(-)
=============================
HardenedBSD Master git Server
=============================

Please note that connections and activity to this server are logged.
This server, git-01.md.hardenedbsd.org, acts as the source-of-truth
server for the HardenedBSD repositories.

Banner last updated: 10 Feb 2020 09:32 EST

remote: To github.com:HardenedBSD/hardenedBSD.git        
remote:    490cff4832f9..e424903600fe  freebsd/12-stable/master -> freebsd/12-stable/master        
remote: 
remote: Create a new pull request for 'freebsd/12-stable/master':        
remote:   https://git-01.md.hardenedbsd.org/hardenedbsd/HardenedBSD/compare/hardened/current/master...freebsd/12-stable/master        
remote: 
To git-01.md.hardenedbsd.org:HardenedBSD/HardenedBSD.git
   490cff4832f9..e424903600fe  freebsd/12-stable/master -> freebsd/12-stable/master
==== END: freebsd/12-stable/master ====
