==== BEGIN: freebsd/current/master ====
current branch: freebsd/current/master
mergeable branch: freebsd/master
==== change branch ====
Switched to branch 'freebsd/current/master'
Your branch is up to date with 'origin/freebsd/current/master'.
==== show current branch ====
  freebsd/11-stable/master
  freebsd/11.2-releng/master
  freebsd/12-stable/master
  freebsd/12.1-releng/master
* freebsd/current/master
  hardened/11-stable/master
  hardened/11.2-releng/master
  hardened/12-stable/master
  hardened/12.1-releng/master
  hardened/current/master
==== check for stale changes ====
==== update to latest origin ====
Already up to date.
==== merge branches ====
==== merge freebsd/master branch ====
Updating d629f559dd35..9aa583df2066
Fast-forward
 libexec/rtld-elf/rtld-libc/Makefile.inc  |  6 +++---
 libexec/rtld-elf/rtld.c                  | 22 ----------------------
 sys/fs/fuse/fuse_node.c                  |  3 ++-
 sys/fs/nfsserver/nfs_nfsdcache.c         |  6 +++---
 sys/fs/nfsserver/nfs_nfsdport.c          |  6 +++---
 sys/fs/tmpfs/tmpfs_subr.c                |  5 +++--
 sys/kern/uipc_domain.c                   |  3 +--
 sys/kern/uipc_ktls.c                     |  2 ++
 sys/kern/vfs_default.c                   |  8 ++++++--
 sys/net/if.c                             |  2 --
 sys/net/if_var.h                         |  6 ------
 sys/netgraph/ng_base.c                   |  4 ++++
 sys/netinet/in_pcb.h                     |  2 --
 sys/netinet/tcp_ratelimit.c              |  6 ++++--
 sys/sys/epoch.h                          | 10 ++++++++++
 usr.sbin/bsdinstall/bsdinstall           |  8 +++++---
 usr.sbin/bsdinstall/bsdinstall.8         | 10 +++++++---
 usr.sbin/bsdinstall/partedit/gpart_ops.c |  5 +++--
 usr.sbin/bsdinstall/partedit/partedit.c  | 16 +++++++++++++++-
 usr.sbin/bsdinstall/partedit/partedit.h  |  2 ++
 usr.sbin/bsdinstall/scripts/bootconfig   | 10 ++++++----
 usr.sbin/bsdinstall/scripts/mount        |  2 +-
 usr.sbin/bsdinstall/scripts/script       | 10 ++++++----
 usr.sbin/bsdinstall/scripts/umount       |  2 +-
 usr.sbin/bsdinstall/scripts/zfsboot      |  7 ++++---
 25 files changed, 91 insertions(+), 72 deletions(-)
remote: To github.com:HardenedBSD/hardenedBSD.git        
remote:    d629f559dd35..9aa583df2066  freebsd/current/master -> freebsd/current/master        
remote:    2ccf8247ba31..2298c2a4d06a  github/hardened/12-stable/master -> github/hardened/12-stable/master        
remote: 
remote: Create a new pull request for 'freebsd/current/master':        
remote:   https://git-01.md.hardenedbsd.org/hardenedbsd/HardenedBSD/compare/hardened/current/master...freebsd/current/master        
remote: 
To git-01.md.hardenedbsd.org:HardenedBSD/HardenedBSD.git
   d629f559dd35..9aa583df2066  freebsd/current/master -> freebsd/current/master
==== END: freebsd/current/master ====
