==== BEGIN: freebsd/12-stable/master ====
current branch: freebsd/12-stable/master
mergeable branch: freebsd/stable/12
==== change branch ====
Switched to branch 'freebsd/12-stable/master'
Your branch is up to date with 'origin/freebsd/12-stable/master'.
==== show current branch ====
  freebsd/11-stable/master
  freebsd/11.2-releng/master
* freebsd/12-stable/master
  freebsd/12.1-releng/master
  freebsd/current/master
  hardened/11-stable/master
  hardened/11.2-releng/master
  hardened/12-stable/master
  hardened/12.1-releng/master
  hardened/current/master
==== check for stale changes ====
==== update to latest origin ====
=============================
HardenedBSD Master git Server
=============================

Please note that connections and activity to this server are logged.
This server, git-01.md.hardenedbsd.org, acts as the source-of-truth
server for the HardenedBSD repositories.

Banner last updated: 10 Feb 2020 09:32 EST

Already up to date.
==== merge branches ====
==== merge freebsd/stable/12 branch ====
Updating 88809c2491e9..c240b276f48b
Fast-forward
 lib/libc/sys/procctl.2         |   4 +-
 sbin/nvmecontrol/firmware.c    |  10 +--
 sbin/nvmecontrol/identify.c    |   4 +-
 sbin/nvmecontrol/logpage.c     |   4 +-
 sbin/nvmecontrol/ns.c          | 160 +++++++++++++++++++++++++++++++----------
 sbin/nvmecontrol/nsid.c        |   2 +-
 sbin/nvmecontrol/nvmecontrol.c |  13 ++--
 sbin/nvmecontrol/nvmecontrol.h |   2 +-
 sbin/nvmecontrol/power.c       |  10 ++-
 sbin/nvmecontrol/reset.c       |  10 ++-
 sbin/nvmecontrol/resv.c        |   8 +--
 11 files changed, 163 insertions(+), 64 deletions(-)
=============================
HardenedBSD Master git Server
=============================

Please note that connections and activity to this server are logged.
This server, git-01.md.hardenedbsd.org, acts as the source-of-truth
server for the HardenedBSD repositories.

Banner last updated: 10 Feb 2020 09:32 EST

remote: To github.com:HardenedBSD/hardenedBSD.git        
remote:    88809c2491e9..c240b276f48b  freebsd/12-stable/master -> freebsd/12-stable/master        
remote: 
remote: Create a new pull request for 'freebsd/12-stable/master':        
remote:   https://git-01.md.hardenedbsd.org/hardenedbsd/HardenedBSD/compare/hardened/current/master...freebsd/12-stable/master        
remote: 
To git-01.md.hardenedbsd.org:HardenedBSD/HardenedBSD.git
   88809c2491e9..c240b276f48b  freebsd/12-stable/master -> freebsd/12-stable/master
==== END: freebsd/12-stable/master ====
