==== BEGIN: freebsd/current/master ====
current branch: freebsd/current/master
mergeable branch: freebsd/master
==== change branch ====
Switched to branch 'freebsd/current/master'
Your branch is up to date with 'origin/freebsd/current/master'.
==== show current branch ====
  freebsd/11-stable/master
  freebsd/11.2-releng/master
  freebsd/12-stable/master
  freebsd/12.1-releng/master
* freebsd/current/master
  hardened/11-stable/master
  hardened/11.2-releng/master
  hardened/12-stable/master
  hardened/12.1-releng/master
  hardened/current/master
==== check for stale changes ====
==== update to latest origin ====
warning: Pulling without specifying how to reconcile divergent branches is
discouraged. You can squelch this message by running one of the following
commands sometime before your next pull:

  git config pull.rebase false  # merge (the default strategy)
  git config pull.rebase true   # rebase
  git config pull.ff only       # fast-forward only

You can replace "git config" with "git config --global" to set a default
preference for all repositories. You can also pass --rebase, --no-rebase,
or --ff-only on the command line to override the configured default per
invocation.

=============================
HardenedBSD Master git Server
=============================

Please note that connections and activity to this server are logged.
This server, git-01.md.hardenedbsd.org, acts as the source-of-truth
server for the HardenedBSD repositories.

Banner last updated: 10 Feb 2020 09:32 EST

Already up to date.
==== merge branches ====
==== merge freebsd/master branch ====
Updating dec227e1843d..63ef518e34d5
Fast-forward
 bin/ps/print.c                 |   9 +-
 include/time.h                 |  14 +-
 lib/libpmc/libpmc_pmu_util.c   |   6 +-
 release/tools/vmimage.subr     |   5 +
 stand/defs.mk                  |   3 +-
 sys/amd64/amd64/apic_vector.S  |  60 +----
 sys/amd64/amd64/db_interface.c |   1 -
 sys/amd64/amd64/machdep.c      |   1 +
 sys/amd64/amd64/mp_machdep.c   | 490 +++++++++++++++++++++++++++++++++++------
 sys/amd64/include/pcpu.h       |   9 +-
 sys/amd64/include/smp.h        |  26 +--
 sys/arm64/arm64/trap.c         |  14 +-
 sys/dev/hwpmc/hwpmc_amd.c      |  11 +-
 sys/dev/hwpmc/hwpmc_intel.c    |   4 +-
 sys/i386/i386/mp_machdep.c     | 220 ++++++++++++++++++
 sys/i386/include/smp.h         |  11 +
 sys/kern/vfs_cache.c           | 159 +++++++------
 sys/netinet/sctp_asconf.c      | 164 ++++++--------
 sys/netinet/sctp_input.c       |   8 +-
 sys/sys/rtprio.h               |   1 +
 sys/sys/time.h                 |   4 +
 sys/x86/include/apicvar.h      |   3 +-
 sys/x86/include/x86_smp.h      |   8 -
 sys/x86/x86/mp_x86.c           | 235 --------------------
 sys/x86/xen/xen_apic.c         |  82 ++-----
 25 files changed, 906 insertions(+), 642 deletions(-)
=============================
HardenedBSD Master git Server
=============================

Please note that connections and activity to this server are logged.
This server, git-01.md.hardenedbsd.org, acts as the source-of-truth
server for the HardenedBSD repositories.

Banner last updated: 10 Feb 2020 09:32 EST

remote: To github.com:HardenedBSD/hardenedBSD.git        
remote:    dec227e1843d..63ef518e34d5  freebsd/current/master -> freebsd/current/master        
remote:    0a125b4ff417..a570ce0645e0  github/hardened/12-stable/master -> github/hardened/12-stable/master        
remote: Gitea: Internal Server Error        
remote: Failed to Update: hardenedbsd/hardenedbsd Branch: freebsd/current/master Error: gitRepo.GetCommit: packfile not found        
To git-01.md.hardenedbsd.org:HardenedBSD/HardenedBSD.git
   dec227e1843d..63ef518e34d5  freebsd/current/master -> freebsd/current/master
==== END: freebsd/current/master ====
