==== BEGIN: freebsd/12-stable/master ====
current branch: freebsd/12-stable/master
mergeable branch: freebsd/stable/12
==== change branch ====
Switched to branch 'freebsd/12-stable/master'
Your branch is up to date with 'origin/freebsd/12-stable/master'.
==== show current branch ====
  freebsd/11-stable/master
  freebsd/11.2-releng/master
* freebsd/12-stable/master
  freebsd/12.1-releng/master
  freebsd/current/master
  hardened/11-stable/master
  hardened/11.2-releng/master
  hardened/12-stable/master
  hardened/12.1-releng/master
  hardened/current/master
==== check for stale changes ====
==== update to latest origin ====
Already up to date.
==== merge branches ====
==== merge freebsd/stable/12 branch ====
Updating b7a39f5a699..c52c8f7ffab
Fast-forward
 sys/sys/elf_common.h      |   4 ++
 usr.sbin/inetd/Makefile   |   1 -
 usr.sbin/inetd/builtins.c |  14 ++--
 usr.sbin/inetd/inetd.c    | 170 ++++++++++++++++++++++++----------------------
 usr.sbin/inetd/inetd.h    |  12 +++-
 5 files changed, 112 insertions(+), 89 deletions(-)
remote: To github.com:HardenedBSD/hardenedBSD.git        
remote:    b7a39f5a6998..c52c8f7ffab2  freebsd/12-stable/master -> freebsd/12-stable/master        
remote:    24ac2fb6ec06..6f1b6d76b5a4  github/freebsd/current/master -> github/freebsd/current/master        
remote: 
remote: Create a new pull request for 'freebsd/12-stable/master':        
remote:   https://git-01.md.hardenedbsd.org/hardenedbsd/HardenedBSD/compare/hardened/current/master...freebsd/12-stable/master        
remote: 
To git-01.md.hardenedbsd.org:HardenedBSD/HardenedBSD.git
   b7a39f5a699..c52c8f7ffab  freebsd/12-stable/master -> freebsd/12-stable/master
==== END: freebsd/12-stable/master ====
