==== BEGIN: freebsd/current/master ====
current branch: freebsd/current/master
mergeable branch: freebsd/master
==== change branch ====
Switched to branch 'freebsd/current/master'
Your branch is up to date with 'origin/freebsd/current/master'.
==== show current branch ====
  freebsd/11-stable/master
  freebsd/11.2-releng/master
  freebsd/12-stable/master
  freebsd/12.1-releng/master
* freebsd/current/master
  hardened/11-stable/master
  hardened/11.2-releng/master
  hardened/12-stable/master
  hardened/12.1-releng/master
  hardened/current/master
==== check for stale changes ====
==== update to latest origin ====
Already up to date.
==== merge branches ====
==== merge freebsd/master branch ====
Updating 26a90b3ee812..db4368b6b8e7
Fast-forward
 libexec/rc/rc.d/netoptions      |   2 +-
 share/man/man4/md.4             |  10 +-
 share/man/man9/zone.9           |  32 ++--
 stand/fdt/fdt_loader_cmd.c      |  40 ++++-
 stand/fdt/fdt_platform.h        |   3 +-
 stand/uboot/fdt/uboot_fdt.c     |   5 +-
 sys/arm/arm/busdma_machdep-v6.c |   2 +-
 sys/kern/uipc_shm.c             |  12 +-
 sys/net/if.c                    |  27 +--
 sys/vm/uma.h                    |  29 ++--
 sys/vm/uma_core.c               | 372 +++++++++++++++++++---------------------
 sys/vm/uma_int.h                | 107 +++++++-----
 12 files changed, 334 insertions(+), 307 deletions(-)
remote: To github.com:HardenedBSD/hardenedBSD.git        
remote:    26a90b3ee812..db4368b6b8e7  freebsd/current/master -> freebsd/current/master        
remote:    7b5393e5a0ce..011abbd7f242  github/freebsd/11-stable/master -> github/freebsd/11-stable/master        
remote: 
remote: Create a new pull request for 'freebsd/current/master':        
remote:   https://git-01.md.hardenedbsd.org/hardenedbsd/HardenedBSD/compare/hardened/current/master...freebsd/current/master        
remote: 
To git-01.md.hardenedbsd.org:HardenedBSD/HardenedBSD.git
   26a90b3ee812..db4368b6b8e7  freebsd/current/master -> freebsd/current/master
==== END: freebsd/current/master ====
