==== BEGIN: freebsd/12-stable/master ====
current branch: freebsd/12-stable/master
mergeable branch: freebsd/stable/12
==== change branch ====
Switched to branch 'freebsd/12-stable/master'
Your branch is up to date with 'origin/freebsd/12-stable/master'.
==== show current branch ====
  freebsd/11-stable/master
  freebsd/11.2-releng/master
* freebsd/12-stable/master
  freebsd/12.1-releng/master
  freebsd/current/master
  hardened/11-stable/master
  hardened/11.2-releng/master
  hardened/12-stable/master
  hardened/12.1-releng/master
  hardened/current/master
==== check for stale changes ====
==== update to latest origin ====
=============================
HardenedBSD Master git Server
=============================

Please note that connections and activity to this server are logged.
This server, git-01.md.hardenedbsd.org, acts as the source-of-truth
server for the HardenedBSD repositories.

Banner last updated: 10 Feb 2020 09:32 EST

Already up to date.
==== merge branches ====
==== merge freebsd/stable/12 branch ====
Updating c3956a357f7e..e8e0de87f480
Fast-forward
 bin/sh/miscbltin.c                 |  74 +++++++-
 contrib/sendmail/src/tls.c         |  51 ++---
 share/man/man4/Makefile            |   1 +
 share/man/man4/acpi_battery.4      | 380 +++++++++++++++++++++++++++++++++++++
 share/vt/keymaps/jp.capsctrl.kbd   |   2 +-
 share/vt/keymaps/jp.kbd            |   2 +-
 sys/dev/acpica/acpi_battery.c      | 140 ++++++++------
 sys/dev/acpica/acpi_cmbat.c        | 254 +++++++++++++++++--------
 sys/dev/acpica/acpi_if.m           |   9 +-
 sys/dev/acpica/acpi_package.c      |  13 ++
 sys/dev/acpica/acpi_smbat.c        |  52 ++---
 sys/dev/acpica/acpiio.h            |  93 ++++++++-
 sys/dev/acpica/acpivar.h           |   6 +-
 sys/dev/rtwn/pci/rtwn_pci_attach.c |  13 +-
 sys/dev/rtwn/pci/rtwn_pci_attach.h |   1 -
 sys/netinet6/icmp6.c               |  33 ++--
 usr.sbin/acpi/acpiconf/acpiconf.c  |  61 ++++--
 17 files changed, 949 insertions(+), 236 deletions(-)
 create mode 100644 share/man/man4/acpi_battery.4
=============================
HardenedBSD Master git Server
=============================

Please note that connections and activity to this server are logged.
This server, git-01.md.hardenedbsd.org, acts as the source-of-truth
server for the HardenedBSD repositories.

Banner last updated: 10 Feb 2020 09:32 EST

remote: To github.com:HardenedBSD/hardenedBSD.git        
remote:    c3956a357f7e..e8e0de87f480  freebsd/12-stable/master -> freebsd/12-stable/master        
remote: 
remote: Create a new pull request for 'freebsd/12-stable/master':        
remote:   https://git-01.md.hardenedbsd.org/hardenedbsd/HardenedBSD/compare/hardened/current/master...freebsd/12-stable/master        
remote: 
To git-01.md.hardenedbsd.org:HardenedBSD/HardenedBSD.git
   c3956a357f7e..e8e0de87f480  freebsd/12-stable/master -> freebsd/12-stable/master
==== END: freebsd/12-stable/master ====
