==== BEGIN: freebsd/current/master ====
current branch: freebsd/current/master
mergeable branch: freebsd/master
==== change branch ====
Switched to branch 'freebsd/current/master'
Your branch is up to date with 'origin/freebsd/current/master'.
==== show current branch ====
  freebsd/11-stable/master
  freebsd/11.2-releng/master
  freebsd/12-stable/master
  freebsd/12.1-releng/master
* freebsd/current/master
  hardened/11-stable/master
  hardened/11.2-releng/master
  hardened/12-stable/master
  hardened/12.1-releng/master
  hardened/current/master
==== check for stale changes ====
==== update to latest origin ====
Already up to date.
==== merge branches ====
==== merge freebsd/master branch ====
Updating bea10e942ea1..14c5035597f5
Fast-forward
 sys/arm64/rockchip/clk/rk3328_cru.c | 99 +++++++++++++++++++++++++++++++++++++
 sys/arm64/rockchip/rk_dwc3.c        | 31 +++++++-----
 sys/dev/bnxt/bnxt_hwrm.c            | 12 +++--
 sys/dev/ixgbe/if_ix.c               | 11 ++---
 usr.sbin/ypldap/ber.c               |  1 +
 5 files changed, 132 insertions(+), 22 deletions(-)
remote: To github.com:HardenedBSD/hardenedBSD.git        
remote:    bea10e942ea1..14c5035597f5  freebsd/current/master -> freebsd/current/master        
remote:    daa76218f617..611f1bbbe9b3  github/freebsd/12-stable/master -> github/freebsd/12-stable/master        
remote: 
remote: Create a new pull request for 'freebsd/current/master':        
remote:   https://git-01.md.hardenedbsd.org/hardenedbsd/HardenedBSD/compare/hardened/current/master...freebsd/current/master        
remote: 
To git-01.md.hardenedbsd.org:HardenedBSD/HardenedBSD.git
   bea10e942ea1..14c5035597f5  freebsd/current/master -> freebsd/current/master
==== END: freebsd/current/master ====
