==== BEGIN: freebsd/current/master ====
current branch: freebsd/current/master
mergeable branch: freebsd/master
==== change branch ====
Switched to branch 'freebsd/current/master'
Your branch is behind 'freebsd/master' by 7 commits, and can be fast-forwarded.
  (use "git pull" to update your local branch)
==== show current branch ====
  freebsd/10-stable/master
  freebsd/10.3-releng/master
  freebsd/11-stable/master
  freebsd/11.0-releng/master
  freebsd/11.1-releng/master
  freebsd/11.2-releng/master
  freebsd/12-stable/master
  freebsd/12.0-releng/master
  freebsd/12.1-releng/master
* freebsd/current/master
  hardened/10-stable/master
  hardened/10-stable/master-libressl
  hardened/10.3-releng/master
  hardened/11-stable/master
  hardened/11-stable/master-libressl
  hardened/11.0-releng/master
  hardened/11.1-releng/master
  hardened/11.2-releng/master
  hardened/12-stable/master
  hardened/12.0-releng/master
  hardened/12.1-releng/master
  hardened/current/intel-smap
  hardened/current/log
  hardened/current/master
  hardened/current/segvguard-ng
==== check for stale changes ====
==== update to latest origin ====
Updating 88521dc5d511..5fc9cad2022f
Fast-forward
 lib/libc/powerpcspe/gen/fpsetmask.c                |  2 +-
 lib/libc/powerpcspe/gen/fpsetround.c               |  2 +-
 .../pmu-events/arch/s390/cf_z13/extended.json      |  2 +-
 .../pmu-events/arch/s390/cf_z14/extended.json      |  2 +-
 lib/msun/powerpc/fenv.h                            | 57 ++++++++-------
 libexec/rtld-elf/map_object.c                      | 11 +--
 sys/arm64/rockchip/rk_pinctrl.c                    | 62 +++++++++++++----
 sys/modules/ipfw_nat64/Makefile                    |  1 +
 sys/netpfil/ipfw/nat64/nat64_translate.c           | 80 ++++++++++++++++++----
 sys/powerpc/aim/mmu_oea64.c                        |  6 ++
 sys/powerpc/booke/spe.c                            |  2 +-
 11 files changed, 163 insertions(+), 64 deletions(-)
==== merge branches ====
==== merge freebsd/master branch ====
Already up to date.
To github.com:HardenedBSD/hardenedBSD.git
   88521dc5d511..5fc9cad2022f  freebsd/current/master -> freebsd/current/master
==== END: freebsd/current/master ====
