==== BEGIN: freebsd/current/master ====
current branch: freebsd/current/master
mergeable branch: freebsd/master
==== change branch ====
Switched to branch 'freebsd/current/master'
Your branch is up to date with 'origin/freebsd/current/master'.
==== show current branch ====
  freebsd/11-stable/master
  freebsd/11.2-releng/master
  freebsd/12-stable/master
  freebsd/12.1-releng/master
* freebsd/current/master
  hardened/11-stable/master
  hardened/11.2-releng/master
  hardened/12-stable/master
  hardened/12.1-releng/master
  hardened/current/master
==== check for stale changes ====
==== update to latest origin ====
=============================
HardenedBSD Master git Server
=============================

Please note that connections and activity to this server are logged.
This server, git-01.md.hardenedbsd.org, acts as the source-of-truth
server for the HardenedBSD repositories.

Banner last updated: 10 Feb 2020 09:32 EST

Already up to date.
==== merge branches ====
==== merge freebsd/master branch ====
Updating 2666f1994ea7..36c40e1e936d
Fast-forward
 sys/amd64/amd64/pmap.c                             |   8 +-
 sys/amd64/include/atomic.h                         |  18 +-
 .../contrib/opensolaris/uts/common/fs/zfs/dmu.c    |   6 +-
 .../opensolaris/uts/common/fs/zfs/zfs_vnops.c      |  46 +-
 sys/dev/drm2/ttm/ttm_tt.c                          |   9 +-
 sys/dev/md/md.c                                    |   4 +-
 sys/dev/mmc/host/dwmmc.c                           |   2 +-
 sys/kern/kern_exec.c                               |  10 +-
 sys/kern/kern_sendfile.c                           |  16 +-
 sys/kern/uipc_shm.c                                |  14 +-
 sys/kern/vfs_bio.c                                 |  32 +-
 sys/sys/sysctl.h                                   |   3 +-
 sys/sys/sysent.h                                   |   2 +-
 sys/vm/vm_glue.c                                   |   4 +-
 sys/vm/vm_object.c                                 |  12 +-
 sys/vm/vm_page.c                                   |  22 +
 sys/vm/vm_page.h                                   |   1 +
 usr.sbin/services_mkdb/services                    | 762 +++++----------------
 18 files changed, 272 insertions(+), 699 deletions(-)
=============================
HardenedBSD Master git Server
=============================

Please note that connections and activity to this server are logged.
This server, git-01.md.hardenedbsd.org, acts as the source-of-truth
server for the HardenedBSD repositories.

Banner last updated: 10 Feb 2020 09:32 EST

remote: To github.com:HardenedBSD/hardenedBSD.git        
remote:    2666f1994ea7..36c40e1e936d  freebsd/current/master -> freebsd/current/master        
remote:    9fb37ad1f341..e0e265681a73  github/freebsd/11-stable/master -> github/freebsd/11-stable/master        
remote: 
remote: Create a new pull request for 'freebsd/current/master':        
remote:   https://git-01.md.hardenedbsd.org/hardenedbsd/HardenedBSD/compare/hardened/current/master...freebsd/current/master        
remote: 
To git-01.md.hardenedbsd.org:HardenedBSD/HardenedBSD.git
   2666f1994ea7..36c40e1e936d  freebsd/current/master -> freebsd/current/master
==== END: freebsd/current/master ====
