==== BEGIN: freebsd/current/master ====
current branch: freebsd/current/master
mergeable branch: freebsd/master
==== change branch ====
Switched to branch 'freebsd/current/master'
Your branch is up to date with 'origin/freebsd/current/master'.
==== show current branch ====
  freebsd/11-stable/master
  freebsd/11.2-releng/master
  freebsd/12-stable/master
  freebsd/12.1-releng/master
* freebsd/current/master
  hardened/11-stable/master
  hardened/11.2-releng/master
  hardened/12-stable/master
  hardened/12.1-releng/master
  hardened/current/master
==== check for stale changes ====
==== update to latest origin ====
=============================
HardenedBSD Master git Server
=============================

Please note that connections and activity to this server are logged.
This server, git-01.md.hardenedbsd.org, acts as the source-of-truth
server for the HardenedBSD repositories.

Banner last updated: 10 Feb 2020 09:32 EST

Already up to date.
==== merge branches ====
==== merge freebsd/master branch ====
Updating c8333ec2b803..24269e6315ff
Fast-forward
 Makefile                | 36 ++++++++++++++++++++++--------------
 share/man/man7/build.7  | 31 +++++++++++++++++++++++++++++--
 sys/dev/ahci/ahci.c     | 20 ++++++++++++++++++++
 sys/dev/ahci/ahci.h     |  7 +++++++
 sys/dev/ahci/ahci_pci.c |  2 ++
 sys/netinet6/nd6_nbr.c  |  6 ++++++
 6 files changed, 86 insertions(+), 16 deletions(-)
=============================
HardenedBSD Master git Server
=============================

Please note that connections and activity to this server are logged.
This server, git-01.md.hardenedbsd.org, acts as the source-of-truth
server for the HardenedBSD repositories.

Banner last updated: 10 Feb 2020 09:32 EST

remote: To github.com:HardenedBSD/hardenedBSD.git        
remote:    c8333ec2b803..24269e6315ff  freebsd/current/master -> freebsd/current/master        
remote: Gitea: Internal Server Error        
remote: Failed to Update: hardenedbsd/hardenedbsd Branch: freebsd/current/master Error: newCommit.CommitsBeforeUntil: packfile not found        
To git-01.md.hardenedbsd.org:HardenedBSD/HardenedBSD.git
   c8333ec2b803..24269e6315ff  freebsd/current/master -> freebsd/current/master
==== END: freebsd/current/master ====
