==== BEGIN: freebsd/12-stable/master ====
current branch: freebsd/12-stable/master
mergeable branch: freebsd/stable/12
==== change branch ====
Switched to branch 'freebsd/12-stable/master'
Your branch is behind 'freebsd/stable/12' by 3 commits, and can be fast-forwarded.
  (use "git pull" to update your local branch)
==== show current branch ====
  freebsd/10-stable/master
  freebsd/10.3-releng/master
  freebsd/11-stable/master
  freebsd/11.0-releng/master
  freebsd/11.1-releng/master
  freebsd/11.2-releng/master
* freebsd/12-stable/master
  freebsd/12.0-releng/master
  freebsd/12.1-releng/master
  freebsd/current/master
  hardened/10-stable/master
  hardened/10-stable/master-libressl
  hardened/10.3-releng/master
  hardened/11-stable/master
  hardened/11-stable/master-libressl
  hardened/11.0-releng/master
  hardened/11.1-releng/master
  hardened/11.2-releng/master
  hardened/12-stable/master
  hardened/12.0-releng/master
  hardened/12.1-releng/master
  hardened/current/intel-smap
  hardened/current/log
  hardened/current/master
  hardened/current/segvguard-ng
==== check for stale changes ====
==== update to latest origin ====
Updating 50cfc35439f7..19fb556f4253
Fast-forward
 sys/dev/ata/chipsets/ata-promise.c  |  2 +-
 sys/rpc/rpcsec_gss/svc_rpcsec_gss.c | 14 +++++++++++++-
 sys/sys/param.h                     |  2 +-
 sys/sys/syslimits.h                 |  6 +++++-
 4 files changed, 20 insertions(+), 4 deletions(-)
==== merge branches ====
==== merge freebsd/stable/12 branch ====
Already up to date.
To github.com:HardenedBSD/hardenedBSD.git
   50cfc35439f7..19fb556f4253  freebsd/12-stable/master -> freebsd/12-stable/master
==== END: freebsd/12-stable/master ====
