==== BEGIN: freebsd/current/master ====
current branch: freebsd/current/master
mergeable branch: freebsd/master
==== change branch ====
Switched to branch 'freebsd/current/master'
Your branch is up to date with 'origin/freebsd/current/master'.
==== show current branch ====
  freebsd/11-stable/master
  freebsd/11.2-releng/master
  freebsd/12-stable/master
  freebsd/12.1-releng/master
* freebsd/current/master
  hardened/11-stable/master
  hardened/11.2-releng/master
  hardened/12-stable/master
  hardened/12.1-releng/master
  hardened/current/master
==== check for stale changes ====
==== update to latest origin ====
Already up to date.
==== merge branches ====
==== merge freebsd/master branch ====
Updating 58b9618989d7..46f20957820d
Fast-forward
 sys/dev/cxgbe/iw_cxgbe/iw_cxgbe.h |  1 +
 sys/dev/cxgbe/iw_cxgbe/mem.c      |  2 +
 sys/dev/cxgbe/iw_cxgbe/qp.c       | 14 ++++--
 sys/kern/kern_prot.c              |  2 +-
 sys/kern/subr_bus.c               |  3 +-
 sys/ufs/ffs/ffs_softdep.c         | 14 ++++--
 sys/vm/uma.h                      |  2 +-
 sys/vm/uma_core.c                 | 91 +++++++++++++++++++++++++--------------
 sys/vm/uma_int.h                  | 21 ++++-----
 sys/vm/vm_pageout.c               |  1 +
 10 files changed, 97 insertions(+), 54 deletions(-)
remote: To github.com:HardenedBSD/hardenedBSD.git        
remote:    58b9618989d7..46f20957820d  freebsd/current/master -> freebsd/current/master        
remote:    d2fcb62e97d4..4d92a973a21f  github/freebsd/11-stable/master -> github/freebsd/11-stable/master        
remote: 
remote: Create a new pull request for 'freebsd/current/master':        
remote:   https://git-01.md.hardenedbsd.org/hardenedbsd/HardenedBSD/compare/hardened/current/master...freebsd/current/master        
remote: 
To git-01.md.hardenedbsd.org:HardenedBSD/HardenedBSD.git
   58b9618989d7..46f20957820d  freebsd/current/master -> freebsd/current/master
==== END: freebsd/current/master ====
