==== BEGIN: freebsd/12-stable/master ====
current branch: freebsd/12-stable/master
mergeable branch: freebsd/stable/12
==== change branch ====
Switched to branch 'freebsd/12-stable/master'
Your branch is up to date with 'origin/freebsd/12-stable/master'.
==== show current branch ====
  freebsd/11-stable/master
  freebsd/11.2-releng/master
* freebsd/12-stable/master
  freebsd/12.1-releng/master
  freebsd/current/master
  hardened/11-stable/master
  hardened/11.2-releng/master
  hardened/12-stable/master
  hardened/12.1-releng/master
  hardened/current/master
==== check for stale changes ====
==== update to latest origin ====
warning: Pulling without specifying how to reconcile divergent branches is
discouraged. You can squelch this message by running one of the following
commands sometime before your next pull:

  git config pull.rebase false  # merge (the default strategy)
  git config pull.rebase true   # rebase
  git config pull.ff only       # fast-forward only

You can replace "git config" with "git config --global" to set a default
preference for all repositories. You can also pass --rebase, --no-rebase,
or --ff-only on the command line to override the configured default per
invocation.

=============================
HardenedBSD Master git Server
=============================

Please note that connections and activity to this server are logged.
This server, git-01.md.hardenedbsd.org, acts as the source-of-truth
server for the HardenedBSD repositories.

Banner last updated: 10 Feb 2020 09:32 EST

Already up to date.
==== merge branches ====
==== merge freebsd/stable/12 branch ====
Updating c966d978f6b5..f5adea413d13
Fast-forward
 sys/compat/linuxkpi/common/include/linux/kernel.h | 12 ++++++
 sys/compat/linuxkpi/common/include/linux/pci.h    |  2 +-
 sys/dev/mlx5/mlx5_en/mlx5_en_tx.c                 | 46 +++++++++++++++--------
 sys/dev/netmap/if_vtnet_netmap.h                  | 19 ----------
 sys/dev/netmap/netmap_kern.h                      | 18 +++++++++
 sys/dev/virtio/network/if_vtnet.c                 | 16 ++++----
 sys/dev/xen/console/xen_console.c                 |  3 +-
 sys/dev/xen/control/control.c                     | 13 +++----
 sys/dev/xen/evtchn/evtchn_dev.c                   | 11 +++---
 sys/sys/param.h                                   |  2 +-
 sys/x86/xen/xenpv.c                               |  6 ++-
 11 files changed, 88 insertions(+), 60 deletions(-)
=============================
HardenedBSD Master git Server
=============================

Please note that connections and activity to this server are logged.
This server, git-01.md.hardenedbsd.org, acts as the source-of-truth
server for the HardenedBSD repositories.

Banner last updated: 10 Feb 2020 09:32 EST

remote: To github.com:HardenedBSD/hardenedBSD.git        
remote:    c966d978f6b5..f5adea413d13  freebsd/12-stable/master -> freebsd/12-stable/master
remote: 
remote: Create a new pull request for 'freebsd/12-stable/master':        
remote:   https://git-01.md.hardenedbsd.org/hardenedbsd/HardenedBSD/compare/hardened/current/master...freebsd/12-stable/master        
remote: 
To git-01.md.hardenedbsd.org:HardenedBSD/HardenedBSD.git
   c966d978f6b5..f5adea413d13  freebsd/12-stable/master -> freebsd/12-stable/master
==== END: freebsd/12-stable/master ====
