==== BEGIN: freebsd/11-stable/master ====
current branch: freebsd/11-stable/master
mergeable branch: freebsd/stable/11
==== change branch ====
Switched to branch 'freebsd/11-stable/master'
Your branch is up to date with 'origin/freebsd/11-stable/master'.
==== show current branch ====
* freebsd/11-stable/master
  freebsd/11.2-releng/master
  freebsd/12-stable/master
  freebsd/12.1-releng/master
  freebsd/current/master
  hardened/11-stable/master
  hardened/11.2-releng/master
  hardened/12-stable/master
  hardened/12.1-releng/master
  hardened/current/master
==== check for stale changes ====
==== update to latest origin ====
Already up to date.
==== merge branches ====
==== merge freebsd/stable/11 branch ====
Updating 65a54ead09fa..d1ed29fa9f0b
Fast-forward
 contrib/binutils/bfd/peicode.h | 28 ++++++++++++++--------------
 stand/i386/gptboot/gptldr.S    |  2 +-
 2 files changed, 15 insertions(+), 15 deletions(-)
remote: To github.com:HardenedBSD/hardenedBSD.git        
remote:    65a54ead09fa..d1ed29fa9f0b  freebsd/11-stable/master -> freebsd/11-stable/master        
remote:    4133f00c18cb..18fb6a614bdd  github/hardened/12-stable/master -> github/hardened/12-stable/master        
remote: 
remote: Create a new pull request for 'freebsd/11-stable/master':        
remote:   https://git-01.md.hardenedbsd.org/hardenedbsd/HardenedBSD/compare/hardened/current/master...freebsd/11-stable/master        
remote: 
To git-01.md.hardenedbsd.org:HardenedBSD/HardenedBSD.git
   65a54ead09fa..d1ed29fa9f0b  freebsd/11-stable/master -> freebsd/11-stable/master
==== END: freebsd/11-stable/master ====
