==== BEGIN: freebsd/current/master ====
current branch: freebsd/current/master
mergeable branch: freebsd/master
==== change branch ====
Switched to branch 'freebsd/current/master'
Your branch is up to date with 'origin/freebsd/current/master'.
==== show current branch ====
  freebsd/11-stable/master
  freebsd/11.2-releng/master
  freebsd/12-stable/master
  freebsd/12.1-releng/master
* freebsd/current/master
  hardened/11-stable/master
  hardened/11.2-releng/master
  hardened/12-stable/master
  hardened/12.1-releng/master
  hardened/current/master
==== check for stale changes ====
==== update to latest origin ====
Already up to date.
==== merge branches ====
==== merge freebsd/master branch ====
Updating faef5808ac24..eae8ab1a3a1c
Fast-forward
 sys/arm64/acpica/acpi_iort.c                       | 40 ++++++++++++++++++++-
 sys/arm64/arm64/gicv3_its.c                        | 42 +++++++++++++++-------
 .../opensolaris/uts/common/fs/zfs/sys/zfs_vfsops.h | 21 ++++++++++-
 .../opensolaris/uts/common/fs/zfs/zfs_vfsops.c     | 14 ++++----
 .../opensolaris/uts/common/fs/zfs/zfs_vnops.c      | 16 ++++-----
 .../opensolaris/uts/common/fs/zfs/zfs_znode.c      |  2 +-
 sys/dev/mlx4/mlx4_en/mlx4_en_rx.c                  | 14 ++++----
 sys/kern/kern_rmlock.c                             | 26 ++++++++++++--
 sys/net/netisr.c                                   |  5 ---
 sys/sys/rmlock.h                                   | 12 +++++++
 10 files changed, 148 insertions(+), 44 deletions(-)
remote: To github.com:HardenedBSD/hardenedBSD.git        
remote:    faef5808ac24..eae8ab1a3a1c  freebsd/current/master -> freebsd/current/master        
remote:    7723f7796d11..3f6b72cad911  github/freebsd/11-stable/master -> github/freebsd/11-stable/master        
remote: 
remote: Create a new pull request for 'freebsd/current/master':        
remote:   https://git-01.md.hardenedbsd.org/hardenedbsd/HardenedBSD/compare/hardened/current/master...freebsd/current/master        
remote: 
To git-01.md.hardenedbsd.org:HardenedBSD/HardenedBSD.git
   faef5808ac24..eae8ab1a3a1c  freebsd/current/master -> freebsd/current/master
==== END: freebsd/current/master ====
