==== BEGIN: freebsd/current/master ====
current branch: freebsd/current/master
mergeable branch: freebsd/master
==== change branch ====
Switched to branch 'freebsd/current/master'
Your branch is up to date with 'origin/freebsd/current/master'.
==== show current branch ====
  freebsd/11-stable/master
  freebsd/11.2-releng/master
  freebsd/12-stable/master
  freebsd/12.1-releng/master
* freebsd/current/master
  hardened/11-stable/master
  hardened/11.2-releng/master
  hardened/12-stable/master
  hardened/12.1-releng/master
  hardened/current/master
==== check for stale changes ====
==== update to latest origin ====
warning: Pulling without specifying how to reconcile divergent branches is
discouraged. You can squelch this message by running one of the following
commands sometime before your next pull:

  git config pull.rebase false  # merge (the default strategy)
  git config pull.rebase true   # rebase
  git config pull.ff only       # fast-forward only

You can replace "git config" with "git config --global" to set a default
preference for all repositories. You can also pass --rebase, --no-rebase,
or --ff-only on the command line to override the configured default per
invocation.

=============================
HardenedBSD Master git Server
=============================

Please note that connections and activity to this server are logged.
This server, git-01.md.hardenedbsd.org, acts as the source-of-truth
server for the HardenedBSD repositories.

Banner last updated: 10 Feb 2020 09:32 EST

Already up to date.
==== merge branches ====
==== merge freebsd/master branch ====
Updating 185dae068f4c..5fcaff944504
Fast-forward
 contrib/ipfilter/ipsend/iptests.c        |   2 +-
 contrib/ipfilter/ipsend/larp.c           |  93 -----------
 contrib/ipfilter/ipsend/linux.h          |  19 ---
 contrib/ipfilter/ipsend/lsock.c          | 259 -------------------------------
 contrib/ipfilter/ipsend/sirix.c          |  93 -----------
 contrib/ipfilter/ipsend/slinux.c         |  92 -----------
 sys/amd64/amd64/trap.c                   |  14 +-
 sys/amd64/cloudabi32/cloudabi32_sysvec.c |   3 +-
 sys/amd64/cloudabi64/cloudabi64_sysvec.c |   1 -
 sys/amd64/ia32/ia32_syscall.c            |   7 +-
 sys/amd64/include/proc.h                 |   1 -
 sys/amd64/linux/linux_sysvec.c           |   1 -
 sys/amd64/linux32/linux32_sysvec.c       |   1 -
 sys/arm/arm/syscall.c                    |   6 +-
 sys/arm/cloudabi32/cloudabi32_sysvec.c   |   5 +-
 sys/arm/include/proc.h                   |   1 -
 sys/arm64/arm64/elf32_machdep.c          |  12 +-
 sys/arm64/arm64/trap.c                   |   7 +-
 sys/arm64/cloudabi32/cloudabi32_sysvec.c |   3 +-
 sys/arm64/cloudabi64/cloudabi64_sysvec.c |   1 -
 sys/arm64/include/proc.h                 |   1 -
 sys/arm64/linux/linux_sysvec.c           |   7 +-
 sys/arm64/qoriq/clk/qoriq_clkgen.c       |   2 +-
 sys/contrib/ipfilter/netinet/ip_proxy.h  |   2 +-
 sys/i386/cloudabi32/cloudabi32_sysvec.c  |   3 +-
 sys/i386/i386/trap.c                     |   5 +-
 sys/i386/include/proc.h                  |   1 -
 sys/i386/linux/linux_sysvec.c            |   1 -
 sys/kern/kern_thread.c                   |   6 +-
 sys/kern/subr_syscall.c                  |   4 +-
 sys/kern/sys_process.c                   |   4 +-
 sys/mips/include/proc.h                  |   1 -
 sys/mips/mips/trap.c                     |  10 +-
 sys/powerpc/include/proc.h               |   1 -
 sys/powerpc/powerpc/trap.c               |  12 +-
 sys/riscv/include/proc.h                 |   1 -
 sys/riscv/riscv/trap.c                   |   3 +-
 sys/sys/sysent.h                         |   6 +-
 38 files changed, 56 insertions(+), 635 deletions(-)
 delete mode 100644 contrib/ipfilter/ipsend/larp.c
 delete mode 100644 contrib/ipfilter/ipsend/linux.h
 delete mode 100644 contrib/ipfilter/ipsend/lsock.c
 delete mode 100644 contrib/ipfilter/ipsend/sirix.c
 delete mode 100644 contrib/ipfilter/ipsend/slinux.c
=============================
HardenedBSD Master git Server
=============================

Please note that connections and activity to this server are logged.
This server, git-01.md.hardenedbsd.org, acts as the source-of-truth
server for the HardenedBSD repositories.

Banner last updated: 10 Feb 2020 09:32 EST

remote: To github.com:HardenedBSD/hardenedBSD.git        
remote:    185dae068f4c..5fcaff944504  freebsd/current/master -> freebsd/current/master        
remote: 
remote: Create a new pull request for 'freebsd/current/master':        
remote:   https://git-01.md.hardenedbsd.org/HardenedBSD/HardenedBSD/compare/hardened/current/master...freebsd/current/master        
remote: 
remote: . Processing 1 references        
remote: Processed 1 references in total        
To git-01.md.hardenedbsd.org:HardenedBSD/HardenedBSD.git
   185dae068f4c..5fcaff944504  freebsd/current/master -> freebsd/current/master
==== END: freebsd/current/master ====
