==== BEGIN: freebsd/current/master ====
current branch: freebsd/current/master
mergeable branch: freebsd/master
==== change branch ====
Switched to branch 'freebsd/current/master'
Your branch is up to date with 'origin/freebsd/current/master'.
==== show current branch ====
  freebsd/11-stable/master
  freebsd/11.2-releng/master
  freebsd/12-stable/master
  freebsd/12.1-releng/master
* freebsd/current/master
  hardened/11-stable/master
  hardened/11.2-releng/master
  hardened/12-stable/master
  hardened/12.1-releng/master
  hardened/current/master
==== check for stale changes ====
==== update to latest origin ====
=============================
HardenedBSD Master git Server
=============================

Please note that connections and activity to this server are logged.
This server, git-01.md.hardenedbsd.org, acts as the source-of-truth
server for the HardenedBSD repositories.

Banner last updated: 10 Feb 2020 09:32 EST

Already up to date.
==== merge branches ====
==== merge freebsd/master branch ====
Updating 4a913c7fc8c6..69c93432ca46
Fast-forward
 lib/csu/mips/crt.h                             |  12 +--
 lib/libc/tests/gen/posix_spawn/Makefile        |   6 +-
 lib/libc/tests/sys/Makefile                    |   6 +-
 lib/libusbhid/parse.c                          |  34 +++----
 sys/compat/linuxkpi/common/include/linux/pci.h |   2 +-
 sys/dev/iwn/if_iwn.c                           |   2 +
 sys/dev/usb/usb_hid.c                          |  52 +++++------
 sys/net80211/_ieee80211.h                      |   5 +-
 sys/net80211/ieee80211.c                       |   3 +-
 sys/net80211/ieee80211.h                       |   2 +
 sys/net80211/ieee80211_ht.c                    |  63 ++++++++++---
 sys/net80211/ieee80211_ht.h                    |   9 ++
 sys/net80211/ieee80211_node.c                  |  18 ++--
 sys/net80211/ieee80211_output.c                |   2 +-
 sys/net80211/ieee80211_phy.h                   |  15 ++++
 sys/net80211/ieee80211_proto.c                 | 117 ++++++++++++++++++++++---
 sys/net80211/ieee80211_proto.h                 |   3 +-
 sys/net80211/ieee80211_sta.c                   |   9 +-
 sys/net80211/ieee80211_var.h                   |   4 +
 19 files changed, 275 insertions(+), 89 deletions(-)
=============================
HardenedBSD Master git Server
=============================

Please note that connections and activity to this server are logged.
This server, git-01.md.hardenedbsd.org, acts as the source-of-truth
server for the HardenedBSD repositories.

Banner last updated: 10 Feb 2020 09:32 EST

remote: To github.com:HardenedBSD/hardenedBSD.git        
remote:    4a913c7fc8c6..69c93432ca46  freebsd/current/master -> freebsd/current/master        
remote:    f985d1b3090f..720eb7dc1883  github/freebsd/12-stable/master -> github/freebsd/12-stable/master        
remote: 
remote: Create a new pull request for 'freebsd/current/master':        
remote:   https://git-01.md.hardenedbsd.org/hardenedbsd/HardenedBSD/compare/hardened/current/master...freebsd/current/master        
remote: 
To git-01.md.hardenedbsd.org:HardenedBSD/HardenedBSD.git
   4a913c7fc8c6..69c93432ca46  freebsd/current/master -> freebsd/current/master
==== END: freebsd/current/master ====
