==== BEGIN: freebsd/current/master ====
current branch: freebsd/current/master
mergeable branch: freebsd/master
==== change branch ====
Switched to branch 'freebsd/current/master'
Your branch is up to date with 'origin/freebsd/current/master'.
==== show current branch ====
  freebsd/11-stable/master
  freebsd/11.2-releng/master
  freebsd/12-stable/master
  freebsd/12.1-releng/master
* freebsd/current/master
  hardened/11-stable/master
  hardened/11.2-releng/master
  hardened/12-stable/master
  hardened/12.1-releng/master
  hardened/current/master
==== check for stale changes ====
==== update to latest origin ====
=============================
HardenedBSD Master git Server
=============================

Please note that connections and activity to this server are logged.
This server, git-01.md.hardenedbsd.org, acts as the source-of-truth
server for the HardenedBSD repositories.

Banner last updated: 10 Feb 2020 09:32 EST

Already up to date.
==== merge branches ====
==== merge freebsd/master branch ====
Updating d8f7a6e25f20..f99f5d8582e8
Fast-forward
 ObsoleteFiles.inc                              |  10 +++
 contrib/openbsm/bin/auditd/auditd.8            |   3 +-
 lib/libauditd/Makefile                         |   1 +
 lib/libbsm/Makefile                            |   8 +-
 sbin/bectl/bectl.8                             |   2 +-
 share/mk/src.libnames.mk                       |   2 +-
 sys/arm/arm/machdep.c                          |  24 +++---
 sys/arm/arm/machdep_boot.c                     |   4 +-
 sys/arm/arm/mp_machdep.c                       |   1 -
 sys/arm/arm/pmap-v6.c                          |   2 -
 sys/arm/include/md_var.h                       |   1 +
 sys/arm64/arm64/machdep.c                      |  17 ++--
 sys/arm64/arm64/pmap.c                         |   7 +-
 sys/conf/files.arm                             |   2 +-
 sys/conf/files.arm64                           |   2 +-
 sys/conf/files.riscv                           |   1 +
 sys/{arm/arm/physmem.c => kern/subr_physmem.c} |  27 +++---
 sys/riscv/include/machdep.h                    |   2 +-
 sys/riscv/riscv/machdep.c                      | 114 +++++++------------------
 sys/riscv/riscv/pmap.c                         |  49 ++---------
 sys/{arm/include => sys}/physmem.h             |  32 +++----
 usr.sbin/nfscbd/nfscbd.c                       |   3 +-
 22 files changed, 116 insertions(+), 198 deletions(-)
 rename sys/{arm/arm/physmem.c => kern/subr_physmem.c} (94%)
 rename sys/{arm/include => sys}/physmem.h (74%)
=============================
HardenedBSD Master git Server
=============================

Please note that connections and activity to this server are logged.
This server, git-01.md.hardenedbsd.org, acts as the source-of-truth
server for the HardenedBSD repositories.

Banner last updated: 10 Feb 2020 09:32 EST

remote: To github.com:HardenedBSD/hardenedBSD.git        
remote:    d8f7a6e25f20..f99f5d8582e8  freebsd/current/master -> freebsd/current/master        
remote:    b30f04daf92e..1be404ec6667  github/hardened/12-stable/master -> github/hardened/12-stable/master        
remote: 
remote: Create a new pull request for 'freebsd/current/master':        
remote:   https://git-01.md.hardenedbsd.org/hardenedbsd/HardenedBSD/compare/hardened/current/master...freebsd/current/master        
remote: 
To git-01.md.hardenedbsd.org:HardenedBSD/HardenedBSD.git
   d8f7a6e25f20..f99f5d8582e8  freebsd/current/master -> freebsd/current/master
==== END: freebsd/current/master ====
