==== BEGIN: freebsd/12-stable/master ====
current branch: freebsd/12-stable/master
mergeable branch: freebsd/stable/12
==== change branch ====
Switched to branch 'freebsd/12-stable/master'
Your branch is up to date with 'origin/freebsd/12-stable/master'.
==== show current branch ====
  freebsd/11-stable/master
  freebsd/11.2-releng/master
* freebsd/12-stable/master
  freebsd/12.1-releng/master
  freebsd/current/master
  hardened/11-stable/master
  hardened/11.2-releng/master
  hardened/12-stable/master
  hardened/12.1-releng/master
  hardened/current/master
==== check for stale changes ====
==== update to latest origin ====
=============================
HardenedBSD Master git Server
=============================

Please note that connections and activity to this server are logged.
This server, git-01.md.hardenedbsd.org, acts as the source-of-truth
server for the HardenedBSD repositories.

Banner last updated: 10 Feb 2020 09:32 EST

Already up to date.
==== merge branches ====
==== merge freebsd/stable/12 branch ====
Updating 88b599787488..cbcc42ea1c1a
Fast-forward
 .cirrus.yml                    |  18 +++++++
 stand/i386/Makefile.inc        |   9 ++--
 stand/i386/boot.ldscript       |  16 ++++--
 stand/i386/boot2/Makefile      |   4 +-
 stand/i386/gptboot/Makefile    |   4 +-
 stand/i386/gptzfsboot/Makefile |   4 +-
 stand/i386/isoboot/Makefile    |   4 +-
 stand/i386/loader/Makefile     |   4 +-
 stand/i386/zfsboot/Makefile    |   4 +-
 tools/boot/ci-qemu-test.sh     | 112 +++++++++++++++++++++++++++++++++++++++++
 10 files changed, 158 insertions(+), 21 deletions(-)
 create mode 100644 .cirrus.yml
 create mode 100755 tools/boot/ci-qemu-test.sh
=============================
HardenedBSD Master git Server
=============================

Please note that connections and activity to this server are logged.
This server, git-01.md.hardenedbsd.org, acts as the source-of-truth
server for the HardenedBSD repositories.

Banner last updated: 10 Feb 2020 09:32 EST

remote: To github.com:HardenedBSD/hardenedBSD.git        
remote:    88b599787488..cbcc42ea1c1a  freebsd/12-stable/master -> freebsd/12-stable/master        
remote: 
remote: Create a new pull request for 'freebsd/12-stable/master':        
remote:   https://git-01.md.hardenedbsd.org/hardenedbsd/HardenedBSD/compare/hardened/current/master...freebsd/12-stable/master        
remote: 
To git-01.md.hardenedbsd.org:HardenedBSD/HardenedBSD.git
   88b599787488..cbcc42ea1c1a  freebsd/12-stable/master -> freebsd/12-stable/master
==== END: freebsd/12-stable/master ====
