==== BEGIN: freebsd/current/master ====
current branch: freebsd/current/master
mergeable branch: freebsd/master
==== change branch ====
Switched to branch 'freebsd/current/master'
Your branch is up to date with 'origin/freebsd/current/master'.
==== show current branch ====
  freebsd/11-stable/master
  freebsd/11.2-releng/master
  freebsd/12-stable/master
  freebsd/12.1-releng/master
* freebsd/current/master
  hardened/11-stable/master
  hardened/11.2-releng/master
  hardened/12-stable/master
  hardened/12.1-releng/master
  hardened/current/master
==== check for stale changes ====
==== update to latest origin ====
Already up to date.
==== merge branches ====
==== merge freebsd/master branch ====
Updating af1352e631ad..1090e6574b08
Fast-forward
 lib/libc/locale/collate.c                |  9 +++++--
 lib/libc/locale/rune.c                   |  2 +-
 share/examples/etc/make.conf             | 12 ++++++----
 share/mk/bsd.cpu.mk                      | 26 +++++++++++---------
 stand/i386/libi386/biosdisk.c            |  6 +++--
 sys/arm/broadcom/bcm2835/bcm2835_vcbus.c |  5 ++--
 sys/cddl/dev/dtrace/arm/dtrace_subr.c    | 13 +++++++++-
 sys/dev/usb/controller/dwc_otg_fdt.c     | 26 +++++++++++++++++---
 sys/opencrypto/cryptodev.c               |  4 ++--
 sys/vm/uma_core.c                        | 41 +++++++++++++++++++++++---------
 10 files changed, 104 insertions(+), 40 deletions(-)
remote: To github.com:HardenedBSD/hardenedBSD.git        
remote:    af1352e631ad..1090e6574b08  freebsd/current/master -> freebsd/current/master        
remote:    23b1146de285..c9181f03c16e  github/freebsd/11-stable/master -> github/freebsd/11-stable/master        
remote: 
remote: Create a new pull request for 'freebsd/current/master':        
remote:   https://git-01.md.hardenedbsd.org/hardenedbsd/HardenedBSD/compare/hardened/current/master...freebsd/current/master        
remote: 
To git-01.md.hardenedbsd.org:HardenedBSD/HardenedBSD.git
   af1352e631ad..1090e6574b08  freebsd/current/master -> freebsd/current/master
==== END: freebsd/current/master ====
