==== BEGIN: freebsd/11-stable/master ====
current branch: freebsd/11-stable/master
mergeable branch: freebsd/stable/11
==== change branch ====
Switched to branch 'freebsd/11-stable/master'
Your branch is up to date with 'origin/freebsd/11-stable/master'.
==== show current branch ====
* freebsd/11-stable/master
  freebsd/11.2-releng/master
  freebsd/12-stable/master
  freebsd/12.1-releng/master
  freebsd/current/master
  hardened/11-stable/master
  hardened/11.2-releng/master
  hardened/12-stable/master
  hardened/12.1-releng/master
  hardened/current/master
==== check for stale changes ====
==== update to latest origin ====
Already up to date.
==== merge branches ====
==== merge freebsd/stable/11 branch ====
Updating 9329a9d15bc9..09d0cbffda6a
Fast-forward
 stand/i386/libi386/biosdisk.c | 147 ++++++++++++++++++++++++++++--------------
 1 file changed, 97 insertions(+), 50 deletions(-)
remote: To github.com:HardenedBSD/hardenedBSD.git        
remote:    9329a9d15bc9..09d0cbffda6a  freebsd/11-stable/master -> freebsd/11-stable/master        
remote:    b13fe3244aff..8be44b278464  github/hardened/12-stable/master -> github/hardened/12-stable/master        
remote: 
remote: Create a new pull request for 'freebsd/11-stable/master':        
remote:   https://git-01.md.hardenedbsd.org/hardenedbsd/HardenedBSD/compare/hardened/current/master...freebsd/11-stable/master        
remote: 
To git-01.md.hardenedbsd.org:HardenedBSD/HardenedBSD.git
   9329a9d15bc9..09d0cbffda6a  freebsd/11-stable/master -> freebsd/11-stable/master
==== END: freebsd/11-stable/master ====
