==== BEGIN: freebsd/current/master ====
current branch: freebsd/current/master
mergeable branch: freebsd/master
==== change branch ====
Switched to branch 'freebsd/current/master'
Your branch is up to date with 'origin/freebsd/current/master'.
==== show current branch ====
  freebsd/11-stable/master
  freebsd/11.2-releng/master
  freebsd/12-stable/master
  freebsd/12.1-releng/master
* freebsd/current/master
  hardened/11-stable/master
  hardened/11.2-releng/master
  hardened/12-stable/master
  hardened/12.1-releng/master
  hardened/current/master
==== check for stale changes ====
==== update to latest origin ====
Already up to date.
==== merge branches ====
==== merge freebsd/master branch ====
Updating ee8362f6f3b7..6e7eee03fa90
Fast-forward
 sys/cam/ata/ata_da.c                     |   4 +
 sys/cam/mmc/mmc_da.c                     |   4 +
 sys/cam/nvme/nvme_da.c                   |   5 +
 sys/cam/scsi/scsi_cd.c                   |   7 ++
 sys/cam/scsi/scsi_da.c                   |   4 +
 sys/cam/scsi/scsi_sa.c                   |   6 +
 sys/dev/aac/aac_disk.c                   |   5 +
 sys/dev/altera/avgen/altera_avgen.c      |  10 +-
 sys/dev/altera/sdcard/altera_sdcard_io.c |  22 ++--
 sys/dev/amr/amr.c                        |   4 +
 sys/dev/cfi/cfi_disk.c                   |  16 +--
 sys/dev/flash/at45d.c                    |   2 +-
 sys/dev/flash/mx25l.c                    |   2 +-
 sys/dev/flash/n25q.c                     |   2 +-
 sys/dev/ida/ida_disk.c                   |   5 +
 sys/dev/ips/ips_disk.c                   |   7 ++
 sys/dev/mfi/mfi.c                        |   8 +-
 sys/dev/mlx/mlx_disk.c                   |   5 +
 sys/dev/mmc/mmcsd.c                      |   7 +-
 sys/dev/nvme/nvme_ns.c                   |   2 +-
 sys/dev/pst/pst-raid.c                   |  14 ++-
 sys/dev/twe/twe.c                        |   6 +-
 sys/dev/virtio/block/virtio_blk.c        |   6 +
 sys/dev/xen/blkfront/blkfront.c          |   4 +-
 usr.bin/diff/TODO                        |   8 --
 usr.bin/diff/diff.1                      |  41 ++++++-
 usr.bin/diff/diff.c                      |  33 +++++-
 usr.bin/diff/diff.h                      |   6 +-
 usr.bin/diff/diffreg.c                   | 191 +++++++++++++++++++++++++------
 usr.bin/diff/tests/diff_test.sh          |   2 -
 30 files changed, 347 insertions(+), 91 deletions(-)
remote: To github.com:HardenedBSD/hardenedBSD.git        
remote:    ee8362f6f3b7..6e7eee03fa90  freebsd/current/master -> freebsd/current/master        
remote: 
remote: Create a new pull request for 'freebsd/current/master':        
remote:   https://git-01.md.hardenedbsd.org/hardenedbsd/HardenedBSD/compare/hardened/current/master...freebsd/current/master        
remote: 
To git-01.md.hardenedbsd.org:HardenedBSD/HardenedBSD.git
   ee8362f6f3b7..6e7eee03fa90  freebsd/current/master -> freebsd/current/master
==== END: freebsd/current/master ====
