==== BEGIN: freebsd/current/master ====
current branch: freebsd/current/master
mergeable branch: freebsd/master
==== change branch ====
Switched to branch 'freebsd/current/master'
Your branch is up to date with 'origin/freebsd/current/master'.
==== show current branch ====
  freebsd/11-stable/master
  freebsd/11.2-releng/master
  freebsd/12-stable/master
  freebsd/12.1-releng/master
* freebsd/current/master
  hardened/11-stable/master
  hardened/11.2-releng/master
  hardened/12-stable/master
  hardened/12.1-releng/master
  hardened/current/master
==== check for stale changes ====
==== update to latest origin ====
=============================
HardenedBSD Master git Server
=============================

Please note that connections and activity to this server are logged.
This server, git-01.md.hardenedbsd.org, acts as the source-of-truth
server for the HardenedBSD repositories.

Banner last updated: 10 Feb 2020 09:32 EST

Already up to date.
==== merge branches ====
==== merge freebsd/master branch ====
Updating e3a794daf5f1..fee3b5b8cc3b
Fast-forward
 etc/Makefile                  |  9 +++--
 etc/mail/mailer.conf          |  3 ++
 share/man/man4/psm.4          | 11 +++++-
 share/mk/bsd.prog.mk          |  5 ++-
 stand/lua/drawer.lua          |  8 +++++
 stand/uboot/lib/net.c         |  2 +-
 sys/dev/atkbdc/psm.c          | 24 ++++++++++++-
 sys/dev/vt/vt_buf.c           | 13 +++++--
 sys/dev/vt/vt_core.c          | 10 ++++++
 sys/kern/subr_terminal.c      | 10 ++++++
 sys/kern/vfs_mount.c          |  3 ++
 sys/modules/Makefile          |  2 +-
 sys/modules/tcp/Makefile      |  2 +-
 sys/net/route/route_ctl.c     | 68 +++++++++++++++++++++++++++++++----
 sys/net/route/route_ctl.h     | 83 +++++++++++++++++++++++++++++++++++++++++++
 usr.sbin/mailwrapper/Makefile |  6 +++-
 16 files changed, 238 insertions(+), 21 deletions(-)
 create mode 100644 sys/net/route/route_ctl.h
=============================
HardenedBSD Master git Server
=============================

Please note that connections and activity to this server are logged.
This server, git-01.md.hardenedbsd.org, acts as the source-of-truth
server for the HardenedBSD repositories.

Banner last updated: 10 Feb 2020 09:32 EST

remote: To github.com:HardenedBSD/hardenedBSD.git        
remote:    e3a794daf5f1..fee3b5b8cc3b  freebsd/current/master -> freebsd/current/master        
remote:    72a3829365f8..5ae8f640b3f9  github/hardened/12-stable/master -> github/hardened/12-stable/master        
remote: 
remote: Create a new pull request for 'freebsd/current/master':        
remote:   https://git-01.md.hardenedbsd.org/hardenedbsd/HardenedBSD/compare/hardened/current/master...freebsd/current/master        
remote: 
To git-01.md.hardenedbsd.org:HardenedBSD/HardenedBSD.git
   e3a794daf5f1..fee3b5b8cc3b  freebsd/current/master -> freebsd/current/master
==== END: freebsd/current/master ====
