==== BEGIN: freebsd/12-stable/master ====
current branch: freebsd/12-stable/master
mergeable branch: freebsd/stable/12
==== change branch ====
Switched to branch 'freebsd/12-stable/master'
Your branch is behind 'freebsd/stable/12' by 1 commit, and can be fast-forwarded.
  (use "git pull" to update your local branch)
==== show current branch ====
  freebsd/10-stable/master
  freebsd/10.3-releng/master
  freebsd/11-stable/master
  freebsd/11.0-releng/master
  freebsd/11.1-releng/master
  freebsd/11.2-releng/master
* freebsd/12-stable/master
  freebsd/12.0-releng/master
  freebsd/12.1-releng/master
  freebsd/current/master
  hardened/10-stable/master
  hardened/10-stable/master-libressl
  hardened/10.3-releng/master
  hardened/11-stable/master
  hardened/11-stable/master-libressl
  hardened/11.0-releng/master
  hardened/11.1-releng/master
  hardened/11.2-releng/master
  hardened/12-stable/master
  hardened/12.0-releng/master
  hardened/12.1-releng/master
  hardened/current/intel-smap
  hardened/current/log
  hardened/current/master
  hardened/current/segvguard-ng
==== check for stale changes ====
==== update to latest origin ====
Updating badc7dda2b97..061e38c16f65
Fast-forward
 sys/netpfil/ipfw/ip_fw2.c | 30 ++++++++++++++++++++++--------
 1 file changed, 22 insertions(+), 8 deletions(-)
==== merge branches ====
==== merge freebsd/stable/12 branch ====
Already up to date.
To github.com:HardenedBSD/hardenedBSD.git
   badc7dda2b97..061e38c16f65  freebsd/12-stable/master -> freebsd/12-stable/master
remote: 
remote: Create a new pull request for 'freebsd/12-stable/master':        
remote:   https://git-01.md.hardenedbsd.org/hardenedbsd/HardenedBSD/compare/hardened/current/master...freebsd/12-stable/master        
remote: 
To git-01.md.hardenedbsd.org:HardenedBSD/HardenedBSD.git
   badc7dda2b97..061e38c16f65  freebsd/12-stable/master -> freebsd/12-stable/master
==== END: freebsd/12-stable/master ====
