==== BEGIN: freebsd/current/master ====
current branch: freebsd/current/master
mergeable branch: freebsd/master
==== change branch ====
Switched to branch 'freebsd/current/master'
Your branch is up to date with 'origin/freebsd/current/master'.
==== show current branch ====
  freebsd/11-stable/master
  freebsd/11.2-releng/master
  freebsd/12-stable/master
  freebsd/12.1-releng/master
  freebsd/12.2-releng/master
* freebsd/current/master
  hardened/11-stable/master
  hardened/11.2-releng/master
  hardened/12-stable/master
  hardened/12.1-releng/master
  hardened/12.2-releng/master
  hardened/current/master
==== check for stale changes ====
==== update to latest origin ====
warning: Pulling without specifying how to reconcile divergent branches is
discouraged. You can squelch this message by running one of the following
commands sometime before your next pull:

  git config pull.rebase false  # merge (the default strategy)
  git config pull.rebase true   # rebase
  git config pull.ff only       # fast-forward only

You can replace "git config" with "git config --global" to set a default
preference for all repositories. You can also pass --rebase, --no-rebase,
or --ff-only on the command line to override the configured default per
invocation.

=============================
HardenedBSD Master git Server
=============================

Please note that connections and activity to this server are logged.
This server, git-01.md.hardenedbsd.org, acts as the source-of-truth
server for the HardenedBSD repositories.

Banner last updated: 10 Feb 2020 09:32 EST

Already up to date.
==== merge branches ====
==== merge freebsd/master branch ====
Updating 64304dc353bf..c6c922f5992b
Fast-forward
 sys/amd64/vmm/vmm.c                      |   6 +-
 sys/arm/allwinner/aw_gpio.c              |  11 -
 sys/arm/allwinner/files.allwinner        |   2 +-
 sys/arm/annapurna/alpine/alpine_common.c |  72 -----
 sys/arm/annapurna/alpine/files.alpine    |   1 -
 sys/arm/arm/bcopyinout.S                 |   9 -
 sys/arm/arm/bcopyinout_xscale.S          |   7 -
 sys/arm/arm/bus_space_base.c             |   3 -
 sys/arm/arm/copystr.S                    |   8 -
 sys/arm/arm/cpuinfo.c                    |  11 -
 sys/arm/arm/db_interface.c               |   3 +-
 sys/arm/arm/debug_monitor.c              |   1 -
 sys/arm/arm/disassem.c                   |   2 -
 sys/arm/arm/elf_machdep.c                |   8 -
 sys/arm/arm/exception.S                  |  85 ------
 sys/arm/arm/fiq.c                        |   8 -
 sys/arm/arm/fusu.S                       |  15 -
 sys/arm/arm/genassym.c                   |  34 ---
 sys/arm/arm/machdep.c                    | 353 ------------------------
 sys/arm/arm/machdep_intr.c               |   4 -
 sys/arm/arm/machdep_kdb.c                |   3 -
 sys/arm/arm/mem.c                        |   2 -
 sys/arm/arm/minidump_machdep.c           |   4 -
 sys/arm/arm/mp_machdep.c                 |   2 +-
 sys/arm/arm/nexus.c                      |  37 ---
 sys/arm/arm/stdatomic.c                  | 453 +------------------------------
 sys/arm/arm/sys_machdep.c                |  21 --
 sys/arm/arm/vm_machdep.c                 |  14 -
 sys/arm/freescale/imx/files.imx5         |   1 -
 sys/arm/freescale/imx/imx_common.c       |  72 -----
 sys/arm/include/_align.h                 |   4 -
 sys/arm/include/armreg.h                 |  27 --
 sys/arm/include/asmacros.h               |   6 -
 sys/arm/include/atomic-v6.h              |   4 +-
 sys/arm/include/bus.h                    |   4 -
 sys/arm/include/bus_dma.h                |  24 --
 sys/arm/include/cpu-v6.h                 |   4 -
 sys/arm/include/cpufunc.h                | 123 ---------
 sys/arm/include/cpuinfo.h                |   2 -
 sys/arm/include/db_machdep.h             |   4 -
 sys/arm/include/debug_monitor.h          |  30 --
 sys/arm/include/fdt.h                    |  10 -
 sys/arm/include/frame.h                  |   2 -
 sys/arm/include/intr.h                   |  38 ---
 sys/arm/include/kdb.h                    |  12 -
 sys/arm/include/machdep.h                |   7 -
 sys/arm/include/pcpu.h                   |   9 -
 sys/arm/include/proc.h                   |   5 -
 sys/arm/include/sf_buf.h                 |   8 -
 sys/arm/include/sysarch.h                |  21 --
 sys/arm/include/sysreg.h                 |  12 +-
 sys/arm/include/vm.h                     |   6 -
 sys/arm/mv/gpio.c                        |   2 -
 sys/arm/mv/mpic.c                        |   2 -
 sys/arm/mv/mv_common.c                   |  33 ---
 sys/arm/mv/mv_pci.c                      |   4 -
 sys/arm/versatile/files.versatile        |   1 -
 sys/arm/versatile/versatile_common.c     |  72 -----
 sys/kern/vfs_aio.c                       |   7 +-
 59 files changed, 12 insertions(+), 1723 deletions(-)
 delete mode 100644 sys/arm/annapurna/alpine/alpine_common.c
 delete mode 100644 sys/arm/freescale/imx/imx_common.c
 delete mode 100644 sys/arm/versatile/versatile_common.c
=============================
HardenedBSD Master git Server
=============================

Please note that connections and activity to this server are logged.
This server, git-01.md.hardenedbsd.org, acts as the source-of-truth
server for the HardenedBSD repositories.

Banner last updated: 10 Feb 2020 09:32 EST

remote: To github.com:HardenedBSD/hardenedBSD.git        
remote:    64304dc353bf..c6c922f5992b  freebsd/current/master -> freebsd/current/master        
remote:  ! [remote rejected]           refs/pull/18/head -> refs/pull/18/head (deny updating a hidden ref)        
remote:  ! [remote rejected]           refs/pull/19/head -> refs/pull/19/head (deny updating a hidden ref)        
remote:  ! [remote rejected]           refs/pull/20/head -> refs/pull/20/head (deny updating a hidden ref)        
remote:  ! [remote rejected]           refs/pull/21/head -> refs/pull/21/head (deny updating a hidden ref)        
remote: error: failed to push some refs to 'github.com:HardenedBSD/hardenedBSD.git'        
remote: . Processing 1 references        
remote: Processed 1 references in total        
remote: 
remote: Create a new pull request for 'freebsd/current/master':        
remote:   https://git-01.md.hardenedbsd.org/HardenedBSD/HardenedBSD/compare/hardened/current/master...freebsd/current/master        
remote: 
To git-01.md.hardenedbsd.org:HardenedBSD/HardenedBSD.git
   64304dc353bf..c6c922f5992b  freebsd/current/master -> freebsd/current/master
==== END: freebsd/current/master ====
