==== BEGIN: freebsd/current/master ====
current branch: freebsd/current/master
mergeable branch: freebsd/master
==== change branch ====
Switched to branch 'freebsd/current/master'
Your branch is up to date with 'origin/freebsd/current/master'.
==== show current branch ====
  freebsd/11-stable/master
  freebsd/11.2-releng/master
  freebsd/12-stable/master
  freebsd/12.1-releng/master
* freebsd/current/master
  hardened/11-stable/master
  hardened/11.2-releng/master
  hardened/12-stable/master
  hardened/12.1-releng/master
  hardened/current/master
==== check for stale changes ====
==== update to latest origin ====
warning: Pulling without specifying how to reconcile divergent branches is
discouraged. You can squelch this message by running one of the following
commands sometime before your next pull:

  git config pull.rebase false  # merge (the default strategy)
  git config pull.rebase true   # rebase
  git config pull.ff only       # fast-forward only

You can replace "git config" with "git config --global" to set a default
preference for all repositories. You can also pass --rebase, --no-rebase,
or --ff-only on the command line to override the configured default per
invocation.

=============================
HardenedBSD Master git Server
=============================

Please note that connections and activity to this server are logged.
This server, git-01.md.hardenedbsd.org, acts as the source-of-truth
server for the HardenedBSD repositories.

Banner last updated: 10 Feb 2020 09:32 EST

Already up to date.
==== merge branches ====
==== merge freebsd/master branch ====
Updating 6328f17203f7..faf01729e68b
Fast-forward
 lib/libutil/gr_util.c                      |    4 +-
 lib/libutil/pw_util.c                      |   17 +-
 sbin/dump/tape.c                           |  252 +++---
 share/misc/bsd-family-tree                 |    1 +
 stand/efi/libefi/Makefile                  |    2 +
 stand/efi/loader/main.c                    |   15 +-
 stand/i386/gptzfsboot/Makefile             |   19 +-
 stand/i386/libi386/Makefile                |    2 +
 stand/i386/zfsboot/Makefile                |   22 +-
 stand/i386/zfsboot/zfsboot.c               | 1158 ++++++++--------------------
 stand/libofw/Makefile                      |    3 +-
 stand/libsa/zfs/Makefile.inc               |    2 +-
 stand/libsa/zfs/libzfs.h                   |   79 +-
 stand/libsa/zfs/nvlist.c                   |  601 +++++++++++++++
 stand/libsa/zfs/zfs.c                      |  264 ++++++-
 stand/libsa/zfs/zfsimpl.c                  |  414 +++-------
 stand/loader.mk                            |    1 +
 stand/userboot/userboot/Makefile           |    1 +
 sys/arm/broadcom/bcm2835/bcm2835_cpufreq.c |    1 +
 sys/cam/cam_xpt.c                          |   18 +-
 sys/cam/cam_xpt.h                          |    4 +-
 sys/cddl/boot/zfs/zfsimpl.h                |   35 +-
 22 files changed, 1586 insertions(+), 1329 deletions(-)
 create mode 100644 stand/libsa/zfs/nvlist.c
=============================
HardenedBSD Master git Server
=============================

Please note that connections and activity to this server are logged.
This server, git-01.md.hardenedbsd.org, acts as the source-of-truth
server for the HardenedBSD repositories.

Banner last updated: 10 Feb 2020 09:32 EST

remote: To github.com:HardenedBSD/hardenedBSD.git        
remote:    6328f17203f7..faf01729e68b  freebsd/current/master -> freebsd/current/master
remote:    e84080ac6ec3..4fe61b39923f  github/freebsd/11-stable/master -> github/freebsd/11-stable/master        
remote: 
remote: Create a new pull request for 'freebsd/current/master':        
remote:   https://git-01.md.hardenedbsd.org/hardenedbsd/HardenedBSD/compare/hardened/current/master...freebsd/current/master        
remote: 
To git-01.md.hardenedbsd.org:HardenedBSD/HardenedBSD.git
   6328f17203f7..faf01729e68b  freebsd/current/master -> freebsd/current/master
==== END: freebsd/current/master ====
