==== BEGIN: freebsd/12-stable/master ====
current branch: freebsd/12-stable/master
mergeable branch: freebsd/stable/12
==== change branch ====
Switched to branch 'freebsd/12-stable/master'
Your branch is up to date with 'origin/freebsd/12-stable/master'.
==== show current branch ====
  freebsd/11-stable/master
  freebsd/11.2-releng/master
* freebsd/12-stable/master
  freebsd/12.1-releng/master
  freebsd/current/master
  hardened/11-stable/master
  hardened/11.2-releng/master
  hardened/12-stable/master
  hardened/12.1-releng/master
  hardened/current/master
==== check for stale changes ====
==== update to latest origin ====
Already up to date.
==== merge branches ====
==== merge freebsd/stable/12 branch ====
Updating 978353aed921..5618d4418706
Fast-forward
 contrib/openbsm/libauditd/auditd_lib.c        |   2 +-
 share/man/man4/ahci.4                         |  22 ++-
 share/man/man4/nvd.4                          |   3 +-
 share/man/man4/nvme.4                         |  57 ++++++-
 sys/compat/linuxkpi/common/src/linux_compat.c |   3 +
 sys/dev/nvme/nvme.c                           |  19 ---
 sys/dev/nvme/nvme.h                           |   8 +
 sys/dev/nvme/nvme_ctrlr.c                     | 210 +++++++++++++++++++++++++-
 sys/dev/nvme/nvme_ctrlr_cmd.c                 |  15 +-
 sys/dev/nvme/nvme_private.h                   |  25 ++-
 sys/dev/nvme/nvme_qpair.c                     |  49 +++---
 sys/ufs/ufs/ufs_lookup.c                      |  47 ++++--
 12 files changed, 379 insertions(+), 81 deletions(-)
remote: To github.com:HardenedBSD/hardenedBSD.git        
remote:    978353aed921..5618d4418706  freebsd/12-stable/master -> freebsd/12-stable/master
remote: 
remote: Create a new pull request for 'freebsd/12-stable/master':        
remote:   https://git-01.md.hardenedbsd.org/hardenedbsd/HardenedBSD/compare/hardened/current/master...freebsd/12-stable/master        
remote: 
To git-01.md.hardenedbsd.org:HardenedBSD/HardenedBSD.git
   978353aed921..5618d4418706  freebsd/12-stable/master -> freebsd/12-stable/master
==== END: freebsd/12-stable/master ====
