==== BEGIN: freebsd/current/master ====
current branch: freebsd/current/master
mergeable branch: freebsd/master
==== change branch ====
Switched to branch 'freebsd/current/master'
Your branch is up to date with 'origin/freebsd/current/master'.
==== show current branch ====
  freebsd/11-stable/master
  freebsd/11.2-releng/master
  freebsd/12-stable/master
  freebsd/12.1-releng/master
* freebsd/current/master
  hardened/11-stable/master
  hardened/11.2-releng/master
  hardened/12-stable/master
  hardened/12.1-releng/master
  hardened/current/master
==== check for stale changes ====
==== update to latest origin ====
=============================
HardenedBSD Master git Server
=============================

Please note that connections and activity to this server are logged.
This server, git-01.md.hardenedbsd.org, acts as the source-of-truth
server for the HardenedBSD repositories.

Banner last updated: 10 Feb 2020 09:32 EST

Already up to date.
==== merge branches ====
==== merge freebsd/master branch ====
Updating 8abd951159e9..9346d926aa14
Fast-forward
 lib/libsecureboot/verify_file.c                   |  14 +
 libexec/rtld-elf/rtld-libc/Makefile.inc           |   2 +-
 libexec/rtld-elf/rtld.c                           |  33 ++-
 share/man/man7/security.7                         |   9 +-
 stand/common/install.c                            |   6 +-
 sys/amd64/amd64/initcpu.c                         |   1 +
 sys/amd64/amd64/machdep.c                         |   3 +
 sys/compat/linuxkpi/common/include/linux/rbtree.h |   5 +
 sys/dev/cpuctl/cpuctl.c                           |   1 +
 sys/kern/tty_info.c                               |   2 +-
 sys/net80211/ieee80211_freebsd.c                  |  59 +++-
 sys/net80211/ieee80211_freebsd.h                  |  32 +++
 sys/net80211/ieee80211_var.h                      |   3 +
 sys/opencrypto/cryptosoft.c                       | 323 ++++++++++++++--------
 sys/opencrypto/ktls_ocf.c                         |   1 +
 sys/security/mac_veriexec/veriexec_fingerprint.c  |   2 +-
 sys/sys/elf_common.h                              |   4 +
 sys/sys/param.h                                   |   2 +
 sys/sys/tree.h                                    | 285 +++++++++----------
 sys/vm/vm_object.c                                |   5 +
 sys/x86/include/specialreg.h                      |   5 +
 sys/x86/include/x86_var.h                         |   2 +
 sys/x86/x86/cpu_machdep.c                         |  54 ++++
 sys/x86/x86/identcpu.c                            |   1 +
 24 files changed, 578 insertions(+), 276 deletions(-)
=============================
HardenedBSD Master git Server
=============================

Please note that connections and activity to this server are logged.
This server, git-01.md.hardenedbsd.org, acts as the source-of-truth
server for the HardenedBSD repositories.

Banner last updated: 10 Feb 2020 09:32 EST

remote: To github.com:HardenedBSD/hardenedBSD.git        
remote:    8abd951159e9..9346d926aa14  freebsd/current/master -> freebsd/current/master        
remote:    c704ed2b794d..a4f09e7acbb3  github/freebsd/11-stable/master -> github/freebsd/11-stable/master        
remote: 
remote: Create a new pull request for 'freebsd/current/master':        
remote:   https://git-01.md.hardenedbsd.org/hardenedbsd/HardenedBSD/compare/hardened/current/master...freebsd/current/master        
remote: 
To git-01.md.hardenedbsd.org:HardenedBSD/HardenedBSD.git
   8abd951159e9..9346d926aa14  freebsd/current/master -> freebsd/current/master
==== END: freebsd/current/master ====
