==== BEGIN: freebsd/current/master ====
current branch: freebsd/current/master
mergeable branch: freebsd/master
==== change branch ====
Switched to branch 'freebsd/current/master'
Your branch is up to date with 'origin/freebsd/current/master'.
==== show current branch ====
  freebsd/11-stable/master
  freebsd/11.2-releng/master
  freebsd/12-stable/master
  freebsd/12.1-releng/master
* freebsd/current/master
  hardened/11-stable/master
  hardened/11.2-releng/master
  hardened/12-stable/master
  hardened/12.1-releng/master
  hardened/current/master
==== check for stale changes ====
==== update to latest origin ====
=============================
HardenedBSD Master git Server
=============================

Please note that connections and activity to this server are logged.
This server, git-01.md.hardenedbsd.org, acts as the source-of-truth
server for the HardenedBSD repositories.

Banner last updated: 10 Feb 2020 09:32 EST

Already up to date.
==== merge branches ====
==== merge freebsd/master branch ====
Updating 5895f51114dc..ff1c5def6f7a
Fast-forward
 release/tools/arm.subr                      |  2 +-
 sys/arm64/coresight/coresight_funnel.c      | 54 ++++------------
 sys/arm64/coresight/coresight_funnel.h      | 14 ++++-
 sys/arm64/coresight/coresight_funnel_acpi.c | 95 +++++++++++++++++++++++++++++
 sys/arm64/coresight/coresight_funnel_fdt.c  | 94 ++++++++++++++++++++++++++++
 sys/conf/files.arm64                        |  2 +
 sys/dev/acpica/acpi_resource.c              | 12 +++-
 7 files changed, 226 insertions(+), 47 deletions(-)
 create mode 100644 sys/arm64/coresight/coresight_funnel_acpi.c
 create mode 100644 sys/arm64/coresight/coresight_funnel_fdt.c
=============================
HardenedBSD Master git Server
=============================

Please note that connections and activity to this server are logged.
This server, git-01.md.hardenedbsd.org, acts as the source-of-truth
server for the HardenedBSD repositories.

Banner last updated: 10 Feb 2020 09:32 EST

remote: To github.com:HardenedBSD/hardenedBSD.git        
remote:    5895f51114dc..ff1c5def6f7a  freebsd/current/master -> freebsd/current/master        
remote:    b696e06f4415..2146ae52d4ec  github/hardened/12-stable/master -> github/hardened/12-stable/master        
remote: 
remote: Create a new pull request for 'freebsd/current/master':        
remote:   https://git-01.md.hardenedbsd.org/hardenedbsd/HardenedBSD/compare/hardened/current/master...freebsd/current/master        
remote: 
To git-01.md.hardenedbsd.org:HardenedBSD/HardenedBSD.git
   5895f51114dc..ff1c5def6f7a  freebsd/current/master -> freebsd/current/master
==== END: freebsd/current/master ====
