==== BEGIN: freebsd/current/master ====
current branch: freebsd/current/master
mergeable branch: freebsd/master
==== change branch ====
Switched to branch 'freebsd/current/master'
Your branch is up to date with 'origin/freebsd/current/master'.
==== show current branch ====
  freebsd/11-stable/master
  freebsd/11.2-releng/master
  freebsd/12-stable/master
  freebsd/12.1-releng/master
* freebsd/current/master
  hardened/11-stable/master
  hardened/11.2-releng/master
  hardened/12-stable/master
  hardened/12.1-releng/master
  hardened/current/master
==== check for stale changes ====
==== update to latest origin ====
warning: Pulling without specifying how to reconcile divergent branches is
discouraged. You can squelch this message by running one of the following
commands sometime before your next pull:

  git config pull.rebase false  # merge (the default strategy)
  git config pull.rebase true   # rebase
  git config pull.ff only       # fast-forward only

You can replace "git config" with "git config --global" to set a default
preference for all repositories. You can also pass --rebase, --no-rebase,
or --ff-only on the command line to override the configured default per
invocation.

=============================
HardenedBSD Master git Server
=============================

Please note that connections and activity to this server are logged.
This server, git-01.md.hardenedbsd.org, acts as the source-of-truth
server for the HardenedBSD repositories.

Banner last updated: 10 Feb 2020 09:32 EST

Already up to date.
==== merge branches ====
==== merge freebsd/master branch ====
Updating 659ec70c611d..fde5a30f99b0
Fast-forward
 sys/dev/cxgbe/adapter.h               |   1 -
 sys/dev/cxgbe/crypto/t4_kern_tls.c    |  14 +--
 sys/dev/cxgbe/offload.h               |  16 +--
 sys/dev/cxgbe/t4_main.c               |  28 +-----
 sys/dev/cxgbe/t4_sched.c              |   4 +-
 sys/dev/cxgbe/t4_sge.c                |  32 +++---
 sys/dev/drm2/drm_bufs.c               |  10 +-
 sys/dev/mlx5/mlx5_en/en.h             |   7 +-
 sys/dev/mlx5/mlx5_en/en_hw_tls.h      |   2 +-
 sys/dev/mlx5/mlx5_en/en_rl.h          |   2 +-
 sys/dev/mlx5/mlx5_en/mlx5_en_hw_tls.c |  30 +++---
 sys/dev/mlx5/mlx5_en/mlx5_en_main.c   |  25 ++---
 sys/dev/mlx5/mlx5_en/mlx5_en_rl.c     |  12 +--
 sys/dev/mlx5/mlx5_en/mlx5_en_tx.c     |  15 ++-
 sys/fs/ext2fs/ext2_alloc.c            |   2 +-
 sys/kern/kern_mbuf.c                  |   3 +-
 sys/net/if_bridge.c                   | 177 +++++++++++++++++-----------------
 sys/net/if_lagg.c                     |   2 +-
 sys/net/if_vlan.c                     |   2 +-
 sys/netinet/tcp_ratelimit.c           |   4 +-
 sys/opencrypto/cryptosoft.c           |  35 ++-----
 sys/sys/mbuf.h                        |   3 +-
 22 files changed, 176 insertions(+), 250 deletions(-)
=============================
HardenedBSD Master git Server
=============================

Please note that connections and activity to this server are logged.
This server, git-01.md.hardenedbsd.org, acts as the source-of-truth
server for the HardenedBSD repositories.

Banner last updated: 10 Feb 2020 09:32 EST

remote: To github.com:HardenedBSD/hardenedBSD.git        
remote:    659ec70c611d..fde5a30f99b0  freebsd/current/master -> freebsd/current/master        
remote:    c3e70ce6b14b..fcfdc8ab128e  github/hardened/12-stable/master -> github/hardened/12-stable/master        
remote: 
remote: Create a new pull request for 'freebsd/current/master':        
remote:   https://git-01.md.hardenedbsd.org/HardenedBSD/HardenedBSD/compare/hardened/current/master...freebsd/current/master        
remote: 
remote: . Processing 1 references        
remote: Processed 1 references in total        
To git-01.md.hardenedbsd.org:HardenedBSD/HardenedBSD.git
   659ec70c611d..fde5a30f99b0  freebsd/current/master -> freebsd/current/master
==== END: freebsd/current/master ====
