==== BEGIN: freebsd/current/master ====
current branch: freebsd/current/master
mergeable branch: freebsd/master
==== change branch ====
Switched to branch 'freebsd/current/master'
Your branch is up to date with 'origin/freebsd/current/master'.
==== show current branch ====
  freebsd/11-stable/master
  freebsd/11.2-releng/master
  freebsd/12-stable/master
  freebsd/12.1-releng/master
* freebsd/current/master
  hardened/11-stable/master
  hardened/11.2-releng/master
  hardened/12-stable/master
  hardened/12.1-releng/master
  hardened/current/master
==== check for stale changes ====
==== update to latest origin ====
=============================
HardenedBSD Master git Server
=============================

Please note that connections and activity to this server are logged.
This server, git-01.md.hardenedbsd.org, acts as the source-of-truth
server for the HardenedBSD repositories.

Banner last updated: 10 Feb 2020 09:32 EST

Already up to date.
==== merge branches ====
==== merge freebsd/master branch ====
Updating 8103b0ddb041..a9a4eb77203e
Fast-forward
 contrib/llvm-project/clang/lib/CodeGen/CGClass.cpp |   2 +-
 .../llvm-project/clang/lib/CodeGen/CGExprCXX.cpp   |   5 +-
 .../clang/lib/CodeGen/CodeGenFunction.cpp          |   3 +-
 include/unistd.h                                   |   1 +
 lib/libc/sys/Makefile.inc                          |   1 +
 lib/libc/sys/Symbol.map                            |   1 +
 lib/libc/sys/closefrom.2                           |  41 +++++-
 sys/amd64/conf/GENERIC                             |   1 +
 sys/amd64/conf/GENERIC-NODEBUG                     |   1 +
 sys/compat/freebsd32/freebsd32_syscall.h           |   3 +-
 sys/compat/freebsd32/freebsd32_syscalls.c          |   1 +
 sys/compat/freebsd32/freebsd32_sysent.c            |   1 +
 sys/compat/freebsd32/freebsd32_systrace_args.c     |  30 ++++
 sys/compat/freebsd32/syscalls.master               |   2 +
 sys/conf/NOTES                                     |  12 ++
 sys/conf/options                                   |   6 +-
 sys/kern/capabilities.conf                         |   1 +
 sys/kern/init_sysent.c                             |   1 +
 sys/kern/kern_descrip.c                            |  69 ++++++++--
 sys/kern/syscalls.c                                |   1 +
 sys/kern/syscalls.master                           |   7 +
 sys/kern/systrace_args.c                           |  30 ++++
 sys/netinet/ip_carp.c                              |  18 ++-
 sys/sys/syscall.h                                  |   3 +-
 sys/sys/syscall.mk                                 |   3 +-
 sys/sys/syscallsubr.h                              |   1 +
 sys/sys/sysproto.h                                 |   7 +
 tests/sys/file/closefrom_test.c                    |  40 +++++-
 tests/sys/netinet/Makefile                         |   2 +-
 tests/sys/netinet/carp.sh                          | 152 +++++++++++++++++++++
 usr.sbin/bsdconfig/bsdconfig.8                     |   8 +-
 31 files changed, 417 insertions(+), 37 deletions(-)
 create mode 100755 tests/sys/netinet/carp.sh
=============================
HardenedBSD Master git Server
=============================

Please note that connections and activity to this server are logged.
This server, git-01.md.hardenedbsd.org, acts as the source-of-truth
server for the HardenedBSD repositories.

Banner last updated: 10 Feb 2020 09:32 EST

remote: To github.com:HardenedBSD/hardenedBSD.git        
remote:    8103b0ddb041..a9a4eb77203e  freebsd/current/master -> freebsd/current/master        
remote:    9a76a1f0c786..a462c41e183c  github/hardened/12-stable/master -> github/hardened/12-stable/master        
remote: 
remote: Create a new pull request for 'freebsd/current/master':        
remote:   https://git-01.md.hardenedbsd.org/hardenedbsd/HardenedBSD/compare/hardened/current/master...freebsd/current/master        
remote: 
To git-01.md.hardenedbsd.org:HardenedBSD/HardenedBSD.git
   8103b0ddb041..a9a4eb77203e  freebsd/current/master -> freebsd/current/master
==== END: freebsd/current/master ====
