==== BEGIN: freebsd/12-stable/master ====
current branch: freebsd/12-stable/master
mergeable branch: freebsd/stable/12
==== change branch ====
Switched to branch 'freebsd/12-stable/master'
Your branch is up to date with 'origin/freebsd/12-stable/master'.
==== show current branch ====
  freebsd/11-stable/master
  freebsd/11.2-releng/master
* freebsd/12-stable/master
  freebsd/12.1-releng/master
  freebsd/current/master
  hardened/11-stable/master
  hardened/11.2-releng/master
  hardened/12-stable/master
  hardened/12.1-releng/master
  hardened/current/master
==== check for stale changes ====
==== update to latest origin ====
=============================
HardenedBSD Master git Server
=============================

Please note that connections and activity to this server are logged.
This server, git-01.md.hardenedbsd.org, acts as the source-of-truth
server for the HardenedBSD repositories.

Banner last updated: 10 Feb 2020 09:32 EST

Already up to date.
==== merge branches ====
==== merge freebsd/stable/12 branch ====
Updating 92cf4553332e..3af7c18fa791
Fast-forward
 contrib/elftoolchain/addr2line/addr2line.c | 147 +++++++++++++++++-------
 lib/libc/sys/mprotect.2                    |  12 +-
 lib/libkvm/kvm_getswapinfo.c               |   6 +-
 sys/amd64/amd64/initcpu.c                  |   2 +-
 sys/amd64/amd64/support.S                  |   2 +-
 sys/dev/cpuctl/cpuctl.c                    |   2 +-
 sys/fs/ext2fs/ext2_bmap.c                  | 173 ++++++++++++++++++++++++-----
 sys/fs/ext2fs/ext2_extern.h                |   1 +
 sys/fs/ext2fs/ext2_vnops.c                 |  15 ++-
 sys/i386/i386/support.s                    |   2 +-
 sys/vm/swap_pager.c                        |   2 +-
 sys/vm/swap_pager.h                        |  13 +--
 sys/x86/acpica/acpi_wakeup.c               |   2 +-
 sys/x86/include/x86_var.h                  |   4 +-
 sys/x86/x86/cpu_machdep.c                  |  20 ++--
 15 files changed, 298 insertions(+), 105 deletions(-)
=============================
HardenedBSD Master git Server
=============================

Please note that connections and activity to this server are logged.
This server, git-01.md.hardenedbsd.org, acts as the source-of-truth
server for the HardenedBSD repositories.

Banner last updated: 10 Feb 2020 09:32 EST

remote: To github.com:HardenedBSD/hardenedBSD.git        
remote:    92cf4553332e..3af7c18fa791  freebsd/12-stable/master -> freebsd/12-stable/master        
remote: 
remote: Create a new pull request for 'freebsd/12-stable/master':        
remote:   https://git-01.md.hardenedbsd.org/hardenedbsd/HardenedBSD/compare/hardened/current/master...freebsd/12-stable/master        
remote: 
To git-01.md.hardenedbsd.org:HardenedBSD/HardenedBSD.git
   92cf4553332e..3af7c18fa791  freebsd/12-stable/master -> freebsd/12-stable/master
==== END: freebsd/12-stable/master ====
