==== BEGIN: freebsd/current/master ====
current branch: freebsd/current/master
mergeable branch: freebsd/master
==== change branch ====
Switched to branch 'freebsd/current/master'
Your branch is up to date with 'origin/freebsd/current/master'.
==== show current branch ====
  freebsd/11-stable/master
  freebsd/11.2-releng/master
  freebsd/12-stable/master
  freebsd/12.1-releng/master
* freebsd/current/master
  hardened/11-stable/master
  hardened/11.2-releng/master
  hardened/12-stable/master
  hardened/12.1-releng/master
  hardened/current/master
==== check for stale changes ====
==== update to latest origin ====
Already up to date.
==== merge branches ====
==== merge freebsd/master branch ====
Updating 9aa583df2066..e8ec070d82b8
Fast-forward
 sys/net/bpf.c                     | 13 ++++++-------
 sys/net/if.c                      | 16 ++++++++--------
 sys/net/if_gif.c                  |  3 +--
 sys/net/if_gif.h                  |  2 --
 sys/net/if_gre.c                  |  2 +-
 sys/net/if_ipsec.c                |  2 +-
 sys/net/if_lagg.c                 |  4 ++--
 sys/net/if_me.c                   |  4 ++--
 sys/net/if_vlan.c                 |  4 ++--
 sys/net/route.c                   |  2 +-
 sys/netinet/in.c                  |  4 ++--
 sys/netinet/in_gif.c              |  8 ++++----
 sys/netinet/in_pcb.c              |  9 ++++-----
 sys/netinet/ip_gre.c              |  9 ++++-----
 sys/netinet/tcp_ratelimit.c       | 14 +++++++-------
 sys/netinet6/in6.c                |  4 ++--
 sys/netinet6/in6_gif.c            |  8 ++++----
 sys/netinet6/ip6_gre.c            |  9 ++++-----
 sys/netpfil/ipfw/nat64/nat64lsn.c |  2 +-
 sys/sys/epoch.h                   |  1 +
 usr.sbin/bsdinstall/bsdinstall.8  |  2 +-
 usr.sbin/bsdinstall/scripts/auto  | 10 +++++-----
 22 files changed, 63 insertions(+), 69 deletions(-)
remote: To github.com:HardenedBSD/hardenedBSD.git        
remote:    9aa583df2066..e8ec070d82b8  freebsd/current/master -> freebsd/current/master        
remote: Gitea: Internal Server Error        
remote: Failed to Update: hardenedbsd/hardenedbsd Branch: freebsd/current/master Error: newCommit.CommitsBeforeUntil: packfile not found        
To git-01.md.hardenedbsd.org:HardenedBSD/HardenedBSD.git
   9aa583df2066..e8ec070d82b8  freebsd/current/master -> freebsd/current/master
==== END: freebsd/current/master ====
