==== BEGIN: freebsd/current/master ====
current branch: freebsd/current/master
mergeable branch: freebsd/master
==== change branch ====
Switched to branch 'freebsd/current/master'
Your branch is up to date with 'origin/freebsd/current/master'.
==== show current branch ====
  freebsd/11-stable/master
  freebsd/11.2-releng/master
  freebsd/12-stable/master
  freebsd/12.1-releng/master
* freebsd/current/master
  hardened/11-stable/master
  hardened/11.2-releng/master
  hardened/12-stable/master
  hardened/12.1-releng/master
  hardened/current/master
==== check for stale changes ====
==== update to latest origin ====
Already up to date.
==== merge branches ====
==== merge freebsd/master branch ====
Updating b60894b10adb..6f0779143f17
Fast-forward
 sys/compat/linux/linux_misc.c   | 11 ++-------
 sys/kern/kern_resource.c        | 54 ++++++++++++++++++++++++++---------------
 sys/netinet/sctp_cc_functions.c |  2 +-
 sys/netinet6/nd6.h              |  1 -
 sys/netinet6/nd6_rtr.c          |  3 ++-
 sys/sys/syscallsubr.h           |  2 ++
 6 files changed, 41 insertions(+), 32 deletions(-)
remote: To github.com:HardenedBSD/hardenedBSD.git        
remote:    b60894b10adb..6f0779143f17  freebsd/current/master -> freebsd/current/master        
remote: 
remote: Create a new pull request for 'freebsd/current/master':        
remote:   https://git-01.md.hardenedbsd.org/hardenedbsd/HardenedBSD/compare/hardened/current/master...freebsd/current/master        
remote: 
To git-01.md.hardenedbsd.org:HardenedBSD/HardenedBSD.git
   b60894b10adb..6f0779143f17  freebsd/current/master -> freebsd/current/master
==== END: freebsd/current/master ====
