==== BEGIN: freebsd/current/master ====
current branch: freebsd/current/master
mergeable branch: freebsd/master
==== change branch ====
Switched to branch 'freebsd/current/master'
Your branch is up to date with 'origin/freebsd/current/master'.
==== show current branch ====
  freebsd/11-stable/master
  freebsd/11.2-releng/master
  freebsd/12-stable/master
  freebsd/12.1-releng/master
* freebsd/current/master
  hardened/11-stable/master
  hardened/11.2-releng/master
  hardened/12-stable/master
  hardened/12.1-releng/master
  hardened/current/master
==== check for stale changes ====
==== update to latest origin ====
Already up to date.
==== merge branches ====
==== merge freebsd/master branch ====
Updating 24ac2fb6ec0..6f1b6d76b5a
Fast-forward
 share/man/man5/src.conf.5 |  6 +++---
 share/mk/src.opts.mk      |  4 ++++
 sys/amd64/amd64/pmap.c    |  3 +--
 sys/kern/kern_mtxpool.c   |  2 +-
 sys/kern/kern_mutex.c     | 12 ++++++++++--
 sys/kern/kern_rwlock.c    | 18 ++++++++++++------
 sys/kern/kern_sx.c        | 18 ++++++++++++------
 sys/kern/subr_lock.c      | 25 ++++++++++++++++++++++++-
 sys/netinet/sctp_output.c |  2 +-
 sys/netinet/sctp_pcb.c    |  2 +-
 sys/netinet/sctputil.c    |  5 ++---
 sys/sys/lock.h            | 10 +++++++---
 12 files changed, 78 insertions(+), 29 deletions(-)
remote: To github.com:HardenedBSD/hardenedBSD.git        
remote:    24ac2fb6ec06..6f1b6d76b5a4  freebsd/current/master -> freebsd/current/master        
remote:    d5eb945ec7ae..24ac2fb6ec06  github/freebsd/current/master -> github/freebsd/current/master        
remote: 
remote: Create a new pull request for 'freebsd/current/master':        
remote:   https://git-01.md.hardenedbsd.org/hardenedbsd/HardenedBSD/compare/hardened/current/master...freebsd/current/master        
remote: 
To git-01.md.hardenedbsd.org:HardenedBSD/HardenedBSD.git
   24ac2fb6ec0..6f1b6d76b5a  freebsd/current/master -> freebsd/current/master
==== END: freebsd/current/master ====
