==== BEGIN: freebsd/current/master ====
current branch: freebsd/current/master
mergeable branch: freebsd/master
==== change branch ====
Switched to branch 'freebsd/current/master'
Your branch is behind 'freebsd/master' by 1 commit, and can be fast-forwarded.
  (use "git pull" to update your local branch)
==== show current branch ====
  freebsd/10-stable/master
  freebsd/10.3-releng/master
  freebsd/11-stable/master
  freebsd/11.0-releng/master
  freebsd/11.1-releng/master
  freebsd/11.2-releng/master
  freebsd/12-stable/master
  freebsd/12.0-releng/master
  freebsd/12.1-releng/master
* freebsd/current/master
  hardened/10-stable/master
  hardened/10-stable/master-libressl
  hardened/10.3-releng/master
  hardened/11-stable/master
  hardened/11-stable/master-libressl
  hardened/11.0-releng/master
  hardened/11.1-releng/master
  hardened/11.2-releng/master
  hardened/12-stable/master
  hardened/12.0-releng/master
  hardened/12.1-releng/master
  hardened/current/intel-smap
  hardened/current/log
  hardened/current/master
  hardened/current/segvguard-ng
==== check for stale changes ====
==== update to latest origin ====
Updating a329a5f6804f..5fa79c6768be
Fast-forward
 sys/cam/ata/ata_da.c   | 10 ++++++++++
 sys/cam/scsi/scsi_da.c | 12 ++++++++++--
 2 files changed, 20 insertions(+), 2 deletions(-)
==== merge branches ====
==== merge freebsd/master branch ====
Already up to date.
To github.com:HardenedBSD/hardenedBSD.git
   a329a5f6804f..5fa79c6768be  freebsd/current/master -> freebsd/current/master
==== END: freebsd/current/master ====
