==== BEGIN: freebsd/current/master ====
current branch: freebsd/current/master
mergeable branch: freebsd/master
==== change branch ====
Switched to branch 'freebsd/current/master'
Your branch is up to date with 'origin/freebsd/current/master'.
==== show current branch ====
  freebsd/11-stable/master
  freebsd/11.2-releng/master
  freebsd/12-stable/master
  freebsd/12.1-releng/master
* freebsd/current/master
  hardened/11-stable/master
  hardened/11.2-releng/master
  hardened/12-stable/master
  hardened/12.1-releng/master
  hardened/current/master
==== check for stale changes ====
==== update to latest origin ====
=============================
HardenedBSD Master git Server
=============================

Please note that connections and activity to this server are logged.
This server, git-01.md.hardenedbsd.org, acts as the source-of-truth
server for the HardenedBSD repositories.

Banner last updated: 10 Feb 2020 09:32 EST

Already up to date.
==== merge branches ====
==== merge freebsd/master branch ====
Updating d4a3acbc0757..e3a794daf5f1
Fast-forward
 ObsoleteFiles.inc                         |   4 +
 etc/mtree/BSD.lib32.dist                  |   2 +
 secure/lib/libcrypto/Makefile.inc         |   2 +-
 secure/lib/libcrypto/engines/Makefile.inc |   2 +-
 sys/conf/ldscript.powerpc64               |   7 +-
 sys/dev/netmap/if_vtnet_netmap.h          |  66 +++------
 sys/kern/vfs_mount.c                      |  14 +-
 sys/net/if_llatbl.c                       |   1 +
 sys/net/route.c                           |  15 +-
 sys/net/route.h                           |  10 --
 sys/net/route/nhop_ctl.c                  |   1 +
 sys/net/route/route_ctl.c                 | 220 +++++++++++++++++++++++++++---
 sys/net/route/route_ddb.c                 |   1 +
 sys/net/route/route_helpers.c             |   1 +
 sys/net/route/route_temporal.c            |   2 +
 sys/net/route/route_var.h                 |   9 +-
 sys/netinet/in_rmx.c                      |   1 +
 sys/netinet/ip_icmp.c                     |   1 +
 sys/netinet6/icmp6.c                      |   1 +
 sys/netinet6/in6_rmx.c                    |   1 +
 sys/netinet6/nd6_rtr.c                    |   1 +
 sys/sys/file.h                            |   4 -
 tests/sys/net/if_bridge_test.sh           |  17 +--
 23 files changed, 277 insertions(+), 106 deletions(-)
=============================
HardenedBSD Master git Server
=============================

Please note that connections and activity to this server are logged.
This server, git-01.md.hardenedbsd.org, acts as the source-of-truth
server for the HardenedBSD repositories.

Banner last updated: 10 Feb 2020 09:32 EST

remote: To github.com:HardenedBSD/hardenedBSD.git        
remote:    d4a3acbc0757..e3a794daf5f1  freebsd/current/master -> freebsd/current/master        
remote: 
remote: Create a new pull request for 'freebsd/current/master':        
remote:   https://git-01.md.hardenedbsd.org/hardenedbsd/HardenedBSD/compare/hardened/current/master...freebsd/current/master        
remote: 
To git-01.md.hardenedbsd.org:HardenedBSD/HardenedBSD.git
   d4a3acbc0757..e3a794daf5f1  freebsd/current/master -> freebsd/current/master
==== END: freebsd/current/master ====
