==== BEGIN: freebsd/12-stable/master ====
current branch: freebsd/12-stable/master
mergeable branch: freebsd/stable/12
==== change branch ====
Switched to branch 'freebsd/12-stable/master'
Your branch is behind 'freebsd/stable/12' by 1 commit, and can be fast-forwarded.
  (use "git pull" to update your local branch)
==== show current branch ====
  freebsd/10-stable/master
  freebsd/10.3-releng/master
  freebsd/11-stable/master
  freebsd/11.0-releng/master
  freebsd/11.1-releng/master
  freebsd/11.2-releng/master
* freebsd/12-stable/master
  freebsd/12.0-releng/master
  freebsd/12.1-releng/master
  freebsd/current/master
  hardened/10-stable/master
  hardened/10-stable/master-libressl
  hardened/10.3-releng/master
  hardened/11-stable/master
  hardened/11-stable/master-libressl
  hardened/11.0-releng/master
  hardened/11.1-releng/master
  hardened/11.2-releng/master
  hardened/12-stable/master
  hardened/12.0-releng/master
  hardened/12.1-releng/master
  hardened/current/intel-smap
  hardened/current/log
  hardened/current/master
  hardened/current/segvguard-ng
==== check for stale changes ====
==== update to latest origin ====
Updating 88a35236ae22..e2995bf0d151
Fast-forward
 share/vt/keymaps/INDEX.keymaps | 2 +-
 1 file changed, 1 insertion(+), 1 deletion(-)
==== merge branches ====
==== merge freebsd/stable/12 branch ====
Already up to date.
To github.com:HardenedBSD/hardenedBSD.git
   88a35236ae22..e2995bf0d151  freebsd/12-stable/master -> freebsd/12-stable/master
==== END: freebsd/12-stable/master ====
