==== BEGIN: freebsd/current/master ====
current branch: freebsd/current/master
mergeable branch: freebsd/master
==== change branch ====
Switched to branch 'freebsd/current/master'
Your branch is up to date with 'origin/freebsd/current/master'.
==== show current branch ====
  freebsd/11-stable/master
  freebsd/11.2-releng/master
  freebsd/12-stable/master
  freebsd/12.1-releng/master
* freebsd/current/master
  hardened/11-stable/master
  hardened/11.2-releng/master
  hardened/12-stable/master
  hardened/12.1-releng/master
  hardened/current/master
==== check for stale changes ====
==== update to latest origin ====
=============================
HardenedBSD Master git Server
=============================

Please note that connections and activity to this server are logged.
This server, git-01.md.hardenedbsd.org, acts as the source-of-truth
server for the HardenedBSD repositories.

Banner last updated: 10 Feb 2020 09:32 EST

Already up to date.
==== merge branches ====
==== merge freebsd/master branch ====
Updating 04eab4e02fe7..9e4672402350
Fast-forward
 sys/kern/sys_pipe.c         |    9 +
 sys/powerpc/booke/pmap.c    | 1453 +++----------------------------------------
 sys/powerpc/booke/pmap_32.c |  933 +++++++++++++++++++++++++++
 sys/powerpc/booke/pmap_64.c |  759 ++++++++++++++++++++++
 4 files changed, 1777 insertions(+), 1377 deletions(-)
 create mode 100644 sys/powerpc/booke/pmap_32.c
 create mode 100644 sys/powerpc/booke/pmap_64.c
=============================
HardenedBSD Master git Server
=============================

Please note that connections and activity to this server are logged.
This server, git-01.md.hardenedbsd.org, acts as the source-of-truth
server for the HardenedBSD repositories.

Banner last updated: 10 Feb 2020 09:32 EST

remote: To github.com:HardenedBSD/hardenedBSD.git        
remote:    04eab4e02fe7..9e4672402350  freebsd/current/master -> freebsd/current/master        
remote: Gitea: Internal Server Error        
remote: Failed to Update: hardenedbsd/hardenedbsd Branch: freebsd/current/master Error: newCommit.CommitsBeforeUntil: packfile not found
To git-01.md.hardenedbsd.org:HardenedBSD/HardenedBSD.git
   04eab4e02fe7..9e4672402350  freebsd/current/master -> freebsd/current/master
==== END: freebsd/current/master ====
