==== BEGIN: freebsd/current/master ====
current branch: freebsd/current/master
mergeable branch: freebsd/master
==== change branch ====
Switched to branch 'freebsd/current/master'
Your branch is up to date with 'origin/freebsd/current/master'.
==== show current branch ====
  freebsd/11-stable/master
  freebsd/11.2-releng/master
  freebsd/12-stable/master
  freebsd/12.1-releng/master
* freebsd/current/master
  hardened/11-stable/master
  hardened/11.2-releng/master
  hardened/12-stable/master
  hardened/12.1-releng/master
  hardened/current/master
==== check for stale changes ====
==== update to latest origin ====
Already up to date.
==== merge branches ====
==== merge freebsd/master branch ====
Updating 6f1b6d76b5a..4281552371d
Fast-forward
 share/man/man5/src.conf.5 |  4 +--
 share/man/man7/arch.7     | 22 ++++++++--------
 share/mk/src.opts.mk      |  2 +-
 sys/netgraph/ng_bridge.c  | 66 +++++++++++++++++++++++++++++++++++++++++++++++
 sys/netgraph/ng_bridge.h  | 43 ++++++++++++++++++++++++++++++
 sys/vm/uma_core.c         | 14 +++++++---
 6 files changed, 133 insertions(+), 18 deletions(-)
remote: To github.com:HardenedBSD/hardenedBSD.git        
remote:    6f1b6d76b5a4..4281552371d0  freebsd/current/master -> freebsd/current/master        
remote:    b76e996eb327..4faa265d4e9d  github/freebsd/11-stable/master -> github/freebsd/11-stable/master        
remote: 
remote: Create a new pull request for 'freebsd/current/master':        
remote:   https://git-01.md.hardenedbsd.org/hardenedbsd/HardenedBSD/compare/hardened/current/master...freebsd/current/master        
remote: 
To git-01.md.hardenedbsd.org:HardenedBSD/HardenedBSD.git
   6f1b6d76b5a..4281552371d  freebsd/current/master -> freebsd/current/master
==== END: freebsd/current/master ====
