==== BEGIN: freebsd/12-stable/master ====
current branch: freebsd/12-stable/master
mergeable branch: freebsd/stable/12
==== change branch ====
Switched to branch 'freebsd/12-stable/master'
Your branch is up to date with 'origin/freebsd/12-stable/master'.
==== show current branch ====
  freebsd/11-stable/master
  freebsd/11.2-releng/master
* freebsd/12-stable/master
  freebsd/12.1-releng/master
  freebsd/current/master
  hardened/11-stable/master
  hardened/11.2-releng/master
  hardened/12-stable/master
  hardened/12.1-releng/master
  hardened/current/master
==== check for stale changes ====
==== update to latest origin ====
Already up to date.
==== merge branches ====
==== merge freebsd/stable/12 branch ====
Updating bf581a01e211..0d1c391321b3
Fast-forward
 contrib/netbsd-tests/lib/libc/c063/t_o_search.c    | 93 ++++++++++++++++++++--
 lib/libc/sys/open.2                                | 23 +++++-
 lib/libc/tests/c063/Makefile                       |  3 +-
 .../opensolaris/uts/common/fs/zfs/zfs_vnops.c      | 12 ++-
 sys/fs/devfs/devfs_vnops.c                         |  4 +-
 sys/fs/fuse/fuse_vnops.c                           |  4 +-
 sys/fs/nfsclient/nfs_clvnops.c                     |  3 +-
 sys/fs/smbfs/smbfs_vnops.c                         |  3 +-
 sys/fs/tmpfs/tmpfs_vnops.c                         |  2 +-
 sys/kern/vfs_cache.c                               |  6 +-
 sys/kern/vfs_lookup.c                              | 26 +++++-
 sys/kern/vfs_subr.c                                | 12 +++
 sys/sys/fcntl.h                                    |  2 +
 sys/sys/namei.h                                    |  3 +-
 sys/sys/vnode.h                                    |  2 +
 usr.bin/wc/wc.c                                    |  4 +-
 16 files changed, 172 insertions(+), 30 deletions(-)
remote: To github.com:HardenedBSD/hardenedBSD.git        
remote:    bf581a01e211..0d1c391321b3  freebsd/12-stable/master -> freebsd/12-stable/master        
remote: 
remote: Create a new pull request for 'freebsd/12-stable/master':        
remote:   https://git-01.md.hardenedbsd.org/hardenedbsd/HardenedBSD/compare/hardened/current/master...freebsd/12-stable/master        
remote: 
To git-01.md.hardenedbsd.org:HardenedBSD/HardenedBSD.git
   bf581a01e211..0d1c391321b3  freebsd/12-stable/master -> freebsd/12-stable/master
==== END: freebsd/12-stable/master ====
