==== BEGIN: freebsd/current/master ====
current branch: freebsd/current/master
mergeable branch: freebsd/master
==== change branch ====
Switched to branch 'freebsd/current/master'
Your branch is behind 'freebsd/master' by 4 commits, and can be fast-forwarded.
  (use "git pull" to update your local branch)
==== show current branch ====
  freebsd/10-stable/master
  freebsd/10.3-releng/master
  freebsd/11-stable/master
  freebsd/11.0-releng/master
  freebsd/11.1-releng/master
  freebsd/11.2-releng/master
  freebsd/12-stable/master
  freebsd/12.0-releng/master
  freebsd/12.1-releng/master
* freebsd/current/master
  hardened/10-stable/master
  hardened/10-stable/master-libressl
  hardened/10.3-releng/master
  hardened/11-stable/master
  hardened/11-stable/master-libressl
  hardened/11.0-releng/master
  hardened/11.1-releng/master
  hardened/11.2-releng/master
  hardened/12-stable/master
  hardened/12.0-releng/master
  hardened/12.1-releng/master
  hardened/current/intel-smap
  hardened/current/log
  hardened/current/master
  hardened/current/segvguard-ng
==== check for stale changes ====
==== update to latest origin ====
Updating 671ed4e43f26..5b3e917aa9bd
Fast-forward
 include/stdlib.h                                   |   6 -
 stand/libsa/zfs/zfsimpl.c                          | 256 +++++++++++----------
 .../linuxkpi/common/include/linux/compiler.h       |   1 +
 sys/dev/kbd/kbdreg.h                               | 187 +++++++++++----
 sys/dev/nvme/nvme_qpair.c                          |  14 +-
 sys/sys/cdefs.h                                    |   8 -
 6 files changed, 289 insertions(+), 183 deletions(-)
==== merge branches ====
==== merge freebsd/master branch ====
Already up to date.
To github.com:HardenedBSD/hardenedBSD.git
   671ed4e43f26..5b3e917aa9bd  freebsd/current/master -> freebsd/current/master
==== END: freebsd/current/master ====
