==== BEGIN: freebsd/current/master ====
current branch: freebsd/current/master
mergeable branch: freebsd/master
==== change branch ====
Switched to branch 'freebsd/current/master'
Your branch is up to date with 'origin/freebsd/current/master'.
==== show current branch ====
  freebsd/11-stable/master
  freebsd/11.2-releng/master
  freebsd/12-stable/master
  freebsd/12.1-releng/master
* freebsd/current/master
  hardened/11-stable/master
  hardened/11.2-releng/master
  hardened/12-stable/master
  hardened/12.1-releng/master
  hardened/current/master
==== check for stale changes ====
==== update to latest origin ====
Already up to date.
==== merge branches ====
==== merge freebsd/master branch ====
Updating 5911ea153184..77000233cce9
Fast-forward
 sbin/fsck_msdosfs/boot.c |  6 +++---
 sys/sys/elf_common.h     |  1 +
 sys/ufs/ufs/ufs_lookup.c | 47 ++++++++++++++++++++++++++++++++++-------------
 3 files changed, 38 insertions(+), 16 deletions(-)
remote: To github.com:HardenedBSD/hardenedBSD.git        
remote:    5911ea153184..77000233cce9  freebsd/current/master -> freebsd/current/master        
remote:    b968870a7ff4..133f8082a0c5  github/freebsd/11-stable/master -> github/freebsd/11-stable/master        
remote: 
remote: Create a new pull request for 'freebsd/current/master':        
remote:   https://git-01.md.hardenedbsd.org/hardenedbsd/HardenedBSD/compare/hardened/current/master...freebsd/current/master        
remote: 
To git-01.md.hardenedbsd.org:HardenedBSD/HardenedBSD.git
   5911ea153184..77000233cce9  freebsd/current/master -> freebsd/current/master
==== END: freebsd/current/master ====
