==== BEGIN: freebsd/current/master ====
current branch: freebsd/current/master
mergeable branch: freebsd/master
==== change branch ====
Switched to branch 'freebsd/current/master'
Your branch is up to date with 'origin/freebsd/current/master'.
==== show current branch ====
  freebsd/11-stable/master
  freebsd/11.2-releng/master
  freebsd/12-stable/master
  freebsd/12.1-releng/master
* freebsd/current/master
  hardened/11-stable/master
  hardened/11.2-releng/master
  hardened/12-stable/master
  hardened/12.1-releng/master
  hardened/current/master
==== check for stale changes ====
==== update to latest origin ====
warning: Pulling without specifying how to reconcile divergent branches is
discouraged. You can squelch this message by running one of the following
commands sometime before your next pull:

  git config pull.rebase false  # merge (the default strategy)
  git config pull.rebase true   # rebase
  git config pull.ff only       # fast-forward only

You can replace "git config" with "git config --global" to set a default
preference for all repositories. You can also pass --rebase, --no-rebase,
or --ff-only on the command line to override the configured default per
invocation.

=============================
HardenedBSD Master git Server
=============================

Please note that connections and activity to this server are logged.
This server, git-01.md.hardenedbsd.org, acts as the source-of-truth
server for the HardenedBSD repositories.

Banner last updated: 10 Feb 2020 09:32 EST

Already up to date.
==== merge branches ====
==== merge freebsd/master branch ====
Updating d3a8f8c8d52e..8f89ffb60b8b
Fast-forward
 lib/libc/sys/select.2     |  3 ++-
 share/man/man7/tests.7    | 29 +++++++++++++++--------------
 sys/conf/config.mk        |  7 +++++++
 sys/dev/md/md.c           |  2 --
 sys/fs/tmpfs/tmpfs_subr.c |  5 +----
 sys/kern/uipc_shm.c       |  5 -----
 sys/vm/vm_map.c           |  8 ++------
 sys/vm/vm_object.c        |  9 ++++++---
 usr.sbin/bhyve/bhyve.8    |  6 ++++--
 usr.sbin/bhyve/bhyverun.c | 13 ++++++++++---
 10 files changed, 47 insertions(+), 40 deletions(-)
=============================
HardenedBSD Master git Server
=============================

Please note that connections and activity to this server are logged.
This server, git-01.md.hardenedbsd.org, acts as the source-of-truth
server for the HardenedBSD repositories.

Banner last updated: 10 Feb 2020 09:32 EST

remote: To github.com:HardenedBSD/hardenedBSD.git        
remote:    d3a8f8c8d52e..8f89ffb60b8b  freebsd/current/master -> freebsd/current/master        
remote: Gitea: Internal Server Error        
remote: Failed to Update: hardenedbsd/hardenedbsd Branch: freebsd/current/master Error: newCommit.CommitsBeforeUntil: packfile not found        
To git-01.md.hardenedbsd.org:HardenedBSD/HardenedBSD.git
   d3a8f8c8d52e..8f89ffb60b8b  freebsd/current/master -> freebsd/current/master
==== END: freebsd/current/master ====
