==== BEGIN: freebsd/12-stable/master ====
current branch: freebsd/12-stable/master
mergeable branch: freebsd/stable/12
==== change branch ====
Switched to branch 'freebsd/12-stable/master'
Your branch is up to date with 'origin/freebsd/12-stable/master'.
==== show current branch ====
  freebsd/11-stable/master
  freebsd/11.2-releng/master
* freebsd/12-stable/master
  freebsd/12.1-releng/master
  freebsd/current/master
  hardened/11-stable/master
  hardened/11.2-releng/master
  hardened/12-stable/master
  hardened/12.1-releng/master
  hardened/current/master
==== check for stale changes ====
==== update to latest origin ====
warning: Pulling without specifying how to reconcile divergent branches is
discouraged. You can squelch this message by running one of the following
commands sometime before your next pull:

  git config pull.rebase false  # merge (the default strategy)
  git config pull.rebase true   # rebase
  git config pull.ff only       # fast-forward only

You can replace "git config" with "git config --global" to set a default
preference for all repositories. You can also pass --rebase, --no-rebase,
or --ff-only on the command line to override the configured default per
invocation.

=============================
HardenedBSD Master git Server
=============================

Please note that connections and activity to this server are logged.
This server, git-01.md.hardenedbsd.org, acts as the source-of-truth
server for the HardenedBSD repositories.

Banner last updated: 10 Feb 2020 09:32 EST

Already up to date.
==== merge branches ====
==== merge freebsd/stable/12 branch ====
Updating 5c0cb9d04e1a..9b81f9e167c3
Fast-forward
 sys/amd64/linux/linux.h                   |   9 -
 sys/amd64/linux/linux_machdep.c           |   7 +
 sys/amd64/linux/linux_proto.h             |   7 +
 sys/amd64/linux/linux_syscall.h           |   2 +-
 sys/amd64/linux/linux_syscalls.c          |   2 +-
 sys/amd64/linux/linux_sysent.c            |   2 +-
 sys/amd64/linux/linux_systrace_args.c     |   8 +-
 sys/amd64/linux/linux_sysvec.c            |  17 -
 sys/amd64/linux/syscalls.master           |   2 +-
 sys/amd64/linux32/linux.h                 |   9 -
 sys/amd64/linux32/linux32_machdep.c       | 102 +----
 sys/amd64/linux32/linux32_proto.h         |   7 +
 sys/amd64/linux32/linux32_syscall.h       |   2 +-
 sys/amd64/linux32/linux32_syscalls.c      |   2 +-
 sys/amd64/linux32/linux32_sysent.c        |   2 +-
 sys/amd64/linux32/linux32_systrace_args.c |   8 +-
 sys/amd64/linux32/linux32_sysvec.c        |  49 ---
 sys/amd64/linux32/syscalls.master         |   2 +-
 sys/arm64/linux/linux.h                   |   8 -
 sys/arm64/linux/linux_machdep.c           |   7 +
 sys/arm64/linux/linux_proto.h             |   7 +
 sys/arm64/linux/linux_syscall.h           |   2 +-
 sys/arm64/linux/linux_syscalls.c          |   2 +-
 sys/arm64/linux/linux_sysent.c            |   2 +-
 sys/arm64/linux/linux_systrace_args.c     |   8 +-
 sys/arm64/linux/linux_sysvec.c            |   5 -
 sys/arm64/linux/syscalls.master           |   5 +-
 sys/compat/linux/linux.c                  | 225 ++++++++++
 sys/compat/linux/linux.h                  |  14 +
 sys/compat/linux/linux_common.c           |   2 +
 sys/compat/linux/linux_common.h           |   7 +
 sys/compat/linux/linux_event.c            |   2 +-
 sys/compat/linux/linux_file.c             | 178 +-------
 sys/compat/linux/linux_fork.c             |  43 +-
 sys/compat/linux/linux_futex.c            |   2 +-
 sys/compat/linux/linux_getcwd.c           |   5 -
 sys/compat/linux/linux_ioctl.c            |  80 +---
 sys/compat/linux/linux_misc.c             | 340 +--------------
 sys/compat/linux/linux_misc.h             |   2 -
 sys/compat/linux/linux_mmap.c             | 164 +++++++
 sys/compat/linux/linux_mmap.h             |  21 +
 sys/compat/linux/linux_signal.c           |  81 ----
 sys/compat/linux/linux_socket.c           | 681 +++++++++++++-----------------
 sys/compat/linux/linux_socket.h           |  17 +-
 sys/compat/linux/linux_stats.c            |  68 ---
 sys/i386/linux/linux.h                    |   9 -
 sys/i386/linux/linux_machdep.c            | 111 +----
 sys/i386/linux/linux_proto.h              |   7 +
 sys/i386/linux/linux_syscall.h            |   2 +-
 sys/i386/linux/linux_syscalls.c           |   2 +-
 sys/i386/linux/linux_sysent.c             |   2 +-
 sys/i386/linux/linux_systrace_args.c      |   8 +-
 sys/i386/linux/linux_sysvec.c             |  51 +--
 sys/i386/linux/syscalls.master            |   2 +-
 sys/modules/linux/Makefile                |   9 -
 sys/modules/linux64/Makefile              |   9 -
 sys/modules/linux_common/Makefile         |  11 +-
 sys/sys/syscallsubr.h                     |   2 +
 sys/vm/vm_mmap.c                          |  14 +-
 59 files changed, 848 insertions(+), 1608 deletions(-)
=============================
HardenedBSD Master git Server
=============================

Please note that connections and activity to this server are logged.
This server, git-01.md.hardenedbsd.org, acts as the source-of-truth
server for the HardenedBSD repositories.

Banner last updated: 10 Feb 2020 09:32 EST

remote: To github.com:HardenedBSD/hardenedBSD.git        
remote:    5c0cb9d04e1a..9b81f9e167c3  freebsd/12-stable/master -> freebsd/12-stable/master        
remote: . Processing 1 references        
remote: Processed 1 references in total        
remote: 
remote: Create a new pull request for 'freebsd/12-stable/master':        
remote:   https://git-01.md.hardenedbsd.org/HardenedBSD/HardenedBSD/compare/hardened/current/master...freebsd/12-stable/master        
remote: 
To git-01.md.hardenedbsd.org:HardenedBSD/HardenedBSD.git
   5c0cb9d04e1a..9b81f9e167c3  freebsd/12-stable/master -> freebsd/12-stable/master
==== END: freebsd/12-stable/master ====
