==== BEGIN: freebsd/current/master ====
current branch: freebsd/current/master
mergeable branch: freebsd/master
==== change branch ====
Switched to branch 'freebsd/current/master'
Your branch is up to date with 'origin/freebsd/current/master'.
==== show current branch ====
  freebsd/11-stable/master
  freebsd/11.2-releng/master
  freebsd/12-stable/master
  freebsd/12.1-releng/master
* freebsd/current/master
  hardened/11-stable/master
  hardened/11.2-releng/master
  hardened/12-stable/master
  hardened/12.1-releng/master
  hardened/current/master
==== check for stale changes ====
==== update to latest origin ====
=============================
HardenedBSD Master git Server
=============================

Please note that connections and activity to this server are logged.
This server, git-01.md.hardenedbsd.org, acts as the source-of-truth
server for the HardenedBSD repositories.

Banner last updated: 10 Feb 2020 09:32 EST

Already up to date.
==== merge branches ====
==== merge freebsd/master branch ====
Updating dd5d004e0685..e2cf201d247a
Fast-forward
 bin/sh/histedit.c                         |  6 ++--
 contrib/bsnmp/snmpd/trans_inet.c          | 31 +++++++++---------
 share/man/man9/Makefile                   |  1 +
 share/man/man9/crypto_driver.9            | 10 +++++-
 share/man/man9/crypto_request.9           | 12 +------
 sys/crypto/aesni/aesni.c                  |  9 +-----
 sys/crypto/armv8/armv8_crypto.c           |  9 +-----
 sys/crypto/ccp/ccp_hardware.c             |  8 +----
 sys/crypto/via/padlock_cipher.c           |  8 +----
 sys/dev/cesa/cesa.c                       | 13 ++------
 sys/dev/cxgbe/crypto/t4_crypto.c          | 28 ++---------------
 sys/dev/glxsb/glxsb.c                     |  8 +----
 sys/dev/hifn/hifn7751.c                   | 16 ++--------
 sys/dev/safe/safe.c                       | 11 +------
 sys/dev/sec/sec.c                         | 14 ++-------
 sys/dev/ubsec/ubsec.c                     | 10 +-----
 sys/mips/cavium/cryptocteon/cryptocteon.c |  7 +----
 sys/mips/nlm/dev/sec/nlmsec.c             |  6 +---
 sys/netipsec/xform_esp.c                  | 52 ++++++++++++++++++++-----------
 sys/opencrypto/crypto.c                   | 15 ++-------
 sys/opencrypto/cryptodev.h                | 13 +++++++-
 sys/opencrypto/cryptosoft.c               | 25 ++-------------
 22 files changed, 99 insertions(+), 213 deletions(-)
=============================
HardenedBSD Master git Server
=============================

Please note that connections and activity to this server are logged.
This server, git-01.md.hardenedbsd.org, acts as the source-of-truth
server for the HardenedBSD repositories.

Banner last updated: 10 Feb 2020 09:32 EST

remote: To github.com:HardenedBSD/hardenedBSD.git        
remote:    dd5d004e0685..e2cf201d247a  freebsd/current/master -> freebsd/current/master        
remote: 
remote: Create a new pull request for 'freebsd/current/master':        
remote:   https://git-01.md.hardenedbsd.org/hardenedbsd/HardenedBSD/compare/hardened/current/master...freebsd/current/master        
remote: 
To git-01.md.hardenedbsd.org:HardenedBSD/HardenedBSD.git
   dd5d004e0685..e2cf201d247a  freebsd/current/master -> freebsd/current/master
==== END: freebsd/current/master ====
