==== BEGIN: freebsd/12-stable/master ====
current branch: freebsd/12-stable/master
mergeable branch: freebsd/stable/12
==== change branch ====
Switched to branch 'freebsd/12-stable/master'
Your branch is up to date with 'origin/freebsd/12-stable/master'.
==== show current branch ====
  freebsd/11-stable/master
  freebsd/11.2-releng/master
* freebsd/12-stable/master
  freebsd/12.1-releng/master
  freebsd/12.2-releng/master
  freebsd/current/master
  hardened/11-stable/master
  hardened/11.2-releng/master
  hardened/12-stable/master
  hardened/12.1-releng/master
  hardened/12.2-releng/master
  hardened/current/master
==== check for stale changes ====
==== update to latest origin ====
warning: Pulling without specifying how to reconcile divergent branches is
discouraged. You can squelch this message by running one of the following
commands sometime before your next pull:

  git config pull.rebase false  # merge (the default strategy)
  git config pull.rebase true   # rebase
  git config pull.ff only       # fast-forward only

You can replace "git config" with "git config --global" to set a default
preference for all repositories. You can also pass --rebase, --no-rebase,
or --ff-only on the command line to override the configured default per
invocation.

=============================
HardenedBSD Master git Server
=============================

Please note that connections and activity to this server are logged.
This server, git-01.md.hardenedbsd.org, acts as the source-of-truth
server for the HardenedBSD repositories.

Banner last updated: 10 Feb 2020 09:32 EST

Already up to date.
==== merge branches ====
==== merge freebsd/stable/12 branch ====
Updating 8a687d1b83e2..5fe94342cab3
Fast-forward
 lib/libc/tests/resolv/resolv_test.c |  6 ++---
 lib/libc/tests/sys/sendfile_test.c  | 12 ++++-----
 sys/dev/usb/controller/xhci_pci.c   | 34 +++++++++++++++----------
 sys/netinet6/icmp6.c                | 14 ++++-------
 usr.sbin/bhyvectl/bhyvectl.c        | 49 ++-----------------------------------
 5 files changed, 37 insertions(+), 78 deletions(-)
=============================
HardenedBSD Master git Server
=============================

Please note that connections and activity to this server are logged.
This server, git-01.md.hardenedbsd.org, acts as the source-of-truth
server for the HardenedBSD repositories.

Banner last updated: 10 Feb 2020 09:32 EST

remote: Auto packing the repository in background for optimum performance.        
remote: See "git help gc" for manual housekeeping.        
remote: To github.com:HardenedBSD/hardenedBSD.git        
remote:    8a687d1b83e2..5fe94342cab3  freebsd/12-stable/master -> freebsd/12-stable/master        
remote: . Processing 1 references        
remote: Processed 1 references in total        
remote: 
remote: Create a new pull request for 'freebsd/12-stable/master':        
remote:   https://git-01.md.hardenedbsd.org/HardenedBSD/HardenedBSD/compare/hardened/current/master...freebsd/12-stable/master        
remote: 
To git-01.md.hardenedbsd.org:HardenedBSD/HardenedBSD.git
   8a687d1b83e2..5fe94342cab3  freebsd/12-stable/master -> freebsd/12-stable/master
==== END: freebsd/12-stable/master ====
