==== BEGIN: freebsd/current/master ====
current branch: freebsd/current/master
mergeable branch: freebsd/master
==== change branch ====
Switched to branch 'freebsd/current/master'
Your branch is up to date with 'origin/freebsd/current/master'.
==== show current branch ====
  freebsd/11-stable/master
  freebsd/11.2-releng/master
  freebsd/12-stable/master
  freebsd/12.1-releng/master
* freebsd/current/master
  hardened/11-stable/master
  hardened/11.2-releng/master
  hardened/12-stable/master
  hardened/12.1-releng/master
  hardened/current/master
==== check for stale changes ====
==== update to latest origin ====
Already up to date.
==== merge branches ====
==== merge freebsd/master branch ====
Updating f779ce9ed353..146b6ff31178
Fast-forward
 contrib/libxo/configure.ac                      |   2 +-
 contrib/libxo/doc/api.rst                       |  59 ++++++++++++++
 contrib/libxo/doc/encoders.rst                  |  13 ++-
 contrib/libxo/doc/options.rst                   |  20 +++++
 contrib/libxo/encoder/csv/enc_csv.c             |  24 ++++--
 contrib/libxo/libxo/libxo.c                     | 103 ++++++++++++++++++------
 contrib/libxo/libxo/xo.h                        |   9 +++
 contrib/libxo/libxo/xo_encoder.c                |  21 ++++-
 contrib/libxo/libxo/xo_encoder.h                |   1 +
 contrib/libxo/tests/core/Makefile.am            |  11 ++-
 contrib/libxo/tests/core/saved/test_02.H.out    |   3 +
 contrib/libxo/tests/core/saved/test_02.HIPx.out |  15 ++++
 contrib/libxo/tests/core/saved/test_02.HP.out   |  15 ++++
 contrib/libxo/tests/core/saved/test_02.J.out    |   2 +-
 contrib/libxo/tests/core/saved/test_02.JP.out   |  12 +++
 contrib/libxo/tests/core/saved/test_02.T.err    |   3 +
 contrib/libxo/tests/core/saved/test_02.X.out    |   3 +
 contrib/libxo/tests/core/saved/test_02.XP.out   |  15 ++++
 contrib/libxo/tests/core/test_02.c              |   6 ++
 contrib/libxo/tests/core/test_12.c              |   2 +
 lib/libxo/add.man                               |   4 +-
 lib/libxo/libxo/xo_config.h                     |  12 +--
 tests/sys/netinet/Makefile                      |   2 +
 usr.bin/xohtml/xohtml.sh                        |   2 +-
 24 files changed, 305 insertions(+), 54 deletions(-)
remote: To github.com:HardenedBSD/hardenedBSD.git        
remote:    f779ce9ed353..146b6ff31178  freebsd/current/master -> freebsd/current/master        
remote: 
remote: Create a new pull request for 'freebsd/current/master':        
remote:   https://git-01.md.hardenedbsd.org/hardenedbsd/HardenedBSD/compare/hardened/current/master...freebsd/current/master        
remote: 
To git-01.md.hardenedbsd.org:HardenedBSD/HardenedBSD.git
   f779ce9ed353..146b6ff31178  freebsd/current/master -> freebsd/current/master
==== END: freebsd/current/master ====
