==== BEGIN: freebsd/current/master ====
current branch: freebsd/current/master
mergeable branch: freebsd/master
==== change branch ====
Switched to branch 'freebsd/current/master'
Your branch is up to date with 'origin/freebsd/current/master'.
==== show current branch ====
  freebsd/11-stable/master
  freebsd/11.2-releng/master
  freebsd/12-stable/master
  freebsd/12.1-releng/master
* freebsd/current/master
  hardened/11-stable/master
  hardened/11.2-releng/master
  hardened/12-stable/master
  hardened/12.1-releng/master
  hardened/current/master
==== check for stale changes ====
==== update to latest origin ====
warning: Pulling without specifying how to reconcile divergent branches is
discouraged. You can squelch this message by running one of the following
commands sometime before your next pull:

  git config pull.rebase false  # merge (the default strategy)
  git config pull.rebase true   # rebase
  git config pull.ff only       # fast-forward only

You can replace "git config" with "git config --global" to set a default
preference for all repositories. You can also pass --rebase, --no-rebase,
or --ff-only on the command line to override the configured default per
invocation.

=============================
HardenedBSD Master git Server
=============================

Please note that connections and activity to this server are logged.
This server, git-01.md.hardenedbsd.org, acts as the source-of-truth
server for the HardenedBSD repositories.

Banner last updated: 10 Feb 2020 09:32 EST

Already up to date.
==== merge branches ====
==== merge freebsd/master branch ====
Updating b63af9060ba5..2883892953ea
Fast-forward
 bin/ps/ps.c                                     |  11 +-
 cddl/lib/Makefile                               |   9 +-
 cddl/lib/libdtrace/Makefile                     |   3 -
 cddl/lib/libzpool/Makefile                      |   2 -
 etc/mtree/BSD.usr.dist                          |   4 -
 release/sparc64/mkisoimages.sh                  |  86 ------
 release/sparc64/sparc64.conf                    |  10 -
 rescue/rescue/Makefile                          |   4 -
 sbin/init/ttys.sparc64                          |  54 ----
 sys/arm/broadcom/bcm2835/bcm2835_cpufreq.c      | 359 ++++++++++--------------
 sys/arm/broadcom/bcm2835/bcm2835_firmware.c     |   5 +-
 sys/arm/broadcom/bcm2835/bcm2835_firmware.h     | 164 +++++++++++
 sys/arm/broadcom/bcm2835/bcm2835_mbox.c         |  14 +-
 sys/arm/broadcom/bcm2835/bcm2835_mbox_prop.h    |  58 ----
 sys/arm/broadcom/bcm2835/bcm2835_sdhci.c        |  36 ++-
 sys/conf/files                                  |   4 +
 sys/dev/virtio/pci/virtio_pci.c                 |  37 +--
 sys/kern/kern_dump.c                            |   6 +-
 sys/modules/esp/Makefile                        |   2 +-
 sys/modules/uart/Makefile                       |   2 +-
 usr.sbin/bsdinstall/partedit/partedit_sparc64.c |  84 ------
 usr.sbin/kldxref/ef_sparc64.c                   |  71 -----
 22 files changed, 401 insertions(+), 624 deletions(-)
 delete mode 100644 release/sparc64/mkisoimages.sh
 delete mode 100644 release/sparc64/sparc64.conf
 delete mode 100644 sbin/init/ttys.sparc64
 delete mode 100644 usr.sbin/bsdinstall/partedit/partedit_sparc64.c
 delete mode 100644 usr.sbin/kldxref/ef_sparc64.c
=============================
HardenedBSD Master git Server
=============================

Please note that connections and activity to this server are logged.
This server, git-01.md.hardenedbsd.org, acts as the source-of-truth
server for the HardenedBSD repositories.

Banner last updated: 10 Feb 2020 09:32 EST

remote: To github.com:HardenedBSD/hardenedBSD.git        
remote:    b63af9060ba5..2883892953ea  freebsd/current/master -> freebsd/current/master        
remote:    98e8accac8c1..a7e9e5882aa4  github/hardened/12-stable/master -> github/hardened/12-stable/master        
remote: 
remote: Create a new pull request for 'freebsd/current/master':        
remote:   https://git-01.md.hardenedbsd.org/hardenedbsd/HardenedBSD/compare/hardened/current/master...freebsd/current/master        
remote: 
To git-01.md.hardenedbsd.org:HardenedBSD/HardenedBSD.git
   b63af9060ba5..2883892953ea  freebsd/current/master -> freebsd/current/master
==== END: freebsd/current/master ====
