==== BEGIN: freebsd/11-stable/master ====
current branch: freebsd/11-stable/master
mergeable branch: freebsd/stable/11
==== change branch ====
Switched to branch 'freebsd/11-stable/master'
Your branch is up to date with 'origin/freebsd/11-stable/master'.
==== show current branch ====
* freebsd/11-stable/master
  freebsd/11.2-releng/master
  freebsd/12-stable/master
  freebsd/12.1-releng/master
  freebsd/current/master
  hardened/11-stable/master
  hardened/11.2-releng/master
  hardened/12-stable/master
  hardened/12.1-releng/master
  hardened/current/master
==== check for stale changes ====
==== update to latest origin ====
Already up to date.
==== merge branches ====
==== merge freebsd/stable/11 branch ====
Updating 1cb3cfa5e5a..02b628542ad
Fast-forward
 sys/kern/sched_ule.c | 97 +++++++++++++++++++++++++++++++++-------------------
 1 file changed, 62 insertions(+), 35 deletions(-)
remote: To github.com:HardenedBSD/hardenedBSD.git        
remote:    1cb3cfa5e5ad..02b628542ad2  freebsd/11-stable/master -> freebsd/11-stable/master        
remote:    c6b10a9e8553..66a9740594e2  github/freebsd/12-stable/master -> github/freebsd/12-stable/master        
remote: 
remote: Create a new pull request for 'freebsd/11-stable/master':        
remote:   https://git-01.md.hardenedbsd.org/hardenedbsd/HardenedBSD/compare/hardened/current/master...freebsd/11-stable/master        
remote: 
To git-01.md.hardenedbsd.org:HardenedBSD/HardenedBSD.git
   1cb3cfa5e5a..02b628542ad  freebsd/11-stable/master -> freebsd/11-stable/master
==== END: freebsd/11-stable/master ====
