==== BEGIN: freebsd/current/master ====
current branch: freebsd/current/master
mergeable branch: freebsd/master
==== change branch ====
Switched to branch 'freebsd/current/master'
Your branch is up to date with 'origin/freebsd/current/master'.
==== show current branch ====
  freebsd/11-stable/master
  freebsd/11.2-releng/master
  freebsd/12-stable/master
  freebsd/12.1-releng/master
* freebsd/current/master
  hardened/11-stable/master
  hardened/11.2-releng/master
  hardened/12-stable/master
  hardened/12.1-releng/master
  hardened/current/master
==== check for stale changes ====
==== update to latest origin ====
=============================
HardenedBSD Master git Server
=============================

Please note that connections and activity to this server are logged.
This server, git-01.md.hardenedbsd.org, acts as the source-of-truth
server for the HardenedBSD repositories.

Banner last updated: 10 Feb 2020 09:32 EST

Already up to date.
==== merge branches ====
==== merge freebsd/master branch ====
Updating 75f480a8effe..58e79363a1a3
Fast-forward
 libexec/tftpd/tests/functional.c                   | 202 +++++++++++++++++++++
 libexec/tftpd/tftp-file.c                          |  14 ++
 libexec/tftpd/tftp-file.h                          |   3 +
 libexec/tftpd/tftp-options.c                       |  36 ++++
 libexec/tftpd/tftp-options.h                       |   2 +
 libexec/tftpd/tftp-transfer.c                      | 199 +++++++++++++++-----
 libexec/tftpd/tftp-utils.c                         |   1 +
 libexec/tftpd/tftp-utils.h                         |   6 +
 libexec/tftpd/tftpd.8                              |   8 +-
 share/man/man4/man4.i386/ctau.4                    |   8 +-
 share/man/man4/man4.i386/cx.4                      |   8 +-
 sys/contrib/ipfilter/netinet/ip_compat.h           |  15 +-
 sys/contrib/ipfilter/netinet/ip_fil.h              |   3 +-
 sys/contrib/ipfilter/netinet/ip_nat.c              |   2 +-
 sys/contrib/ipfilter/netinet/ip_proxy.c            |   2 +-
 sys/contrib/ipfilter/netinet/ip_state.c            |   4 +-
 sys/contrib/ipfilter/netinet/ip_sync.c             |   6 +-
 sys/dev/cpufreq/cpufreq_dt.c                       |  33 +++-
 sys/dev/ctau/if_ct.c                               |   1 +
 sys/dev/cx/if_cx.c                                 |   1 +
 usr.bin/hexdump/tests/Makefile                     |  27 ++-
 usr.bin/hexdump/tests/d_hexdump_dflag_a_eb.out     |   2 +
 ...exdump_dflag_a.out => d_hexdump_dflag_a_el.out} |   0
 usr.bin/hexdump/tests/d_hexdump_dflag_b_eb.out     |   4 +
 ...exdump_dflag_b.out => d_hexdump_dflag_b_el.out} |   0
 usr.bin/hexdump/tests/d_hexdump_dflag_c_eb.out     |   4 +
 ...exdump_dflag_c.out => d_hexdump_dflag_c_el.out} |   0
 usr.bin/hexdump/tests/d_hexdump_oflag_a_eb.out     |   2 +
 ...exdump_oflag_a.out => d_hexdump_oflag_a_el.out} |   0
 usr.bin/hexdump/tests/d_hexdump_oflag_b_eb.out     |   4 +
 ...exdump_oflag_b.out => d_hexdump_oflag_b_el.out} |   0
 usr.bin/hexdump/tests/d_hexdump_oflag_c_eb.out     |   4 +
 ...exdump_oflag_c.out => d_hexdump_oflag_c_el.out} |   0
 usr.bin/hexdump/tests/d_hexdump_xflag_a_eb.out     |   2 +
 ...exdump_xflag_a.out => d_hexdump_xflag_a_el.out} |   0
 usr.bin/hexdump/tests/d_hexdump_xflag_b_eb.out     |   4 +
 ...exdump_xflag_b.out => d_hexdump_xflag_b_el.out} |   0
 usr.bin/hexdump/tests/d_hexdump_xflag_c_eb.out     |   4 +
 ...exdump_xflag_c.out => d_hexdump_xflag_c_el.out} |   0
 usr.bin/hexdump/tests/hexdump_test.sh              |  24 ++-
 usr.bin/tftp/main.c                                |  26 +++
 usr.bin/tftp/tftp.1                                |  13 +-
 42 files changed, 578 insertions(+), 96 deletions(-)
 create mode 100644 usr.bin/hexdump/tests/d_hexdump_dflag_a_eb.out
 rename usr.bin/hexdump/tests/{d_hexdump_dflag_a.out => d_hexdump_dflag_a_el.out} (100%)
 create mode 100644 usr.bin/hexdump/tests/d_hexdump_dflag_b_eb.out
 rename usr.bin/hexdump/tests/{d_hexdump_dflag_b.out => d_hexdump_dflag_b_el.out} (100%)
 create mode 100644 usr.bin/hexdump/tests/d_hexdump_dflag_c_eb.out
 rename usr.bin/hexdump/tests/{d_hexdump_dflag_c.out => d_hexdump_dflag_c_el.out} (100%)
 create mode 100644 usr.bin/hexdump/tests/d_hexdump_oflag_a_eb.out
 rename usr.bin/hexdump/tests/{d_hexdump_oflag_a.out => d_hexdump_oflag_a_el.out} (100%)
 create mode 100644 usr.bin/hexdump/tests/d_hexdump_oflag_b_eb.out
 rename usr.bin/hexdump/tests/{d_hexdump_oflag_b.out => d_hexdump_oflag_b_el.out} (100%)
 create mode 100644 usr.bin/hexdump/tests/d_hexdump_oflag_c_eb.out
 rename usr.bin/hexdump/tests/{d_hexdump_oflag_c.out => d_hexdump_oflag_c_el.out} (100%)
 create mode 100644 usr.bin/hexdump/tests/d_hexdump_xflag_a_eb.out
 rename usr.bin/hexdump/tests/{d_hexdump_xflag_a.out => d_hexdump_xflag_a_el.out} (100%)
 create mode 100644 usr.bin/hexdump/tests/d_hexdump_xflag_b_eb.out
 rename usr.bin/hexdump/tests/{d_hexdump_xflag_b.out => d_hexdump_xflag_b_el.out} (100%)
 create mode 100644 usr.bin/hexdump/tests/d_hexdump_xflag_c_eb.out
 rename usr.bin/hexdump/tests/{d_hexdump_xflag_c.out => d_hexdump_xflag_c_el.out} (100%)
=============================
HardenedBSD Master git Server
=============================

Please note that connections and activity to this server are logged.
This server, git-01.md.hardenedbsd.org, acts as the source-of-truth
server for the HardenedBSD repositories.

Banner last updated: 10 Feb 2020 09:32 EST

remote: To github.com:HardenedBSD/hardenedBSD.git        
remote:    75f480a8effe..58e79363a1a3  freebsd/current/master -> freebsd/current/master        
remote:    c22eb89aaef4..919a4ee1f60d  github/freebsd/11-stable/master -> github/freebsd/11-stable/master        
remote: 
remote: Create a new pull request for 'freebsd/current/master':        
remote:   https://git-01.md.hardenedbsd.org/hardenedbsd/HardenedBSD/compare/hardened/current/master...freebsd/current/master        
remote: 
To git-01.md.hardenedbsd.org:HardenedBSD/HardenedBSD.git
   75f480a8effe..58e79363a1a3  freebsd/current/master -> freebsd/current/master
==== END: freebsd/current/master ====
