==== BEGIN: freebsd/current/master ====
current branch: freebsd/current/master
mergeable branch: freebsd/master
==== change branch ====
Switched to branch 'freebsd/current/master'
Your branch is behind 'freebsd/master' by 7 commits, and can be fast-forwarded.
  (use "git pull" to update your local branch)
==== show current branch ====
  freebsd/10-stable/master
  freebsd/10.3-releng/master
  freebsd/11-stable/master
  freebsd/11.0-releng/master
  freebsd/11.1-releng/master
  freebsd/11.2-releng/master
  freebsd/12-stable/master
  freebsd/12.0-releng/master
  freebsd/12.1-releng/master
* freebsd/current/master
  hardened/10-stable/master
  hardened/10-stable/master-libressl
  hardened/10.3-releng/master
  hardened/11-stable/master
  hardened/11-stable/master-libressl
  hardened/11.0-releng/master
  hardened/11.1-releng/master
  hardened/11.2-releng/master
  hardened/12-stable/master
  hardened/12.0-releng/master
  hardened/12.1-releng/master
  hardened/current/intel-smap
  hardened/current/log
  hardened/current/master
  hardened/current/segvguard-ng
==== check for stale changes ====
==== update to latest origin ====
Updating 039992743e2c..4041112f56d3
Fast-forward
 include/unistd.h          |   2 -
 sys/dev/kbd/kbdreg.h      |   4 --
 sys/dev/md/md.c           |  10 +--
 sys/fs/tmpfs/tmpfs_subr.c |   3 +-
 sys/kern/kern_exec.c      |  70 +++----------------
 sys/kern/uipc_shm.c       |  16 ++---
 sys/sys/cdefs.h           |   2 +-
 sys/vm/swap_pager.c       |  54 ++++++++++++++-
 sys/vm/vm_fault.c         | 171 ++++++++++++++++++++--------------------------
 sys/vm/vm_map.c           |  21 +++---
 sys/vm/vm_object.c        |  26 ++++++-
 sys/vm/vm_page.c          | 124 +++++++++++++++++++++++++++++++--
 sys/vm/vm_page.h          |   7 ++
 sys/vm/vm_pageout.c       |  12 ++++
 sys/vm/vm_pager.h         |   4 --
 15 files changed, 317 insertions(+), 209 deletions(-)
==== merge branches ====
==== merge freebsd/master branch ====
Already up to date.
To github.com:HardenedBSD/hardenedBSD.git
   039992743e2c..4041112f56d3  freebsd/current/master -> freebsd/current/master
==== END: freebsd/current/master ====
