==== BEGIN: freebsd/current/master ====
current branch: freebsd/current/master
mergeable branch: freebsd/master
==== change branch ====
Switched to branch 'freebsd/current/master'
Your branch is behind 'freebsd/master' by 6 commits, and can be fast-forwarded.
  (use "git pull" to update your local branch)
==== show current branch ====
  freebsd/10-stable/master
  freebsd/10.3-releng/master
  freebsd/11-stable/master
  freebsd/11.0-releng/master
  freebsd/11.1-releng/master
  freebsd/11.2-releng/master
  freebsd/12-stable/master
  freebsd/12.0-releng/master
  freebsd/12.1-releng/master
* freebsd/current/master
  hardened/10-stable/master
  hardened/10-stable/master-libressl
  hardened/10.3-releng/master
  hardened/11-stable/master
  hardened/11-stable/master-libressl
  hardened/11.0-releng/master
  hardened/11.1-releng/master
  hardened/11.2-releng/master
  hardened/12-stable/master
  hardened/12.0-releng/master
  hardened/12.1-releng/master
  hardened/current/intel-smap
  hardened/current/log
  hardened/current/master
  hardened/current/segvguard-ng
==== check for stale changes ====
==== update to latest origin ====
Updating b3b3c4f9675d..bfae212ccc2d
Fast-forward
 lib/libc/sys/kill.2           |  9 +++--
 lib/libprocstat/libprocstat.c |  4 +--
 sys/fs/nfs/nfsport.h          | 55 +++++++++++++++++++++++++++++-
 sys/kern/kern_sig.c           | 78 ++++++++++++++++++++++++-------------------
 sys/vm/vm_map.h               | 42 +++++++++++------------
 usr.bin/gcore/elfcore.c       | 47 +++++++++++++++-----------
 6 files changed, 152 insertions(+), 83 deletions(-)
==== merge branches ====
==== merge freebsd/master branch ====
Already up to date.
To github.com:HardenedBSD/hardenedBSD.git
   b3b3c4f9675d..bfae212ccc2d  freebsd/current/master -> freebsd/current/master
==== END: freebsd/current/master ====
