==== BEGIN: freebsd/11-stable/master ====
current branch: freebsd/11-stable/master
mergeable branch: freebsd/stable/11
==== change branch ====
Switched to branch 'freebsd/11-stable/master'
Your branch is behind 'freebsd/stable/11' by 2 commits, and can be fast-forwarded.
  (use "git pull" to update your local branch)
==== show current branch ====
  freebsd/10-stable/master
  freebsd/10.3-releng/master
* freebsd/11-stable/master
  freebsd/11.0-releng/master
  freebsd/11.1-releng/master
  freebsd/11.2-releng/master
  freebsd/12-stable/master
  freebsd/12.0-releng/master
  freebsd/12.1-releng/master
  freebsd/current/master
  hardened/10-stable/master
  hardened/10-stable/master-libressl
  hardened/10.3-releng/master
  hardened/11-stable/master
  hardened/11-stable/master-libressl
  hardened/11.0-releng/master
  hardened/11.1-releng/master
  hardened/11.2-releng/master
  hardened/12-stable/master
  hardened/12.0-releng/master
  hardened/12.1-releng/master
  hardened/current/intel-smap
  hardened/current/log
  hardened/current/master
  hardened/current/segvguard-ng
==== check for stale changes ====
==== update to latest origin ====
Updating 5c9f5b263785..c7b67c76c781
Fast-forward
 sys/kern/kern_environment.c | 39 +++++++++++++++++++++++++++++++++++----
 sys/kern/kern_rangelock.c   | 32 ++++++++++++++++++++++++++++++++
 sys/sys/rangelock.h         | 23 +++++++++++++++++++++++
 3 files changed, 90 insertions(+), 4 deletions(-)
==== merge branches ====
==== merge freebsd/stable/11 branch ====
Already up to date.
To github.com:HardenedBSD/hardenedBSD.git
   5c9f5b263785..c7b67c76c781  freebsd/11-stable/master -> freebsd/11-stable/master
==== END: freebsd/11-stable/master ====
