==== BEGIN: freebsd/12.1-releng/master ====
current branch: freebsd/12.1-releng/master
mergeable branch: freebsd/releng/12.1
==== change branch ====
Switched to branch 'freebsd/12.1-releng/master'
Your branch is up to date with 'origin/freebsd/12.1-releng/master'.
==== show current branch ====
  freebsd/11-stable/master
  freebsd/11.2-releng/master
  freebsd/12-stable/master
* freebsd/12.1-releng/master
  freebsd/current/master
  hardened/11-stable/master
  hardened/11.2-releng/master
  hardened/12-stable/master
  hardened/12.1-releng/master
  hardened/current/master
==== check for stale changes ====
==== update to latest origin ====
Already up to date.
==== merge branches ====
==== merge freebsd/releng/12.1 branch ====
Updating 8d3f226f4b85..b2d7ad564ed5
Fast-forward
 UPDATING                          | 10 ++++++++++
 lib/libc/secure/stack_protector.c | 20 +++++++++++++++++++-
 lib/libfetch/fetch.c              | 10 ++++++++--
 sys/conf/newvers.sh               |  2 +-
 sys/kern/imgact_elf.c             |  2 +-
 5 files changed, 39 insertions(+), 5 deletions(-)
remote: To github.com:HardenedBSD/hardenedBSD.git        
remote:    8d3f226f4b85..b2d7ad564ed5  freebsd/12.1-releng/master -> freebsd/12.1-releng/master        
remote:    dd74b28d048d..3a9af35cce83  github/freebsd/11-stable/master -> github/freebsd/11-stable/master        
remote: Gitea: Internal Server Error        
remote: Failed to Update: hardenedbsd/hardenedbsd Branch: freebsd/12.1-releng/master Error: newCommit.CommitsBeforeUntil: packfile not found        
To git-01.md.hardenedbsd.org:HardenedBSD/HardenedBSD.git
   8d3f226f4b85..b2d7ad564ed5  freebsd/12.1-releng/master -> freebsd/12.1-releng/master
==== END: freebsd/12.1-releng/master ====
