==== BEGIN: freebsd/12-stable/master ====
current branch: freebsd/12-stable/master
mergeable branch: freebsd/stable/12
==== change branch ====
Switched to branch 'freebsd/12-stable/master'
Your branch is up to date with 'origin/freebsd/12-stable/master'.
==== show current branch ====
  freebsd/11-stable/master
  freebsd/11.2-releng/master
* freebsd/12-stable/master
  freebsd/12.1-releng/master
  freebsd/current/master
  hardened/11-stable/master
  hardened/11.2-releng/master
  hardened/12-stable/master
  hardened/12.1-releng/master
  hardened/current/master
==== check for stale changes ====
==== update to latest origin ====
warning: Pulling without specifying how to reconcile divergent branches is
discouraged. You can squelch this message by running one of the following
commands sometime before your next pull:

  git config pull.rebase false  # merge (the default strategy)
  git config pull.rebase true   # rebase
  git config pull.ff only       # fast-forward only

You can replace "git config" with "git config --global" to set a default
preference for all repositories. You can also pass --rebase, --no-rebase,
or --ff-only on the command line to override the configured default per
invocation.

=============================
HardenedBSD Master git Server
=============================

Please note that connections and activity to this server are logged.
This server, git-01.md.hardenedbsd.org, acts as the source-of-truth
server for the HardenedBSD repositories.

Banner last updated: 10 Feb 2020 09:32 EST

Already up to date.
==== merge branches ====
==== merge freebsd/stable/12 branch ====
Updating 3939a746da6a..ce08686f29c2
Fast-forward
 usr.bin/procstat/procstat.c           | 5 +++--
 usr.bin/procstat/procstat_args.c      | 5 +++--
 usr.bin/procstat/procstat_auxv.c      | 5 +++--
 usr.bin/procstat/procstat_basic.c     | 5 +++--
 usr.bin/procstat/procstat_bin.c       | 5 +++--
 usr.bin/procstat/procstat_cred.c      | 5 +++--
 usr.bin/procstat/procstat_cs.c        | 5 +++--
 usr.bin/procstat/procstat_files.c     | 5 +++--
 usr.bin/procstat/procstat_kstack.c    | 5 +++--
 usr.bin/procstat/procstat_ptlwpinfo.c | 6 +++---
 usr.bin/procstat/procstat_rlimit.c    | 5 +++--
 usr.bin/procstat/procstat_sigs.c      | 5 +++--
 usr.bin/procstat/procstat_threads.c   | 5 +++--
 usr.bin/procstat/procstat_vm.c        | 5 +++--
 14 files changed, 42 insertions(+), 29 deletions(-)
=============================
HardenedBSD Master git Server
=============================

Please note that connections and activity to this server are logged.
This server, git-01.md.hardenedbsd.org, acts as the source-of-truth
server for the HardenedBSD repositories.

Banner last updated: 10 Feb 2020 09:32 EST

remote: To github.com:HardenedBSD/hardenedBSD.git        
remote:    3939a746da6a..ce08686f29c2  freebsd/12-stable/master -> freebsd/12-stable/master        
remote: 
remote: Create a new pull request for 'freebsd/12-stable/master':        
remote:   https://git-01.md.hardenedbsd.org/HardenedBSD/HardenedBSD/compare/hardened/current/master...freebsd/12-stable/master        
remote: 
remote: . Processing 1 references        
remote: Processed 1 references in total        
To git-01.md.hardenedbsd.org:HardenedBSD/HardenedBSD.git
   3939a746da6a..ce08686f29c2  freebsd/12-stable/master -> freebsd/12-stable/master
==== END: freebsd/12-stable/master ====
