==== BEGIN: freebsd/11-stable/master ====
current branch: freebsd/11-stable/master
mergeable branch: freebsd/stable/11
==== change branch ====
Switched to branch 'freebsd/11-stable/master'
Your branch is up to date with 'origin/freebsd/11-stable/master'.
==== show current branch ====
* freebsd/11-stable/master
  freebsd/11.2-releng/master
  freebsd/12-stable/master
  freebsd/12.1-releng/master
  freebsd/current/master
  hardened/11-stable/master
  hardened/11.2-releng/master
  hardened/12-stable/master
  hardened/12.1-releng/master
  hardened/current/master
==== check for stale changes ====
==== update to latest origin ====
Already up to date.
==== merge branches ====
==== merge freebsd/stable/11 branch ====
Updating 3933a8c91341..fd44faa9a883
Fast-forward
 lib/libc/gen/Symbol.map |  1 +
 lib/libc/gen/auxv.c     | 30 +++++++++++++++++++++++++++++-
 sys/sys/auxv.h          | 37 +++++++++++++++++++++++++++++++++++++
 3 files changed, 67 insertions(+), 1 deletion(-)
 create mode 100644 sys/sys/auxv.h
remote: To github.com:HardenedBSD/hardenedBSD.git        
remote:    3933a8c91341..fd44faa9a883  freebsd/11-stable/master -> freebsd/11-stable/master        
remote: 
remote: Create a new pull request for 'freebsd/11-stable/master':        
remote:   https://git-01.md.hardenedbsd.org/hardenedbsd/HardenedBSD/compare/hardened/current/master...freebsd/11-stable/master        
remote: 
To git-01.md.hardenedbsd.org:HardenedBSD/HardenedBSD.git
   3933a8c91341..fd44faa9a883  freebsd/11-stable/master -> freebsd/11-stable/master
==== END: freebsd/11-stable/master ====
