==== BEGIN: freebsd/current/master ====
current branch: freebsd/current/master
mergeable branch: freebsd/master
==== change branch ====
Switched to branch 'freebsd/current/master'
Your branch is up to date with 'origin/freebsd/current/master'.
==== show current branch ====
  freebsd/11-stable/master
  freebsd/11.2-releng/master
  freebsd/12-stable/master
  freebsd/12.1-releng/master
* freebsd/current/master
  hardened/11-stable/master
  hardened/11.2-releng/master
  hardened/12-stable/master
  hardened/12.1-releng/master
  hardened/current/master
==== check for stale changes ====
==== update to latest origin ====
=============================
HardenedBSD Master git Server
=============================

Please note that connections and activity to this server are logged.
This server, git-01.md.hardenedbsd.org, acts as the source-of-truth
server for the HardenedBSD repositories.

Banner last updated: 10 Feb 2020 09:32 EST

Already up to date.
==== merge branches ====
==== merge freebsd/master branch ====
Updating 20768ae4fe27..e88843c7a5f1
Fast-forward
 libexec/rc/rc.d/sshd                        |  15 +--
 sys/arm/allwinner/aw_sid.c                  |   2 +-
 sys/dev/mmc/mmc_fdt_helpers.c               |  24 +++--
 sys/kern/sys_generic.c                      |   7 +-
 sys/netinet6/ip6_forward.c                  | 135 +++++++++++++-----------
 sys/netinet6/scope6.c                       |  22 ++++
 sys/netinet6/scope6_var.h                   |   2 +
 sys/netpfil/pf/pf.c                         | 153 +++-------------------------
 sys/ofed/drivers/infiniband/core/ib_addr.c  |  92 +++++++----------
 sys/ofed/drivers/infiniband/core/ib_cma.c   |  49 ++++-----
 usr.bin/calendar/calendars/calendar.freebsd |   1 +
 usr.sbin/nologin/nologin.8                  |  25 ++++-
 12 files changed, 224 insertions(+), 303 deletions(-)
=============================
HardenedBSD Master git Server
=============================

Please note that connections and activity to this server are logged.
This server, git-01.md.hardenedbsd.org, acts as the source-of-truth
server for the HardenedBSD repositories.

Banner last updated: 10 Feb 2020 09:32 EST

remote: To github.com:HardenedBSD/hardenedBSD.git        
remote:    20768ae4fe27..e88843c7a5f1  freebsd/current/master -> freebsd/current/master        
remote:    6cb8859049f4..812dc68b84ad  github/freebsd/11-stable/master -> github/freebsd/11-stable/master        
remote: 
remote: Create a new pull request for 'freebsd/current/master':        
remote:   https://git-01.md.hardenedbsd.org/hardenedbsd/HardenedBSD/compare/hardened/current/master...freebsd/current/master        
remote: 
To git-01.md.hardenedbsd.org:HardenedBSD/HardenedBSD.git
   20768ae4fe27..e88843c7a5f1  freebsd/current/master -> freebsd/current/master
==== END: freebsd/current/master ====
