==== BEGIN: freebsd/current/main ====
current branch: freebsd/current/main
mergeable branch: freebsd/main
==== change branch ====
Switched to branch 'freebsd/current/main'
Your branch is up to date with 'origin/freebsd/current/main'.
==== show current branch ====
  freebsd/11-stable/master
  freebsd/11.2-releng/master
  freebsd/12-stable/main
  freebsd/12-stable/master
  freebsd/12.1-releng/master
  freebsd/12.2-releng/master
* freebsd/current/main
  freebsd/current/master
  hardened/11-stable/master
  hardened/11.2-releng/master
  hardened/12-stable/master
  hardened/12.1-releng/master
  hardened/12.2-releng/master
  hardened/current/master
==== check for stale changes ====
==== update to latest origin ====
warning: Pulling without specifying how to reconcile divergent branches is
discouraged. You can squelch this message by running one of the following
commands sometime before your next pull:

  git config pull.rebase false  # merge (the default strategy)
  git config pull.rebase true   # rebase
  git config pull.ff only       # fast-forward only

You can replace "git config" with "git config --global" to set a default
preference for all repositories. You can also pass --rebase, --no-rebase,
or --ff-only on the command line to override the configured default per
invocation.

=============================
HardenedBSD Master git Server
=============================

Please note that connections and activity to this server are logged.
This server, git-01.md.hardenedbsd.org, acts as the source-of-truth
server for the HardenedBSD repositories.

Banner last updated: 10 Feb 2020 09:32 EST

Already up to date.
==== merge branches ====
==== merge freebsd/main branch ====
Updating 2247f48941743..e54a1d5751805
Fast-forward
 bin/cat/cat.c                                |  2 +-
 release/release.sh                           |  2 +-
 share/man/man4/hconf.4                       |  8 ++--
 stand/common/reloc_elf.c                     | 35 +++++++++-----
 sys/arm64/arm64/trap.c                       | 10 +++-
 sys/dev/evdev/cdev.c                         | 29 +++++++++---
 sys/dev/hid/hconf.c                          | 57 +++++++++++-----------
 sys/dev/hid/hms.c                            | 71 +++++++++++++++++++++++++++-
 sys/dev/hid/hmt.c                            | 10 ++++
 sys/dev/pms/freebsd/driver/common/lxcommon.h |  2 +-
 sys/dev/pms/freebsd/driver/ini/src/agdef.h   |  2 +-
 sys/dev/pms/freebsd/driver/ini/src/agtiapi.c |  3 +-
 sys/modules/hid/hms/Makefile                 |  1 +
 sys/modules/hid/hmt/Makefile                 |  1 +
 14 files changed, 172 insertions(+), 61 deletions(-)
=============================
HardenedBSD Master git Server
=============================

Please note that connections and activity to this server are logged.
This server, git-01.md.hardenedbsd.org, acts as the source-of-truth
server for the HardenedBSD repositories.

Banner last updated: 10 Feb 2020 09:32 EST

remote: To github.com:HardenedBSD/hardenedBSD.git        
remote:    2247f4894174..e54a1d575180  freebsd/current/main -> freebsd/current/main
remote:    32ce29be8f69..ac2992bb0280  github/hardened/current/master -> github/hardened/current/master        
remote:  ! [remote rejected]           refs/pull/18/head -> refs/pull/18/head (deny updating a hidden ref)        
remote:  ! [remote rejected]           refs/pull/19/head -> refs/pull/19/head (deny updating a hidden ref)
remote:  ! [remote rejected]           refs/pull/20/head -> refs/pull/20/head (deny updating a hidden ref)        
remote:  ! [remote rejected]           refs/pull/21/head -> refs/pull/21/head (deny updating a hidden ref)        
remote: error: failed to push some refs to 'github.com:HardenedBSD/hardenedBSD.git'        
remote: 
remote: Create a new pull request for 'freebsd/current/main':        
remote:   https://git-01.md.hardenedbsd.org/HardenedBSD/HardenedBSD/compare/hardened/current/master...freebsd/current/main        
remote: 
remote: . Processing 1 references        
remote: Processed 1 references in total        
To git-01.md.hardenedbsd.org:HardenedBSD/HardenedBSD.git
   2247f48941743..e54a1d5751805  freebsd/current/main -> freebsd/current/main
==== END: freebsd/current/main ====
