==== BEGIN: freebsd/current/master ====
current branch: freebsd/current/master
mergeable branch: freebsd/master
==== change branch ====
Switched to branch 'freebsd/current/master'
Your branch is up to date with 'origin/freebsd/current/master'.
==== show current branch ====
  freebsd/11-stable/master
  freebsd/11.2-releng/master
  freebsd/12-stable/master
  freebsd/12.1-releng/master
* freebsd/current/master
  hardened/11-stable/master
  hardened/11.2-releng/master
  hardened/12-stable/master
  hardened/12.1-releng/master
  hardened/current/master
==== check for stale changes ====
==== update to latest origin ====
=============================
HardenedBSD Master git Server
=============================

Please note that connections and activity to this server are logged.
This server, git-01.md.hardenedbsd.org, acts as the source-of-truth
server for the HardenedBSD repositories.

Banner last updated: 10 Feb 2020 09:32 EST

Already up to date.
==== merge branches ====
==== merge freebsd/master branch ====
Updating dcc60239b6e4..b28561216a1c
Fast-forward
 sys/dev/beri/virtio/network/if_vtbe.c |   2 +-
 sys/dev/dpaa/if_dtsec.c               |   2 +-
 sys/dev/hyperv/netvsc/if_hn.c         |   3 +-
 sys/dev/if_ndis/if_ndis.c             |   3 +-
 sys/dev/mlx5/mlx5_en/mlx5_en_main.c   |   3 +-
 sys/dev/ntb/if_ntb/if_ntb.c           |   3 +-
 sys/dev/sbni/if_sbni.c                |   3 +-
 sys/dev/usb/net/if_muge.c             |   4 +-
 sys/dev/usb/net/if_smsc.c             |  28 ---------
 sys/dev/virtio/network/if_vtnet.c     |   3 +-
 sys/mips/nlm/dev/net/xlpge.c          |   3 +-
 sys/net/if.c                          |   6 +-
 sys/net/if.h                          |   4 +-
 sys/net/if_ethersubr.c                |   7 ++-
 sys/net/iflib.c                       |   3 +-
 sys/netinet6/ip6_output.c             | 108 ++++++++++++++++------------------
 16 files changed, 76 insertions(+), 109 deletions(-)
=============================
HardenedBSD Master git Server
=============================

Please note that connections and activity to this server are logged.
This server, git-01.md.hardenedbsd.org, acts as the source-of-truth
server for the HardenedBSD repositories.

Banner last updated: 10 Feb 2020 09:32 EST

remote: To github.com:HardenedBSD/hardenedBSD.git        
remote:    dcc60239b6e4..b28561216a1c  freebsd/current/master -> freebsd/current/master
remote: Gitea: Internal Server Error        
remote: Failed to Update: hardenedbsd/hardenedbsd Branch: freebsd/current/master Error: newCommit.CommitsBeforeUntil: packfile not found        
To git-01.md.hardenedbsd.org:HardenedBSD/HardenedBSD.git
   dcc60239b6e4..b28561216a1c  freebsd/current/master -> freebsd/current/master
==== END: freebsd/current/master ====
