==== BEGIN: freebsd/11-stable/master ====
current branch: freebsd/11-stable/master
mergeable branch: freebsd/stable/11
==== change branch ====
Switched to branch 'freebsd/11-stable/master'
Your branch is up to date with 'origin/freebsd/11-stable/master'.
==== show current branch ====
* freebsd/11-stable/master
  freebsd/11.2-releng/master
  freebsd/12-stable/master
  freebsd/12.1-releng/master
  freebsd/current/master
  hardened/11-stable/master
  hardened/11.2-releng/master
  hardened/12-stable/master
  hardened/12.1-releng/master
  hardened/current/master
==== check for stale changes ====
==== update to latest origin ====
Already up to date.
==== merge branches ====
==== merge freebsd/stable/11 branch ====
Updating 3e2d8819029a..2af19b24ffc9
Fast-forward
 lib/libipsec/ipsec_strerror.c | 2 +-
 lib/libipsec/ipsec_strerror.h | 2 +-
 sys/kern/uipc_mbuf2.c         | 4 ++--
 sys/net/if.c                  | 7 +++++++
 usr.bin/netstat/inet.c        | 2 ++
 5 files changed, 13 insertions(+), 4 deletions(-)
remote: To github.com:HardenedBSD/hardenedBSD.git        
remote:    3e2d8819029a..2af19b24ffc9  freebsd/11-stable/master -> freebsd/11-stable/master        
remote:    9c02c62ab6d6..14405f15a596  github/hardened/12-stable/master -> github/hardened/12-stable/master        
remote: 
remote: Create a new pull request for 'freebsd/11-stable/master':        
remote:   https://git-01.md.hardenedbsd.org/hardenedbsd/HardenedBSD/compare/hardened/current/master...freebsd/11-stable/master        
remote: 
To git-01.md.hardenedbsd.org:HardenedBSD/HardenedBSD.git
   3e2d8819029a..2af19b24ffc9  freebsd/11-stable/master -> freebsd/11-stable/master
==== END: freebsd/11-stable/master ====
