==== BEGIN: freebsd/current/master ====
current branch: freebsd/current/master
mergeable branch: freebsd/master
==== change branch ====
Switched to branch 'freebsd/current/master'
Your branch is up to date with 'origin/freebsd/current/master'.
==== show current branch ====
  freebsd/11-stable/master
  freebsd/11.2-releng/master
  freebsd/12-stable/master
  freebsd/12.1-releng/master
* freebsd/current/master
  hardened/11-stable/master
  hardened/11.2-releng/master
  hardened/12-stable/master
  hardened/12.1-releng/master
  hardened/current/master
==== check for stale changes ====
==== update to latest origin ====
warning: Pulling without specifying how to reconcile divergent branches is
discouraged. You can squelch this message by running one of the following
commands sometime before your next pull:

  git config pull.rebase false  # merge (the default strategy)
  git config pull.rebase true   # rebase
  git config pull.ff only       # fast-forward only

You can replace "git config" with "git config --global" to set a default
preference for all repositories. You can also pass --rebase, --no-rebase,
or --ff-only on the command line to override the configured default per
invocation.

=============================
HardenedBSD Master git Server
=============================

Please note that connections and activity to this server are logged.
This server, git-01.md.hardenedbsd.org, acts as the source-of-truth
server for the HardenedBSD repositories.

Banner last updated: 10 Feb 2020 09:32 EST

Already up to date.
==== merge branches ====
==== merge freebsd/master branch ====
Updating 0f5539f333e0..d82587d019f9
Fast-forward
 lib/clang/include/VCSVersion.inc             |   8 +-
 lib/clang/include/llvm/Support/VCSRevision.h |   2 +-
 lib/libc/sys/sigaction.2                     |   3 +-
 sys/amd64/amd64/mp_machdep.c                 |   8 +-
 sys/fs/nfsclient/nfs_clvfsops.c              |  15 +++-
 sys/geom/eli/g_eli_integrity.c               |   8 +-
 sys/geom/eli/g_eli_privacy.c                 |   8 +-
 sys/i386/i386/mp_machdep.c                   |   8 +-
 sys/net/if.c                                 |   4 +-
 sys/net/route.c                              | 113 +++------------------------
 sys/net/route.h                              |   3 -
 sys/netinet/cc/cc_cubic.c                    |   5 +-
 sys/netinet6/in6_rmx.c                       |  11 ---
 sys/netinet6/in6_var.h                       |   2 -
 sys/netinet6/nd6.c                           |   3 +-
 sys/netinet6/nd6_rtr.c                       |  69 ++++++++++------
 sys/nfs/bootp_subr.c                         |  26 ++++--
 tests/sys/geom/class/eli/onetime_test.sh     |  45 +++++++++++
 usr.bin/netstat/netstat.1                    |  25 +++++-
 19 files changed, 181 insertions(+), 185 deletions(-)
=============================
HardenedBSD Master git Server
=============================

Please note that connections and activity to this server are logged.
This server, git-01.md.hardenedbsd.org, acts as the source-of-truth
server for the HardenedBSD repositories.

Banner last updated: 10 Feb 2020 09:32 EST

remote: To github.com:HardenedBSD/hardenedBSD.git        
remote:    0f5539f333e0..d82587d019f9  freebsd/current/master -> freebsd/current/master        
remote: 
remote: Create a new pull request for 'freebsd/current/master':        
remote:   https://git-01.md.hardenedbsd.org/hardenedbsd/HardenedBSD/compare/hardened/current/master...freebsd/current/master        
remote: 
To git-01.md.hardenedbsd.org:HardenedBSD/HardenedBSD.git
   0f5539f333e0..d82587d019f9  freebsd/current/master -> freebsd/current/master
==== END: freebsd/current/master ====
