==== BEGIN: freebsd/12-stable/master ====
current branch: freebsd/12-stable/master
mergeable branch: freebsd/stable/12
==== change branch ====
Switched to branch 'freebsd/12-stable/master'
Your branch is up to date with 'origin/freebsd/12-stable/master'.
==== show current branch ====
  freebsd/11-stable/master
  freebsd/11.2-releng/master
* freebsd/12-stable/master
  freebsd/12.1-releng/master
  freebsd/current/master
  hardened/11-stable/master
  hardened/11.2-releng/master
  hardened/12-stable/master
  hardened/12.1-releng/master
  hardened/current/master
==== check for stale changes ====
==== update to latest origin ====
=============================
HardenedBSD Master git Server
=============================

Please note that connections and activity to this server are logged.
This server, git-01.md.hardenedbsd.org, acts as the source-of-truth
server for the HardenedBSD repositories.

Banner last updated: 10 Feb 2020 09:32 EST

Already up to date.
==== merge branches ====
==== merge freebsd/stable/12 branch ====
Updating c6b4a685d723..fee5ba9983ee
Fast-forward
 sys/conf/newvers.sh                      | 20 +++++---------------
 sys/contrib/ipfilter/netinet/ip_compat.h | 15 +++------------
 sys/contrib/ipfilter/netinet/ip_fil.h    |  3 +--
 sys/contrib/ipfilter/netinet/ip_nat.c    |  2 +-
 sys/contrib/ipfilter/netinet/ip_proxy.c  |  2 +-
 sys/contrib/ipfilter/netinet/ip_state.c  |  4 ++--
 sys/contrib/ipfilter/netinet/ip_sync.c   |  6 +++---
 7 files changed, 16 insertions(+), 36 deletions(-)
=============================
HardenedBSD Master git Server
=============================

Please note that connections and activity to this server are logged.
This server, git-01.md.hardenedbsd.org, acts as the source-of-truth
server for the HardenedBSD repositories.

Banner last updated: 10 Feb 2020 09:32 EST

remote: To github.com:HardenedBSD/hardenedBSD.git        
remote:    c6b4a685d723..fee5ba9983ee  freebsd/12-stable/master -> freebsd/12-stable/master
remote: 
remote: Create a new pull request for 'freebsd/12-stable/master':        
remote:   https://git-01.md.hardenedbsd.org/hardenedbsd/HardenedBSD/compare/hardened/current/master...freebsd/12-stable/master        
remote: 
To git-01.md.hardenedbsd.org:HardenedBSD/HardenedBSD.git
   c6b4a685d723..fee5ba9983ee  freebsd/12-stable/master -> freebsd/12-stable/master
==== END: freebsd/12-stable/master ====
