==== BEGIN: freebsd/current/master ====
current branch: freebsd/current/master
mergeable branch: freebsd/master
==== change branch ====
Switched to branch 'freebsd/current/master'
Your branch is up to date with 'origin/freebsd/current/master'.
==== show current branch ====
  freebsd/11-stable/master
  freebsd/11.2-releng/master
  freebsd/12-stable/master
  freebsd/12.1-releng/master
* freebsd/current/master
  hardened/11-stable/master
  hardened/11.2-releng/master
  hardened/12-stable/master
  hardened/12.1-releng/master
  hardened/current/master
==== check for stale changes ====
==== update to latest origin ====
=============================
HardenedBSD Master git Server
=============================

Please note that connections and activity to this server are logged.
This server, git-01.md.hardenedbsd.org, acts as the source-of-truth
server for the HardenedBSD repositories.

Banner last updated: 10 Feb 2020 09:32 EST

Already up to date.
==== merge branches ====
==== merge freebsd/master branch ====
Updating 137eec9ba03b..137e6ff28672
Fast-forward
 share/man/man9/counter.9                           | 19 ++++-
 .../contrib/opensolaris/uts/common/fs/zfs/dmu.c    |  4 +-
 sys/conf/files                                     |  1 +
 sys/dev/cxgbe/tom/t4_tom.c                         | 10 ++-
 sys/dev/cxgbe/tom/t4_tom.h                         |  1 +
 sys/dev/iicbus/ad7417.c                            | 43 ++++++----
 sys/dev/iicbus/ds1631.c                            |  9 +-
 sys/dev/iicbus/ds1775.c                            |  3 +-
 sys/dev/iicbus/max6690.c                           |  8 +-
 sys/fs/mntfs/mntfs_vnops.c                         | 95 ++++++++++++++++++++++
 sys/kern/subr_counter.c                            | 18 ++++
 sys/kern/subr_pcpu.c                               |  2 +-
 sys/kern/subr_smr.c                                | 22 ++---
 sys/kern/vfs_cache.c                               | 29 ++-----
 sys/kern/vfs_subr.c                                |  2 +
 sys/powerpc/powerpc/uma_machdep.c                  |  5 --
 sys/sys/bufobj.h                                   |  1 +
 sys/sys/counter.h                                  | 13 +++
 sys/sys/kernel.h                                   |  3 +-
 sys/sys/mount.h                                    |  2 +
 sys/ufs/ffs/ffs_alloc.c                            |  5 +-
 sys/ufs/ffs/ffs_vfsops.c                           | 48 ++++++++---
 sys/ufs/ufs/ufsmount.h                             |  3 +-
 sys/vm/swap_pager.c                                | 13 +--
 sys/vm/uma_core.c                                  |  3 -
 sys/vm/vm_object.c                                 | 16 +---
 sys/vm/vm_page.c                                   | 16 +---
 sys/vm/vm_reserv.c                                 | 21 +----
 28 files changed, 264 insertions(+), 151 deletions(-)
 create mode 100644 sys/fs/mntfs/mntfs_vnops.c
=============================
HardenedBSD Master git Server
=============================

Please note that connections and activity to this server are logged.
This server, git-01.md.hardenedbsd.org, acts as the source-of-truth
server for the HardenedBSD repositories.

Banner last updated: 10 Feb 2020 09:32 EST

remote: To github.com:HardenedBSD/hardenedBSD.git        
remote:    137eec9ba03b..137e6ff28672  freebsd/current/master -> freebsd/current/master        
remote: Gitea: Internal Server Error        
remote: Failed to Update: hardenedbsd/hardenedbsd Branch: freebsd/current/master Error: gitRepo.GetCommit: packfile not found        
To git-01.md.hardenedbsd.org:HardenedBSD/HardenedBSD.git
   137eec9ba03b..137e6ff28672  freebsd/current/master -> freebsd/current/master
==== END: freebsd/current/master ====
