==== BEGIN: freebsd/current/main ====
current branch: freebsd/current/main
mergeable branch: freebsd/main
==== change branch ====
Switched to branch 'freebsd/current/main'
Your branch is up to date with 'origin/freebsd/current/main'.
==== show current branch ====
  freebsd/11-stable/master
  freebsd/11.2-releng/master
  freebsd/12-stable/main
  freebsd/12-stable/master
  freebsd/12.1-releng/master
  freebsd/12.2-releng/master
* freebsd/current/main
  freebsd/current/master
  hardened/11-stable/master
  hardened/11.2-releng/master
  hardened/12-stable/master
  hardened/12.1-releng/master
  hardened/12.2-releng/master
  hardened/current/master
==== check for stale changes ====
==== update to latest origin ====
warning: Pulling without specifying how to reconcile divergent branches is
discouraged. You can squelch this message by running one of the following
commands sometime before your next pull:

  git config pull.rebase false  # merge (the default strategy)
  git config pull.rebase true   # rebase
  git config pull.ff only       # fast-forward only

You can replace "git config" with "git config --global" to set a default
preference for all repositories. You can also pass --rebase, --no-rebase,
or --ff-only on the command line to override the configured default per
invocation.

=============================
HardenedBSD Master git Server
=============================

Please note that connections and activity to this server are logged.
This server, git-01.md.hardenedbsd.org, acts as the source-of-truth
server for the HardenedBSD repositories.

Banner last updated: 10 Feb 2020 09:32 EST

Already up to date.
==== merge branches ====
==== merge freebsd/main branch ====
Updating 214257da3a56..52981a1694be
Fast-forward
 bin/sh/tests/execution/Makefile          |  1 +
 bin/sh/tests/execution/shellproc7.0      | 10 ++++
 lib/libzstd/Makefile                     |  2 +-
 share/man/man9/Makefile                  |  3 ++
 stand/uboot/lib/Makefile                 |  4 +-
 stand/uboot/lib/gfx_fb.c                 | 78 ++++++++++++++++++++++++++++++++
 sys/contrib/zstd/lib/common/xxhash.h     |  3 ++
 sys/contrib/zstd/lib/dictBuilder/zdict.c |  3 ++
 sys/fs/fuse/fuse_vnops.c                 | 16 +++----
 sys/kern/vfs_cache.c                     |  4 +-
 sys/kern/vfs_subr.c                      | 28 +++++++++++-
 usr.bin/fortune/fortune/fortune.6        | 16 ++++++-
 usr.sbin/bhyve/Makefile                  |  2 +-
 13 files changed, 154 insertions(+), 16 deletions(-)
 create mode 100644 bin/sh/tests/execution/shellproc7.0
 create mode 100644 stand/uboot/lib/gfx_fb.c
=============================
HardenedBSD Master git Server
=============================

Please note that connections and activity to this server are logged.
This server, git-01.md.hardenedbsd.org, acts as the source-of-truth
server for the HardenedBSD repositories.

Banner last updated: 10 Feb 2020 09:32 EST

remote: To github.com:HardenedBSD/hardenedBSD.git        
remote:    214257da3a56..52981a1694be  freebsd/current/main -> freebsd/current/main        
remote:    bcf0811b3bd8..7988276eee3e  github/hardened/12-stable/master -> github/hardened/12-stable/master        
remote:  ! [remote rejected]           refs/pull/18/head -> refs/pull/18/head (deny updating a hidden ref)        
remote:  ! [remote rejected]           refs/pull/19/head -> refs/pull/19/head (deny updating a hidden ref)        
remote:  ! [remote rejected]           refs/pull/20/head -> refs/pull/20/head (deny updating a hidden ref)        
remote:  ! [remote rejected]           refs/pull/21/head -> refs/pull/21/head (deny updating a hidden ref)
remote: error: failed to push some refs to 'github.com:HardenedBSD/hardenedBSD.git'        
remote: . Processing 1 references        
remote: Processed 1 references in total        
remote: 
remote: Create a new pull request for 'freebsd/current/main':        
remote:   https://git-01.md.hardenedbsd.org/HardenedBSD/HardenedBSD/compare/hardened/current/master...freebsd/current/main        
remote: 
To git-01.md.hardenedbsd.org:HardenedBSD/HardenedBSD.git
   214257da3a56..52981a1694be  freebsd/current/main -> freebsd/current/main
==== END: freebsd/current/main ====
