==== BEGIN: freebsd/current/main ====
current branch: freebsd/current/main
mergeable branch: freebsd/main
==== change branch ====
Switched to branch 'freebsd/current/main'
Your branch is up to date with 'origin/freebsd/current/main'.
==== show current branch ====
  freebsd/11-stable/master
  freebsd/11.2-releng/master
  freebsd/12-stable/main
  freebsd/12-stable/master
  freebsd/12.1-releng/master
  freebsd/12.2-releng/master
* freebsd/current/main
  freebsd/current/master
  hardened/11-stable/master
  hardened/11.2-releng/master
  hardened/12-stable/master
  hardened/12.1-releng/master
  hardened/12.2-releng/master
  hardened/current/master
==== check for stale changes ====
==== update to latest origin ====
warning: Pulling without specifying how to reconcile divergent branches is
discouraged. You can squelch this message by running one of the following
commands sometime before your next pull:

  git config pull.rebase false  # merge (the default strategy)
  git config pull.rebase true   # rebase
  git config pull.ff only       # fast-forward only

You can replace "git config" with "git config --global" to set a default
preference for all repositories. You can also pass --rebase, --no-rebase,
or --ff-only on the command line to override the configured default per
invocation.

=============================
HardenedBSD Master git Server
=============================

Please note that connections and activity to this server are logged.
This server, git-01.md.hardenedbsd.org, acts as the source-of-truth
server for the HardenedBSD repositories.

Banner last updated: 10 Feb 2020 09:32 EST

Already up to date.
==== merge branches ====
==== merge freebsd/main branch ====
Updating 130aebbab0d38..f9a66922c9ec6
Fast-forward
 Makefile.inc1                  |    4 +-
 RELNOTES                       |  295 +--
 UPDATING                       |    2 +-
 lib/clang/freebsd_cc_version.h |    2 +-
 lib/clang/llvm.build.mk        |    2 +-
 share/mk/bsd.compat.mk         |    8 +-
 sys/conf/newvers.sh            |    4 +-
 sys/dev/fb/boot_font.c         | 4637 ----------------------------------------
 sys/dev/fb/fb_if.m             |    5 -
 sys/dev/fb/gfb.h               |   43 -
 sys/dev/mmc/mmcsd.c            |   10 +-
 sys/dev/sym/sym_hipd.c         |   40 +-
 sys/kern/subr_prf.c            |    1 +
 sys/sys/param.h                |    2 +-
 14 files changed, 36 insertions(+), 5019 deletions(-)
 delete mode 100644 sys/dev/fb/boot_font.c
 delete mode 100644 sys/dev/fb/gfb.h
=============================
HardenedBSD Master git Server
=============================

Please note that connections and activity to this server are logged.
This server, git-01.md.hardenedbsd.org, acts as the source-of-truth
server for the HardenedBSD repositories.

Banner last updated: 10 Feb 2020 09:32 EST

remote: To github.com:HardenedBSD/hardenedBSD.git        
remote:    130aebbab0d3..f9a66922c9ec  freebsd/current/main -> freebsd/current/main        
remote:    b9e2a9c24674..704216b07339  github/hardened/current/master -> github/hardened/current/master        
remote:  ! [remote rejected]           refs/pull/18/head -> refs/pull/18/head (deny updating a hidden ref)
remote:  ! [remote rejected]           refs/pull/19/head -> refs/pull/19/head (deny updating a hidden ref)
remote:  ! [remote rejected]           refs/pull/20/head -> refs/pull/20/head (deny updating a hidden ref)
remote:  ! [remote rejected]           refs/pull/21/head -> refs/pull/21/head (deny updating a hidden ref)        
remote: error: failed to push some refs to 'github.com:HardenedBSD/hardenedBSD.git'        
remote: 
remote: Create a new pull request for 'freebsd/current/main':        
remote:   https://git-01.md.hardenedbsd.org/HardenedBSD/HardenedBSD/compare/hardened/current/master...freebsd/current/main        
remote: 
remote: . Processing 1 references        
remote: Processed 1 references in total        
To git-01.md.hardenedbsd.org:HardenedBSD/HardenedBSD.git
   130aebbab0d38..f9a66922c9ec6  freebsd/current/main -> freebsd/current/main
==== END: freebsd/current/main ====
