==== BEGIN: freebsd/12-stable/master ====
current branch: freebsd/12-stable/master
mergeable branch: freebsd/stable/12
==== change branch ====
Switched to branch 'freebsd/12-stable/master'
Your branch is up to date with 'origin/freebsd/12-stable/master'.
==== show current branch ====
  freebsd/11-stable/master
  freebsd/11.2-releng/master
* freebsd/12-stable/master
  freebsd/12.1-releng/master
  freebsd/current/master
  hardened/11-stable/master
  hardened/11.2-releng/master
  hardened/12-stable/master
  hardened/12.1-releng/master
  hardened/current/master
==== check for stale changes ====
==== update to latest origin ====
Already up to date.
==== merge branches ====
==== merge freebsd/stable/12 branch ====
Updating f03e572c2b20..99b03e39a695
Fast-forward
 share/man/man4/crypto.4       |  98 +++++++++++++--------
 share/man/man9/crypto.9       | 198 +++++++++++++++++++++++-------------------
 usr.sbin/bhyve/pci_passthru.c |  13 +++
 3 files changed, 184 insertions(+), 125 deletions(-)
remote: To github.com:HardenedBSD/hardenedBSD.git        
remote:    f03e572c2b20..99b03e39a695  freebsd/12-stable/master -> freebsd/12-stable/master        
remote: 
remote: Create a new pull request for 'freebsd/12-stable/master':        
remote:   https://git-01.md.hardenedbsd.org/hardenedbsd/HardenedBSD/compare/hardened/current/master...freebsd/12-stable/master        
remote: 
To git-01.md.hardenedbsd.org:HardenedBSD/HardenedBSD.git
   f03e572c2b20..99b03e39a695  freebsd/12-stable/master -> freebsd/12-stable/master
==== END: freebsd/12-stable/master ====
