==== BEGIN: freebsd/current/master ====
current branch: freebsd/current/master
mergeable branch: freebsd/master
==== change branch ====
Switched to branch 'freebsd/current/master'
Your branch is up to date with 'origin/freebsd/current/master'.
==== show current branch ====
  freebsd/11-stable/master
  freebsd/11.2-releng/master
  freebsd/12-stable/master
  freebsd/12.1-releng/master
* freebsd/current/master
  hardened/11-stable/master
  hardened/11.2-releng/master
  hardened/12-stable/master
  hardened/12.1-releng/master
  hardened/current/master
==== check for stale changes ====
==== update to latest origin ====
=============================
HardenedBSD Master git Server
=============================

Please note that connections and activity to this server are logged.
This server, git-01.md.hardenedbsd.org, acts as the source-of-truth
server for the HardenedBSD repositories.

Banner last updated: 10 Feb 2020 09:32 EST

Already up to date.
==== merge branches ====
==== merge freebsd/master branch ====
Updating fac208555065..30c69a353ff9
Fast-forward
 .../llvm-project/llvm/lib/Target/PowerPC/PPC.td    |   2 +-
 .../llvm/lib/Target/PowerPC/PPCInstr64Bit.td       |   2 +-
 .../llvm/lib/Target/PowerPC/PPCInstrInfo.td        |   2 +-
 sys/compat/linux/linux.h                           |   2 +
 sys/dev/ipmi/ipmi_opal.c                           | 155 +++++++---
 sys/fs/nfs/nfs_commonkrpc.c                        |  11 +-
 sys/kern/subr_capability.c                         |  16 +-
 sys/sys/capsicum.h                                 |  58 ----
 usr.sbin/syslogd/syslog.conf.5                     | 123 +++++++-
 usr.sbin/syslogd/syslogd.c                         | 335 ++++++++++++++++++++-
 10 files changed, 566 insertions(+), 140 deletions(-)
=============================
HardenedBSD Master git Server
=============================

Please note that connections and activity to this server are logged.
This server, git-01.md.hardenedbsd.org, acts as the source-of-truth
server for the HardenedBSD repositories.

Banner last updated: 10 Feb 2020 09:32 EST

remote: To github.com:HardenedBSD/hardenedBSD.git        
remote:    fac208555065..30c69a353ff9  freebsd/current/master -> freebsd/current/master        
remote: Gitea: Internal Server Error        
remote: Failed to Update: hardenedbsd/hardenedbsd Branch: freebsd/current/master Error: newCommit.CommitsBeforeUntil: packfile not found        
To git-01.md.hardenedbsd.org:HardenedBSD/HardenedBSD.git
   fac208555065..30c69a353ff9  freebsd/current/master -> freebsd/current/master
==== END: freebsd/current/master ====
