==== BEGIN: freebsd/11-stable/master ====
current branch: freebsd/11-stable/master
mergeable branch: freebsd/stable/11
==== change branch ====
Switched to branch 'freebsd/11-stable/master'
Your branch is up to date with 'origin/freebsd/11-stable/master'.
==== show current branch ====
* freebsd/11-stable/master
  freebsd/11.2-releng/master
  freebsd/12-stable/master
  freebsd/12.1-releng/master
  freebsd/current/master
  hardened/11-stable/master
  hardened/11.2-releng/master
  hardened/12-stable/master
  hardened/12.1-releng/master
  hardened/current/master
==== check for stale changes ====
==== update to latest origin ====
Already up to date.
==== merge branches ====
==== merge freebsd/stable/11 branch ====
Updating 133f8082a0c5..d1810a10e900
Fast-forward
 sys/compat/linux/linux_mmap.c | 44 +++++++++++++++----------------------------
 sys/sys/syscallsubr.h         |  5 +++++
 sys/vm/vm_mmap.c              | 18 +++++++++++++++++-
 3 files changed, 37 insertions(+), 30 deletions(-)
remote: To github.com:HardenedBSD/hardenedBSD.git        
remote:    133f8082a0c5..d1810a10e900  freebsd/11-stable/master -> freebsd/11-stable/master        
remote:    799d21597a21..ee49eebea086  github/freebsd/12-stable/master -> github/freebsd/12-stable/master        
remote: 
remote: Create a new pull request for 'freebsd/11-stable/master':        
remote:   https://git-01.md.hardenedbsd.org/hardenedbsd/HardenedBSD/compare/hardened/current/master...freebsd/11-stable/master        
remote: 
To git-01.md.hardenedbsd.org:HardenedBSD/HardenedBSD.git
   133f8082a0c5..d1810a10e900  freebsd/11-stable/master -> freebsd/11-stable/master
==== END: freebsd/11-stable/master ====
