==== BEGIN: freebsd/current/master ====
current branch: freebsd/current/master
mergeable branch: freebsd/master
==== change branch ====
Switched to branch 'freebsd/current/master'
Your branch is up to date with 'origin/freebsd/current/master'.
==== show current branch ====
  freebsd/11-stable/master
  freebsd/11.2-releng/master
  freebsd/12-stable/master
  freebsd/12.1-releng/master
* freebsd/current/master
  hardened/11-stable/master
  hardened/11.2-releng/master
  hardened/12-stable/master
  hardened/12.1-releng/master
  hardened/current/master
==== check for stale changes ====
==== update to latest origin ====
=============================
HardenedBSD Master git Server
=============================

Please note that connections and activity to this server are logged.
This server, git-01.md.hardenedbsd.org, acts as the source-of-truth
server for the HardenedBSD repositories.

Banner last updated: 10 Feb 2020 09:32 EST

Already up to date.
==== merge branches ====
==== merge freebsd/master branch ====
Updating a4a64e4a3352..fe223e0b0792
Fast-forward
 lib/libc/sys/openat.c         | 1 +
 lib/libc/sys/setcontext.c     | 1 +
 lib/libc/sys/swapcontext.c    | 1 +
 sys/kern/uipc_ktls.c          | 2 ++
 sys/netinet/sctp_output.c     | 2 +-
 sys/netinet/tcp_stacks/bbr.c  | 1 +
 sys/netinet/tcp_stacks/rack.c | 9 +++++----
 7 files changed, 12 insertions(+), 5 deletions(-)
=============================
HardenedBSD Master git Server
=============================

Please note that connections and activity to this server are logged.
This server, git-01.md.hardenedbsd.org, acts as the source-of-truth
server for the HardenedBSD repositories.

Banner last updated: 10 Feb 2020 09:32 EST

remote: To github.com:HardenedBSD/hardenedBSD.git        
remote:    a4a64e4a3352..fe223e0b0792  freebsd/current/master -> freebsd/current/master        
remote:    7e803d8b922c..cc66813cb959  github/freebsd/11-stable/master -> github/freebsd/11-stable/master        
remote: 
remote: Create a new pull request for 'freebsd/current/master':        
remote:   https://git-01.md.hardenedbsd.org/hardenedbsd/HardenedBSD/compare/hardened/current/master...freebsd/current/master        
remote: 
To git-01.md.hardenedbsd.org:HardenedBSD/HardenedBSD.git
   a4a64e4a3352..fe223e0b0792  freebsd/current/master -> freebsd/current/master
==== END: freebsd/current/master ====
