==== BEGIN: freebsd/current/master ====
current branch: freebsd/current/master
mergeable branch: freebsd/master
==== change branch ====
Switched to branch 'freebsd/current/master'
Your branch is up to date with 'origin/freebsd/current/master'.
==== show current branch ====
  freebsd/11-stable/master
  freebsd/11.2-releng/master
  freebsd/12-stable/master
  freebsd/12.1-releng/master
* freebsd/current/master
  hardened/11-stable/master
  hardened/11.2-releng/master
  hardened/12-stable/master
  hardened/12.1-releng/master
  hardened/current/master
==== check for stale changes ====
==== update to latest origin ====
=============================
HardenedBSD Master git Server
=============================

Please note that connections and activity to this server are logged.
This server, git-01.md.hardenedbsd.org, acts as the source-of-truth
server for the HardenedBSD repositories.

Banner last updated: 10 Feb 2020 09:32 EST

Already up to date.
==== merge branches ====
==== merge freebsd/master branch ====
Updating a74ee5808f04..0df7e2b1641b
Fast-forward
 lib/libc/gen/ftw.3                |  3 ++-
 lib/libpmcstat/libpmcstat_image.c | 22 ++++++++++++++++------
 sys/kern/kern_shutdown.c          |  2 ++
 usr.bin/logger/Makefile           |  6 ++++++
 usr.bin/logger/logger.c           | 31 ++++++++++++++++++++++++++-----
 usr.sbin/pmcstat/pmcstat.8        |  2 ++
 6 files changed, 54 insertions(+), 12 deletions(-)
=============================
HardenedBSD Master git Server
=============================

Please note that connections and activity to this server are logged.
This server, git-01.md.hardenedbsd.org, acts as the source-of-truth
server for the HardenedBSD repositories.

Banner last updated: 10 Feb 2020 09:32 EST

remote: To github.com:HardenedBSD/hardenedBSD.git        
remote:    a74ee5808f04..0df7e2b1641b  freebsd/current/master -> freebsd/current/master        
remote:    b65e11a9717e..6a50aaa1a557  github/hardened/12-stable/master -> github/hardened/12-stable/master        
remote: 
remote: Create a new pull request for 'freebsd/current/master':        
remote:   https://git-01.md.hardenedbsd.org/hardenedbsd/HardenedBSD/compare/hardened/current/master...freebsd/current/master        
remote: 
To git-01.md.hardenedbsd.org:HardenedBSD/HardenedBSD.git
   a74ee5808f04..0df7e2b1641b  freebsd/current/master -> freebsd/current/master
==== END: freebsd/current/master ====
