==== BEGIN: freebsd/current/master ====
current branch: freebsd/current/master
mergeable branch: freebsd/master
==== change branch ====
Switched to branch 'freebsd/current/master'
Your branch is up to date with 'origin/freebsd/current/master'.
==== show current branch ====
  freebsd/11-stable/master
  freebsd/11.2-releng/master
  freebsd/12-stable/master
  freebsd/12.1-releng/master
* freebsd/current/master
  hardened/11-stable/master
  hardened/11.2-releng/master
  hardened/12-stable/master
  hardened/12.1-releng/master
  hardened/current/master
==== check for stale changes ====
==== update to latest origin ====
Already up to date.
==== merge branches ====
==== merge freebsd/master branch ====
Updating 22ef484d6c4e..bdff175fbcce
Fast-forward
 Makefile                              |  16 +-
 libexec/rtld-elf/rtld.c               |   5 +-
 sys/compat/linux/linux_stats.c        |   2 +-
 sys/dev/smartpqi/smartpqi_discovery.c |   2 +-
 sys/dev/smartpqi/smartpqi_init.c      |   2 +-
 sys/geom/journal/g_journal.c          |   2 +-
 sys/i386/i386/pmap.c                  |   9 +-
 sys/i386/i386/pmap_nopae.c            |   2 +-
 sys/i386/i386/pmap_pae.c              |   3 +-
 sys/i386/include/pmap.h               |  26 +-
 sys/kern/vfs_mount.c                  |   2 +-
 sys/kern/vfs_subr.c                   | 243 ++++++++---
 sys/kern/vfs_syscalls.c               |   2 +-
 sys/sys/mount.h                       |   4 +-
 sys/sys/vnode.h                       |   1 +
 tools/tools/crypto/cryptocheck.c      | 794 +++++++++++++++-------------------
 16 files changed, 555 insertions(+), 560 deletions(-)
remote: To github.com:HardenedBSD/hardenedBSD.git        
remote:    22ef484d6c4e..bdff175fbcce  freebsd/current/master -> freebsd/current/master        
remote:    3e2d8819029a..2af19b24ffc9  github/freebsd/11-stable/master -> github/freebsd/11-stable/master        
remote: 
remote: Create a new pull request for 'freebsd/current/master':        
remote:   https://git-01.md.hardenedbsd.org/hardenedbsd/HardenedBSD/compare/hardened/current/master...freebsd/current/master        
remote: 
To git-01.md.hardenedbsd.org:HardenedBSD/HardenedBSD.git
   22ef484d6c4e..bdff175fbcce  freebsd/current/master -> freebsd/current/master
==== END: freebsd/current/master ====
