==== BEGIN: freebsd/12-stable/master ====
current branch: freebsd/12-stable/master
mergeable branch: freebsd/stable/12
==== change branch ====
Switched to branch 'freebsd/12-stable/master'
Your branch is behind 'freebsd/stable/12' by 6 commits, and can be fast-forwarded.
  (use "git pull" to update your local branch)
==== show current branch ====
  freebsd/10-stable/master
  freebsd/10.3-releng/master
  freebsd/11-stable/master
  freebsd/11.0-releng/master
  freebsd/11.1-releng/master
  freebsd/11.2-releng/master
* freebsd/12-stable/master
  freebsd/12.0-releng/master
  freebsd/12.1-releng/master
  freebsd/current/master
  hardened/10-stable/master
  hardened/10-stable/master-libressl
  hardened/10.3-releng/master
  hardened/11-stable/master
  hardened/11-stable/master-libressl
  hardened/11.0-releng/master
  hardened/11.1-releng/master
  hardened/11.2-releng/master
  hardened/12-stable/master
  hardened/12.0-releng/master
  hardened/12.1-releng/master
  hardened/current/intel-smap
  hardened/current/log
  hardened/current/master
  hardened/current/segvguard-ng
==== check for stale changes ====
==== update to latest origin ====
Updating c728ba47b489..33a5c7a69314
Fast-forward
 include/time.h                               |   2 +-
 lib/libbe/be.c                               |   5 +-
 lib/libbe/be_access.c                        |   2 +
 lib/libbe/be_info.c                          |   2 +
 stand/lua/core.lua                           |  26 +-
 sys/arm/broadcom/bcm2835/bcm2835_dma.c       |  41 ++-
 sys/arm/broadcom/bcm2835/bcm2835_dma.h       |   4 +
 sys/arm/broadcom/bcm2835/bcm2835_ft5406.c    |   2 +-
 sys/arm/broadcom/bcm2835/bcm2835_mbox.c      |   6 +-
 sys/arm/broadcom/bcm2835/bcm2835_mbox_prop.h |   1 +
 sys/arm/broadcom/bcm2835/bcm2835_sdhci.c     | 460 +++++++++++++++++----------
 sys/arm/broadcom/bcm2835/bcm2835_vcbus.c     | 286 +++++++++++++++++
 sys/arm/broadcom/bcm2835/bcm2835_vcbus.h     |  62 ++--
 sys/arm/broadcom/bcm2835/bcm2836.c           |   2 +
 sys/arm/broadcom/bcm2835/files.bcm283x       |   1 +
 sys/arm64/conf/GENERIC                       |   1 +
 sys/conf/files.arm64                         |  28 +-
 sys/conf/options.arm64                       |   1 +
 sys/fs/nfs/nfsrvstate.h                      |  14 +-
 sys/fs/nfsserver/nfs_nfsdport.c              |  51 ++-
 sys/sys/param.h                              |   2 +-
 usr.bin/netstat/main.c                       |   3 +
 22 files changed, 745 insertions(+), 257 deletions(-)
 create mode 100644 sys/arm/broadcom/bcm2835/bcm2835_vcbus.c
==== merge branches ====
==== merge freebsd/stable/12 branch ====
Already up to date.
To github.com:HardenedBSD/hardenedBSD.git
   c728ba47b489..33a5c7a69314  freebsd/12-stable/master -> freebsd/12-stable/master
==== END: freebsd/12-stable/master ====
