==== BEGIN: freebsd/current/master ====
current branch: freebsd/current/master
mergeable branch: freebsd/master
==== change branch ====
Switched to branch 'freebsd/current/master'
Your branch is up to date with 'origin/freebsd/current/master'.
==== show current branch ====
  freebsd/11-stable/master
  freebsd/11.2-releng/master
  freebsd/12-stable/master
  freebsd/12.1-releng/master
* freebsd/current/master
  hardened/11-stable/master
  hardened/11.2-releng/master
  hardened/12-stable/master
  hardened/12.1-releng/master
  hardened/current/master
==== check for stale changes ====
==== update to latest origin ====
=============================
HardenedBSD Master git Server
=============================

Please note that connections and activity to this server are logged.
This server, git-01.md.hardenedbsd.org, acts as the source-of-truth
server for the HardenedBSD repositories.

Banner last updated: 10 Feb 2020 09:32 EST

Already up to date.
==== merge branches ====
==== merge freebsd/master branch ====
Updating 1a9e50475158..51126b47dcd6
Fast-forward
 ObsoleteFiles.inc           |   5 ++
 lib/libifconfig/Makefile    |   5 +-
 lib/libpmc/Makefile         |   3 +-
 lib/libpmcstat/Makefile     |   4 +-
 libexec/rc/Makefile         |  31 +++++++------
 libexec/rc/rc.d/Makefile    | 109 +++++++++++++++++++++++++-------------------
 share/mk/bsd.lib.mk         |   3 ++
 usr.sbin/pmc/Makefile       |   1 +
 usr.sbin/pmcstat/Makefile   |   1 +
 usr.sbin/wlandebug/Makefile |   1 +
 10 files changed, 97 insertions(+), 66 deletions(-)
=============================
HardenedBSD Master git Server
=============================

Please note that connections and activity to this server are logged.
This server, git-01.md.hardenedbsd.org, acts as the source-of-truth
server for the HardenedBSD repositories.

Banner last updated: 10 Feb 2020 09:32 EST

remote: To github.com:HardenedBSD/hardenedBSD.git        
remote:    1a9e50475158..51126b47dcd6  freebsd/current/master -> freebsd/current/master        
remote:    53c20dbd8821..029b8d2bbb1d  github/freebsd/11-stable/master -> github/freebsd/11-stable/master        
remote: 
remote: Create a new pull request for 'freebsd/current/master':        
remote:   https://git-01.md.hardenedbsd.org/hardenedbsd/HardenedBSD/compare/hardened/current/master...freebsd/current/master        
remote: 
To git-01.md.hardenedbsd.org:HardenedBSD/HardenedBSD.git
   1a9e50475158..51126b47dcd6  freebsd/current/master -> freebsd/current/master
==== END: freebsd/current/master ====
