==== BEGIN: freebsd/current/master ====
current branch: freebsd/current/master
mergeable branch: freebsd/master
==== change branch ====
Switched to branch 'freebsd/current/master'
Your branch is up to date with 'origin/freebsd/current/master'.
==== show current branch ====
  freebsd/11-stable/master
  freebsd/11.2-releng/master
  freebsd/12-stable/master
  freebsd/12.1-releng/master
* freebsd/current/master
  hardened/11-stable/master
  hardened/11.2-releng/master
  hardened/12-stable/master
  hardened/12.1-releng/master
  hardened/current/master
==== check for stale changes ====
==== update to latest origin ====
warning: Pulling without specifying how to reconcile divergent branches is
discouraged. You can squelch this message by running one of the following
commands sometime before your next pull:

  git config pull.rebase false  # merge (the default strategy)
  git config pull.rebase true   # rebase
  git config pull.ff only       # fast-forward only

You can replace "git config" with "git config --global" to set a default
preference for all repositories. You can also pass --rebase, --no-rebase,
or --ff-only on the command line to override the configured default per
invocation.

=============================
HardenedBSD Master git Server
=============================

Please note that connections and activity to this server are logged.
This server, git-01.md.hardenedbsd.org, acts as the source-of-truth
server for the HardenedBSD repositories.

Banner last updated: 10 Feb 2020 09:32 EST

Already up to date.
==== merge branches ====
==== merge freebsd/master branch ====
Updating d125cec0092d..bb8dbff4acbc
Fast-forward
 sys/net/if_stf.c                         |   9 +-
 sys/netinet/if_ether.c                   |  16 +--
 sys/netinet/in_fib.c                     | 159 ---------------------------
 sys/netinet/in_fib.h                     |  26 -----
 sys/netinet/in_mcast.c                   |  11 +-
 sys/netinet/ip_options.c                 |  16 +--
 sys/netinet6/icmp6.c                     |  21 ++--
 sys/netinet6/in6.c                       |   8 +-
 sys/netinet6/in6_fib.c                   | 178 -------------------------------
 sys/netinet6/in6_fib.h                   |  27 -----
 sys/netinet6/in6_mcast.c                 |   8 +-
 sys/netinet6/in6_src.c                   |   7 +-
 sys/netpfil/ipfw/ip_fw2.c                |  23 ++--
 sys/netpfil/ipfw/ip_fw_table_algo.c      |  13 +--
 sys/netpfil/ipfw/nat64/nat64_translate.c |  97 +++++++++--------
 15 files changed, 126 insertions(+), 493 deletions(-)
=============================
HardenedBSD Master git Server
=============================

Please note that connections and activity to this server are logged.
This server, git-01.md.hardenedbsd.org, acts as the source-of-truth
server for the HardenedBSD repositories.

Banner last updated: 10 Feb 2020 09:32 EST

remote: To github.com:HardenedBSD/hardenedBSD.git        
remote:    d125cec0092d..bb8dbff4acbc  freebsd/current/master -> freebsd/current/master        
remote:    0004f3a93f0a..8472f4c544d6  github/hardened/12-stable/master -> github/hardened/12-stable/master        
remote: 
remote: Create a new pull request for 'freebsd/current/master':        
remote:   https://git-01.md.hardenedbsd.org/hardenedbsd/HardenedBSD/compare/hardened/current/master...freebsd/current/master        
remote: 
To git-01.md.hardenedbsd.org:HardenedBSD/HardenedBSD.git
   d125cec0092d..bb8dbff4acbc  freebsd/current/master -> freebsd/current/master
==== END: freebsd/current/master ====
