==== BEGIN: freebsd/current/master ====
current branch: freebsd/current/master
mergeable branch: freebsd/master
==== change branch ====
Switched to branch 'freebsd/current/master'
Your branch is up to date with 'origin/freebsd/current/master'.
==== show current branch ====
  freebsd/11-stable/master
  freebsd/11.2-releng/master
  freebsd/12-stable/master
  freebsd/12.1-releng/master
* freebsd/current/master
  hardened/11-stable/master
  hardened/11.2-releng/master
  hardened/12-stable/master
  hardened/12.1-releng/master
  hardened/current/master
==== check for stale changes ====
==== update to latest origin ====
Already up to date.
==== merge branches ====
==== merge freebsd/master branch ====
Updating 2dd8970d4aa9..770c4b4d6570
Fast-forward
 sys/dev/usb/controller/xhci.c                    | 16 ----------------
 sys/ofed/drivers/infiniband/ulp/ipoib/ipoib_cm.c |  4 ++++
 2 files changed, 4 insertions(+), 16 deletions(-)
remote: To github.com:HardenedBSD/hardenedBSD.git        
remote:    2dd8970d4aa9..770c4b4d6570  freebsd/current/master -> freebsd/current/master        
remote:    133f8082a0c5..d1810a10e900  github/freebsd/11-stable/master -> github/freebsd/11-stable/master        
remote: 
remote: Create a new pull request for 'freebsd/current/master':        
remote:   https://git-01.md.hardenedbsd.org/hardenedbsd/HardenedBSD/compare/hardened/current/master...freebsd/current/master        
remote: 
To git-01.md.hardenedbsd.org:HardenedBSD/HardenedBSD.git
   2dd8970d4aa9..770c4b4d6570  freebsd/current/master -> freebsd/current/master
==== END: freebsd/current/master ====
