==== BEGIN: freebsd/current/master ====
current branch: freebsd/current/master
mergeable branch: freebsd/master
==== change branch ====
Switched to branch 'freebsd/current/master'
Your branch is up to date with 'origin/freebsd/current/master'.
==== show current branch ====
  freebsd/11-stable/master
  freebsd/11.2-releng/master
  freebsd/12-stable/master
  freebsd/12.1-releng/master
* freebsd/current/master
  hardened/11-stable/master
  hardened/11.2-releng/master
  hardened/12-stable/master
  hardened/12.1-releng/master
  hardened/current/master
==== check for stale changes ====
==== update to latest origin ====
warning: Pulling without specifying how to reconcile divergent branches is
discouraged. You can squelch this message by running one of the following
commands sometime before your next pull:

  git config pull.rebase false  # merge (the default strategy)
  git config pull.rebase true   # rebase
  git config pull.ff only       # fast-forward only

You can replace "git config" with "git config --global" to set a default
preference for all repositories. You can also pass --rebase, --no-rebase,
or --ff-only on the command line to override the configured default per
invocation.

=============================
HardenedBSD Master git Server
=============================

Please note that connections and activity to this server are logged.
This server, git-01.md.hardenedbsd.org, acts as the source-of-truth
server for the HardenedBSD repositories.

Banner last updated: 10 Feb 2020 09:32 EST

Already up to date.
==== merge branches ====
==== merge freebsd/master branch ====
Updating 038c39d39aa9..e3301bbebf1e
Fast-forward
 release/Makefile.inc1           |  1 +
 stand/libsa/zfs/zfsimpl.c       |  1 -
 sys/fs/nfs/nfs_commonkrpc.c     |  2 ++
 sys/fs/nfs/nfsdport.h           |  3 +++
 sys/fs/nfs/nfsport.h            |  1 +
 sys/fs/nfsclient/nfs_clkrpc.c   | 14 +++++++++++++-
 sys/fs/nfsclient/nfs_clvfsops.c | 35 ++++++++++++++++++++++++++++++-----
 sys/fs/nfsclient/nfsmount.h     |  4 ++++
 sys/fs/nfsserver/nfs_nfsdkrpc.c | 18 ++++++++++++++++++
 sys/fs/nfsserver/nfs_nfsdport.c | 22 ++++++++++++++++++++++
 sys/fs/nfsserver/nfs_nfsdserv.c |  5 +++++
 sys/fs/nfsserver/nfs_nfsdsubs.c | 19 ++++++++++++++++---
 sys/kern/vfs_lookup.c           | 10 ++++++++++
 13 files changed, 125 insertions(+), 10 deletions(-)
=============================
HardenedBSD Master git Server
=============================

Please note that connections and activity to this server are logged.
This server, git-01.md.hardenedbsd.org, acts as the source-of-truth
server for the HardenedBSD repositories.

Banner last updated: 10 Feb 2020 09:32 EST

remote: To github.com:HardenedBSD/hardenedBSD.git        
remote:    038c39d39aa9..e3301bbebf1e  freebsd/current/master -> freebsd/current/master        
remote:    46707d5196b6..b1147634c983  github/freebsd/12-stable/master -> github/freebsd/12-stable/master        
remote: . Processing 1 references        
remote: Processed 1 references in total        
remote: 
remote: Create a new pull request for 'freebsd/current/master':        
remote:   https://git-01.md.hardenedbsd.org/HardenedBSD/HardenedBSD/compare/hardened/current/master...freebsd/current/master        
remote: 
To git-01.md.hardenedbsd.org:HardenedBSD/HardenedBSD.git
   038c39d39aa9..e3301bbebf1e  freebsd/current/master -> freebsd/current/master
==== END: freebsd/current/master ====
