==== BEGIN: freebsd/current/master ====
current branch: freebsd/current/master
mergeable branch: freebsd/master
==== change branch ====
Switched to branch 'freebsd/current/master'
Your branch is up to date with 'origin/freebsd/current/master'.
==== show current branch ====
  freebsd/11-stable/master
  freebsd/11.2-releng/master
  freebsd/12-stable/master
  freebsd/12.1-releng/master
* freebsd/current/master
  hardened/11-stable/master
  hardened/11.2-releng/master
  hardened/12-stable/master
  hardened/12.1-releng/master
  hardened/current/master
==== check for stale changes ====
==== update to latest origin ====
Already up to date.
==== merge branches ====
==== merge freebsd/master branch ====
Updating af689192364..7282ebfd4a8
Fast-forward
 share/man/man5/src.conf.5 | 151 +++++-----------------------------------------
 share/mk/src.opts.mk      |  16 ++---
 sys/kern/kern_rmlock.c    |   6 +-
 sys/ufs/ffs/ffs_softdep.c |  13 +++-
 4 files changed, 38 insertions(+), 148 deletions(-)
remote: From github.com:HardenedBSD/hardenedBSD        
remote:    1019800d1a9e..8a60940898bf  hardened/current/master -> github/hardened/current/master
remote: Everything up-to-date        
remote: 
remote: Create a new pull request for 'freebsd/current/master':        
remote:   https://git-01.md.hardenedbsd.org/hardenedbsd/HardenedBSD/compare/hardened/current/master...freebsd/current/master        
remote: 
To git-01.md.hardenedbsd.org:HardenedBSD/HardenedBSD.git
   af689192364..7282ebfd4a8  freebsd/current/master -> freebsd/current/master
==== END: freebsd/current/master ====
