==== BEGIN: freebsd/current/main ====
current branch: freebsd/current/main
mergeable branch: freebsd/main
==== change branch ====
Switched to branch 'freebsd/current/main'
Your branch is up to date with 'origin/freebsd/current/main'.
==== show current branch ====
  freebsd/11-stable/master
  freebsd/11.2-releng/master
  freebsd/12-stable/main
  freebsd/12-stable/master
  freebsd/12.1-releng/master
  freebsd/12.2-releng/master
* freebsd/current/main
  freebsd/current/master
  hardened/11-stable/master
  hardened/11.2-releng/master
  hardened/12-stable/master
  hardened/12.1-releng/master
  hardened/12.2-releng/master
  hardened/current/master
==== check for stale changes ====
==== update to latest origin ====
warning: Pulling without specifying how to reconcile divergent branches is
discouraged. You can squelch this message by running one of the following
commands sometime before your next pull:

  git config pull.rebase false  # merge (the default strategy)
  git config pull.rebase true   # rebase
  git config pull.ff only       # fast-forward only

You can replace "git config" with "git config --global" to set a default
preference for all repositories. You can also pass --rebase, --no-rebase,
or --ff-only on the command line to override the configured default per
invocation.

=============================
HardenedBSD Master git Server
=============================

Please note that connections and activity to this server are logged.
This server, git-01.md.hardenedbsd.org, acts as the source-of-truth
server for the HardenedBSD repositories.

Banner last updated: 10 Feb 2020 09:32 EST

Already up to date.
==== merge branches ====
==== merge freebsd/main branch ====
Updating 2c52512caf6ec..ff1a307801994
Fast-forward
 lib/libc/sys/aio_return.2                |  8 ++-
 sbin/ping/tests/in_cksum_test.c          | 84 ++++++++------------------------
 sys/amd64/amd64/mp_machdep.c             |  4 +-
 sys/contrib/openzfs/module/zfs/vdev.c    |  1 -
 sys/kern/imgact_elf.c                    |  8 +++
 sys/kern/kern_exec.c                     | 20 +++++---
 sys/kern/kern_rctl.c                     |  5 ++
 sys/kern/vfs_aio.c                       | 20 ++++++--
 sys/netinet/in_fib_algo.c                |  4 +-
 sys/netinet6/in6_fib_algo.c              |  4 +-
 sys/sys/aio.h                            |  2 +-
 sys/ufs/ffs/ffs_vfsops.c                 |  9 +++-
 sys/vm/vm_map.c                          | 11 +++++
 sys/vm/vm_map.h                          |  1 +
 tests/sys/aio/lio_test.c                 | 51 +++++++++++++++++++
 usr.sbin/bsdconfig/include/messages.subr |  2 +-
 16 files changed, 147 insertions(+), 87 deletions(-)
=============================
HardenedBSD Master git Server
=============================

Please note that connections and activity to this server are logged.
This server, git-01.md.hardenedbsd.org, acts as the source-of-truth
server for the HardenedBSD repositories.

Banner last updated: 10 Feb 2020 09:32 EST

remote: To github.com:HardenedBSD/hardenedBSD.git        
remote:    2c52512caf6e..ff1a30780199  freebsd/current/main -> freebsd/current/main        
remote:    5bde203a5183..9a0517d06d13  github/hardened/12-stable/master -> github/hardened/12-stable/master
remote:  ! [remote rejected]           refs/pull/18/head -> refs/pull/18/head (deny updating a hidden ref)        
remote:  ! [remote rejected]           refs/pull/19/head -> refs/pull/19/head (deny updating a hidden ref)        
remote:  ! [remote rejected]           refs/pull/20/head -> refs/pull/20/head (deny updating a hidden ref)        
remote:  ! [remote rejected]           refs/pull/21/head -> refs/pull/21/head (deny updating a hidden ref)
remote: error: failed to push some refs to 'github.com:HardenedBSD/hardenedBSD.git'        
remote: 
remote: Create a new pull request for 'freebsd/current/main':        
remote:   https://git-01.md.hardenedbsd.org/HardenedBSD/HardenedBSD/compare/hardened/current/master...freebsd/current/main        
remote: 
remote: . Processing 1 references        
remote: Processed 1 references in total        
To git-01.md.hardenedbsd.org:HardenedBSD/HardenedBSD.git
   2c52512caf6ec..ff1a307801994  freebsd/current/main -> freebsd/current/main
==== END: freebsd/current/main ====
