==== BEGIN: freebsd/current/master ====
current branch: freebsd/current/master
mergeable branch: freebsd/master
==== change branch ====
Switched to branch 'freebsd/current/master'
Your branch is up to date with 'origin/freebsd/current/master'.
==== show current branch ====
  freebsd/11-stable/master
  freebsd/11.2-releng/master
  freebsd/12-stable/master
  freebsd/12.1-releng/master
* freebsd/current/master
  hardened/11-stable/master
  hardened/11.2-releng/master
  hardened/12-stable/master
  hardened/12.1-releng/master
  hardened/current/master
==== check for stale changes ====
==== update to latest origin ====
=============================
HardenedBSD Master git Server
=============================

Please note that connections and activity to this server are logged.
This server, git-01.md.hardenedbsd.org, acts as the source-of-truth
server for the HardenedBSD repositories.

Banner last updated: 10 Feb 2020 09:32 EST

Already up to date.
==== merge branches ====
==== merge freebsd/master branch ====
Updating bb85a467ceba..04816a15fbe1
Fast-forward
 share/man/man5/src.conf.5     |  7 +---
 stand/defaults/loader.conf.5  |  6 ++-
 sys/cam/cam_ccb.h             |  5 +++
 sys/cam/nvme/nvme_da.c        | 93 +++++++++++++++++++++++++++++++++++++++++--
 sys/dev/nvme/nvme_ctrlr.c     | 52 ++++++++++++++++++++----
 sys/dev/nvme/nvme_sim.c       |  2 +
 sys/net/radix_mpath.c         | 17 ++++----
 sys/net/route.c               | 15 +++----
 sys/net/route/route_ddb.c     |  8 ++--
 sys/net/rtsock.c              | 17 ++++----
 sys/netinet/tcp_input.c       | 24 +++++++----
 sys/netinet/tcp_output.c      |  5 ++-
 sys/netinet/tcp_stacks/bbr.c  | 17 +++++---
 sys/netinet/tcp_stacks/rack.c | 18 +++++----
 14 files changed, 223 insertions(+), 63 deletions(-)
=============================
HardenedBSD Master git Server
=============================

Please note that connections and activity to this server are logged.
This server, git-01.md.hardenedbsd.org, acts as the source-of-truth
server for the HardenedBSD repositories.

Banner last updated: 10 Feb 2020 09:32 EST

remote: To github.com:HardenedBSD/hardenedBSD.git        
remote:    bb85a467ceba..04816a15fbe1  freebsd/current/master -> freebsd/current/master        
remote:    1b56a4ac7101..55c14b3acf2b  github/hardened/12-stable/master -> github/hardened/12-stable/master        
remote: 
remote: Create a new pull request for 'freebsd/current/master':        
remote:   https://git-01.md.hardenedbsd.org/hardenedbsd/HardenedBSD/compare/hardened/current/master...freebsd/current/master        
remote: 
To git-01.md.hardenedbsd.org:HardenedBSD/HardenedBSD.git
   bb85a467ceba..04816a15fbe1  freebsd/current/master -> freebsd/current/master
==== END: freebsd/current/master ====
