==== BEGIN: freebsd/12-stable/master ====
current branch: freebsd/12-stable/master
mergeable branch: freebsd/stable/12
==== change branch ====
Switched to branch 'freebsd/12-stable/master'
Your branch is up to date with 'origin/freebsd/12-stable/master'.
==== show current branch ====
  freebsd/11-stable/master
  freebsd/11.2-releng/master
* freebsd/12-stable/master
  freebsd/12.1-releng/master
  freebsd/current/master
  hardened/11-stable/master
  hardened/11.2-releng/master
  hardened/12-stable/master
  hardened/12.1-releng/master
  hardened/current/master
==== check for stale changes ====
==== update to latest origin ====
Already up to date.
==== merge branches ====
==== merge freebsd/stable/12 branch ====
Updating 99b03e39a695..402690905eff
Fast-forward
 share/man/man7/arch.7 | 30 +++++++++++++++++-------------
 1 file changed, 17 insertions(+), 13 deletions(-)
remote: To github.com:HardenedBSD/hardenedBSD.git        
remote:    99b03e39a695..402690905eff  freebsd/12-stable/master -> freebsd/12-stable/master        
remote: 
remote: Create a new pull request for 'freebsd/12-stable/master':        
remote:   https://git-01.md.hardenedbsd.org/hardenedbsd/HardenedBSD/compare/hardened/current/master...freebsd/12-stable/master        
remote: 
To git-01.md.hardenedbsd.org:HardenedBSD/HardenedBSD.git
   99b03e39a695..402690905eff  freebsd/12-stable/master -> freebsd/12-stable/master
==== END: freebsd/12-stable/master ====
