==== BEGIN: freebsd/11.2-releng/master ====
current branch: freebsd/11.2-releng/master
mergeable branch: freebsd/releng/11.2
==== change branch ====
Switched to branch 'freebsd/11.2-releng/master'
Your branch is up to date with 'origin/freebsd/11.2-releng/master'.
==== show current branch ====
  freebsd/11-stable/master
* freebsd/11.2-releng/master
  freebsd/12-stable/master
  freebsd/12.1-releng/master
  freebsd/current/master
  hardened/11-stable/master
  hardened/11.2-releng/master
  hardened/12-stable/master
  hardened/12.1-releng/master
  hardened/current/master
==== check for stale changes ====
==== update to latest origin ====
ssh: Could not resolve hostname git-01.md.hardenedbsd.org: Name does not resolve
fatal: Could not read from remote repository.

Please make sure you have the correct access rights
and the repository exists.
ERROR: git pull failed, try to recover
HEAD is now at 24e863807ab5 Import tzdata 2019c.
==== merge branches ====
==== merge freebsd/releng/11.2 branch ====
Already up to date.
ssh: Could not resolve hostname git-01.md.hardenedbsd.org: Name does not resolve
fatal: Could not read from remote repository.

Please make sure you have the correct access rights
and the repository exists.
==== merge failed and clean up after ====
On branch freebsd/11.2-releng/master
Your branch is up to date with 'origin/freebsd/11.2-releng/master'.

nothing to commit, working tree clean
HEAD is now at 24e863807ab5 Import tzdata 2019c.
==== END: freebsd/11.2-releng/master ====
