==== BEGIN: freebsd/current/master ====
current branch: freebsd/current/master
mergeable branch: freebsd/master
==== change branch ====
Switched to branch 'freebsd/current/master'
Your branch is up to date with 'origin/freebsd/current/master'.
==== show current branch ====
  freebsd/11-stable/master
  freebsd/11.2-releng/master
  freebsd/12-stable/master
  freebsd/12.1-releng/master
* freebsd/current/master
  hardened/11-stable/master
  hardened/11.2-releng/master
  hardened/12-stable/master
  hardened/12.1-releng/master
  hardened/current/master
==== check for stale changes ====
==== update to latest origin ====
Already up to date.
==== merge branches ====
==== merge freebsd/master branch ====
Updating b758a317596c..a934cd326122
Fast-forward
 lib/libc/stdlib/rand.c   | 34 -----------------
 lib/libc/stdlib/random.3 | 81 ++++++++++++++++++---------------------
 sys/conf/sysent.mk       |  9 +++--
 sys/vm/vm_fault.c        | 98 ++++++++++++++++++++++++++++--------------------
 4 files changed, 101 insertions(+), 121 deletions(-)
remote: To github.com:HardenedBSD/hardenedBSD.git        
remote:    b758a317596c..a934cd326122  freebsd/current/master -> freebsd/current/master
remote: Gitea: Internal Server Error        
remote: Failed to Update: hardenedbsd/hardenedbsd Branch: freebsd/current/master Error: newCommit.CommitsBeforeUntil: packfile not found        
To git-01.md.hardenedbsd.org:HardenedBSD/HardenedBSD.git
   b758a317596c..a934cd326122  freebsd/current/master -> freebsd/current/master
==== END: freebsd/current/master ====
