==== BEGIN: freebsd/current/master ====
current branch: freebsd/current/master
mergeable branch: freebsd/master
==== change branch ====
Switched to branch 'freebsd/current/master'
Your branch is up to date with 'origin/freebsd/current/master'.
==== show current branch ====
  freebsd/11-stable/master
  freebsd/11.2-releng/master
  freebsd/12-stable/master
  freebsd/12.1-releng/master
* freebsd/current/master
  hardened/11-stable/master
  hardened/11.2-releng/master
  hardened/12-stable/master
  hardened/12.1-releng/master
  hardened/current/master
==== check for stale changes ====
==== update to latest origin ====
=============================
HardenedBSD Master git Server
=============================

Please note that connections and activity to this server are logged.
This server, git-01.md.hardenedbsd.org, acts as the source-of-truth
server for the HardenedBSD repositories.

Banner last updated: 10 Feb 2020 09:32 EST

Already up to date.
==== merge branches ====
==== merge freebsd/master branch ====
Updating 5056e959ac39..0632905800b7
Fast-forward
 contrib/llvm-project/lld/ELF/SyntheticSections.cpp |  2 ++
 .../llvm/include/llvm/BinaryFormat/ELF.h           |  3 ++-
 .../llvm/tools/llvm-readobj/ELFDumper.cpp          |  3 ++-
 sys/dev/usb/wlan/if_run.c                          | 23 ++++++++++++++--------
 sys/dev/usb/wlan/if_runreg.h                       |  2 +-
 sys/x86/x86/busdma_bounce.c                        |  4 +---
 sys/x86/x86/busdma_machdep.c                       |  2 --
 7 files changed, 23 insertions(+), 16 deletions(-)
=============================
HardenedBSD Master git Server
=============================

Please note that connections and activity to this server are logged.
This server, git-01.md.hardenedbsd.org, acts as the source-of-truth
server for the HardenedBSD repositories.

Banner last updated: 10 Feb 2020 09:32 EST

remote: To github.com:HardenedBSD/hardenedBSD.git        
remote:    5056e959ac39..0632905800b7  freebsd/current/master -> freebsd/current/master        
remote: 
remote: Create a new pull request for 'freebsd/current/master':        
remote:   https://git-01.md.hardenedbsd.org/hardenedbsd/HardenedBSD/compare/hardened/current/master...freebsd/current/master        
remote: 
To git-01.md.hardenedbsd.org:HardenedBSD/HardenedBSD.git
   5056e959ac39..0632905800b7  freebsd/current/master -> freebsd/current/master
==== END: freebsd/current/master ====
