==== BEGIN: freebsd/current/master ====
current branch: freebsd/current/master
mergeable branch: freebsd/master
==== change branch ====
Switched to branch 'freebsd/current/master'
Your branch is up to date with 'origin/freebsd/current/master'.
==== show current branch ====
  freebsd/11-stable/master
  freebsd/11.2-releng/master
  freebsd/12-stable/master
  freebsd/12.1-releng/master
* freebsd/current/master
  hardened/11-stable/master
  hardened/11.2-releng/master
  hardened/12-stable/master
  hardened/12.1-releng/master
  hardened/current/master
==== check for stale changes ====
==== update to latest origin ====
=============================
HardenedBSD Master git Server
=============================

Please note that connections and activity to this server are logged.
This server, git-01.md.hardenedbsd.org, acts as the source-of-truth
server for the HardenedBSD repositories.

Banner last updated: 10 Feb 2020 09:32 EST

Already up to date.
==== merge branches ====
==== merge freebsd/master branch ====
Updating 96608a759697..dd5a75d38669
Fast-forward
 sbin/ifconfig/ifconfig.8            | 88 +++++++++++++++++++++---------------
 sbin/ifconfig/ifconfig.c            | 90 ++++++++++++++++++++++++++++++++++++-
 sys/dev/superio/superio.c           |  1 +
 sys/netpfil/ipfw/ip_fw_table_algo.c |  3 +-
 sys/ufs/ffs/ffs_balloc.c            | 13 +++---
 sys/ufs/ffs/ffs_inode.c             |  2 +-
 sys/ufs/ffs/ffs_vnops.c             |  2 +
 sys/ufs/ufs/inode.h                 |  6 +--
 8 files changed, 156 insertions(+), 49 deletions(-)
=============================
HardenedBSD Master git Server
=============================

Please note that connections and activity to this server are logged.
This server, git-01.md.hardenedbsd.org, acts as the source-of-truth
server for the HardenedBSD repositories.

Banner last updated: 10 Feb 2020 09:32 EST

remote: To github.com:HardenedBSD/hardenedBSD.git        
remote:    96608a759697..dd5a75d38669  freebsd/current/master -> freebsd/current/master        
remote:    fe3213e42ab5..b04a3c54c06d  github/hardened/12-stable/master -> github/hardened/12-stable/master        
remote: 
remote: Create a new pull request for 'freebsd/current/master':        
remote:   https://git-01.md.hardenedbsd.org/hardenedbsd/HardenedBSD/compare/hardened/current/master...freebsd/current/master        
remote: 
To git-01.md.hardenedbsd.org:HardenedBSD/HardenedBSD.git
   96608a759697..dd5a75d38669  freebsd/current/master -> freebsd/current/master
==== END: freebsd/current/master ====
