==== BEGIN: freebsd/current/master ====
current branch: freebsd/current/master
mergeable branch: freebsd/master
==== change branch ====
Switched to branch 'freebsd/current/master'
Your branch is up to date with 'origin/freebsd/current/master'.
==== show current branch ====
  freebsd/11-stable/master
  freebsd/11.2-releng/master
  freebsd/12-stable/master
  freebsd/12.1-releng/master
* freebsd/current/master
  hardened/11-stable/master
  hardened/11.2-releng/master
  hardened/12-stable/master
  hardened/12.1-releng/master
  hardened/current/master
==== check for stale changes ====
==== update to latest origin ====
Already up to date.
==== merge branches ====
==== merge freebsd/master branch ====
Updating f4f17121e6a2..58b9618989d7
Fast-forward
 contrib/llvm-project/llvm/lib/Target/Mips/Mips.td  |  3 ++
 .../llvm/lib/Target/Mips/Mips64InstrInfo.td        | 34 ++++++++++++++++++++++
 .../llvm/lib/Target/Mips/MipsInstrInfo.td          |  6 ++--
 sbin/savecore/savecore.c                           |  7 ++++-
 share/man/man4/tap.4                               |  1 +
 .../opensolaris/uts/common/fs/zfs/sys/zio.h        |  9 +++---
 sys/dev/netmap/if_ptnet.c                          |  3 ++
 sys/dev/netmap/netmap_kern.h                       |  1 -
 sys/dev/vmware/vmxnet3/if_vmx.c                    |  2 +-
 sys/fs/nfs/nfsv4_errstr.h                          |  2 +-
 sys/net/netmap_virt.h                              |  4 +--
 sys/netinet/tcp_subr.c                             | 10 ++++---
 sys/powerpc/mpc85xx/lbc.c                          |  2 +-
 usr.bin/diff/diffreg.c                             |  5 ++++
 usr.sbin/fstyp/hammer.c                            |  4 +--
 usr.sbin/fstyp/hammer2.c                           |  5 ----
 16 files changed, 73 insertions(+), 25 deletions(-)
remote: To github.com:HardenedBSD/hardenedBSD.git        
remote:    f4f17121e6a2..58b9618989d7  freebsd/current/master -> freebsd/current/master        
remote:    493c2a688f84..d2fcb62e97d4  github/freebsd/11-stable/master -> github/freebsd/11-stable/master        
remote: 
remote: Create a new pull request for 'freebsd/current/master':        
remote:   https://git-01.md.hardenedbsd.org/hardenedbsd/HardenedBSD/compare/hardened/current/master...freebsd/current/master        
remote: 
To git-01.md.hardenedbsd.org:HardenedBSD/HardenedBSD.git
   f4f17121e6a2..58b9618989d7  freebsd/current/master -> freebsd/current/master
==== END: freebsd/current/master ====
