==== BEGIN: freebsd/current/master ====
current branch: freebsd/current/master
mergeable branch: freebsd/master
==== change branch ====
Switched to branch 'freebsd/current/master'
Your branch is up to date with 'origin/freebsd/current/master'.
==== show current branch ====
  freebsd/11-stable/master
  freebsd/11.2-releng/master
  freebsd/12-stable/master
  freebsd/12.1-releng/master
* freebsd/current/master
  hardened/11-stable/master
  hardened/11.2-releng/master
  hardened/12-stable/master
  hardened/12.1-releng/master
  hardened/current/master
==== check for stale changes ====
==== update to latest origin ====
=============================
HardenedBSD Master git Server
=============================

Please note that connections and activity to this server are logged.
This server, git-01.md.hardenedbsd.org, acts as the source-of-truth
server for the HardenedBSD repositories.

Banner last updated: 10 Feb 2020 09:32 EST

Already up to date.
==== merge branches ====
==== merge freebsd/master branch ====
Updating 0a1c1389e693..3d7d411366f6
Fast-forward
 bin/sh/input.c                                  |   2 -
 cddl/contrib/opensolaris/cmd/zfs/zfs_util.h     |   2 +-
 cddl/contrib/opensolaris/cmd/zpool/zpool_main.c |   2 +
 cddl/contrib/opensolaris/cmd/zpool/zpool_util.h |   2 +-
 contrib/openbsm/bin/auditreduce/auditreduce.1   |   7 +-
 contrib/openbsm/bin/auditreduce/auditreduce.c   |  31 +++++-
 contrib/openbsm/bin/auditreduce/auditreduce.h   |   1 +
 contrib/telnet/telnetd/ext.h                    |  62 ++++++------
 contrib/telnet/telnetd/global.c                 |   2 +-
 contrib/telnet/telnetd/sys_term.c               |   2 -
 contrib/telnet/telnetd/telnetd.c                |   1 -
 share/man/man7/arch.7                           |  33 +------
 sys/dev/sound/pci/hda/hdac.c                    |  12 +--
 sys/netinet/sctp_cc_functions.c                 |   4 +-
 sys/netinet/sctp_constants.h                    |  10 --
 sys/netinet/sctp_input.c                        |   2 +-
 sys/netinet/sctp_pcb.c                          |  16 ++--
 sys/netinet/sctp_timer.c                        |   2 +-
 sys/netinet/sctp_usrreq.c                       |  32 ++++---
 sys/netinet/sctputil.c                          | 122 +++++++++++++++++++-----
 sys/netinet/sctputil.h                          |   5 +
 21 files changed, 215 insertions(+), 137 deletions(-)
=============================
HardenedBSD Master git Server
=============================

Please note that connections and activity to this server are logged.
This server, git-01.md.hardenedbsd.org, acts as the source-of-truth
server for the HardenedBSD repositories.

Banner last updated: 10 Feb 2020 09:32 EST

remote: To github.com:HardenedBSD/hardenedBSD.git        
remote:    0a1c1389e693..3d7d411366f6  freebsd/current/master -> freebsd/current/master        
remote:    0437583a8256..605cdc927cf4  github/freebsd/11-stable/master -> github/freebsd/11-stable/master        
remote: Gitea: Internal Server Error        
remote: Failed to Update: hardenedbsd/hardenedbsd Branch: freebsd/current/master Error: newCommit.CommitsBeforeUntil: packfile not found
To git-01.md.hardenedbsd.org:HardenedBSD/HardenedBSD.git
   0a1c1389e693..3d7d411366f6  freebsd/current/master -> freebsd/current/master
==== END: freebsd/current/master ====
