==== BEGIN: freebsd/12-stable/master ====
current branch: freebsd/12-stable/master
mergeable branch: freebsd/stable/12
==== change branch ====
Switched to branch 'freebsd/12-stable/master'
Your branch is up to date with 'origin/freebsd/12-stable/master'.
==== show current branch ====
  freebsd/11-stable/master
  freebsd/11.2-releng/master
* freebsd/12-stable/master
  freebsd/12.1-releng/master
  freebsd/current/master
  hardened/11-stable/master
  hardened/11.2-releng/master
  hardened/12-stable/master
  hardened/12.1-releng/master
  hardened/current/master
==== check for stale changes ====
==== update to latest origin ====
Already up to date.
==== merge branches ====
==== merge freebsd/stable/12 branch ====
Updating 9ad30f4f55df..813f8201bdcf
Fast-forward
 lib/libusb/Makefile            |  1 +
 lib/libusb/libusb20.3          | 14 ++++++++++++--
 lib/libusb/libusb20.c          | 26 ++++++++++++++++++++++++++
 lib/libusb/libusb20.h          |  7 +++++++
 lib/libusb/libusb20_int.h      |  3 +++
 lib/libusb/libusb20_ugen20.c   | 24 ++++++++++++++++++++++++
 sys/dev/hyperv/netvsc/if_hn.c  |  2 +-
 sys/dev/usb/usb_bus.h          | 11 +----------
 sys/dev/usb/usb_device.h       | 13 ++++++++++++-
 sys/dev/usb/usb_generic.c      |  5 ++---
 sys/dev/usb/usb_transfer.c     |  4 ++--
 sys/sys/param.h                |  2 +-
 usr.sbin/usbconfig/dump.c      | 29 +++++++++++++++++++++++++++++
 usr.sbin/usbconfig/dump.h      |  1 +
 usr.sbin/usbconfig/usbconfig.8 |  6 ++++--
 usr.sbin/usbconfig/usbconfig.c | 17 ++++++++++++++++-
 16 files changed, 142 insertions(+), 23 deletions(-)
remote: To github.com:HardenedBSD/hardenedBSD.git        
remote:    9ad30f4f55df..813f8201bdcf  freebsd/12-stable/master -> freebsd/12-stable/master
remote: 
remote: Create a new pull request for 'freebsd/12-stable/master':        
remote:   https://git-01.md.hardenedbsd.org/hardenedbsd/HardenedBSD/compare/hardened/current/master...freebsd/12-stable/master        
remote: 
To git-01.md.hardenedbsd.org:HardenedBSD/HardenedBSD.git
   9ad30f4f55df..813f8201bdcf  freebsd/12-stable/master -> freebsd/12-stable/master
==== END: freebsd/12-stable/master ====
