==== BEGIN: freebsd/current/master ====
current branch: freebsd/current/master
mergeable branch: freebsd/master
==== change branch ====
Switched to branch 'freebsd/current/master'
Your branch is up to date with 'origin/freebsd/current/master'.
==== show current branch ====
  freebsd/11-stable/master
  freebsd/11.2-releng/master
  freebsd/12-stable/master
  freebsd/12.1-releng/master
* freebsd/current/master
  hardened/11-stable/master
  hardened/11.2-releng/master
  hardened/12-stable/master
  hardened/12.1-releng/master
  hardened/current/master
==== check for stale changes ====
==== update to latest origin ====
=============================
HardenedBSD Master git Server
=============================

Please note that connections and activity to this server are logged.
This server, git-01.md.hardenedbsd.org, acts as the source-of-truth
server for the HardenedBSD repositories.

Banner last updated: 10 Feb 2020 09:32 EST

Already up to date.
==== merge branches ====
==== merge freebsd/master branch ====
Updating efde64257d58..ef5d2354ee62
Fast-forward
 ObsoleteFiles.inc                                  |   1 -
 contrib/elftoolchain/libelf/libelf_convert.m4      |   2 +-
 libexec/tftpd/tests/Makefile                       |   1 +
 sbin/mount_nfs/mount_nfs.c                         |   2 +-
 sys/amd64/conf/NOTES                               |   4 -
 .../opensolaris/uts/common/fs/zfs/dsl_scan.c       |   9 -
 sys/conf/NOTES                                     |   3 +
 sys/conf/files.powerpc                             |   1 +
 sys/dev/aacraid/aacraid.c                          | 100 ++++--
 sys/dev/aacraid/aacraid_cam.c                      |  15 +-
 sys/dev/aacraid/aacraid_endian.c                   | 389 +++++++++++++++++++++
 sys/dev/aacraid/aacraid_endian.h                   | 114 ++++++
 sys/modules/Makefile                               |   1 +
 sys/modules/aacraid/Makefile                       |   3 +
 sys/powerpc/conf/GENERIC64                         |   1 +
 15 files changed, 608 insertions(+), 38 deletions(-)
 create mode 100644 sys/dev/aacraid/aacraid_endian.c
 create mode 100644 sys/dev/aacraid/aacraid_endian.h
=============================
HardenedBSD Master git Server
=============================

Please note that connections and activity to this server are logged.
This server, git-01.md.hardenedbsd.org, acts as the source-of-truth
server for the HardenedBSD repositories.

Banner last updated: 10 Feb 2020 09:32 EST

remote: To github.com:HardenedBSD/hardenedBSD.git        
remote:    efde64257d58..ef5d2354ee62  freebsd/current/master -> freebsd/current/master        
remote: Gitea: Internal Server Error        
remote: Failed to Update: hardenedbsd/hardenedbsd Branch: freebsd/current/master Error: newCommit.CommitsBeforeUntil: packfile not found
To git-01.md.hardenedbsd.org:HardenedBSD/HardenedBSD.git
   efde64257d58..ef5d2354ee62  freebsd/current/master -> freebsd/current/master
==== END: freebsd/current/master ====
