==== BEGIN: freebsd/current/master ====
current branch: freebsd/current/master
mergeable branch: freebsd/master
==== change branch ====
Switched to branch 'freebsd/current/master'
Your branch is up to date with 'origin/freebsd/current/master'.
==== show current branch ====
  freebsd/11-stable/master
  freebsd/11.2-releng/master
  freebsd/12-stable/master
  freebsd/12.1-releng/master
* freebsd/current/master
  hardened/11-stable/master
  hardened/11.2-releng/master
  hardened/12-stable/master
  hardened/12.1-releng/master
  hardened/current/master
==== check for stale changes ====
==== update to latest origin ====
Already up to date.
==== merge branches ====
==== merge freebsd/master branch ====
Updating 2ade50c4604..d8a29f92652
Fast-forward
 sys/arm/arm/sc_machdep.c              |  1 -
 sys/cam/ctl/ctl_backend_block.c       | 14 +-------
 sys/dev/md/md.c                       |  6 ----
 sys/dev/nvdimm/nvdimm_spa.c           |  5 ---
 sys/dev/nvdimm/nvdimm_var.h           |  1 -
 sys/dev/random/random_harvestq.c      | 60 +++++++++++++++++++++++++++++------
 sys/dev/virtio/random/virtio_random.c |  8 -----
 sys/geom/geom.h                       |  3 +-
 sys/geom/geom_disk.c                  |  9 +-----
 sys/geom/geom_event.c                 |  7 ++--
 sys/geom/geom_io.c                    | 27 ++++++----------
 sys/geom/geom_subr.c                  |  7 ++--
 sys/isa/syscons_isa.c                 |  1 -
 sys/kern/subr_devstat.c               |  7 +---
 sys/mips/mips/sc_machdep.c            |  1 -
 sys/powerpc/include/pcpu.h            |  3 +-
 sys/powerpc/powernv/opal_hmi.c        | 12 ++++---
 sys/powerpc/powerpc/sc_machdep.c      |  1 -
 sys/sparc64/sparc64/sc_machdep.c      |  1 -
 19 files changed, 82 insertions(+), 92 deletions(-)
remote: fatal: packfile ./objects/pack/pack-9a445c25083170394f699e9eadcbf96fd6443c93.pack cannot be accessed        
remote: error: remote unpack failed: eof before pack header was fully read        
remote: error: failed to push some refs to 'git@github.com:HardenedBSD/hardenedBSD.git'        
remote: 
remote: Create a new pull request for 'freebsd/current/master':        
remote:   https://git-01.md.hardenedbsd.org/hardenedbsd/HardenedBSD/compare/hardened/current/master...freebsd/current/master        
remote: 
To git-01.md.hardenedbsd.org:HardenedBSD/HardenedBSD.git
   2ade50c4604..d8a29f92652  freebsd/current/master -> freebsd/current/master
==== END: freebsd/current/master ====
