==== BEGIN: freebsd/current/master ====
current branch: freebsd/current/master
mergeable branch: freebsd/master
==== change branch ====
Switched to branch 'freebsd/current/master'
Your branch is up to date with 'origin/freebsd/current/master'.
==== show current branch ====
  freebsd/11-stable/master
  freebsd/11.2-releng/master
  freebsd/12-stable/master
  freebsd/12.1-releng/master
* freebsd/current/master
  hardened/11-stable/master
  hardened/11.2-releng/master
  hardened/12-stable/master
  hardened/12.1-releng/master
  hardened/current/master
==== check for stale changes ====
==== update to latest origin ====
Already up to date.
==== merge branches ====
==== merge freebsd/master branch ====
Updating 81ee8d183de5..25a69fabd61b
Fast-forward
 sys/conf/files | 2 +-
 1 file changed, 1 insertion(+), 1 deletion(-)
remote: To github.com:HardenedBSD/hardenedBSD.git        
remote:    81ee8d183de5..25a69fabd61b  freebsd/current/master -> freebsd/current/master        
remote:    d1ed29fa9f0b..e7fcfc03ad24  github/freebsd/11-stable/master -> github/freebsd/11-stable/master
remote: 
remote: Create a new pull request for 'freebsd/current/master':        
remote:   https://git-01.md.hardenedbsd.org/hardenedbsd/HardenedBSD/compare/hardened/current/master...freebsd/current/master        
remote: 
To git-01.md.hardenedbsd.org:HardenedBSD/HardenedBSD.git
   81ee8d183de5..25a69fabd61b  freebsd/current/master -> freebsd/current/master
==== END: freebsd/current/master ====
