==== BEGIN: freebsd/12-stable/master ====
current branch: freebsd/12-stable/master
mergeable branch: freebsd/stable/12
==== change branch ====
Switched to branch 'freebsd/12-stable/master'
Your branch is up to date with 'origin/freebsd/12-stable/master'.
==== show current branch ====
  freebsd/11-stable/master
  freebsd/11.2-releng/master
* freebsd/12-stable/master
  freebsd/12.1-releng/master
  freebsd/current/master
  hardened/11-stable/master
  hardened/11.2-releng/master
  hardened/12-stable/master
  hardened/12.1-releng/master
  hardened/current/master
==== check for stale changes ====
==== update to latest origin ====
Already up to date.
==== merge branches ====
==== merge freebsd/stable/12 branch ====
Updating fcc72ff9c36d..ab30f2a288fd
Fast-forward
 sbin/fsck_msdosfs/boot.c | 2 +-
 1 file changed, 1 insertion(+), 1 deletion(-)
remote: To github.com:HardenedBSD/hardenedBSD.git        
remote:    fcc72ff9c36d..ab30f2a288fd  freebsd/12-stable/master -> freebsd/12-stable/master        
remote: 
remote: Create a new pull request for 'freebsd/12-stable/master':        
remote:   https://git-01.md.hardenedbsd.org/hardenedbsd/HardenedBSD/compare/hardened/current/master...freebsd/12-stable/master        
remote: 
To git-01.md.hardenedbsd.org:HardenedBSD/HardenedBSD.git
   fcc72ff9c36d..ab30f2a288fd  freebsd/12-stable/master -> freebsd/12-stable/master
==== END: freebsd/12-stable/master ====
