==== BEGIN: freebsd/current/master ====
current branch: freebsd/current/master
mergeable branch: freebsd/master
==== change branch ====
Switched to branch 'freebsd/current/master'
Your branch is up to date with 'origin/freebsd/current/master'.
==== show current branch ====
  freebsd/11-stable/master
  freebsd/11.2-releng/master
  freebsd/12-stable/master
  freebsd/12.1-releng/master
* freebsd/current/master
  hardened/11-stable/master
  hardened/11.2-releng/master
  hardened/12-stable/master
  hardened/12.1-releng/master
  hardened/current/master
==== check for stale changes ====
==== update to latest origin ====
=============================
HardenedBSD Master git Server
=============================

Please note that connections and activity to this server are logged.
This server, git-01.md.hardenedbsd.org, acts as the source-of-truth
server for the HardenedBSD repositories.

Banner last updated: 10 Feb 2020 09:32 EST

Already up to date.
==== merge branches ====
==== merge freebsd/master branch ====
Updating 9933fb74f356..ad2a729e1503
Fast-forward
 sbin/fsck_msdosfs/check.c           |  2 +-
 sbin/fsck_msdosfs/ext.h             |  2 ++
 sbin/fsck_msdosfs/fat.c             | 48 ++++++++++++++++++++++++++++++++++++-
 sys/dev/sound/pci/hda/hdac.c        | 14 +++++------
 sys/kern/kern_thread.c              |  2 +-
 usr.sbin/bluetooth/hccontrol/node.c | 35 +++++++++++++++++++++++++--
 6 files changed, 91 insertions(+), 12 deletions(-)
=============================
HardenedBSD Master git Server
=============================

Please note that connections and activity to this server are logged.
This server, git-01.md.hardenedbsd.org, acts as the source-of-truth
server for the HardenedBSD repositories.

Banner last updated: 10 Feb 2020 09:32 EST

remote: To github.com:HardenedBSD/hardenedBSD.git        
remote:    9933fb74f356..ad2a729e1503  freebsd/current/master -> freebsd/current/master        
remote: 
remote: Create a new pull request for 'freebsd/current/master':        
remote:   https://git-01.md.hardenedbsd.org/hardenedbsd/HardenedBSD/compare/hardened/current/master...freebsd/current/master        
remote: 
To git-01.md.hardenedbsd.org:HardenedBSD/HardenedBSD.git
   9933fb74f356..ad2a729e1503  freebsd/current/master -> freebsd/current/master
==== END: freebsd/current/master ====
