==== BEGIN: freebsd/current/master ====
current branch: freebsd/current/master
mergeable branch: freebsd/master
==== change branch ====
Switched to branch 'freebsd/current/master'
Your branch is up to date with 'origin/freebsd/current/master'.
==== show current branch ====
  freebsd/11-stable/master
  freebsd/11.2-releng/master
  freebsd/12-stable/master
  freebsd/12.1-releng/master
* freebsd/current/master
  hardened/11-stable/master
  hardened/11.2-releng/master
  hardened/12-stable/master
  hardened/12.1-releng/master
  hardened/current/master
==== check for stale changes ====
==== update to latest origin ====
warning: Pulling without specifying how to reconcile divergent branches is
discouraged. You can squelch this message by running one of the following
commands sometime before your next pull:

  git config pull.rebase false  # merge (the default strategy)
  git config pull.rebase true   # rebase
  git config pull.ff only       # fast-forward only

You can replace "git config" with "git config --global" to set a default
preference for all repositories. You can also pass --rebase, --no-rebase,
or --ff-only on the command line to override the configured default per
invocation.

=============================
HardenedBSD Master git Server
=============================

Please note that connections and activity to this server are logged.
This server, git-01.md.hardenedbsd.org, acts as the source-of-truth
server for the HardenedBSD repositories.

Banner last updated: 10 Feb 2020 09:32 EST

Already up to date.
==== merge branches ====
==== merge freebsd/master branch ====
Updating 3171b6c1e16b..df30047f3fa8
Fast-forward
 contrib/llvm-project/openmp/runtime/src/kmp_os.h |  3 ++-
 sbin/bectl/tests/bectl_test.sh                   |  5 ++++
 sys/dev/ath/if_ath.c                             | 13 ++--------
 sys/dev/bwi/if_bwi.c                             | 13 ++--------
 sys/dev/iwm/if_iwm.c                             |  6 ++---
 sys/dev/iwn/if_iwn.c                             | 15 ++----------
 sys/dev/mwl/if_mwl.c                             | 15 ++++++------
 sys/dev/otus/if_otus.c                           | 30 ------------------------
 sys/dev/usb/wlan/if_run.c                        |  2 +-
 sys/dev/wtap/if_wtap.c                           | 14 ++---------
 sys/powerpc/powerpc/elf64_machdep.c              | 26 ++++++++++++++++----
 sys/sys/vdso.h                                   |  8 +++++++
 usr.sbin/ntp/ntpd/ntp.conf                       |  4 ++--
 13 files changed, 59 insertions(+), 95 deletions(-)
=============================
HardenedBSD Master git Server
=============================

Please note that connections and activity to this server are logged.
This server, git-01.md.hardenedbsd.org, acts as the source-of-truth
server for the HardenedBSD repositories.

Banner last updated: 10 Feb 2020 09:32 EST

remote: To github.com:HardenedBSD/hardenedBSD.git        
remote:    3171b6c1e16b..df30047f3fa8  freebsd/current/master -> freebsd/current/master        
remote:    8a2c8cd617d6..3fabbfc694ae  github/hardened/12-stable/master -> github/hardened/12-stable/master
remote: . Processing 1 references        
remote: Processed 1 references in total        
remote: 
remote: Create a new pull request for 'freebsd/current/master':        
remote:   https://git-01.md.hardenedbsd.org/HardenedBSD/HardenedBSD/compare/hardened/current/master...freebsd/current/master        
remote: 
To git-01.md.hardenedbsd.org:HardenedBSD/HardenedBSD.git
   3171b6c1e16b..df30047f3fa8  freebsd/current/master -> freebsd/current/master
==== END: freebsd/current/master ====
