==== BEGIN: freebsd/current/master ====
current branch: freebsd/current/master
mergeable branch: freebsd/master
==== change branch ====
Switched to branch 'freebsd/current/master'
Your branch is up to date with 'origin/freebsd/current/master'.
==== show current branch ====
  freebsd/11-stable/master
  freebsd/11.2-releng/master
  freebsd/12-stable/master
  freebsd/12.1-releng/master
* freebsd/current/master
  hardened/11-stable/master
  hardened/11.2-releng/master
  hardened/12-stable/master
  hardened/12.1-releng/master
  hardened/current/master
==== check for stale changes ====
==== update to latest origin ====
=============================
HardenedBSD Master git Server
=============================

Please note that connections and activity to this server are logged.
This server, git-01.md.hardenedbsd.org, acts as the source-of-truth
server for the HardenedBSD repositories.

Banner last updated: 10 Feb 2020 09:32 EST

Already up to date.
==== merge branches ====
==== merge freebsd/master branch ====
Updating d11edfe286ab..fb9f2a1abb1e
Fast-forward
 lib/geom/eli/geli.8                |  29 +--------
 lib/geom/eli/geom_eli.c            |  16 -----
 lib/libc/sys/closefrom.c           |   3 +-
 share/man/man9/bus_dma.9           |   5 +-
 sys/fs/nfsclient/nfs_clrpcops.c    |   2 +-
 sys/fs/nfsclient/nfs_clvnops.c     |   2 +-
 sys/fs/nfsserver/nfs_nfsdport.c    |  29 ++++++---
 sys/fs/nfsserver/nfs_nfsdserv.c    |  12 ++--
 sys/geom/eli/g_eli.c               |  26 +++-----
 sys/geom/eli/g_eli.h               |  66 ++++++++++----------
 sys/geom/eli/g_eli_crypto.c        |   6 --
 sys/geom/eli/g_eli_ctl.c           |   5 ++
 sys/modules/dtb/allwinner/Makefile |   1 -
 sys/net/route.c                    |  12 ++++
 sys/net/route.h                    |   3 +
 sys/netinet/icmp6.h                |   4 +-
 sys/netinet/in_pcb.c               |  42 ++++++-------
 sys/netinet/ip_fastfwd.c           |  41 +++++++------
 sys/netinet/ip_icmp.c              |  24 +++-----
 sys/netinet6/icmp6.c               |  13 ++--
 sys/netinet6/ip6_fastfwd.c         |  45 ++++++++------
 sys/netinet6/ip6_forward.c         |   2 +-
 sys/netinet6/nd6_rtr.c             |  57 +++++++-----------
 tests/sys/audit/file-close.c       |   2 +
 usr.sbin/bhyve/Makefile            |   1 +
 usr.sbin/bhyve/acpi.c              |  12 ++--
 usr.sbin/bhyve/acpi.h              |  10 ++++
 usr.sbin/bhyve/bhyverun.c          |  23 ++++---
 usr.sbin/bhyve/bootrom.c           | 119 +++++++++++++++++++++++++++++--------
 usr.sbin/bhyve/bootrom.h           |  12 +++-
 usr.sbin/bhyve/pci_lpc.c           |   2 +-
 usr.sbin/bhyve/pm.c                |  65 ++++++++++++++++++++
 usr.sbin/bhyve/vmgenc.c            | 119 +++++++++++++++++++++++++++++++++++++
 usr.sbin/bhyve/vmgenc.h            |  31 ++++++++++
 34 files changed, 560 insertions(+), 281 deletions(-)
 create mode 100644 usr.sbin/bhyve/vmgenc.c
 create mode 100644 usr.sbin/bhyve/vmgenc.h
=============================
HardenedBSD Master git Server
=============================

Please note that connections and activity to this server are logged.
This server, git-01.md.hardenedbsd.org, acts as the source-of-truth
server for the HardenedBSD repositories.

Banner last updated: 10 Feb 2020 09:32 EST

remote: To github.com:HardenedBSD/hardenedBSD.git        
remote:    d11edfe286ab..fb9f2a1abb1e  freebsd/current/master -> freebsd/current/master        
remote:    4e76b934a629..1e941eabf8ce  github/hardened/12-stable/master -> github/hardened/12-stable/master        
remote: 
remote: Create a new pull request for 'freebsd/current/master':        
remote:   https://git-01.md.hardenedbsd.org/hardenedbsd/HardenedBSD/compare/hardened/current/master...freebsd/current/master        
remote: 
To git-01.md.hardenedbsd.org:HardenedBSD/HardenedBSD.git
   d11edfe286ab..fb9f2a1abb1e  freebsd/current/master -> freebsd/current/master
==== END: freebsd/current/master ====
