==== BEGIN: freebsd/11-stable/master ====
current branch: freebsd/11-stable/master
mergeable branch: freebsd/stable/11
==== change branch ====
Switched to branch 'freebsd/11-stable/master'
Your branch is up to date with 'origin/freebsd/11-stable/master'.
==== show current branch ====
* freebsd/11-stable/master
  freebsd/11.2-releng/master
  freebsd/12-stable/master
  freebsd/12.1-releng/master
  freebsd/current/master
  hardened/11-stable/master
  hardened/11.2-releng/master
  hardened/12-stable/master
  hardened/12.1-releng/master
  hardened/current/master
==== check for stale changes ====
==== update to latest origin ====
Already up to date.
==== merge branches ====
==== merge freebsd/stable/11 branch ====
Updating 1186861c487c..7fa896b1e79b
Fast-forward
 .../contrib/opensolaris/lib/libzfs/common/libzfs.h |  1 +
 .../opensolaris/lib/libzfs/common/libzfs_mount.c   | 31 ++++++++++++++++++----
 lib/libbe/be_access.c                              |  5 +---
 3 files changed, 28 insertions(+), 9 deletions(-)
remote: To github.com:HardenedBSD/hardenedBSD.git        
remote:    1186861c487c..7fa896b1e79b  freebsd/11-stable/master -> freebsd/11-stable/master        
remote:    8bdf49452106..e8b8148f8bfa  github/hardened/12-stable/master -> github/hardened/12-stable/master        
remote: 
remote: Create a new pull request for 'freebsd/11-stable/master':        
remote:   https://git-01.md.hardenedbsd.org/hardenedbsd/HardenedBSD/compare/hardened/current/master...freebsd/11-stable/master        
remote: 
To git-01.md.hardenedbsd.org:HardenedBSD/HardenedBSD.git
   1186861c487c..7fa896b1e79b  freebsd/11-stable/master -> freebsd/11-stable/master
==== END: freebsd/11-stable/master ====
