==== BEGIN: freebsd/12-stable/master ====
current branch: freebsd/12-stable/master
mergeable branch: freebsd/stable/12
==== change branch ====
Switched to branch 'freebsd/12-stable/master'
Your branch is up to date with 'origin/freebsd/12-stable/master'.
==== show current branch ====
  freebsd/11-stable/master
  freebsd/11.2-releng/master
* freebsd/12-stable/master
  freebsd/12.1-releng/master
  freebsd/current/master
  hardened/11-stable/master
  hardened/11.2-releng/master
  hardened/12-stable/master
  hardened/12.1-releng/master
  hardened/current/master
==== check for stale changes ====
==== update to latest origin ====
=============================
HardenedBSD Master git Server
=============================

Please note that connections and activity to this server are logged.
This server, git-01.md.hardenedbsd.org, acts as the source-of-truth
server for the HardenedBSD repositories.

Banner last updated: 10 Feb 2020 09:32 EST

Already up to date.
==== merge branches ====
==== merge freebsd/stable/12 branch ====
Updating 0d1c391321b3..5078ff181b19
Fast-forward
 contrib/elftoolchain/elfcopy/main.c               |  8 ++++++--
 contrib/elftoolchain/elfcopy/sections.c           |  2 +-
 contrib/elftoolchain/libdwarf/dwarf_pro_attr.c    |  4 +++-
 contrib/elftoolchain/libdwarf/dwarf_pro_expr.c    | 10 ++++-----
 contrib/elftoolchain/libdwarf/libdwarf_abbrev.c   |  4 +---
 contrib/elftoolchain/libdwarf/libdwarf_frame.c    |  6 +++---
 contrib/elftoolchain/libelftc/libelftc_dem_arm.c  | 13 ++++++------
 contrib/elftoolchain/libelftc/libelftc_dem_gnu2.c | 11 +++++-----
 contrib/elftoolchain/libelftc/libelftc_dem_gnu3.c |  5 +++--
 contrib/elftoolchain/readelf/readelf.c            |  1 +
 contrib/elftoolchain/size/size.c                  | 25 ++++++++++++-----------
 sys/kern/sysv_sem.c                               |  4 ++--
 12 files changed, 51 insertions(+), 42 deletions(-)
=============================
HardenedBSD Master git Server
=============================

Please note that connections and activity to this server are logged.
This server, git-01.md.hardenedbsd.org, acts as the source-of-truth
server for the HardenedBSD repositories.

Banner last updated: 10 Feb 2020 09:32 EST

remote: To github.com:HardenedBSD/hardenedBSD.git        
remote:    0d1c391321b3..5078ff181b19  freebsd/12-stable/master -> freebsd/12-stable/master        
remote: 
remote: Create a new pull request for 'freebsd/12-stable/master':        
remote:   https://git-01.md.hardenedbsd.org/hardenedbsd/HardenedBSD/compare/hardened/current/master...freebsd/12-stable/master        
remote: 
To git-01.md.hardenedbsd.org:HardenedBSD/HardenedBSD.git
   0d1c391321b3..5078ff181b19  freebsd/12-stable/master -> freebsd/12-stable/master
==== END: freebsd/12-stable/master ====
