==== BEGIN: freebsd/current/master ====
current branch: freebsd/current/master
mergeable branch: freebsd/master
==== change branch ====
Switched to branch 'freebsd/current/master'
Your branch is up to date with 'origin/freebsd/current/master'.
==== show current branch ====
  freebsd/11-stable/master
  freebsd/11.2-releng/master
  freebsd/12-stable/master
  freebsd/12.1-releng/master
* freebsd/current/master
  hardened/11-stable/master
  hardened/11.2-releng/master
  hardened/12-stable/master
  hardened/12.1-releng/master
  hardened/current/master
==== check for stale changes ====
==== update to latest origin ====
warning: Pulling without specifying how to reconcile divergent branches is
discouraged. You can squelch this message by running one of the following
commands sometime before your next pull:

  git config pull.rebase false  # merge (the default strategy)
  git config pull.rebase true   # rebase
  git config pull.ff only       # fast-forward only

You can replace "git config" with "git config --global" to set a default
preference for all repositories. You can also pass --rebase, --no-rebase,
or --ff-only on the command line to override the configured default per
invocation.

=============================
HardenedBSD Master git Server
=============================

Please note that connections and activity to this server are logged.
This server, git-01.md.hardenedbsd.org, acts as the source-of-truth
server for the HardenedBSD repositories.

Banner last updated: 10 Feb 2020 09:32 EST

Already up to date.
==== merge branches ====
==== merge freebsd/master branch ====
Updating 167ced9c938e..33b53d090782
Fast-forward
 sbin/pfctl/tests/Makefile                  |   6 +-
 sbin/pfctl/tests/files/Makefile            |   1 -
 sbin/pfctl/tests/files/pfctl_test_descr.sh |  82 ----------
 sbin/pfctl/tests/pfctl_test.c              | 230 +++++++++++++++++++++++++++++
 sbin/pfctl/tests/pfctl_test.sh             |  49 ------
 sbin/pfctl/tests/pfctl_test_list.inc       | 118 +++++++++++++++
 sys/arm64/arm64/copyinout.S                |   4 +-
 sys/crypto/skein/amd64/skein_block_asm.S   |  44 +++---
 sys/dev/iommu/iommu.h                      |   5 +-
 sys/dev/iommu/iommu_types.h                |  42 ++++++
 sys/dev/nvme/nvme_ctrlr.c                  |   8 +-
 11 files changed, 423 insertions(+), 166 deletions(-)
 delete mode 100755 sbin/pfctl/tests/files/pfctl_test_descr.sh
 create mode 100644 sbin/pfctl/tests/pfctl_test.c
 delete mode 100755 sbin/pfctl/tests/pfctl_test.sh
 create mode 100644 sbin/pfctl/tests/pfctl_test_list.inc
 create mode 100644 sys/dev/iommu/iommu_types.h
=============================
HardenedBSD Master git Server
=============================

Please note that connections and activity to this server are logged.
This server, git-01.md.hardenedbsd.org, acts as the source-of-truth
server for the HardenedBSD repositories.

Banner last updated: 10 Feb 2020 09:32 EST

remote: To github.com:HardenedBSD/hardenedBSD.git        
remote:    167ced9c938e..33b53d090782  freebsd/current/master -> freebsd/current/master        
remote: . Processing 1 references        
remote: Processed 1 references in total        
remote: 
remote: Create a new pull request for 'freebsd/current/master':        
remote:   https://git-01.md.hardenedbsd.org/HardenedBSD/HardenedBSD/compare/hardened/current/master...freebsd/current/master        
remote: 
To git-01.md.hardenedbsd.org:HardenedBSD/HardenedBSD.git
   167ced9c938e..33b53d090782  freebsd/current/master -> freebsd/current/master
==== END: freebsd/current/master ====
