==== BEGIN: freebsd/12-stable/master ====
current branch: freebsd/12-stable/master
mergeable branch: freebsd/stable/12
==== change branch ====
Switched to branch 'freebsd/12-stable/master'
Your branch is up to date with 'origin/freebsd/12-stable/master'.
==== show current branch ====
  freebsd/11-stable/master
  freebsd/11.2-releng/master
* freebsd/12-stable/master
  freebsd/12.1-releng/master
  freebsd/current/master
  hardened/11-stable/master
  hardened/11.2-releng/master
  hardened/12-stable/master
  hardened/12.1-releng/master
  hardened/current/master
==== check for stale changes ====
==== update to latest origin ====
=============================
HardenedBSD Master git Server
=============================

Please note that connections and activity to this server are logged.
This server, git-01.md.hardenedbsd.org, acts as the source-of-truth
server for the HardenedBSD repositories.

Banner last updated: 10 Feb 2020 09:32 EST

Already up to date.
==== merge branches ====
==== merge freebsd/stable/12 branch ====
Updating e8e0de87f480..9807e76c7c92
Fast-forward
 lib/libpam/modules/pam_login_access/login.access.5 |   9 +-
 lib/libpam/modules/pam_login_access/login_access.c | 126 ++++++++++++++-------
 .../modules/pam_login_access/pam_login_access.8    |  37 +++++-
 .../modules/pam_login_access/pam_login_access.c    |  27 ++++-
 .../modules/pam_login_access/pam_login_access.h    |  13 ++-
 sys/dev/ciss/ciss.c                                |  14 ++-
 sys/dev/sound/pci/hda/hdac.c                       |   1 +
 sys/dev/sound/pci/hda/hdac.h                       |   1 +
 8 files changed, 178 insertions(+), 50 deletions(-)
=============================
HardenedBSD Master git Server
=============================

Please note that connections and activity to this server are logged.
This server, git-01.md.hardenedbsd.org, acts as the source-of-truth
server for the HardenedBSD repositories.

Banner last updated: 10 Feb 2020 09:32 EST

remote: To github.com:HardenedBSD/hardenedBSD.git        
remote:    e8e0de87f480..9807e76c7c92  freebsd/12-stable/master -> freebsd/12-stable/master
remote: 
remote: Create a new pull request for 'freebsd/12-stable/master':        
remote:   https://git-01.md.hardenedbsd.org/hardenedbsd/HardenedBSD/compare/hardened/current/master...freebsd/12-stable/master        
remote: 
To git-01.md.hardenedbsd.org:HardenedBSD/HardenedBSD.git
   e8e0de87f480..9807e76c7c92  freebsd/12-stable/master -> freebsd/12-stable/master
==== END: freebsd/12-stable/master ====
