==== BEGIN: freebsd/current/master ====
current branch: freebsd/current/master
mergeable branch: freebsd/master
==== change branch ====
Switched to branch 'freebsd/current/master'
Your branch is up to date with 'origin/freebsd/current/master'.
==== show current branch ====
  freebsd/11-stable/master
  freebsd/11.2-releng/master
  freebsd/12-stable/master
  freebsd/12.1-releng/master
* freebsd/current/master
  hardened/11-stable/master
  hardened/11.2-releng/master
  hardened/12-stable/master
  hardened/12.1-releng/master
  hardened/current/master
==== check for stale changes ====
==== update to latest origin ====
warning: Pulling without specifying how to reconcile divergent branches is
discouraged. You can squelch this message by running one of the following
commands sometime before your next pull:

  git config pull.rebase false  # merge (the default strategy)
  git config pull.rebase true   # rebase
  git config pull.ff only       # fast-forward only

You can replace "git config" with "git config --global" to set a default
preference for all repositories. You can also pass --rebase, --no-rebase,
or --ff-only on the command line to override the configured default per
invocation.

=============================
HardenedBSD Master git Server
=============================

Please note that connections and activity to this server are logged.
This server, git-01.md.hardenedbsd.org, acts as the source-of-truth
server for the HardenedBSD repositories.

Banner last updated: 10 Feb 2020 09:32 EST

Already up to date.
==== merge branches ====
==== merge freebsd/master branch ====
Updating 30a3a9f6509e..4ed0ea296c78
Fast-forward
 lib/libbe/tests/be_create.sh        |  5 +++++
 sbin/bectl/tests/bectl_test.sh      | 40 +++++++++++++++++++++++++++++++++++++
 sys/conf/newvers.sh                 |  5 ++++-
 sys/dev/mlx5/mlx5_en/mlx5_en_main.c |  2 +-
 sys/geom/geom_event.c               |  3 +++
 sys/kern/kern_racct.c               |  2 ++
 sys/kern/subr_trap.c                | 31 ++++++++++++++--------------
 sys/powerpc/powerpc/cpu.c           |  9 ++++++---
 8 files changed, 76 insertions(+), 21 deletions(-)
=============================
HardenedBSD Master git Server
=============================

Please note that connections and activity to this server are logged.
This server, git-01.md.hardenedbsd.org, acts as the source-of-truth
server for the HardenedBSD repositories.

Banner last updated: 10 Feb 2020 09:32 EST

remote: To github.com:HardenedBSD/hardenedBSD.git        
remote:    30a3a9f6509e..4ed0ea296c78  freebsd/current/master -> freebsd/current/master
remote:    bb3aa127a139..08985410835c  github/hardened/12-stable/master -> github/hardened/12-stable/master
remote: . Processing 1 references        
remote: Processed 1 references in total        
remote: 
remote: Create a new pull request for 'freebsd/current/master':        
remote:   https://git-01.md.hardenedbsd.org/HardenedBSD/HardenedBSD/compare/hardened/current/master...freebsd/current/master        
remote: 
To git-01.md.hardenedbsd.org:HardenedBSD/HardenedBSD.git
   30a3a9f6509e..4ed0ea296c78  freebsd/current/master -> freebsd/current/master
==== END: freebsd/current/master ====
