==== BEGIN: freebsd/current/master ====
current branch: freebsd/current/master
mergeable branch: freebsd/master
==== change branch ====
Switched to branch 'freebsd/current/master'
Your branch is up to date with 'origin/freebsd/current/master'.
==== show current branch ====
  freebsd/11-stable/master
  freebsd/11.2-releng/master
  freebsd/12-stable/master
  freebsd/12.1-releng/master
* freebsd/current/master
  hardened/11-stable/master
  hardened/11.2-releng/master
  hardened/12-stable/master
  hardened/12.1-releng/master
  hardened/current/master
==== check for stale changes ====
==== update to latest origin ====
=============================
HardenedBSD Master git Server
=============================

Please note that connections and activity to this server are logged.
This server, git-01.md.hardenedbsd.org, acts as the source-of-truth
server for the HardenedBSD repositories.

Banner last updated: 10 Feb 2020 09:32 EST

Already up to date.
==== merge branches ====
==== merge freebsd/master branch ====
Updating 6c0ee79b3aa4..6bfe9f97481c
Fast-forward
 sys/conf/files.amd64                |  4 ++--
 sys/conf/files.i386                 |  2 +-
 sys/conf/kmod.mk                    |  4 ++--
 sys/dev/usb/controller/xhci.c       | 17 ----------------
 sys/modules/linux/Makefile          |  2 +-
 sys/modules/linux64/Makefile        |  2 +-
 sys/modules/vmm/Makefile            |  4 ++--
 tests/sys/kqueue/libkqueue/Makefile |  1 -
 tests/sys/kqueue/libkqueue/common.h | 10 +++++++++-
 tests/sys/kqueue/libkqueue/main.c   | 39 ++++++++++++++-----------------------
 tests/sys/kqueue/libkqueue/proc.c   | 12 ++++++------
 tests/sys/kqueue/libkqueue/read.c   | 22 ++++++++++-----------
 tests/sys/kqueue/libkqueue/signal.c | 14 ++++++-------
 tests/sys/kqueue/libkqueue/timer.c  | 12 ++++++------
 tests/sys/kqueue/libkqueue/user.c   |  2 +-
 tests/sys/kqueue/libkqueue/vnode.c  | 26 ++++++++++++-------------
 usr.bin/find/find.1                 |  4 ++--
 17 files changed, 79 insertions(+), 98 deletions(-)
=============================
HardenedBSD Master git Server
=============================

Please note that connections and activity to this server are logged.
This server, git-01.md.hardenedbsd.org, acts as the source-of-truth
server for the HardenedBSD repositories.

Banner last updated: 10 Feb 2020 09:32 EST

remote: To github.com:HardenedBSD/hardenedBSD.git        
remote:    6c0ee79b3aa4..6bfe9f97481c  freebsd/current/master -> freebsd/current/master        
remote: Gitea: Internal Server Error        
remote: Failed to Update: hardenedbsd/hardenedbsd Branch: freebsd/current/master Error: newCommit.CommitsBeforeUntil: packfile not found        
To git-01.md.hardenedbsd.org:HardenedBSD/HardenedBSD.git
   6c0ee79b3aa4..6bfe9f97481c  freebsd/current/master -> freebsd/current/master
==== END: freebsd/current/master ====
