==== BEGIN: freebsd/12-stable/main ====
current branch: freebsd/12-stable/main
mergeable branch: freebsd/stable/12
==== change branch ====
Switched to branch 'freebsd/12-stable/main'
Your branch is up to date with 'origin/freebsd/12-stable/main'.
==== show current branch ====
  freebsd/11-stable/master
  freebsd/11.2-releng/master
* freebsd/12-stable/main
  freebsd/12-stable/master
  freebsd/12.1-releng/master
  freebsd/12.2-releng/master
  freebsd/current/main
  freebsd/current/master
  hardened/11-stable/master
  hardened/11.2-releng/master
  hardened/12-stable/master
  hardened/12.1-releng/master
  hardened/12.2-releng/master
  hardened/current/master
==== check for stale changes ====
==== update to latest origin ====
warning: Pulling without specifying how to reconcile divergent branches is
discouraged. You can squelch this message by running one of the following
commands sometime before your next pull:

  git config pull.rebase false  # merge (the default strategy)
  git config pull.rebase true   # rebase
  git config pull.ff only       # fast-forward only

You can replace "git config" with "git config --global" to set a default
preference for all repositories. You can also pass --rebase, --no-rebase,
or --ff-only on the command line to override the configured default per
invocation.

=============================
HardenedBSD Master git Server
=============================

Please note that connections and activity to this server are logged.
This server, git-01.md.hardenedbsd.org, acts as the source-of-truth
server for the HardenedBSD repositories.

Banner last updated: 10 Feb 2020 09:32 EST

From git-01.md.hardenedbsd.org:HardenedBSD/HardenedBSD
 + eb7575e4fd4f...02749d938ce4 refs/notes/commits -> refs/notes/commits  (forced update)
Already up to date.
==== merge branches ====
==== merge freebsd/stable/12 branch ====
Updating 320f0e909d00..939430f23771
Fast-forward
 lib/libc/gen/scandir.c                            | 11 ++++++++---
 sys/compat/linuxkpi/common/include/linux/printk.h |  2 +-
 sys/dev/cxgbe/tom/t4_cpl_io.c                     |  9 ++++++---
 usr.bin/calendar/calendar.c                       |  4 +++-
 4 files changed, 18 insertions(+), 8 deletions(-)
=============================
HardenedBSD Master git Server
=============================

Please note that connections and activity to this server are logged.
This server, git-01.md.hardenedbsd.org, acts as the source-of-truth
server for the HardenedBSD repositories.

Banner last updated: 10 Feb 2020 09:32 EST

remote: To github.com:HardenedBSD/hardenedBSD.git        
remote:    320f0e909d00..939430f23771  freebsd/12-stable/main -> freebsd/12-stable/main        
remote:    1b16ae8d932c..0e79b3f193d7  github/hardened/current/master -> github/hardened/current/master        
remote:  ! [remote rejected]           refs/pull/18/head -> refs/pull/18/head (deny updating a hidden ref)        
remote:  ! [remote rejected]           refs/pull/19/head -> refs/pull/19/head (deny updating a hidden ref)        
remote:  ! [remote rejected]           refs/pull/20/head -> refs/pull/20/head (deny updating a hidden ref)        
remote:  ! [remote rejected]           refs/pull/21/head -> refs/pull/21/head (deny updating a hidden ref)        
remote: error: failed to push some refs to 'github.com:HardenedBSD/hardenedBSD.git'        
remote: . Processing 1 references        
remote: Processed 1 references in total        
remote: 
remote: Create a new pull request for 'freebsd/12-stable/main':        
remote:   https://git-01.md.hardenedbsd.org/HardenedBSD/HardenedBSD/compare/hardened/current/master...freebsd/12-stable/main        
remote: 
To git-01.md.hardenedbsd.org:HardenedBSD/HardenedBSD.git
   320f0e909d00..939430f23771  freebsd/12-stable/main -> freebsd/12-stable/main
==== END: freebsd/12-stable/main ====
