==== BEGIN: freebsd/12-stable/master ====
current branch: freebsd/12-stable/master
mergeable branch: freebsd/stable/12
==== change branch ====
Switched to branch 'freebsd/12-stable/master'
Your branch is up to date with 'origin/freebsd/12-stable/master'.
==== show current branch ====
  freebsd/11-stable/master
  freebsd/11.2-releng/master
* freebsd/12-stable/master
  freebsd/12.1-releng/master
  freebsd/current/master
  hardened/11-stable/master
  hardened/11.2-releng/master
  hardened/12-stable/master
  hardened/12.1-releng/master
  hardened/current/master
==== check for stale changes ====
==== update to latest origin ====
=============================
HardenedBSD Master git Server
=============================

Please note that connections and activity to this server are logged.
This server, git-01.md.hardenedbsd.org, acts as the source-of-truth
server for the HardenedBSD repositories.

Banner last updated: 10 Feb 2020 09:32 EST

Already up to date.
==== merge branches ====
==== merge freebsd/stable/12 branch ====
Updating 61d6dc68d99a..2c60ef18fa0a
Fast-forward
 .../contrib/opensolaris/lib/libzfs/common/libzfs.h |  1 +
 .../opensolaris/lib/libzfs/common/libzfs_dataset.c |  5 ---
 .../lib/libzfs/common/libzfs_sendrecv.c            | 38 ++++++++++++++++++++++
 .../opensolaris/lib/libzfs/common/libzfs_util.c    |  5 +++
 .../opensolaris/uts/common/fs/zfs/dmu_objset.c     | 27 +++++++++++++++
 .../opensolaris/uts/common/fs/zfs/dmu_send.c       | 24 ++++++++++++++
 .../opensolaris/uts/common/fs/zfs/dsl_dir.c        | 26 +++++++++++++++
 .../opensolaris/uts/common/fs/zfs/zfs_ioctl.c      | 10 +++---
 .../contrib/opensolaris/uts/common/sys/fs/zfs.h    |  3 +-
 9 files changed, 127 insertions(+), 12 deletions(-)
=============================
HardenedBSD Master git Server
=============================

Please note that connections and activity to this server are logged.
This server, git-01.md.hardenedbsd.org, acts as the source-of-truth
server for the HardenedBSD repositories.

Banner last updated: 10 Feb 2020 09:32 EST

remote: To github.com:HardenedBSD/hardenedBSD.git        
remote:    61d6dc68d99a..2c60ef18fa0a  freebsd/12-stable/master -> freebsd/12-stable/master        
remote: 
remote: Create a new pull request for 'freebsd/12-stable/master':        
remote:   https://git-01.md.hardenedbsd.org/hardenedbsd/HardenedBSD/compare/hardened/current/master...freebsd/12-stable/master        
remote: 
To git-01.md.hardenedbsd.org:HardenedBSD/HardenedBSD.git
   61d6dc68d99a..2c60ef18fa0a  freebsd/12-stable/master -> freebsd/12-stable/master
==== END: freebsd/12-stable/master ====
