==== BEGIN: freebsd/current/master ====
current branch: freebsd/current/master
mergeable branch: freebsd/master
==== change branch ====
Switched to branch 'freebsd/current/master'
Your branch is up to date with 'origin/freebsd/current/master'.
==== show current branch ====
  freebsd/11-stable/master
  freebsd/11.2-releng/master
  freebsd/12-stable/master
  freebsd/12.1-releng/master
* freebsd/current/master
  hardened/11-stable/master
  hardened/11.2-releng/master
  hardened/12-stable/master
  hardened/12.1-releng/master
  hardened/current/master
==== check for stale changes ====
==== update to latest origin ====
warning: Pulling without specifying how to reconcile divergent branches is
discouraged. You can squelch this message by running one of the following
commands sometime before your next pull:

  git config pull.rebase false  # merge (the default strategy)
  git config pull.rebase true   # rebase
  git config pull.ff only       # fast-forward only

You can replace "git config" with "git config --global" to set a default
preference for all repositories. You can also pass --rebase, --no-rebase,
or --ff-only on the command line to override the configured default per
invocation.

=============================
HardenedBSD Master git Server
=============================

Please note that connections and activity to this server are logged.
This server, git-01.md.hardenedbsd.org, acts as the source-of-truth
server for the HardenedBSD repositories.

Banner last updated: 10 Feb 2020 09:32 EST

Already up to date.
==== merge branches ====
==== merge freebsd/master branch ====
Updating 8f89ffb60b8b..14201e963dd8
Fast-forward
 lib/libkvm/kvm_getswapinfo.3          |   4 +-
 sbin/ipfw/ipfw2.c                     |  59 ++++----
 secure/lib/libcrypto/opensslconf.h.in |   3 -
 sys/compat/linux/linux_mmap.c         |  97 ++++++++++++-
 sys/conf/kern.opts.mk                 |   1 +
 sys/crypto/aesni/aesni.c              |  18 +--
 sys/crypto/armv8/armv8_crypto.c       |   6 +-
 sys/crypto/via/padlock_cipher.c       |   3 +-
 sys/crypto/via/padlock_hash.c         |   9 +-
 sys/dev/cesa/cesa.c                   |   1 +
 sys/dev/cxgbe/adapter.h               |  13 +-
 sys/dev/cxgbe/crypto/t4_kern_tls.c    |   5 +-
 sys/dev/cxgbe/cxgbei/icl_cxgbei.c     |   2 +-
 sys/dev/cxgbe/t4_main.c               |  31 +++--
 sys/dev/cxgbe/t4_netmap.c             |  16 +--
 sys/dev/cxgbe/t4_sge.c                |  15 +-
 sys/dev/cxgbe/t4_vf.c                 |   1 +
 sys/dev/cxgbe/tom/t4_listen.c         |   2 +-
 sys/dev/cxgbe/tom/t4_tom.c            |   4 +-
 sys/dev/glxsb/glxsb_hash.c            |  17 ++-
 sys/dev/nvme/nvme_ctrlr.c             |  32 +++--
 sys/dev/random/randomdev.c            |   3 +-
 sys/geom/bde/g_bde.c                  |  10 +-
 sys/geom/bde/g_bde_lock.c             |  12 +-
 sys/geom/eli/g_eli.c                  |  21 ++-
 sys/geom/eli/g_eli_ctl.c              |   9 +-
 sys/geom/eli/g_eli_key_cache.c        |   6 +-
 sys/geom/geom_dev.c                   |   5 +-
 sys/geom/shsec/g_shsec.c              |   4 +-
 sys/kern/kern_environment.c           |   3 +-
 sys/kern/kern_shutdown.c              |  21 +--
 sys/kern/uipc_ktls.c                  |   7 +-
 sys/net/iflib.c                       |  48 +++----
 sys/netinet/netdump/netdump_client.c  |   6 +-
 sys/netipsec/key.c                    |  14 +-
 sys/netipsec/xform_ah.c               |   3 -
 sys/netipsec/xform_esp.c              |   4 +-
 sys/netipsec/xform_tcp.c              |   2 -
 sys/opencrypto/crypto.c               |   4 +-
 sys/opencrypto/cryptosoft.c           |  17 +--
 sys/opencrypto/ktls_ocf.c             |   3 +-
 sys/sys/tree.h                        | 253 ++++++++++++++++++++--------------
 usr.bin/limits/limits.1               |  42 +++++-
 43 files changed, 480 insertions(+), 356 deletions(-)
=============================
HardenedBSD Master git Server
=============================

Please note that connections and activity to this server are logged.
This server, git-01.md.hardenedbsd.org, acts as the source-of-truth
server for the HardenedBSD repositories.

Banner last updated: 10 Feb 2020 09:32 EST

remote: To github.com:HardenedBSD/hardenedBSD.git        
remote:    8f89ffb60b8b..14201e963dd8  freebsd/current/master -> freebsd/current/master        
remote: Gitea: Internal Server Error        
remote: Failed to Update: hardenedbsd/hardenedbsd Branch: freebsd/current/master Error: gitRepo.GetCommit: packfile not found        
To git-01.md.hardenedbsd.org:HardenedBSD/HardenedBSD.git
   8f89ffb60b8b..14201e963dd8  freebsd/current/master -> freebsd/current/master
==== END: freebsd/current/master ====
