==== BEGIN: freebsd/current/master ====
current branch: freebsd/current/master
mergeable branch: freebsd/master
==== change branch ====
Switched to branch 'freebsd/current/master'
Your branch is up to date with 'origin/freebsd/current/master'.
==== show current branch ====
  freebsd/11-stable/master
  freebsd/11.2-releng/master
  freebsd/12-stable/master
  freebsd/12.1-releng/master
* freebsd/current/master
  hardened/11-stable/master
  hardened/11.2-releng/master
  hardened/12-stable/master
  hardened/12.1-releng/master
  hardened/current/master
==== check for stale changes ====
==== update to latest origin ====
=============================
HardenedBSD Master git Server
=============================

Please note that connections and activity to this server are logged.
This server, git-01.md.hardenedbsd.org, acts as the source-of-truth
server for the HardenedBSD repositories.

Banner last updated: 10 Feb 2020 09:32 EST

Already up to date.
==== merge branches ====
==== merge freebsd/master branch ====
Updating 2c8b0d99731d..3248084b3728
Fast-forward
 lib/libc/sys/__vdso_gettimeofday.c |  18 +++++-
 share/misc/committers-src.dot      |   4 ++
 sys/fs/nfs/nfs_commonsubs.c        | 114 ++++++++++++++++++-------------------
 sys/kern/kern_lock.c               |   1 +
 sys/kern/kern_sendfile.c           |   8 ++-
 sys/ufs/ffs/ffs_inode.c            |   1 +
 sys/ufs/ffs/ffs_vfsops.c           |   6 +-
 7 files changed, 87 insertions(+), 65 deletions(-)
=============================
HardenedBSD Master git Server
=============================

Please note that connections and activity to this server are logged.
This server, git-01.md.hardenedbsd.org, acts as the source-of-truth
server for the HardenedBSD repositories.

Banner last updated: 10 Feb 2020 09:32 EST

remote: To github.com:HardenedBSD/hardenedBSD.git        
remote:    2c8b0d99731d..3248084b3728  freebsd/current/master -> freebsd/current/master        
remote:    0d3ff2b9b9ad..15e06b654f20  github/freebsd/11-stable/master -> github/freebsd/11-stable/master        
remote: 
remote: Create a new pull request for 'freebsd/current/master':        
remote:   https://git-01.md.hardenedbsd.org/hardenedbsd/HardenedBSD/compare/hardened/current/master...freebsd/current/master        
remote: 
To git-01.md.hardenedbsd.org:HardenedBSD/HardenedBSD.git
   2c8b0d99731d..3248084b3728  freebsd/current/master -> freebsd/current/master
==== END: freebsd/current/master ====
