==== BEGIN: freebsd/current/master ====
current branch: freebsd/current/master
mergeable branch: freebsd/master
==== change branch ====
Switched to branch 'freebsd/current/master'
Your branch is up to date with 'origin/freebsd/current/master'.
==== show current branch ====
  freebsd/11-stable/master
  freebsd/11.2-releng/master
  freebsd/12-stable/master
  freebsd/12.1-releng/master
* freebsd/current/master
  hardened/11-stable/master
  hardened/11.2-releng/master
  hardened/12-stable/master
  hardened/12.1-releng/master
  hardened/current/master
==== check for stale changes ====
==== update to latest origin ====
=============================
HardenedBSD Master git Server
=============================

Please note that connections and activity to this server are logged.
This server, git-01.md.hardenedbsd.org, acts as the source-of-truth
server for the HardenedBSD repositories.

Banner last updated: 10 Feb 2020 09:32 EST

Already up to date.
==== merge branches ====
==== merge freebsd/master branch ====
Updating c45c4bfe6a87..e152c34d2930
Fast-forward
 Makefile.inc1                          |  4 +++-
 lib/Makefile                           |  1 +
 lib/liblua/Makefile                    | 29 +++++++++++++++++++++++++++++
 {libexec/flua => lib/liblua}/luaconf.h |  0
 libexec/flua/Makefile                  | 15 ++-------------
 sbin/ldconfig/ldconfig.8               |  4 +++-
 sbin/ldconfig/ldconfig.c               |  1 +
 share/mk/src.libnames.mk               |  5 +++++
 sys/contrib/octeon-sdk/cvmx-dpi-defs.h |  7 ++++---
 sys/mips/nlm/files.xlp                 |  2 +-
 usr.bin/ldd/ldd.c                      |  1 +
 11 files changed, 50 insertions(+), 19 deletions(-)
 create mode 100644 lib/liblua/Makefile
 rename {libexec/flua => lib/liblua}/luaconf.h (100%)
=============================
HardenedBSD Master git Server
=============================

Please note that connections and activity to this server are logged.
This server, git-01.md.hardenedbsd.org, acts as the source-of-truth
server for the HardenedBSD repositories.

Banner last updated: 10 Feb 2020 09:32 EST

remote: To github.com:HardenedBSD/hardenedBSD.git        
remote:    c45c4bfe6a87..e152c34d2930  freebsd/current/master -> freebsd/current/master        
remote:    802f5a0af246..58be966c4ced  github/hardened/12-stable/master -> github/hardened/12-stable/master        
remote: 
remote: Create a new pull request for 'freebsd/current/master':        
remote:   https://git-01.md.hardenedbsd.org/hardenedbsd/HardenedBSD/compare/hardened/current/master...freebsd/current/master        
remote: 
To git-01.md.hardenedbsd.org:HardenedBSD/HardenedBSD.git
   c45c4bfe6a87..e152c34d2930  freebsd/current/master -> freebsd/current/master
==== END: freebsd/current/master ====
