==== BEGIN: hardened/current/master ====
current branch: hardened/current/master
mergeable branch: freebsd/current/master
==== change branch ====
Switched to branch 'hardened/current/master'
Your branch is up to date with 'origin/hardened/current/master'.
==== show current branch ====
  freebsd/11-stable/master
  freebsd/11.2-releng/master
  freebsd/12-stable/master
  freebsd/12.1-releng/master
  freebsd/current/master
  hardened/11-stable/master
  hardened/11.2-releng/master
  hardened/12-stable/master
  hardened/12.1-releng/master
* hardened/current/master
==== check for stale changes ====
==== update to latest origin ====
=============================
HardenedBSD Master git Server
=============================

Please note that connections and activity to this server are logged.
This server, git-01.md.hardenedbsd.org, acts as the source-of-truth
server for the HardenedBSD repositories.

Banner last updated: 10 Feb 2020 09:32 EST

Already up to date.
==== merge branches ====
==== merge freebsd/current/master branch ====
Removing sys/nfs/nfs_fha.h
Removing sys/nfs/nfs_fha.c
Removing sys/contrib/ck/include/gcc/arm/ck_pr_armv4.h
Auto-merging sys/conf/files
Merge made by the 'recursive' strategy.
 sys/conf/files                               |   1 -
 sys/contrib/ck/include/ck_pr.h               |   4 -
 sys/contrib/ck/include/gcc/arm/ck_pr_armv4.h | 350 ------------------
 sys/dev/evdev/evdev.c                        |   2 +-
 sys/fs/nfsserver/nfs_fha_new.c               | 535 ++++++++++++++++++++++++---
 sys/fs/nfsserver/nfs_fha_new.h               |  68 ++++
 sys/fs/nfsserver/nfs_nfsdkrpc.c              |   3 +-
 sys/modules/nfsd/Makefile                    |   3 +-
 sys/net/if_lagg.c                            |  25 +-
 sys/nfs/nfs_fha.c                            | 527 --------------------------
 sys/nfs/nfs_fha.h                            | 122 ------
 11 files changed, 566 insertions(+), 1074 deletions(-)
 delete mode 100644 sys/contrib/ck/include/gcc/arm/ck_pr_armv4.h
 delete mode 100644 sys/nfs/nfs_fha.c
 delete mode 100644 sys/nfs/nfs_fha.h
=============================
HardenedBSD Master git Server
=============================

Please note that connections and activity to this server are logged.
This server, git-01.md.hardenedbsd.org, acts as the source-of-truth
server for the HardenedBSD repositories.

Banner last updated: 10 Feb 2020 09:32 EST

remote: To github.com:HardenedBSD/hardenedBSD.git        
remote:    595f747a977b..469c68b10497  hardened/current/master -> hardened/current/master        
remote:    a2359cbd6550..7ce2fd660370  github/freebsd/current/master -> github/freebsd/current/master        
To git-01.md.hardenedbsd.org:HardenedBSD/HardenedBSD.git
   595f747a977b..469c68b10497  hardened/current/master -> hardened/current/master
==== END: hardened/current/master ====
