==== BEGIN: hardened/12-stable/master ====
current branch: hardened/12-stable/master
mergeable branch: freebsd/12-stable/master
==== change branch ====
Switched to a new branch 'hardened/12-stable/master'
Branch 'hardened/12-stable/master' set up to track remote branch 'hardened/12-stable/master' from 'origin'.
==== show current branch ====
  freebsd/12-stable/master
* hardened/12-stable/master
  hardened/current/master
==== check for stale changes ====
==== update to latest origin ====
Already up to date.
==== merge branches ====
==== merge freebsd/12-stable/master branch ====
Merge made by the 'recursive' strategy.
 sys/cam/cam_periph.c | 20 ++++++++++----------
 1 file changed, 10 insertions(+), 10 deletions(-)
remote: To github.com:HardenedBSD/hardenedBSD.git        
remote:    a134f3ca4789..d8f8ab307fa8  hardened/12-stable/master -> hardened/12-stable/master        
remote:    c52c8f7ffab2..9ad30f4f55df  github/freebsd/12-stable/master -> github/freebsd/12-stable/master        
remote: 
remote: Create a new pull request for 'hardened/12-stable/master':        
remote:   https://git-01.md.hardenedbsd.org/hardenedbsd/HardenedBSD/compare/hardened/current/master...hardened/12-stable/master        
remote: 
To git-01.md.hardenedbsd.org:HardenedBSD/HardenedBSD.git
   a134f3ca4789..d8f8ab307fa8  hardened/12-stable/master -> hardened/12-stable/master
==== END: hardened/12-stable/master ====
