==== BEGIN: hardened/current/master ====
current branch: hardened/current/master
mergeable branch: freebsd/current/master
==== change branch ====
Switched to branch 'hardened/current/master'
Your branch is up to date with 'origin/hardened/current/master'.
==== show current branch ====
  freebsd/11-stable/master
  freebsd/11.2-releng/master
  freebsd/12-stable/master
  freebsd/12.1-releng/master
  freebsd/current/master
  hardened/11-stable/master
  hardened/11.2-releng/master
  hardened/12-stable/master
  hardened/12.1-releng/master
* hardened/current/master
==== check for stale changes ====
==== update to latest origin ====
Already up to date.
==== merge branches ====
==== merge freebsd/current/master branch ====
Merge made by the 'recursive' strategy.
 sys/arm/allwinner/a10_ahci.c | 27 +++++++++++++++++++++++++--
 usr.sbin/inetd/inetd.c       | 28 ++++++++++++++++++++--------
 2 files changed, 45 insertions(+), 10 deletions(-)
remote: To github.com:HardenedBSD/hardenedBSD.git        
remote:    0ce2f05293f9..5c08c26e32b0  hardened/current/master -> hardened/current/master        
remote:    35c52de99ff3..26571c66e80e  github/freebsd/current/master -> github/freebsd/current/master        
To git-01.md.hardenedbsd.org:HardenedBSD/HardenedBSD.git
   0ce2f05293f9..5c08c26e32b0  hardened/current/master -> hardened/current/master
==== END: hardened/current/master ====
