==== BEGIN: hardened/current/master ====
current branch: hardened/current/master
mergeable branch: freebsd/current/master
==== change branch ====
Switched to branch 'hardened/current/master'
Your branch is up to date with 'origin/hardened/current/master'.
==== show current branch ====
  freebsd/11-stable/master
  freebsd/11.2-releng/master
  freebsd/12-stable/master
  freebsd/12.1-releng/master
  freebsd/current/master
  hardened/11-stable/master
  hardened/11.2-releng/master
  hardened/12-stable/master
  hardened/12.1-releng/master
* hardened/current/master
==== check for stale changes ====
==== update to latest origin ====
warning: Pulling without specifying how to reconcile divergent branches is
discouraged. You can squelch this message by running one of the following
commands sometime before your next pull:

  git config pull.rebase false  # merge (the default strategy)
  git config pull.rebase true   # rebase
  git config pull.ff only       # fast-forward only

You can replace "git config" with "git config --global" to set a default
preference for all repositories. You can also pass --rebase, --no-rebase,
or --ff-only on the command line to override the configured default per
invocation.

=============================
HardenedBSD Master git Server
=============================

Please note that connections and activity to this server are logged.
This server, git-01.md.hardenedbsd.org, acts as the source-of-truth
server for the HardenedBSD repositories.

Banner last updated: 10 Feb 2020 09:32 EST

Already up to date.
==== merge branches ====
==== merge freebsd/current/master branch ====
Merge made by the 'recursive' strategy.
 contrib/file/magic/Magdir/filesystems |    8 +-
 contrib/tcpdump/smbutil.c             |    2 +-
 lib/geom/part/gpart.8                 |    8 +-
 stand/efi/include/efipart.h           |    4 +-
 stand/i386/boot0/boot0.S              |    4 +-
 sys/amd64/linux/syscalls.master       | 2414 +++++++++++++++++++++------
 sys/amd64/linux32/syscalls.master     | 2836 +++++++++++++++++++++++++-------
 sys/dev/hptmv/vdevice.h               |    4 +-
 sys/geom/part/g_part_mbr.c            |    2 +-
 sys/i386/linux/syscalls.master        | 2899 +++++++++++++++++++++++++--------
 sys/netinet/sctputil.c                |    2 +
 usr.bin/fortune/datfiles/freebsd-tips |    2 +-
 usr.bin/mkimg/mbr.c                   |    2 +-
 usr.bin/w/w.c                         |    6 +-
 usr.sbin/boot0cfg/boot0cfg.8          |    2 +-
 usr.sbin/boot0cfg/boot0cfg.c          |    2 +-
 16 files changed, 6365 insertions(+), 1832 deletions(-)
=============================
HardenedBSD Master git Server
=============================

Please note that connections and activity to this server are logged.
This server, git-01.md.hardenedbsd.org, acts as the source-of-truth
server for the HardenedBSD repositories.

Banner last updated: 10 Feb 2020 09:32 EST

remote: To github.com:HardenedBSD/hardenedBSD.git        
remote:    75b35bf461da..54e38106cb07  hardened/current/master -> hardened/current/master        
remote:    61e7df6764f6..2333998f6608  github/freebsd/current/master -> github/freebsd/current/master        
To git-01.md.hardenedbsd.org:HardenedBSD/HardenedBSD.git
   75b35bf461da..54e38106cb07  hardened/current/master -> hardened/current/master
==== END: hardened/current/master ====
