==== BEGIN: hardened/current/master ====
current branch: hardened/current/master
mergeable branch: freebsd/current/master
==== change branch ====
Switched to branch 'hardened/current/master'
Your branch is up to date with 'origin/hardened/current/master'.
==== show current branch ====
  freebsd/11-stable/master
  freebsd/11.2-releng/master
  freebsd/12-stable/master
  freebsd/12.1-releng/master
  freebsd/current/master
  hardened/11-stable/master
  hardened/11.2-releng/master
  hardened/12-stable/master
  hardened/12.1-releng/master
* hardened/current/master
==== check for stale changes ====
==== update to latest origin ====
=============================
HardenedBSD Master git Server
=============================

Please note that connections and activity to this server are logged.
This server, git-01.md.hardenedbsd.org, acts as the source-of-truth
server for the HardenedBSD repositories.

Banner last updated: 10 Feb 2020 09:32 EST

Already up to date.
==== merge branches ====
==== merge freebsd/current/master branch ====
Auto-merging sys/sys/mount.h
Auto-merging sys/kern/vfs_mount.c
Merge made by the 'recursive' strategy.
 UPDATING                                           |   5 +
 .../opensolaris/uts/common/fs/zfs/zfs_vfsops.c     |   8 +-
 sys/fs/cd9660/cd9660_vfsops.c                      |   4 +-
 sys/fs/msdosfs/msdosfs_vfsops.c                    |   4 +-
 sys/fs/nfs/nfsdport.h                              |   2 +-
 sys/fs/nfs/nfsport.h                               |   5 +
 sys/fs/nfsserver/nfs_nfsdport.c                    |  91 +++++--
 sys/fs/unionfs/union_vfsops.c                      |   4 +-
 sys/kern/vfs_export.c                              |  33 +--
 sys/kern/vfs_init.c                                |   4 +-
 sys/kern/vfs_mount.c                               |  83 ++++--
 sys/net80211/ieee80211_ddb.c                       |  14 +-
 sys/net80211/ieee80211_ht.c                        | 283 ++++++++++++++++-----
 sys/net80211/ieee80211_ht.h                        |   4 +-
 sys/net80211/ieee80211_input.h                     |   3 +-
 sys/net80211/ieee80211_node.c                      |  27 ++
 sys/net80211/ieee80211_var.h                       |  13 +-
 sys/nlm/nlm_prot_impl.c                            |   3 +-
 sys/sys/mount.h                                    |  28 +-
 sys/sys/param.h                                    |   2 +-
 sys/ufs/ffs/ffs_vfsops.c                           |   4 +-
 usr.sbin/mountd/mountd.c                           | 140 +++++-----
 22 files changed, 550 insertions(+), 214 deletions(-)
=============================
HardenedBSD Master git Server
=============================

Please note that connections and activity to this server are logged.
This server, git-01.md.hardenedbsd.org, acts as the source-of-truth
server for the HardenedBSD repositories.

Banner last updated: 10 Feb 2020 09:32 EST

remote: To github.com:HardenedBSD/hardenedBSD.git        
remote:    9c7b06121052..980a1869e2cf  hardened/current/master -> hardened/current/master        
remote:    f6fa05164689..0d32fd8ea6fc  github/freebsd/current/master -> github/freebsd/current/master        
To git-01.md.hardenedbsd.org:HardenedBSD/HardenedBSD.git
   9c7b06121052..980a1869e2cf  hardened/current/master -> hardened/current/master
==== END: hardened/current/master ====
