==== BEGIN: hardened/current/master ====
current branch: hardened/current/master
mergeable branch: freebsd/current/master
==== change branch ====
Switched to branch 'hardened/current/master'
Your branch is up to date with 'origin/hardened/current/master'.
==== show current branch ====
  freebsd/11-stable/master
  freebsd/11.2-releng/master
  freebsd/12-stable/master
  freebsd/12.1-releng/master
  freebsd/12.2-releng/master
  freebsd/current/master
  hardened/11-stable/master
  hardened/11.2-releng/master
  hardened/12-stable/master
  hardened/12.1-releng/master
  hardened/12.2-releng/master
* hardened/current/master
==== check for stale changes ====
==== update to latest origin ====
warning: Pulling without specifying how to reconcile divergent branches is
discouraged. You can squelch this message by running one of the following
commands sometime before your next pull:

  git config pull.rebase false  # merge (the default strategy)
  git config pull.rebase true   # rebase
  git config pull.ff only       # fast-forward only

You can replace "git config" with "git config --global" to set a default
preference for all repositories. You can also pass --rebase, --no-rebase,
or --ff-only on the command line to override the configured default per
invocation.

=============================
HardenedBSD Master git Server
=============================

Please note that connections and activity to this server are logged.
This server, git-01.md.hardenedbsd.org, acts as the source-of-truth
server for the HardenedBSD repositories.

Banner last updated: 10 Feb 2020 09:32 EST

Already up to date.
==== merge branches ====
==== merge freebsd/current/master branch ====
Merge made by the 'recursive' strategy.
 release/arm64/{RPI3.conf => RPI.conf}      | 10 ++++------
 sys/compat/linuxkpi/common/src/linux_usb.c |  5 -----
 sys/dev/usb/usb_device.c                   |  6 +++++-
 sys/dev/usb/usb_parse.c                    | 16 ++++++++++++++--
 sys/dev/usb/usb_request.c                  | 15 +++++++++++++--
 sys/dev/usb/usbdi.h                        |  4 +++-
 sys/sys/param.h                            |  2 +-
 7 files changed, 40 insertions(+), 18 deletions(-)
 rename release/arm64/{RPI3.conf => RPI.conf} (84%)
=============================
HardenedBSD Master git Server
=============================

Please note that connections and activity to this server are logged.
This server, git-01.md.hardenedbsd.org, acts as the source-of-truth
server for the HardenedBSD repositories.

Banner last updated: 10 Feb 2020 09:32 EST

remote: To github.com:HardenedBSD/hardenedBSD.git        
remote:    5daf6d077cab..80fcd92966e4  hardened/current/master -> hardened/current/master        
remote:    598815450f6d..d551da60d420  github/freebsd/current/master -> github/freebsd/current/master        
remote:  ! [remote rejected]           refs/pull/18/head -> refs/pull/18/head (deny updating a hidden ref)        
remote:  ! [remote rejected]           refs/pull/19/head -> refs/pull/19/head (deny updating a hidden ref)        
remote:  ! [remote rejected]           refs/pull/20/head -> refs/pull/20/head (deny updating a hidden ref)        
remote:  ! [remote rejected]           refs/pull/21/head -> refs/pull/21/head (deny updating a hidden ref)        
remote: error: failed to push some refs to 'github.com:HardenedBSD/hardenedBSD.git'        
remote: . Processing 1 references        
remote: Processed 1 references in total        
To git-01.md.hardenedbsd.org:HardenedBSD/HardenedBSD.git
   5daf6d077cab..80fcd92966e4  hardened/current/master -> hardened/current/master
==== END: hardened/current/master ====
