==== BEGIN: hardened/12-stable/master ====
current branch: hardened/12-stable/master
mergeable branch: freebsd/12-stable/master
==== change branch ====
Switched to branch 'hardened/12-stable/master'
Your branch is up to date with 'origin/hardened/12-stable/master'.
==== show current branch ====
  freebsd/11-stable/master
  freebsd/11.2-releng/master
  freebsd/12-stable/master
  freebsd/12.1-releng/master
  freebsd/current/master
  hardened/11-stable/master
  hardened/11.2-releng/master
* hardened/12-stable/master
  hardened/12.1-releng/master
  hardened/current/master
==== check for stale changes ====
==== update to latest origin ====
Already up to date.
==== merge branches ====
==== merge freebsd/12-stable/master branch ====
Auto-merging sys/compat/linprocfs/linprocfs.c
Merge made by the 'recursive' strategy.
 sbin/ifconfig/iflagg.c                        |  7 +++++--
 sys/compat/linprocfs/linprocfs.c              | 15 +++++++++-----
 sys/compat/linuxkpi/common/include/linux/mm.h |  8 --------
 sys/net/if_lagg.c                             | 28 ++++++++++++++++-----------
 sys/net/if_lagg.h                             |  7 ++++---
 5 files changed, 36 insertions(+), 29 deletions(-)
remote: To github.com:HardenedBSD/hardenedBSD.git        
remote:    1cc40e0f7ae9..8e8e5083ba64  hardened/12-stable/master -> hardened/12-stable/master        
remote:    429edbe1df12..21a5ec1f0400  github/freebsd/12-stable/master -> github/freebsd/12-stable/master        
remote: 
remote: Create a new pull request for 'hardened/12-stable/master':        
remote:   https://git-01.md.hardenedbsd.org/hardenedbsd/HardenedBSD/compare/hardened/current/master...hardened/12-stable/master        
remote: 
To git-01.md.hardenedbsd.org:HardenedBSD/HardenedBSD.git
   1cc40e0f7ae9..8e8e5083ba64  hardened/12-stable/master -> hardened/12-stable/master
==== END: hardened/12-stable/master ====
