==== BEGIN: hardened/current/master ====
current branch: hardened/current/master
mergeable branch: freebsd/current/master
==== change branch ====
Switched to branch 'hardened/current/master'
Your branch is up to date with 'origin/hardened/current/master'.
==== show current branch ====
  freebsd/11-stable/master
  freebsd/11.2-releng/master
  freebsd/12-stable/master
  freebsd/12.1-releng/master
  freebsd/current/master
  hardened/11-stable/master
  hardened/11.2-releng/master
  hardened/12-stable/master
  hardened/12.1-releng/master
* hardened/current/master
==== check for stale changes ====
==== update to latest origin ====
warning: Pulling without specifying how to reconcile divergent branches is
discouraged. You can squelch this message by running one of the following
commands sometime before your next pull:

  git config pull.rebase false  # merge (the default strategy)
  git config pull.rebase true   # rebase
  git config pull.ff only       # fast-forward only

You can replace "git config" with "git config --global" to set a default
preference for all repositories. You can also pass --rebase, --no-rebase,
or --ff-only on the command line to override the configured default per
invocation.

=============================
HardenedBSD Master git Server
=============================

Please note that connections and activity to this server are logged.
This server, git-01.md.hardenedbsd.org, acts as the source-of-truth
server for the HardenedBSD repositories.

Banner last updated: 10 Feb 2020 09:32 EST

Already up to date.
==== merge branches ====
==== merge freebsd/current/master branch ====
Auto-merging cddl/contrib/opensolaris/lib/libzfs/common/libzfs_util.c
Merge made by the 'recursive' strategy.
 cddl/contrib/opensolaris/cmd/zfs/zfs_main.c        |  22 +-
 .../contrib/opensolaris/lib/libzfs/common/libzfs.h |   3 +-
 .../opensolaris/lib/libzfs/common/libzfs_util.c    |  37 +-
 .../lib/libzfs_core/common/libzfs_core.c           |  50 ++-
 .../opensolaris/uts/common/fs/zfs/zfs_ioctl.c      | 437 +++++++++++++++++----
 .../contrib/opensolaris/uts/common/sys/fs/zfs.h    |  18 +-
 sys/dev/cxgbe/adapter.h                            |   8 +
 sys/dev/cxgbe/crypto/t4_kern_tls.c                 |   6 +-
 sys/dev/cxgbe/t4_sge.c                             |  19 +-
 sys/dev/ena/ena.c                                  |  15 +
 sys/dev/ena/ena_datapath.c                         |  14 +
 usr.bin/hexdump/od.1                               |  20 +-
 12 files changed, 543 insertions(+), 106 deletions(-)
=============================
HardenedBSD Master git Server
=============================

Please note that connections and activity to this server are logged.
This server, git-01.md.hardenedbsd.org, acts as the source-of-truth
server for the HardenedBSD repositories.

Banner last updated: 10 Feb 2020 09:32 EST

remote: To github.com:HardenedBSD/hardenedBSD.git        
remote:    e59b8a3f2bde..39ece91f508f  hardened/current/master -> hardened/current/master        
remote:    08adf8d45ee7..a801bf2de673  github/freebsd/current/master -> github/freebsd/current/master        
To git-01.md.hardenedbsd.org:HardenedBSD/HardenedBSD.git
   e59b8a3f2bde..39ece91f508f  hardened/current/master -> hardened/current/master
==== END: hardened/current/master ====
