==== BEGIN: hardened/12.2-releng/master ====
current branch: hardened/12.2-releng/master
mergeable branch: origin/freebsd/12.2-releng/master
==== change branch ====
Switched to branch 'hardened/12.2-releng/master'
Your branch is behind 'origin/hardened/12.2-releng/master' by 3 commits, and can be fast-forwarded.
  (use "git pull" to update your local branch)
==== show current branch ====
  freebsd/11-stable/master
  freebsd/11.2-releng/master
  freebsd/12-stable/master
  freebsd/12.1-releng/master
  freebsd/12.2-releng/master
  freebsd/current/master
  hardened/11-stable/master
  hardened/11.2-releng/master
  hardened/12-stable/master
  hardened/12.1-releng/master
* hardened/12.2-releng/master
  hardened/current/master
==== check for stale changes ====
==== update to latest origin ====
warning: Pulling without specifying how to reconcile divergent branches is
discouraged. You can squelch this message by running one of the following
commands sometime before your next pull:

  git config pull.rebase false  # merge (the default strategy)
  git config pull.rebase true   # rebase
  git config pull.ff only       # fast-forward only

You can replace "git config" with "git config --global" to set a default
preference for all repositories. You can also pass --rebase, --no-rebase,
or --ff-only on the command line to override the configured default per
invocation.

=============================
HardenedBSD Master git Server
=============================

Please note that connections and activity to this server are logged.
This server, git-01.md.hardenedbsd.org, acts as the source-of-truth
server for the HardenedBSD repositories.

Banner last updated: 10 Feb 2020 09:32 EST

Updating 33f62f376b20..a95e449fe488
Fast-forward
 UPDATING                                 |  4 +++
 crypto/openssl/crypto/asn1/asn1_err.c    |  4 ++-
 crypto/openssl/crypto/asn1/tasn_dec.c    | 19 ++++++++++++
 crypto/openssl/crypto/asn1/tasn_enc.c    | 16 ++++++++++
 crypto/openssl/crypto/err/openssl.txt    |  2 ++
 crypto/openssl/crypto/x509v3/v3_genn.c   | 50 ++++++++++++++++++++++++++++----
 crypto/openssl/include/openssl/asn1err.h |  8 ++---
 7 files changed, 93 insertions(+), 10 deletions(-)
==== merge branches ====
==== merge origin/freebsd/12.2-releng/master branch ====
Already up to date.
=============================
HardenedBSD Master git Server
=============================

Please note that connections and activity to this server are logged.
This server, git-01.md.hardenedbsd.org, acts as the source-of-truth
server for the HardenedBSD repositories.

Banner last updated: 10 Feb 2020 09:32 EST

Everything up-to-date
==== END: hardened/12.2-releng/master ====
