==== BEGIN: hardened/current/master ====
current branch: hardened/current/master
mergeable branch: freebsd/current/main
==== change branch ====
Switched to branch 'hardened/current/master'
Your branch is up to date with 'origin/hardened/current/master'.
==== show current branch ====
  freebsd/11-stable/master
  freebsd/11.2-releng/master
  freebsd/12-stable/main
  freebsd/12-stable/master
  freebsd/12.1-releng/master
  freebsd/12.2-releng/master
  freebsd/current/main
  freebsd/current/master
  hardened/11-stable/master
  hardened/11.2-releng/master
  hardened/12-stable/master
  hardened/12.1-releng/master
  hardened/12.2-releng/master
* hardened/current/master
==== check for stale changes ====
==== update to latest origin ====
warning: Pulling without specifying how to reconcile divergent branches is
discouraged. You can squelch this message by running one of the following
commands sometime before your next pull:

  git config pull.rebase false  # merge (the default strategy)
  git config pull.rebase true   # rebase
  git config pull.ff only       # fast-forward only

You can replace "git config" with "git config --global" to set a default
preference for all repositories. You can also pass --rebase, --no-rebase,
or --ff-only on the command line to override the configured default per
invocation.

=============================
HardenedBSD Master git Server
=============================

Please note that connections and activity to this server are logged.
This server, git-01.md.hardenedbsd.org, acts as the source-of-truth
server for the HardenedBSD repositories.

Banner last updated: 10 Feb 2020 09:32 EST

Already up to date.
==== merge branches ====
==== merge freebsd/current/main branch ====
Merge made by the 'recursive' strategy.
 lib/libcasper/services/cap_fileargs/Makefile       |   1 +
 lib/libcasper/services/cap_fileargs/cap_fileargs.3 |  13 +-
 lib/libcasper/services/cap_fileargs/cap_fileargs.c |  62 ++++++++-
 lib/libcasper/services/cap_fileargs/cap_fileargs.h |   6 +
 .../services/cap_fileargs/tests/fileargs_test.c    | 145 +++++++++++++++++++++
 sys/dev/netmap/if_vtnet_netmap.h                   |   6 -
 sys/dev/netmap/netmap.c                            |   4 +
 sys/dev/re/if_re.c                                 |   8 ++
 sys/dev/virtio/network/if_vtnet.c                  |  10 ++
 sys/kern/sys_pipe.c                                |   4 +
 sys/net/iflib.c                                    |  46 ++++---
 11 files changed, 276 insertions(+), 29 deletions(-)
=============================
HardenedBSD Master git Server
=============================

Please note that connections and activity to this server are logged.
This server, git-01.md.hardenedbsd.org, acts as the source-of-truth
server for the HardenedBSD repositories.

Banner last updated: 10 Feb 2020 09:32 EST

remote: To github.com:HardenedBSD/hardenedBSD.git        
remote:    5e7afc8ecc76..33f4935d295c  hardened/current/master -> hardened/current/master        
remote:    81b3a0a34145..54bbcca4f979  github/freebsd/current/main -> github/freebsd/current/main        
remote:  ! [remote rejected]           refs/pull/18/head -> refs/pull/18/head (deny updating a hidden ref)        
remote:  ! [remote rejected]           refs/pull/19/head -> refs/pull/19/head (deny updating a hidden ref)        
remote:  ! [remote rejected]           refs/pull/20/head -> refs/pull/20/head (deny updating a hidden ref)
remote:  ! [remote rejected]           refs/pull/21/head -> refs/pull/21/head (deny updating a hidden ref)
remote: error: failed to push some refs to 'github.com:HardenedBSD/hardenedBSD.git'        
remote: . Processing 1 references        
remote: Processed 1 references in total        
To git-01.md.hardenedbsd.org:HardenedBSD/HardenedBSD.git
   5e7afc8ecc76b..33f4935d295c5  hardened/current/master -> hardened/current/master
==== END: hardened/current/master ====
