==== BEGIN: hardened/12-stable/master ====
current branch: hardened/12-stable/master
mergeable branch: freebsd/12-stable/master
==== change branch ====
Switched to branch 'hardened/12-stable/master'
Your branch is up to date with 'origin/hardened/12-stable/master'.
==== show current branch ====
  freebsd/10-stable/master
  freebsd/10.3-releng/master
  freebsd/11-stable/master
  freebsd/11.0-releng/master
  freebsd/11.1-releng/master
  freebsd/11.2-releng/master
  freebsd/12-stable/master
  freebsd/12.0-releng/master
  freebsd/12.1-releng/master
  freebsd/current/master
  hardened/10-stable/master
  hardened/10-stable/master-libressl
  hardened/10.3-releng/master
  hardened/11-stable/master
  hardened/11-stable/master-libressl
  hardened/11.0-releng/master
  hardened/11.1-releng/master
  hardened/11.2-releng/master
* hardened/12-stable/master
  hardened/12.0-releng/master
  hardened/12.1-releng/master
  hardened/current/intel-smap
  hardened/current/log
  hardened/current/master
  hardened/current/segvguard-ng
==== check for stale changes ====
==== update to latest origin ====
Already up to date.
==== merge branches ====
==== merge freebsd/12-stable/master branch ====
Auto-merging sys/dev/kbd/kbd.c
Merge made by the 'recursive' strategy.
 sbin/camcontrol/camcontrol.c               | 22 ++++++++++++++---
 sys/arm/broadcom/bcm2835/bcm2835_machdep.c |  4 ++--
 sys/arm/broadcom/bcm2835/bcm2835_vcbus.c   | 14 +++++++++++
 sys/arm/conf/GENERIC                       |  1 +
 sys/arm/samsung/exynos/chrome_kb.c         |  2 --
 sys/arm/versatile/pl050.c                  |  2 +-
 sys/conf/options.arm                       |  1 +
 sys/dev/adb/adb_kbd.c                      | 36 +++++++++++++---------------
 sys/dev/atkbdc/atkbd.c                     | 36 +++++++++++++---------------
 sys/dev/gpio/gpiokeys.c                    |  4 +---
 sys/dev/hyperv/input/hv_kbd.c              | 38 ++++++++++++++----------------
 sys/dev/kbd/kbd.c                          | 21 +++++++++++++++++
 sys/dev/kbd/kbdreg.h                       | 15 ++++++++----
 sys/dev/kbdmux/kbdmux.c                    |  2 --
 sys/dev/uart/uart_kbd_sun.c                | 37 ++++++++++++++---------------
 sys/dev/usb/input/ukbd.c                   |  4 +---
 sys/dev/vkbd/vkbd.c                        |  2 --
 17 files changed, 141 insertions(+), 100 deletions(-)
To github.com:HardenedBSD/hardenedBSD.git
   1b34ca47f1f3..81689af76fab  hardened/12-stable/master -> hardened/12-stable/master
==== END: hardened/12-stable/master ====
