==== BEGIN: hardened/current/master ====
current branch: hardened/current/master
mergeable branch: freebsd/current/master
==== change branch ====
Switched to branch 'hardened/current/master'
Your branch is up to date with 'origin/hardened/current/master'.
==== show current branch ====
  freebsd/11-stable/master
  freebsd/11.2-releng/master
  freebsd/12-stable/master
  freebsd/12.1-releng/master
  freebsd/12.2-releng/master
  freebsd/current/master
  hardened/11-stable/master
  hardened/11.2-releng/master
  hardened/12-stable/master
  hardened/12.1-releng/master
  hardened/12.2-releng/master
* hardened/current/master
==== check for stale changes ====
==== update to latest origin ====
warning: Pulling without specifying how to reconcile divergent branches is
discouraged. You can squelch this message by running one of the following
commands sometime before your next pull:

  git config pull.rebase false  # merge (the default strategy)
  git config pull.rebase true   # rebase
  git config pull.ff only       # fast-forward only

You can replace "git config" with "git config --global" to set a default
preference for all repositories. You can also pass --rebase, --no-rebase,
or --ff-only on the command line to override the configured default per
invocation.

=============================
HardenedBSD Master git Server
=============================

Please note that connections and activity to this server are logged.
This server, git-01.md.hardenedbsd.org, acts as the source-of-truth
server for the HardenedBSD repositories.

Banner last updated: 10 Feb 2020 09:32 EST

Already up to date.
==== merge branches ====
==== merge freebsd/current/master branch ====
Auto-merging tools/boot/install-boot.sh
Auto-merging release/release.sh
Auto-merging release/Makefile
Merge made by the 'recursive' strategy.
 lib/libc/sys/extattr_get_file.2 | 79 +++++++++++++++++++++++------------------
 lib/libc/sys/lio_listio.2       |  2 +-
 release/Makefile                |  2 ++
 release/release.sh              |  7 ++--
 release/riscv/GENERICSD.conf    | 16 +++++++++
 release/riscv/riscv64.conf      |  8 +++++
 release/tools/arm.subr          |  6 ++--
 release/tools/vmimage.subr      |  2 +-
 sys/fs/ext2fs/ext2_extern.h     |  2 +-
 tools/boot/install-boot.sh      |  1 +
 10 files changed, 83 insertions(+), 42 deletions(-)
 create mode 100644 release/riscv/GENERICSD.conf
 create mode 100644 release/riscv/riscv64.conf
=============================
HardenedBSD Master git Server
=============================

Please note that connections and activity to this server are logged.
This server, git-01.md.hardenedbsd.org, acts as the source-of-truth
server for the HardenedBSD repositories.

Banner last updated: 10 Feb 2020 09:32 EST

remote: To github.com:HardenedBSD/hardenedBSD.git        
remote:    1a17a3bed9f5..a99ae8b932db  hardened/current/master -> hardened/current/master        
remote:    625f9a4cd98e..cc97d576f306  github/freebsd/current/master -> github/freebsd/current/master        
remote:  ! [remote rejected]           refs/pull/18/head -> refs/pull/18/head (deny updating a hidden ref)        
remote:  ! [remote rejected]           refs/pull/19/head -> refs/pull/19/head (deny updating a hidden ref)        
remote:  ! [remote rejected]           refs/pull/20/head -> refs/pull/20/head (deny updating a hidden ref)        
remote:  ! [remote rejected]           refs/pull/21/head -> refs/pull/21/head (deny updating a hidden ref)
remote: error: failed to push some refs to 'github.com:HardenedBSD/hardenedBSD.git'        
remote: . Processing 1 references        
remote: Processed 1 references in total        
To git-01.md.hardenedbsd.org:HardenedBSD/HardenedBSD.git
   1a17a3bed9f5..a99ae8b932db  hardened/current/master -> hardened/current/master
==== END: hardened/current/master ====
