==== BEGIN: hardened/current/master ====
current branch: hardened/current/master
mergeable branch: freebsd/current/master
==== change branch ====
Switched to branch 'hardened/current/master'
Your branch is up to date with 'origin/hardened/current/master'.
==== show current branch ====
  freebsd/11-stable/master
  freebsd/11.2-releng/master
  freebsd/12-stable/master
  freebsd/12.1-releng/master
  freebsd/current/master
  hardened/11-stable/master
  hardened/11.2-releng/master
  hardened/12-stable/master
  hardened/12.1-releng/master
* hardened/current/master
==== check for stale changes ====
==== update to latest origin ====
warning: Pulling without specifying how to reconcile divergent branches is
discouraged. You can squelch this message by running one of the following
commands sometime before your next pull:

  git config pull.rebase false  # merge (the default strategy)
  git config pull.rebase true   # rebase
  git config pull.ff only       # fast-forward only

You can replace "git config" with "git config --global" to set a default
preference for all repositories. You can also pass --rebase, --no-rebase,
or --ff-only on the command line to override the configured default per
invocation.

=============================
HardenedBSD Master git Server
=============================

Please note that connections and activity to this server are logged.
This server, git-01.md.hardenedbsd.org, acts as the source-of-truth
server for the HardenedBSD repositories.

Banner last updated: 10 Feb 2020 09:32 EST

Already up to date.
==== merge branches ====
==== merge freebsd/current/master branch ====
Auto-merging sys/amd64/amd64/pmap.c
Auto-merging stand/defaults/loader.conf
Merge made by the 'recursive' strategy.
 lib/libc/sys/shm_open.c              |  2 +-
 stand/defaults/loader.conf           |  8 ++--
 sys/amd64/amd64/pmap.c               |  4 +-
 sys/compat/linux/linux_file.c        |  2 +-
 sys/kern/uipc_shm.c                  | 37 +++++++++++++++---
 sys/powerpc/aim/mmu_radix.c          |  2 +-
 sys/sys/mman.h                       |  4 +-
 sys/vm/vm_page.c                     | 57 ++++++++++++++--------------
 sys/vm/vm_page.h                     |  2 +-
 tests/sys/kern/memfd_test.c          | 17 +++++++--
 usr.bin/xinstall/xinstall.c          | 73 ++++++++++++++++++++++++------------
 usr.sbin/wpa/hostapd/Makefile        |  9 +++++
 usr.sbin/wpa/wpa_supplicant/Makefile |  4 ++
 13 files changed, 149 insertions(+), 72 deletions(-)
=============================
HardenedBSD Master git Server
=============================

Please note that connections and activity to this server are logged.
This server, git-01.md.hardenedbsd.org, acts as the source-of-truth
server for the HardenedBSD repositories.

Banner last updated: 10 Feb 2020 09:32 EST

remote: To github.com:HardenedBSD/hardenedBSD.git        
remote:    a226e9f9c071..1f81284174ad  hardened/current/master -> hardened/current/master        
remote:    3019e6712dcb..23290647a732  github/freebsd/current/master -> github/freebsd/current/master        
To git-01.md.hardenedbsd.org:HardenedBSD/HardenedBSD.git
   a226e9f9c071..1f81284174ad  hardened/current/master -> hardened/current/master
==== END: hardened/current/master ====
