==== BEGIN: hardened/current/master ====
current branch: hardened/current/master
mergeable branch: freebsd/current/master
==== change branch ====
Switched to branch 'hardened/current/master'
Your branch is behind 'origin/hardened/current/master' by 11 commits, and can be fast-forwarded.
  (use "git pull" to update your local branch)
==== show current branch ====
  freebsd/11-stable/master
  freebsd/11.2-releng/master
  freebsd/12-stable/master
  freebsd/12.1-releng/master
  freebsd/current/master
  hardened/11-stable/master
  hardened/11.2-releng/master
  hardened/12-stable/master
  hardened/12.1-releng/master
* hardened/current/master
==== check for stale changes ====
==== update to latest origin ====
=============================
HardenedBSD Master git Server
=============================

Please note that connections and activity to this server are logged.
This server, git-01.md.hardenedbsd.org, acts as the source-of-truth
server for the HardenedBSD repositories.

Banner last updated: 10 Feb 2020 09:32 EST

Updating b62b6acc9cc8..df74e562ce93
Fast-forward
 Makefile.inc1                       |  3 ---
 bin/sh/exec.c                       | 34 +++++++++++++++++++++++++++++++++-
 bin/sh/tests/execution/Makefile     |  1 +
 bin/sh/tests/execution/shellproc6.0 |  8 ++++++++
 gnu/usr.bin/binutils/Makefile       |  5 +++--
 share/man/man5/src.conf.5           | 17 ++++-------------
 share/mk/src.opts.mk                |  6 +++---
 sys/sys/elf_common.h                |  1 +
 tools/build/options/WITH_BINUTILS   |  2 ++
 usr.sbin/certctl/certctl.8          |  4 ++--
 usr.sbin/ctld/uclparse.c            |  7 ++++++-
 11 files changed, 63 insertions(+), 25 deletions(-)
 create mode 100644 bin/sh/tests/execution/shellproc6.0
==== merge branches ====
==== merge freebsd/current/master branch ====
Merge made by the 'recursive' strategy.
 sys/rpc/rpcsec_tls.h | 82 ++++++++++++++++++++++++++++++++++++++++++++++++++++
 1 file changed, 82 insertions(+)
 create mode 100644 sys/rpc/rpcsec_tls.h
=============================
HardenedBSD Master git Server
=============================

Please note that connections and activity to this server are logged.
This server, git-01.md.hardenedbsd.org, acts as the source-of-truth
server for the HardenedBSD repositories.

Banner last updated: 10 Feb 2020 09:32 EST

remote: To github.com:HardenedBSD/hardenedBSD.git        
remote:    df74e562ce93..2869914efddf  hardened/current/master -> hardened/current/master        
remote:    f65315815644..b2d759be25b2  github/freebsd/current/master -> github/freebsd/current/master        
To git-01.md.hardenedbsd.org:HardenedBSD/HardenedBSD.git
   df74e562ce93..2869914efddf  hardened/current/master -> hardened/current/master
==== END: hardened/current/master ====
