==== BEGIN: hardened/current/master ====
current branch: hardened/current/master
mergeable branch: freebsd/current/master
==== change branch ====
Switched to branch 'hardened/current/master'
Your branch is up to date with 'origin/hardened/current/master'.
==== show current branch ====
  freebsd/11-stable/master
  freebsd/11.2-releng/master
  freebsd/12-stable/master
  freebsd/12.1-releng/master
  freebsd/current/master
  hardened/11-stable/master
  hardened/11.2-releng/master
  hardened/12-stable/master
  hardened/12.1-releng/master
* hardened/current/master
==== check for stale changes ====
==== update to latest origin ====
=============================
HardenedBSD Master git Server
=============================

Please note that connections and activity to this server are logged.
This server, git-01.md.hardenedbsd.org, acts as the source-of-truth
server for the HardenedBSD repositories.

Banner last updated: 10 Feb 2020 09:32 EST

Already up to date.
==== merge branches ====
==== merge freebsd/current/master branch ====
Auto-merging libexec/rtld-elf/Makefile
Merge made by the 'recursive' strategy.
 lib/liblua/Makefile              |  5 +++
 lib/liblua/luaconf.h             |  4 ++
 libexec/rtld-elf/Makefile        |  3 ++
 sbin/bectl/tests/bectl_test.sh   |  1 +
 share/man/man4/ng_bpf.4          |  4 +-
 share/man/man9/domain.9          | 14 ++++++-
 sys/arm64/arm64/gic_v3_reg.h     | 14 +++++++
 sys/arm64/arm64/gicv3_its.c      | 91 ++++++++++++++++++++++++++++++++++++++++
 sys/arm64/rockchip/rk805.c       | 11 ++++-
 sys/arm64/rockchip/rk_iodomain.c | 21 ++++++++--
 sys/dev/dwc/if_dwc.c             | 16 +++----
 sys/dev/dwc/if_dwcvar.h          |  2 -
 sys/kern/kern_cpu.c              |  6 +++
 13 files changed, 172 insertions(+), 20 deletions(-)
=============================
HardenedBSD Master git Server
=============================

Please note that connections and activity to this server are logged.
This server, git-01.md.hardenedbsd.org, acts as the source-of-truth
server for the HardenedBSD repositories.

Banner last updated: 10 Feb 2020 09:32 EST

remote: To github.com:HardenedBSD/hardenedBSD.git        
remote:    801de3341388..8af51cb3de5e  hardened/current/master -> hardened/current/master
remote:    1a38c45d0bf2..dd3a1b93be89  github/freebsd/current/master -> github/freebsd/current/master        
To git-01.md.hardenedbsd.org:HardenedBSD/HardenedBSD.git
   801de3341388..8af51cb3de5e  hardened/current/master -> hardened/current/master
==== END: hardened/current/master ====
