==== BEGIN: hardened/current/master ====
current branch: hardened/current/master
mergeable branch: freebsd/current/master
==== change branch ====
Switched to branch 'hardened/current/master'
Your branch is up to date with 'origin/hardened/current/master'.
==== show current branch ====
  freebsd/11-stable/master
  freebsd/11.2-releng/master
  freebsd/12-stable/master
  freebsd/12.1-releng/master
  freebsd/current/master
  hardened/11-stable/master
  hardened/11.2-releng/master
  hardened/12-stable/master
  hardened/12.1-releng/master
* hardened/current/master
==== check for stale changes ====
==== update to latest origin ====
warning: Pulling without specifying how to reconcile divergent branches is
discouraged. You can squelch this message by running one of the following
commands sometime before your next pull:

  git config pull.rebase false  # merge (the default strategy)
  git config pull.rebase true   # rebase
  git config pull.ff only       # fast-forward only

You can replace "git config" with "git config --global" to set a default
preference for all repositories. You can also pass --rebase, --no-rebase,
or --ff-only on the command line to override the configured default per
invocation.

=============================
HardenedBSD Master git Server
=============================

Please note that connections and activity to this server are logged.
This server, git-01.md.hardenedbsd.org, acts as the source-of-truth
server for the HardenedBSD repositories.

Banner last updated: 10 Feb 2020 09:32 EST

Already up to date.
==== merge branches ====
==== merge freebsd/current/master branch ====
Auto-merging sys/netinet6/nd6_rtr.c
Auto-merging sys/modules/Makefile
Merge made by the 'recursive' strategy.
 lib/googletest/Makefile                            |   8 +-
 lib/googletest/gmock/Makefile                      |   3 -
 lib/googletest/gmock_main/Makefile                 |   3 -
 lib/googletest/gtest/Makefile                      |   3 -
 lib/googletest/gtest_main/Makefile                 |   3 -
 lib/googletest/tests/Makefile                      |   6 ++
 lib/googletest/tests/Makefile.inc                  |   6 ++
 .../{gmock/tests => tests/gmock}/Makefile          |   0
 .../tests => tests/gmock_main}/Makefile            |   0
 .../{gtest/tests => tests/gtest}/Makefile          |   0
 .../tests => tests/gtest_main}/Makefile            |   0
 libexec/rc/rc.d/netif                              |   2 +-
 share/man/man4/crypto.4                            |   7 +-
 share/man/man4/cxgbe.4                             |   7 +-
 sys/arm64/arm64/support.S                          |  12 +--
 sys/dev/ahci/ahci.h                                |   4 +-
 sys/dev/ahci/ahci_pci.c                            |  52 +++++++---
 sys/dev/cxgbe/common/t4_hw.c                       |  21 ++--
 sys/dev/cxgbe/t4_main.c                            |   2 +-
 sys/dev/cxgbe/tom/t4_cpl_io.c                      |  10 --
 sys/dev/cxgbe/tom/t4_tls.c                         |   8 +-
 sys/dev/cxgbe/tom/t4_tls.h                         |   1 -
 sys/dev/cxgbe/tom/t4_tom.c                         |   2 -
 sys/dev/iommu/iommu.h                              |   2 +-
 sys/dev/iommu/iommu_gas.c                          |   4 +-
 sys/fs/nullfs/null_vnops.c                         |  18 ++++
 sys/geom/geom_dev.c                                |  12 ++-
 sys/geom/uzip/g_uzip.c                             |   9 +-
 sys/i386/i386/npx.c                                |   2 +-
 sys/kern/link_elf_obj.c                            |   3 +
 sys/kern/subr_vmem.c                               |  72 +++++++++-----
 sys/kern/uipc_ktls.c                               |   2 +-
 sys/kern/vfs_cache.c                               |  50 ++++++++--
 sys/kern/vfs_subr.c                                |  16 ++-
 sys/modules/Makefile                               |   2 +-
 sys/modules/vmware/Makefile                        |   6 +-
 sys/netinet/icmp6.h                                |   2 +
 sys/netinet6/icmp6.c                               |   3 +-
 sys/netinet6/nd6_nbr.c                             |   6 +-
 sys/netinet6/nd6_rtr.c                             |   6 +-
 sys/opencrypto/crypto.c                            |  22 +++--
 sys/opencrypto/cryptodev.c                         |  14 +++
 sys/vm/uma_core.c                                  | 109 +++++++++++++++------
 sys/x86/iommu/intel_ctx.c                          |   2 +-
 usr.bin/netstat/inet6.c                            |   2 +
 45 files changed, 362 insertions(+), 162 deletions(-)
 create mode 100644 lib/googletest/tests/Makefile.inc
 rename lib/googletest/{gmock/tests => tests/gmock}/Makefile (100%)
 rename lib/googletest/{gmock_main/tests => tests/gmock_main}/Makefile (100%)
 rename lib/googletest/{gtest/tests => tests/gtest}/Makefile (100%)
 rename lib/googletest/{gtest_main/tests => tests/gtest_main}/Makefile (100%)
=============================
HardenedBSD Master git Server
=============================

Please note that connections and activity to this server are logged.
This server, git-01.md.hardenedbsd.org, acts as the source-of-truth
server for the HardenedBSD repositories.

Banner last updated: 10 Feb 2020 09:32 EST

remote: * Checking 1 branches        
remote: Checked 1 references in total        
remote: To github.com:HardenedBSD/hardenedBSD.git        
remote:    a2d2ea5fffd6..db5aaab2a998  hardened/current/master -> hardened/current/master
remote:    2ea649d97304..fecd1f222fc6  github/freebsd/current/master -> github/freebsd/current/master        
remote: . Processing 1 references        
remote: Processed 1 references in total        
To git-01.md.hardenedbsd.org:HardenedBSD/HardenedBSD.git
   a2d2ea5fffd6..db5aaab2a998  hardened/current/master -> hardened/current/master
==== END: hardened/current/master ====
