==== BEGIN: hardened/current/master ====
current branch: hardened/current/master
mergeable branch: freebsd/current/master
==== change branch ====
Switched to branch 'hardened/current/master'
Your branch is up to date with 'origin/hardened/current/master'.
==== show current branch ====
  freebsd/11-stable/master
  freebsd/11.2-releng/master
  freebsd/12-stable/master
  freebsd/12.1-releng/master
  freebsd/12.2-releng/master
  freebsd/current/master
  hardened/11-stable/master
  hardened/11.2-releng/master
  hardened/12-stable/master
  hardened/12.1-releng/master
  hardened/12.2-releng/master
* hardened/current/master
==== check for stale changes ====
==== update to latest origin ====
warning: Pulling without specifying how to reconcile divergent branches is
discouraged. You can squelch this message by running one of the following
commands sometime before your next pull:

  git config pull.rebase false  # merge (the default strategy)
  git config pull.rebase true   # rebase
  git config pull.ff only       # fast-forward only

You can replace "git config" with "git config --global" to set a default
preference for all repositories. You can also pass --rebase, --no-rebase,
or --ff-only on the command line to override the configured default per
invocation.

=============================
HardenedBSD Master git Server
=============================

Please note that connections and activity to this server are logged.
This server, git-01.md.hardenedbsd.org, acts as the source-of-truth
server for the HardenedBSD repositories.

Banner last updated: 10 Feb 2020 09:32 EST

Already up to date.
==== merge branches ====
==== merge freebsd/current/master branch ====
Auto-merging sys/compat/linprocfs/linprocfs.c
Merge made by the 'recursive' strategy.
 sys/arm64/arm64/busdma_bounce.c  |  4 ++
 sys/compat/linprocfs/linprocfs.c |  6 +--
 sys/fs/pseudofs/pseudofs.h       |  1 +
 sys/fs/pseudofs/pseudofs_vnops.c | 89 ++++++++++++++++++++++++++++++++++++----
 usr.bin/calendar/calendar.1      |  7 ++--
 usr.bin/calendar/calendar.h      |  1 -
 usr.bin/calendar/events.c        |  7 ----
 usr.bin/calendar/io.c            | 80 ++++++++++++++++++++++++++----------
 8 files changed, 150 insertions(+), 45 deletions(-)
=============================
HardenedBSD Master git Server
=============================

Please note that connections and activity to this server are logged.
This server, git-01.md.hardenedbsd.org, acts as the source-of-truth
server for the HardenedBSD repositories.

Banner last updated: 10 Feb 2020 09:32 EST

remote: To github.com:HardenedBSD/hardenedBSD.git        
remote:    9bde3263b53b..7cf9b594833e  hardened/current/master -> hardened/current/master        
remote:    362c721d66ec..9ee769829a7d  github/freebsd/current/master -> github/freebsd/current/master        
remote: . Processing 1 references        
remote: Processed 1 references in total        
To git-01.md.hardenedbsd.org:HardenedBSD/HardenedBSD.git
   9bde3263b53b..7cf9b594833e  hardened/current/master -> hardened/current/master
==== END: hardened/current/master ====
