==== BEGIN: hardened/current/master ====
current branch: hardened/current/master
mergeable branch: freebsd/current/master
==== change branch ====
Switched to branch 'hardened/current/master'
Your branch is up to date with 'origin/hardened/current/master'.
==== show current branch ====
  freebsd/11-stable/master
  freebsd/11.2-releng/master
  freebsd/12-stable/master
  freebsd/12.1-releng/master
  freebsd/current/master
  hardened/11-stable/master
  hardened/11.2-releng/master
  hardened/12-stable/master
  hardened/12.1-releng/master
* hardened/current/master
==== check for stale changes ====
==== update to latest origin ====
=============================
HardenedBSD Master git Server
=============================

Please note that connections and activity to this server are logged.
This server, git-01.md.hardenedbsd.org, acts as the source-of-truth
server for the HardenedBSD repositories.

Banner last updated: 10 Feb 2020 09:32 EST

Already up to date.
==== merge branches ====
==== merge freebsd/current/master branch ====
Auto-merging sys/conf/kern.mk
Auto-merging sys/arm64/arm64/pmap.c
Merge made by the 'recursive' strategy.
 sys/arm64/arm64/debug_monitor.c |   9 +-
 sys/arm64/arm64/efirt_machdep.c |   6 +-
 sys/arm64/arm64/locore.S        |  10 +--
 sys/arm64/arm64/pmap.c          | 177 +++++++++++++++++++++-------------------
 sys/arm64/include/pte.h         |  71 +++++++++-------
 sys/conf/Makefile.riscv         |   2 +-
 sys/conf/kern.mk                |   1 +
 sys/dev/ena/ena.c               |  69 +++-------------
 sys/dev/ena/ena.h               |   9 +-
 sys/dev/ena/ena_datapath.c      | 124 +++++++++-------------------
 sys/riscv/conf/GENERICSF        |   9 ++
 sys/riscv/riscv/swtch.S         |   2 +-
 usr.sbin/config/main.c          |  11 ++-
 13 files changed, 228 insertions(+), 272 deletions(-)
 create mode 100644 sys/riscv/conf/GENERICSF
=============================
HardenedBSD Master git Server
=============================

Please note that connections and activity to this server are logged.
This server, git-01.md.hardenedbsd.org, acts as the source-of-truth
server for the HardenedBSD repositories.

Banner last updated: 10 Feb 2020 09:32 EST

remote: To github.com:HardenedBSD/hardenedBSD.git        
remote:    44f24aa4bcee..71afefdfc540  hardened/current/master -> hardened/current/master        
remote:    64ce2c473055..dcc60239b6e4  github/freebsd/current/master -> github/freebsd/current/master        
To git-01.md.hardenedbsd.org:HardenedBSD/HardenedBSD.git
   44f24aa4bcee..71afefdfc540  hardened/current/master -> hardened/current/master
==== END: hardened/current/master ====
