==== BEGIN: hardened/current/master ====
current branch: hardened/current/master
mergeable branch: freebsd/current/master
==== change branch ====
Switched to branch 'hardened/current/master'
Your branch is up to date with 'origin/hardened/current/master'.
==== show current branch ====
  freebsd/11-stable/master
  freebsd/11.2-releng/master
  freebsd/12-stable/master
  freebsd/12.1-releng/master
  freebsd/current/master
  hardened/11-stable/master
  hardened/11.2-releng/master
  hardened/12-stable/master
  hardened/12.1-releng/master
* hardened/current/master
==== check for stale changes ====
==== update to latest origin ====
warning: Pulling without specifying how to reconcile divergent branches is
discouraged. You can squelch this message by running one of the following
commands sometime before your next pull:

  git config pull.rebase false  # merge (the default strategy)
  git config pull.rebase true   # rebase
  git config pull.ff only       # fast-forward only

You can replace "git config" with "git config --global" to set a default
preference for all repositories. You can also pass --rebase, --no-rebase,
or --ff-only on the command line to override the configured default per
invocation.

=============================
HardenedBSD Master git Server
=============================

Please note that connections and activity to this server are logged.
This server, git-01.md.hardenedbsd.org, acts as the source-of-truth
server for the HardenedBSD repositories.

Banner last updated: 10 Feb 2020 09:32 EST

Already up to date.
==== merge branches ====
==== merge freebsd/current/master branch ====
Auto-merging sys/kern/kern_thread.c
Auto-merging ObsoleteFiles.inc
Merge made by the 'recursive' strategy.
 ObsoleteFiles.inc          |  3 +++
 sbin/mount_nfs/mount_nfs.8 | 11 ++++++++-
 share/man/man4/iwm.4       |  6 +++++
 share/man/man9/Makefile    |  6 +++--
 share/man/man9/devstat.9   | 41 +++++++++++++++++--------------
 sys/kern/kern_thread.c     |  8 ++++++
 sys/vm/vm_page.c           | 25 +++++++++++++++++++
 sys/vm/vm_page.h           |  1 +
 sys/vm/vnode_pager.c       | 61 ++++++++++++++++++++++++++++------------------
 9 files changed, 117 insertions(+), 45 deletions(-)
=============================
HardenedBSD Master git Server
=============================

Please note that connections and activity to this server are logged.
This server, git-01.md.hardenedbsd.org, acts as the source-of-truth
server for the HardenedBSD repositories.

Banner last updated: 10 Feb 2020 09:32 EST

remote: To github.com:HardenedBSD/hardenedBSD.git        
remote:    005f51549832..006be28bd683  hardened/current/master -> hardened/current/master        
remote:    cb0ef8050217..a4980e8be4f4  github/freebsd/current/master -> github/freebsd/current/master        
remote: Gitea: Internal Server Error        
remote: Unable to contact gitea: Get http://localhost:3000/api/internal/hook/post-receive/hardenedbsd/hardenedbsd?old=005f515498328dc63689f710c4c96d0298ec61b1&new=006be28bd683855e78255086ef894cc223dce990&ref=refs%!F(MISSING)heads%!F(MISSING)hardened%!F(MISSING)current%!F(MISSING)master&userID=5&username=hardenedbsd-services: read tcp 172.16.1.72:10885->172.16.1.72:3000: i/o timeout        
To git-01.md.hardenedbsd.org:HardenedBSD/HardenedBSD.git
   005f51549832..006be28bd683  hardened/current/master -> hardened/current/master
==== END: hardened/current/master ====
