==== BEGIN: hardened/current/master ====
current branch: hardened/current/master
mergeable branch: freebsd/current/master
==== change branch ====
Switched to branch 'hardened/current/master'
Your branch is up to date with 'origin/hardened/current/master'.
==== show current branch ====
  freebsd/11-stable/master
  freebsd/11.2-releng/master
  freebsd/12-stable/master
  freebsd/12.1-releng/master
  freebsd/current/master
  hardened/11-stable/master
  hardened/11.2-releng/master
  hardened/12-stable/master
  hardened/12.1-releng/master
* hardened/current/master
==== check for stale changes ====
==== update to latest origin ====
=============================
HardenedBSD Master git Server
=============================

Please note that connections and activity to this server are logged.
This server, git-01.md.hardenedbsd.org, acts as the source-of-truth
server for the HardenedBSD repositories.

Banner last updated: 10 Feb 2020 09:32 EST

Already up to date.
==== merge branches ====
==== merge freebsd/current/master branch ====
Merge made by the 'recursive' strategy.
 stand/powerpc/ofw/ldscript.powerpc |  6 +++-
 sys/contrib/ncsw/inc/xx_ext.h      |  2 +-
 sys/contrib/ncsw/user/env/xx.c     | 19 ++++------
 sys/dev/dpaa/portals_common.c      |  3 +-
 sys/dev/mpr/mpr_sas.c              | 71 +++++++++++++++++++++++++++----------
 sys/dev/mpr/mpr_sas.h              |  1 +
 sys/dev/mps/mps_sas.c              | 72 ++++++++++++++++++++++++++++----------
 sys/dev/mps/mps_sas.h              |  1 +
 sys/powerpc/booke/pmap.c           | 39 ++++++++++++++-------
 9 files changed, 148 insertions(+), 66 deletions(-)
=============================
HardenedBSD Master git Server
=============================

Please note that connections and activity to this server are logged.
This server, git-01.md.hardenedbsd.org, acts as the source-of-truth
server for the HardenedBSD repositories.

Banner last updated: 10 Feb 2020 09:32 EST

remote: To github.com:HardenedBSD/hardenedBSD.git        
remote:    c33a0dabf875..7518b2e3d25f  hardened/current/master -> hardened/current/master        
remote:    b28561216a1c..1e2464d90577  github/freebsd/current/master -> github/freebsd/current/master        
To git-01.md.hardenedbsd.org:HardenedBSD/HardenedBSD.git
   c33a0dabf875..7518b2e3d25f  hardened/current/master -> hardened/current/master
==== END: hardened/current/master ====
