==== BEGIN: hardened/current/master ====
current branch: hardened/current/master
mergeable branch: freebsd/current/master
==== change branch ====
Switched to branch 'hardened/current/master'
Your branch is up to date with 'origin/hardened/current/master'.
==== show current branch ====
  freebsd/11-stable/master
  freebsd/11.2-releng/master
  freebsd/12-stable/master
  freebsd/12.1-releng/master
  freebsd/current/master
  hardened/11-stable/master
  hardened/11.2-releng/master
  hardened/12-stable/master
  hardened/12.1-releng/master
* hardened/current/master
==== check for stale changes ====
==== update to latest origin ====
warning: Pulling without specifying how to reconcile divergent branches is
discouraged. You can squelch this message by running one of the following
commands sometime before your next pull:

  git config pull.rebase false  # merge (the default strategy)
  git config pull.rebase true   # rebase
  git config pull.ff only       # fast-forward only

You can replace "git config" with "git config --global" to set a default
preference for all repositories. You can also pass --rebase, --no-rebase,
or --ff-only on the command line to override the configured default per
invocation.

=============================
HardenedBSD Master git Server
=============================

Please note that connections and activity to this server are logged.
This server, git-01.md.hardenedbsd.org, acts as the source-of-truth
server for the HardenedBSD repositories.

Banner last updated: 10 Feb 2020 09:32 EST

Already up to date.
==== merge branches ====
==== merge freebsd/current/master branch ====
Auto-merging usr.sbin/bsdinstall/scripts/config
CONFLICT (content): Merge conflict in usr.sbin/bsdinstall/scripts/config
Auto-merging sys/sys/mount.h
Auto-merging sys/kern/vfs_mount.c
Auto-merging sys/kern/subr_witness.c
Auto-merging sys/kern/kern_shutdown.c
Auto-merging sys/conf/kern.mk
Auto-merging sys/conf/files
Auto-merging share/mk/src.libnames.mk
Removing release/scripts/relnotes-search.sh
Auto-merging release/release.sh
Auto-merging release/Makefile
Auto-merging libexec/rc/rc.d/Makefile
Auto-merging lib/Makefile
Auto-merging Makefile.inc1
Automatic merge failed; fix conflicts and then commit the result.
==== merge failed at freebsd/current/master branch ====
diff --cc usr.sbin/bsdinstall/scripts/config
index f92674287e77,af4dacd2b679..000000000000
--- a/usr.sbin/bsdinstall/scripts/config
+++ b/usr.sbin/bsdinstall/scripts/config
@@@ -43,10 -43,10 +43,17 @@@ f
  cp $BSDINSTALL_TMPETC/* $BSDINSTALL_CHROOT/etc
  
  cat $BSDINSTALL_TMPBOOT/loader.conf.* >> $BSDINSTALL_TMPBOOT/loader.conf
++<<<<<<< HEAD
 +rm -f $BSDINSTALL_TMPBOOT/loader.conf.*
 +# The 'opensolaris_load' line is a workaround for arm64, which does not
 +# automatically load opensolaris.ko with zfs.ko.
 +df -t zfs $BSDINSTALL_CHROOT > /dev/null && echo "opensolaris_load=\"YES\"" >> $BSDINSTALL_TMPBOOT/loader.conf
++=======
+ rm $BSDINSTALL_TMPBOOT/loader.conf.*
+ # The 'cryptodev_load' line is a workaround for arm64, which does not
+ # automatically load cryptodev.ko with zfs.ko.
+ df -t zfs $BSDINSTALL_CHROOT > /dev/null && echo "cryptodev_load=\"YES\"" >> $BSDINSTALL_TMPBOOT/loader.conf
++>>>>>>> freebsd/current/master
  df -t zfs $BSDINSTALL_CHROOT > /dev/null && echo "zfs_load=\"YES\"" >> $BSDINSTALL_TMPBOOT/loader.conf
  
  cp $BSDINSTALL_TMPBOOT/* $BSDINSTALL_CHROOT/boot
On branch hardened/current/master
Your branch is up to date with 'origin/hardened/current/master'.

You have unmerged paths.
  (fix conflicts and run "git commit")
  (use "git merge --abort" to abort the merge)

Changes to be committed:
	modified:   Makefile.inc1
	modified:   UPDATING
	modified:   bin/date/date.1
	modified:   cddl/lib/libzfs/Makefile
	modified:   cddl/lib/libzpool/Makefile
	modified:   cddl/sbin/zpool/Makefile
	modified:   crypto/openssl/crypto/aes/asm/aesni-mb-x86_64.pl
	modified:   crypto/openssl/crypto/aes/asm/aesni-sha1-x86_64.pl
	modified:   crypto/openssl/crypto/aes/asm/aesni-sha256-x86_64.pl
	modified:   crypto/openssl/crypto/bn/asm/rsaz-avx2.pl
	modified:   crypto/openssl/crypto/bn/asm/rsaz-x86_64.pl
	modified:   crypto/openssl/crypto/bn/asm/x86_64-mont.pl
	modified:   crypto/openssl/crypto/bn/asm/x86_64-mont5.pl
	modified:   crypto/openssl/crypto/chacha/asm/chacha-x86.pl
	modified:   crypto/openssl/crypto/chacha/asm/chacha-x86_64.pl
	modified:   crypto/openssl/crypto/ec/asm/ecp_nistz256-avx2.pl
	modified:   crypto/openssl/crypto/ec/asm/ecp_nistz256-x86_64.pl
	modified:   crypto/openssl/crypto/ec/asm/x25519-x86_64.pl
	modified:   crypto/openssl/crypto/modes/asm/aesni-gcm-x86_64.pl
	modified:   crypto/openssl/crypto/modes/asm/ghash-x86_64.pl
	modified:   crypto/openssl/crypto/poly1305/asm/poly1305-x86.pl
	modified:   crypto/openssl/crypto/poly1305/asm/poly1305-x86_64.pl
	modified:   crypto/openssl/crypto/sha/asm/sha1-586.pl
	modified:   crypto/openssl/crypto/sha/asm/sha1-mb-x86_64.pl
	modified:   crypto/openssl/crypto/sha/asm/sha1-x86_64.pl
	modified:   crypto/openssl/crypto/sha/asm/sha256-586.pl
	modified:   crypto/openssl/crypto/sha/asm/sha256-mb-x86_64.pl
	modified:   crypto/openssl/crypto/sha/asm/sha512-x86_64.pl
	modified:   lib/Makefile
	modified:   lib/libbe/Makefile
	modified:   lib/libcompiler_rt/Makefile.inc
	modified:   lib/libgcc_eh/Makefile.inc
	modified:   libexec/rc/rc.d/Makefile
	modified:   libexec/rc/rc.d/zfs
	new file:   libexec/rc/rc.d/zpool
	modified:   libexec/rc/rc.d/zvol
	modified:   release/Makefile
	modified:   release/Makefile.azure
	modified:   release/Makefile.ec2
	modified:   release/Makefile.gce
	new file:   release/Makefile.inc1
	modified:   release/Makefile.mirrors
	modified:   release/Makefile.vagrant
	modified:   release/release.conf.sample
	modified:   release/release.sh
	deleted:    release/scripts/relnotes-search.sh
	modified:   secure/lib/libcrypto/amd64/aesni-gcm-x86_64.S
	modified:   secure/lib/libcrypto/amd64/aesni-mb-x86_64.S
	modified:   secure/lib/libcrypto/amd64/aesni-sha1-x86_64.S
	modified:   secure/lib/libcrypto/amd64/aesni-sha256-x86_64.S
	modified:   secure/lib/libcrypto/amd64/chacha-x86_64.S
	modified:   secure/lib/libcrypto/amd64/ecp_nistz256-x86_64.S
	modified:   secure/lib/libcrypto/amd64/ghash-x86_64.S
	modified:   secure/lib/libcrypto/amd64/poly1305-x86_64.S
	modified:   secure/lib/libcrypto/amd64/rsaz-avx2.S
	modified:   secure/lib/libcrypto/amd64/rsaz-x86_64.S
	modified:   secure/lib/libcrypto/amd64/sha1-mb-x86_64.S
	modified:   secure/lib/libcrypto/amd64/sha1-x86_64.S
	modified:   secure/lib/libcrypto/amd64/sha256-mb-x86_64.S
	modified:   secure/lib/libcrypto/amd64/sha256-x86_64.S
	modified:   secure/lib/libcrypto/amd64/sha512-x86_64.S
	modified:   secure/lib/libcrypto/amd64/x25519-x86_64.S
	modified:   secure/lib/libcrypto/amd64/x86_64-mont.S
	modified:   secure/lib/libcrypto/amd64/x86_64-mont5.S
	modified:   secure/lib/libcrypto/i386/chacha-x86.S
	modified:   secure/lib/libcrypto/i386/poly1305-x86.S
	modified:   secure/lib/libcrypto/i386/sha1-586.S
	modified:   secure/lib/libcrypto/i386/sha256-586.S
	modified:   share/man/man4/sdhci.4
	modified:   share/man/man9/bitset.9
	modified:   share/man/man9/crypto_buffer.9
	modified:   share/man/man9/crypto_request.9
	modified:   share/man/man9/sbuf.9
	modified:   share/mk/bsd.compiler.mk
	modified:   share/mk/bsd.linker.mk
	modified:   share/mk/bsd.sys.mk
	modified:   share/mk/src.libnames.mk
	modified:   stand/libsa/stand.h
	modified:   stand/libsa/zfs/Makefile.inc
	modified:   stand/libsa/zfs/zfsimpl.c
	modified:   stand/userboot/userboot/main.c
	modified:   sys/arm/ti/ti_sdhci.c
	modified:   sys/arm64/acpica/acpi_machdep.c
	modified:   sys/arm64/arm64/identcpu.c
	modified:   sys/arm64/arm64/mp_machdep.c
	modified:   sys/arm64/include/vmparam.h
	modified:   sys/cam/cam_xpt_internal.h
	modified:   sys/cddl/contrib/opensolaris/common/lz4/lz4.c
	new file:   sys/compat/linuxkpi/common/include/linux/xarray.h
	new file:   sys/compat/linuxkpi/common/src/linux_xarray.c
	modified:   sys/conf/files
	modified:   sys/conf/kern.mk
	modified:   sys/conf/kern.pre.mk
	modified:   sys/contrib/openzfs/include/os/freebsd/spl/sys/acl_impl.h
	modified:   sys/contrib/openzfs/include/os/freebsd/spl/sys/cmn_err.h
	modified:   sys/contrib/openzfs/include/os/freebsd/spl/sys/extdirent.h
	modified:   sys/contrib/openzfs/include/os/freebsd/spl/sys/list.h
	modified:   sys/contrib/openzfs/include/os/freebsd/spl/sys/list_impl.h
	modified:   sys/contrib/openzfs/include/os/freebsd/spl/sys/zmod.h
	modified:   sys/contrib/openzfs/module/os/freebsd/spl/list.c
	modified:   sys/crypto/ccp/ccp.c
	modified:   sys/dev/asmc/asmc.c
	modified:   sys/dev/cxgbe/crypto/t4_crypto.c
	modified:   sys/dev/fdc/fdc.c
	modified:   sys/dev/sdhci/sdhci_pci.c
	modified:   sys/dev/sec/sec.c
	modified:   sys/dev/sound/pci/ich.c
	modified:   sys/fs/fuse/fuse_vnops.c
	modified:   sys/fs/nfs/nfs_commonkrpc.c
	modified:   sys/fs/nfs/nfsdport.h
	modified:   sys/fs/nfs/nfsport.h
	modified:   sys/fs/nfsclient/nfs_clkrpc.c
	modified:   sys/fs/nfsclient/nfs_clvfsops.c
	modified:   sys/fs/nfsclient/nfsmount.h
	modified:   sys/fs/nfsserver/nfs_nfsdkrpc.c
	modified:   sys/fs/nfsserver/nfs_nfsdport.c
	modified:   sys/fs/nfsserver/nfs_nfsdserv.c
	modified:   sys/fs/nfsserver/nfs_nfsdsubs.c
	modified:   sys/geom/eli/g_eli.c
	modified:   sys/geom/eli/g_eli_privacy.c
	modified:   sys/kern/kern_shutdown.c
	modified:   sys/kern/subr_bus_dma.c
	modified:   sys/kern/subr_vmem.c
	modified:   sys/kern/subr_witness.c
	modified:   sys/kern/tty.c
	modified:   sys/kern/tty_ttydisc.c
	modified:   sys/kern/vfs_cache.c
	modified:   sys/kern/vfs_lookup.c
	modified:   sys/kern/vfs_mount.c
	modified:   sys/modules/linuxkpi/Makefile
	modified:   sys/modules/zfs/Makefile
	modified:   sys/opencrypto/criov.c
	modified:   sys/opencrypto/crypto.c
	modified:   sys/opencrypto/cryptodev.c
	modified:   sys/opencrypto/cryptodev.h
	modified:   sys/opencrypto/cryptosoft.c
	modified:   sys/sys/bitset.h
	modified:   sys/sys/mount.h
	modified:   sys/vm/vm_kern.c
	modified:   sys/vm/vm_pageout.c
	modified:   tests/sys/cddl/zfs/tests/cli_root/zpool_clear/zpool_clear_test.sh
	modified:   tools/build/depend-cleanup.sh
	modified:   usr.bin/calendar/calendars/calendar.holiday
	modified:   usr.bin/lockf/lockf.1
	modified:   usr.bin/lockf/lockf.c
	modified:   usr.sbin/efibootmgr/efibootmgr.8
	modified:   usr.sbin/efibootmgr/efibootmgr.c
	modified:   usr.sbin/jail/config.c
	modified:   usr.sbin/rtsold/dump.c
	modified:   usr.sbin/rtsold/rtsol.c
	modified:   usr.sbin/rtsold/rtsold.8
	modified:   usr.sbin/rtsold/rtsold.c
	modified:   usr.sbin/rtsold/rtsold.h

Unmerged paths:
  (use "git add <file>..." to mark resolution)
	both modified:   usr.sbin/bsdinstall/scripts/config

HEAD is now at 086691bf539e Merge branch 'freebsd/current/master' into hardened/current/master
==== merge failed and clean up after ====
On branch hardened/current/master
Your branch is up to date with 'origin/hardened/current/master'.

nothing to commit, working tree clean
HEAD is now at 086691bf539e Merge branch 'freebsd/current/master' into hardened/current/master
==== END: hardened/current/master ====
