==== BEGIN: hardened/current/master ====
current branch: hardened/current/master
mergeable branch: freebsd/current/master
==== change branch ====
Switched to branch 'hardened/current/master'
Your branch is behind 'origin/hardened/current/master' by 19 commits, and can be fast-forwarded.
  (use "git pull" to update your local branch)
==== show current branch ====
  freebsd/11-stable/master
  freebsd/11.2-releng/master
  freebsd/12-stable/master
  freebsd/12.1-releng/master
  freebsd/12.2-releng/master
  freebsd/current/master
  hardened/11-stable/master
  hardened/11.2-releng/master
  hardened/12-stable/master
  hardened/12.1-releng/master
  hardened/12.2-releng/master
* hardened/current/master
==== check for stale changes ====
==== update to latest origin ====
warning: Pulling without specifying how to reconcile divergent branches is
discouraged. You can squelch this message by running one of the following
commands sometime before your next pull:

  git config pull.rebase false  # merge (the default strategy)
  git config pull.rebase true   # rebase
  git config pull.ff only       # fast-forward only

You can replace "git config" with "git config --global" to set a default
preference for all repositories. You can also pass --rebase, --no-rebase,
or --ff-only on the command line to override the configured default per
invocation.

=============================
HardenedBSD Master git Server
=============================

Please note that connections and activity to this server are logged.
This server, git-01.md.hardenedbsd.org, acts as the source-of-truth
server for the HardenedBSD repositories.

Banner last updated: 10 Feb 2020 09:32 EST

Updating 2f0a6d54cfb5..f4e6c057640b
Fast-forward
 Makefile.inc1                                    |  13 ++-
 cddl/contrib/opensolaris/common/ctf/ctf_create.c |   4 +-
 sbin/devmatch/devmatch.8                         |   8 +-
 sbin/mount_nfs/mount_nfs.8                       |   9 +-
 share/man/man7/build.7                           |  12 ++-
 sys/dev/isp/isp.c                                |  58 ++++++------
 sys/dev/isp/isp_freebsd.c                        | 102 +++++++++++++++++----
 sys/dev/isp/isp_freebsd.h                        |  10 ++-
 sys/dev/isp/isp_library.c                        |  34 +++----
 sys/dev/isp/isp_library.h                        |   3 +-
 sys/dev/isp/isp_pci.c                            | 107 ++---------------------
 sys/dev/isp/isp_target.c                         |   8 +-
 sys/dev/isp/ispvar.h                             |  35 +++-----
 sys/kern/vfs_vnops.c                             |   2 +-
 sys/powerpc/powerpc/trap.c                       |   2 +-
 usr.bin/iscsictl/iscsi.conf.5                    |   6 +-
 usr.sbin/bsnmpd/modules/snmp_wlan/snmp_wlan.3    |  32 +++----
 usr.sbin/crashinfo/crashinfo.8                   |   6 +-
 usr.sbin/mountd/exports.5                        |  62 ++++++++++++-
 usr.sbin/moused/moused.8                         |  26 +++---
 usr.sbin/syslogd/syslog.conf.5                   |   8 +-
 usr.sbin/wpa/hostapd/hostapd.conf.5              |   5 +-
 22 files changed, 296 insertions(+), 256 deletions(-)
==== merge branches ====
==== merge freebsd/current/master branch ====
Merge made by the 'recursive' strategy.
 sys/dev/ahci/ahci.c       |  2 +-
 sys/dev/cxgbe/adapter.h   |  3 +++
 sys/dev/cxgbe/t4_netmap.c | 48 +++++++++++++++++++++++++++++++++++++++++++++++
 sys/dev/siis/siis.c       |  2 +-
 4 files changed, 53 insertions(+), 2 deletions(-)
=============================
HardenedBSD Master git Server
=============================

Please note that connections and activity to this server are logged.
This server, git-01.md.hardenedbsd.org, acts as the source-of-truth
server for the HardenedBSD repositories.

Banner last updated: 10 Feb 2020 09:32 EST

remote: To github.com:HardenedBSD/hardenedBSD.git        
remote:    f4e6c057640b..f72675d7b6c6  hardened/current/master -> hardened/current/master        
remote:    c70c5e412b22..8e8b8691b17c  github/freebsd/current/master -> github/freebsd/current/master        
remote: . Processing 1 references        
remote: Processed 1 references in total        
To git-01.md.hardenedbsd.org:HardenedBSD/HardenedBSD.git
   f4e6c057640b..f72675d7b6c6  hardened/current/master -> hardened/current/master
==== END: hardened/current/master ====
