==== BEGIN: hardened/12-stable/master ====
current branch: hardened/12-stable/master
mergeable branch: freebsd/12-stable/master
==== change branch ====
Switched to branch 'hardened/12-stable/master'
Your branch is up to date with 'origin/hardened/12-stable/master'.
==== show current branch ====
  freebsd/11-stable/master
  freebsd/11.2-releng/master
  freebsd/12-stable/master
  freebsd/12.1-releng/master
  freebsd/current/master
  hardened/11-stable/master
  hardened/11.2-releng/master
* hardened/12-stable/master
  hardened/12.1-releng/master
  hardened/current/master
==== check for stale changes ====
==== update to latest origin ====
warning: Pulling without specifying how to reconcile divergent branches is
discouraged. You can squelch this message by running one of the following
commands sometime before your next pull:

  git config pull.rebase false  # merge (the default strategy)
  git config pull.rebase true   # rebase
  git config pull.ff only       # fast-forward only

You can replace "git config" with "git config --global" to set a default
preference for all repositories. You can also pass --rebase, --no-rebase,
or --ff-only on the command line to override the configured default per
invocation.

=============================
HardenedBSD Master git Server
=============================

Please note that connections and activity to this server are logged.
This server, git-01.md.hardenedbsd.org, acts as the source-of-truth
server for the HardenedBSD repositories.

Banner last updated: 10 Feb 2020 09:32 EST

Already up to date.
==== merge branches ====
==== merge freebsd/12-stable/master branch ====
Auto-merging sys/conf/files.amd64
Merge made by the 'recursive' strategy.
 sys/amd64/amd64/trap.c        |    4 -
 sys/bsm/audit_kevents.h       |    1 +
 sys/conf/files.amd64          |    2 +
 sys/conf/files.powerpc        |    2 +
 sys/dev/ixl/i40e_adminq.c     |  138 ++-
 sys/dev/ixl/i40e_adminq_cmd.h |  231 ++++-
 sys/dev/ixl/i40e_common.c     |  590 +++++++----
 sys/dev/ixl/i40e_dcb.c        |   91 +-
 sys/dev/ixl/i40e_dcb.h        |   18 +-
 sys/dev/ixl/i40e_devids.h     |    2 +
 sys/dev/ixl/i40e_lan_hmc.c    |   15 +-
 sys/dev/ixl/i40e_nvm.c        |  115 ++-
 sys/dev/ixl/i40e_osdep.c      |   28 +-
 sys/dev/ixl/i40e_prototype.h  |   83 +-
 sys/dev/ixl/i40e_register.h   |   38 +-
 sys/dev/ixl/i40e_type.h       |   38 +-
 sys/dev/ixl/if_iavf.c         |    2 +-
 sys/dev/ixl/if_ixl.c          |  264 +++--
 sys/dev/ixl/ixl.h             |   30 +-
 sys/dev/ixl/ixl_pf.h          |   93 +-
 sys/dev/ixl/ixl_pf_i2c.c      |   14 +-
 sys/dev/ixl/ixl_pf_iflib.c    | 1137 +++++++++++++++++++++
 sys/dev/ixl/ixl_pf_iov.c      |  242 ++---
 sys/dev/ixl/ixl_pf_main.c     | 2182 ++++++++++++-----------------------------
 sys/dev/ixl/ixl_txrx.c        |   17 +-
 sys/i386/i386/trap.c          |    4 -
 sys/modules/ixl/Makefile      |    3 +-
 27 files changed, 3166 insertions(+), 2218 deletions(-)
 create mode 100644 sys/dev/ixl/ixl_pf_iflib.c
=============================
HardenedBSD Master git Server
=============================

Please note that connections and activity to this server are logged.
This server, git-01.md.hardenedbsd.org, acts as the source-of-truth
server for the HardenedBSD repositories.

Banner last updated: 10 Feb 2020 09:32 EST

remote: To github.com:HardenedBSD/hardenedBSD.git        
remote:    cdefba36c97f..f36d01a5fda5  hardened/12-stable/master -> hardened/12-stable/master        
remote:    677f5a8efda7..3e3d6a8547f1  github/freebsd/12-stable/master -> github/freebsd/12-stable/master
remote: 
remote: Create a new pull request for 'hardened/12-stable/master':        
remote:   https://git-01.md.hardenedbsd.org/hardenedbsd/HardenedBSD/compare/hardened/current/master...hardened/12-stable/master        
remote: 
To git-01.md.hardenedbsd.org:HardenedBSD/HardenedBSD.git
   cdefba36c97f..f36d01a5fda5  hardened/12-stable/master -> hardened/12-stable/master
==== END: hardened/12-stable/master ====
