==== BEGIN: hardened/current/master ====
current branch: hardened/current/master
mergeable branch: freebsd/current/master
==== change branch ====
Switched to branch 'hardened/current/master'
Your branch is up to date with 'origin/hardened/current/master'.
==== show current branch ====
  freebsd/11-stable/master
  freebsd/11.2-releng/master
  freebsd/12-stable/master
  freebsd/12.1-releng/master
  freebsd/current/master
  hardened/11-stable/master
  hardened/11.2-releng/master
  hardened/12-stable/master
  hardened/12.1-releng/master
* hardened/current/master
==== check for stale changes ====
==== update to latest origin ====
=============================
HardenedBSD Master git Server
=============================

Please note that connections and activity to this server are logged.
This server, git-01.md.hardenedbsd.org, acts as the source-of-truth
server for the HardenedBSD repositories.

Banner last updated: 10 Feb 2020 09:32 EST

Already up to date.
==== merge branches ====
==== merge freebsd/current/master branch ====
Merge made by the 'recursive' strategy.
 sbin/pfctl/pfctl_parser.c   |  9 ++++----
 stand/common/part.c         |  8 ++++++-
 sys/cam/nvme/nvme_da.c      |  4 ++--
 sys/cam/scsi/scsi_enc_ses.c | 54 ++++++++++++++++++++++++++-------------------
 sys/kern/kern_descrip.c     |  2 +-
 sys/kern/sys_capability.c   | 11 ++++++++-
 sys/netinet/sctputil.c      |  2 +-
 7 files changed, 57 insertions(+), 33 deletions(-)
=============================
HardenedBSD Master git Server
=============================

Please note that connections and activity to this server are logged.
This server, git-01.md.hardenedbsd.org, acts as the source-of-truth
server for the HardenedBSD repositories.

Banner last updated: 10 Feb 2020 09:32 EST

remote: To github.com:HardenedBSD/hardenedBSD.git        
remote:    aebb0d8da4f2..ee530e4e0b01  hardened/current/master -> hardened/current/master        
remote:    29fd6b58a447..9dbc56a1e970  github/freebsd/current/master -> github/freebsd/current/master        
To git-01.md.hardenedbsd.org:HardenedBSD/HardenedBSD.git
   aebb0d8da4f2..ee530e4e0b01  hardened/current/master -> hardened/current/master
==== END: hardened/current/master ====
