==== BEGIN: hardened/current/master ====
current branch: hardened/current/master
mergeable branch: freebsd/current/master
==== change branch ====
Switched to branch 'hardened/current/master'
Your branch is up to date with 'origin/hardened/current/master'.
==== show current branch ====
  freebsd/11-stable/master
  freebsd/11.2-releng/master
  freebsd/12-stable/master
  freebsd/12.1-releng/master
  freebsd/current/master
  hardened/11-stable/master
  hardened/11.2-releng/master
  hardened/12-stable/master
  hardened/12.1-releng/master
* hardened/current/master
==== check for stale changes ====
==== update to latest origin ====
Already up to date.
==== merge branches ====
==== merge freebsd/current/master branch ====
Merge made by the 'recursive' strategy.
 sys/kern/subr_vmem.c |  13 --
 sys/vm/uma_core.c    | 332 ++++++++++++++++++++++-----------------------------
 sys/vm/vm_init.c     |  19 +--
 sys/vm/vm_kern.c     |   9 ++
 sys/vm/vm_page.c     |  54 +--------
 5 files changed, 156 insertions(+), 271 deletions(-)
remote: To github.com:HardenedBSD/hardenedBSD.git        
remote:    5cf2fa313d6a..6643e5cebd70  hardened/current/master -> hardened/current/master        
remote:    6bddef56a68b..f650847e50ca  github/freebsd/current/master -> github/freebsd/current/master        
To git-01.md.hardenedbsd.org:HardenedBSD/HardenedBSD.git
   5cf2fa313d6a..6643e5cebd70  hardened/current/master -> hardened/current/master
==== END: hardened/current/master ====
