==== BEGIN: hardened/current/master ====
current branch: hardened/current/master
mergeable branch: freebsd/current/master
==== change branch ====
Switched to branch 'hardened/current/master'
Your branch is up to date with 'origin/hardened/current/master'.
==== show current branch ====
  freebsd/11-stable/master
  freebsd/11.2-releng/master
  freebsd/12-stable/master
  freebsd/12.1-releng/master
  freebsd/current/master
  hardened/11-stable/master
  hardened/11.2-releng/master
  hardened/12-stable/master
  hardened/12.1-releng/master
* hardened/current/master
==== check for stale changes ====
==== update to latest origin ====
=============================
HardenedBSD Master git Server
=============================

Please note that connections and activity to this server are logged.
This server, git-01.md.hardenedbsd.org, acts as the source-of-truth
server for the HardenedBSD repositories.

Banner last updated: 10 Feb 2020 09:32 EST

Already up to date.
==== merge branches ====
==== merge freebsd/current/master branch ====
Merge made by the 'recursive' strategy.
 share/man/man4/amr.4                        |  5 +++++
 share/man/man4/esp.4                        |  7 ++++++-
 share/man/man4/iir.4                        |  5 +++++
 share/man/man4/mly.4                        |  5 +++++
 share/man/man4/twa.4                        |  5 +++++
 sys/dev/amr/amr_pci.c                       |  2 ++
 sys/dev/esp/ncr53c9x.c                      |  1 +
 sys/dev/iir/iir_pci.c                       |  1 +
 sys/dev/mly/mly.c                           |  2 ++
 sys/dev/sound/pci/hda/hdac.c                |  3 +--
 sys/dev/twa/tw_osl_freebsd.c                |  1 +
 sys/kern/kern_sendfile.c                    | 24 ++++++++++++++++++++++--
 sys/sys/socketvar.h                         | 13 +++++++------
 usr.bin/calendar/calendars/calendar.history |  6 +++---
 14 files changed, 66 insertions(+), 14 deletions(-)
=============================
HardenedBSD Master git Server
=============================

Please note that connections and activity to this server are logged.
This server, git-01.md.hardenedbsd.org, acts as the source-of-truth
server for the HardenedBSD repositories.

Banner last updated: 10 Feb 2020 09:32 EST

remote: To github.com:HardenedBSD/hardenedBSD.git        
remote:    597f3b8b5400..288be3c5d851  hardened/current/master -> hardened/current/master        
remote:    4fb0928d585e..ead9e8972216  github/freebsd/current/master -> github/freebsd/current/master        
To git-01.md.hardenedbsd.org:HardenedBSD/HardenedBSD.git
   597f3b8b5400..288be3c5d851  hardened/current/master -> hardened/current/master
==== END: hardened/current/master ====
