==== BEGIN: hardened/current/master ====
current branch: hardened/current/master
mergeable branch: freebsd/current/master
==== change branch ====
Switched to branch 'hardened/current/master'
Your branch is up to date with 'origin/hardened/current/master'.
==== show current branch ====
  freebsd/11-stable/master
  freebsd/11.2-releng/master
  freebsd/12-stable/master
  freebsd/12.1-releng/master
  freebsd/current/master
  hardened/11-stable/master
  hardened/11.2-releng/master
  hardened/12-stable/master
  hardened/12.1-releng/master
* hardened/current/master
==== check for stale changes ====
==== update to latest origin ====
=============================
HardenedBSD Master git Server
=============================

Please note that connections and activity to this server are logged.
This server, git-01.md.hardenedbsd.org, acts as the source-of-truth
server for the HardenedBSD repositories.

Banner last updated: 10 Feb 2020 09:32 EST

Already up to date.
==== merge branches ====
==== merge freebsd/current/master branch ====
Auto-merging etc/mtree/BSD.usr.dist
Merge made by the 'recursive' strategy.
 .../llvm-project/clang/include/clang/Sema/Sema.h   |  6 ++--
 .../clang/lib/Driver/ToolChains/Cuda.cpp           | 32 +++++++++++++---------
 .../clang/lib/Driver/ToolChains/Cuda.h             |  6 ++++
 contrib/llvm-project/clang/lib/Parse/ParseDecl.cpp |  6 ++++
 .../llvm-project/clang/lib/Parse/ParseTemplate.cpp |  3 +-
 .../llvm-project/clang/lib/Sema/SemaTemplate.cpp   | 13 +++++----
 .../llvm-project/clang/lib/Sema/TreeTransform.h    |  2 +-
 etc/mtree/BSD.usr.dist                             |  2 ++
 lib/clang/include/VCSVersion.inc                   |  8 +++---
 lib/clang/include/llvm/Support/VCSRevision.h       |  2 +-
 lib/kyua/Makefile.kyua                             |  2 +-
 lib/kyua/cli/Makefile                              |  2 +-
 lib/msun/src/s_nan.c                               |  9 +++---
 usr.bin/kyua/Makefile                              |  5 +++-
 usr.bin/su/su.1                                    |  4 +--
 15 files changed, 66 insertions(+), 36 deletions(-)
=============================
HardenedBSD Master git Server
=============================

Please note that connections and activity to this server are logged.
This server, git-01.md.hardenedbsd.org, acts as the source-of-truth
server for the HardenedBSD repositories.

Banner last updated: 10 Feb 2020 09:32 EST

remote: To github.com:HardenedBSD/hardenedBSD.git        
remote:    a8a60cb4278f..5bdc1c7d047f  hardened/current/master -> hardened/current/master        
remote:    30c69a353ff9..5dcd11208989  github/freebsd/current/master -> github/freebsd/current/master        
To git-01.md.hardenedbsd.org:HardenedBSD/HardenedBSD.git
   a8a60cb4278f..5bdc1c7d047f  hardened/current/master -> hardened/current/master
==== END: hardened/current/master ====
