==== BEGIN: hardened/12-stable/master ====
current branch: hardened/12-stable/master
mergeable branch: freebsd/12-stable/master
==== change branch ====
Switched to branch 'hardened/12-stable/master'
Your branch is behind 'origin/hardened/12-stable/master' by 10 commits, and can be fast-forwarded.
  (use "git pull" to update your local branch)
==== show current branch ====
  freebsd/11-stable/master
  freebsd/11.2-releng/master
  freebsd/12-stable/master
  freebsd/12.1-releng/master
  freebsd/current/master
  hardened/11-stable/master
  hardened/11.2-releng/master
* hardened/12-stable/master
  hardened/12.1-releng/master
  hardened/current/master
==== check for stale changes ====
==== update to latest origin ====
=============================
HardenedBSD Master git Server
=============================

Please note that connections and activity to this server are logged.
This server, git-01.md.hardenedbsd.org, acts as the source-of-truth
server for the HardenedBSD repositories.

Banner last updated: 10 Feb 2020 09:32 EST

Updating 3c9b611085b8..32f71637a816
Fast-forward
 bin/ls/ls.1                   | 15 +++++---
 bin/ls/ls.c                   | 19 +++++++++-
 lib/libprocstat/Makefile      | 19 +++++-----
 lib/libprocstat/zfs.c         | 82 +++++++++++++++----------------------------
 lib/libprocstat/zfs/Makefile  |  6 ++--
 lib/libprocstat/zfs_defs.c    | 66 ++++++++++++++++++++++++++++++++++
 lib/libprocstat/zfs_defs.h    | 38 ++++++++++++++++++++
 stand/common/interp_lua.c     |  2 +-
 stand/lua/drawer.lua          |  8 +++++
 sys/netinet/tcp_input.c       |  9 +++--
 sys/netinet/tcp_stacks/rack.c |  9 +++--
 sys/netinet6/scope6.c         |  4 +++
 sys/netpfil/ipfw/ip_fw2.c     |  2 ++
 13 files changed, 202 insertions(+), 77 deletions(-)
 create mode 100644 lib/libprocstat/zfs_defs.c
 create mode 100644 lib/libprocstat/zfs_defs.h
==== merge branches ====
==== merge freebsd/12-stable/master branch ====
Already up to date.
=============================
HardenedBSD Master git Server
=============================

Please note that connections and activity to this server are logged.
This server, git-01.md.hardenedbsd.org, acts as the source-of-truth
server for the HardenedBSD repositories.

Banner last updated: 10 Feb 2020 09:32 EST

Everything up-to-date
==== END: hardened/12-stable/master ====
