==== BEGIN: hardened/12-stable/master ====
current branch: hardened/12-stable/master
mergeable branch: freebsd/12-stable/master
==== change branch ====
Switched to branch 'hardened/12-stable/master'
Your branch is up to date with 'origin/hardened/12-stable/master'.
==== show current branch ====
  freebsd/10-stable/master
  freebsd/10.3-releng/master
  freebsd/11-stable/master
  freebsd/11.0-releng/master
  freebsd/11.1-releng/master
  freebsd/11.2-releng/master
  freebsd/12-stable/master
  freebsd/12.0-releng/master
  freebsd/12.1-releng/master
  freebsd/current/master
  hardened/10-stable/master
  hardened/10-stable/master-libressl
  hardened/10.3-releng/master
  hardened/11-stable/master
  hardened/11-stable/master-libressl
  hardened/11.0-releng/master
  hardened/11.1-releng/master
  hardened/11.2-releng/master
* hardened/12-stable/master
  hardened/12.0-releng/master
  hardened/12.1-releng/master
  hardened/current/intel-smap
  hardened/current/log
  hardened/current/master
  hardened/current/segvguard-ng
==== check for stale changes ====
==== update to latest origin ====
Already up to date.
==== merge branches ====
==== merge freebsd/12-stable/master branch ====
Merge made by the 'recursive' strategy.
 libexec/rc/rc.d/random               | 16 ++++-----
 libexec/save-entropy/save-entropy.sh | 63 +++++++++++++++++++++++++++++-------
 2 files changed, 58 insertions(+), 21 deletions(-)
To github.com:HardenedBSD/hardenedBSD.git
   5af18b949d2b..615356e9614e  hardened/12-stable/master -> hardened/12-stable/master
==== END: hardened/12-stable/master ====
