==== BEGIN: hardened/current/master ====
current branch: hardened/current/master
mergeable branch: freebsd/current/master
==== change branch ====
Switched to branch 'hardened/current/master'
Your branch is up to date with 'origin/hardened/current/master'.
==== show current branch ====
  freebsd/11-stable/master
  freebsd/11.2-releng/master
  freebsd/12-stable/master
  freebsd/12.1-releng/master
  freebsd/current/master
  hardened/11-stable/master
  hardened/11.2-releng/master
  hardened/12-stable/master
  hardened/12.1-releng/master
* hardened/current/master
==== check for stale changes ====
==== update to latest origin ====
=============================
HardenedBSD Master git Server
=============================

Please note that connections and activity to this server are logged.
This server, git-01.md.hardenedbsd.org, acts as the source-of-truth
server for the HardenedBSD repositories.

Banner last updated: 10 Feb 2020 09:32 EST

Already up to date.
==== merge branches ====
==== merge freebsd/current/master branch ====
Removing tools/build/options/WITHOUT_SYMVER
Auto-merging share/mk/bsd.opts.mk
Auto-merging share/mk/bsd.lib.mk
Auto-merging share/man/man5/src.conf.5
Merge made by the 'recursive' strategy.
 lib/libc/db/mpool/Makefile.inc                     |   6 +-
 lib/libc/gen/Makefile.inc                          |  22 ++-
 lib/libc/iconv/Makefile.inc                        |   5 +-
 lib/libc/posix1e/Makefile.inc                      |   4 +-
 lib/libc/secure/Makefile.inc                       |   6 +-
 lib/libgcc_s/Makefile                              |   2 -
 lib/libprocstat/Makefile                           |   5 +-
 share/man/man5/src.conf.5                          |   2 -
 share/mk/bsd.lib.mk                                |   2 +-
 share/mk/bsd.opts.mk                               |   1 -
 share/mk/bsd.symver.mk                             |   2 +-
 sys/contrib/dev/acpica/changes.txt                 |  59 +++++++-
 sys/contrib/dev/acpica/common/acgetline.c          |   2 -
 sys/contrib/dev/acpica/common/dmtbdump2.c          |   4 +-
 sys/contrib/dev/acpica/compiler/aslcompiler.l      |   2 +-
 sys/contrib/dev/acpica/compiler/aslload.c          |  81 +++++-----
 sys/contrib/dev/acpica/compiler/aslmessages.c      |   1 +
 sys/contrib/dev/acpica/compiler/aslmessages.h      |   1 +
 sys/contrib/dev/acpica/compiler/aslpredef.c        |   2 +-
 sys/contrib/dev/acpica/compiler/aslxref.c          | 165 +++++++++++++++++++--
 sys/contrib/dev/acpica/compiler/dtutils.c          |  11 +-
 .../dev/acpica/components/debugger/dbhistry.c      |   1 -
 .../dev/acpica/components/disassembler/dmbuffer.c  |  19 ++-
 .../dev/acpica/components/dispatcher/dsfield.c     |  24 ++-
 .../dev/acpica/components/executer/exfield.c       |   2 +-
 sys/contrib/dev/acpica/include/acglobal.h          |   1 +
 sys/contrib/dev/acpica/include/acpixf.h            |   2 +-
 sys/contrib/dev/acpica/include/acpredef.h          |   4 +-
 sys/fs/nfs/nfs_commonsubs.c                        | 120 +++++++++++----
 sys/fs/nfs/nfs_var.h                               |   2 +
 tools/build/options/WITHOUT_SYMVER                 |   2 -
 usr.sbin/binmiscctl/binmiscctl.8                   |  13 +-
 32 files changed, 435 insertions(+), 140 deletions(-)
 delete mode 100644 tools/build/options/WITHOUT_SYMVER
=============================
HardenedBSD Master git Server
=============================

Please note that connections and activity to this server are logged.
This server, git-01.md.hardenedbsd.org, acts as the source-of-truth
server for the HardenedBSD repositories.

Banner last updated: 10 Feb 2020 09:32 EST

remote: To github.com:HardenedBSD/hardenedBSD.git        
remote:    15e8909ee40f..e29bfc3eccfd  hardened/current/master -> hardened/current/master
remote:    312327e698f3..7340923d0ee2  github/freebsd/current/master -> github/freebsd/current/master        
To git-01.md.hardenedbsd.org:HardenedBSD/HardenedBSD.git
   15e8909ee40f..e29bfc3eccfd  hardened/current/master -> hardened/current/master
==== END: hardened/current/master ====
