==== BEGIN: hardened/current/master ====
current branch: hardened/current/master
mergeable branch: freebsd/current/master
==== change branch ====
Switched to branch 'hardened/current/master'
Your branch is up to date with 'origin/hardened/current/master'.
==== show current branch ====
  freebsd/11-stable/master
  freebsd/11.2-releng/master
  freebsd/12-stable/master
  freebsd/12.1-releng/master
  freebsd/current/master
  hardened/11-stable/master
  hardened/11.2-releng/master
  hardened/12-stable/master
  hardened/12.1-releng/master
* hardened/current/master
==== check for stale changes ====
==== update to latest origin ====
Already up to date.
==== merge branches ====
==== merge freebsd/current/master branch ====
Merge made by the 'recursive' strategy.
 sys/kern/subr_epoch.c |  4 ++--
 sys/net/pfil.c        | 12 ++++++------
 sys/sys/epoch.h       |  5 +++--
 3 files changed, 11 insertions(+), 10 deletions(-)
remote: To github.com:HardenedBSD/hardenedBSD.git        
remote:    000d331226de..6975ac31a663  hardened/current/master -> hardened/current/master        
remote:    272010ae27e9..800a376698b8  github/freebsd/current/master -> github/freebsd/current/master        
To git-01.md.hardenedbsd.org:HardenedBSD/HardenedBSD.git
   000d331226de..6975ac31a663  hardened/current/master -> hardened/current/master
==== END: hardened/current/master ====
