==== BEGIN: hardened/current/master ====
current branch: hardened/current/master
mergeable branch: freebsd/current/master
==== change branch ====
Switched to branch 'hardened/current/master'
Your branch is behind 'origin/hardened/current/master' by 1 commit, and can be fast-forwarded.
  (use "git pull" to update your local branch)
==== show current branch ====
  freebsd/11-stable/master
  freebsd/11.2-releng/master
  freebsd/12-stable/master
  freebsd/12.1-releng/master
  freebsd/current/master
  hardened/11-stable/master
  hardened/11.2-releng/master
  hardened/12-stable/master
  hardened/12.1-releng/master
* hardened/current/master
==== check for stale changes ====
==== update to latest origin ====
=============================
HardenedBSD Master git Server
=============================

Please note that connections and activity to this server are logged.
This server, git-01.md.hardenedbsd.org, acts as the source-of-truth
server for the HardenedBSD repositories.

Banner last updated: 10 Feb 2020 09:32 EST

Updating b2aa2e806f08..9b76226f7b4a
Fast-forward
 share/mk/bsd.lib.mk | 1 +
 1 file changed, 1 insertion(+)
==== merge branches ====
==== merge freebsd/current/master branch ====
Auto-merging sys/dev/random/fortuna.c
Auto-merging sys/conf/kern.mk
Merge made by the 'recursive' strategy.
 share/man/man9/style.9                             |  7 ++-
 .../opensolaris/uts/common/fs/zfs/dsl_dataset.c    | 28 ++++++-----
 sys/compat/linuxkpi/common/include/linux/jiffies.h | 55 +++++++++++++---------
 sys/compat/linuxkpi/common/src/linux_compat.c      | 50 ++++++++++++++++++++
 sys/conf/Makefile.riscv                            |  4 --
 sys/conf/kern.mk                                   | 21 ++++++---
 sys/dev/acpica/acpi_cmbat.c                        | 21 +++++++--
 sys/dev/oce/oce_hw.c                               | 12 ++---
 sys/dev/oce/oce_if.c                               | 19 +-------
 sys/dev/oce/oce_queue.c                            |  2 -
 sys/dev/random/fortuna.c                           | 12 ++---
 sys/dev/random/ivy.c                               |  2 +-
 sys/dev/random/random_harvestq.c                   | 16 ++++---
 sys/dev/random/random_infra.c                      |  5 +-
 sys/dev/rndtest/rndtest.c                          |  4 --
 sys/dev/sfxge/common/efsys.h                       |  7 +--
 sys/dev/sfxge/sfxge.h                              |  5 --
 sys/dev/sfxge/sfxge_intr.c                         |  2 -
 sys/riscv/include/param.h                          | 13 +++--
 usr.sbin/bhyve/rfb.c                               |  3 +-
 20 files changed, 176 insertions(+), 112 deletions(-)
=============================
HardenedBSD Master git Server
=============================

Please note that connections and activity to this server are logged.
This server, git-01.md.hardenedbsd.org, acts as the source-of-truth
server for the HardenedBSD repositories.

Banner last updated: 10 Feb 2020 09:32 EST

remote: To github.com:HardenedBSD/hardenedBSD.git        
remote:    9b76226f7b4a..7d42bada4760  hardened/current/master -> hardened/current/master        
remote:    558067cc6a24..d425254c28d9  github/freebsd/current/master -> github/freebsd/current/master        
To git-01.md.hardenedbsd.org:HardenedBSD/HardenedBSD.git
   9b76226f7b4a..7d42bada4760  hardened/current/master -> hardened/current/master
==== END: hardened/current/master ====
