==== BEGIN: hardened/current/master ====
current branch: hardened/current/master
mergeable branch: freebsd/current/master
==== change branch ====
Switched to branch 'hardened/current/master'
Your branch is up to date with 'origin/hardened/current/master'.
==== show current branch ====
  freebsd/11-stable/master
  freebsd/11.2-releng/master
  freebsd/12-stable/master
  freebsd/12.1-releng/master
  freebsd/current/master
  hardened/11-stable/master
  hardened/11.2-releng/master
  hardened/12-stable/master
  hardened/12.1-releng/master
* hardened/current/master
==== check for stale changes ====
==== update to latest origin ====
Already up to date.
==== merge branches ====
==== merge freebsd/current/master branch ====
Merge made by the 'recursive' strategy.
 sys/dev/netmap/netmap_mem2.c     | 3 ++-
 sys/fs/nfsserver/nfs_nfsdstate.c | 3 ++-
 2 files changed, 4 insertions(+), 2 deletions(-)
remote: To github.com:HardenedBSD/hardenedBSD.git        
remote:    c6378e90a80b..2e1f2c3b794a  hardened/current/master -> hardened/current/master        
remote:    7119b7bfe6d9..f1f3c50834cc  github/freebsd/current/master -> github/freebsd/current/master        
To git-01.md.hardenedbsd.org:HardenedBSD/HardenedBSD.git
   c6378e90a80b..2e1f2c3b794a  hardened/current/master -> hardened/current/master
==== END: hardened/current/master ====
