==== BEGIN: hardened/current/master ====
current branch: hardened/current/master
mergeable branch: freebsd/current/master
==== change branch ====
Switched to branch 'hardened/current/master'
Your branch is behind 'origin/hardened/current/master' by 2 commits, and can be fast-forwarded.
  (use "git pull" to update your local branch)
==== show current branch ====
  freebsd/11-stable/master
  freebsd/11.2-releng/master
  freebsd/12-stable/master
  freebsd/12.1-releng/master
  freebsd/current/master
  hardened/11-stable/master
  hardened/11.2-releng/master
  hardened/12-stable/master
  hardened/12.1-releng/master
* hardened/current/master
==== check for stale changes ====
==== update to latest origin ====
Updating 2f67c19c031f..35992fc0fb4b
Fast-forward
 usr.sbin/hbsd-update/hbsd-update | 10 +++++++++-
 1 file changed, 9 insertions(+), 1 deletion(-)
==== merge branches ====
==== merge freebsd/current/master branch ====
Merge made by the 'recursive' strategy.
 sys/dev/acpi_support/acpi_ibm.c | 97 +++++++++++++++++++++++++++++++++++++++++
 sys/dev/bwi/if_bwi.c            |  3 ++
 sys/dev/bwn/if_bwn.c            |  3 ++
 sys/dev/ipw/if_ipw.c            |  3 ++
 sys/dev/iwi/if_iwi.c            |  3 ++
 sys/dev/iwm/if_iwm.c            |  5 +++
 sys/dev/iwn/if_iwn.c            |  3 ++
 sys/dev/malo/if_malo.c          |  3 ++
 sys/dev/mwl/if_mwl.c            |  4 ++
 sys/dev/ral/rt2560.c            |  4 +-
 sys/dev/ral/rt2661.c            |  3 ++
 sys/dev/ral/rt2860.c            |  3 ++
 sys/dev/rtwn/pci/rtwn_pci_rx.c  |  5 +++
 sys/dev/usb/wlan/if_rum.c       |  3 ++
 sys/dev/usb/wlan/if_run.c       |  3 ++
 sys/dev/usb/wlan/if_uath.c      |  3 ++
 sys/dev/usb/wlan/if_upgt.c      |  3 ++
 sys/dev/usb/wlan/if_ural.c      |  3 ++
 sys/dev/usb/wlan/if_urtw.c      |  3 ++
 sys/dev/usb/wlan/if_zyd.c       |  3 ++
 sys/dev/wi/if_wi.c              |  4 ++
 sys/dev/wpi/if_wpi.c            |  3 ++
 sys/dev/wtap/if_wtap.c          |  8 +++-
 sys/fs/nullfs/null_vnops.c      |  4 +-
 sys/sys/vnode.h                 |  1 -
 sys/ufs/ufs/ufs_inode.c         |  2 +
 26 files changed, 176 insertions(+), 6 deletions(-)
remote: To github.com:HardenedBSD/hardenedBSD.git        
remote:    35992fc0fb4b..8c399a6c35bf  hardened/current/master -> hardened/current/master        
remote:    215f047a0d8a..68f244e2a86e  github/freebsd/current/master -> github/freebsd/current/master        
remote: Gitea: Internal Server Error        
remote: Failed to Update: hardenedbsd/hardenedbsd Branch: hardened/current/master Error: newCommit.CommitsBeforeUntil: packfile not found        
To git-01.md.hardenedbsd.org:HardenedBSD/HardenedBSD.git
   35992fc0fb4b..8c399a6c35bf  hardened/current/master -> hardened/current/master
==== END: hardened/current/master ====
