==== BEGIN: hardened/current/master ====
current branch: hardened/current/master
mergeable branch: freebsd/current/master
==== change branch ====
Switched to branch 'hardened/current/master'
Your branch is up to date with 'origin/hardened/current/master'.
==== show current branch ====
  freebsd/11-stable/master
  freebsd/11.2-releng/master
  freebsd/12-stable/master
  freebsd/12.1-releng/master
  freebsd/12.2-releng/master
  freebsd/current/master
  hardened/11-stable/master
  hardened/11.2-releng/master
  hardened/12-stable/master
  hardened/12.1-releng/master
  hardened/12.2-releng/master
* hardened/current/master
==== check for stale changes ====
==== update to latest origin ====
warning: Pulling without specifying how to reconcile divergent branches is
discouraged. You can squelch this message by running one of the following
commands sometime before your next pull:

  git config pull.rebase false  # merge (the default strategy)
  git config pull.rebase true   # rebase
  git config pull.ff only       # fast-forward only

You can replace "git config" with "git config --global" to set a default
preference for all repositories. You can also pass --rebase, --no-rebase,
or --ff-only on the command line to override the configured default per
invocation.

=============================
HardenedBSD Master git Server
=============================

Please note that connections and activity to this server are logged.
This server, git-01.md.hardenedbsd.org, acts as the source-of-truth
server for the HardenedBSD repositories.

Banner last updated: 10 Feb 2020 09:32 EST

Gitea: Internal Server Error
Get "http://localhost:3000/api/internal/serv/command/2/hardenedbsd/hardenedbsd?mode=1&verb=git-upload-pack": dial tcp 127.0.0.1:3000: connect: connection refused
fatal: Could not read from remote repository.

Please make sure you have the correct access rights
and the repository exists.
ERROR: git pull failed, try to recover
HEAD is now at 94eadb648ceb HBSD: PaX SEGVGUARD: Zero-initialize variables
==== merge branches ====
==== merge freebsd/current/master branch ====
Auto-merging usr.sbin/bhyve/bhyverun.c
Auto-merging sys/vm/vm_phys.c
Auto-merging sys/security/mac/mac_framework.h
Removing sys/modules/ispfw/isp_2322/Makefile
Removing sys/modules/ispfw/isp_2300/Makefile
Removing sys/modules/ispfw/isp_2200/Makefile
Removing sys/modules/ispfw/isp_2100/Makefile
Removing sys/modules/ispfw/isp_12160/Makefile
Removing sys/modules/ispfw/isp_1080/Makefile
Removing sys/modules/ispfw/isp_1040/Makefile
Removing sys/modules/ispfw/isp_1000/Makefile
Auto-merging sys/kern/kern_thread.c
Auto-merging sys/kern/kern_shutdown.c
Auto-merging sys/kern/kern_prot.c
Removing sys/dev/ispfw/asm_2322.h
Removing sys/dev/ispfw/asm_2300.h
Removing sys/dev/ispfw/asm_2200.h
Removing sys/dev/ispfw/asm_2100.h
Removing sys/dev/ispfw/asm_12160.h
Removing sys/dev/ispfw/asm_1080.h
Removing sys/dev/ispfw/asm_1040.h
Auto-merging sys/conf/options
Auto-merging sys/conf/files.i386
CONFLICT (content): Merge conflict in sys/conf/files.i386
Auto-merging sys/conf/files
Auto-merging sys/arm/arm/machdep.c
Auto-merging sys/amd64/amd64/pmap.c
Auto-merging share/man/man4/Makefile
Automatic merge failed; fix conflicts and then commit the result.
==== merge failed at freebsd/current/master branch ====
diff --cc sys/conf/files.i386
index 559c8dd8d1f1,e668f9ff02d9..000000000000
--- a/sys/conf/files.i386
+++ b/sys/conf/files.i386
@@@ -211,7 -211,7 +211,11 @@@ i386/pci/pci_cfgreg.c		optional pc
  i386/pci/pci_pir.c		optional pci
  isa/syscons_isa.c		optional sc
  isa/vga_isa.c			optional vga
++<<<<<<< HEAD
 +kern/kern_clocksource.c		standard
++=======
+ kern/imgact_aout.c		optional compat_aout
++>>>>>>> freebsd/current/master
  kern/subr_sfbuf.c		standard
  libkern/divdi3.c		standard
  libkern/ffsll.c			standard
On branch hardened/current/master
Your branch is up to date with 'origin/hardened/current/master'.

You have unmerged paths.
  (fix conflicts and run "git commit")
  (use "git merge --abort" to abort the merge)

Changes to be committed:
	modified:   contrib/elftoolchain/addr2line/addr2line.c
	modified:   contrib/openpam/CREDITS
	modified:   contrib/openpam/lib/libpam/openpam_ttyconv.c
	modified:   lib/libc/string/memmem.c
	modified:   lib/libc/string/strstr.c
	modified:   release/arm64/PINE64-LTS.conf
	modified:   release/arm64/PINE64.conf
	modified:   release/arm64/PINEBOOK.conf
	modified:   sbin/savecore/Makefile
	modified:   sbin/savecore/savecore.8
	modified:   sbin/savecore/savecore.c
	modified:   share/man/man4/Makefile
	modified:   share/man/man4/ddb.4
	new file:   share/man/man4/disk.4
	modified:   share/man/man4/isp.4
	modified:   share/man/man4/ispfw.4
	modified:   share/man/man7/intro.7
	modified:   sys/amd64/amd64/mp_machdep.c
	modified:   sys/amd64/amd64/pmap.c
	modified:   sys/arm/arm/machdep.c
	modified:   sys/arm/include/machdep.h
	modified:   sys/arm64/arm64/gic_v3_acpi.c
	modified:   sys/conf/files
	modified:   sys/conf/files.amd64
	modified:   sys/conf/files.arm
	modified:   sys/conf/files.arm64
	modified:   sys/conf/files.mips
	modified:   sys/conf/files.powerpc
	modified:   sys/conf/files.riscv
	modified:   sys/conf/options
	modified:   sys/conf/options.arm
	modified:   sys/dev/atkbdc/atkbdc.c
	modified:   sys/dev/atkbdc/atkbdcreg.h
	modified:   sys/dev/atkbdc/psm.c
	modified:   sys/dev/isp/isp.c
	modified:   sys/dev/isp/isp_freebsd.c
	modified:   sys/dev/isp/isp_freebsd.h
	modified:   sys/dev/isp/isp_library.c
	modified:   sys/dev/isp/isp_library.h
	modified:   sys/dev/isp/isp_pci.c
	modified:   sys/dev/isp/isp_target.c
	modified:   sys/dev/isp/ispmbox.h
	modified:   sys/dev/isp/ispreg.h
	modified:   sys/dev/isp/ispvar.h
	deleted:    sys/dev/ispfw/asm_1040.h
	deleted:    sys/dev/ispfw/asm_1080.h
	deleted:    sys/dev/ispfw/asm_12160.h
	deleted:    sys/dev/ispfw/asm_2100.h
	deleted:    sys/dev/ispfw/asm_2200.h
	deleted:    sys/dev/ispfw/asm_2300.h
	deleted:    sys/dev/ispfw/asm_2322.h
	modified:   sys/dev/ispfw/ispfw.c
	modified:   sys/dev/mem/memdev.c
	modified:   sys/kern/kern_et.c
	modified:   sys/kern/kern_prot.c
	modified:   sys/kern/kern_shutdown.c
	modified:   sys/kern/kern_thread.c
	modified:   sys/kern/kern_timeout.c
	modified:   sys/kern/subr_smp.c
	modified:   sys/kern/sys_pipe.c
	modified:   sys/modules/ispfw/Makefile
	deleted:    sys/modules/ispfw/isp_1000/Makefile
	deleted:    sys/modules/ispfw/isp_1040/Makefile
	deleted:    sys/modules/ispfw/isp_1080/Makefile
	deleted:    sys/modules/ispfw/isp_12160/Makefile
	deleted:    sys/modules/ispfw/isp_2100/Makefile
	deleted:    sys/modules/ispfw/isp_2200/Makefile
	deleted:    sys/modules/ispfw/isp_2300/Makefile
	deleted:    sys/modules/ispfw/isp_2322/Makefile
	modified:   sys/powerpc/aim/mmu_oea64.c
	modified:   sys/powerpc/aim/mmu_radix.c
	modified:   sys/security/mac/mac_framework.c
	modified:   sys/security/mac/mac_framework.h
	modified:   sys/security/mac/mac_pipe.c
	modified:   sys/sys/pipe.h
	modified:   sys/sys/ucred.h
	new file:   sys/vm/_vm_phys.h
	modified:   sys/vm/uma_core.c
	modified:   sys/vm/vm_kern.c
	modified:   sys/vm/vm_page.c
	modified:   sys/vm/vm_page.h
	modified:   sys/vm/vm_pagequeue.h
	modified:   sys/vm/vm_phys.c
	modified:   sys/vm/vm_phys.h
	modified:   sys/vm/vm_reserv.c
	modified:   usr.bin/fstat/fstat.1
	modified:   usr.bin/grep/grep.1
	modified:   usr.sbin/bhyve/bhyverun.c

Unmerged paths:
  (use "git add <file>..." to mark resolution)
	both modified:   sys/conf/files.i386

HEAD is now at 94eadb648ceb HBSD: PaX SEGVGUARD: Zero-initialize variables
==== merge failed and clean up after ====
On branch hardened/current/master
Your branch is up to date with 'origin/hardened/current/master'.

nothing to commit, working tree clean
HEAD is now at 94eadb648ceb HBSD: PaX SEGVGUARD: Zero-initialize variables
==== END: hardened/current/master ====
