==== BEGIN: hardened/current/master ====
current branch: hardened/current/master
mergeable branch: freebsd/current/master
==== change branch ====
Switched to branch 'hardened/current/master'
Your branch is up to date with 'origin/hardened/current/master'.
==== show current branch ====
  freebsd/11-stable/master
  freebsd/11.2-releng/master
  freebsd/12-stable/master
  freebsd/12.1-releng/master
  freebsd/current/master
  hardened/11-stable/master
  hardened/11.2-releng/master
  hardened/12-stable/master
  hardened/12.1-releng/master
* hardened/current/master
==== check for stale changes ====
==== update to latest origin ====
Already up to date.
==== merge branches ====
==== merge freebsd/current/master branch ====
Auto-merging sys/netinet6/nd6_rtr.c
Merge made by the 'recursive' strategy.
 lib/libc/sys/getrandom.2   |  22 ++++++--
 sys/kern/sys_getrandom.c   |  36 ++++++++++++-
 sys/netinet/in_pcb.c       |  36 +++++++------
 sys/netinet/in_pcb.h       |   4 +-
 sys/netinet/tcp_syncache.c |  30 +----------
 sys/netinet6/in6_pcb.c     |  12 +++--
 sys/netinet6/in6_pcb.h     |   2 +-
 sys/netinet6/nd6_rtr.c     | 124 +++++++++++++++++++++------------------------
 sys/sys/random.h           |   1 +
 usr.bin/factor/factor.6    |  17 +++++--
 usr.bin/factor/factor.c    |  69 +++++++++++++++++++------
 usr.bin/primes/primes.c    |   4 +-
 12 files changed, 211 insertions(+), 146 deletions(-)
remote: To github.com:HardenedBSD/hardenedBSD.git        
remote:    ffa0795c5185..a7abe38ee502  hardened/current/master -> hardened/current/master        
remote:    6f0779143f17..c3b3c24eb90b  github/freebsd/current/master -> github/freebsd/current/master        
To git-01.md.hardenedbsd.org:HardenedBSD/HardenedBSD.git
   ffa0795c5185..a7abe38ee502  hardened/current/master -> hardened/current/master
==== END: hardened/current/master ====
