==== BEGIN: hardened/current/master ====
current branch: hardened/current/master
mergeable branch: freebsd/current/master
==== change branch ====
Switched to branch 'hardened/current/master'
Your branch is up to date with 'origin/hardened/current/master'.
==== show current branch ====
  freebsd/11-stable/master
  freebsd/11.2-releng/master
  freebsd/12-stable/master
  freebsd/12.1-releng/master
  freebsd/current/master
  hardened/11-stable/master
  hardened/11.2-releng/master
  hardened/12-stable/master
  hardened/12.1-releng/master
* hardened/current/master
==== check for stale changes ====
==== update to latest origin ====
Already up to date.
==== merge branches ====
==== merge freebsd/current/master branch ====
Merge made by the 'recursive' strategy.
 lib/libc/stdlib/rand.c   | 34 -----------------
 lib/libc/stdlib/random.3 | 81 ++++++++++++++++++---------------------
 sys/conf/sysent.mk       |  9 +++--
 sys/vm/vm_fault.c        | 98 ++++++++++++++++++++++++++++--------------------
 4 files changed, 101 insertions(+), 121 deletions(-)
remote: To github.com:HardenedBSD/hardenedBSD.git        
remote:    5a3a1bd88d99..1bf2bde0c734  hardened/current/master -> hardened/current/master        
remote:    b758a317596c..a934cd326122  github/freebsd/current/master -> github/freebsd/current/master        
remote: Gitea: Internal Server Error        
remote: Failed to Update: hardenedbsd/hardenedbsd Branch: hardened/current/master Error: newCommit.CommitsBeforeUntil: packfile not found        
To git-01.md.hardenedbsd.org:HardenedBSD/HardenedBSD.git
   5a3a1bd88d99..1bf2bde0c734  hardened/current/master -> hardened/current/master
==== END: hardened/current/master ====
