==== BEGIN: hardened/current/master ====
current branch: hardened/current/master
mergeable branch: freebsd/current/master
==== change branch ====
Switched to branch 'hardened/current/master'
Your branch is up to date with 'origin/hardened/current/master'.
==== show current branch ====
  freebsd/10-stable/master
  freebsd/10.3-releng/master
  freebsd/11-stable/master
  freebsd/11.0-releng/master
  freebsd/11.1-releng/master
  freebsd/11.2-releng/master
  freebsd/12-stable/master
  freebsd/12.0-releng/master
  freebsd/12.1-releng/master
  freebsd/current/master
  hardened/10-stable/master
  hardened/10-stable/master-libressl
  hardened/10.3-releng/master
  hardened/11-stable/master
  hardened/11-stable/master-libressl
  hardened/11.0-releng/master
  hardened/11.1-releng/master
  hardened/11.2-releng/master
  hardened/12-stable/master
  hardened/12.0-releng/master
  hardened/12.1-releng/master
  hardened/current/intel-smap
  hardened/current/log
* hardened/current/master
  hardened/current/segvguard-ng
==== check for stale changes ====
==== update to latest origin ====
Already up to date.
==== merge branches ====
==== merge freebsd/current/master branch ====
Auto-merging sys/dev/random/fortuna.c
Merge made by the 'recursive' strategy.
 sys/dev/random/fortuna.c | 28 ++++++++++++++++------------
 1 file changed, 16 insertions(+), 12 deletions(-)
To github.com:HardenedBSD/hardenedBSD.git
   80f20e6fb823..65bf93c26eb1  hardened/current/master -> hardened/current/master
==== END: hardened/current/master ====
