==== BEGIN: hardened/12-stable/master ====
current branch: hardened/12-stable/master
mergeable branch: freebsd/12-stable/master
==== change branch ====
Switched to branch 'hardened/12-stable/master'
Your branch is up to date with 'origin/hardened/12-stable/master'.
==== show current branch ====
  freebsd/11-stable/master
  freebsd/11.2-releng/master
  freebsd/12-stable/master
  freebsd/12.1-releng/master
  freebsd/current/master
  hardened/11-stable/master
  hardened/11.2-releng/master
* hardened/12-stable/master
  hardened/12.1-releng/master
  hardened/current/master
==== check for stale changes ====
==== update to latest origin ====
=============================
HardenedBSD Master git Server
=============================

Please note that connections and activity to this server are logged.
This server, git-01.md.hardenedbsd.org, acts as the source-of-truth
server for the HardenedBSD repositories.

Banner last updated: 10 Feb 2020 09:32 EST

Already up to date.
==== merge branches ====
==== merge freebsd/12-stable/master branch ====
Merge made by the 'recursive' strategy.
 sys/dev/mpr/mpr_sas.c | 70 ++++++++++++++++++++++++++++++++++++++------------
 sys/dev/mpr/mpr_sas.h |  1 +
 sys/dev/mps/mps_sas.c | 71 +++++++++++++++++++++++++++++++++++++++------------
 sys/dev/mps/mps_sas.h |  1 +
 4 files changed, 109 insertions(+), 34 deletions(-)
=============================
HardenedBSD Master git Server
=============================

Please note that connections and activity to this server are logged.
This server, git-01.md.hardenedbsd.org, acts as the source-of-truth
server for the HardenedBSD repositories.

Banner last updated: 10 Feb 2020 09:32 EST

remote: To github.com:HardenedBSD/hardenedBSD.git        
remote:    c5cfa33794e9..4bc936cabeab  hardened/12-stable/master -> hardened/12-stable/master        
remote:    b10b13d4e9b3..1ac7e7349587  github/freebsd/12-stable/master -> github/freebsd/12-stable/master
remote: 
remote: Create a new pull request for 'hardened/12-stable/master':        
remote:   https://git-01.md.hardenedbsd.org/hardenedbsd/HardenedBSD/compare/hardened/current/master...hardened/12-stable/master        
remote: 
To git-01.md.hardenedbsd.org:HardenedBSD/HardenedBSD.git
   c5cfa33794e9..4bc936cabeab  hardened/12-stable/master -> hardened/12-stable/master
==== END: hardened/12-stable/master ====
