==== BEGIN: hardened/current/master ====
current branch: hardened/current/master
mergeable branch: freebsd/current/master
==== change branch ====
Switched to branch 'hardened/current/master'
Your branch is up to date with 'origin/hardened/current/master'.
==== show current branch ====
  freebsd/10-stable/master
  freebsd/10.3-releng/master
  freebsd/11-stable/master
  freebsd/11.0-releng/master
  freebsd/11.1-releng/master
  freebsd/11.2-releng/master
  freebsd/12-stable/master
  freebsd/12.0-releng/master
  freebsd/12.1-releng/master
  freebsd/current/master
  hardened/10-stable/master
  hardened/10-stable/master-libressl
  hardened/10.3-releng/master
  hardened/11-stable/master
  hardened/11-stable/master-libressl
  hardened/11.0-releng/master
  hardened/11.1-releng/master
  hardened/11.2-releng/master
  hardened/12-stable/master
  hardened/12.0-releng/master
  hardened/12.1-releng/master
  hardened/current/intel-smap
  hardened/current/log
* hardened/current/master
  hardened/current/segvguard-ng
==== check for stale changes ====
==== update to latest origin ====
Already up to date.
==== merge branches ====
==== merge freebsd/current/master branch ====
Auto-merging sys/dev/kbd/kbd.c
Merge made by the 'recursive' strategy.
 sys/dev/kbd/kbd.c    | 77 ++++++++++++++++++++++------------------------------
 sys/dev/kbd/kbdreg.h |  6 ++++
 sys/kern/kern_cons.c | 24 ++++++++++++++++
 3 files changed, 63 insertions(+), 44 deletions(-)
remote: From github.com:HardenedBSD/hardenedBSD        
remote:    afdbc510f48d..6012bc934fa4  freebsd/current/master -> github/freebsd/current/master        
remote: Everything up-to-date        
To git-01.md.hardenedbsd.org:HardenedBSD/HardenedBSD.git
   26fba4f238e8..1eda5f56e3de  hardened/current/master -> hardened/current/master
To github.com:HardenedBSD/hardenedBSD.git
   26fba4f238e8..1eda5f56e3de  hardened/current/master -> hardened/current/master
==== END: hardened/current/master ====
