==== BEGIN: hardened/current/master ====
current branch: hardened/current/master
mergeable branch: freebsd/current/main
==== change branch ====
Switched to branch 'hardened/current/master'
Your branch is up to date with 'origin/hardened/current/master'.
==== show current branch ====
  freebsd/11-stable/master
  freebsd/11.2-releng/master
  freebsd/12-stable/main
  freebsd/12-stable/master
  freebsd/12.1-releng/master
  freebsd/12.2-releng/master
  freebsd/current/main
  freebsd/current/master
  hardened/11-stable/master
  hardened/11.2-releng/master
  hardened/12-stable/master
  hardened/12.1-releng/master
  hardened/12.2-releng/master
* hardened/current/master
==== check for stale changes ====
==== update to latest origin ====
warning: Pulling without specifying how to reconcile divergent branches is
discouraged. You can squelch this message by running one of the following
commands sometime before your next pull:

  git config pull.rebase false  # merge (the default strategy)
  git config pull.rebase true   # rebase
  git config pull.ff only       # fast-forward only

You can replace "git config" with "git config --global" to set a default
preference for all repositories. You can also pass --rebase, --no-rebase,
or --ff-only on the command line to override the configured default per
invocation.

=============================
HardenedBSD Master git Server
=============================

Please note that connections and activity to this server are logged.
This server, git-01.md.hardenedbsd.org, acts as the source-of-truth
server for the HardenedBSD repositories.

Banner last updated: 10 Feb 2020 09:32 EST

Already up to date.
==== merge branches ====
==== merge freebsd/current/main branch ====
Merge made by the 'recursive' strategy.
 bin/pwait/pwait.1                               |   6 +-
 bin/pwait/pwait.c                               |   4 +
 lib/libc/gen/getgrent.c                         |  36 ++--
 lib/libc/gen/getpwent.c                         |  18 +-
 lib/libc/tests/nss/getgr_test.c                 | 107 +++++++----
 lib/libc/tests/nss/getpw_test.c                 | 114 ++++++-----
 lib/libc/tests/nss/testutil.h                   |   2 +-
 lib/libcasper/services/cap_grp/tests/grp_test.c |   4 +
 sys/arm/ti/am335x/am335x_dmtpps.c               |   2 +-
 sys/arm/ti/am335x/am335x_ehrpwm.c               |   2 +-
 sys/dev/gpio/gpioiic.c                          |   8 +-
 sys/dev/gpio/gpiopps.c                          |   2 +-
 sys/dev/gpio/gpioths.c                          |   6 +-
 sys/dev/iicbus/ads111x.c                        |   4 +-
 sys/dev/iicbus/mux/iic_gpiomux.c                |   8 +-
 sys/dev/iicbus/mux/ltc430x.c                    |   4 +-
 sys/dev/iicbus/mux/pca9547.c                    |   2 +-
 sys/dev/ow/owc_gpiobus.c                        |   6 +-
 sys/dev/pwm/pwmc.c                              |   6 +-
 sys/kern/kern_malloc.c                          |  21 ++-
 sys/netinet/in.c                                | 239 +++++++++++++-----------
 sys/netinet/in_var.h                            |   2 +-
 sys/netinet/ip_carp.c                           |   2 +-
 usr.sbin/bhyve/bhyve.8                          |   4 +
 24 files changed, 358 insertions(+), 251 deletions(-)
=============================
HardenedBSD Master git Server
=============================

Please note that connections and activity to this server are logged.
This server, git-01.md.hardenedbsd.org, acts as the source-of-truth
server for the HardenedBSD repositories.

Banner last updated: 10 Feb 2020 09:32 EST

remote: To github.com:HardenedBSD/hardenedBSD.git        
remote:    b9e2a9c24674..704216b07339  hardened/current/master -> hardened/current/master        
remote:    9e98065cf17d..130aebbab0d3  github/freebsd/current/main -> github/freebsd/current/main        
remote:  ! [remote rejected]           refs/pull/18/head -> refs/pull/18/head (deny updating a hidden ref)
remote:  ! [remote rejected]           refs/pull/19/head -> refs/pull/19/head (deny updating a hidden ref)
remote:  ! [remote rejected]           refs/pull/20/head -> refs/pull/20/head (deny updating a hidden ref)
remote:  ! [remote rejected]           refs/pull/21/head -> refs/pull/21/head (deny updating a hidden ref)
remote: error: failed to push some refs to 'github.com:HardenedBSD/hardenedBSD.git'        
remote: . Processing 1 references        
remote: Processed 1 references in total        
To git-01.md.hardenedbsd.org:HardenedBSD/HardenedBSD.git
   b9e2a9c246747..704216b073399  hardened/current/master -> hardened/current/master
==== END: hardened/current/master ====
