==== BEGIN: hardened/12-stable/master ====
current branch: hardened/12-stable/master
mergeable branch: freebsd/12-stable/master
==== change branch ====
Switched to branch 'hardened/12-stable/master'
Your branch is up to date with 'origin/hardened/12-stable/master'.
==== show current branch ====
  freebsd/11-stable/master
  freebsd/11.2-releng/master
  freebsd/12-stable/master
  freebsd/12.1-releng/master
  freebsd/current/master
  hardened/11-stable/master
  hardened/11.2-releng/master
* hardened/12-stable/master
  hardened/12.1-releng/master
  hardened/current/master
==== check for stale changes ====
==== update to latest origin ====
warning: Pulling without specifying how to reconcile divergent branches is
discouraged. You can squelch this message by running one of the following
commands sometime before your next pull:

  git config pull.rebase false  # merge (the default strategy)
  git config pull.rebase true   # rebase
  git config pull.ff only       # fast-forward only

You can replace "git config" with "git config --global" to set a default
preference for all repositories. You can also pass --rebase, --no-rebase,
or --ff-only on the command line to override the configured default per
invocation.

=============================
HardenedBSD Master git Server
=============================

Please note that connections and activity to this server are logged.
This server, git-01.md.hardenedbsd.org, acts as the source-of-truth
server for the HardenedBSD repositories.

Banner last updated: 10 Feb 2020 09:32 EST

Already up to date.
==== merge branches ====
==== merge freebsd/12-stable/master branch ====
Auto-merging sys/conf/newvers.sh
CONFLICT (content): Merge conflict in sys/conf/newvers.sh
Auto-merging sys/conf/files
Auto-merging share/man/man4/Makefile
CONFLICT (modify/delete): libexec/rc/rc.d/abi deleted in freebsd/12-stable/master and modified in HEAD. Version HEAD of libexec/rc/rc.d/abi left in tree.
Auto-merging libexec/rc/rc.d/Makefile
Auto-merging libexec/rc/rc.conf
Auto-merging lib/clang/llvm.build.mk
Auto-merging Makefile.libcompat
Auto-merging Makefile.inc1
Automatic merge failed; fix conflicts and then commit the result.
==== merge failed at freebsd/12-stable/master branch ====
diff --cc sys/conf/newvers.sh
index 4451f87c683a,eef22c06b36d..000000000000
--- a/sys/conf/newvers.sh
+++ b/sys/conf/newvers.sh
@@@ -48,9 -48,8 +48,14 @@@
  # upper case variables starting in column 1 are on one line w/o continuation.
  
  TYPE="FreeBSD"
++<<<<<<< HEAD
 +REVISION="12.1"
 +BRANCH=${BRANCH_OVERRIDE:-STABLE}
 +BRANCH="${BRANCH}-HBSD"
++=======
+ REVISION="12.2"
+ BRANCH=${BRANCH_OVERRIDE:-PRERELEASE}
++>>>>>>> freebsd/12-stable/master
  RELEASE="${REVISION}-${BRANCH}"
  VERSION="${TYPE} ${RELEASE}"
  
* Unmerged path libexec/rc/rc.d/abi
On branch hardened/12-stable/master
Your branch is up to date with 'origin/hardened/12-stable/master'.

You have unmerged paths.
  (fix conflicts and run "git commit")
  (use "git merge --abort" to abort the merge)

Changes to be committed:
	modified:   Makefile.inc1
	modified:   Makefile.libcompat
	modified:   lib/clang/llvm.build.mk
	modified:   libexec/rc/rc.conf
	modified:   libexec/rc/rc.d/Makefile
	modified:   libexec/rc/rc.d/SERVERS
	new file:   libexec/rc/rc.d/linux
	modified:   libexec/rc/rc.d/localpkg
	new file:   libexec/rc/rc.d/sysvipc
	modified:   share/man/man4/Makefile
	new file:   share/man/man4/cp2112.4
	new file:   share/man/man4/gpiokeys.4
	modified:   share/man/man4/gre.4
	modified:   share/man/man4/linux.4
	modified:   share/zoneinfo/Makefile
	modified:   sys/arm/allwinner/aw_cir.c
	modified:   sys/arm/allwinner/clkng/ccu_sun8i_r.c
	modified:   sys/cam/cam_xpt.c
	modified:   sys/cam/cam_xpt.h
	modified:   sys/cam/scsi/scsi_da.c
	modified:   sys/cddl/contrib/opensolaris/uts/common/fs/zfs/dmu_objset.c
	modified:   sys/cddl/contrib/opensolaris/uts/common/fs/zfs/dmu_send.c
	modified:   sys/cddl/contrib/opensolaris/uts/common/fs/zfs/dsl_dataset.c
	modified:   sys/cddl/contrib/opensolaris/uts/common/fs/zfs/dsl_destroy.c
	modified:   sys/cddl/contrib/opensolaris/uts/common/fs/zfs/dsl_dir.c
	modified:   sys/cddl/contrib/opensolaris/uts/common/fs/zfs/spa.c
	modified:   sys/cddl/contrib/opensolaris/uts/common/fs/zfs/sys/spa_impl.h
	modified:   sys/cddl/contrib/opensolaris/uts/common/fs/zfs/sys/zvol.h
	modified:   sys/cddl/contrib/opensolaris/uts/common/fs/zfs/zfs_ioctl.c
	modified:   sys/cddl/contrib/opensolaris/uts/common/fs/zfs/zvol.c
	modified:   sys/conf/files
	modified:   sys/dev/e1000/if_em.c
	modified:   sys/dev/iicbus/mux/iicmux.c
	new file:   sys/dev/usb/misc/cp2112.c
	modified:   sys/modules/usb/Makefile
	new file:   sys/modules/usb/cp2112/Makefile
	modified:   usr.sbin/tzsetup/tzsetup.c

Unmerged paths:
  (use "git add/rm <file>..." as appropriate to mark resolution)
	deleted by them: libexec/rc/rc.d/abi
	both modified:   sys/conf/newvers.sh

HEAD is now at 0091ec578ee7 Merge branch 'freebsd/12-stable/master' into hardened/12-stable/master
==== merge failed and clean up after ====
On branch hardened/12-stable/master
Your branch is up to date with 'origin/hardened/12-stable/master'.

nothing to commit, working tree clean
HEAD is now at 0091ec578ee7 Merge branch 'freebsd/12-stable/master' into hardened/12-stable/master
==== END: hardened/12-stable/master ====
