==== BEGIN: hardened/current/master ====
current branch: hardened/current/master
mergeable branch: freebsd/current/master
==== change branch ====
Switched to branch 'hardened/current/master'
Your branch is up to date with 'origin/hardened/current/master'.
==== show current branch ====
  freebsd/11-stable/master
  freebsd/11.2-releng/master
  freebsd/12-stable/master
  freebsd/12.1-releng/master
  freebsd/current/master
  hardened/11-stable/master
  hardened/11.2-releng/master
  hardened/12-stable/master
  hardened/12.1-releng/master
* hardened/current/master
==== check for stale changes ====
==== update to latest origin ====
Already up to date.
==== merge branches ====
==== merge freebsd/current/master branch ====
Auto-merging share/mk/bsd.lib.mk
Auto-merging share/man/man5/src.conf.5
Merge made by the 'recursive' strategy.
 gnu/usr.bin/binutils/Makefile                  |  8 +++-----
 lib/csu/tests/dso/Makefile                     |  2 --
 lib/libc++/Makefile                            |  2 --
 lib/libcxxrt/Makefile                          |  1 -
 lib/libgcc_eh/Makefile.inc                     |  2 --
 lib/libpmc/Makefile                            |  2 --
 share/man/man5/src.conf.5                      | 24 +++++++++++++++---------
 share/mk/bsd.lib.mk                            | 13 -------------
 sys/mips/mips/vm_machdep.c                     | 16 +++-------------
 sys/ufs/ffs/ffs_vfsops.c                       | 24 +++++++++++++-----------
 tools/build/options/WITHOUT_BINUTILS           |  2 +-
 tools/build/options/WITHOUT_BINUTILS_BOOTSTRAP |  2 +-
 tools/build/options/WITHOUT_CLANG_IS_CC        |  5 ++++-
 tools/build/options/WITH_BINUTILS              |  2 +-
 tools/build/options/WITH_BINUTILS_BOOTSTRAP    |  2 +-
 tools/build/options/WITH_CLANG_IS_CC           |  2 +-
 16 files changed, 43 insertions(+), 66 deletions(-)
remote: To github.com:HardenedBSD/hardenedBSD.git        
remote:    1c7a8381552e..6e48fa1c471c  hardened/current/master -> hardened/current/master        
remote:    c43640d63071..d629f559dd35  github/freebsd/current/master -> github/freebsd/current/master        
To git-01.md.hardenedbsd.org:HardenedBSD/HardenedBSD.git
   1c7a8381552e..6e48fa1c471c  hardened/current/master -> hardened/current/master
==== END: hardened/current/master ====
