==== BEGIN: hardened/12-stable/master ====
current branch: hardened/12-stable/master
mergeable branch: freebsd/12-stable/master
==== change branch ====
Switched to branch 'hardened/12-stable/master'
Your branch is up to date with 'origin/hardened/12-stable/master'.
==== show current branch ====
  freebsd/11-stable/master
  freebsd/11.2-releng/master
  freebsd/12-stable/master
  freebsd/12.1-releng/master
  freebsd/current/master
  hardened/11-stable/master
  hardened/11.2-releng/master
* hardened/12-stable/master
  hardened/12.1-releng/master
  hardened/current/master
==== check for stale changes ====
==== update to latest origin ====
=============================
HardenedBSD Master git Server
=============================

Please note that connections and activity to this server are logged.
This server, git-01.md.hardenedbsd.org, acts as the source-of-truth
server for the HardenedBSD repositories.

Banner last updated: 10 Feb 2020 09:32 EST

Already up to date.
==== merge branches ====
==== merge freebsd/12-stable/master branch ====
Auto-merging sys/amd64/linux/linux_sysvec.c
Merge made by the 'recursive' strategy.
 sys/amd64/linux/linux_sysvec.c |   2 +-
 usr.bin/systat/Makefile        |   2 +-
 usr.bin/systat/extern.h        |   7 ++-
 usr.bin/systat/fetch.c         |   4 +-
 usr.bin/systat/main.c          |  13 +----
 usr.bin/systat/sysput.c        | 118 +++++++++++++++++++++++++++++++++++++++++
 usr.bin/systat/vmstat.c        |  43 +++++++--------
 usr.bin/systat/zarc.c          |  76 ++++++++++++++------------
 8 files changed, 194 insertions(+), 71 deletions(-)
 create mode 100644 usr.bin/systat/sysput.c
=============================
HardenedBSD Master git Server
=============================

Please note that connections and activity to this server are logged.
This server, git-01.md.hardenedbsd.org, acts as the source-of-truth
server for the HardenedBSD repositories.

Banner last updated: 10 Feb 2020 09:32 EST

remote: To github.com:HardenedBSD/hardenedBSD.git        
remote:    71351efb659d..038f9dbca339  hardened/12-stable/master -> hardened/12-stable/master        
remote:    2e0053387000..2be959e35e89  github/freebsd/12-stable/master -> github/freebsd/12-stable/master        
remote: 
remote: Create a new pull request for 'hardened/12-stable/master':        
remote:   https://git-01.md.hardenedbsd.org/hardenedbsd/HardenedBSD/compare/hardened/current/master...hardened/12-stable/master        
remote: 
To git-01.md.hardenedbsd.org:HardenedBSD/HardenedBSD.git
   71351efb659d..038f9dbca339  hardened/12-stable/master -> hardened/12-stable/master
==== END: hardened/12-stable/master ====
