==== BEGIN: hardened/current/master ====
current branch: hardened/current/master
mergeable branch: freebsd/current/master
==== change branch ====
Switched to branch 'hardened/current/master'
Your branch is up to date with 'origin/hardened/current/master'.
==== show current branch ====
  freebsd/11-stable/master
  freebsd/11.2-releng/master
  freebsd/12-stable/master
  freebsd/12.1-releng/master
  freebsd/current/master
  hardened/11-stable/master
  hardened/11.2-releng/master
  hardened/12-stable/master
  hardened/12.1-releng/master
* hardened/current/master
==== check for stale changes ====
==== update to latest origin ====
warning: Pulling without specifying how to reconcile divergent branches is
discouraged. You can squelch this message by running one of the following
commands sometime before your next pull:

  git config pull.rebase false  # merge (the default strategy)
  git config pull.rebase true   # rebase
  git config pull.ff only       # fast-forward only

You can replace "git config" with "git config --global" to set a default
preference for all repositories. You can also pass --rebase, --no-rebase,
or --ff-only on the command line to override the configured default per
invocation.

=============================
HardenedBSD Master git Server
=============================

Please note that connections and activity to this server are logged.
This server, git-01.md.hardenedbsd.org, acts as the source-of-truth
server for the HardenedBSD repositories.

Banner last updated: 10 Feb 2020 09:32 EST

Already up to date.
==== merge branches ====
==== merge freebsd/current/master branch ====
Merge made by the 'recursive' strategy.
 lib/libufs/cgread.3           | 19 +++++++---
 lib/libufs/cgroup.c           | 84 +++++++++++++++++++++++++++++++++----------
 lib/libufs/getinode.3         |  4 +--
 lib/libufs/libufs.3           |  3 +-
 lib/libufs/libufs.h           |  4 +--
 lib/libufs/sblock.c           |  2 +-
 lib/libufs/sbread.3           |  3 +-
 sbin/fsck_ffs/fsutil.c        |  5 ++-
 sbin/fsck_ffs/gjournal.c      |  4 +--
 sbin/fsck_ffs/suj.c           |  2 +-
 sys/dev/usb/controller/xhci.c | 13 +++++++
 11 files changed, 108 insertions(+), 35 deletions(-)
=============================
HardenedBSD Master git Server
=============================

Please note that connections and activity to this server are logged.
This server, git-01.md.hardenedbsd.org, acts as the source-of-truth
server for the HardenedBSD repositories.

Banner last updated: 10 Feb 2020 09:32 EST

remote: To github.com:HardenedBSD/hardenedBSD.git        
remote:    e1187944fbf4..e4ca7e21610a  hardened/current/master -> hardened/current/master        
remote:    2f5081d184a3..a1d832e8c089  github/freebsd/current/master -> github/freebsd/current/master        
remote: . Processing 1 references        
remote: Processed 1 references in total        
To git-01.md.hardenedbsd.org:HardenedBSD/HardenedBSD.git
   e1187944fbf4..e4ca7e21610a  hardened/current/master -> hardened/current/master
==== END: hardened/current/master ====
