==== BEGIN: hardened/current/master ====
current branch: hardened/current/master
mergeable branch: freebsd/current/master
==== change branch ====
Switched to branch 'hardened/current/master'
Your branch is up to date with 'origin/hardened/current/master'.
==== show current branch ====
  freebsd/11-stable/master
  freebsd/11.2-releng/master
  freebsd/12-stable/master
  freebsd/12.1-releng/master
  freebsd/current/master
  hardened/11-stable/master
  hardened/11.2-releng/master
  hardened/12-stable/master
  hardened/12.1-releng/master
* hardened/current/master
==== check for stale changes ====
==== update to latest origin ====
=============================
HardenedBSD Master git Server
=============================

Please note that connections and activity to this server are logged.
This server, git-01.md.hardenedbsd.org, acts as the source-of-truth
server for the HardenedBSD repositories.

Banner last updated: 10 Feb 2020 09:32 EST

Already up to date.
==== merge branches ====
==== merge freebsd/current/master branch ====
Merge made by the 'recursive' strategy.
 bin/ps/keyword.c                 |  2 +-
 bin/ps/print.c                   |  6 ++--
 bin/ps/ps.c                      |  3 +-
 share/man/man9/taskqueue.9       |  6 ++--
 sys/dev/ath/if_ath_rx.c          | 12 ++++---
 sys/net80211/ieee80211_freebsd.c | 14 ++++++++
 sys/net80211/ieee80211_freebsd.h |  1 +
 usr.bin/sed/compile.c            | 76 ++++++++++++++++++++++++++++++++++++++--
 usr.bin/sed/tests/sed2_test.sh   | 29 +++++++++++++++
 9 files changed, 135 insertions(+), 14 deletions(-)
=============================
HardenedBSD Master git Server
=============================

Please note that connections and activity to this server are logged.
This server, git-01.md.hardenedbsd.org, acts as the source-of-truth
server for the HardenedBSD repositories.

Banner last updated: 10 Feb 2020 09:32 EST

remote: To github.com:HardenedBSD/hardenedBSD.git        
remote:    26bac8e8fc9b..cdb7bd9bcc87  hardened/current/master -> hardened/current/master        
remote:    fcb8567d714b..ea88449cb103  github/freebsd/current/master -> github/freebsd/current/master        
To git-01.md.hardenedbsd.org:HardenedBSD/HardenedBSD.git
   26bac8e8fc9b..cdb7bd9bcc87  hardened/current/master -> hardened/current/master
==== END: hardened/current/master ====
