==== BEGIN: hardened/12-stable/master ====
current branch: hardened/12-stable/master
mergeable branch: freebsd/12-stable/master
==== change branch ====
Switched to branch 'hardened/12-stable/master'
Your branch is up to date with 'origin/hardened/12-stable/master'.
==== show current branch ====
  freebsd/11-stable/master
  freebsd/11.2-releng/master
  freebsd/12-stable/master
  freebsd/12.1-releng/master
  freebsd/current/master
  hardened/11-stable/master
  hardened/11.2-releng/master
* hardened/12-stable/master
  hardened/12.1-releng/master
  hardened/current/master
==== check for stale changes ====
==== update to latest origin ====
Already up to date.
==== merge branches ====
==== merge freebsd/12-stable/master branch ====
Merge made by the 'recursive' strategy.
 sys/compat/linuxkpi/common/src/linux_rcu.c |  3 +-
 sys/kern/subr_epoch.c                      |  2 +-
 sys/opencrypto/cryptodev.c                 | 60 ++++++++++++++++++------------
 3 files changed, 38 insertions(+), 27 deletions(-)
remote: To github.com:HardenedBSD/hardenedBSD.git        
remote:    7f6dca2a6ec5..bf1b822fb4bb  hardened/12-stable/master -> hardened/12-stable/master
remote:    e685c615be5f..6b8649d77337  github/freebsd/12-stable/master -> github/freebsd/12-stable/master        
remote: 
remote: Create a new pull request for 'hardened/12-stable/master':        
remote:   https://git-01.md.hardenedbsd.org/hardenedbsd/HardenedBSD/compare/hardened/current/master...hardened/12-stable/master        
remote: 
To git-01.md.hardenedbsd.org:HardenedBSD/HardenedBSD.git
   7f6dca2a6ec5..bf1b822fb4bb  hardened/12-stable/master -> hardened/12-stable/master
==== END: hardened/12-stable/master ====
