==== BEGIN: hardened/current/master ====
current branch: hardened/current/master
mergeable branch: freebsd/current/master
==== change branch ====
Switched to branch 'hardened/current/master'
Your branch is up to date with 'origin/hardened/current/master'.
==== show current branch ====
  freebsd/11-stable/master
  freebsd/11.2-releng/master
  freebsd/12-stable/master
  freebsd/12.1-releng/master
  freebsd/current/master
  hardened/11-stable/master
  hardened/11.2-releng/master
  hardened/12-stable/master
  hardened/12.1-releng/master
* hardened/current/master
==== check for stale changes ====
==== update to latest origin ====
Already up to date.
==== merge branches ====
==== merge freebsd/current/master branch ====
Merge made by the 'recursive' strategy.
 contrib/netbsd-tests/lib/libc/c063/t_o_search.c | 33 +++++++++----------------
 1 file changed, 12 insertions(+), 21 deletions(-)
remote: To github.com:HardenedBSD/hardenedBSD.git        
remote:    ff44a48871ce..7c387b96c007  hardened/current/master -> hardened/current/master        
remote:    035000c59686..d3642b2b3681  github/freebsd/current/master -> github/freebsd/current/master        
To git-01.md.hardenedbsd.org:HardenedBSD/HardenedBSD.git
   ff44a48871ce..7c387b96c007  hardened/current/master -> hardened/current/master
==== END: hardened/current/master ====
