==== BEGIN: hardened/current/master ====
current branch: hardened/current/master
mergeable branch: freebsd/current/master
==== change branch ====
Switched to branch 'hardened/current/master'
Your branch is up to date with 'origin/hardened/current/master'.
==== show current branch ====
  freebsd/11-stable/master
  freebsd/11.2-releng/master
  freebsd/12-stable/master
  freebsd/12.1-releng/master
  freebsd/current/master
  hardened/11-stable/master
  hardened/11.2-releng/master
  hardened/12-stable/master
  hardened/12.1-releng/master
* hardened/current/master
==== check for stale changes ====
==== update to latest origin ====
warning: Pulling without specifying how to reconcile divergent branches is
discouraged. You can squelch this message by running one of the following
commands sometime before your next pull:

  git config pull.rebase false  # merge (the default strategy)
  git config pull.rebase true   # rebase
  git config pull.ff only       # fast-forward only

You can replace "git config" with "git config --global" to set a default
preference for all repositories. You can also pass --rebase, --no-rebase,
or --ff-only on the command line to override the configured default per
invocation.

=============================
HardenedBSD Master git Server
=============================

Please note that connections and activity to this server are logged.
This server, git-01.md.hardenedbsd.org, acts as the source-of-truth
server for the HardenedBSD repositories.

Banner last updated: 10 Feb 2020 09:32 EST

Already up to date.
==== merge branches ====
==== merge freebsd/current/master branch ====
Auto-merging share/mk/src.libnames.mk
Auto-merging lib/Makefile
Merge made by the 'recursive' strategy.
 bin/cp/cp.1                      |   6 +-
 bin/ls/ls.1                      |   2 +-
 contrib/lib9p/transport/socket.c |   2 +-
 etc/mtree/BSD.include.dist       |   2 +
 lib/Makefile                     |   1 +
 lib/lib9p/Makefile               |  28 ++++
 sbin/camcontrol/camcontrol.8     |  14 +-
 sbin/devd/devd.conf.5            |   2 +-
 sbin/dhclient/dhclient.leases.5  |   4 +-
 sbin/dhclient/dhcp-options.5     |   4 +-
 sbin/fsdb/fsdb.8                 |   2 +-
 sbin/gvinum/gvinum.8             |   4 +-
 sbin/ipfw/ipfw.8                 | 109 +++++++------
 sbin/mdmfs/mdmfs.8               |   2 +-
 sbin/veriexec/veriexec.8         |   5 +-
 share/mk/bsd.libnames.mk         |   1 +
 share/mk/src.libnames.mk         |   2 +
 usr.bin/cpuset/cpuset.1          |  20 +--
 usr.sbin/bhyve/Makefile          |   4 +-
 usr.sbin/bhyve/bhyve.8           |  15 ++
 usr.sbin/bhyve/pci_virtio_9p.c   | 344 +++++++++++++++++++++++++++++++++++++++
 usr.sbin/bhyve/virtio.h          |   1 +
 22 files changed, 492 insertions(+), 82 deletions(-)
 create mode 100644 lib/lib9p/Makefile
 create mode 100644 usr.sbin/bhyve/pci_virtio_9p.c
=============================
HardenedBSD Master git Server
=============================

Please note that connections and activity to this server are logged.
This server, git-01.md.hardenedbsd.org, acts as the source-of-truth
server for the HardenedBSD repositories.

Banner last updated: 10 Feb 2020 09:32 EST

remote: To github.com:HardenedBSD/hardenedBSD.git        
remote:    2d4731abdf82..54cdb26860e5  hardened/current/master -> hardened/current/master        
remote:    36625fd9ccd5..303be592a1e1  github/freebsd/current/master -> github/freebsd/current/master        
remote: . Processing 1 references        
remote: Processed 1 references in total        
To git-01.md.hardenedbsd.org:HardenedBSD/HardenedBSD.git
   2d4731abdf82..54cdb26860e5  hardened/current/master -> hardened/current/master
==== END: hardened/current/master ====
