==== BEGIN: hardened/current/master ====
current branch: hardened/current/master
mergeable branch: freebsd/current/master
==== change branch ====
Switched to branch 'hardened/current/master'
Your branch is up to date with 'origin/hardened/current/master'.
==== show current branch ====
  freebsd/10-stable/master
  freebsd/10.3-releng/master
  freebsd/11-stable/master
  freebsd/11.0-releng/master
  freebsd/11.1-releng/master
  freebsd/11.2-releng/master
  freebsd/12-stable/master
  freebsd/12.0-releng/master
  freebsd/12.1-releng/master
  freebsd/current/master
  hardened/10-stable/master
  hardened/10-stable/master-libressl
  hardened/10.3-releng/master
  hardened/11-stable/master
  hardened/11-stable/master-libressl
  hardened/11.0-releng/master
  hardened/11.1-releng/master
  hardened/11.2-releng/master
  hardened/12-stable/master
  hardened/12.0-releng/master
  hardened/12.1-releng/master
  hardened/current/intel-smap
  hardened/current/log
* hardened/current/master
  hardened/current/segvguard-ng
==== check for stale changes ====
==== update to latest origin ====
Already up to date.
==== merge branches ====
==== merge freebsd/current/master branch ====
Merge made by the 'recursive' strategy.
 contrib/libunwind/src/UnwindLevel1-gcc-ext.c |  4 ++--
 lib/libgcc_s/Makefile                        |  2 ++
 lib/libgcc_s/Symbol.map                      |  1 -
 lib/libgcc_s/SymbolDefault.map               |  7 +++++++
 lib/libgcc_s/arm/Symbol.map                  |  4 ++++
 sys/compat/linux/linux_file.c                |  8 ++------
 sys/dev/adb/adb_kbd.c                        |  4 ++++
 sys/dev/gpio/gpiokeys.c                      |  3 +++
 sys/dev/hyperv/input/hv_kbd.c                |  3 +++
 sys/dev/kbdmux/kbdmux.c                      | 12 ++++++++++++
 sys/dev/usb/input/ukbd.c                     |  2 ++
 sys/dev/vkbd/vkbd.c                          |  4 ++++
 sys/gdb/gdb_main.c                           |  4 ++++
 sys/powerpc/include/gdb_machdep.h            |  1 +
 sys/powerpc/powerpc/gdb_machdep.c            | 27 +++++++++++++++++++++++++++
 sys/sys/vnode.h                              |  2 --
 16 files changed, 77 insertions(+), 11 deletions(-)
 create mode 100644 lib/libgcc_s/SymbolDefault.map
To github.com:HardenedBSD/hardenedBSD.git
   0e3ed80e2d2b..cdb250a194c1  hardened/current/master -> hardened/current/master
==== END: hardened/current/master ====
