==== BEGIN: hardened/current/master ====
current branch: hardened/current/master
mergeable branch: freebsd/current/master
==== change branch ====
Switched to branch 'hardened/current/master'
Your branch is up to date with 'origin/hardened/current/master'.
==== show current branch ====
  freebsd/11-stable/master
  freebsd/11.2-releng/master
  freebsd/12-stable/master
  freebsd/12.1-releng/master
  freebsd/current/master
  hardened/11-stable/master
  hardened/11.2-releng/master
  hardened/12-stable/master
  hardened/12.1-releng/master
* hardened/current/master
==== check for stale changes ====
==== update to latest origin ====
Already up to date.
==== merge branches ====
==== merge freebsd/current/master branch ====
Merge made by the 'recursive' strategy.
 sys/powerpc/aim/mmu_oea.c        |  2 +-
 sys/powerpc/powernv/opal_nvram.c | 35 +++++++++++++++++++++++++++++++----
 sys/powerpc/powerpc/cpu.c        |  8 ++++----
 sys/riscv/riscv/timer.c          |  6 ++----
 4 files changed, 38 insertions(+), 13 deletions(-)
remote: To github.com:HardenedBSD/hardenedBSD.git        
remote:    dd98087ce115..1ef87126d7d5  hardened/current/master -> hardened/current/master        
remote:    1090e6574b08..fd2eaece9da8  github/freebsd/current/master -> github/freebsd/current/master        
To git-01.md.hardenedbsd.org:HardenedBSD/HardenedBSD.git
   dd98087ce115..1ef87126d7d5  hardened/current/master -> hardened/current/master
==== END: hardened/current/master ====
