==== BEGIN: hardened/current/master ====
current branch: hardened/current/master
mergeable branch: freebsd/current/master
==== change branch ====
Switched to branch 'hardened/current/master'
Your branch is up to date with 'origin/hardened/current/master'.
==== show current branch ====
  freebsd/11-stable/master
  freebsd/11.2-releng/master
  freebsd/12-stable/master
  freebsd/12.1-releng/master
  freebsd/current/master
  hardened/11-stable/master
  hardened/11.2-releng/master
  hardened/12-stable/master
  hardened/12.1-releng/master
* hardened/current/master
==== check for stale changes ====
==== update to latest origin ====
=============================
HardenedBSD Master git Server
=============================

Please note that connections and activity to this server are logged.
This server, git-01.md.hardenedbsd.org, acts as the source-of-truth
server for the HardenedBSD repositories.

Banner last updated: 10 Feb 2020 09:32 EST

Already up to date.
==== merge branches ====
==== merge freebsd/current/master branch ====
Auto-merging sys/riscv/riscv/machdep.c
Merge made by the 'recursive' strategy.
 sys/arm/arm/machdep_boot.c     | 20 ++------------------
 sys/arm/include/elf.h          |  6 ------
 sys/arm64/arm64/machdep_boot.c | 24 ++----------------------
 sys/riscv/riscv/machdep.c      | 22 +---------------------
 4 files changed, 5 insertions(+), 67 deletions(-)
=============================
HardenedBSD Master git Server
=============================

Please note that connections and activity to this server are logged.
This server, git-01.md.hardenedbsd.org, acts as the source-of-truth
server for the HardenedBSD repositories.

Banner last updated: 10 Feb 2020 09:32 EST

remote: To github.com:HardenedBSD/hardenedBSD.git        
remote:    465434b530de..b0b3b2d2774d  hardened/current/master -> hardened/current/master        
remote:    f0c25ded2be1..a9d9f7629ebb  github/freebsd/current/master -> github/freebsd/current/master        
To git-01.md.hardenedbsd.org:HardenedBSD/HardenedBSD.git
   465434b530de..b0b3b2d2774d  hardened/current/master -> hardened/current/master
==== END: hardened/current/master ====
