==== BEGIN: hardened/current/master ====
current branch: hardened/current/master
mergeable branch: freebsd/current/master
==== change branch ====
Switched to branch 'hardened/current/master'
Your branch is behind 'origin/hardened/current/master' by 42 commits, and can be fast-forwarded.
  (use "git pull" to update your local branch)
==== show current branch ====
  freebsd/11-stable/master
  freebsd/11.2-releng/master
  freebsd/12-stable/master
  freebsd/12.1-releng/master
  freebsd/current/master
  hardened/11-stable/master
  hardened/11.2-releng/master
  hardened/12-stable/master
  hardened/12.1-releng/master
* hardened/current/master
==== check for stale changes ====
==== update to latest origin ====
warning: Pulling without specifying how to reconcile divergent branches is
discouraged. You can squelch this message by running one of the following
commands sometime before your next pull:

  git config pull.rebase false  # merge (the default strategy)
  git config pull.rebase true   # rebase
  git config pull.ff only       # fast-forward only

You can replace "git config" with "git config --global" to set a default
preference for all repositories. You can also pass --rebase, --no-rebase,
or --ff-only on the command line to override the configured default per
invocation.

=============================
HardenedBSD Master git Server
=============================

Please note that connections and activity to this server are logged.
This server, git-01.md.hardenedbsd.org, acts as the source-of-truth
server for the HardenedBSD repositories.

Banner last updated: 10 Feb 2020 09:32 EST

Updating 13dfb1117572..a6dcd437cd60
Fast-forward
 UPDATING                                           |    6 +-
 contrib/bmake/ChangeLog                            |  240 +
 contrib/bmake/FILES                                |  527 ++-
 contrib/bmake/LICENSE                              |   60 +
 contrib/bmake/Makefile                             |   42 +-
 contrib/bmake/VERSION                              |    2 +-
 contrib/bmake/arch.c                               |  505 +--
 contrib/bmake/bmake.1                              |  134 +-
 contrib/bmake/bmake.cat1                           |  136 +-
 contrib/bmake/bsd.after-import.mk                  |   21 +-
 contrib/bmake/buf.c                                |  216 +-
 contrib/bmake/buf.h                                |   62 +-
 contrib/bmake/compat.c                             |  136 +-
 contrib/bmake/cond.c                               |  621 +--
 contrib/bmake/dir.c                                | 1160 +++--
 contrib/bmake/dir.h                                |   28 +-
 contrib/bmake/enum.c                               |  100 +
 contrib/bmake/enum.h                               |  193 +
 contrib/bmake/for.c                                |  157 +-
 contrib/bmake/hash.c                               |  277 +-
 contrib/bmake/hash.h                               |   81 +-
 contrib/bmake/job.c                                |  134 +-
 contrib/bmake/job.h                                |   17 +-
 contrib/bmake/lst.c                                |  641 +++
 contrib/bmake/lst.h                                |  194 +-
 contrib/bmake/lst.lib/Makefile                     |    0
 contrib/bmake/lst.lib/lstAppend.c                  |  121 -
 contrib/bmake/lst.lib/lstAtEnd.c                   |   79 -
 contrib/bmake/lst.lib/lstAtFront.c                 |   76 -
 contrib/bmake/lst.lib/lstClose.c                   |   85 -
 contrib/bmake/lst.lib/lstConcat.c                  |  184 -
 contrib/bmake/lst.lib/lstDatum.c                   |   76 -
 contrib/bmake/lst.lib/lstDeQueue.c                 |   86 -
 contrib/bmake/lst.lib/lstDestroy.c                 |  101 -
 contrib/bmake/lst.lib/lstDupl.c                    |  107 -
 contrib/bmake/lst.lib/lstEnQueue.c                 |   77 -
 contrib/bmake/lst.lib/lstFind.c                    |   73 -
 contrib/bmake/lst.lib/lstFindFrom.c                |   89 -
 contrib/bmake/lst.lib/lstFirst.c                   |   76 -
 contrib/bmake/lst.lib/lstForEach.c                 |   75 -
 contrib/bmake/lst.lib/lstForEachFrom.c             |  124 -
 contrib/bmake/lst.lib/lstInit.c                    |   85 -
 contrib/bmake/lst.lib/lstInsert.c                  |  121 -
 contrib/bmake/lst.lib/lstInt.h                     |  105 -
 contrib/bmake/lst.lib/lstIsAtEnd.c                 |   86 -
 contrib/bmake/lst.lib/lstIsEmpty.c                 |   74 -
 contrib/bmake/lst.lib/lstLast.c                    |   76 -
 contrib/bmake/lst.lib/lstMember.c                  |   77 -
 contrib/bmake/lst.lib/lstNext.c                    |  119 -
 contrib/bmake/lst.lib/lstOpen.c                    |   86 -
 contrib/bmake/lst.lib/lstPrev.c                    |   78 -
 contrib/bmake/lst.lib/lstRemove.c                  |  134 -
 contrib/bmake/lst.lib/lstReplace.c                 |   77 -
 contrib/bmake/lst.lib/lstSucc.c                    |   78 -
 contrib/bmake/main.c                               |  376 +-
 contrib/bmake/make-bootstrap.sh.in                 |   11 +-
 contrib/bmake/make-conf.h                          |   10 +-
 contrib/bmake/make.1                               |  134 +-
 contrib/bmake/make.c                               |  452 +-
 contrib/bmake/make.h                               |  413 +-
 contrib/bmake/make_malloc.c                        |   50 +-
 contrib/bmake/make_malloc.h                        |   19 +-
 contrib/bmake/meta.c                               |  151 +-
 contrib/bmake/metachar.c                           |   36 +-
 contrib/bmake/metachar.h                           |   21 +-
 contrib/bmake/mk/ChangeLog                         |  301 +-
 contrib/bmake/mk/FILES                             |    1 +
 contrib/bmake/mk/README                            |    8 +-
 contrib/bmake/mk/auto.dep.mk                       |   14 +-
 contrib/bmake/mk/auto.obj.mk                       |   12 +-
 contrib/bmake/mk/autoconf.mk                       |   10 +-
 contrib/bmake/mk/autodep.mk                        |   16 +-
 contrib/bmake/mk/compiler.mk                       |    8 +-
 contrib/bmake/mk/cython.mk                         |    8 +-
 contrib/bmake/mk/dirdeps-cache-update.mk           |  179 +
 contrib/bmake/mk/dirdeps-options.mk                |   39 +-
 contrib/bmake/mk/dirdeps-targets.mk                |   47 +-
 contrib/bmake/mk/dirdeps.mk                        |  132 +-
 contrib/bmake/mk/dpadd.mk                          |   30 +-
 contrib/bmake/mk/files.mk                          |    8 +-
 contrib/bmake/mk/gendirdeps.mk                     |   42 +-
 contrib/bmake/mk/host-target.mk                    |    4 +-
 contrib/bmake/mk/host.libnames.mk                  |    8 +-
 contrib/bmake/mk/inc.mk                            |    8 +-
 contrib/bmake/mk/init.mk                           |   14 +-
 contrib/bmake/mk/install-mk                        |   14 +-
 contrib/bmake/mk/install-new.mk                    |    8 +-
 contrib/bmake/mk/java.mk                           |   10 +-
 contrib/bmake/mk/lib.mk                            |   14 +-
 contrib/bmake/mk/libnames.mk                       |    8 +-
 contrib/bmake/mk/libs.mk                           |   20 +-
 contrib/bmake/mk/links.mk                          |    8 +-
 contrib/bmake/mk/manifest.mk                       |   16 +-
 contrib/bmake/mk/meta.autodep.mk                   |   10 +-
 contrib/bmake/mk/meta.stage.mk                     |    8 +-
 contrib/bmake/mk/meta.subdir.mk                    |   10 +-
 contrib/bmake/mk/meta.sys.mk                       |   14 +-
 contrib/bmake/mk/meta2deps.py                      |   48 +-
 contrib/bmake/mk/meta2deps.sh                      |   30 +-
 contrib/bmake/mk/mk-files.txt                      |   51 +-
 contrib/bmake/mk/mkopt.sh                          |    8 +-
 contrib/bmake/mk/obj.mk                            |    8 +-
 contrib/bmake/mk/options.mk                        |   12 +-
 contrib/bmake/mk/own.mk                            |    8 +-
 contrib/bmake/mk/prlist.mk                         |    8 +-
 contrib/bmake/mk/prog.mk                           |    4 +-
 contrib/bmake/mk/progs.mk                          |   17 +-
 contrib/bmake/mk/rst2htm.mk                        |    8 +-
 contrib/bmake/mk/scripts.mk                        |    8 +-
 contrib/bmake/mk/srctop.mk                         |   10 +-
 contrib/bmake/mk/stage-install.sh                  |   61 +-
 contrib/bmake/mk/sys.clean-env.mk                  |   10 +-
 contrib/bmake/mk/sys.debug.mk                      |    8 +-
 contrib/bmake/mk/sys.dependfile.mk                 |    8 +-
 contrib/bmake/mk/sys.mk                            |   11 +-
 contrib/bmake/mk/sys.vars.mk                       |   10 +-
 contrib/bmake/mk/sys/AIX.mk                        |    8 +-
 contrib/bmake/mk/sys/Darwin.mk                     |    4 +-
 contrib/bmake/mk/sys/Generic.mk                    |    8 +-
 contrib/bmake/mk/sys/HP-UX.mk                      |   10 +-
 contrib/bmake/mk/sys/IRIX.mk                       |    4 +-
 contrib/bmake/mk/sys/Linux.mk                      |    6 +-
 contrib/bmake/mk/sys/NetBSD.mk                     |    4 +-
 contrib/bmake/mk/sys/OSF1.mk                       |    6 +-
 contrib/bmake/mk/sys/OpenBSD.mk                    |    6 +-
 contrib/bmake/mk/sys/SunOS.mk                      |    4 +-
 contrib/bmake/mk/sys/UnixWare.mk                   |    4 +-
 contrib/bmake/mk/target-flags.mk                   |   12 +-
 contrib/bmake/mk/warnings.mk                       |   20 +-
 contrib/bmake/mk/whats.mk                          |   10 +-
 contrib/bmake/mk/yacc.mk                           |    8 +-
 contrib/bmake/nonints.h                            |   69 +-
 contrib/bmake/os.sh                                |    9 +-
 contrib/bmake/parse.c                              |  346 +-
 contrib/bmake/sprite.h                             |  116 -
 contrib/bmake/str.c                                |  241 +-
 contrib/bmake/strlist.c                            |   20 +-
 contrib/bmake/strlist.h                            |    8 +-
 contrib/bmake/suff.c                               | 1235 ++---
 contrib/bmake/targ.c                               |  444 +-
 contrib/bmake/trace.c                              |   12 +-
 contrib/bmake/unit-tests/Makefile                  |  358 +-
 contrib/bmake/unit-tests/archive-suffix.exp        |    2 +
 contrib/bmake/unit-tests/archive-suffix.mk         |   23 +
 contrib/bmake/unit-tests/archive.exp               |   13 +
 contrib/bmake/unit-tests/archive.mk                |   45 +
 contrib/bmake/unit-tests/cmd-interrupt.exp         |    9 +
 contrib/bmake/unit-tests/cmd-interrupt.mk          |   50 +
 contrib/bmake/unit-tests/cmdline.exp               |    5 +
 contrib/bmake/unit-tests/cmdline.mk                |   37 +
 contrib/bmake/unit-tests/cond-cmp-numeric-eq.exp   |    1 +
 contrib/bmake/unit-tests/cond-cmp-numeric-eq.mk    |   53 +
 contrib/bmake/unit-tests/cond-cmp-numeric-ge.exp   |    1 +
 contrib/bmake/unit-tests/cond-cmp-numeric-ge.mk    |   75 +
 contrib/bmake/unit-tests/cond-cmp-numeric-gt.exp   |    1 +
 contrib/bmake/unit-tests/cond-cmp-numeric-gt.mk    |   73 +
 contrib/bmake/unit-tests/cond-cmp-numeric-le.exp   |    1 +
 contrib/bmake/unit-tests/cond-cmp-numeric-le.mk    |   75 +
 contrib/bmake/unit-tests/cond-cmp-numeric-lt.exp   |    1 +
 contrib/bmake/unit-tests/cond-cmp-numeric-lt.mk    |   73 +
 contrib/bmake/unit-tests/cond-cmp-numeric-ne.exp   |    1 +
 contrib/bmake/unit-tests/cond-cmp-numeric-ne.mk    |   49 +
 contrib/bmake/unit-tests/cond-cmp-numeric.exp      |    1 +
 contrib/bmake/unit-tests/cond-cmp-numeric.mk       |    8 +
 contrib/bmake/unit-tests/cond-cmp-string.exp       |    5 +
 contrib/bmake/unit-tests/cond-cmp-string.mk        |   39 +
 contrib/bmake/unit-tests/cond-func-commands.exp    |    1 +
 contrib/bmake/unit-tests/cond-func-commands.mk     |   36 +
 contrib/bmake/unit-tests/cond-func-defined.exp     |    5 +
 contrib/bmake/unit-tests/cond-func-defined.mk      |   33 +
 contrib/bmake/unit-tests/cond-func-empty.exp       |    1 +
 contrib/bmake/unit-tests/cond-func-empty.mk        |    8 +
 contrib/bmake/unit-tests/cond-func-exists.exp      |    1 +
 contrib/bmake/unit-tests/cond-func-exists.mk       |   42 +
 contrib/bmake/unit-tests/cond-func-make.exp        |    1 +
 contrib/bmake/unit-tests/cond-func-make.mk         |    8 +
 contrib/bmake/unit-tests/cond-func-target.exp      |    1 +
 contrib/bmake/unit-tests/cond-func-target.mk       |   38 +
 contrib/bmake/unit-tests/cond-func.exp             |    9 +
 contrib/bmake/unit-tests/cond-func.mk              |   63 +
 contrib/bmake/unit-tests/cond-late.exp             |    1 +
 contrib/bmake/unit-tests/cond-late.mk              |   10 +-
 contrib/bmake/unit-tests/cond-op-and.exp           |    1 +
 contrib/bmake/unit-tests/cond-op-and.mk            |   27 +
 contrib/bmake/unit-tests/cond-op-not.exp           |    1 +
 contrib/bmake/unit-tests/cond-op-not.mk            |   22 +
 contrib/bmake/unit-tests/cond-op-or.exp            |    1 +
 contrib/bmake/unit-tests/cond-op-or.mk             |   27 +
 contrib/bmake/unit-tests/cond-op-parentheses.exp   |    1 +
 contrib/bmake/unit-tests/cond-op-parentheses.mk    |    8 +
 contrib/bmake/unit-tests/cond-op.exp               |    5 +
 contrib/bmake/unit-tests/cond-op.mk                |   60 +
 contrib/bmake/unit-tests/cond-short.mk             |   20 +-
 contrib/bmake/unit-tests/cond-token-number.exp     |    1 +
 contrib/bmake/unit-tests/cond-token-number.mk      |    8 +
 contrib/bmake/unit-tests/cond-token-plain.exp      |    1 +
 contrib/bmake/unit-tests/cond-token-plain.mk       |    9 +
 contrib/bmake/unit-tests/cond-token-string.exp     |    1 +
 contrib/bmake/unit-tests/cond-token-string.mk      |    8 +
 contrib/bmake/unit-tests/cond-token-var.exp        |    7 +
 contrib/bmake/unit-tests/cond-token-var.mk         |   34 +
 contrib/bmake/unit-tests/counter.exp               |   88 +
 contrib/bmake/unit-tests/counter.mk                |   31 +
 contrib/bmake/unit-tests/dep-colon.exp             |    1 +
 contrib/bmake/unit-tests/dep-colon.mk              |    8 +
 contrib/bmake/unit-tests/dep-double-colon.exp      |    5 +
 contrib/bmake/unit-tests/dep-double-colon.mk       |   11 +
 contrib/bmake/unit-tests/dep-exclam.exp            |    1 +
 contrib/bmake/unit-tests/dep-exclam.mk             |    8 +
 contrib/bmake/unit-tests/dep-none.exp              |    4 +
 contrib/bmake/unit-tests/dep-none.mk               |    3 +
 contrib/bmake/unit-tests/dep-var.exp               |    2 +
 contrib/bmake/unit-tests/dep-var.mk                |   33 +
 contrib/bmake/unit-tests/dep-wildcards.exp         |    1 +
 contrib/bmake/unit-tests/dep-wildcards.mk          |    8 +
 contrib/bmake/unit-tests/dep.exp                   |    1 +
 contrib/bmake/unit-tests/dep.mk                    |    8 +
 contrib/bmake/unit-tests/depsrc-exec.exp           |    1 +
 contrib/bmake/unit-tests/depsrc-exec.mk            |    8 +
 contrib/bmake/unit-tests/depsrc-ignore.exp         |   11 +
 contrib/bmake/unit-tests/depsrc-ignore.mk          |   67 +
 contrib/bmake/unit-tests/depsrc-made.exp           |    1 +
 contrib/bmake/unit-tests/depsrc-made.mk            |    8 +
 contrib/bmake/unit-tests/depsrc-make.exp           |    1 +
 contrib/bmake/unit-tests/depsrc-make.mk            |    8 +
 contrib/bmake/unit-tests/depsrc-meta.exp           |    1 +
 contrib/bmake/unit-tests/depsrc-meta.mk            |    8 +
 contrib/bmake/unit-tests/depsrc-nometa.exp         |    1 +
 contrib/bmake/unit-tests/depsrc-nometa.mk          |    8 +
 contrib/bmake/unit-tests/depsrc-nometa_cmp.exp     |    1 +
 contrib/bmake/unit-tests/depsrc-nometa_cmp.mk      |    8 +
 contrib/bmake/unit-tests/depsrc-nopath.exp         |    1 +
 contrib/bmake/unit-tests/depsrc-nopath.mk          |    8 +
 contrib/bmake/unit-tests/depsrc-notmain.exp        |    1 +
 contrib/bmake/unit-tests/depsrc-notmain.mk         |    8 +
 contrib/bmake/unit-tests/depsrc-optional.exp       |    1 +
 contrib/bmake/unit-tests/depsrc-optional.mk        |    8 +
 contrib/bmake/unit-tests/depsrc-phony.exp          |    1 +
 contrib/bmake/unit-tests/depsrc-phony.mk           |    8 +
 contrib/bmake/unit-tests/depsrc-precious.exp       |    1 +
 contrib/bmake/unit-tests/depsrc-precious.mk        |    8 +
 contrib/bmake/unit-tests/depsrc-recursive.exp      |    1 +
 contrib/bmake/unit-tests/depsrc-recursive.mk       |    8 +
 contrib/bmake/unit-tests/depsrc-silent.exp         |    4 +
 contrib/bmake/unit-tests/depsrc-silent.mk          |   12 +
 contrib/bmake/unit-tests/depsrc-use.exp            |    6 +
 contrib/bmake/unit-tests/depsrc-use.mk             |   24 +
 .../unit-tests/depsrc-usebefore-double-colon.exp   |    2 +
 .../unit-tests/depsrc-usebefore-double-colon.mk    |   30 +
 contrib/bmake/unit-tests/depsrc-usebefore.exp      |    6 +
 contrib/bmake/unit-tests/depsrc-usebefore.mk       |   24 +
 contrib/bmake/unit-tests/depsrc-wait.exp           |    1 +
 contrib/bmake/unit-tests/depsrc-wait.mk            |    8 +
 contrib/bmake/unit-tests/depsrc.exp                |    1 +
 contrib/bmake/unit-tests/depsrc.mk                 |    9 +
 contrib/bmake/unit-tests/deptgt-begin.exp          |    4 +
 contrib/bmake/unit-tests/deptgt-begin.mk           |   13 +
 contrib/bmake/unit-tests/deptgt-default.exp        |    1 +
 contrib/bmake/unit-tests/deptgt-default.mk         |    8 +
 .../bmake/unit-tests/deptgt-delete_on_error.exp    |    1 +
 contrib/bmake/unit-tests/deptgt-delete_on_error.mk |    8 +
 contrib/bmake/unit-tests/deptgt-end.exp            |    4 +
 contrib/bmake/unit-tests/deptgt-end.mk             |   13 +
 contrib/bmake/unit-tests/deptgt-error.exp          |    1 +
 contrib/bmake/unit-tests/deptgt-error.mk           |    8 +
 contrib/bmake/unit-tests/deptgt-ignore.exp         |    1 +
 contrib/bmake/unit-tests/deptgt-ignore.mk          |    8 +
 contrib/bmake/unit-tests/deptgt-interrupt.exp      |    1 +
 contrib/bmake/unit-tests/deptgt-interrupt.mk       |    8 +
 contrib/bmake/unit-tests/deptgt-main.exp           |    1 +
 contrib/bmake/unit-tests/deptgt-main.mk            |    8 +
 contrib/bmake/unit-tests/deptgt-makeflags.exp      |    1 +
 contrib/bmake/unit-tests/deptgt-makeflags.mk       |    8 +
 contrib/bmake/unit-tests/deptgt-no_parallel.exp    |    1 +
 contrib/bmake/unit-tests/deptgt-no_parallel.mk     |    8 +
 contrib/bmake/unit-tests/deptgt-nopath.exp         |    1 +
 contrib/bmake/unit-tests/deptgt-nopath.mk          |    8 +
 contrib/bmake/unit-tests/deptgt-notparallel.exp    |    1 +
 contrib/bmake/unit-tests/deptgt-notparallel.mk     |    8 +
 contrib/bmake/unit-tests/deptgt-objdir.exp         |    1 +
 contrib/bmake/unit-tests/deptgt-objdir.mk          |    8 +
 contrib/bmake/unit-tests/deptgt-order.exp          |    1 +
 contrib/bmake/unit-tests/deptgt-order.mk           |    8 +
 contrib/bmake/unit-tests/deptgt-path-suffix.exp    |    1 +
 contrib/bmake/unit-tests/deptgt-path-suffix.mk     |    8 +
 contrib/bmake/unit-tests/deptgt-path.exp           |    1 +
 contrib/bmake/unit-tests/deptgt-path.mk            |    8 +
 contrib/bmake/unit-tests/deptgt-phony.exp          |    1 +
 contrib/bmake/unit-tests/deptgt-phony.mk           |    8 +
 contrib/bmake/unit-tests/deptgt-precious.exp       |    1 +
 contrib/bmake/unit-tests/deptgt-precious.mk        |    8 +
 contrib/bmake/unit-tests/deptgt-shell.exp          |    1 +
 contrib/bmake/unit-tests/deptgt-shell.mk           |    8 +
 contrib/bmake/unit-tests/deptgt-silent.exp         |    1 +
 contrib/bmake/unit-tests/deptgt-silent.mk          |    8 +
 contrib/bmake/unit-tests/deptgt-stale.exp          |    1 +
 contrib/bmake/unit-tests/deptgt-stale.mk           |    8 +
 contrib/bmake/unit-tests/deptgt-suffixes.exp       |    7 +
 contrib/bmake/unit-tests/deptgt-suffixes.mk        |   18 +
 contrib/bmake/unit-tests/deptgt.exp                |    1 +
 contrib/bmake/unit-tests/deptgt.mk                 |    9 +
 contrib/bmake/unit-tests/dir-expand-path.exp       |    4 +
 contrib/bmake/unit-tests/dir-expand-path.mk        |   19 +
 contrib/bmake/unit-tests/dir.exp                   |   19 +
 contrib/bmake/unit-tests/dir.mk                    |   58 +
 contrib/bmake/unit-tests/directive-elif.exp        |    1 +
 contrib/bmake/unit-tests/directive-elif.mk         |    8 +
 contrib/bmake/unit-tests/directive-elifdef.exp     |    1 +
 contrib/bmake/unit-tests/directive-elifdef.mk      |    8 +
 contrib/bmake/unit-tests/directive-elifmake.exp    |    1 +
 contrib/bmake/unit-tests/directive-elifmake.mk     |    8 +
 contrib/bmake/unit-tests/directive-elifndef.exp    |    1 +
 contrib/bmake/unit-tests/directive-elifndef.mk     |    8 +
 contrib/bmake/unit-tests/directive-elifnmake.exp   |    1 +
 contrib/bmake/unit-tests/directive-elifnmake.mk    |    8 +
 contrib/bmake/unit-tests/directive-else.exp        |    8 +
 contrib/bmake/unit-tests/directive-else.mk         |   32 +
 contrib/bmake/unit-tests/directive-endif.exp       |    1 +
 contrib/bmake/unit-tests/directive-endif.mk        |    8 +
 contrib/bmake/unit-tests/directive-error.exp       |    1 +
 contrib/bmake/unit-tests/directive-error.mk        |    8 +
 contrib/bmake/unit-tests/directive-export-env.exp  |    1 +
 contrib/bmake/unit-tests/directive-export-env.mk   |    8 +
 .../bmake/unit-tests/directive-export-literal.exp  |    1 +
 .../bmake/unit-tests/directive-export-literal.mk   |    8 +
 contrib/bmake/unit-tests/directive-export.exp      |    1 +
 contrib/bmake/unit-tests/directive-export.mk       |    8 +
 .../unit-tests/directive-for-generating-endif.exp  |    7 +
 .../unit-tests/directive-for-generating-endif.mk   |   25 +
 contrib/bmake/unit-tests/directive-for.exp         |    1 +
 contrib/bmake/unit-tests/directive-for.mk          |   97 +
 contrib/bmake/unit-tests/directive-if.exp          |    1 +
 contrib/bmake/unit-tests/directive-if.mk           |    8 +
 contrib/bmake/unit-tests/directive-ifdef.exp       |    1 +
 contrib/bmake/unit-tests/directive-ifdef.mk        |    8 +
 contrib/bmake/unit-tests/directive-ifmake.exp      |   10 +
 contrib/bmake/unit-tests/directive-ifmake.mk       |   55 +
 contrib/bmake/unit-tests/directive-ifndef.exp      |    1 +
 contrib/bmake/unit-tests/directive-ifndef.mk       |    8 +
 contrib/bmake/unit-tests/directive-ifnmake.exp     |    1 +
 contrib/bmake/unit-tests/directive-ifnmake.mk      |    8 +
 contrib/bmake/unit-tests/directive-info.exp        |    1 +
 contrib/bmake/unit-tests/directive-info.mk         |    8 +
 contrib/bmake/unit-tests/directive-undef.exp       |    1 +
 contrib/bmake/unit-tests/directive-undef.mk        |   17 +
 .../bmake/unit-tests/directive-unexport-env.exp    |    1 +
 contrib/bmake/unit-tests/directive-unexport-env.mk |    8 +
 contrib/bmake/unit-tests/directive-unexport.exp    |    1 +
 contrib/bmake/unit-tests/directive-unexport.mk     |    8 +
 contrib/bmake/unit-tests/directive-warning.exp     |    1 +
 contrib/bmake/unit-tests/directive-warning.mk      |    8 +
 contrib/bmake/unit-tests/directive.exp             |    1 +
 contrib/bmake/unit-tests/directive.mk              |    8 +
 contrib/bmake/unit-tests/directives.exp            |   42 +
 contrib/bmake/unit-tests/directives.mk             |  163 +
 contrib/bmake/unit-tests/envfirst.exp              |    1 +
 contrib/bmake/unit-tests/envfirst.mk               |   42 +
 contrib/bmake/unit-tests/export-all.mk             |    3 +-
 contrib/bmake/unit-tests/export-variants.exp       |    1 +
 contrib/bmake/unit-tests/export-variants.mk        |   40 +
 contrib/bmake/unit-tests/export.exp                |    2 +
 contrib/bmake/unit-tests/export.mk                 |   31 +-
 contrib/bmake/unit-tests/forloop.mk                |    4 +-
 contrib/bmake/unit-tests/impsrc.exp                |   16 +-
 contrib/bmake/unit-tests/impsrc.mk                 |   29 +-
 contrib/bmake/unit-tests/include-main.mk           |    4 +-
 contrib/bmake/unit-tests/lint.exp                  |    4 +
 contrib/bmake/unit-tests/lint.mk                   |   17 +
 contrib/bmake/unit-tests/make-exported.exp         |    3 +
 contrib/bmake/unit-tests/make-exported.mk          |   16 +
 contrib/bmake/unit-tests/moderrs.exp               |  129 +-
 contrib/bmake/unit-tests/moderrs.mk                |  151 +-
 contrib/bmake/unit-tests/modmatch.exp              |    3 -
 contrib/bmake/unit-tests/modmatch.mk               |   17 +-
 contrib/bmake/unit-tests/modmisc.exp               |   40 +-
 contrib/bmake/unit-tests/modmisc.mk                |  113 +-
 contrib/bmake/unit-tests/modorder.exp              |   12 -
 contrib/bmake/unit-tests/modorder.mk               |   24 -
 contrib/bmake/unit-tests/modts.exp                 |   37 +-
 contrib/bmake/unit-tests/modts.mk                  |   37 +-
 contrib/bmake/unit-tests/opt-backwards.exp         |    1 +
 contrib/bmake/unit-tests/opt-backwards.mk          |    8 +
 contrib/bmake/unit-tests/opt-chdir.exp             |    1 +
 contrib/bmake/unit-tests/opt-chdir.mk              |    8 +
 contrib/bmake/unit-tests/opt-debug-g1.exp          |   15 +
 contrib/bmake/unit-tests/opt-debug-g1.mk           |   19 +
 contrib/bmake/unit-tests/opt-debug.exp             |    1 +
 contrib/bmake/unit-tests/opt-debug.mk              |    8 +
 contrib/bmake/unit-tests/opt-define.exp            |    1 +
 contrib/bmake/unit-tests/opt-define.mk             |    8 +
 contrib/bmake/unit-tests/opt-env.exp               |    1 +
 contrib/bmake/unit-tests/opt-env.mk                |    8 +
 contrib/bmake/unit-tests/opt-file.exp              |    1 +
 contrib/bmake/unit-tests/opt-file.mk               |    8 +
 contrib/bmake/unit-tests/opt-ignore.exp            |   12 +
 contrib/bmake/unit-tests/opt-ignore.mk             |   30 +
 contrib/bmake/unit-tests/opt-include-dir.exp       |    1 +
 contrib/bmake/unit-tests/opt-include-dir.mk        |    8 +
 contrib/bmake/unit-tests/opt-jobs-internal.exp     |    1 +
 contrib/bmake/unit-tests/opt-jobs-internal.mk      |    8 +
 contrib/bmake/unit-tests/opt-jobs.exp              |    1 +
 contrib/bmake/unit-tests/opt-jobs.mk               |    8 +
 contrib/bmake/unit-tests/opt-keep-going.exp        |    6 +
 contrib/bmake/unit-tests/opt-keep-going.mk         |   24 +
 contrib/bmake/unit-tests/opt-m-include-dir.exp     |    2 +
 contrib/bmake/unit-tests/opt-m-include-dir.mk      |   61 +
 contrib/bmake/unit-tests/opt-no-action-at-all.exp  |    1 +
 contrib/bmake/unit-tests/opt-no-action-at-all.mk   |    8 +
 contrib/bmake/unit-tests/opt-no-action.exp         |   13 +
 contrib/bmake/unit-tests/opt-no-action.mk          |   33 +
 contrib/bmake/unit-tests/opt-query.exp             |    2 +
 contrib/bmake/unit-tests/opt-query.mk              |   24 +
 contrib/bmake/unit-tests/opt-raw.exp               |    1 +
 contrib/bmake/unit-tests/opt-raw.mk                |    8 +
 contrib/bmake/unit-tests/opt-silent.exp            |    1 +
 contrib/bmake/unit-tests/opt-silent.mk             |    8 +
 contrib/bmake/unit-tests/opt-touch.exp             |    1 +
 contrib/bmake/unit-tests/opt-touch.mk              |    8 +
 contrib/bmake/unit-tests/opt-tracefile.exp         |    1 +
 contrib/bmake/unit-tests/opt-tracefile.mk          |    8 +
 contrib/bmake/unit-tests/opt-var-expanded.exp      |    3 +
 contrib/bmake/unit-tests/opt-var-expanded.mk       |    6 +
 contrib/bmake/unit-tests/opt-var-literal.exp       |    3 +
 contrib/bmake/unit-tests/opt-var-literal.mk        |    6 +
 .../bmake/unit-tests/opt-warnings-as-errors.exp    |    7 +
 contrib/bmake/unit-tests/opt-warnings-as-errors.mk |   11 +
 contrib/bmake/unit-tests/opt-where-am-i.exp        |    1 +
 contrib/bmake/unit-tests/opt-where-am-i.mk         |    8 +
 contrib/bmake/unit-tests/opt-x-reduce-exported.exp |    1 +
 contrib/bmake/unit-tests/opt-x-reduce-exported.mk  |    8 +
 contrib/bmake/unit-tests/opt.exp                   |    1 +
 contrib/bmake/unit-tests/opt.mk                    |    8 +
 contrib/bmake/unit-tests/phony-end.exp             |    2 +-
 contrib/bmake/unit-tests/posix1.mk                 |    4 +-
 contrib/bmake/unit-tests/recursive.exp             |    5 +
 contrib/bmake/unit-tests/recursive.mk              |   37 +
 contrib/bmake/unit-tests/sh-dots.exp               |   15 +
 contrib/bmake/unit-tests/sh-dots.mk                |   37 +
 contrib/bmake/unit-tests/sh-jobs-error.exp         |    1 +
 contrib/bmake/unit-tests/sh-jobs-error.mk          |    9 +
 contrib/bmake/unit-tests/sh-jobs.exp               |    1 +
 contrib/bmake/unit-tests/sh-jobs.mk                |    9 +
 contrib/bmake/unit-tests/sh-leading-at.exp         |    5 +
 contrib/bmake/unit-tests/sh-leading-at.mk          |   10 +
 contrib/bmake/unit-tests/sh-leading-hyphen.exp     |    1 +
 contrib/bmake/unit-tests/sh-leading-hyphen.mk      |    9 +
 contrib/bmake/unit-tests/sh-leading-plus.exp       |    4 +
 contrib/bmake/unit-tests/sh-leading-plus.mk        |    8 +
 contrib/bmake/unit-tests/sh-meta-chars.exp         |    1 +
 contrib/bmake/unit-tests/sh-meta-chars.mk          |   11 +
 contrib/bmake/unit-tests/sh-multi-line.exp         |    1 +
 contrib/bmake/unit-tests/sh-multi-line.mk          |    9 +
 contrib/bmake/unit-tests/sh-single-line.exp        |    1 +
 contrib/bmake/unit-tests/sh-single-line.mk         |   12 +
 contrib/bmake/unit-tests/sh.exp                    |    1 +
 contrib/bmake/unit-tests/sh.mk                     |    9 +
 contrib/bmake/unit-tests/sysv.exp                  |    1 -
 contrib/bmake/unit-tests/sysv.mk                   |   11 +-
 contrib/bmake/unit-tests/unexport-env.mk           |    3 +-
 contrib/bmake/unit-tests/unexport.mk               |   13 +-
 contrib/bmake/unit-tests/use-inference.exp         |    4 +
 contrib/bmake/unit-tests/use-inference.mk          |   35 +
 contrib/bmake/unit-tests/var-class-cmdline.exp     |    1 +
 contrib/bmake/unit-tests/var-class-cmdline.mk      |    8 +
 contrib/bmake/unit-tests/var-class-env.exp         |    1 +
 contrib/bmake/unit-tests/var-class-env.mk          |    8 +
 contrib/bmake/unit-tests/var-class-global.exp      |    1 +
 contrib/bmake/unit-tests/var-class-global.mk       |    8 +
 .../bmake/unit-tests/var-class-local-legacy.exp    |    1 +
 contrib/bmake/unit-tests/var-class-local-legacy.mk |    8 +
 contrib/bmake/unit-tests/var-class-local.exp       |    1 +
 contrib/bmake/unit-tests/var-class-local.mk        |    8 +
 contrib/bmake/unit-tests/var-class.exp             |    1 +
 contrib/bmake/unit-tests/var-class.mk              |    9 +
 contrib/bmake/unit-tests/var-op-append.exp         |    1 +
 contrib/bmake/unit-tests/var-op-append.mk          |    9 +
 contrib/bmake/unit-tests/var-op-assign.exp         |    6 +
 contrib/bmake/unit-tests/var-op-assign.mk          |   89 +
 contrib/bmake/unit-tests/var-op-default.exp        |    1 +
 contrib/bmake/unit-tests/var-op-default.mk         |    9 +
 contrib/bmake/unit-tests/var-op-expand.exp         |    1 +
 contrib/bmake/unit-tests/var-op-expand.mk          |    9 +
 contrib/bmake/unit-tests/var-op-shell.exp          |    1 +
 contrib/bmake/unit-tests/var-op-shell.mk           |    9 +
 contrib/bmake/unit-tests/var-op.exp                |    1 +
 contrib/bmake/unit-tests/var-op.mk                 |    8 +
 contrib/bmake/unit-tests/vardebug.exp              |   80 +
 contrib/bmake/unit-tests/vardebug.mk               |   59 +
 contrib/bmake/unit-tests/varfind.exp               |   15 +
 contrib/bmake/unit-tests/varfind.mk                |   31 +
 contrib/bmake/unit-tests/varmisc.exp               |   48 +
 contrib/bmake/unit-tests/varmisc.mk                |  147 +-
 contrib/bmake/unit-tests/varmod-assign.exp         |   26 +
 contrib/bmake/unit-tests/varmod-assign.mk          |   81 +
 contrib/bmake/unit-tests/varmod-defined.exp        |    1 +
 contrib/bmake/unit-tests/varmod-defined.mk         |   28 +
 contrib/bmake/unit-tests/varmod-edge.exp           |   35 +-
 contrib/bmake/unit-tests/varmod-edge.mk            |   27 +-
 contrib/bmake/unit-tests/varmod-exclam-shell.exp   |    1 +
 contrib/bmake/unit-tests/varmod-exclam-shell.mk    |   28 +
 contrib/bmake/unit-tests/varmod-extension.exp      |   10 +
 contrib/bmake/unit-tests/varmod-extension.mk       |    9 +
 contrib/bmake/unit-tests/varmod-gmtime.exp         |    9 +
 contrib/bmake/unit-tests/varmod-gmtime.mk          |   35 +
 contrib/bmake/unit-tests/varmod-hash.exp           |    9 +
 contrib/bmake/unit-tests/varmod-hash.mk            |   10 +
 contrib/bmake/unit-tests/varmod-head.exp           |   10 +
 contrib/bmake/unit-tests/varmod-head.mk            |    9 +
 contrib/bmake/unit-tests/varmod-ifelse.exp         |    1 +
 contrib/bmake/unit-tests/varmod-ifelse.mk          |    9 +
 .../bmake/unit-tests/varmod-l-name-to-value.exp    |    1 +
 contrib/bmake/unit-tests/varmod-l-name-to-value.mk |   31 +
 contrib/bmake/unit-tests/varmod-localtime.exp      |    4 +
 contrib/bmake/unit-tests/varmod-localtime.mk       |    9 +
 contrib/bmake/unit-tests/varmod-loop.exp           |   16 +
 contrib/bmake/unit-tests/varmod-loop.mk            |   63 +
 contrib/bmake/unit-tests/varmod-match-escape.exp   |    3 +
 contrib/bmake/unit-tests/varmod-match-escape.mk    |   20 +
 contrib/bmake/unit-tests/varmod-match.exp          |    5 +
 contrib/bmake/unit-tests/varmod-match.mk           |   22 +
 contrib/bmake/unit-tests/varmod-no-match.exp       |    1 +
 contrib/bmake/unit-tests/varmod-no-match.mk        |    9 +
 contrib/bmake/unit-tests/varmod-order-reverse.exp  |    1 +
 contrib/bmake/unit-tests/varmod-order-reverse.mk   |   13 +
 contrib/bmake/unit-tests/varmod-order-shuffle.exp  |    1 +
 contrib/bmake/unit-tests/varmod-order-shuffle.mk   |   39 +
 contrib/bmake/unit-tests/varmod-order.exp          |    7 +
 contrib/bmake/unit-tests/varmod-order.mk           |   19 +
 contrib/bmake/unit-tests/varmod-path.exp           |    4 +
 contrib/bmake/unit-tests/varmod-path.mk            |   35 +
 contrib/bmake/unit-tests/varmod-quote-dollar.exp   |    1 +
 contrib/bmake/unit-tests/varmod-quote-dollar.mk    |   10 +
 contrib/bmake/unit-tests/varmod-quote.exp          |    1 +
 contrib/bmake/unit-tests/varmod-quote.mk           |    9 +
 contrib/bmake/unit-tests/varmod-range.exp          |    8 +
 contrib/bmake/unit-tests/varmod-range.mk           |   10 +
 contrib/bmake/unit-tests/varmod-remember.exp       |    3 +
 contrib/bmake/unit-tests/varmod-remember.mk        |   12 +
 contrib/bmake/unit-tests/varmod-root.exp           |   10 +
 contrib/bmake/unit-tests/varmod-root.mk            |    9 +
 contrib/bmake/unit-tests/varmod-select-words.exp   |    1 +
 contrib/bmake/unit-tests/varmod-select-words.mk    |    9 +
 contrib/bmake/unit-tests/varmod-shell.exp          |    1 +
 contrib/bmake/unit-tests/varmod-shell.mk           |    9 +
 contrib/bmake/unit-tests/varmod-subst-regex.exp    |   23 +
 contrib/bmake/unit-tests/varmod-subst-regex.mk     |   87 +
 contrib/bmake/unit-tests/varmod-subst.exp          |   51 +
 contrib/bmake/unit-tests/varmod-subst.mk           |  153 +
 contrib/bmake/unit-tests/varmod-sysv.exp           |    8 +
 contrib/bmake/unit-tests/varmod-sysv.mk            |   61 +
 contrib/bmake/unit-tests/varmod-tail.exp           |   10 +
 contrib/bmake/unit-tests/varmod-tail.mk            |    9 +
 contrib/bmake/unit-tests/varmod-to-abs.exp         |    1 +
 contrib/bmake/unit-tests/varmod-to-abs.mk          |    9 +
 contrib/bmake/unit-tests/varmod-to-lower.exp       |    1 +
 contrib/bmake/unit-tests/varmod-to-lower.mk        |   19 +
 contrib/bmake/unit-tests/varmod-to-many-words.exp  |    1 +
 contrib/bmake/unit-tests/varmod-to-many-words.mk   |    9 +
 contrib/bmake/unit-tests/varmod-to-one-word.exp    |    1 +
 contrib/bmake/unit-tests/varmod-to-one-word.mk     |    9 +
 contrib/bmake/unit-tests/varmod-to-separator.exp   |    9 +
 contrib/bmake/unit-tests/varmod-to-separator.mk    |  118 +
 contrib/bmake/unit-tests/varmod-to-upper.exp       |    2 +
 contrib/bmake/unit-tests/varmod-to-upper.mk        |   21 +
 contrib/bmake/unit-tests/varmod-undefined.exp      |    1 +
 contrib/bmake/unit-tests/varmod-undefined.mk       |   55 +
 contrib/bmake/unit-tests/varmod-unique.exp         |    1 +
 contrib/bmake/unit-tests/varmod-unique.mk          |   39 +
 contrib/bmake/unit-tests/varmod.exp                |    1 +
 contrib/bmake/unit-tests/varmod.mk                 |    8 +
 contrib/bmake/unit-tests/varname-dollar.exp        |    5 +
 contrib/bmake/unit-tests/varname-dollar.mk         |   29 +
 .../bmake/unit-tests/varname-dot-alltargets.exp    |    4 +
 contrib/bmake/unit-tests/varname-dot-alltargets.mk |   25 +
 contrib/bmake/unit-tests/varname-dot-curdir.exp    |    1 +
 contrib/bmake/unit-tests/varname-dot-curdir.mk     |    8 +
 .../unit-tests/varname-dot-includedfromdir.exp     |    1 +
 .../unit-tests/varname-dot-includedfromdir.mk      |    8 +
 .../unit-tests/varname-dot-includedfromfile.exp    |    1 +
 .../unit-tests/varname-dot-includedfromfile.mk     |    8 +
 contrib/bmake/unit-tests/varname-dot-includes.exp  |    2 +
 contrib/bmake/unit-tests/varname-dot-includes.mk   |   20 +
 contrib/bmake/unit-tests/varname-dot-libs.exp      |    2 +
 contrib/bmake/unit-tests/varname-dot-libs.mk       |   20 +
 .../unit-tests/varname-dot-make-dependfile.exp     |    1 +
 .../unit-tests/varname-dot-make-dependfile.mk      |    8 +
 .../varname-dot-make-expand_variables.exp          |    1 +
 .../varname-dot-make-expand_variables.mk           |    8 +
 .../bmake/unit-tests/varname-dot-make-exported.exp |    1 +
 .../bmake/unit-tests/varname-dot-make-exported.mk  |    8 +
 .../unit-tests/varname-dot-make-jobs-prefix.exp    |    1 +
 .../unit-tests/varname-dot-make-jobs-prefix.mk     |    8 +
 contrib/bmake/unit-tests/varname-dot-make-jobs.exp |    1 +
 contrib/bmake/unit-tests/varname-dot-make-jobs.mk  |    8 +
 .../bmake/unit-tests/varname-dot-make-level.exp    |    1 +
 contrib/bmake/unit-tests/varname-dot-make-level.mk |    8 +
 .../varname-dot-make-makefile_preference.exp       |    1 +
 .../varname-dot-make-makefile_preference.mk        |    8 +
 .../unit-tests/varname-dot-make-makefiles.exp      |    1 +
 .../bmake/unit-tests/varname-dot-make-makefiles.mk |    8 +
 .../unit-tests/varname-dot-make-meta-bailiwick.exp |    1 +
 .../unit-tests/varname-dot-make-meta-bailiwick.mk  |    8 +
 .../unit-tests/varname-dot-make-meta-created.exp   |    1 +
 .../unit-tests/varname-dot-make-meta-created.mk    |    8 +
 .../unit-tests/varname-dot-make-meta-files.exp     |    1 +
 .../unit-tests/varname-dot-make-meta-files.mk      |    8 +
 .../varname-dot-make-meta-ignore_filter.exp        |    1 +
 .../varname-dot-make-meta-ignore_filter.mk         |    8 +
 .../varname-dot-make-meta-ignore_paths.exp         |    1 +
 .../varname-dot-make-meta-ignore_paths.mk          |    8 +
 .../varname-dot-make-meta-ignore_patterns.exp      |    1 +
 .../varname-dot-make-meta-ignore_patterns.mk       |    8 +
 .../unit-tests/varname-dot-make-meta-prefix.exp    |    1 +
 .../unit-tests/varname-dot-make-meta-prefix.mk     |    8 +
 contrib/bmake/unit-tests/varname-dot-make-mode.exp |    1 +
 contrib/bmake/unit-tests/varname-dot-make-mode.mk  |    8 +
 .../unit-tests/varname-dot-make-path_filemon.exp   |    1 +
 .../unit-tests/varname-dot-make-path_filemon.mk    |    8 +
 contrib/bmake/unit-tests/varname-dot-make-pid.exp  |    1 +
 contrib/bmake/unit-tests/varname-dot-make-pid.mk   |    8 +
 contrib/bmake/unit-tests/varname-dot-make-ppid.exp |    1 +
 contrib/bmake/unit-tests/varname-dot-make-ppid.mk  |    8 +
 .../unit-tests/varname-dot-make-save_dollars.exp   |    1 +
 .../unit-tests/varname-dot-make-save_dollars.mk    |    8 +
 .../bmake/unit-tests/varname-dot-makeoverrides.exp |    1 +
 .../bmake/unit-tests/varname-dot-makeoverrides.mk  |    8 +
 contrib/bmake/unit-tests/varname-dot-newline.exp   |    4 +
 contrib/bmake/unit-tests/varname-dot-newline.mk    |   23 +
 contrib/bmake/unit-tests/varname-dot-objdir.exp    |    1 +
 contrib/bmake/unit-tests/varname-dot-objdir.mk     |    8 +
 contrib/bmake/unit-tests/varname-dot-parsedir.exp  |    1 +
 contrib/bmake/unit-tests/varname-dot-parsedir.mk   |    8 +
 contrib/bmake/unit-tests/varname-dot-parsefile.exp |    1 +
 contrib/bmake/unit-tests/varname-dot-parsefile.mk  |    8 +
 contrib/bmake/unit-tests/varname-dot-path.exp      |    1 +
 contrib/bmake/unit-tests/varname-dot-path.mk       |    8 +
 contrib/bmake/unit-tests/varname-dot-shell.exp     |   19 +
 contrib/bmake/unit-tests/varname-dot-shell.mk      |   25 +
 contrib/bmake/unit-tests/varname-dot-targets.exp   |    1 +
 contrib/bmake/unit-tests/varname-dot-targets.mk    |    8 +
 contrib/bmake/unit-tests/varname-empty.exp         |   11 +
 contrib/bmake/unit-tests/varname-empty.mk          |   26 +
 contrib/bmake/unit-tests/varname-make.exp          |    1 +
 contrib/bmake/unit-tests/varname-make.mk           |    8 +
 .../unit-tests/varname-make_print_var_on_error.exp |    1 +
 .../unit-tests/varname-make_print_var_on_error.mk  |    8 +
 contrib/bmake/unit-tests/varname-makeflags.exp     |    1 +
 contrib/bmake/unit-tests/varname-makeflags.mk      |    8 +
 contrib/bmake/unit-tests/varname-pwd.exp           |    1 +
 contrib/bmake/unit-tests/varname-pwd.mk            |    8 +
 contrib/bmake/unit-tests/varname-vpath.exp         |    1 +
 contrib/bmake/unit-tests/varname-vpath.mk          |    8 +
 contrib/bmake/unit-tests/varname.exp               |    1 +
 contrib/bmake/unit-tests/varname.mk                |    8 +
 contrib/bmake/unit-tests/varparse-dynamic.exp      |    5 +
 contrib/bmake/unit-tests/varparse-dynamic.mk       |   14 +
 contrib/bmake/util.c                               |   74 +-
 contrib/bmake/var.c                                | 4753 +++++++++-----------
 contrib/jemalloc/FREEBSD-diffs                     |    2 +-
 contrib/jemalloc/doc/jemalloc.3                    |    2 +-
 lib/libbe/be.c                                     |    7 +-
 lib/libc/stdlib/jemalloc/Makefile.inc              |    2 +-
 libexec/rc/rc.d/zpool                              |    4 +-
 libexec/rc/rc.d/zvol                               |    1 -
 libexec/rtld-elf/map_object.c                      |   38 +-
 libexec/rtld-elf/riscv/rtld_start.S                |    5 +-
 libexec/rtld-elf/rtld.c                            |   12 +-
 share/man/man5/make.conf.5                         |    6 -
 share/man/man5/src.conf.5                          |   10 +-
 share/man/man9/sx.9                                |    1 +
 share/mk/src.opts.mk                               |    1 +
 sys/cam/cam_sim.c                                  |   41 +-
 sys/conf/files                                     |    2 +-
 sys/conf/files.amd64                               |    6 +-
 sys/conf/files.arm64                               |    6 +-
 sys/contrib/dev/ice/README                         |    3 +-
 sys/contrib/dev/ice/ice-1.3.16.0.pkg               | 2219 +++++++++
 sys/contrib/dev/ice/ice-1.3.9.0.pkg                |  Bin 639236 -> 0 bytes
 sys/contrib/openzfs/cmd/zfs/zfs_main.c             |   45 +-
 .../openzfs/config/kernel-global_page_state.m4     |    9 -
 sys/contrib/openzfs/config/zfs-build.m4            |   64 +-
 .../system-generators/zfs-mount-generator.in       |   35 +-
 .../etc/systemd/system/zfs-mount.service.in        |    1 -
 sys/contrib/openzfs/include/libzfs.h               |   14 +-
 sys/contrib/openzfs/include/libzfs_impl.h          |    4 +
 .../openzfs/include/os/freebsd/spl/sys/cred.h      |    2 +-
 .../openzfs/include/os/freebsd/spl/sys/zone.h      |    9 +-
 .../openzfs/include/os/freebsd/zfs/sys/Makefile.am |    2 +-
 .../zfs/sys/{zfs_vfsops.h => zfs_vfsops_os.h}      |    1 -
 .../include/os/linux/kernel/linux/page_compat.h    |   25 -
 .../openzfs/include/os/linux/spl/sys/vmsystm.h     |   11 -
 .../openzfs/include/os/linux/zfs/sys/Makefile.am   |    2 +-
 .../zfs/sys/{zfs_vfsops.h => zfs_vfsops_os.h}      |    0
 sys/contrib/openzfs/include/sys/Makefile.am        |    1 +
 sys/contrib/openzfs/include/sys/zfs_vfsops.h       |   35 +
 sys/contrib/openzfs/lib/libspl/Makefile.am         |    7 +-
 sys/contrib/openzfs/lib/libspl/include/limits.h    |    5 +
 sys/contrib/openzfs/lib/libspl/include/zone.h      |    9 -
 sys/contrib/openzfs/lib/libspl/os/freebsd/zone.c   |   46 +
 .../openzfs/lib/libspl/{ => os/linux}/zone.c       |   31 -
 sys/contrib/openzfs/lib/libzfs/libzfs_changelist.c |    8 +-
 sys/contrib/openzfs/lib/libzfs/libzfs_dataset.c    |   32 +-
 sys/contrib/openzfs/lib/libzpool/kernel.c          |    6 +
 sys/contrib/openzfs/man/man8/zfs-rename.8          |   34 +-
 sys/contrib/openzfs/module/avl/avl.c               |    3 +
 sys/contrib/openzfs/module/nvpair/nvpair.c         |    9 +
 .../openzfs/module/os/freebsd/spl/spl_kstat.c      |  278 +-
 .../openzfs/module/os/freebsd/spl/spl_zone.c       |    6 -
 .../openzfs/module/os/freebsd/zfs/spa_stats.c      |  114 -
 .../openzfs/module/os/freebsd/zfs/zfs_vfsops.c     |  193 -
 .../openzfs/module/os/freebsd/zfs/zvol_os.c        |   22 +-
 .../openzfs/module/os/linux/spl/spl-kstat.c        |    4 +
 .../openzfs/module/os/linux/zfs/Makefile.in        |    1 -
 sys/contrib/openzfs/module/os/linux/zfs/arc_os.c   |    3 +-
 .../openzfs/module/os/linux/zfs/zfs_vfsops.c       |   10 +
 .../openzfs/module/os/linux/zfs/zpl_super.c        |   20 +
 sys/contrib/openzfs/module/zfs/Makefile.in         |    1 +
 sys/contrib/openzfs/module/zfs/arc.c               |    7 +-
 sys/contrib/openzfs/module/zfs/dsl_dir.c           |    6 +-
 sys/contrib/openzfs/module/zfs/spa.c               |    3 +-
 sys/contrib/openzfs/module/zfs/spa_config.c        |    3 +-
 .../openzfs/module/{os/linux => }/zfs/spa_stats.c  |   28 +-
 sys/contrib/openzfs/module/zfs/vdev.c              |    7 +-
 sys/contrib/openzfs/module/zfs/vdev_indirect.c     |    6 +-
 sys/contrib/openzfs/module/zfs/vdev_raidz.c        |    2 +-
 sys/contrib/openzfs/module/zfs/zfs_fm.c            |    2 +-
 sys/contrib/openzfs/module/zfs/zfs_ioctl.c         |    3 +-
 sys/contrib/openzfs/module/zfs/zio.c               |   14 +-
 sys/contrib/openzfs/tests/runfiles/common.run      |    2 +-
 .../openzfs/tests/zfs-tests/include/tunables.cfg   |    4 +-
 .../functional/cli_root/zfs_rename/Makefile.am     |    3 +-
 .../cli_root/zfs_rename/zfs_rename_mountpoint.ksh  |    4 +-
 .../cli_root/zfs_rename/zfs_rename_nounmount.ksh   |   93 +
 sys/dev/usb/storage/umass.c                        |   23 +-
 sys/fs/tmpfs/tmpfs_vnops.c                         |    2 -
 sys/kern/uipc_ktls.c                               |   18 +-
 sys/kern/vfs_hash.c                                |    1 +
 sys/modules/ice_ddp/Makefile                       |    2 +-
 sys/modules/zfs/Makefile                           |    2 -
 sys/net/rtsock.c                                   |    2 +-
 sys/netinet/tcp_stacks/bbr.c                       |   25 -
 sys/riscv/riscv/genassym.c                         |    2 +-
 sys/rpc/svc.c                                      |    2 +
 tests/sys/kern/kern_copyin.c                       |   84 +-
 tools/boot/ci-qemu-test.sh                         |   45 +-
 tools/build/options/WITHOUT_MALLOC_PRODUCTION      |    4 +
 tools/build/options/WITH_MALLOC_PRODUCTION         |    4 +
 usr.bin/bmake/Makefile                             |   40 +-
 usr.bin/bmake/Makefile.config                      |    2 +-
 usr.bin/bmake/unit-tests/Makefile                  |  367 +-
 usr.bin/fortune/datfiles/freebsd-tips              |    4 +-
 usr.bin/script/script.c                            |    2 +-
 752 files changed, 18413 insertions(+), 11699 deletions(-)
 create mode 100755 contrib/bmake/enum.c
 create mode 100755 contrib/bmake/enum.h
 create mode 100644 contrib/bmake/lst.c
 delete mode 100644 contrib/bmake/lst.lib/Makefile
 delete mode 100644 contrib/bmake/lst.lib/lstAppend.c
 delete mode 100644 contrib/bmake/lst.lib/lstAtEnd.c
 delete mode 100644 contrib/bmake/lst.lib/lstAtFront.c
 delete mode 100644 contrib/bmake/lst.lib/lstClose.c
 delete mode 100644 contrib/bmake/lst.lib/lstConcat.c
 delete mode 100644 contrib/bmake/lst.lib/lstDatum.c
 delete mode 100644 contrib/bmake/lst.lib/lstDeQueue.c
 delete mode 100644 contrib/bmake/lst.lib/lstDestroy.c
 delete mode 100644 contrib/bmake/lst.lib/lstDupl.c
 delete mode 100644 contrib/bmake/lst.lib/lstEnQueue.c
 delete mode 100644 contrib/bmake/lst.lib/lstFind.c
 delete mode 100644 contrib/bmake/lst.lib/lstFindFrom.c
 delete mode 100644 contrib/bmake/lst.lib/lstFirst.c
 delete mode 100644 contrib/bmake/lst.lib/lstForEach.c
 delete mode 100644 contrib/bmake/lst.lib/lstForEachFrom.c
 delete mode 100644 contrib/bmake/lst.lib/lstInit.c
 delete mode 100644 contrib/bmake/lst.lib/lstInsert.c
 delete mode 100644 contrib/bmake/lst.lib/lstInt.h
 delete mode 100644 contrib/bmake/lst.lib/lstIsAtEnd.c
 delete mode 100644 contrib/bmake/lst.lib/lstIsEmpty.c
 delete mode 100644 contrib/bmake/lst.lib/lstLast.c
 delete mode 100644 contrib/bmake/lst.lib/lstMember.c
 delete mode 100644 contrib/bmake/lst.lib/lstNext.c
 delete mode 100644 contrib/bmake/lst.lib/lstOpen.c
 delete mode 100644 contrib/bmake/lst.lib/lstPrev.c
 delete mode 100644 contrib/bmake/lst.lib/lstRemove.c
 delete mode 100644 contrib/bmake/lst.lib/lstReplace.c
 delete mode 100644 contrib/bmake/lst.lib/lstSucc.c
 create mode 100644 contrib/bmake/mk/dirdeps-cache-update.mk
 delete mode 100644 contrib/bmake/sprite.h
 create mode 100755 contrib/bmake/unit-tests/archive-suffix.exp
 create mode 100755 contrib/bmake/unit-tests/archive-suffix.mk
 create mode 100644 contrib/bmake/unit-tests/archive.exp
 create mode 100644 contrib/bmake/unit-tests/archive.mk
 create mode 100755 contrib/bmake/unit-tests/cmd-interrupt.exp
 create mode 100755 contrib/bmake/unit-tests/cmd-interrupt.mk
 create mode 100644 contrib/bmake/unit-tests/cmdline.exp
 create mode 100644 contrib/bmake/unit-tests/cmdline.mk
 create mode 100644 contrib/bmake/unit-tests/cond-cmp-numeric-eq.exp
 create mode 100755 contrib/bmake/unit-tests/cond-cmp-numeric-eq.mk
 create mode 100644 contrib/bmake/unit-tests/cond-cmp-numeric-ge.exp
 create mode 100755 contrib/bmake/unit-tests/cond-cmp-numeric-ge.mk
 create mode 100644 contrib/bmake/unit-tests/cond-cmp-numeric-gt.exp
 create mode 100755 contrib/bmake/unit-tests/cond-cmp-numeric-gt.mk
 create mode 100644 contrib/bmake/unit-tests/cond-cmp-numeric-le.exp
 create mode 100755 contrib/bmake/unit-tests/cond-cmp-numeric-le.mk
 create mode 100644 contrib/bmake/unit-tests/cond-cmp-numeric-lt.exp
 create mode 100755 contrib/bmake/unit-tests/cond-cmp-numeric-lt.mk
 create mode 100644 contrib/bmake/unit-tests/cond-cmp-numeric-ne.exp
 create mode 100755 contrib/bmake/unit-tests/cond-cmp-numeric-ne.mk
 create mode 100644 contrib/bmake/unit-tests/cond-cmp-numeric.exp
 create mode 100644 contrib/bmake/unit-tests/cond-cmp-numeric.mk
 create mode 100644 contrib/bmake/unit-tests/cond-cmp-string.exp
 create mode 100644 contrib/bmake/unit-tests/cond-cmp-string.mk
 create mode 100644 contrib/bmake/unit-tests/cond-func-commands.exp
 create mode 100644 contrib/bmake/unit-tests/cond-func-commands.mk
 create mode 100644 contrib/bmake/unit-tests/cond-func-defined.exp
 create mode 100644 contrib/bmake/unit-tests/cond-func-defined.mk
 create mode 100644 contrib/bmake/unit-tests/cond-func-empty.exp
 create mode 100644 contrib/bmake/unit-tests/cond-func-empty.mk
 create mode 100644 contrib/bmake/unit-tests/cond-func-exists.exp
 create mode 100644 contrib/bmake/unit-tests/cond-func-exists.mk
 create mode 100644 contrib/bmake/unit-tests/cond-func-make.exp
 create mode 100644 contrib/bmake/unit-tests/cond-func-make.mk
 create mode 100644 contrib/bmake/unit-tests/cond-func-target.exp
 create mode 100644 contrib/bmake/unit-tests/cond-func-target.mk
 create mode 100644 contrib/bmake/unit-tests/cond-func.exp
 create mode 100644 contrib/bmake/unit-tests/cond-func.mk
 create mode 100644 contrib/bmake/unit-tests/cond-op-and.exp
 create mode 100644 contrib/bmake/unit-tests/cond-op-and.mk
 create mode 100644 contrib/bmake/unit-tests/cond-op-not.exp
 create mode 100644 contrib/bmake/unit-tests/cond-op-not.mk
 create mode 100644 contrib/bmake/unit-tests/cond-op-or.exp
 create mode 100644 contrib/bmake/unit-tests/cond-op-or.mk
 create mode 100644 contrib/bmake/unit-tests/cond-op-parentheses.exp
 create mode 100644 contrib/bmake/unit-tests/cond-op-parentheses.mk
 create mode 100644 contrib/bmake/unit-tests/cond-op.exp
 create mode 100644 contrib/bmake/unit-tests/cond-op.mk
 create mode 100644 contrib/bmake/unit-tests/cond-token-number.exp
 create mode 100644 contrib/bmake/unit-tests/cond-token-number.mk
 create mode 100644 contrib/bmake/unit-tests/cond-token-plain.exp
 create mode 100644 contrib/bmake/unit-tests/cond-token-plain.mk
 create mode 100644 contrib/bmake/unit-tests/cond-token-string.exp
 create mode 100644 contrib/bmake/unit-tests/cond-token-string.mk
 create mode 100644 contrib/bmake/unit-tests/cond-token-var.exp
 create mode 100644 contrib/bmake/unit-tests/cond-token-var.mk
 create mode 100644 contrib/bmake/unit-tests/counter.exp
 create mode 100644 contrib/bmake/unit-tests/counter.mk
 create mode 100644 contrib/bmake/unit-tests/dep-colon.exp
 create mode 100644 contrib/bmake/unit-tests/dep-colon.mk
 create mode 100644 contrib/bmake/unit-tests/dep-double-colon.exp
 create mode 100644 contrib/bmake/unit-tests/dep-double-colon.mk
 create mode 100644 contrib/bmake/unit-tests/dep-exclam.exp
 create mode 100644 contrib/bmake/unit-tests/dep-exclam.mk
 create mode 100755 contrib/bmake/unit-tests/dep-none.exp
 create mode 100755 contrib/bmake/unit-tests/dep-none.mk
 create mode 100755 contrib/bmake/unit-tests/dep-var.exp
 create mode 100755 contrib/bmake/unit-tests/dep-var.mk
 create mode 100644 contrib/bmake/unit-tests/dep-wildcards.exp
 create mode 100644 contrib/bmake/unit-tests/dep-wildcards.mk
 create mode 100644 contrib/bmake/unit-tests/dep.exp
 create mode 100644 contrib/bmake/unit-tests/dep.mk
 create mode 100644 contrib/bmake/unit-tests/depsrc-exec.exp
 create mode 100644 contrib/bmake/unit-tests/depsrc-exec.mk
 create mode 100644 contrib/bmake/unit-tests/depsrc-ignore.exp
 create mode 100644 contrib/bmake/unit-tests/depsrc-ignore.mk
 create mode 100644 contrib/bmake/unit-tests/depsrc-made.exp
 create mode 100644 contrib/bmake/unit-tests/depsrc-made.mk
 create mode 100644 contrib/bmake/unit-tests/depsrc-make.exp
 create mode 100644 contrib/bmake/unit-tests/depsrc-make.mk
 create mode 100644 contrib/bmake/unit-tests/depsrc-meta.exp
 create mode 100644 contrib/bmake/unit-tests/depsrc-meta.mk
 create mode 100644 contrib/bmake/unit-tests/depsrc-nometa.exp
 create mode 100644 contrib/bmake/unit-tests/depsrc-nometa.mk
 create mode 100644 contrib/bmake/unit-tests/depsrc-nometa_cmp.exp
 create mode 100644 contrib/bmake/unit-tests/depsrc-nometa_cmp.mk
 create mode 100644 contrib/bmake/unit-tests/depsrc-nopath.exp
 create mode 100644 contrib/bmake/unit-tests/depsrc-nopath.mk
 create mode 100644 contrib/bmake/unit-tests/depsrc-notmain.exp
 create mode 100644 contrib/bmake/unit-tests/depsrc-notmain.mk
 create mode 100644 contrib/bmake/unit-tests/depsrc-optional.exp
 create mode 100644 contrib/bmake/unit-tests/depsrc-optional.mk
 create mode 100644 contrib/bmake/unit-tests/depsrc-phony.exp
 create mode 100644 contrib/bmake/unit-tests/depsrc-phony.mk
 create mode 100644 contrib/bmake/unit-tests/depsrc-precious.exp
 create mode 100644 contrib/bmake/unit-tests/depsrc-precious.mk
 create mode 100644 contrib/bmake/unit-tests/depsrc-recursive.exp
 create mode 100644 contrib/bmake/unit-tests/depsrc-recursive.mk
 create mode 100644 contrib/bmake/unit-tests/depsrc-silent.exp
 create mode 100644 contrib/bmake/unit-tests/depsrc-silent.mk
 create mode 100644 contrib/bmake/unit-tests/depsrc-use.exp
 create mode 100644 contrib/bmake/unit-tests/depsrc-use.mk
 create mode 100755 contrib/bmake/unit-tests/depsrc-usebefore-double-colon.exp
 create mode 100755 contrib/bmake/unit-tests/depsrc-usebefore-double-colon.mk
 create mode 100644 contrib/bmake/unit-tests/depsrc-usebefore.exp
 create mode 100644 contrib/bmake/unit-tests/depsrc-usebefore.mk
 create mode 100644 contrib/bmake/unit-tests/depsrc-wait.exp
 create mode 100644 contrib/bmake/unit-tests/depsrc-wait.mk
 create mode 100644 contrib/bmake/unit-tests/depsrc.exp
 create mode 100644 contrib/bmake/unit-tests/depsrc.mk
 create mode 100644 contrib/bmake/unit-tests/deptgt-begin.exp
 create mode 100644 contrib/bmake/unit-tests/deptgt-begin.mk
 create mode 100644 contrib/bmake/unit-tests/deptgt-default.exp
 create mode 100644 contrib/bmake/unit-tests/deptgt-default.mk
 create mode 100644 contrib/bmake/unit-tests/deptgt-delete_on_error.exp
 create mode 100644 contrib/bmake/unit-tests/deptgt-delete_on_error.mk
 create mode 100644 contrib/bmake/unit-tests/deptgt-end.exp
 create mode 100644 contrib/bmake/unit-tests/deptgt-end.mk
 create mode 100644 contrib/bmake/unit-tests/deptgt-error.exp
 create mode 100644 contrib/bmake/unit-tests/deptgt-error.mk
 create mode 100644 contrib/bmake/unit-tests/deptgt-ignore.exp
 create mode 100644 contrib/bmake/unit-tests/deptgt-ignore.mk
 create mode 100644 contrib/bmake/unit-tests/deptgt-interrupt.exp
 create mode 100644 contrib/bmake/unit-tests/deptgt-interrupt.mk
 create mode 100644 contrib/bmake/unit-tests/deptgt-main.exp
 create mode 100644 contrib/bmake/unit-tests/deptgt-main.mk
 create mode 100644 contrib/bmake/unit-tests/deptgt-makeflags.exp
 create mode 100644 contrib/bmake/unit-tests/deptgt-makeflags.mk
 create mode 100644 contrib/bmake/unit-tests/deptgt-no_parallel.exp
 create mode 100644 contrib/bmake/unit-tests/deptgt-no_parallel.mk
 create mode 100644 contrib/bmake/unit-tests/deptgt-nopath.exp
 create mode 100644 contrib/bmake/unit-tests/deptgt-nopath.mk
 create mode 100644 contrib/bmake/unit-tests/deptgt-notparallel.exp
 create mode 100644 contrib/bmake/unit-tests/deptgt-notparallel.mk
 create mode 100644 contrib/bmake/unit-tests/deptgt-objdir.exp
 create mode 100644 contrib/bmake/unit-tests/deptgt-objdir.mk
 create mode 100644 contrib/bmake/unit-tests/deptgt-order.exp
 create mode 100644 contrib/bmake/unit-tests/deptgt-order.mk
 create mode 100644 contrib/bmake/unit-tests/deptgt-path-suffix.exp
 create mode 100644 contrib/bmake/unit-tests/deptgt-path-suffix.mk
 create mode 100644 contrib/bmake/unit-tests/deptgt-path.exp
 create mode 100644 contrib/bmake/unit-tests/deptgt-path.mk
 create mode 100644 contrib/bmake/unit-tests/deptgt-phony.exp
 create mode 100644 contrib/bmake/unit-tests/deptgt-phony.mk
 create mode 100644 contrib/bmake/unit-tests/deptgt-precious.exp
 create mode 100644 contrib/bmake/unit-tests/deptgt-precious.mk
 create mode 100644 contrib/bmake/unit-tests/deptgt-shell.exp
 create mode 100644 contrib/bmake/unit-tests/deptgt-shell.mk
 create mode 100644 contrib/bmake/unit-tests/deptgt-silent.exp
 create mode 100644 contrib/bmake/unit-tests/deptgt-silent.mk
 create mode 100644 contrib/bmake/unit-tests/deptgt-stale.exp
 create mode 100644 contrib/bmake/unit-tests/deptgt-stale.mk
 create mode 100644 contrib/bmake/unit-tests/deptgt-suffixes.exp
 create mode 100644 contrib/bmake/unit-tests/deptgt-suffixes.mk
 create mode 100644 contrib/bmake/unit-tests/deptgt.exp
 create mode 100644 contrib/bmake/unit-tests/deptgt.mk
 create mode 100644 contrib/bmake/unit-tests/dir-expand-path.exp
 create mode 100755 contrib/bmake/unit-tests/dir-expand-path.mk
 create mode 100644 contrib/bmake/unit-tests/dir.exp
 create mode 100644 contrib/bmake/unit-tests/dir.mk
 create mode 100644 contrib/bmake/unit-tests/directive-elif.exp
 create mode 100644 contrib/bmake/unit-tests/directive-elif.mk
 create mode 100644 contrib/bmake/unit-tests/directive-elifdef.exp
 create mode 100644 contrib/bmake/unit-tests/directive-elifdef.mk
 create mode 100644 contrib/bmake/unit-tests/directive-elifmake.exp
 create mode 100644 contrib/bmake/unit-tests/directive-elifmake.mk
 create mode 100644 contrib/bmake/unit-tests/directive-elifndef.exp
 create mode 100644 contrib/bmake/unit-tests/directive-elifndef.mk
 create mode 100644 contrib/bmake/unit-tests/directive-elifnmake.exp
 create mode 100644 contrib/bmake/unit-tests/directive-elifnmake.mk
 create mode 100644 contrib/bmake/unit-tests/directive-else.exp
 create mode 100644 contrib/bmake/unit-tests/directive-else.mk
 create mode 100644 contrib/bmake/unit-tests/directive-endif.exp
 create mode 100644 contrib/bmake/unit-tests/directive-endif.mk
 create mode 100644 contrib/bmake/unit-tests/directive-error.exp
 create mode 100644 contrib/bmake/unit-tests/directive-error.mk
 create mode 100644 contrib/bmake/unit-tests/directive-export-env.exp
 create mode 100644 contrib/bmake/unit-tests/directive-export-env.mk
 create mode 100644 contrib/bmake/unit-tests/directive-export-literal.exp
 create mode 100644 contrib/bmake/unit-tests/directive-export-literal.mk
 create mode 100644 contrib/bmake/unit-tests/directive-export.exp
 create mode 100644 contrib/bmake/unit-tests/directive-export.mk
 create mode 100755 contrib/bmake/unit-tests/directive-for-generating-endif.exp
 create mode 100755 contrib/bmake/unit-tests/directive-for-generating-endif.mk
 create mode 100755 contrib/bmake/unit-tests/directive-for.exp
 create mode 100755 contrib/bmake/unit-tests/directive-for.mk
 create mode 100644 contrib/bmake/unit-tests/directive-if.exp
 create mode 100644 contrib/bmake/unit-tests/directive-if.mk
 create mode 100644 contrib/bmake/unit-tests/directive-ifdef.exp
 create mode 100644 contrib/bmake/unit-tests/directive-ifdef.mk
 create mode 100644 contrib/bmake/unit-tests/directive-ifmake.exp
 create mode 100644 contrib/bmake/unit-tests/directive-ifmake.mk
 create mode 100644 contrib/bmake/unit-tests/directive-ifndef.exp
 create mode 100644 contrib/bmake/unit-tests/directive-ifndef.mk
 create mode 100644 contrib/bmake/unit-tests/directive-ifnmake.exp
 create mode 100644 contrib/bmake/unit-tests/directive-ifnmake.mk
 create mode 100644 contrib/bmake/unit-tests/directive-info.exp
 create mode 100644 contrib/bmake/unit-tests/directive-info.mk
 create mode 100644 contrib/bmake/unit-tests/directive-undef.exp
 create mode 100644 contrib/bmake/unit-tests/directive-undef.mk
 create mode 100644 contrib/bmake/unit-tests/directive-unexport-env.exp
 create mode 100644 contrib/bmake/unit-tests/directive-unexport-env.mk
 create mode 100644 contrib/bmake/unit-tests/directive-unexport.exp
 create mode 100644 contrib/bmake/unit-tests/directive-unexport.mk
 create mode 100644 contrib/bmake/unit-tests/directive-warning.exp
 create mode 100644 contrib/bmake/unit-tests/directive-warning.mk
 create mode 100644 contrib/bmake/unit-tests/directive.exp
 create mode 100644 contrib/bmake/unit-tests/directive.mk
 create mode 100644 contrib/bmake/unit-tests/directives.exp
 create mode 100644 contrib/bmake/unit-tests/directives.mk
 create mode 100644 contrib/bmake/unit-tests/envfirst.exp
 create mode 100644 contrib/bmake/unit-tests/envfirst.mk
 create mode 100755 contrib/bmake/unit-tests/export-variants.exp
 create mode 100755 contrib/bmake/unit-tests/export-variants.mk
 create mode 100755 contrib/bmake/unit-tests/lint.exp
 create mode 100755 contrib/bmake/unit-tests/lint.mk
 create mode 100755 contrib/bmake/unit-tests/make-exported.exp
 create mode 100755 contrib/bmake/unit-tests/make-exported.mk
 delete mode 100644 contrib/bmake/unit-tests/modorder.exp
 delete mode 100644 contrib/bmake/unit-tests/modorder.mk
 create mode 100644 contrib/bmake/unit-tests/opt-backwards.exp
 create mode 100644 contrib/bmake/unit-tests/opt-backwards.mk
 create mode 100644 contrib/bmake/unit-tests/opt-chdir.exp
 create mode 100644 contrib/bmake/unit-tests/opt-chdir.mk
 create mode 100755 contrib/bmake/unit-tests/opt-debug-g1.exp
 create mode 100755 contrib/bmake/unit-tests/opt-debug-g1.mk
 create mode 100644 contrib/bmake/unit-tests/opt-debug.exp
 create mode 100644 contrib/bmake/unit-tests/opt-debug.mk
 create mode 100644 contrib/bmake/unit-tests/opt-define.exp
 create mode 100644 contrib/bmake/unit-tests/opt-define.mk
 create mode 100644 contrib/bmake/unit-tests/opt-env.exp
 create mode 100644 contrib/bmake/unit-tests/opt-env.mk
 create mode 100644 contrib/bmake/unit-tests/opt-file.exp
 create mode 100644 contrib/bmake/unit-tests/opt-file.mk
 create mode 100644 contrib/bmake/unit-tests/opt-ignore.exp
 create mode 100644 contrib/bmake/unit-tests/opt-ignore.mk
 create mode 100644 contrib/bmake/unit-tests/opt-include-dir.exp
 create mode 100644 contrib/bmake/unit-tests/opt-include-dir.mk
 create mode 100644 contrib/bmake/unit-tests/opt-jobs-internal.exp
 create mode 100644 contrib/bmake/unit-tests/opt-jobs-internal.mk
 create mode 100644 contrib/bmake/unit-tests/opt-jobs.exp
 create mode 100644 contrib/bmake/unit-tests/opt-jobs.mk
 create mode 100644 contrib/bmake/unit-tests/opt-keep-going.exp
 create mode 100644 contrib/bmake/unit-tests/opt-keep-going.mk
 create mode 100644 contrib/bmake/unit-tests/opt-m-include-dir.exp
 create mode 100644 contrib/bmake/unit-tests/opt-m-include-dir.mk
 create mode 100644 contrib/bmake/unit-tests/opt-no-action-at-all.exp
 create mode 100644 contrib/bmake/unit-tests/opt-no-action-at-all.mk
 create mode 100644 contrib/bmake/unit-tests/opt-no-action.exp
 create mode 100644 contrib/bmake/unit-tests/opt-no-action.mk
 create mode 100644 contrib/bmake/unit-tests/opt-query.exp
 create mode 100644 contrib/bmake/unit-tests/opt-query.mk
 create mode 100644 contrib/bmake/unit-tests/opt-raw.exp
 create mode 100644 contrib/bmake/unit-tests/opt-raw.mk
 create mode 100644 contrib/bmake/unit-tests/opt-silent.exp
 create mode 100644 contrib/bmake/unit-tests/opt-silent.mk
 create mode 100644 contrib/bmake/unit-tests/opt-touch.exp
 create mode 100644 contrib/bmake/unit-tests/opt-touch.mk
 create mode 100644 contrib/bmake/unit-tests/opt-tracefile.exp
 create mode 100644 contrib/bmake/unit-tests/opt-tracefile.mk
 create mode 100644 contrib/bmake/unit-tests/opt-var-expanded.exp
 create mode 100644 contrib/bmake/unit-tests/opt-var-expanded.mk
 create mode 100644 contrib/bmake/unit-tests/opt-var-literal.exp
 create mode 100644 contrib/bmake/unit-tests/opt-var-literal.mk
 create mode 100644 contrib/bmake/unit-tests/opt-warnings-as-errors.exp
 create mode 100644 contrib/bmake/unit-tests/opt-warnings-as-errors.mk
 create mode 100644 contrib/bmake/unit-tests/opt-where-am-i.exp
 create mode 100644 contrib/bmake/unit-tests/opt-where-am-i.mk
 create mode 100644 contrib/bmake/unit-tests/opt-x-reduce-exported.exp
 create mode 100644 contrib/bmake/unit-tests/opt-x-reduce-exported.mk
 create mode 100644 contrib/bmake/unit-tests/opt.exp
 create mode 100644 contrib/bmake/unit-tests/opt.mk
 create mode 100644 contrib/bmake/unit-tests/recursive.exp
 create mode 100644 contrib/bmake/unit-tests/recursive.mk
 create mode 100755 contrib/bmake/unit-tests/sh-dots.exp
 create mode 100755 contrib/bmake/unit-tests/sh-dots.mk
 create mode 100644 contrib/bmake/unit-tests/sh-jobs-error.exp
 create mode 100644 contrib/bmake/unit-tests/sh-jobs-error.mk
 create mode 100644 contrib/bmake/unit-tests/sh-jobs.exp
 create mode 100644 contrib/bmake/unit-tests/sh-jobs.mk
 create mode 100644 contrib/bmake/unit-tests/sh-leading-at.exp
 create mode 100644 contrib/bmake/unit-tests/sh-leading-at.mk
 create mode 100644 contrib/bmake/unit-tests/sh-leading-hyphen.exp
 create mode 100644 contrib/bmake/unit-tests/sh-leading-hyphen.mk
 create mode 100644 contrib/bmake/unit-tests/sh-leading-plus.exp
 create mode 100644 contrib/bmake/unit-tests/sh-leading-plus.mk
 create mode 100644 contrib/bmake/unit-tests/sh-meta-chars.exp
 create mode 100644 contrib/bmake/unit-tests/sh-meta-chars.mk
 create mode 100644 contrib/bmake/unit-tests/sh-multi-line.exp
 create mode 100644 contrib/bmake/unit-tests/sh-multi-line.mk
 create mode 100644 contrib/bmake/unit-tests/sh-single-line.exp
 create mode 100644 contrib/bmake/unit-tests/sh-single-line.mk
 create mode 100644 contrib/bmake/unit-tests/sh.exp
 create mode 100644 contrib/bmake/unit-tests/sh.mk
 create mode 100644 contrib/bmake/unit-tests/use-inference.exp
 create mode 100644 contrib/bmake/unit-tests/use-inference.mk
 create mode 100644 contrib/bmake/unit-tests/var-class-cmdline.exp
 create mode 100644 contrib/bmake/unit-tests/var-class-cmdline.mk
 create mode 100644 contrib/bmake/unit-tests/var-class-env.exp
 create mode 100644 contrib/bmake/unit-tests/var-class-env.mk
 create mode 100644 contrib/bmake/unit-tests/var-class-global.exp
 create mode 100644 contrib/bmake/unit-tests/var-class-global.mk
 create mode 100644 contrib/bmake/unit-tests/var-class-local-legacy.exp
 create mode 100644 contrib/bmake/unit-tests/var-class-local-legacy.mk
 create mode 100644 contrib/bmake/unit-tests/var-class-local.exp
 create mode 100644 contrib/bmake/unit-tests/var-class-local.mk
 create mode 100644 contrib/bmake/unit-tests/var-class.exp
 create mode 100644 contrib/bmake/unit-tests/var-class.mk
 create mode 100644 contrib/bmake/unit-tests/var-op-append.exp
 create mode 100644 contrib/bmake/unit-tests/var-op-append.mk
 create mode 100644 contrib/bmake/unit-tests/var-op-assign.exp
 create mode 100644 contrib/bmake/unit-tests/var-op-assign.mk
 create mode 100644 contrib/bmake/unit-tests/var-op-default.exp
 create mode 100644 contrib/bmake/unit-tests/var-op-default.mk
 create mode 100644 contrib/bmake/unit-tests/var-op-expand.exp
 create mode 100644 contrib/bmake/unit-tests/var-op-expand.mk
 create mode 100644 contrib/bmake/unit-tests/var-op-shell.exp
 create mode 100644 contrib/bmake/unit-tests/var-op-shell.mk
 create mode 100644 contrib/bmake/unit-tests/var-op.exp
 create mode 100644 contrib/bmake/unit-tests/var-op.mk
 create mode 100644 contrib/bmake/unit-tests/vardebug.exp
 create mode 100644 contrib/bmake/unit-tests/vardebug.mk
 create mode 100644 contrib/bmake/unit-tests/varfind.exp
 create mode 100644 contrib/bmake/unit-tests/varfind.mk
 create mode 100644 contrib/bmake/unit-tests/varmod-assign.exp
 create mode 100644 contrib/bmake/unit-tests/varmod-assign.mk
 create mode 100644 contrib/bmake/unit-tests/varmod-defined.exp
 create mode 100644 contrib/bmake/unit-tests/varmod-defined.mk
 create mode 100644 contrib/bmake/unit-tests/varmod-exclam-shell.exp
 create mode 100644 contrib/bmake/unit-tests/varmod-exclam-shell.mk
 create mode 100644 contrib/bmake/unit-tests/varmod-extension.exp
 create mode 100644 contrib/bmake/unit-tests/varmod-extension.mk
 create mode 100644 contrib/bmake/unit-tests/varmod-gmtime.exp
 create mode 100644 contrib/bmake/unit-tests/varmod-gmtime.mk
 create mode 100644 contrib/bmake/unit-tests/varmod-hash.exp
 create mode 100644 contrib/bmake/unit-tests/varmod-hash.mk
 create mode 100644 contrib/bmake/unit-tests/varmod-head.exp
 create mode 100644 contrib/bmake/unit-tests/varmod-head.mk
 create mode 100644 contrib/bmake/unit-tests/varmod-ifelse.exp
 create mode 100644 contrib/bmake/unit-tests/varmod-ifelse.mk
 create mode 100644 contrib/bmake/unit-tests/varmod-l-name-to-value.exp
 create mode 100644 contrib/bmake/unit-tests/varmod-l-name-to-value.mk
 create mode 100644 contrib/bmake/unit-tests/varmod-localtime.exp
 create mode 100644 contrib/bmake/unit-tests/varmod-localtime.mk
 create mode 100644 contrib/bmake/unit-tests/varmod-loop.exp
 create mode 100644 contrib/bmake/unit-tests/varmod-loop.mk
 create mode 100755 contrib/bmake/unit-tests/varmod-match-escape.exp
 create mode 100755 contrib/bmake/unit-tests/varmod-match-escape.mk
 create mode 100644 contrib/bmake/unit-tests/varmod-match.exp
 create mode 100644 contrib/bmake/unit-tests/varmod-match.mk
 create mode 100644 contrib/bmake/unit-tests/varmod-no-match.exp
 create mode 100644 contrib/bmake/unit-tests/varmod-no-match.mk
 create mode 100644 contrib/bmake/unit-tests/varmod-order-reverse.exp
 create mode 100644 contrib/bmake/unit-tests/varmod-order-reverse.mk
 create mode 100644 contrib/bmake/unit-tests/varmod-order-shuffle.exp
 create mode 100644 contrib/bmake/unit-tests/varmod-order-shuffle.mk
 create mode 100644 contrib/bmake/unit-tests/varmod-order.exp
 create mode 100644 contrib/bmake/unit-tests/varmod-order.mk
 create mode 100644 contrib/bmake/unit-tests/varmod-path.exp
 create mode 100644 contrib/bmake/unit-tests/varmod-path.mk
 create mode 100644 contrib/bmake/unit-tests/varmod-quote-dollar.exp
 create mode 100644 contrib/bmake/unit-tests/varmod-quote-dollar.mk
 create mode 100644 contrib/bmake/unit-tests/varmod-quote.exp
 create mode 100644 contrib/bmake/unit-tests/varmod-quote.mk
 create mode 100644 contrib/bmake/unit-tests/varmod-range.exp
 create mode 100644 contrib/bmake/unit-tests/varmod-range.mk
 create mode 100644 contrib/bmake/unit-tests/varmod-remember.exp
 create mode 100644 contrib/bmake/unit-tests/varmod-remember.mk
 create mode 100644 contrib/bmake/unit-tests/varmod-root.exp
 create mode 100644 contrib/bmake/unit-tests/varmod-root.mk
 create mode 100644 contrib/bmake/unit-tests/varmod-select-words.exp
 create mode 100644 contrib/bmake/unit-tests/varmod-select-words.mk
 create mode 100644 contrib/bmake/unit-tests/varmod-shell.exp
 create mode 100644 contrib/bmake/unit-tests/varmod-shell.mk
 create mode 100644 contrib/bmake/unit-tests/varmod-subst-regex.exp
 create mode 100644 contrib/bmake/unit-tests/varmod-subst-regex.mk
 create mode 100644 contrib/bmake/unit-tests/varmod-subst.exp
 create mode 100644 contrib/bmake/unit-tests/varmod-subst.mk
 create mode 100644 contrib/bmake/unit-tests/varmod-sysv.exp
 create mode 100644 contrib/bmake/unit-tests/varmod-sysv.mk
 create mode 100644 contrib/bmake/unit-tests/varmod-tail.exp
 create mode 100644 contrib/bmake/unit-tests/varmod-tail.mk
 create mode 100644 contrib/bmake/unit-tests/varmod-to-abs.exp
 create mode 100644 contrib/bmake/unit-tests/varmod-to-abs.mk
 create mode 100644 contrib/bmake/unit-tests/varmod-to-lower.exp
 create mode 100644 contrib/bmake/unit-tests/varmod-to-lower.mk
 create mode 100644 contrib/bmake/unit-tests/varmod-to-many-words.exp
 create mode 100644 contrib/bmake/unit-tests/varmod-to-many-words.mk
 create mode 100644 contrib/bmake/unit-tests/varmod-to-one-word.exp
 create mode 100644 contrib/bmake/unit-tests/varmod-to-one-word.mk
 create mode 100644 contrib/bmake/unit-tests/varmod-to-separator.exp
 create mode 100644 contrib/bmake/unit-tests/varmod-to-separator.mk
 create mode 100644 contrib/bmake/unit-tests/varmod-to-upper.exp
 create mode 100644 contrib/bmake/unit-tests/varmod-to-upper.mk
 create mode 100644 contrib/bmake/unit-tests/varmod-undefined.exp
 create mode 100644 contrib/bmake/unit-tests/varmod-undefined.mk
 create mode 100644 contrib/bmake/unit-tests/varmod-unique.exp
 create mode 100644 contrib/bmake/unit-tests/varmod-unique.mk
 create mode 100644 contrib/bmake/unit-tests/varmod.exp
 create mode 100644 contrib/bmake/unit-tests/varmod.mk
 create mode 100644 contrib/bmake/unit-tests/varname-dollar.exp
 create mode 100644 contrib/bmake/unit-tests/varname-dollar.mk
 create mode 100644 contrib/bmake/unit-tests/varname-dot-alltargets.exp
 create mode 100644 contrib/bmake/unit-tests/varname-dot-alltargets.mk
 create mode 100644 contrib/bmake/unit-tests/varname-dot-curdir.exp
 create mode 100644 contrib/bmake/unit-tests/varname-dot-curdir.mk
 create mode 100644 contrib/bmake/unit-tests/varname-dot-includedfromdir.exp
 create mode 100644 contrib/bmake/unit-tests/varname-dot-includedfromdir.mk
 create mode 100644 contrib/bmake/unit-tests/varname-dot-includedfromfile.exp
 create mode 100644 contrib/bmake/unit-tests/varname-dot-includedfromfile.mk
 create mode 100755 contrib/bmake/unit-tests/varname-dot-includes.exp
 create mode 100755 contrib/bmake/unit-tests/varname-dot-includes.mk
 create mode 100755 contrib/bmake/unit-tests/varname-dot-libs.exp
 create mode 100755 contrib/bmake/unit-tests/varname-dot-libs.mk
 create mode 100644 contrib/bmake/unit-tests/varname-dot-make-dependfile.exp
 create mode 100644 contrib/bmake/unit-tests/varname-dot-make-dependfile.mk
 create mode 100644 contrib/bmake/unit-tests/varname-dot-make-expand_variables.exp
 create mode 100644 contrib/bmake/unit-tests/varname-dot-make-expand_variables.mk
 create mode 100644 contrib/bmake/unit-tests/varname-dot-make-exported.exp
 create mode 100644 contrib/bmake/unit-tests/varname-dot-make-exported.mk
 create mode 100644 contrib/bmake/unit-tests/varname-dot-make-jobs-prefix.exp
 create mode 100644 contrib/bmake/unit-tests/varname-dot-make-jobs-prefix.mk
 create mode 100644 contrib/bmake/unit-tests/varname-dot-make-jobs.exp
 create mode 100644 contrib/bmake/unit-tests/varname-dot-make-jobs.mk
 create mode 100644 contrib/bmake/unit-tests/varname-dot-make-level.exp
 create mode 100644 contrib/bmake/unit-tests/varname-dot-make-level.mk
 create mode 100644 contrib/bmake/unit-tests/varname-dot-make-makefile_preference.exp
 create mode 100644 contrib/bmake/unit-tests/varname-dot-make-makefile_preference.mk
 create mode 100644 contrib/bmake/unit-tests/varname-dot-make-makefiles.exp
 create mode 100644 contrib/bmake/unit-tests/varname-dot-make-makefiles.mk
 create mode 100644 contrib/bmake/unit-tests/varname-dot-make-meta-bailiwick.exp
 create mode 100644 contrib/bmake/unit-tests/varname-dot-make-meta-bailiwick.mk
 create mode 100644 contrib/bmake/unit-tests/varname-dot-make-meta-created.exp
 create mode 100644 contrib/bmake/unit-tests/varname-dot-make-meta-created.mk
 create mode 100644 contrib/bmake/unit-tests/varname-dot-make-meta-files.exp
 create mode 100644 contrib/bmake/unit-tests/varname-dot-make-meta-files.mk
 create mode 100644 contrib/bmake/unit-tests/varname-dot-make-meta-ignore_filter.exp
 create mode 100644 contrib/bmake/unit-tests/varname-dot-make-meta-ignore_filter.mk
 create mode 100644 contrib/bmake/unit-tests/varname-dot-make-meta-ignore_paths.exp
 create mode 100644 contrib/bmake/unit-tests/varname-dot-make-meta-ignore_paths.mk
 create mode 100644 contrib/bmake/unit-tests/varname-dot-make-meta-ignore_patterns.exp
 create mode 100644 contrib/bmake/unit-tests/varname-dot-make-meta-ignore_patterns.mk
 create mode 100644 contrib/bmake/unit-tests/varname-dot-make-meta-prefix.exp
 create mode 100644 contrib/bmake/unit-tests/varname-dot-make-meta-prefix.mk
 create mode 100644 contrib/bmake/unit-tests/varname-dot-make-mode.exp
 create mode 100644 contrib/bmake/unit-tests/varname-dot-make-mode.mk
 create mode 100644 contrib/bmake/unit-tests/varname-dot-make-path_filemon.exp
 create mode 100644 contrib/bmake/unit-tests/varname-dot-make-path_filemon.mk
 create mode 100644 contrib/bmake/unit-tests/varname-dot-make-pid.exp
 create mode 100644 contrib/bmake/unit-tests/varname-dot-make-pid.mk
 create mode 100644 contrib/bmake/unit-tests/varname-dot-make-ppid.exp
 create mode 100644 contrib/bmake/unit-tests/varname-dot-make-ppid.mk
 create mode 100644 contrib/bmake/unit-tests/varname-dot-make-save_dollars.exp
 create mode 100644 contrib/bmake/unit-tests/varname-dot-make-save_dollars.mk
 create mode 100644 contrib/bmake/unit-tests/varname-dot-makeoverrides.exp
 create mode 100644 contrib/bmake/unit-tests/varname-dot-makeoverrides.mk
 create mode 100644 contrib/bmake/unit-tests/varname-dot-newline.exp
 create mode 100644 contrib/bmake/unit-tests/varname-dot-newline.mk
 create mode 100644 contrib/bmake/unit-tests/varname-dot-objdir.exp
 create mode 100644 contrib/bmake/unit-tests/varname-dot-objdir.mk
 create mode 100644 contrib/bmake/unit-tests/varname-dot-parsedir.exp
 create mode 100644 contrib/bmake/unit-tests/varname-dot-parsedir.mk
 create mode 100644 contrib/bmake/unit-tests/varname-dot-parsefile.exp
 create mode 100644 contrib/bmake/unit-tests/varname-dot-parsefile.mk
 create mode 100644 contrib/bmake/unit-tests/varname-dot-path.exp
 create mode 100644 contrib/bmake/unit-tests/varname-dot-path.mk
 create mode 100755 contrib/bmake/unit-tests/varname-dot-shell.exp
 create mode 100755 contrib/bmake/unit-tests/varname-dot-shell.mk
 create mode 100644 contrib/bmake/unit-tests/varname-dot-targets.exp
 create mode 100644 contrib/bmake/unit-tests/varname-dot-targets.mk
 create mode 100644 contrib/bmake/unit-tests/varname-empty.exp
 create mode 100755 contrib/bmake/unit-tests/varname-empty.mk
 create mode 100644 contrib/bmake/unit-tests/varname-make.exp
 create mode 100644 contrib/bmake/unit-tests/varname-make.mk
 create mode 100644 contrib/bmake/unit-tests/varname-make_print_var_on_error.exp
 create mode 100644 contrib/bmake/unit-tests/varname-make_print_var_on_error.mk
 create mode 100644 contrib/bmake/unit-tests/varname-makeflags.exp
 create mode 100644 contrib/bmake/unit-tests/varname-makeflags.mk
 create mode 100644 contrib/bmake/unit-tests/varname-pwd.exp
 create mode 100644 contrib/bmake/unit-tests/varname-pwd.mk
 create mode 100644 contrib/bmake/unit-tests/varname-vpath.exp
 create mode 100644 contrib/bmake/unit-tests/varname-vpath.mk
 create mode 100644 contrib/bmake/unit-tests/varname.exp
 create mode 100644 contrib/bmake/unit-tests/varname.mk
 create mode 100644 contrib/bmake/unit-tests/varparse-dynamic.exp
 create mode 100644 contrib/bmake/unit-tests/varparse-dynamic.mk
 create mode 100644 sys/contrib/dev/ice/ice-1.3.16.0.pkg
 delete mode 100644 sys/contrib/dev/ice/ice-1.3.9.0.pkg
 rename sys/contrib/openzfs/include/os/freebsd/zfs/sys/{zfs_vfsops.h => zfs_vfsops_os.h} (98%)
 rename sys/contrib/openzfs/include/os/linux/zfs/sys/{zfs_vfsops.h => zfs_vfsops_os.h} (100%)
 create mode 100644 sys/contrib/openzfs/include/sys/zfs_vfsops.h
 create mode 100644 sys/contrib/openzfs/lib/libspl/os/freebsd/zone.c
 rename sys/contrib/openzfs/lib/libspl/{ => os/linux}/zone.c (65%)
 delete mode 100644 sys/contrib/openzfs/module/os/freebsd/zfs/spa_stats.c
 rename sys/contrib/openzfs/module/{os/linux => }/zfs/spa_stats.c (97%)
 create mode 100644 sys/contrib/openzfs/tests/zfs-tests/tests/functional/cli_root/zfs_rename/zfs_rename_nounmount.ksh
 create mode 100644 tools/build/options/WITHOUT_MALLOC_PRODUCTION
 create mode 100644 tools/build/options/WITH_MALLOC_PRODUCTION
==== merge branches ====
==== merge freebsd/current/master branch ====
Merge made by the 'recursive' strategy.
 usr.sbin/traceroute6/Makefile      |  12 +++-
 usr.sbin/traceroute6/traceroute6.c | 134 ++++++++++++++++++++++++++++++-------
 2 files changed, 122 insertions(+), 24 deletions(-)
=============================
HardenedBSD Master git Server
=============================

Please note that connections and activity to this server are logged.
This server, git-01.md.hardenedbsd.org, acts as the source-of-truth
server for the HardenedBSD repositories.

Banner last updated: 10 Feb 2020 09:32 EST

remote: To github.com:HardenedBSD/hardenedBSD.git        
remote:    a6dcd437cd60..233540b66f70  hardened/current/master -> hardened/current/master        
remote:    24f28126a9f3..49058d70a5a1  github/freebsd/current/master -> github/freebsd/current/master        
remote: . Processing 1 references        
remote: Processed 1 references in total        
To git-01.md.hardenedbsd.org:HardenedBSD/HardenedBSD.git
   a6dcd437cd60..233540b66f70  hardened/current/master -> hardened/current/master
==== END: hardened/current/master ====
