==== BEGIN: hardened/current/master ====
current branch: hardened/current/master
mergeable branch: freebsd/current/master
==== change branch ====
Switched to branch 'hardened/current/master'
Your branch is up to date with 'origin/hardened/current/master'.
==== show current branch ====
  freebsd/11-stable/master
  freebsd/11.2-releng/master
  freebsd/12-stable/master
  freebsd/12.1-releng/master
  freebsd/current/master
  hardened/11-stable/master
  hardened/11.2-releng/master
  hardened/12-stable/master
  hardened/12.1-releng/master
* hardened/current/master
==== check for stale changes ====
==== update to latest origin ====
=============================
HardenedBSD Master git Server
=============================

Please note that connections and activity to this server are logged.
This server, git-01.md.hardenedbsd.org, acts as the source-of-truth
server for the HardenedBSD repositories.

Banner last updated: 10 Feb 2020 09:32 EST

Already up to date.
==== merge branches ====
==== merge freebsd/current/master branch ====
Auto-merging sys/conf/files
Merge made by the 'recursive' strategy.
 UPDATING                                           |   2 +-
 sys/compat/linuxkpi/common/include/linux/fs.h      |  21 ----
 .../linuxkpi/common/include/linux/shmem_fs.h       |  55 +++++++++
 sys/compat/linuxkpi/common/src/linux_page.c        |  84 +-------------
 sys/compat/linuxkpi/common/src/linux_shmemfs.c     | 128 +++++++++++++++++++++
 sys/conf/files                                     |   2 +
 sys/dev/acpica/acpi_lid.c                          |  12 +-
 sys/dev/mlx5/mlx5_ib/mlx5_ib.h                     |  10 +-
 sys/dev/mlx5/mlx5_ib/mlx5_ib_cong.c                |   6 +-
 sys/modules/linuxkpi/Makefile                      |   1 +
 sys/sys/param.h                                    |   2 +-
 11 files changed, 211 insertions(+), 112 deletions(-)
 create mode 100644 sys/compat/linuxkpi/common/include/linux/shmem_fs.h
 create mode 100644 sys/compat/linuxkpi/common/src/linux_shmemfs.c
=============================
HardenedBSD Master git Server
=============================

Please note that connections and activity to this server are logged.
This server, git-01.md.hardenedbsd.org, acts as the source-of-truth
server for the HardenedBSD repositories.

Banner last updated: 10 Feb 2020 09:32 EST

remote: To github.com:HardenedBSD/hardenedBSD.git        
remote:    c8ffbcef9da5..1bec2bdad3ba  hardened/current/master -> hardened/current/master        
remote:    8d6ef36daada..6f9c87a07e3d  github/freebsd/current/master -> github/freebsd/current/master        
To git-01.md.hardenedbsd.org:HardenedBSD/HardenedBSD.git
   c8ffbcef9da5..1bec2bdad3ba  hardened/current/master -> hardened/current/master
==== END: hardened/current/master ====
