==== BEGIN: hardened/current/master ====
current branch: hardened/current/master
mergeable branch: freebsd/current/main
==== change branch ====
Switched to branch 'hardened/current/master'
Your branch is up to date with 'origin/hardened/current/master'.
==== show current branch ====
  freebsd/11-stable/master
  freebsd/11.2-releng/master
  freebsd/12-stable/main
  freebsd/12-stable/master
  freebsd/12.1-releng/master
  freebsd/12.2-releng/master
  freebsd/current/main
  freebsd/current/master
  hardened/11-stable/master
  hardened/11.2-releng/master
  hardened/12-stable/master
  hardened/12.1-releng/master
  hardened/12.2-releng/master
* hardened/current/master
==== check for stale changes ====
==== update to latest origin ====
warning: Pulling without specifying how to reconcile divergent branches is
discouraged. You can squelch this message by running one of the following
commands sometime before your next pull:

  git config pull.rebase false  # merge (the default strategy)
  git config pull.rebase true   # rebase
  git config pull.ff only       # fast-forward only

You can replace "git config" with "git config --global" to set a default
preference for all repositories. You can also pass --rebase, --no-rebase,
or --ff-only on the command line to override the configured default per
invocation.

=============================
HardenedBSD Master git Server
=============================

Please note that connections and activity to this server are logged.
This server, git-01.md.hardenedbsd.org, acts as the source-of-truth
server for the HardenedBSD repositories.

Banner last updated: 10 Feb 2020 09:32 EST

Already up to date.
==== merge branches ====
==== merge freebsd/current/main branch ====
Auto-merging sys/modules/Makefile
Merge made by the 'recursive' strategy.
 sys/contrib/dpdk_rte_lpm/dpdk_lpm.c              |  423 +++++++
 sys/contrib/dpdk_rte_lpm/dpdk_lpm6.c             |  487 ++++++++
 sys/contrib/dpdk_rte_lpm/dpdk_lpm6.h             |   57 +
 sys/contrib/dpdk_rte_lpm/rte_branch_prediction.h |   41 +
 sys/contrib/dpdk_rte_lpm/rte_common.h            |  838 +++++++++++++
 sys/contrib/dpdk_rte_lpm/rte_debug.h             |   83 ++
 sys/contrib/dpdk_rte_lpm/rte_jhash.h             |  379 ++++++
 sys/contrib/dpdk_rte_lpm/rte_log.h               |  383 ++++++
 sys/contrib/dpdk_rte_lpm/rte_lpm.c               | 1107 +++++++++++++++++
 sys/contrib/dpdk_rte_lpm/rte_lpm.h               |  403 ++++++
 sys/contrib/dpdk_rte_lpm/rte_lpm6.c              | 1415 ++++++++++++++++++++++
 sys/contrib/dpdk_rte_lpm/rte_lpm6.h              |  209 ++++
 sys/contrib/dpdk_rte_lpm/rte_shim.h              |   31 +
 sys/contrib/dpdk_rte_lpm/rte_tailq.h             |  140 +++
 sys/dev/neta/if_mvneta.c                         |    2 +
 sys/modules/Makefile                             |   10 +
 sys/modules/dpdk_lpm4/Makefile                   |   12 +
 sys/modules/dpdk_lpm6/Makefile                   |   12 +
 sys/modules/tests/fib_lookup/Makefile            |   11 +
 sys/tests/fib_lookup/fib_lookup.c                |  537 ++++++++
 20 files changed, 6580 insertions(+)
 create mode 100644 sys/contrib/dpdk_rte_lpm/dpdk_lpm.c
 create mode 100644 sys/contrib/dpdk_rte_lpm/dpdk_lpm6.c
 create mode 100644 sys/contrib/dpdk_rte_lpm/dpdk_lpm6.h
 create mode 100644 sys/contrib/dpdk_rte_lpm/rte_branch_prediction.h
 create mode 100644 sys/contrib/dpdk_rte_lpm/rte_common.h
 create mode 100644 sys/contrib/dpdk_rte_lpm/rte_debug.h
 create mode 100644 sys/contrib/dpdk_rte_lpm/rte_jhash.h
 create mode 100644 sys/contrib/dpdk_rte_lpm/rte_log.h
 create mode 100644 sys/contrib/dpdk_rte_lpm/rte_lpm.c
 create mode 100644 sys/contrib/dpdk_rte_lpm/rte_lpm.h
 create mode 100644 sys/contrib/dpdk_rte_lpm/rte_lpm6.c
 create mode 100644 sys/contrib/dpdk_rte_lpm/rte_lpm6.h
 create mode 100644 sys/contrib/dpdk_rte_lpm/rte_shim.h
 create mode 100644 sys/contrib/dpdk_rte_lpm/rte_tailq.h
 create mode 100644 sys/modules/dpdk_lpm4/Makefile
 create mode 100644 sys/modules/dpdk_lpm6/Makefile
 create mode 100644 sys/modules/tests/fib_lookup/Makefile
 create mode 100644 sys/tests/fib_lookup/fib_lookup.c
=============================
HardenedBSD Master git Server
=============================

Please note that connections and activity to this server are logged.
This server, git-01.md.hardenedbsd.org, acts as the source-of-truth
server for the HardenedBSD repositories.

Banner last updated: 10 Feb 2020 09:32 EST

remote: To github.com:HardenedBSD/hardenedBSD.git        
remote:    ef94240fdc9c..8a17cf1e080b  hardened/current/master -> hardened/current/master        
remote:    a898ee51c41d..109260d202fb  github/freebsd/current/main -> github/freebsd/current/main        
remote:  ! [remote rejected]           refs/pull/18/head -> refs/pull/18/head (deny updating a hidden ref)        
remote:  ! [remote rejected]           refs/pull/19/head -> refs/pull/19/head (deny updating a hidden ref)        
remote:  ! [remote rejected]           refs/pull/20/head -> refs/pull/20/head (deny updating a hidden ref)        
remote:  ! [remote rejected]           refs/pull/21/head -> refs/pull/21/head (deny updating a hidden ref)        
remote: error: failed to push some refs to 'github.com:HardenedBSD/hardenedBSD.git'        
remote: . Processing 1 references        
remote: Processed 1 references in total        
To git-01.md.hardenedbsd.org:HardenedBSD/HardenedBSD.git
   ef94240fdc9c8..8a17cf1e080b9  hardened/current/master -> hardened/current/master
==== END: hardened/current/master ====
