==== BEGIN: hardened/current/master ====
current branch: hardened/current/master
mergeable branch: freebsd/current/master
==== change branch ====
Switched to branch 'hardened/current/master'
Your branch is behind 'origin/hardened/current/master' by 14 commits, and can be fast-forwarded.
  (use "git pull" to update your local branch)
==== show current branch ====
  freebsd/11-stable/master
  freebsd/11.2-releng/master
  freebsd/12-stable/master
  freebsd/12.1-releng/master
  freebsd/current/master
  hardened/11-stable/master
  hardened/11.2-releng/master
  hardened/12-stable/master
  hardened/12.1-releng/master
* hardened/current/master
==== check for stale changes ====
==== update to latest origin ====
warning: Pulling without specifying how to reconcile divergent branches is
discouraged. You can squelch this message by running one of the following
commands sometime before your next pull:

  git config pull.rebase false  # merge (the default strategy)
  git config pull.rebase true   # rebase
  git config pull.ff only       # fast-forward only

You can replace "git config" with "git config --global" to set a default
preference for all repositories. You can also pass --rebase, --no-rebase,
or --ff-only on the command line to override the configured default per
invocation.

=============================
HardenedBSD Master git Server
=============================

Please note that connections and activity to this server are logged.
This server, git-01.md.hardenedbsd.org, acts as the source-of-truth
server for the HardenedBSD repositories.

Banner last updated: 10 Feb 2020 09:32 EST

Updating 78caaa5a0800..ec2b127d4fba
Fast-forward
 .github/workflows/cross-bootstrap-tools.yml |  35 +++++
 ObsoleteFiles.inc                           |   3 +
 contrib/byacc/closure.c                     |   4 +-
 contrib/byacc/warshall.c                    |   4 +-
 sbin/reboot/nextboot.sh                     |   2 +-
 stand/efi/loader/main.c                     |   2 +
 stand/i386/loader/main.c                    |   2 +-
 stand/i386/zfsboot/zfsboot.c                |   2 +
 sys/amd64/conf/NOTES                        |  22 +--
 sys/amd64/include/vmparam.h                 |   5 +
 sys/arm/include/vmparam.h                   |   5 +
 sys/arm64/arm64/pmap.c                      | 226 +++++++++++++++++++++++++---
 sys/arm64/include/param.h                   |   2 +-
 sys/arm64/include/vmparam.h                 |   5 +
 sys/compat/cloudabi/cloudabi_proc.c         |   2 +-
 sys/compat/freebsd32/freebsd32_misc.c       |   4 +-
 sys/compat/linux/linux_emul.c               |   2 +-
 sys/conf/NOTES                              | 116 +++++++-------
 sys/conf/makeLINT.mk                        |   6 -
 sys/i386/conf/NOTES                         |  62 ++++----
 sys/i386/include/vmparam.h                  |   5 +
 sys/kern/init_main.c                        |   9 +-
 sys/kern/kern_exec.c                        |  40 +++--
 sys/kern/uipc_shm.c                         |   4 +-
 sys/mips/include/vmparam.h                  |   5 +
 sys/powerpc/include/vmparam.h               |   5 +
 sys/riscv/include/vmparam.h                 |   5 +
 sys/riscv/riscv/trap.c                      |   6 +-
 sys/sys/imgact.h                            |   1 +
 sys/sys/syscallsubr.h                       |   3 +-
 sys/vm/vm_fault.c                           |   2 +
 sys/vm/vm_phys.c                            |   9 +-
 sys/vm/vm_reserv.c                          |   2 +-
 sys/x86/conf/NOTES                          |  18 +--
 tests/sys/kern/Makefile                     |   1 -
 tests/sys/posixshm/Makefile                 |   1 +
 tests/sys/{kern => posixshm}/memfd_test.c   |   0
 37 files changed, 442 insertions(+), 185 deletions(-)
 create mode 100644 .github/workflows/cross-bootstrap-tools.yml
 rename tests/sys/{kern => posixshm}/memfd_test.c (100%)
==== merge branches ====
==== merge freebsd/current/master branch ====
Merge made by the 'recursive' strategy.
 share/man/man9/devctl_notify.9          |  2 --
 share/man/man9/devctl_process_running.9 |  2 --
 share/man/man9/devctl_safe_quote_sb.9   |  8 ++---
 usr.sbin/daemon/daemon.8                | 18 ++++++++--
 usr.sbin/daemon/daemon.c                | 63 ++++++++++++++++++++++++++++-----
 5 files changed, 74 insertions(+), 19 deletions(-)
=============================
HardenedBSD Master git Server
=============================

Please note that connections and activity to this server are logged.
This server, git-01.md.hardenedbsd.org, acts as the source-of-truth
server for the HardenedBSD repositories.

Banner last updated: 10 Feb 2020 09:32 EST

remote: To github.com:HardenedBSD/hardenedBSD.git        
remote:    ec2b127d4fba..35fb66631749  hardened/current/master -> hardened/current/master        
remote:    f083bd394445..68f0ff726e27  github/freebsd/current/master -> github/freebsd/current/master        
remote: . Processing 1 references        
remote: Processed 1 references in total        
To git-01.md.hardenedbsd.org:HardenedBSD/HardenedBSD.git
   ec2b127d4fba..35fb66631749  hardened/current/master -> hardened/current/master
==== END: hardened/current/master ====
