==== BEGIN: hardened/current/master ====
current branch: hardened/current/master
mergeable branch: freebsd/current/master
==== change branch ====
Switched to branch 'hardened/current/master'
Your branch is up to date with 'origin/hardened/current/master'.
==== show current branch ====
  freebsd/11-stable/master
  freebsd/11.2-releng/master
  freebsd/12-stable/master
  freebsd/12.1-releng/master
  freebsd/current/master
  hardened/11-stable/master
  hardened/11.2-releng/master
  hardened/12-stable/master
  hardened/12.1-releng/master
* hardened/current/master
==== check for stale changes ====
==== update to latest origin ====
warning: Pulling without specifying how to reconcile divergent branches is
discouraged. You can squelch this message by running one of the following
commands sometime before your next pull:

  git config pull.rebase false  # merge (the default strategy)
  git config pull.rebase true   # rebase
  git config pull.ff only       # fast-forward only

You can replace "git config" with "git config --global" to set a default
preference for all repositories. You can also pass --rebase, --no-rebase,
or --ff-only on the command line to override the configured default per
invocation.

=============================
HardenedBSD Master git Server
=============================

Please note that connections and activity to this server are logged.
This server, git-01.md.hardenedbsd.org, acts as the source-of-truth
server for the HardenedBSD repositories.

Banner last updated: 10 Feb 2020 09:32 EST

Already up to date.
==== merge branches ====
==== merge freebsd/current/master branch ====
Auto-merging sys/kern/vfs_mount.c
Merge made by the 'recursive' strategy.
 sbin/bectl/bectl_list.c         |  14 +++--
 sbin/devd/devd.conf.5           |   8 +--
 share/man/man4/ng_pipe.4        |   2 +-
 sys/amd64/linux/linux_machdep.c |  14 +++--
 sys/arm64/linux/linux_machdep.c |  14 +++--
 sys/cam/ctl/ctl_backend_block.c |   4 +-
 sys/compat/linux/linux_file.c   | 102 +++++++++++++++++++++----------
 sys/compat/linux/linux_mib.c    |   4 ++
 sys/compat/linux/linux_misc.c   | 110 ++++++++++++++++++++++++---------
 sys/compat/linux/linux_stats.c  | 132 +++++++++++++++++++++++++---------------
 sys/compat/linux/linux_uid16.c  |  71 +++++++++++----------
 sys/compat/linux/linux_util.h   |   3 +
 sys/dev/xen/blkback/blkback.c   |   2 +-
 sys/fs/cd9660/cd9660_vfsops.c   |   2 +-
 sys/fs/ext2fs/ext2_vfsops.c     |   2 +-
 sys/fs/msdosfs/msdosfs_vfsops.c |   2 +-
 sys/fs/udf/udf_vfsops.c         |   2 +-
 sys/i386/linux/linux_machdep.c  |  14 +++--
 sys/kern/vfs_aio.c              |   2 +-
 sys/kern/vfs_bio.c              |   8 +--
 sys/kern/vfs_mount.c            |   3 +
 sys/kern/vfs_subr.c             |  15 +++--
 sys/netgraph/ng_pipe.h          |   2 +-
 sys/sys/vnode.h                 |   3 +-
 sys/ufs/ffs/ffs_softdep.c       |   2 +-
 sys/ufs/ffs/ffs_vfsops.c        |   2 +-
 sys/vm/swap_pager.c             |   8 +--
 sys/vm/vnode_pager.c            |   4 +-
 28 files changed, 358 insertions(+), 193 deletions(-)
=============================
HardenedBSD Master git Server
=============================

Please note that connections and activity to this server are logged.
This server, git-01.md.hardenedbsd.org, acts as the source-of-truth
server for the HardenedBSD repositories.

Banner last updated: 10 Feb 2020 09:32 EST

remote: To github.com:HardenedBSD/hardenedBSD.git        
remote:    6848018dd068..67171abb055e  hardened/current/master -> hardened/current/master        
remote:    23e6deb027fe..ecce8eaad785  github/freebsd/current/master -> github/freebsd/current/master
remote: . Processing 1 references        
remote: Processed 1 references in total        
To git-01.md.hardenedbsd.org:HardenedBSD/HardenedBSD.git
   6848018dd068..67171abb055e  hardened/current/master -> hardened/current/master
==== END: hardened/current/master ====
