==== BEGIN: hardened/12-stable/master ====
current branch: hardened/12-stable/master
mergeable branch: freebsd/12-stable/master
==== change branch ====
Switched to branch 'hardened/12-stable/master'
Your branch is up to date with 'origin/hardened/12-stable/master'.
==== show current branch ====
  freebsd/11-stable/master
  freebsd/11.2-releng/master
  freebsd/12-stable/master
  freebsd/12.1-releng/master
  freebsd/current/master
  hardened/11-stable/master
  hardened/11.2-releng/master
* hardened/12-stable/master
  hardened/12.1-releng/master
  hardened/current/master
==== check for stale changes ====
==== update to latest origin ====
=============================
HardenedBSD Master git Server
=============================

Please note that connections and activity to this server are logged.
This server, git-01.md.hardenedbsd.org, acts as the source-of-truth
server for the HardenedBSD repositories.

Banner last updated: 10 Feb 2020 09:32 EST

Already up to date.
==== merge branches ====
==== merge freebsd/12-stable/master branch ====
Auto-merging share/mk/src.opts.mk
Auto-merging share/man/man5/src.conf.5
CONFLICT (content): Merge conflict in share/man/man5/src.conf.5
Auto-merging lib/clang/llvm.build.mk
Automatic merge failed; fix conflicts and then commit the result.
==== merge failed at freebsd/12-stable/master branch ====
diff --cc share/man/man5/src.conf.5
index 6f6983d63a2f,f2a4df18986b..000000000000
--- a/share/man/man5/src.conf.5
+++ b/share/man/man5/src.conf.5
@@@ -1,6 -1,6 +1,10 @@@
  .\" DO NOT EDIT-- this file is @generated by tools/build/options/makeman.
  .\" $FreeBSD$
++<<<<<<< HEAD
 +.Dd March 9, 2020
++=======
+ .Dd April 9, 2020
++>>>>>>> freebsd/12-stable/master
  .Dt SRC.CONF 5
  .Os
  .Sh NAME
On branch hardened/12-stable/master
Your branch is up to date with 'origin/hardened/12-stable/master'.

You have unmerged paths.
  (fix conflicts and run "git commit")
  (use "git merge --abort" to abort the merge)

Changes to be committed:
	modified:   bin/sh/input.c
	modified:   cddl/contrib/opensolaris/cmd/zfs/zfs_util.h
	modified:   cddl/contrib/opensolaris/cmd/zpool/zpool_main.c
	modified:   cddl/contrib/opensolaris/cmd/zpool/zpool_util.h
	modified:   contrib/binutils/gas/dwarf2dbg.h
	modified:   contrib/bmake/main.c
	modified:   contrib/bmake/make.h
	modified:   contrib/ipfilter/ipf.h
	modified:   contrib/ipfilter/tools/ipnat.c
	modified:   contrib/ntp/include/ntp_config.h
	modified:   contrib/ntp/ntpd/ntp_config.c
	modified:   contrib/openbsm/bin/auditreduce/auditreduce.1
	modified:   contrib/openbsm/bin/auditreduce/auditreduce.c
	modified:   contrib/openbsm/bin/auditreduce/auditreduce.h
	modified:   contrib/tcsh/tc.sig.c
	modified:   contrib/telnet/telnetd/ext.h
	modified:   contrib/telnet/telnetd/global.c
	modified:   contrib/telnet/telnetd/sys_term.c
	modified:   contrib/telnet/telnetd/telnetd.c
	modified:   crypto/openssh/session.c
	modified:   gnu/usr.bin/gdb/Makefile.inc
	modified:   lib/clang/llvm.build.mk
	modified:   libexec/ypxfr/ypxfr_main.c
	modified:   sbin/fsck_ffs/fsck.h
	modified:   sbin/fsck_ffs/gjournal.c
	modified:   sbin/fsck_ffs/globs.c
	modified:   sbin/fsck_ffs/setup.c
	modified:   sbin/fsdb/fsdb.c
	modified:   sbin/iscontrol/iscontrol.c
	modified:   sbin/iscontrol/iscontrol.h
	modified:   sbin/nvmecontrol/firmware.c
	modified:   sbin/nvmecontrol/identify.c
	modified:   sbin/nvmecontrol/logpage.c
	modified:   sbin/nvmecontrol/modules/wdc/wdc.c
	modified:   sbin/nvmecontrol/nsid.c
	modified:   sbin/nvmecontrol/passthru.c
	modified:   sbin/nvmecontrol/power.c
	modified:   sbin/nvmecontrol/reset.c
	modified:   share/mk/src.opts.mk
	modified:   stand/userboot/userboot/libuserboot.h
	modified:   tests/sys/kqueue/libkqueue/common.h
	modified:   tests/sys/kqueue/libkqueue/proc.c
	modified:   tests/sys/kqueue/libkqueue/read.c
	modified:   tests/sys/kqueue/libkqueue/signal.c
	modified:   tests/sys/kqueue/libkqueue/timer.c
	modified:   tests/sys/kqueue/libkqueue/user.c
	modified:   tests/sys/kqueue/libkqueue/vnode.c
	new file:   tools/build/options/WITHOUT_LLVM_ASSERTIONS
	new file:   tools/build/options/WITH_LLVM_ASSERTIONS
	modified:   usr.bin/indent/indent.c
	modified:   usr.bin/indent/indent_globs.h
	modified:   usr.bin/indent/io.c
	modified:   usr.bin/indent/parse.c
	modified:   usr.bin/locate/locate/locate.c
	modified:   usr.bin/locate/locate/locate.h
	modified:   usr.bin/systat/swap.c
	modified:   usr.sbin/config/config.h
	modified:   usr.sbin/config/main.c
	modified:   usr.sbin/rpc.yppasswdd/yppasswdd_main.c
	modified:   usr.sbin/rpc.ypupdated/ypupdated_main.c
	modified:   usr.sbin/rpc.ypxfrd/ypxfrd_main.c
	modified:   usr.sbin/ypldap/ypldap.c
	modified:   usr.sbin/ypldap/ypldap.h
	modified:   usr.sbin/ypserv/yp_access.c
	modified:   usr.sbin/ypserv/yp_error.c
	modified:   usr.sbin/ypserv/yp_main.c

Unmerged paths:
  (use "git add <file>..." to mark resolution)
	both modified:   share/man/man5/src.conf.5

HEAD is now at 4ce8a5e6456b Merge branch 'freebsd/12-stable/master' into hardened/12-stable/master
==== merge failed and clean up after ====
On branch hardened/12-stable/master
Your branch is up to date with 'origin/hardened/12-stable/master'.

nothing to commit, working tree clean
HEAD is now at 4ce8a5e6456b Merge branch 'freebsd/12-stable/master' into hardened/12-stable/master
==== END: hardened/12-stable/master ====
