==== BEGIN: hardened/current/master ====
current branch: hardened/current/master
mergeable branch: freebsd/current/master
==== change branch ====
Switched to branch 'hardened/current/master'
Your branch is up to date with 'origin/hardened/current/master'.
==== show current branch ====
  freebsd/11-stable/master
  freebsd/11.2-releng/master
  freebsd/12-stable/master
  freebsd/12.1-releng/master
  freebsd/12.2-releng/master
  freebsd/current/master
  hardened/11-stable/master
  hardened/11.2-releng/master
  hardened/12-stable/master
  hardened/12.1-releng/master
  hardened/12.2-releng/master
* hardened/current/master
==== check for stale changes ====
==== update to latest origin ====
warning: Pulling without specifying how to reconcile divergent branches is
discouraged. You can squelch this message by running one of the following
commands sometime before your next pull:

  git config pull.rebase false  # merge (the default strategy)
  git config pull.rebase true   # rebase
  git config pull.ff only       # fast-forward only

You can replace "git config" with "git config --global" to set a default
preference for all repositories. You can also pass --rebase, --no-rebase,
or --ff-only on the command line to override the configured default per
invocation.

=============================
HardenedBSD Master git Server
=============================

Please note that connections and activity to this server are logged.
This server, git-01.md.hardenedbsd.org, acts as the source-of-truth
server for the HardenedBSD repositories.

Banner last updated: 10 Feb 2020 09:32 EST

Already up to date.
==== merge branches ====
==== merge freebsd/current/master branch ====
Merge made by the 'recursive' strategy.
 stand/common/interp_lua.c          |   1 +
 stand/liblua/Makefile              |   2 +-
 stand/liblua/lpager.c              |  89 ++++
 stand/liblua/lutils.h              |   1 +
 sys/dev/amdsmn/amdsmn.c            |   3 +-
 sys/dev/amdtemp/amdtemp.c          |  70 ++-
 sys/dev/gpio/gpiobus.c             |   9 +
 sys/dev/gpio/gpioc.c               | 982 ++++++++++++++++++++++++++++++++++---
 sys/netinet/sctp_input.c           |  57 ++-
 sys/netpfil/pf/pf.c                |   2 +-
 sys/sys/gpio.h                     |  64 ++-
 tools/test/README                  |   1 +
 tools/test/gpioevents/Makefile     |  12 +
 tools/test/gpioevents/gpioevents.c | 642 ++++++++++++++++++++++++
 usr.sbin/gpioctl/gpioctl.c         |   2 +
 15 files changed, 1837 insertions(+), 100 deletions(-)
 create mode 100644 stand/liblua/lpager.c
 create mode 100644 tools/test/gpioevents/Makefile
 create mode 100644 tools/test/gpioevents/gpioevents.c
=============================
HardenedBSD Master git Server
=============================

Please note that connections and activity to this server are logged.
This server, git-01.md.hardenedbsd.org, acts as the source-of-truth
server for the HardenedBSD repositories.

Banner last updated: 10 Feb 2020 09:32 EST

remote: To github.com:HardenedBSD/hardenedBSD.git        
remote:    44fb2c37a197..8ecf01549a3e  hardened/current/master -> hardened/current/master        
remote:    19e2776e1529..be210a807ac8  github/freebsd/current/master -> github/freebsd/current/master        
remote:  ! [remote rejected]           refs/pull/18/head -> refs/pull/18/head (deny updating a hidden ref)        
remote:  ! [remote rejected]           refs/pull/19/head -> refs/pull/19/head (deny updating a hidden ref)        
remote:  ! [remote rejected]           refs/pull/20/head -> refs/pull/20/head (deny updating a hidden ref)        
remote:  ! [remote rejected]           refs/pull/21/head -> refs/pull/21/head (deny updating a hidden ref)        
remote: error: failed to push some refs to 'github.com:HardenedBSD/hardenedBSD.git'        
remote: . Processing 1 references        
remote: Processed 1 references in total        
To git-01.md.hardenedbsd.org:HardenedBSD/HardenedBSD.git
   44fb2c37a197..8ecf01549a3e  hardened/current/master -> hardened/current/master
==== END: hardened/current/master ====
