==== BEGIN: hardened/current/master ====
current branch: hardened/current/master
mergeable branch: freebsd/current/master
==== change branch ====
Switched to branch 'hardened/current/master'
Your branch is behind 'origin/hardened/current/master' by 25 commits, and can be fast-forwarded.
  (use "git pull" to update your local branch)
==== show current branch ====
  freebsd/11-stable/master
  freebsd/11.2-releng/master
  freebsd/12-stable/master
  freebsd/12.1-releng/master
  freebsd/current/master
  hardened/11-stable/master
  hardened/11.2-releng/master
  hardened/12-stable/master
  hardened/12.1-releng/master
* hardened/current/master
==== check for stale changes ====
==== update to latest origin ====
warning: Pulling without specifying how to reconcile divergent branches is
discouraged. You can squelch this message by running one of the following
commands sometime before your next pull:

  git config pull.rebase false  # merge (the default strategy)
  git config pull.rebase true   # rebase
  git config pull.ff only       # fast-forward only

You can replace "git config" with "git config --global" to set a default
preference for all repositories. You can also pass --rebase, --no-rebase,
or --ff-only on the command line to override the configured default per
invocation.

=============================
HardenedBSD Master git Server
=============================

Please note that connections and activity to this server are logged.
This server, git-01.md.hardenedbsd.org, acts as the source-of-truth
server for the HardenedBSD repositories.

Banner last updated: 10 Feb 2020 09:32 EST

Updating 06956f54935b..bb4f1c35d4c4
Fast-forward
 ObsoleteFiles.inc                               |    6 +
 cddl/contrib/opensolaris/tools/ctf/cvt/iidesc.c |    2 +-
 contrib/bc/.gitignore                           |   60 +
 contrib/bc/.travis.yml                          |   42 +
 contrib/bc/LICENSE.md                           |    4 -
 contrib/bc/Makefile.in                          |   16 +-
 contrib/bc/NEWS.md                              |   62 +-
 contrib/bc/README.md                            |   15 +-
 contrib/bc/codecov.yml                          |    3 +
 contrib/bc/configure                            |    1 +
 contrib/bc/configure.sh                         |  954 ++++
 contrib/bc/functions.sh                         |  218 +
 contrib/bc/gen/bc_help.txt                      |    9 +-
 contrib/bc/gen/dc_help.txt                      |    4 +-
 contrib/bc/gen/lib.bc                           |    4 +-
 contrib/bc/gen/lib2.bc                          |    4 +-
 contrib/bc/gen/strgen.c                         |  143 +
 contrib/bc/gen/strgen.sh                        |    4 +-
 contrib/bc/include/args.h                       |    4 +-
 contrib/bc/include/bc.h                         |   10 +-
 contrib/bc/include/dc.h                         |    8 +-
 contrib/bc/include/file.h                       |    4 +-
 contrib/bc/include/history.h                    |    6 +-
 contrib/bc/include/lang.h                       |   23 +-
 contrib/bc/include/lex.h                        |   35 +-
 contrib/bc/include/num.h                        |   16 +-
 contrib/bc/include/opt.h                        |    4 +-
 contrib/bc/include/parse.h                      |    5 +-
 contrib/bc/include/program.h                    |   12 +-
 contrib/bc/include/rand.h                       |   12 +-
 contrib/bc/include/read.h                       |   11 +-
 contrib/bc/include/status.h                     |    4 +-
 contrib/bc/include/vector.h                     |    4 +-
 contrib/bc/include/vm.h                         |   59 +-
 contrib/bc/install.sh                           |   63 +
 contrib/bc/karatsuba.py                         |  232 +
 contrib/bc/link.sh                              |   60 +
 contrib/bc/locale_install.sh                    |  230 +
 contrib/bc/locale_uninstall.sh                  |   65 +
 contrib/bc/locales/de_AT.ISO8859-1.msg          |    1 +
 contrib/bc/locales/de_AT.ISO8859-15.msg         |    1 +
 contrib/bc/locales/de_AT.UTF-8.msg              |    1 +
 contrib/bc/locales/de_AT.utf8.msg               |    1 +
 contrib/bc/locales/de_CH.ISO8859-1.msg          |    1 +
 contrib/bc/locales/de_CH.ISO8859-15.msg         |    1 +
 contrib/bc/locales/de_CH.UTF-8.msg              |    1 +
 contrib/bc/locales/de_CH.utf8.msg               |    1 +
 contrib/bc/locales/de_DE.ISO8859-1.msg          |   28 +
 contrib/bc/locales/de_DE.ISO8859-15.msg         |    1 +
 contrib/bc/locales/de_DE.UTF-8.msg              |   28 +
 contrib/bc/locales/de_DE.utf8.msg               |    1 +
 contrib/bc/locales/en_AU.ISO8859-1.msg          |    1 +
 contrib/bc/locales/en_AU.ISO8859-15.msg         |    1 +
 contrib/bc/locales/en_AU.US-ASCII.msg           |    1 +
 contrib/bc/locales/en_AU.UTF-8.msg              |    1 +
 contrib/bc/locales/en_AU.utf8.msg               |    1 +
 contrib/bc/locales/en_CA.ISO8859-1.msg          |    1 +
 contrib/bc/locales/en_CA.ISO8859-15.msg         |    1 +
 contrib/bc/locales/en_CA.US-ASCII.msg           |    1 +
 contrib/bc/locales/en_CA.UTF-8.msg              |    1 +
 contrib/bc/locales/en_CA.utf8.msg               |    1 +
 contrib/bc/locales/en_GB.ISO8859-1.msg          |    1 +
 contrib/bc/locales/en_GB.ISO8859-15.msg         |    1 +
 contrib/bc/locales/en_GB.US-ASCII.msg           |    1 +
 contrib/bc/locales/en_GB.UTF-8.msg              |    1 +
 contrib/bc/locales/en_GB.utf8.msg               |    1 +
 contrib/bc/locales/en_IE.ISO8859-1.msg          |    1 +
 contrib/bc/locales/en_IE.ISO8859-15.msg         |    1 +
 contrib/bc/locales/en_IE.US_ASCII.msg           |    1 +
 contrib/bc/locales/en_IE.UTF-8.msg              |    1 +
 contrib/bc/locales/en_IE.utf8.msg               |    1 +
 contrib/bc/locales/en_NZ.ISO8859-1.msg          |    1 +
 contrib/bc/locales/en_NZ.ISO8859-15.msg         |    1 +
 contrib/bc/locales/en_NZ.US-ASCII.msg           |    1 +
 contrib/bc/locales/en_NZ.UTF-8.msg              |    1 +
 contrib/bc/locales/en_NZ.utf8.msg               |    1 +
 contrib/bc/locales/en_US.ISO8859-1.msg          |    1 +
 contrib/bc/locales/en_US.ISO8859-15.msg         |    1 +
 contrib/bc/locales/en_US.US-ASCII.msg           |    1 +
 contrib/bc/locales/en_US.US_ASCII.msg           |    1 +
 contrib/bc/locales/en_US.msg                    |    4 +-
 contrib/bc/locales/en_US.utf8.msg               |    1 +
 contrib/bc/locales/es_ES.ISO8859-1.msg          |  108 +
 contrib/bc/locales/es_ES.ISO8859-15.msg         |    1 +
 contrib/bc/locales/es_ES.UTF-8.msg              |    4 +-
 contrib/bc/locales/es_ES.utf8.msg               |    1 +
 contrib/bc/locales/fr_BE.ISO8859-1.msg          |    1 +
 contrib/bc/locales/fr_BE.ISO8859-15.msg         |    1 +
 contrib/bc/locales/fr_BE.UTF-8.msg              |    1 +
 contrib/bc/locales/fr_BE.utf8.msg               |    1 +
 contrib/bc/locales/fr_CA.ISO8859-1.msg          |    1 +
 contrib/bc/locales/fr_CA.ISO8859-15.msg         |    1 +
 contrib/bc/locales/fr_CA.UTF-8.msg              |    1 +
 contrib/bc/locales/fr_CA.utf8.msg               |    1 +
 contrib/bc/locales/fr_CH.ISO8859-1.msg          |    1 +
 contrib/bc/locales/fr_CH.ISO8859-15.msg         |    1 +
 contrib/bc/locales/fr_CH.UTF-8.msg              |    1 +
 contrib/bc/locales/fr_CH.utf8.msg               |    1 +
 contrib/bc/locales/fr_FR.ISO8859-1.msg          |    4 +-
 contrib/bc/locales/fr_FR.ISO8859-15.msg         |    1 +
 contrib/bc/locales/fr_FR.UTF-8.msg              |    4 +-
 contrib/bc/locales/fr_FR.utf8.msg               |    1 +
 contrib/bc/locales/ja_JP.UTF-8.msg              |   28 +
 contrib/bc/locales/ja_JP.eucJP.msg              |   28 +
 contrib/bc/locales/ja_JP.utf8.msg               |    1 +
 contrib/bc/locales/nl_BE.ISO8859-1.msg          |    1 +
 contrib/bc/locales/nl_BE.ISO8859-15.msg         |    1 +
 contrib/bc/locales/nl_NL.ISO8859-1.msg          |   28 +
 contrib/bc/locales/nl_NL.ISO8859-15.msg         |    1 +
 contrib/bc/locales/nl_NL.UTF-8.msg              |   28 +
 contrib/bc/locales/nl_NL.utf8.msg               |    1 +
 contrib/bc/locales/pl_PL.ISO8859-2.msg          |   28 +
 contrib/bc/locales/pl_PL.UTF-8.msg              |   28 +
 contrib/bc/locales/pl_PL.utf8.msg               |    1 +
 contrib/bc/locales/pt_BR.ISO8859-1.msg          |    1 +
 contrib/bc/locales/pt_BR.ISO8859-15.msg         |    1 +
 contrib/bc/locales/pt_BR.UTF-8.msg              |    1 +
 contrib/bc/locales/pt_BR.utf8.msg               |    1 +
 contrib/bc/locales/pt_PT.ISO8859-1.msg          |    4 +-
 contrib/bc/locales/pt_PT.ISO8859-15.msg         |    1 +
 contrib/bc/locales/pt_PT.UTF-8.msg              |    4 +-
 contrib/bc/locales/pt_PT.utf8.msg               |    1 +
 contrib/bc/locales/ru_RU.CP1251.msg             |   28 +
 contrib/bc/locales/ru_RU.CP866.msg              |   28 +
 contrib/bc/locales/ru_RU.ISO8859-5.msg          |   28 +
 contrib/bc/locales/ru_RU.KOI8-R.msg             |   28 +
 contrib/bc/locales/ru_RU.UTF-8.msg              |   28 +
 contrib/bc/locales/ru_RU.utf8.msg               |    1 +
 contrib/bc/locales/zh_CN.GB18030.msg            |    4 +-
 contrib/bc/locales/zh_CN.GB2312.msg             |    4 +-
 contrib/bc/locales/zh_CN.GBK.msg                |    4 +-
 contrib/bc/locales/zh_CN.UTF-8.msg              |    4 +-
 contrib/bc/locales/zh_CN.eucCN.msg              |    4 +-
 contrib/bc/locales/zh_CN.utf8.msg               |    1 +
 contrib/bc/manpage.sh                           |  113 +
 contrib/bc/manuals/bc.1                         | 1566 -------
 contrib/bc/manuals/bc.1.md.in                   | 1814 ++++++++
 contrib/bc/manuals/bc.1.ronn                    | 1556 -------
 contrib/bc/manuals/bc.md                        |    1 -
 contrib/bc/manuals/bc/A.1                       | 2099 +++++++++
 contrib/bc/manuals/bc/A.1.md                    | 1697 +++++++
 contrib/bc/manuals/bc/E.1                       | 1341 ++++++
 contrib/bc/manuals/bc/E.1.md                    | 1091 +++++
 contrib/bc/manuals/bc/EH.1                      | 1323 ++++++
 contrib/bc/manuals/bc/EH.1.md                   | 1075 +++++
 contrib/bc/manuals/bc/EHN.1                     | 1316 ++++++
 contrib/bc/manuals/bc/EHN.1.md                  | 1067 +++++
 contrib/bc/manuals/bc/EHNP.1                    | 1309 ++++++
 contrib/bc/manuals/bc/EHNP.1.md                 | 1061 +++++
 contrib/bc/manuals/bc/EHP.1                     | 1316 ++++++
 contrib/bc/manuals/bc/EHP.1.md                  | 1069 +++++
 contrib/bc/manuals/bc/EN.1                      | 1334 ++++++
 contrib/bc/manuals/bc/EN.1.md                   | 1083 +++++
 contrib/bc/manuals/bc/ENP.1                     | 1327 ++++++
 contrib/bc/manuals/bc/ENP.1.md                  | 1077 +++++
 contrib/bc/manuals/bc/EP.1                      | 1334 ++++++
 contrib/bc/manuals/bc/EP.1.md                   | 1085 +++++
 contrib/bc/manuals/bc/H.1                       | 2079 +++++++++
 contrib/bc/manuals/bc/H.1.md                    | 1680 +++++++
 contrib/bc/manuals/bc/HN.1                      | 2072 +++++++++
 contrib/bc/manuals/bc/HN.1.md                   | 1672 +++++++
 contrib/bc/manuals/bc/HNP.1                     | 2065 +++++++++
 contrib/bc/manuals/bc/HNP.1.md                  | 1666 +++++++
 contrib/bc/manuals/bc/HP.1                      | 2072 +++++++++
 contrib/bc/manuals/bc/HP.1.md                   | 1674 +++++++
 contrib/bc/manuals/bc/N.1                       | 2092 +++++++++
 contrib/bc/manuals/bc/N.1.md                    | 1689 +++++++
 contrib/bc/manuals/bc/NP.1                      | 2085 +++++++++
 contrib/bc/manuals/bc/NP.1.md                   | 1683 +++++++
 contrib/bc/manuals/bc/P.1                       | 2092 +++++++++
 contrib/bc/manuals/bc/P.1.md                    | 1691 +++++++
 contrib/bc/manuals/build.md                     |    5 +-
 contrib/bc/manuals/dc.1                         |  951 ----
 contrib/bc/manuals/dc.1.md.in                   | 1257 ++++++
 contrib/bc/manuals/dc.1.ronn                    | 1103 -----
 contrib/bc/manuals/dc.md                        |    1 -
 contrib/bc/manuals/dc/A.1                       | 1406 ++++++
 contrib/bc/manuals/dc/A.1.md                    | 1194 +++++
 contrib/bc/manuals/dc/E.1                       | 1202 +++++
 contrib/bc/manuals/dc/E.1.md                    | 1030 +++++
 contrib/bc/manuals/dc/EH.1                      | 1187 +++++
 contrib/bc/manuals/dc/EH.1.md                   | 1017 +++++
 contrib/bc/manuals/dc/EHN.1                     | 1183 +++++
 contrib/bc/manuals/dc/EHN.1.md                  | 1012 +++++
 contrib/bc/manuals/dc/EHNP.1                    | 1176 +++++
 contrib/bc/manuals/dc/EHNP.1.md                 | 1007 +++++
 contrib/bc/manuals/dc/EHP.1                     | 1180 +++++
 contrib/bc/manuals/dc/EHP.1.md                  | 1012 +++++
 contrib/bc/manuals/dc/EN.1                      | 1198 +++++
 contrib/bc/manuals/dc/EN.1.md                   | 1025 +++++
 contrib/bc/manuals/dc/ENP.1                     | 1191 +++++
 contrib/bc/manuals/dc/ENP.1.md                  | 1020 +++++
 contrib/bc/manuals/dc/EP.1                      | 1195 +++++
 contrib/bc/manuals/dc/EP.1.md                   | 1025 +++++
 contrib/bc/manuals/dc/H.1                       | 1391 ++++++
 contrib/bc/manuals/dc/H.1.md                    | 1181 +++++
 contrib/bc/manuals/dc/HN.1                      | 1387 ++++++
 contrib/bc/manuals/dc/HN.1.md                   | 1176 +++++
 contrib/bc/manuals/dc/HNP.1                     | 1380 ++++++
 contrib/bc/manuals/dc/HNP.1.md                  | 1171 +++++
 contrib/bc/manuals/dc/HP.1                      | 1384 ++++++
 contrib/bc/manuals/dc/HP.1.md                   | 1176 +++++
 contrib/bc/manuals/dc/N.1                       | 1402 ++++++
 contrib/bc/manuals/dc/N.1.md                    | 1189 +++++
 contrib/bc/manuals/dc/NP.1                      | 1395 ++++++
 contrib/bc/manuals/dc/NP.1.md                   | 1184 +++++
 contrib/bc/manuals/dc/P.1                       | 1399 ++++++
 contrib/bc/manuals/dc/P.1.md                    | 1189 +++++
 contrib/bc/release.sh                           |  535 +++
 contrib/bc/safe-install.sh                      |   67 +
 contrib/bc/src/args.c                           |    8 +-
 contrib/bc/src/bc/bc.c                          |    4 +-
 contrib/bc/src/bc/lex.c                         |    4 +-
 contrib/bc/src/bc/parse.c                       |   56 +-
 contrib/bc/src/data.c                           |   81 +-
 contrib/bc/src/dc/dc.c                          |    4 +-
 contrib/bc/src/dc/lex.c                         |    4 +-
 contrib/bc/src/dc/parse.c                       |    6 +-
 contrib/bc/src/file.c                           |    4 +-
 contrib/bc/src/history/history.c                |   12 +-
 contrib/bc/src/lang.c                           |   41 +-
 contrib/bc/src/lex.c                            |    4 +-
 contrib/bc/src/main.c                           |    4 +-
 contrib/bc/src/num.c                            |    9 +-
 contrib/bc/src/opt.c                            |    8 +-
 contrib/bc/src/parse.c                          |   25 +-
 contrib/bc/src/program.c                        |  218 +-
 contrib/bc/src/rand/rand.c                      |   10 +-
 contrib/bc/src/read.c                           |   29 +-
 contrib/bc/src/vector.c                         |   74 +-
 contrib/bc/src/vm.c                             |  123 +-
 contrib/bc/tests/afl.py                         |  176 +
 contrib/bc/tests/all.sh                         |  305 ++
 contrib/bc/tests/all.txt                        |    2 +
 contrib/bc/tests/bc/abs.txt                     |    7 +
 contrib/bc/tests/bc/abs_results.txt             |    7 +
 contrib/bc/tests/bc/add.txt                     |  146 +
 contrib/bc/tests/bc/add_results.txt             |  158 +
 contrib/bc/tests/bc/all.txt                     |   44 +
 contrib/bc/tests/bc/arctangent.txt              |   27 +
 contrib/bc/tests/bc/arctangent_results.txt      |   26 +
 contrib/bc/tests/bc/arrays.txt                  |   10 +
 contrib/bc/tests/bc/arrays_results.txt          |    3 +
 contrib/bc/tests/bc/assignments.txt             |  122 +
 contrib/bc/tests/bc/assignments_results.txt     |   61 +
 contrib/bc/tests/bc/boolean.txt                 |  184 +
 contrib/bc/tests/bc/boolean_results.txt         |  184 +
 contrib/bc/tests/bc/comp.txt                    |  132 +
 contrib/bc/tests/bc/comp_results.txt            |  131 +
 contrib/bc/tests/bc/cosine.txt                  |   44 +
 contrib/bc/tests/bc/cosine_results.txt          |   41 +
 contrib/bc/tests/bc/decimal.txt                 |   61 +
 contrib/bc/tests/bc/decimal_results.txt         |   75 +
 contrib/bc/tests/bc/divide.txt                  |   62 +
 contrib/bc/tests/bc/divide_results.txt          |   61 +
 contrib/bc/tests/bc/engineering.txt             |   19 +
 contrib/bc/tests/bc/engineering_results.txt     |   18 +
 contrib/bc/tests/bc/errors.txt                  |  258 ++
 contrib/bc/tests/bc/errors/01.txt               |  368 ++
 contrib/bc/tests/bc/errors/02.txt               |   16 +
 contrib/bc/tests/bc/errors/03.txt               |    2 +
 contrib/bc/tests/bc/errors/04.txt               |    1 +
 contrib/bc/tests/bc/errors/05.txt               |    1 +
 contrib/bc/tests/bc/errors/06.txt               |    1 +
 contrib/bc/tests/bc/errors/07.txt               |   36 +
 contrib/bc/tests/bc/errors/08.txt               |    3 +
 contrib/bc/tests/bc/errors/09.txt               |   18 +
 contrib/bc/tests/bc/errors/10.txt               |   13 +
 contrib/bc/tests/bc/errors/11.txt               |  408 ++
 contrib/bc/tests/bc/errors/12.txt               |    3 +
 contrib/bc/tests/bc/errors/13.txt               |   57 +
 contrib/bc/tests/bc/errors/14.txt               |    1 +
 contrib/bc/tests/bc/errors/15.txt               |    3 +
 contrib/bc/tests/bc/errors/16.txt               |    1 +
 contrib/bc/tests/bc/errors/17.txt               |  313 ++
 contrib/bc/tests/bc/errors/18.txt               |    7 +
 contrib/bc/tests/bc/errors/19.txt               |   16 +
 contrib/bc/tests/bc/errors/20.txt               |   68 +
 contrib/bc/tests/bc/errors/21.txt               |  Bin 0 -> 4892 bytes
 contrib/bc/tests/bc/errors/22.txt               |    5 +
 contrib/bc/tests/bc/errors/23.txt               |  Bin 0 -> 5141 bytes
 contrib/bc/tests/bc/errors/24.txt               |    9 +
 contrib/bc/tests/bc/exponent.txt                |   22 +
 contrib/bc/tests/bc/exponent_results.txt        |   25 +
 contrib/bc/tests/bc/functions.txt               |   13 +
 contrib/bc/tests/bc/functions_results.txt       |    5 +
 contrib/bc/tests/bc/globals.txt                 |   21 +
 contrib/bc/tests/bc/globals_results.txt         |    6 +
 contrib/bc/tests/bc/length.txt                  |  129 +
 contrib/bc/tests/bc/length_results.txt          |  127 +
 contrib/bc/tests/bc/letters.txt                 |   53 +
 contrib/bc/tests/bc/letters_results.txt         |   51 +
 contrib/bc/tests/bc/lib2.txt                    |  463 ++
 contrib/bc/tests/bc/lib2_results.txt            |  698 +++
 contrib/bc/tests/bc/log.txt                     |   22 +
 contrib/bc/tests/bc/log_results.txt             |   22 +
 contrib/bc/tests/bc/misc.txt                    |   13 +
 contrib/bc/tests/bc/misc1.txt                   |   76 +
 contrib/bc/tests/bc/misc1_results.txt           |   57 +
 contrib/bc/tests/bc/misc2.txt                   |  110 +
 contrib/bc/tests/bc/misc2_results.txt           |   68 +
 contrib/bc/tests/bc/misc3.txt                   |   12 +
 contrib/bc/tests/bc/misc3_results.txt           |   30 +
 contrib/bc/tests/bc/misc4.txt                   |    2 +
 contrib/bc/tests/bc/misc4_results.txt           |    1 +
 contrib/bc/tests/bc/misc5.txt                   |   20 +
 contrib/bc/tests/bc/misc5_results.txt           |    4 +
 contrib/bc/tests/bc/misc_results.txt            |    4 +
 contrib/bc/tests/bc/modulus.txt                 |   70 +
 contrib/bc/tests/bc/modulus_results.txt         |   69 +
 contrib/bc/tests/bc/multiply.txt                |   64 +
 contrib/bc/tests/bc/multiply_results.txt        |   78 +
 contrib/bc/tests/bc/pi.txt                      |    4 +
 contrib/bc/tests/bc/pi_results.txt              |  135 +
 contrib/bc/tests/bc/places.txt                  |   20 +
 contrib/bc/tests/bc/places_results.txt          |   18 +
 contrib/bc/tests/bc/posix_errors.txt            |   31 +
 contrib/bc/tests/bc/power.txt                   |   43 +
 contrib/bc/tests/bc/power_results.txt           |   72 +
 contrib/bc/tests/bc/print2.txt                  |  194 +
 contrib/bc/tests/bc/print2_results.txt          |   79 +
 contrib/bc/tests/bc/rand.txt                    |  323 ++
 contrib/bc/tests/bc/rand_results.txt            |  616 +++
 contrib/bc/tests/bc/read.txt                    |    1 +
 contrib/bc/tests/bc/read_errors.txt             |    2 +
 contrib/bc/tests/bc/read_results.txt            |    1 +
 contrib/bc/tests/bc/scale.txt                   |   57 +
 contrib/bc/tests/bc/scale_results.txt           |   57 +
 contrib/bc/tests/bc/scientific.txt              |   51 +
 contrib/bc/tests/bc/scientific_results.txt      |   50 +
 contrib/bc/tests/bc/scripts/add.bc              |   17 +
 contrib/bc/tests/bc/scripts/array.bc            |   60 +
 contrib/bc/tests/bc/scripts/array.txt           |  428 ++
 contrib/bc/tests/bc/scripts/atan.bc             |   11 +
 contrib/bc/tests/bc/scripts/atan.txt            |  301 ++
 contrib/bc/tests/bc/scripts/bessel.bc           |   43 +
 contrib/bc/tests/bc/scripts/divide.bc           |   22 +
 contrib/bc/tests/bc/scripts/functions.bc        |    7 +
 contrib/bc/tests/bc/scripts/functions.txt       |    2 +
 contrib/bc/tests/bc/scripts/globals.bc          |   23 +
 contrib/bc/tests/bc/scripts/globals.txt         |    6 +
 contrib/bc/tests/bc/scripts/len.bc              |   48 +
 contrib/bc/tests/bc/scripts/len.txt             |    3 +
 contrib/bc/tests/bc/scripts/multiply.bc         |   19 +
 contrib/bc/tests/bc/scripts/parse.bc            |   20 +
 contrib/bc/tests/bc/scripts/print.bc            |   25 +
 contrib/bc/tests/bc/scripts/rand.bc             |   97 +
 contrib/bc/tests/bc/scripts/rand.txt            |  119 +
 contrib/bc/tests/bc/scripts/references.bc       |  408 ++
 contrib/bc/tests/bc/scripts/references.txt      | 1272 ++++++
 contrib/bc/tests/bc/scripts/screen.bc           |   20 +
 contrib/bc/tests/bc/scripts/screen.txt          |    1 +
 contrib/bc/tests/bc/scripts/subtract.bc         |   17 +
 contrib/bc/tests/bc/shift.txt                   | 5341 +++++++++++++++++++++++
 contrib/bc/tests/bc/shift_results.txt           | 5325 ++++++++++++++++++++++
 contrib/bc/tests/bc/sine.txt                    |  207 +
 contrib/bc/tests/bc/sine_results.txt            |  204 +
 contrib/bc/tests/bc/sqrt.txt                    |   18 +
 contrib/bc/tests/bc/sqrt_results.txt            |   16 +
 contrib/bc/tests/bc/stdin.txt                   |   15 +
 contrib/bc/tests/bc/stdin_results.txt           |    6 +
 contrib/bc/tests/bc/strings.txt                 |   16 +
 contrib/bc/tests/bc/strings_results.txt         |    8 +
 contrib/bc/tests/bc/subtract.txt                |  153 +
 contrib/bc/tests/bc/subtract_results.txt        |  157 +
 contrib/bc/tests/bc/timeconst.sh                |   91 +
 contrib/bc/tests/bc/trunc.txt                   |   15 +
 contrib/bc/tests/bc/trunc_results.txt           |   13 +
 contrib/bc/tests/bc/vars.txt                    |    7 +
 contrib/bc/tests/bc/vars_results.txt            |   12 +
 contrib/bc/tests/bc/void.txt                    |   20 +
 contrib/bc/tests/bc/void_results.txt            |    9 +
 contrib/bc/tests/dc/abs.txt                     |    7 +
 contrib/bc/tests/dc/abs_results.txt             |    7 +
 contrib/bc/tests/dc/add.txt                     |   33 +
 contrib/bc/tests/dc/add_results.txt             |   45 +
 contrib/bc/tests/dc/all.txt                     |   22 +
 contrib/bc/tests/dc/boolean.txt                 |   80 +
 contrib/bc/tests/dc/boolean_results.txt         |   80 +
 contrib/bc/tests/dc/decimal.txt                 |   36 +
 contrib/bc/tests/dc/decimal_results.txt         |   51 +
 contrib/bc/tests/dc/divide.txt                  |   33 +
 contrib/bc/tests/dc/divide_results.txt          |   32 +
 contrib/bc/tests/dc/divmod.txt                  |   64 +
 contrib/bc/tests/dc/divmod_results.txt          |  126 +
 contrib/bc/tests/dc/engineering.txt             |   19 +
 contrib/bc/tests/dc/engineering_results.txt     |   18 +
 contrib/bc/tests/dc/errors.txt                  |   32 +
 contrib/bc/tests/dc/errors/01.txt               |    2 +
 contrib/bc/tests/dc/errors/02.txt               |   10 +
 contrib/bc/tests/dc/errors/03.txt               |    2 +
 contrib/bc/tests/dc/errors/04.txt               |   10 +
 contrib/bc/tests/dc/errors/05.txt               |    3 +
 contrib/bc/tests/dc/errors/06.txt               |    4 +
 contrib/bc/tests/dc/errors/07.txt               |    4 +
 contrib/bc/tests/dc/errors/08.txt               |    2 +
 contrib/bc/tests/dc/errors/09.txt               |   22 +
 contrib/bc/tests/dc/errors/10.txt               |   19 +
 contrib/bc/tests/dc/errors/11.txt               |    4 +
 contrib/bc/tests/dc/errors/12.txt               |    5 +
 contrib/bc/tests/dc/errors/13.txt               |   17 +
 contrib/bc/tests/dc/errors/14.txt               |    7 +
 contrib/bc/tests/dc/errors/15.txt               |   11 +
 contrib/bc/tests/dc/errors/16.txt               |    7 +
 contrib/bc/tests/dc/errors/17.txt               |   21 +
 contrib/bc/tests/dc/errors/18.txt               |    3 +
 contrib/bc/tests/dc/errors/19.txt               |  Bin 0 -> 5536 bytes
 contrib/bc/tests/dc/errors/20.txt               |    9 +
 contrib/bc/tests/dc/errors/21.txt               |    7 +
 contrib/bc/tests/dc/errors/22.txt               |   37 +
 contrib/bc/tests/dc/errors/23.txt               |  Bin 0 -> 125 bytes
 contrib/bc/tests/dc/errors/24.txt               |    1 +
 contrib/bc/tests/dc/errors/25.txt               |    7 +
 contrib/bc/tests/dc/errors/26.txt               |  222 +
 contrib/bc/tests/dc/errors/27.txt               |    2 +
 contrib/bc/tests/dc/errors/28.txt               |    2 +
 contrib/bc/tests/dc/errors/29.txt               |   20 +
 contrib/bc/tests/dc/misc.txt                    |    2 +
 contrib/bc/tests/dc/misc_results.txt            |   21 +
 contrib/bc/tests/dc/modexp.txt                  |  103 +
 contrib/bc/tests/dc/modexp_results.txt          |  103 +
 contrib/bc/tests/dc/modulus.txt                 |   70 +
 contrib/bc/tests/dc/modulus_results.txt         |   68 +
 contrib/bc/tests/dc/multiply.txt                |   43 +
 contrib/bc/tests/dc/multiply_results.txt        |   43 +
 contrib/bc/tests/dc/negate.txt                  |    3 +
 contrib/bc/tests/dc/negate_results.txt          |    3 +
 contrib/bc/tests/dc/places.txt                  |   16 +
 contrib/bc/tests/dc/places_results.txt          |   16 +
 contrib/bc/tests/dc/power.txt                   |   44 +
 contrib/bc/tests/dc/power_results.txt           |   72 +
 contrib/bc/tests/dc/rand.txt                    |    1 +
 contrib/bc/tests/dc/rand_results.txt            |    3 +
 contrib/bc/tests/dc/read.txt                    |    1 +
 contrib/bc/tests/dc/read_errors.txt             |    2 +
 contrib/bc/tests/dc/read_results.txt            |    1 +
 contrib/bc/tests/dc/scientific.txt              |   51 +
 contrib/bc/tests/dc/scientific_results.txt      |   50 +
 contrib/bc/tests/dc/scripts/array.dc            |    3 +
 contrib/bc/tests/dc/scripts/array.txt           |  201 +
 contrib/bc/tests/dc/scripts/asciify.dc          |    7 +
 contrib/bc/tests/dc/scripts/asciify.txt         |  Bin 0 -> 131076 bytes
 contrib/bc/tests/dc/scripts/else.dc             |    4 +
 contrib/bc/tests/dc/scripts/else.txt            |   34 +
 contrib/bc/tests/dc/scripts/factorial.dc        |    4 +
 contrib/bc/tests/dc/scripts/factorial.txt       |   50 +
 contrib/bc/tests/dc/scripts/loop.dc             |    3 +
 contrib/bc/tests/dc/scripts/loop.txt            |   20 +
 contrib/bc/tests/dc/scripts/prime.dc            |    1 +
 contrib/bc/tests/dc/scripts/quit.dc             |    2 +
 contrib/bc/tests/dc/scripts/quit.txt            |   99 +
 contrib/bc/tests/dc/scripts/stream.dc           |    1 +
 contrib/bc/tests/dc/scripts/weird.dc            |    2 +
 contrib/bc/tests/dc/scripts/weird.txt           |   18 +
 contrib/bc/tests/dc/shift.txt                   |   42 +
 contrib/bc/tests/dc/shift_results.txt           |   42 +
 contrib/bc/tests/dc/sqrt.txt                    |   14 +
 contrib/bc/tests/dc/sqrt_results.txt            |   13 +
 contrib/bc/tests/dc/stdin.txt                   | 1005 +++++
 contrib/bc/tests/dc/stdin_results.txt           | 1022 +++++
 contrib/bc/tests/dc/strings.txt                 |   50 +
 contrib/bc/tests/dc/strings_results.txt         |   51 +
 contrib/bc/tests/dc/subtract.txt                |   33 +
 contrib/bc/tests/dc/subtract_results.txt        |   37 +
 contrib/bc/tests/dc/trunc.txt                   |   11 +
 contrib/bc/tests/dc/trunc_results.txt           |   11 +
 contrib/bc/tests/dc/vars.txt                    |    2 +
 contrib/bc/tests/dc/vars_results.txt            |    6 +
 contrib/bc/tests/errors.sh                      |  132 +
 contrib/bc/tests/radamsa.sh                     |  120 +
 contrib/bc/tests/radamsa.txt                    |   17 +
 contrib/bc/tests/randmath.py                    |  306 ++
 contrib/bc/tests/read.sh                        |  126 +
 contrib/bc/tests/script.sh                      |  155 +
 contrib/bc/tests/scripts.sh                     |   86 +
 contrib/bc/tests/stdin.sh                       |   73 +
 contrib/bc/tests/test.sh                        |  132 +
 lib/libefivar/efi-osdep.h                       |    2 +
 share/man/man5/src.conf.5                       |    6 +-
 share/man/man9/Makefile                         |    6 +-
 share/mk/src.opts.mk                            |    4 +-
 stand/common/self_reloc.c                       |    5 +-
 stand/defs.mk                                   |   13 +-
 stand/efi/include/riscv/efibind.h               |  217 +
 stand/efi/libefi/Makefile                       |    3 +-
 stand/efi/loader/arch/riscv/Makefile.inc        |    7 +
 stand/efi/loader/arch/riscv/exec.c              |   92 +
 stand/efi/loader/arch/riscv/ldscript.riscv      |   87 +
 stand/efi/loader/arch/riscv/start.S             |  168 +
 stand/efi/loader/copy.c                         |    9 +-
 stand/efi/loader/main.c                         |    2 +-
 stand/libsa/geli/gelidev.c                      |    2 +-
 stand/loader.mk                                 |    3 +
 sys/compat/freebsd32/freebsd32_sysent.c         |    4 +-
 sys/fs/nfs/nfs_commonsubs.c                     |   35 +-
 sys/kern/capabilities.conf                      |    2 +
 sys/kern/init_sysent.c                          |    4 +-
 sys/kern/kern_cpuset.c                          |   69 +-
 sys/kern/subr_stack.c                           |   19 +-
 sys/kern/tty_info.c                             |   46 +-
 sys/net/route/nhop_ctl.c                        |   13 +-
 sys/net/route/shared.h                          |    3 +-
 sys/netinet/tcp_subr.c                          |   12 +-
 sys/riscv/include/metadata.h                    |   24 +-
 sys/riscv/riscv/plic.c                          |   13 +-
 sys/sys/stack.h                                 |    8 +-
 usr.bin/gh-bc/Makefile                          |   16 +-
 507 files changed, 123662 insertions(+), 5714 deletions(-)
 create mode 100644 contrib/bc/.gitignore
 create mode 100644 contrib/bc/.travis.yml
 create mode 100644 contrib/bc/codecov.yml
 create mode 120000 contrib/bc/configure
 create mode 100755 contrib/bc/configure.sh
 create mode 100755 contrib/bc/functions.sh
 create mode 100644 contrib/bc/gen/strgen.c
 create mode 100755 contrib/bc/install.sh
 create mode 100755 contrib/bc/karatsuba.py
 create mode 100755 contrib/bc/link.sh
 create mode 100755 contrib/bc/locale_install.sh
 create mode 100755 contrib/bc/locale_uninstall.sh
 create mode 120000 contrib/bc/locales/de_AT.ISO8859-1.msg
 create mode 120000 contrib/bc/locales/de_AT.ISO8859-15.msg
 create mode 120000 contrib/bc/locales/de_AT.UTF-8.msg
 create mode 120000 contrib/bc/locales/de_AT.utf8.msg
 create mode 120000 contrib/bc/locales/de_CH.ISO8859-1.msg
 create mode 120000 contrib/bc/locales/de_CH.ISO8859-15.msg
 create mode 120000 contrib/bc/locales/de_CH.UTF-8.msg
 create mode 120000 contrib/bc/locales/de_CH.utf8.msg
 create mode 120000 contrib/bc/locales/de_DE.ISO8859-15.msg
 create mode 120000 contrib/bc/locales/de_DE.utf8.msg
 create mode 120000 contrib/bc/locales/en_AU.ISO8859-1.msg
 create mode 120000 contrib/bc/locales/en_AU.ISO8859-15.msg
 create mode 120000 contrib/bc/locales/en_AU.US-ASCII.msg
 create mode 120000 contrib/bc/locales/en_AU.UTF-8.msg
 create mode 120000 contrib/bc/locales/en_AU.utf8.msg
 create mode 120000 contrib/bc/locales/en_CA.ISO8859-1.msg
 create mode 120000 contrib/bc/locales/en_CA.ISO8859-15.msg
 create mode 120000 contrib/bc/locales/en_CA.US-ASCII.msg
 create mode 120000 contrib/bc/locales/en_CA.UTF-8.msg
 create mode 120000 contrib/bc/locales/en_CA.utf8.msg
 create mode 120000 contrib/bc/locales/en_GB.ISO8859-1.msg
 create mode 120000 contrib/bc/locales/en_GB.ISO8859-15.msg
 create mode 120000 contrib/bc/locales/en_GB.US-ASCII.msg
 create mode 120000 contrib/bc/locales/en_GB.UTF-8.msg
 create mode 120000 contrib/bc/locales/en_GB.utf8.msg
 create mode 120000 contrib/bc/locales/en_IE.ISO8859-1.msg
 create mode 120000 contrib/bc/locales/en_IE.ISO8859-15.msg
 create mode 120000 contrib/bc/locales/en_IE.US_ASCII.msg
 create mode 120000 contrib/bc/locales/en_IE.UTF-8.msg
 create mode 120000 contrib/bc/locales/en_IE.utf8.msg
 create mode 120000 contrib/bc/locales/en_NZ.ISO8859-1.msg
 create mode 120000 contrib/bc/locales/en_NZ.ISO8859-15.msg
 create mode 120000 contrib/bc/locales/en_NZ.US-ASCII.msg
 create mode 120000 contrib/bc/locales/en_NZ.UTF-8.msg
 create mode 120000 contrib/bc/locales/en_NZ.utf8.msg
 create mode 120000 contrib/bc/locales/en_US.ISO8859-1.msg
 create mode 120000 contrib/bc/locales/en_US.ISO8859-15.msg
 create mode 120000 contrib/bc/locales/en_US.US-ASCII.msg
 create mode 120000 contrib/bc/locales/en_US.US_ASCII.msg
 create mode 120000 contrib/bc/locales/en_US.utf8.msg
 create mode 100644 contrib/bc/locales/es_ES.ISO8859-1.msg
 create mode 120000 contrib/bc/locales/es_ES.ISO8859-15.msg
 create mode 120000 contrib/bc/locales/es_ES.utf8.msg
 create mode 120000 contrib/bc/locales/fr_BE.ISO8859-1.msg
 create mode 120000 contrib/bc/locales/fr_BE.ISO8859-15.msg
 create mode 120000 contrib/bc/locales/fr_BE.UTF-8.msg
 create mode 120000 contrib/bc/locales/fr_BE.utf8.msg
 create mode 120000 contrib/bc/locales/fr_CA.ISO8859-1.msg
 create mode 120000 contrib/bc/locales/fr_CA.ISO8859-15.msg
 create mode 120000 contrib/bc/locales/fr_CA.UTF-8.msg
 create mode 120000 contrib/bc/locales/fr_CA.utf8.msg
 create mode 120000 contrib/bc/locales/fr_CH.ISO8859-1.msg
 create mode 120000 contrib/bc/locales/fr_CH.ISO8859-15.msg
 create mode 120000 contrib/bc/locales/fr_CH.UTF-8.msg
 create mode 120000 contrib/bc/locales/fr_CH.utf8.msg
 create mode 120000 contrib/bc/locales/fr_FR.ISO8859-15.msg
 create mode 120000 contrib/bc/locales/fr_FR.utf8.msg
 create mode 120000 contrib/bc/locales/ja_JP.utf8.msg
 create mode 120000 contrib/bc/locales/nl_BE.ISO8859-1.msg
 create mode 120000 contrib/bc/locales/nl_BE.ISO8859-15.msg
 create mode 120000 contrib/bc/locales/nl_NL.ISO8859-15.msg
 create mode 120000 contrib/bc/locales/nl_NL.utf8.msg
 create mode 120000 contrib/bc/locales/pl_PL.utf8.msg
 create mode 120000 contrib/bc/locales/pt_BR.ISO8859-1.msg
 create mode 120000 contrib/bc/locales/pt_BR.ISO8859-15.msg
 create mode 120000 contrib/bc/locales/pt_BR.UTF-8.msg
 create mode 120000 contrib/bc/locales/pt_BR.utf8.msg
 create mode 120000 contrib/bc/locales/pt_PT.ISO8859-15.msg
 create mode 120000 contrib/bc/locales/pt_PT.utf8.msg
 create mode 120000 contrib/bc/locales/ru_RU.utf8.msg
 create mode 120000 contrib/bc/locales/zh_CN.utf8.msg
 create mode 100755 contrib/bc/manpage.sh
 delete mode 100644 contrib/bc/manuals/bc.1
 create mode 100644 contrib/bc/manuals/bc.1.md.in
 delete mode 100644 contrib/bc/manuals/bc.1.ronn
 delete mode 120000 contrib/bc/manuals/bc.md
 create mode 100644 contrib/bc/manuals/bc/A.1
 create mode 100644 contrib/bc/manuals/bc/A.1.md
 create mode 100644 contrib/bc/manuals/bc/E.1
 create mode 100644 contrib/bc/manuals/bc/E.1.md
 create mode 100644 contrib/bc/manuals/bc/EH.1
 create mode 100644 contrib/bc/manuals/bc/EH.1.md
 create mode 100644 contrib/bc/manuals/bc/EHN.1
 create mode 100644 contrib/bc/manuals/bc/EHN.1.md
 create mode 100644 contrib/bc/manuals/bc/EHNP.1
 create mode 100644 contrib/bc/manuals/bc/EHNP.1.md
 create mode 100644 contrib/bc/manuals/bc/EHP.1
 create mode 100644 contrib/bc/manuals/bc/EHP.1.md
 create mode 100644 contrib/bc/manuals/bc/EN.1
 create mode 100644 contrib/bc/manuals/bc/EN.1.md
 create mode 100644 contrib/bc/manuals/bc/ENP.1
 create mode 100644 contrib/bc/manuals/bc/ENP.1.md
 create mode 100644 contrib/bc/manuals/bc/EP.1
 create mode 100644 contrib/bc/manuals/bc/EP.1.md
 create mode 100644 contrib/bc/manuals/bc/H.1
 create mode 100644 contrib/bc/manuals/bc/H.1.md
 create mode 100644 contrib/bc/manuals/bc/HN.1
 create mode 100644 contrib/bc/manuals/bc/HN.1.md
 create mode 100644 contrib/bc/manuals/bc/HNP.1
 create mode 100644 contrib/bc/manuals/bc/HNP.1.md
 create mode 100644 contrib/bc/manuals/bc/HP.1
 create mode 100644 contrib/bc/manuals/bc/HP.1.md
 create mode 100644 contrib/bc/manuals/bc/N.1
 create mode 100644 contrib/bc/manuals/bc/N.1.md
 create mode 100644 contrib/bc/manuals/bc/NP.1
 create mode 100644 contrib/bc/manuals/bc/NP.1.md
 create mode 100644 contrib/bc/manuals/bc/P.1
 create mode 100644 contrib/bc/manuals/bc/P.1.md
 delete mode 100644 contrib/bc/manuals/dc.1
 create mode 100644 contrib/bc/manuals/dc.1.md.in
 delete mode 100644 contrib/bc/manuals/dc.1.ronn
 delete mode 120000 contrib/bc/manuals/dc.md
 create mode 100644 contrib/bc/manuals/dc/A.1
 create mode 100644 contrib/bc/manuals/dc/A.1.md
 create mode 100644 contrib/bc/manuals/dc/E.1
 create mode 100644 contrib/bc/manuals/dc/E.1.md
 create mode 100644 contrib/bc/manuals/dc/EH.1
 create mode 100644 contrib/bc/manuals/dc/EH.1.md
 create mode 100644 contrib/bc/manuals/dc/EHN.1
 create mode 100644 contrib/bc/manuals/dc/EHN.1.md
 create mode 100644 contrib/bc/manuals/dc/EHNP.1
 create mode 100644 contrib/bc/manuals/dc/EHNP.1.md
 create mode 100644 contrib/bc/manuals/dc/EHP.1
 create mode 100644 contrib/bc/manuals/dc/EHP.1.md
 create mode 100644 contrib/bc/manuals/dc/EN.1
 create mode 100644 contrib/bc/manuals/dc/EN.1.md
 create mode 100644 contrib/bc/manuals/dc/ENP.1
 create mode 100644 contrib/bc/manuals/dc/ENP.1.md
 create mode 100644 contrib/bc/manuals/dc/EP.1
 create mode 100644 contrib/bc/manuals/dc/EP.1.md
 create mode 100644 contrib/bc/manuals/dc/H.1
 create mode 100644 contrib/bc/manuals/dc/H.1.md
 create mode 100644 contrib/bc/manuals/dc/HN.1
 create mode 100644 contrib/bc/manuals/dc/HN.1.md
 create mode 100644 contrib/bc/manuals/dc/HNP.1
 create mode 100644 contrib/bc/manuals/dc/HNP.1.md
 create mode 100644 contrib/bc/manuals/dc/HP.1
 create mode 100644 contrib/bc/manuals/dc/HP.1.md
 create mode 100644 contrib/bc/manuals/dc/N.1
 create mode 100644 contrib/bc/manuals/dc/N.1.md
 create mode 100644 contrib/bc/manuals/dc/NP.1
 create mode 100644 contrib/bc/manuals/dc/NP.1.md
 create mode 100644 contrib/bc/manuals/dc/P.1
 create mode 100644 contrib/bc/manuals/dc/P.1.md
 create mode 100755 contrib/bc/release.sh
 create mode 100755 contrib/bc/safe-install.sh
 create mode 100755 contrib/bc/tests/afl.py
 create mode 100755 contrib/bc/tests/all.sh
 create mode 100644 contrib/bc/tests/all.txt
 create mode 100644 contrib/bc/tests/bc/abs.txt
 create mode 100644 contrib/bc/tests/bc/abs_results.txt
 create mode 100644 contrib/bc/tests/bc/add.txt
 create mode 100644 contrib/bc/tests/bc/add_results.txt
 create mode 100644 contrib/bc/tests/bc/all.txt
 create mode 100644 contrib/bc/tests/bc/arctangent.txt
 create mode 100644 contrib/bc/tests/bc/arctangent_results.txt
 create mode 100644 contrib/bc/tests/bc/arrays.txt
 create mode 100644 contrib/bc/tests/bc/arrays_results.txt
 create mode 100644 contrib/bc/tests/bc/assignments.txt
 create mode 100644 contrib/bc/tests/bc/assignments_results.txt
 create mode 100644 contrib/bc/tests/bc/boolean.txt
 create mode 100644 contrib/bc/tests/bc/boolean_results.txt
 create mode 100644 contrib/bc/tests/bc/comp.txt
 create mode 100644 contrib/bc/tests/bc/comp_results.txt
 create mode 100644 contrib/bc/tests/bc/cosine.txt
 create mode 100644 contrib/bc/tests/bc/cosine_results.txt
 create mode 100644 contrib/bc/tests/bc/decimal.txt
 create mode 100644 contrib/bc/tests/bc/decimal_results.txt
 create mode 100644 contrib/bc/tests/bc/divide.txt
 create mode 100644 contrib/bc/tests/bc/divide_results.txt
 create mode 100644 contrib/bc/tests/bc/engineering.txt
 create mode 100644 contrib/bc/tests/bc/engineering_results.txt
 create mode 100644 contrib/bc/tests/bc/errors.txt
 create mode 100644 contrib/bc/tests/bc/errors/01.txt
 create mode 100644 contrib/bc/tests/bc/errors/02.txt
 create mode 100644 contrib/bc/tests/bc/errors/03.txt
 create mode 100644 contrib/bc/tests/bc/errors/04.txt
 create mode 100644 contrib/bc/tests/bc/errors/05.txt
 create mode 100644 contrib/bc/tests/bc/errors/06.txt
 create mode 100644 contrib/bc/tests/bc/errors/07.txt
 create mode 100644 contrib/bc/tests/bc/errors/08.txt
 create mode 100644 contrib/bc/tests/bc/errors/09.txt
 create mode 100644 contrib/bc/tests/bc/errors/10.txt
 create mode 100644 contrib/bc/tests/bc/errors/11.txt
 create mode 100644 contrib/bc/tests/bc/errors/12.txt
 create mode 100644 contrib/bc/tests/bc/errors/13.txt
 create mode 100644 contrib/bc/tests/bc/errors/14.txt
 create mode 100644 contrib/bc/tests/bc/errors/15.txt
 create mode 100644 contrib/bc/tests/bc/errors/16.txt
 create mode 100644 contrib/bc/tests/bc/errors/17.txt
 create mode 100644 contrib/bc/tests/bc/errors/18.txt
 create mode 100644 contrib/bc/tests/bc/errors/19.txt
 create mode 100644 contrib/bc/tests/bc/errors/20.txt
 create mode 100644 contrib/bc/tests/bc/errors/21.txt
 create mode 100644 contrib/bc/tests/bc/errors/22.txt
 create mode 100644 contrib/bc/tests/bc/errors/23.txt
 create mode 100644 contrib/bc/tests/bc/errors/24.txt
 create mode 100644 contrib/bc/tests/bc/exponent.txt
 create mode 100644 contrib/bc/tests/bc/exponent_results.txt
 create mode 100644 contrib/bc/tests/bc/functions.txt
 create mode 100644 contrib/bc/tests/bc/functions_results.txt
 create mode 100644 contrib/bc/tests/bc/globals.txt
 create mode 100644 contrib/bc/tests/bc/globals_results.txt
 create mode 100644 contrib/bc/tests/bc/length.txt
 create mode 100644 contrib/bc/tests/bc/length_results.txt
 create mode 100644 contrib/bc/tests/bc/letters.txt
 create mode 100644 contrib/bc/tests/bc/letters_results.txt
 create mode 100644 contrib/bc/tests/bc/lib2.txt
 create mode 100644 contrib/bc/tests/bc/lib2_results.txt
 create mode 100644 contrib/bc/tests/bc/log.txt
 create mode 100644 contrib/bc/tests/bc/log_results.txt
 create mode 100644 contrib/bc/tests/bc/misc.txt
 create mode 100644 contrib/bc/tests/bc/misc1.txt
 create mode 100644 contrib/bc/tests/bc/misc1_results.txt
 create mode 100644 contrib/bc/tests/bc/misc2.txt
 create mode 100644 contrib/bc/tests/bc/misc2_results.txt
 create mode 100644 contrib/bc/tests/bc/misc3.txt
 create mode 100644 contrib/bc/tests/bc/misc3_results.txt
 create mode 100644 contrib/bc/tests/bc/misc4.txt
 create mode 100644 contrib/bc/tests/bc/misc4_results.txt
 create mode 100644 contrib/bc/tests/bc/misc5.txt
 create mode 100644 contrib/bc/tests/bc/misc5_results.txt
 create mode 100644 contrib/bc/tests/bc/misc_results.txt
 create mode 100644 contrib/bc/tests/bc/modulus.txt
 create mode 100644 contrib/bc/tests/bc/modulus_results.txt
 create mode 100644 contrib/bc/tests/bc/multiply.txt
 create mode 100644 contrib/bc/tests/bc/multiply_results.txt
 create mode 100644 contrib/bc/tests/bc/pi.txt
 create mode 100644 contrib/bc/tests/bc/pi_results.txt
 create mode 100644 contrib/bc/tests/bc/places.txt
 create mode 100644 contrib/bc/tests/bc/places_results.txt
 create mode 100644 contrib/bc/tests/bc/posix_errors.txt
 create mode 100644 contrib/bc/tests/bc/power.txt
 create mode 100644 contrib/bc/tests/bc/power_results.txt
 create mode 100644 contrib/bc/tests/bc/print2.txt
 create mode 100644 contrib/bc/tests/bc/print2_results.txt
 create mode 100644 contrib/bc/tests/bc/rand.txt
 create mode 100644 contrib/bc/tests/bc/rand_results.txt
 create mode 100644 contrib/bc/tests/bc/read.txt
 create mode 100644 contrib/bc/tests/bc/read_errors.txt
 create mode 100644 contrib/bc/tests/bc/read_results.txt
 create mode 100644 contrib/bc/tests/bc/scale.txt
 create mode 100644 contrib/bc/tests/bc/scale_results.txt
 create mode 100644 contrib/bc/tests/bc/scientific.txt
 create mode 100644 contrib/bc/tests/bc/scientific_results.txt
 create mode 100644 contrib/bc/tests/bc/scripts/add.bc
 create mode 100755 contrib/bc/tests/bc/scripts/array.bc
 create mode 100644 contrib/bc/tests/bc/scripts/array.txt
 create mode 100755 contrib/bc/tests/bc/scripts/atan.bc
 create mode 100644 contrib/bc/tests/bc/scripts/atan.txt
 create mode 100755 contrib/bc/tests/bc/scripts/bessel.bc
 create mode 100644 contrib/bc/tests/bc/scripts/divide.bc
 create mode 100644 contrib/bc/tests/bc/scripts/functions.bc
 create mode 100644 contrib/bc/tests/bc/scripts/functions.txt
 create mode 100755 contrib/bc/tests/bc/scripts/globals.bc
 create mode 100644 contrib/bc/tests/bc/scripts/globals.txt
 create mode 100644 contrib/bc/tests/bc/scripts/len.bc
 create mode 100644 contrib/bc/tests/bc/scripts/len.txt
 create mode 100644 contrib/bc/tests/bc/scripts/multiply.bc
 create mode 100755 contrib/bc/tests/bc/scripts/parse.bc
 create mode 100755 contrib/bc/tests/bc/scripts/print.bc
 create mode 100644 contrib/bc/tests/bc/scripts/rand.bc
 create mode 100644 contrib/bc/tests/bc/scripts/rand.txt
 create mode 100755 contrib/bc/tests/bc/scripts/references.bc
 create mode 100644 contrib/bc/tests/bc/scripts/references.txt
 create mode 100755 contrib/bc/tests/bc/scripts/screen.bc
 create mode 100644 contrib/bc/tests/bc/scripts/screen.txt
 create mode 100644 contrib/bc/tests/bc/scripts/subtract.bc
 create mode 100644 contrib/bc/tests/bc/shift.txt
 create mode 100644 contrib/bc/tests/bc/shift_results.txt
 create mode 100644 contrib/bc/tests/bc/sine.txt
 create mode 100644 contrib/bc/tests/bc/sine_results.txt
 create mode 100644 contrib/bc/tests/bc/sqrt.txt
 create mode 100644 contrib/bc/tests/bc/sqrt_results.txt
 create mode 100644 contrib/bc/tests/bc/stdin.txt
 create mode 100644 contrib/bc/tests/bc/stdin_results.txt
 create mode 100644 contrib/bc/tests/bc/strings.txt
 create mode 100644 contrib/bc/tests/bc/strings_results.txt
 create mode 100644 contrib/bc/tests/bc/subtract.txt
 create mode 100644 contrib/bc/tests/bc/subtract_results.txt
 create mode 100755 contrib/bc/tests/bc/timeconst.sh
 create mode 100644 contrib/bc/tests/bc/trunc.txt
 create mode 100644 contrib/bc/tests/bc/trunc_results.txt
 create mode 100644 contrib/bc/tests/bc/vars.txt
 create mode 100644 contrib/bc/tests/bc/vars_results.txt
 create mode 100644 contrib/bc/tests/bc/void.txt
 create mode 100644 contrib/bc/tests/bc/void_results.txt
 create mode 100644 contrib/bc/tests/dc/abs.txt
 create mode 100644 contrib/bc/tests/dc/abs_results.txt
 create mode 100644 contrib/bc/tests/dc/add.txt
 create mode 100644 contrib/bc/tests/dc/add_results.txt
 create mode 100644 contrib/bc/tests/dc/all.txt
 create mode 100644 contrib/bc/tests/dc/boolean.txt
 create mode 100644 contrib/bc/tests/dc/boolean_results.txt
 create mode 100644 contrib/bc/tests/dc/decimal.txt
 create mode 100644 contrib/bc/tests/dc/decimal_results.txt
 create mode 100644 contrib/bc/tests/dc/divide.txt
 create mode 100644 contrib/bc/tests/dc/divide_results.txt
 create mode 100644 contrib/bc/tests/dc/divmod.txt
 create mode 100644 contrib/bc/tests/dc/divmod_results.txt
 create mode 100644 contrib/bc/tests/dc/engineering.txt
 create mode 100644 contrib/bc/tests/dc/engineering_results.txt
 create mode 100644 contrib/bc/tests/dc/errors.txt
 create mode 100644 contrib/bc/tests/dc/errors/01.txt
 create mode 100644 contrib/bc/tests/dc/errors/02.txt
 create mode 100644 contrib/bc/tests/dc/errors/03.txt
 create mode 100644 contrib/bc/tests/dc/errors/04.txt
 create mode 100644 contrib/bc/tests/dc/errors/05.txt
 create mode 100644 contrib/bc/tests/dc/errors/06.txt
 create mode 100644 contrib/bc/tests/dc/errors/07.txt
 create mode 100644 contrib/bc/tests/dc/errors/08.txt
 create mode 100644 contrib/bc/tests/dc/errors/09.txt
 create mode 100644 contrib/bc/tests/dc/errors/10.txt
 create mode 100644 contrib/bc/tests/dc/errors/11.txt
 create mode 100644 contrib/bc/tests/dc/errors/12.txt
 create mode 100644 contrib/bc/tests/dc/errors/13.txt
 create mode 100644 contrib/bc/tests/dc/errors/14.txt
 create mode 100644 contrib/bc/tests/dc/errors/15.txt
 create mode 100644 contrib/bc/tests/dc/errors/16.txt
 create mode 100644 contrib/bc/tests/dc/errors/17.txt
 create mode 100644 contrib/bc/tests/dc/errors/18.txt
 create mode 100644 contrib/bc/tests/dc/errors/19.txt
 create mode 100644 contrib/bc/tests/dc/errors/20.txt
 create mode 100644 contrib/bc/tests/dc/errors/21.txt
 create mode 100644 contrib/bc/tests/dc/errors/22.txt
 create mode 100644 contrib/bc/tests/dc/errors/23.txt
 create mode 100644 contrib/bc/tests/dc/errors/24.txt
 create mode 100644 contrib/bc/tests/dc/errors/25.txt
 create mode 100644 contrib/bc/tests/dc/errors/26.txt
 create mode 100644 contrib/bc/tests/dc/errors/27.txt
 create mode 100644 contrib/bc/tests/dc/errors/28.txt
 create mode 100644 contrib/bc/tests/dc/errors/29.txt
 create mode 100644 contrib/bc/tests/dc/misc.txt
 create mode 100644 contrib/bc/tests/dc/misc_results.txt
 create mode 100644 contrib/bc/tests/dc/modexp.txt
 create mode 100644 contrib/bc/tests/dc/modexp_results.txt
 create mode 100644 contrib/bc/tests/dc/modulus.txt
 create mode 100644 contrib/bc/tests/dc/modulus_results.txt
 create mode 100644 contrib/bc/tests/dc/multiply.txt
 create mode 100644 contrib/bc/tests/dc/multiply_results.txt
 create mode 100644 contrib/bc/tests/dc/negate.txt
 create mode 100644 contrib/bc/tests/dc/negate_results.txt
 create mode 100644 contrib/bc/tests/dc/places.txt
 create mode 100644 contrib/bc/tests/dc/places_results.txt
 create mode 100644 contrib/bc/tests/dc/power.txt
 create mode 100644 contrib/bc/tests/dc/power_results.txt
 create mode 100644 contrib/bc/tests/dc/rand.txt
 create mode 100644 contrib/bc/tests/dc/rand_results.txt
 create mode 100644 contrib/bc/tests/dc/read.txt
 create mode 100644 contrib/bc/tests/dc/read_errors.txt
 create mode 100644 contrib/bc/tests/dc/read_results.txt
 create mode 100644 contrib/bc/tests/dc/scientific.txt
 create mode 100644 contrib/bc/tests/dc/scientific_results.txt
 create mode 100755 contrib/bc/tests/dc/scripts/array.dc
 create mode 100644 contrib/bc/tests/dc/scripts/array.txt
 create mode 100755 contrib/bc/tests/dc/scripts/asciify.dc
 create mode 100644 contrib/bc/tests/dc/scripts/asciify.txt
 create mode 100755 contrib/bc/tests/dc/scripts/else.dc
 create mode 100644 contrib/bc/tests/dc/scripts/else.txt
 create mode 100755 contrib/bc/tests/dc/scripts/factorial.dc
 create mode 100644 contrib/bc/tests/dc/scripts/factorial.txt
 create mode 100755 contrib/bc/tests/dc/scripts/loop.dc
 create mode 100644 contrib/bc/tests/dc/scripts/loop.txt
 create mode 100755 contrib/bc/tests/dc/scripts/prime.dc
 create mode 100755 contrib/bc/tests/dc/scripts/quit.dc
 create mode 100644 contrib/bc/tests/dc/scripts/quit.txt
 create mode 100755 contrib/bc/tests/dc/scripts/stream.dc
 create mode 100755 contrib/bc/tests/dc/scripts/weird.dc
 create mode 100644 contrib/bc/tests/dc/scripts/weird.txt
 create mode 100644 contrib/bc/tests/dc/shift.txt
 create mode 100644 contrib/bc/tests/dc/shift_results.txt
 create mode 100644 contrib/bc/tests/dc/sqrt.txt
 create mode 100644 contrib/bc/tests/dc/sqrt_results.txt
 create mode 100644 contrib/bc/tests/dc/stdin.txt
 create mode 100644 contrib/bc/tests/dc/stdin_results.txt
 create mode 100644 contrib/bc/tests/dc/strings.txt
 create mode 100644 contrib/bc/tests/dc/strings_results.txt
 create mode 100644 contrib/bc/tests/dc/subtract.txt
 create mode 100644 contrib/bc/tests/dc/subtract_results.txt
 create mode 100644 contrib/bc/tests/dc/trunc.txt
 create mode 100644 contrib/bc/tests/dc/trunc_results.txt
 create mode 100644 contrib/bc/tests/dc/vars.txt
 create mode 100644 contrib/bc/tests/dc/vars_results.txt
 create mode 100755 contrib/bc/tests/errors.sh
 create mode 100755 contrib/bc/tests/radamsa.sh
 create mode 100644 contrib/bc/tests/radamsa.txt
 create mode 100755 contrib/bc/tests/randmath.py
 create mode 100755 contrib/bc/tests/read.sh
 create mode 100755 contrib/bc/tests/script.sh
 create mode 100755 contrib/bc/tests/scripts.sh
 create mode 100755 contrib/bc/tests/stdin.sh
 create mode 100755 contrib/bc/tests/test.sh
 create mode 100644 stand/efi/include/riscv/efibind.h
 create mode 100644 stand/efi/loader/arch/riscv/Makefile.inc
 create mode 100644 stand/efi/loader/arch/riscv/exec.c
 create mode 100644 stand/efi/loader/arch/riscv/ldscript.riscv
 create mode 100644 stand/efi/loader/arch/riscv/start.S
==== merge branches ====
==== merge freebsd/current/master branch ====
Auto-merging sys/amd64/amd64/pmap.c
Auto-merging stand/defaults/loader.conf
Merge made by the 'recursive' strategy.
 contrib/sqlite3/configure        |  20 +--
 contrib/sqlite3/configure.ac     |   2 +-
 contrib/sqlite3/sqlite3.c        | 325 +++++++++++++++++++++++++++++----------
 contrib/sqlite3/sqlite3.h        |   6 +-
 contrib/sqlite3/tea/configure    |  18 +--
 contrib/sqlite3/tea/configure.ac |   2 +-
 lib/csu/Makefile.inc             |   4 +-
 stand/defaults/loader.conf       |   8 +-
 sys/amd64/amd64/pmap.c           |   4 +-
 sys/conf/sysent.mk               |   7 +
 sys/powerpc/aim/mmu_radix.c      |   2 +-
 sys/vm/vm_page.c                 |  57 +++----
 sys/vm/vm_page.h                 |   2 +-
 usr.bin/time/time.1              |  58 ++++++-
 usr.bin/timeout/timeout.1        |  58 ++++++-
 15 files changed, 432 insertions(+), 141 deletions(-)
=============================
HardenedBSD Master git Server
=============================

Please note that connections and activity to this server are logged.
This server, git-01.md.hardenedbsd.org, acts as the source-of-truth
server for the HardenedBSD repositories.

Banner last updated: 10 Feb 2020 09:32 EST

remote: To github.com:HardenedBSD/hardenedBSD.git        
remote:    bb4f1c35d4c4..a5e8d0be5b97  hardened/current/master -> hardened/current/master        
remote:    eb35e1c9283c..43690e6776fb  github/freebsd/current/master -> github/freebsd/current/master        
To git-01.md.hardenedbsd.org:HardenedBSD/HardenedBSD.git
   bb4f1c35d4c4..a5e8d0be5b97  hardened/current/master -> hardened/current/master
==== END: hardened/current/master ====
