==== BEGIN: hardened/current/master ====
current branch: hardened/current/master
mergeable branch: freebsd/current/master
==== change branch ====
Switched to branch 'hardened/current/master'
Your branch is up to date with 'origin/hardened/current/master'.
==== show current branch ====
  freebsd/11-stable/master
  freebsd/11.2-releng/master
  freebsd/12-stable/master
  freebsd/12.1-releng/master
  freebsd/current/master
  hardened/11-stable/master
  hardened/11.2-releng/master
  hardened/12-stable/master
  hardened/12.1-releng/master
* hardened/current/master
==== check for stale changes ====
==== update to latest origin ====
warning: Pulling without specifying how to reconcile divergent branches is
discouraged. You can squelch this message by running one of the following
commands sometime before your next pull:

  git config pull.rebase false  # merge (the default strategy)
  git config pull.rebase true   # rebase
  git config pull.ff only       # fast-forward only

You can replace "git config" with "git config --global" to set a default
preference for all repositories. You can also pass --rebase, --no-rebase,
or --ff-only on the command line to override the configured default per
invocation.

=============================
HardenedBSD Master git Server
=============================

Please note that connections and activity to this server are logged.
This server, git-01.md.hardenedbsd.org, acts as the source-of-truth
server for the HardenedBSD repositories.

Banner last updated: 10 Feb 2020 09:32 EST

Already up to date.
==== merge branches ====
==== merge freebsd/current/master branch ====
Merge made by the 'recursive' strategy.
 lib/libc/sys/shm_open.c             |   59 +-
 sys/amd64/vmm/amd/vmcb.c            |    4 +-
 sys/dev/ice/ice_adminq_cmd.h        |  197 ++---
 sys/dev/ice/ice_bitops.h            |   86 ++-
 sys/dev/ice/ice_common.c            | 1426 ++++++++++++++++++++++-------------
 sys/dev/ice/ice_common.h            |   29 +-
 sys/dev/ice/ice_controlq.c          |  206 ++---
 sys/dev/ice/ice_controlq.h          |    3 +
 sys/dev/ice/ice_dcb.c               |   80 +-
 sys/dev/ice/ice_dcb.h               |   13 +-
 sys/dev/ice/ice_drv_info.h          |    8 +-
 sys/dev/ice/ice_flex_pipe.c         |  469 ++++++------
 sys/dev/ice/ice_flex_pipe.h         |   11 +-
 sys/dev/ice/ice_flex_type.h         |   48 +-
 sys/dev/ice/ice_flow.c              |  743 +++++-------------
 sys/dev/ice/ice_flow.h              |   77 +-
 sys/dev/ice/ice_hw_autogen.h        |    4 +-
 sys/dev/ice/ice_lan_tx_rx.h         |    4 +-
 sys/dev/ice/ice_lib.c               |  280 +++++--
 sys/dev/ice/ice_lib.h               |    2 +
 sys/dev/ice/ice_nvm.c               |  172 +++--
 sys/dev/ice/ice_nvm.h               |    7 +
 sys/dev/ice/ice_protocol_type.h     |    8 +-
 sys/dev/ice/ice_sched.c             |  243 +++---
 sys/dev/ice/ice_sched.h             |   10 +-
 sys/dev/ice/ice_status.h            |    1 +
 sys/dev/ice/ice_strings.c           |    9 +-
 sys/dev/ice/ice_switch.c            |  367 +++++----
 sys/dev/ice/ice_switch.h            |   33 +-
 sys/dev/ice/ice_type.h              |   36 +-
 sys/dev/ice/if_ice_iflib.c          |   65 +-
 sys/dev/ice/virtchnl.h              |   47 +-
 sys/dev/ice/virtchnl_inline_ipsec.h |  187 ++++-
 sys/dev/usb/net/if_ure.c            |    7 +-
 sys/riscv/conf/GENERIC              |    2 +-
 35 files changed, 2768 insertions(+), 2175 deletions(-)
=============================
HardenedBSD Master git Server
=============================

Please note that connections and activity to this server are logged.
This server, git-01.md.hardenedbsd.org, acts as the source-of-truth
server for the HardenedBSD repositories.

Banner last updated: 10 Feb 2020 09:32 EST

remote: To github.com:HardenedBSD/hardenedBSD.git        
remote:    06eaf46bd062..9fc9330bcd49  hardened/current/master -> hardened/current/master        
remote:    495106755d56..e45432bf2002  github/freebsd/current/master -> github/freebsd/current/master        
remote: . Processing 1 references        
remote: Processed 1 references in total        
To git-01.md.hardenedbsd.org:HardenedBSD/HardenedBSD.git
   06eaf46bd062..9fc9330bcd49  hardened/current/master -> hardened/current/master
==== END: hardened/current/master ====
