==== BEGIN: hardened/current/master ====
current branch: hardened/current/master
mergeable branch: freebsd/current/master
==== change branch ====
Switched to branch 'hardened/current/master'
Your branch is up to date with 'origin/hardened/current/master'.
==== show current branch ====
  freebsd/11-stable/master
  freebsd/11.2-releng/master
  freebsd/12-stable/master
  freebsd/12.1-releng/master
  freebsd/current/master
  hardened/11-stable/master
  hardened/11.2-releng/master
  hardened/12-stable/master
  hardened/12.1-releng/master
* hardened/current/master
==== check for stale changes ====
==== update to latest origin ====
=============================
HardenedBSD Master git Server
=============================

Please note that connections and activity to this server are logged.
This server, git-01.md.hardenedbsd.org, acts as the source-of-truth
server for the HardenedBSD repositories.

Banner last updated: 10 Feb 2020 09:32 EST

Already up to date.
==== merge branches ====
==== merge freebsd/current/master branch ====
Merge made by the 'recursive' strategy.
 sys/cam/ata/ata_da.c            |  2 --
 sys/cam/cam_xpt.c               |  1 -
 sys/cam/mmc/mmc_da.c            |  2 --
 sys/fs/nfsserver/nfs_nfsdserv.c | 35 +++++++++++++++++++++++++++++++----
 sys/geom/geom_disk.c            |  1 -
 usr.sbin/bhyve/smbiostbl.c      |  2 +-
 6 files changed, 32 insertions(+), 11 deletions(-)
=============================
HardenedBSD Master git Server
=============================

Please note that connections and activity to this server are logged.
This server, git-01.md.hardenedbsd.org, acts as the source-of-truth
server for the HardenedBSD repositories.

Banner last updated: 10 Feb 2020 09:32 EST

remote: To github.com:HardenedBSD/hardenedBSD.git        
remote:    c75e8e919c54..1a2f372ac1d3  hardened/current/master -> hardened/current/master        
remote:    d59fe9f8846d..51d361460b94  github/freebsd/current/master -> github/freebsd/current/master        
To git-01.md.hardenedbsd.org:HardenedBSD/HardenedBSD.git
   c75e8e919c54..1a2f372ac1d3  hardened/current/master -> hardened/current/master
==== END: hardened/current/master ====
