==== BEGIN: hardened/12-stable/master ====
current branch: hardened/12-stable/master
mergeable branch: freebsd/12-stable/master
==== change branch ====
Switched to branch 'hardened/12-stable/master'
Your branch is up to date with 'origin/hardened/12-stable/master'.
==== show current branch ====
  freebsd/11-stable/master
  freebsd/11.2-releng/master
  freebsd/12-stable/master
  freebsd/12.1-releng/master
  freebsd/current/master
  hardened/11-stable/master
  hardened/11.2-releng/master
* hardened/12-stable/master
  hardened/12.1-releng/master
  hardened/current/master
==== check for stale changes ====
==== update to latest origin ====
warning: Pulling without specifying how to reconcile divergent branches is
discouraged. You can squelch this message by running one of the following
commands sometime before your next pull:

  git config pull.rebase false  # merge (the default strategy)
  git config pull.rebase true   # rebase
  git config pull.ff only       # fast-forward only

You can replace "git config" with "git config --global" to set a default
preference for all repositories. You can also pass --rebase, --no-rebase,
or --ff-only on the command line to override the configured default per
invocation.

=============================
HardenedBSD Master git Server
=============================

Please note that connections and activity to this server are logged.
This server, git-01.md.hardenedbsd.org, acts as the source-of-truth
server for the HardenedBSD repositories.

Banner last updated: 10 Feb 2020 09:32 EST

Already up to date.
==== merge branches ====
==== merge freebsd/12-stable/master branch ====
Removing sys/dev/cxgbe/firmware/t6fw-1.24.12.0.bin
Removing sys/dev/cxgbe/firmware/t5fw-1.24.12.0.bin
Removing sys/dev/cxgbe/firmware/t4fw-1.24.12.0.bin
Auto-merging sys/conf/files
Merge made by the 'recursive' strategy.
 sys/conf/files                            |   6 +--
 sys/dev/cxgbe/firmware/t4fw-1.24.12.0.bin | Bin 568832 -> 0 bytes
 sys/dev/cxgbe/firmware/t4fw-1.25.0.0.bin  | Bin 0 -> 569856 bytes
 sys/dev/cxgbe/firmware/t4fw_interface.h   |  66 +++++++++++++++++++++++++-----
 sys/dev/cxgbe/firmware/t5fw-1.24.12.0.bin | Bin 673280 -> 0 bytes
 sys/dev/cxgbe/firmware/t5fw-1.25.0.0.bin  | Bin 0 -> 673792 bytes
 sys/dev/cxgbe/firmware/t6fw-1.24.12.0.bin | Bin 727552 -> 0 bytes
 sys/dev/cxgbe/firmware/t6fw-1.25.0.0.bin  | Bin 0 -> 731136 bytes
 sys/dev/cxgbe/firmware/t6fw_cfg.txt       |   6 +--
 sys/dev/cxgbe/firmware/t6fw_cfg_uwire.txt |  12 ++++--
 sys/modules/cxgbe/t4_firmware/Makefile    |   2 +-
 sys/modules/cxgbe/t5_firmware/Makefile    |   2 +-
 sys/modules/cxgbe/t6_firmware/Makefile    |   2 +-
 13 files changed, 72 insertions(+), 24 deletions(-)
 delete mode 100644 sys/dev/cxgbe/firmware/t4fw-1.24.12.0.bin
 create mode 100644 sys/dev/cxgbe/firmware/t4fw-1.25.0.0.bin
 delete mode 100644 sys/dev/cxgbe/firmware/t5fw-1.24.12.0.bin
 create mode 100644 sys/dev/cxgbe/firmware/t5fw-1.25.0.0.bin
 delete mode 100644 sys/dev/cxgbe/firmware/t6fw-1.24.12.0.bin
 create mode 100644 sys/dev/cxgbe/firmware/t6fw-1.25.0.0.bin
=============================
HardenedBSD Master git Server
=============================

Please note that connections and activity to this server are logged.
This server, git-01.md.hardenedbsd.org, acts as the source-of-truth
server for the HardenedBSD repositories.

Banner last updated: 10 Feb 2020 09:32 EST

remote: * Checking 1 branches        
remote: Checked 1 references in total        
remote: To github.com:HardenedBSD/hardenedBSD.git        
remote:    53c42ebaf0b6..0e33caaf9ff2  hardened/12-stable/master -> hardened/12-stable/master        
remote:    4cfb75d46fa8..045a159f2102  github/freebsd/12-stable/master -> github/freebsd/12-stable/master
remote: . Processing 1 references        
remote: Processed 1 references in total        
remote: 
remote: Create a new pull request for 'hardened/12-stable/master':        
remote:   https://git-01.md.hardenedbsd.org/HardenedBSD/HardenedBSD/compare/hardened/current/master...hardened/12-stable/master        
remote: 
To git-01.md.hardenedbsd.org:HardenedBSD/HardenedBSD.git
   53c42ebaf0b6..0e33caaf9ff2  hardened/12-stable/master -> hardened/12-stable/master
==== END: hardened/12-stable/master ====
