==== BEGIN: hardened/current/master ====
current branch: hardened/current/master
mergeable branch: freebsd/current/master
==== change branch ====
Switched to branch 'hardened/current/master'
Your branch is behind 'origin/hardened/current/master' by 1 commit, and can be fast-forwarded.
  (use "git pull" to update your local branch)
==== show current branch ====
  freebsd/11-stable/master
  freebsd/11.2-releng/master
  freebsd/12-stable/master
  freebsd/12.1-releng/master
  freebsd/current/master
  hardened/11-stable/master
  hardened/11.2-releng/master
  hardened/12-stable/master
  hardened/12.1-releng/master
* hardened/current/master
==== check for stale changes ====
==== update to latest origin ====
Updating 30c19718f7a8..546919edd288
Fast-forward
 usr.sbin/unbound/host/Makefile | 2 +-
 1 file changed, 1 insertion(+), 1 deletion(-)
==== merge branches ====
==== merge freebsd/current/master branch ====
Auto-merging usr.bin/Makefile
Auto-merging share/man/man5/src.conf.5
CONFLICT (content): Merge conflict in share/man/man5/src.conf.5
Auto-merging share/man/man4/Makefile
Auto-merging release/Makefile
Automatic merge failed; fix conflicts and then commit the result.
==== merge failed at freebsd/current/master branch ====
diff --cc share/man/man5/src.conf.5
index 9421a8858a70,9a8d0e16c22d..000000000000
--- a/share/man/man5/src.conf.5
+++ b/share/man/man5/src.conf.5
@@@ -1,6 -1,6 +1,10 @@@
  .\" DO NOT EDIT-- this file is @generated by tools/build/options/makeman.
  .\" $FreeBSD$
++<<<<<<< HEAD
 +.Dd January 9, 2020
++=======
+ .Dd January 13, 2020
++>>>>>>> freebsd/current/master
  .Dt SRC.CONF 5
  .Os
  .Sh NAME
On branch hardened/current/master
Your branch is up to date with 'origin/hardened/current/master'.

You have unmerged paths.
  (fix conflicts and run "git commit")
  (use "git merge --abort" to abort the merge)

Changes to be committed:
	modified:   release/Makefile
	modified:   release/Makefile.vm
	modified:   share/man/man4/Makefile
	modified:   share/man/man4/tap.4
	modified:   sys/compat/linuxkpi/common/src/linux_rcu.c
	modified:   sys/kern/subr_epoch.c
	modified:   sys/ufs/ffs/ffs_vnops.c
	modified:   sys/ufs/ufs/inode.h
	modified:   usr.bin/Makefile
	modified:   usr.bin/gprof/Makefile
	modified:   usr.bin/gprof/gprof.h
	new file:   usr.bin/gprof/riscv.h

Unmerged paths:
  (use "git add <file>..." to mark resolution)
	both modified:   share/man/man5/src.conf.5

HEAD is now at 546919edd288 HBSD: Fixup unbound-host
==== merge failed and clean up after ====
On branch hardened/current/master
Your branch is up to date with 'origin/hardened/current/master'.

nothing to commit, working tree clean
HEAD is now at 546919edd288 HBSD: Fixup unbound-host
==== END: hardened/current/master ====
