==== BEGIN: hardened/current/master ====
current branch: hardened/current/master
mergeable branch: freebsd/current/master
==== change branch ====
Switched to branch 'hardened/current/master'
Your branch is up to date with 'origin/hardened/current/master'.
==== show current branch ====
  freebsd/11-stable/master
  freebsd/11.2-releng/master
  freebsd/12-stable/master
  freebsd/12.1-releng/master
  freebsd/current/master
  hardened/11-stable/master
  hardened/11.2-releng/master
  hardened/12-stable/master
  hardened/12.1-releng/master
* hardened/current/master
==== check for stale changes ====
==== update to latest origin ====
=============================
HardenedBSD Master git Server
=============================

Please note that connections and activity to this server are logged.
This server, git-01.md.hardenedbsd.org, acts as the source-of-truth
server for the HardenedBSD repositories.

Banner last updated: 10 Feb 2020 09:32 EST

Already up to date.
==== merge branches ====
==== merge freebsd/current/master branch ====
Merge made by the 'recursive' strategy.
 stand/ficl/fileaccess.c      |  2 +-
 stand/i386/loader/chain.c    |  2 +-
 stand/liblua/lstd.c          |  2 +-
 sys/arm64/rockchip/rk_pcie.c |  4 ++--
 sys/kern/uipc_ktls.c         |  1 +
 sys/net/ieee8023ad_lacp.c    | 43 +++++++++++++------------------------------
 sys/net/ieee8023ad_lacp.h    |  4 +---
 sys/net/if_lagg.c            | 11 +++++++----
 sys/net/if_var.h             |  1 +
 sys/netinet/in_pcb.c         |  1 +
 sys/netinet/tcp_ratelimit.c  |  1 +
 sys/ufs/ffs/ffs_suspend.c    |  6 +++---
 12 files changed, 33 insertions(+), 45 deletions(-)
=============================
HardenedBSD Master git Server
=============================

Please note that connections and activity to this server are logged.
This server, git-01.md.hardenedbsd.org, acts as the source-of-truth
server for the HardenedBSD repositories.

Banner last updated: 10 Feb 2020 09:32 EST

remote: To github.com:HardenedBSD/hardenedBSD.git        
remote:    374e3febee43..d80775fe9937  hardened/current/master -> hardened/current/master        
remote:    e8addac815f1..32ca39b78e58  github/freebsd/current/master -> github/freebsd/current/master        
To git-01.md.hardenedbsd.org:HardenedBSD/HardenedBSD.git
   374e3febee43..d80775fe9937  hardened/current/master -> hardened/current/master
==== END: hardened/current/master ====
