==== BEGIN: hardened/current/master ====
current branch: hardened/current/master
mergeable branch: freebsd/current/master
==== change branch ====
Switched to branch 'hardened/current/master'
Your branch is up to date with 'origin/hardened/current/master'.
==== show current branch ====
  freebsd/11-stable/master
  freebsd/11.2-releng/master
  freebsd/12-stable/master
  freebsd/12.1-releng/master
  freebsd/current/master
  hardened/11-stable/master
  hardened/11.2-releng/master
  hardened/12-stable/master
  hardened/12.1-releng/master
* hardened/current/master
==== check for stale changes ====
==== update to latest origin ====
Already up to date.
==== merge branches ====
==== merge freebsd/current/master branch ====
Auto-merging sys/sys/sysctl.h
Auto-merging Makefile.inc1
Merge made by the 'recursive' strategy.
 Makefile.inc1                                      | 15 +++++-----
 .../compat/opensolaris/kern/opensolaris_kstat.c    |  4 +--
 .../contrib/opensolaris/uts/common/fs/zfs/arc.c    |  9 ++++--
 sys/cddl/dev/dtrace/dtrace_sysctl.c                |  5 ++--
 sys/cddl/dev/dtrace/dtrace_test.c                  |  5 ++--
 sys/dev/extres/regulator/regulator.c               | 34 +++++++++++++++++-----
 sys/sys/sysctl.h                                   |  8 ++---
 sys/vm/memguard.c                                  |  2 +-
 sys/vm/uma_core.c                                  |  4 +--
 sys/vm/vm_glue.c                                   |  6 ++--
 sys/vm/vm_kern.c                                   |  2 +-
 sys/vm/vm_reserv.c                                 |  4 +--
 sys/vm/vnode_pager.c                               |  6 ++--
 tools/build/Makefile                               |  3 ++
 14 files changed, 67 insertions(+), 40 deletions(-)
remote: To github.com:HardenedBSD/hardenedBSD.git        
remote:    1966d70d14d9..0d0bb30d1ae9  hardened/current/master -> hardened/current/master        
remote:    f378822de743..696e3afd34f2  github/freebsd/current/master -> github/freebsd/current/master        
To git-01.md.hardenedbsd.org:HardenedBSD/HardenedBSD.git
   1966d70d14d9..0d0bb30d1ae9  hardened/current/master -> hardened/current/master
==== END: hardened/current/master ====
