==== BEGIN: hardened/current/master ====
current branch: hardened/current/master
mergeable branch: freebsd/current/master
==== change branch ====
Switched to branch 'hardened/current/master'
Your branch is up to date with 'origin/hardened/current/master'.
==== show current branch ====
  freebsd/11-stable/master
  freebsd/11.2-releng/master
  freebsd/12-stable/master
  freebsd/12.1-releng/master
  freebsd/current/master
  hardened/11-stable/master
  hardened/11.2-releng/master
  hardened/12-stable/master
  hardened/12.1-releng/master
* hardened/current/master
==== check for stale changes ====
==== update to latest origin ====
warning: Pulling without specifying how to reconcile divergent branches is
discouraged. You can squelch this message by running one of the following
commands sometime before your next pull:

  git config pull.rebase false  # merge (the default strategy)
  git config pull.rebase true   # rebase
  git config pull.ff only       # fast-forward only

You can replace "git config" with "git config --global" to set a default
preference for all repositories. You can also pass --rebase, --no-rebase,
or --ff-only on the command line to override the configured default per
invocation.

=============================
HardenedBSD Master git Server
=============================

Please note that connections and activity to this server are logged.
This server, git-01.md.hardenedbsd.org, acts as the source-of-truth
server for the HardenedBSD repositories.

Banner last updated: 10 Feb 2020 09:32 EST

Already up to date.
==== merge branches ====
==== merge freebsd/current/master branch ====
Auto-merging sys/compat/linux/linux_mmap.c
Auto-merging Makefile
Merge made by the 'recursive' strategy.
 Makefile                                           | 38 +++++++++-----
 .../llvm/lib/Target/PowerPC/PPCInstrInfo.cpp       | 16 +++---
 .../llvm/lib/Target/PowerPC/PPCInstrInfo.h         |  4 +-
 lib/geom/part/gpart.8                              | 60 ++++++++++++++++++++--
 lib/libc/gen/scandir-compat11.c                    |  2 -
 sbin/ipfw/ipfw2.c                                  |  2 +-
 share/mk/bsd.compat.mk                             |  5 +-
 sys/compat/linux/linux_fork.c                      |  8 ++-
 sys/compat/linux/linux_futex.c                     |  1 +
 sys/compat/linux/linux_mmap.c                      |  2 +
 sys/dev/mmc/host/dwmmc.c                           |  6 +--
 sys/geom/part/g_part.c                             |  9 ++++
 sys/geom/part/g_part.h                             | 10 ++++
 sys/geom/part/g_part_gpt.c                         | 18 +++++++
 sys/kern/kern_malloc.c                             |  3 ++
 sys/net80211/ieee80211.c                           | 23 ++-------
 sys/net80211/ieee80211_ioctl.c                     |  3 --
 sys/net80211/ieee80211_proto.h                     |  2 +-
 sys/net80211/ieee80211_vht.c                       | 40 +++++----------
 sys/sys/disk/gpt.h                                 | 17 ++++++
 sys/vm/uma_core.c                                  |  6 +++
 21 files changed, 186 insertions(+), 89 deletions(-)
=============================
HardenedBSD Master git Server
=============================

Please note that connections and activity to this server are logged.
This server, git-01.md.hardenedbsd.org, acts as the source-of-truth
server for the HardenedBSD repositories.

Banner last updated: 10 Feb 2020 09:32 EST

remote: To github.com:HardenedBSD/hardenedBSD.git        
remote:    8e84a92c59ed..0f506e1bf179  hardened/current/master -> hardened/current/master        
remote:    eebcfeeacd5a..9fc2a1011351  github/freebsd/current/master -> github/freebsd/current/master
remote: . Processing 1 references        
remote: Processed 1 references in total        
To git-01.md.hardenedbsd.org:HardenedBSD/HardenedBSD.git
   8e84a92c59ed..0f506e1bf179  hardened/current/master -> hardened/current/master
==== END: hardened/current/master ====
