==== BEGIN: hardened/12-stable/master ====
current branch: hardened/12-stable/master
mergeable branch: freebsd/12-stable/master
==== change branch ====
Switched to branch 'hardened/12-stable/master'
Your branch is up to date with 'origin/hardened/12-stable/master'.
==== show current branch ====
  freebsd/11-stable/master
  freebsd/11.2-releng/master
  freebsd/12-stable/master
  freebsd/12.1-releng/master
  freebsd/current/master
  hardened/11-stable/master
  hardened/11.2-releng/master
* hardened/12-stable/master
  hardened/12.1-releng/master
  hardened/current/master
==== check for stale changes ====
==== update to latest origin ====
Already up to date.
==== merge branches ====
==== merge freebsd/12-stable/master branch ====
Merge made by the 'recursive' strategy.
 lib/libusb/libusb10_hotplug.c                       | 4 +++-
 stand/usb/usbcore.mk                                | 4 +++-
 sys/compat/linuxkpi/common/include/linux/mm_types.h | 6 ++++++
 sys/dev/usb/serial/uslcom.c                         | 1 +
 sys/dev/usb/usbdevs                                 | 1 +
 sys/modules/usb/template/Makefile                   | 7 ++++++-
 sys/ofed/drivers/infiniband/ulp/ipoib/ipoib_cm.c    | 4 ++++
 7 files changed, 24 insertions(+), 3 deletions(-)
remote: To github.com:HardenedBSD/hardenedBSD.git        
remote:    868e8009059a..ca4b2d3615ef  hardened/12-stable/master -> hardened/12-stable/master        
remote:    cbec724e05b5..8acc2313c300  github/freebsd/12-stable/master -> github/freebsd/12-stable/master        
remote: 
remote: Create a new pull request for 'hardened/12-stable/master':        
remote:   https://git-01.md.hardenedbsd.org/hardenedbsd/HardenedBSD/compare/hardened/current/master...hardened/12-stable/master        
remote: 
To git-01.md.hardenedbsd.org:HardenedBSD/HardenedBSD.git
   868e8009059a..ca4b2d3615ef  hardened/12-stable/master -> hardened/12-stable/master
==== END: hardened/12-stable/master ====
