==== BEGIN: hardened/current/master ====
current branch: hardened/current/master
mergeable branch: freebsd/current/master
==== change branch ====
Switched to branch 'hardened/current/master'
Your branch is up to date with 'origin/hardened/current/master'.
==== show current branch ====
  freebsd/11-stable/master
  freebsd/11.2-releng/master
  freebsd/12-stable/master
  freebsd/12.1-releng/master
  freebsd/current/master
  hardened/11-stable/master
  hardened/11.2-releng/master
  hardened/12-stable/master
  hardened/12.1-releng/master
* hardened/current/master
==== check for stale changes ====
==== update to latest origin ====
=============================
HardenedBSD Master git Server
=============================

Please note that connections and activity to this server are logged.
This server, git-01.md.hardenedbsd.org, acts as the source-of-truth
server for the HardenedBSD repositories.

Banner last updated: 10 Feb 2020 09:32 EST

Already up to date.
==== merge branches ====
==== merge freebsd/current/master branch ====
Merge made by the 'recursive' strategy.
 sys/arm64/conf/GENERIC              |   1 +
 sys/conf/files.arm64                |   1 +
 sys/dev/pci/controller/pci_n1sdp.c  | 350 ++++++++++++++++++++++++++++++++++++
 sys/dev/pci/pci_host_generic_acpi.c |  14 +-
 sys/dev/pci/pci_host_generic_acpi.h |   2 +-
 sys/netinet/sctp_pcb.c              |   4 +-
 sys/netinet/sctputil.c              |   4 +-
 sys/netinet/sctputil.h              |   2 +-
 8 files changed, 371 insertions(+), 7 deletions(-)
 create mode 100644 sys/dev/pci/controller/pci_n1sdp.c
=============================
HardenedBSD Master git Server
=============================

Please note that connections and activity to this server are logged.
This server, git-01.md.hardenedbsd.org, acts as the source-of-truth
server for the HardenedBSD repositories.

Banner last updated: 10 Feb 2020 09:32 EST

remote: To github.com:HardenedBSD/hardenedBSD.git        
remote:    e56676a4ce60..2b48cf7af034  hardened/current/master -> hardened/current/master        
remote:    8d1f0d43b1ea..d3e265fd0bc0  github/freebsd/current/master -> github/freebsd/current/master        
To git-01.md.hardenedbsd.org:HardenedBSD/HardenedBSD.git
   e56676a4ce60..2b48cf7af034  hardened/current/master -> hardened/current/master
==== END: hardened/current/master ====
