==== BEGIN: hardened/current/master ====
current branch: hardened/current/master
mergeable branch: freebsd/current/master
==== change branch ====
Switched to branch 'hardened/current/master'
Your branch is up to date with 'origin/hardened/current/master'.
==== show current branch ====
  freebsd/11-stable/master
  freebsd/11.2-releng/master
  freebsd/12-stable/master
  freebsd/12.1-releng/master
  freebsd/current/master
  hardened/11-stable/master
  hardened/11.2-releng/master
  hardened/12-stable/master
  hardened/12.1-releng/master
* hardened/current/master
==== check for stale changes ====
==== update to latest origin ====
=============================
HardenedBSD Master git Server
=============================

Please note that connections and activity to this server are logged.
This server, git-01.md.hardenedbsd.org, acts as the source-of-truth
server for the HardenedBSD repositories.

Banner last updated: 10 Feb 2020 09:32 EST

Already up to date.
==== merge branches ====
==== merge freebsd/current/master branch ====
Auto-merging stand/defs.mk
Merge made by the 'recursive' strategy.
 UPDATING                                               |  7 +++++++
 stand/defs.mk                                          |  2 +-
 stand/efi/loader/arch/amd64/elf64_freebsd.c            |  6 +++---
 stand/i386/libi386/elf64_freebsd.c                     |  7 +++----
 stand/userboot/userboot/elf64_freebsd.c                |  7 +++----
 sys/crypto/ccp/ccp.c                                   |  1 +
 sys/dev/acpica/acpi_video.c                            |  5 ++++-
 sys/dev/hwpmc/hwpmc_intel.c                            |  1 +
 sys/dev/pci/pci_host_generic_fdt.c                     |  5 +----
 .../bluetooth/hccontrol/host_controller_baseband.c     | 18 +++++++++---------
 10 files changed, 33 insertions(+), 26 deletions(-)
=============================
HardenedBSD Master git Server
=============================

Please note that connections and activity to this server are logged.
This server, git-01.md.hardenedbsd.org, acts as the source-of-truth
server for the HardenedBSD repositories.

Banner last updated: 10 Feb 2020 09:32 EST

remote: To github.com:HardenedBSD/hardenedBSD.git        
remote:    c528a0e4bf68..a51e1e300c77  hardened/current/master -> hardened/current/master        
remote:    a4875410369d..6ae6fec872fd  github/freebsd/current/master -> github/freebsd/current/master        
To git-01.md.hardenedbsd.org:HardenedBSD/HardenedBSD.git
   c528a0e4bf68..a51e1e300c77  hardened/current/master -> hardened/current/master
==== END: hardened/current/master ====
