==== BEGIN: hardened/current/master ====
current branch: hardened/current/master
mergeable branch: freebsd/current/master
==== change branch ====
Switched to branch 'hardened/current/master'
Your branch is up to date with 'origin/hardened/current/master'.
==== show current branch ====
  freebsd/11-stable/master
  freebsd/11.2-releng/master
  freebsd/12-stable/master
  freebsd/12.1-releng/master
  freebsd/12.2-releng/master
  freebsd/current/master
  hardened/11-stable/master
  hardened/11.2-releng/master
  hardened/12-stable/master
  hardened/12.1-releng/master
  hardened/12.2-releng/master
* hardened/current/master
==== check for stale changes ====
==== update to latest origin ====
warning: Pulling without specifying how to reconcile divergent branches is
discouraged. You can squelch this message by running one of the following
commands sometime before your next pull:

  git config pull.rebase false  # merge (the default strategy)
  git config pull.rebase true   # rebase
  git config pull.ff only       # fast-forward only

You can replace "git config" with "git config --global" to set a default
preference for all repositories. You can also pass --rebase, --no-rebase,
or --ff-only on the command line to override the configured default per
invocation.

=============================
HardenedBSD Master git Server
=============================

Please note that connections and activity to this server are logged.
This server, git-01.md.hardenedbsd.org, acts as the source-of-truth
server for the HardenedBSD repositories.

Banner last updated: 10 Feb 2020 09:32 EST

Already up to date.
==== merge branches ====
==== merge freebsd/current/master branch ====
Auto-merging sys/kern/kern_sysctl.c
Removing sys/dev/if_wg/module/crypto/zinc/chacha20/chacha20-unrolled-arm.S
Auto-merging ObsoleteFiles.inc
Merge made by the 'recursive' strategy.
 ObsoleteFiles.inc                                  |   5 +
 lib/libthr/thread/thr_mutex.c                      |   2 +
 sbin/bectl/bectl.c                                 |   5 +-
 sys/dev/if_wg/include/sys/support.h                |   4 +-
 .../crypto/zinc/chacha20/chacha20-unrolled-arm.S   | 461 ---------------------
 sys/dev/qat/qat.c                                  |   1 +
 sys/dev/qat/qat_c2xxxreg.h                         |   2 +-
 sys/dev/qat/qat_c3xxxreg.h                         |   2 +-
 sys/dev/qat/qat_c62xreg.h                          |   2 +-
 sys/dev/qat/qat_d15xxreg.h                         |   2 +-
 sys/dev/qat/qat_dh895xccreg.h                      |   2 +-
 sys/kern/kern_sysctl.c                             | 219 ++++++----
 sys/modules/qatfw/qat_c2xxx/Makefile               |   2 +-
 sys/modules/qatfw/qat_c3xxx/Makefile               |   2 +-
 sys/modules/qatfw/qat_c62x/Makefile                |   2 +-
 sys/modules/qatfw/qat_d15xx/Makefile               |   2 +-
 sys/modules/qatfw/qat_dh895xcc/Makefile            |   2 +-
 sys/net/route.h                                    |   6 +-
 sys/ufs/ffs/ffs_balloc.c                           |  29 +-
 usr.sbin/efibootmgr/efibootmgr.c                   |   2 +-
 20 files changed, 179 insertions(+), 575 deletions(-)
 delete mode 100644 sys/dev/if_wg/module/crypto/zinc/chacha20/chacha20-unrolled-arm.S
=============================
HardenedBSD Master git Server
=============================

Please note that connections and activity to this server are logged.
This server, git-01.md.hardenedbsd.org, acts as the source-of-truth
server for the HardenedBSD repositories.

Banner last updated: 10 Feb 2020 09:32 EST

remote: To github.com:HardenedBSD/hardenedBSD.git        
remote:    c241d3fc8296..76e41146c8bd  hardened/current/master -> hardened/current/master        
remote:    ccde7baa24a1..74bc68cd7c36  github/freebsd/current/master -> github/freebsd/current/master        
remote:  ! [remote rejected]           refs/pull/18/head -> refs/pull/18/head (deny updating a hidden ref)        
remote:  ! [remote rejected]           refs/pull/19/head -> refs/pull/19/head (deny updating a hidden ref)        
remote:  ! [remote rejected]           refs/pull/20/head -> refs/pull/20/head (deny updating a hidden ref)        
remote:  ! [remote rejected]           refs/pull/21/head -> refs/pull/21/head (deny updating a hidden ref)
remote: error: failed to push some refs to 'github.com:HardenedBSD/hardenedBSD.git'        
remote: . Processing 1 references        
remote: Processed 1 references in total        
To git-01.md.hardenedbsd.org:HardenedBSD/HardenedBSD.git
   c241d3fc8296..76e41146c8bd  hardened/current/master -> hardened/current/master
==== END: hardened/current/master ====
