==== BEGIN: hardened/current/master ====
current branch: hardened/current/master
mergeable branch: freebsd/current/master
==== change branch ====
Switched to branch 'hardened/current/master'
Your branch is up to date with 'origin/hardened/current/master'.
==== show current branch ====
  freebsd/11-stable/master
  freebsd/11.2-releng/master
  freebsd/12-stable/master
  freebsd/12.1-releng/master
  freebsd/current/master
  hardened/11-stable/master
  hardened/11.2-releng/master
  hardened/12-stable/master
  hardened/12.1-releng/master
* hardened/current/master
==== check for stale changes ====
==== update to latest origin ====
=============================
HardenedBSD Master git Server
=============================

Please note that connections and activity to this server are logged.
This server, git-01.md.hardenedbsd.org, acts as the source-of-truth
server for the HardenedBSD repositories.

Banner last updated: 10 Feb 2020 09:32 EST

Already up to date.
==== merge branches ====
==== merge freebsd/current/master branch ====
Merge made by the 'recursive' strategy.
 include/pthread_np.h                 |  2 --
 lib/libthr/pthread.map               |  2 --
 lib/libthr/thread/thr_info.c         |  2 --
 share/man/man3/Makefile              |  4 +---
 share/man/man3/pthread_set_name_np.3 | 21 +++--------------
 usr.bin/killall/killall.1            | 44 ++++++++++++++++++++++++++++++++++++
 6 files changed, 48 insertions(+), 27 deletions(-)
=============================
HardenedBSD Master git Server
=============================

Please note that connections and activity to this server are logged.
This server, git-01.md.hardenedbsd.org, acts as the source-of-truth
server for the HardenedBSD repositories.

Banner last updated: 10 Feb 2020 09:32 EST

remote: To github.com:HardenedBSD/hardenedBSD.git        
remote:    6c173981f337..45d26d0f8869  hardened/current/master -> hardened/current/master        
remote:    3ce9c18162fd..96608a759697  github/freebsd/current/master -> github/freebsd/current/master        
To git-01.md.hardenedbsd.org:HardenedBSD/HardenedBSD.git
   6c173981f337..45d26d0f8869  hardened/current/master -> hardened/current/master
==== END: hardened/current/master ====
