==== BEGIN: hardened/12-stable/master ====
current branch: hardened/12-stable/master
mergeable branch: freebsd/12-stable/master
==== change branch ====
Switched to branch 'hardened/12-stable/master'
Your branch is up to date with 'origin/hardened/12-stable/master'.
==== show current branch ====
  freebsd/10-stable/master
  freebsd/10.3-releng/master
  freebsd/11-stable/master
  freebsd/11.0-releng/master
  freebsd/11.1-releng/master
  freebsd/11.2-releng/master
  freebsd/12-stable/master
  freebsd/12.0-releng/master
  freebsd/12.1-releng/master
  freebsd/current/master
  hardened/10-stable/master
  hardened/10-stable/master-libressl
  hardened/10.3-releng/master
  hardened/11-stable/master
  hardened/11-stable/master-libressl
  hardened/11.0-releng/master
  hardened/11.1-releng/master
  hardened/11.2-releng/master
* hardened/12-stable/master
  hardened/12.0-releng/master
  hardened/12.1-releng/master
  hardened/current/intel-smap
  hardened/current/log
  hardened/current/master
  hardened/current/segvguard-ng
==== check for stale changes ====
==== update to latest origin ====
Already up to date.
==== merge branches ====
==== merge freebsd/12-stable/master branch ====
Auto-merging sys/x86/x86/cpu_machdep.c
Merge made by the 'recursive' strategy.
 sys/kern/kern_environment.c | 39 +++++++++++++++++++++++++++++++++++----
 sys/kern/kern_rangelock.c   | 32 ++++++++++++++++++++++++++++++++
 sys/sys/rangelock.h         | 23 +++++++++++++++++++++++
 sys/x86/x86/cpu_machdep.c   | 26 ++++++++++++++++----------
 4 files changed, 106 insertions(+), 14 deletions(-)
To github.com:HardenedBSD/hardenedBSD.git
   fcc01804f3db..cb253798fd40  hardened/12-stable/master -> hardened/12-stable/master
==== END: hardened/12-stable/master ====
