==== BEGIN: hardened/current/master ====
current branch: hardened/current/master
mergeable branch: freebsd/current/master
==== change branch ====
Switched to branch 'hardened/current/master'
Your branch is up to date with 'origin/hardened/current/master'.
==== show current branch ====
  freebsd/11-stable/master
  freebsd/11.2-releng/master
  freebsd/12-stable/master
  freebsd/12.1-releng/master
  freebsd/12.2-releng/master
  freebsd/current/master
  hardened/11-stable/master
  hardened/11.2-releng/master
  hardened/12-stable/master
  hardened/12.1-releng/master
  hardened/12.2-releng/master
* hardened/current/master
==== check for stale changes ====
==== update to latest origin ====
warning: Pulling without specifying how to reconcile divergent branches is
discouraged. You can squelch this message by running one of the following
commands sometime before your next pull:

  git config pull.rebase false  # merge (the default strategy)
  git config pull.rebase true   # rebase
  git config pull.ff only       # fast-forward only

You can replace "git config" with "git config --global" to set a default
preference for all repositories. You can also pass --rebase, --no-rebase,
or --ff-only on the command line to override the configured default per
invocation.

=============================
HardenedBSD Master git Server
=============================

Please note that connections and activity to this server are logged.
This server, git-01.md.hardenedbsd.org, acts as the source-of-truth
server for the HardenedBSD repositories.

Banner last updated: 10 Feb 2020 09:32 EST

Already up to date.
==== merge branches ====
==== merge freebsd/current/master branch ====
Auto-merging sys/powerpc/powerpc/exec_machdep.c
Merge made by the 'recursive' strategy.
 release/packages/utilities.ucl             |    2 +-
 sbin/mdconfig/mdconfig.8                   |   17 +-
 sys/contrib/dev/qat/mmp_firmware_c2xxx.bin |  Bin 0 -> 108160 bytes
 sys/contrib/dev/qat/mof_firmware_c2xxx.bin |  Bin 0 -> 154300 bytes
 sys/contrib/dev/qat/qat_895xcc.bin         |  Bin 0 -> 813280 bytes
 sys/contrib/dev/qat/qat_895xcc_mmp.bin     |  Bin 0 -> 114176 bytes
 sys/contrib/dev/qat/qat_c3xxx.bin          |  Bin 0 -> 531100 bytes
 sys/contrib/dev/qat/qat_c3xxx_mmp.bin      |  Bin 0 -> 120964 bytes
 sys/contrib/dev/qat/qat_c62x.bin           |  Bin 0 -> 796500 bytes
 sys/contrib/dev/qat/qat_c62x_mmp.bin       |  Bin 0 -> 121604 bytes
 sys/contrib/dev/qat/qat_d15xx.bin          |  Bin 0 -> 796500 bytes
 sys/contrib/dev/qat/qat_d15xx_mmp.bin      |  Bin 0 -> 120964 bytes
 sys/powerpc/aim/mmu_oea64.c                | 1146 +++++++++++++++++++++++++++-
 sys/powerpc/aim/mmu_oea64.h                |   10 +
 sys/powerpc/aim/moea64_native.c            |  328 ++++++--
 sys/powerpc/include/cpufunc.h              |   19 +
 sys/powerpc/include/fpu.h                  |    2 +
 sys/powerpc/include/pmap.h                 |    4 +-
 sys/powerpc/include/psl.h                  |    2 +-
 sys/powerpc/include/pte.h                  |   12 +
 sys/powerpc/include/slb.h                  |    8 +
 sys/powerpc/include/vmparam.h              |   23 +-
 sys/powerpc/powernv/platform_powernv.c     |   12 +-
 sys/powerpc/powerpc/exec_machdep.c         |   26 +-
 sys/powerpc/powerpc/fpu.c                  |   59 +-
 sys/powerpc/powerpc/pmap_dispatch.c        |    2 +
 sys/powerpc/powerpc/trap.c                 |   26 +-
 sys/powerpc/pseries/mmu_phyp.c             |  195 ++++-
 sys/vm/vm_fault.c                          |    3 +-
 29 files changed, 1710 insertions(+), 186 deletions(-)
=============================
HardenedBSD Master git Server
=============================

Please note that connections and activity to this server are logged.
This server, git-01.md.hardenedbsd.org, acts as the source-of-truth
server for the HardenedBSD repositories.

Banner last updated: 10 Feb 2020 09:32 EST

remote: To github.com:HardenedBSD/hardenedBSD.git        
remote:    60b25908728b..b31041da53c2  hardened/current/master -> hardened/current/master        
remote:    efc06e428ff1..da6b4c40f1b1  github/freebsd/current/master -> github/freebsd/current/master        
remote: . Processing 1 references        
remote: Processed 1 references in total        
To git-01.md.hardenedbsd.org:HardenedBSD/HardenedBSD.git
   60b25908728b..b31041da53c2  hardened/current/master -> hardened/current/master
==== END: hardened/current/master ====
