==== BEGIN: hardened/current/master ====
current branch: hardened/current/master
mergeable branch: freebsd/current/master
==== change branch ====
Switched to branch 'hardened/current/master'
Your branch is up to date with 'origin/hardened/current/master'.
==== show current branch ====
  freebsd/11-stable/master
  freebsd/11.2-releng/master
  freebsd/12-stable/master
  freebsd/12.1-releng/master
  freebsd/current/master
  hardened/11-stable/master
  hardened/11.2-releng/master
  hardened/12-stable/master
  hardened/12.1-releng/master
* hardened/current/master
==== check for stale changes ====
==== update to latest origin ====
=============================
HardenedBSD Master git Server
=============================

Please note that connections and activity to this server are logged.
This server, git-01.md.hardenedbsd.org, acts as the source-of-truth
server for the HardenedBSD repositories.

Banner last updated: 10 Feb 2020 09:32 EST

Already up to date.
==== merge branches ====
==== merge freebsd/current/master branch ====
Auto-merging sys/x86/x86/identcpu.c
Merge made by the 'recursive' strategy.
 sys/dev/ath/ah_osdep.c               |  11 ++--
 sys/dev/ath/ath_rate/sample/sample.c |  12 ++--
 sys/dev/ath/if_ath_sysctl.c          | 110 ++++++++++++++++++-----------------
 sys/dev/otus/if_otus.c               |   3 +-
 sys/net80211/ieee80211_alq.c         |   6 +-
 sys/net80211/ieee80211_amrr.c        |   4 +-
 sys/net80211/ieee80211_freebsd.c     |  43 +++++++-------
 sys/net80211/ieee80211_ht.c          |  21 ++++---
 sys/net80211/ieee80211_hwmp.c        |  30 ++++++----
 sys/net80211/ieee80211_mesh.c        |  17 ++++--
 sys/net80211/ieee80211_rssadapt.c    |   5 +-
 sys/net80211/ieee80211_superg.c      |   7 ++-
 sys/netinet/ip_carp.c                |  11 ++--
 sys/netpfil/pf/if_pfsync.c           |   3 +-
 sys/netpfil/pf/pf.c                  |   3 +-
 sys/x86/x86/identcpu.c               |  58 +++++++++---------
 16 files changed, 188 insertions(+), 156 deletions(-)
=============================
HardenedBSD Master git Server
=============================

Please note that connections and activity to this server are logged.
This server, git-01.md.hardenedbsd.org, acts as the source-of-truth
server for the HardenedBSD repositories.

Banner last updated: 10 Feb 2020 09:32 EST

remote: To github.com:HardenedBSD/hardenedBSD.git        
remote:    1bec2bdad3ba..12cb35be2c53  hardened/current/master -> hardened/current/master        
remote:    6f9c87a07e3d..d897ed4bf5e2  github/freebsd/current/master -> github/freebsd/current/master        
To git-01.md.hardenedbsd.org:HardenedBSD/HardenedBSD.git
   1bec2bdad3ba..12cb35be2c53  hardened/current/master -> hardened/current/master
==== END: hardened/current/master ====
