==== BEGIN: hardened/current/master ====
current branch: hardened/current/master
mergeable branch: freebsd/current/master
==== change branch ====
Switched to branch 'hardened/current/master'
Your branch is up to date with 'origin/hardened/current/master'.
==== show current branch ====
  freebsd/10-stable/master
  freebsd/10.3-releng/master
  freebsd/11-stable/master
  freebsd/11.0-releng/master
  freebsd/11.1-releng/master
  freebsd/11.2-releng/master
  freebsd/12-stable/master
  freebsd/12.0-releng/master
  freebsd/12.1-releng/master
  freebsd/current/master
  hardened/10-stable/master
  hardened/10-stable/master-libressl
  hardened/10.3-releng/master
  hardened/11-stable/master
  hardened/11-stable/master-libressl
  hardened/11.0-releng/master
  hardened/11.1-releng/master
  hardened/11.2-releng/master
  hardened/12-stable/master
  hardened/12.0-releng/master
  hardened/12.1-releng/master
  hardened/current/intel-smap
  hardened/current/log
* hardened/current/master
  hardened/current/segvguard-ng
==== check for stale changes ====
==== update to latest origin ====
Already up to date.
==== merge branches ====
==== merge freebsd/current/master branch ====
Merge made by the 'recursive' strategy.
 sys/fs/nfsclient/nfs_clvfsops.c | 4 +---
 1 file changed, 1 insertion(+), 3 deletions(-)
To github.com:HardenedBSD/hardenedBSD.git
   ec42b436d974..1a86a821a0ce  hardened/current/master -> hardened/current/master
To git-01.md.hardenedbsd.org:HardenedBSD/HardenedBSD.git
   ec42b436d974..1a86a821a0ce  hardened/current/master -> hardened/current/master
==== END: hardened/current/master ====
