==== BEGIN: hardened/current/master ====
current branch: hardened/current/master
mergeable branch: freebsd/current/master
==== change branch ====
Switched to branch 'hardened/current/master'
Your branch is up to date with 'origin/hardened/current/master'.
==== show current branch ====
  freebsd/11-stable/master
  freebsd/11.2-releng/master
  freebsd/12-stable/master
  freebsd/12.1-releng/master
  freebsd/current/master
  hardened/11-stable/master
  hardened/11.2-releng/master
  hardened/12-stable/master
  hardened/12.1-releng/master
* hardened/current/master
==== check for stale changes ====
==== update to latest origin ====
warning: Pulling without specifying how to reconcile divergent branches is
discouraged. You can squelch this message by running one of the following
commands sometime before your next pull:

  git config pull.rebase false  # merge (the default strategy)
  git config pull.rebase true   # rebase
  git config pull.ff only       # fast-forward only

You can replace "git config" with "git config --global" to set a default
preference for all repositories. You can also pass --rebase, --no-rebase,
or --ff-only on the command line to override the configured default per
invocation.

=============================
HardenedBSD Master git Server
=============================

Please note that connections and activity to this server are logged.
This server, git-01.md.hardenedbsd.org, acts as the source-of-truth
server for the HardenedBSD repositories.

Banner last updated: 10 Feb 2020 09:32 EST

Already up to date.
==== merge branches ====
==== merge freebsd/current/master branch ====
Auto-merging share/mk/src.libnames.mk
Removing contrib/xz/src/liblzma/check/sha256.c
Merge made by the 'recursive' strategy.
 contrib/xz/src/liblzma/check/sha256.c | 196 ------------------------------
 lib/liblzma/Makefile                  |  16 +--
 lib/liblzma/Symbol.map                |   3 -
 lib/liblzma/config.h                  |   9 +-
 share/mk/src.libnames.mk              |   2 +-
 sys/netinet/sctputil.c                |   2 +
 sys/rpc/clnt_vc.c                     | 220 +++++++++++++++++++---------------
 sys/rpc/krpc.h                        |   1 +
 sys/sys/param.h                       |   2 +-
 9 files changed, 141 insertions(+), 310 deletions(-)
 delete mode 100644 contrib/xz/src/liblzma/check/sha256.c
=============================
HardenedBSD Master git Server
=============================

Please note that connections and activity to this server are logged.
This server, git-01.md.hardenedbsd.org, acts as the source-of-truth
server for the HardenedBSD repositories.

Banner last updated: 10 Feb 2020 09:32 EST

remote: To github.com:HardenedBSD/hardenedBSD.git        
remote:    35c5fc442ac0..624cfd32aa72  hardened/current/master -> hardened/current/master        
remote:    ccebfa2cfd31..b1098dd9acab  github/freebsd/current/master -> github/freebsd/current/master        
To git-01.md.hardenedbsd.org:HardenedBSD/HardenedBSD.git
   35c5fc442ac0..624cfd32aa72  hardened/current/master -> hardened/current/master
==== END: hardened/current/master ====
