==== BEGIN: hardened/current/master ====
current branch: hardened/current/master
mergeable branch: freebsd/current/master
==== change branch ====
Switched to branch 'hardened/current/master'
Your branch is up to date with 'origin/hardened/current/master'.
==== show current branch ====
  freebsd/11-stable/master
  freebsd/11.2-releng/master
  freebsd/12-stable/master
  freebsd/12.1-releng/master
  freebsd/current/master
  hardened/11-stable/master
  hardened/11.2-releng/master
  hardened/12-stable/master
  hardened/12.1-releng/master
* hardened/current/master
==== check for stale changes ====
==== update to latest origin ====
warning: Pulling without specifying how to reconcile divergent branches is
discouraged. You can squelch this message by running one of the following
commands sometime before your next pull:

  git config pull.rebase false  # merge (the default strategy)
  git config pull.rebase true   # rebase
  git config pull.ff only       # fast-forward only

You can replace "git config" with "git config --global" to set a default
preference for all repositories. You can also pass --rebase, --no-rebase,
or --ff-only on the command line to override the configured default per
invocation.

=============================
HardenedBSD Master git Server
=============================

Please note that connections and activity to this server are logged.
This server, git-01.md.hardenedbsd.org, acts as the source-of-truth
server for the HardenedBSD repositories.

Banner last updated: 10 Feb 2020 09:32 EST

Already up to date.
==== merge branches ====
==== merge freebsd/current/master branch ====
Removing sys/cddl/contrib/opensolaris/uts/common/os/list.c
Merge made by the 'recursive' strategy.
 .../clang/include/clang/Driver/Options.td          |   4 +-
 .../clang/lib/Driver/ToolChains/Clang.cpp          |   6 +-
 .../lib/CodeGen/SelectionDAG/TargetLowering.cpp    |   4 +-
 .../llvm/lib/CodeGen/TailDuplicator.cpp            |   8 +
 lib/clang/include/VCSVersion.inc                   |   8 +-
 lib/clang/include/llvm/Support/VCSRevision.h       |   2 +-
 stand/efi/boot1/Makefile                           |   1 +
 stand/libsa/zfs/Makefile.inc                       |  30 ++-
 stand/libsa/zfs/zfsimpl.c                          |   8 +
 stand/libsa/zfs/zstd_shim.c                        |  40 ++++
 sys/cddl/boot/zfs/zfsimpl.h                        |  54 +++++
 sys/cddl/boot/zfs/zfssubr.c                        |  10 +-
 sys/cddl/contrib/opensolaris/uts/common/os/list.c  | 243 ---------------------
 .../openzfs/include/os/freebsd/linux/compiler.h    |   2 +-
 .../openzfs/include/os/freebsd/spl/rpc/xdr.h       |   4 +-
 .../openzfs/include/os/freebsd/spl/sys/atomic.h    |  11 +
 .../openzfs/include/os/freebsd/spl/sys/byteorder.h |  10 +-
 .../openzfs/include/os/freebsd/spl/sys/ccompile.h  |  12 +-
 .../openzfs/include/os/freebsd/spl/sys/cmn_err.h   |   9 -
 .../openzfs/include/os/freebsd/spl/sys/condvar.h   |   1 +
 .../openzfs/include/os/freebsd/spl/sys/kmem.h      |  10 +
 .../include/os/freebsd/spl/sys/kmem_cache.h        |   3 +
 .../openzfs/include/os/freebsd/spl/sys/kstat.h     |  12 +-
 .../openzfs/include/os/freebsd/spl/sys/proc.h      |   3 +-
 .../include/os/freebsd/spl/sys/procfs_list.h       |   6 +
 .../openzfs/include/os/freebsd/spl/sys/sig.h       |   5 +
 .../openzfs/include/os/freebsd/spl/sys/sysmacros.h |   7 +-
 .../openzfs/include/os/freebsd/spl/sys/taskq.h     |   9 +
 .../openzfs/include/os/freebsd/spl/sys/uio.h       |   4 +
 sys/contrib/openzfs/include/sys/nvpair.h           |   8 +-
 sys/contrib/openzfs/include/sys/zfs_context.h      |  14 +-
 .../lib/libspl/include/os/freebsd/sys/param.h      |   4 -
 sys/contrib/openzfs/module/os/freebsd/spl/list.c   |   2 +-
 sys/kern/subr_bus.c                                |  14 +-
 34 files changed, 269 insertions(+), 299 deletions(-)
 create mode 100644 stand/libsa/zfs/zstd_shim.c
 delete mode 100644 sys/cddl/contrib/opensolaris/uts/common/os/list.c
=============================
HardenedBSD Master git Server
=============================

Please note that connections and activity to this server are logged.
This server, git-01.md.hardenedbsd.org, acts as the source-of-truth
server for the HardenedBSD repositories.

Banner last updated: 10 Feb 2020 09:32 EST

remote: * Checking 1 branches        
remote: Checked 1 references in total        
remote: To github.com:HardenedBSD/hardenedBSD.git        
remote:    07cf1245300c..aa51e950d8cb  hardened/current/master -> hardened/current/master        
remote:    c6035fe94f8a..805b84df0e9c  github/freebsd/current/master -> github/freebsd/current/master        
remote: . Processing 1 references        
remote: Processed 1 references in total        
To git-01.md.hardenedbsd.org:HardenedBSD/HardenedBSD.git
   07cf1245300c..aa51e950d8cb  hardened/current/master -> hardened/current/master
==== END: hardened/current/master ====
