==== BEGIN: hardened/12.1-releng/master ====
current branch: hardened/12.1-releng/master
mergeable branch: origin/freebsd/12.1-releng/master
==== change branch ====
Switched to branch 'hardened/12.1-releng/master'
Your branch is up to date with 'origin/hardened/12.1-releng/master'.
==== show current branch ====
  freebsd/11-stable/master
  freebsd/11.2-releng/master
  freebsd/12-stable/master
  freebsd/12.1-releng/master
  freebsd/current/master
  hardened/11-stable/master
  hardened/11.2-releng/master
  hardened/12-stable/master
* hardened/12.1-releng/master
  hardened/current/master
==== check for stale changes ====
==== update to latest origin ====
Already up to date.
==== merge branches ====
==== merge origin/freebsd/12.1-releng/master branch ====
Auto-merging sys/kern/imgact_elf.c
Auto-merging sys/conf/newvers.sh
Merge made by the 'recursive' strategy.
 UPDATING                          | 10 ++++++++++
 lib/libc/secure/stack_protector.c | 20 +++++++++++++++++++-
 lib/libfetch/fetch.c              | 10 ++++++++--
 sys/conf/newvers.sh               |  2 +-
 sys/kern/imgact_elf.c             |  2 +-
 5 files changed, 39 insertions(+), 5 deletions(-)
remote: To github.com:HardenedBSD/hardenedBSD.git        
remote:    7b67f6bef7a6..9dbcc392696a  hardened/12.1-releng/master -> hardened/12.1-releng/master        
remote:    8d3f226f4b85..b2d7ad564ed5  github/freebsd/12.1-releng/master -> github/freebsd/12.1-releng/master        
remote: Gitea: Internal Server Error        
remote: Failed to Update: hardenedbsd/hardenedbsd Branch: hardened/12.1-releng/master Error: newCommit.CommitsBeforeUntil: packfile not found        
To git-01.md.hardenedbsd.org:HardenedBSD/HardenedBSD.git
   7b67f6bef7a6..9dbcc392696a  hardened/12.1-releng/master -> hardened/12.1-releng/master
==== END: hardened/12.1-releng/master ====
