==== BEGIN: hardened/current/master ====
current branch: hardened/current/master
mergeable branch: freebsd/current/master
==== change branch ====
Switched to branch 'hardened/current/master'
Your branch is up to date with 'origin/hardened/current/master'.
==== show current branch ====
  freebsd/11-stable/master
  freebsd/11.2-releng/master
  freebsd/12-stable/master
  freebsd/12.1-releng/master
  freebsd/current/master
  hardened/11-stable/master
  hardened/11.2-releng/master
  hardened/12-stable/master
  hardened/12.1-releng/master
* hardened/current/master
==== check for stale changes ====
==== update to latest origin ====
=============================
HardenedBSD Master git Server
=============================

Please note that connections and activity to this server are logged.
This server, git-01.md.hardenedbsd.org, acts as the source-of-truth
server for the HardenedBSD repositories.

Banner last updated: 10 Feb 2020 09:32 EST

Already up to date.
==== merge branches ====
==== merge freebsd/current/master branch ====
Auto-merging usr.sbin/services_mkdb/Makefile
Auto-merging sys/riscv/riscv/machdep.c
Auto-merging share/mk/sys.mk
Auto-merging Makefile.inc1
Merge made by the 'recursive' strategy.
 Makefile.inc1                                  |  23 +++--
 contrib/ntp/include/ntp_config.h               |   2 +-
 contrib/ntp/ntpd/ntp_config.c                  |   2 +
 etc/Makefile                                   |   4 +-
 lib/libc/gen/Makefile.inc                      |   4 +-
 lib/libcasper/services/cap_sysctl/cap_sysctl.3 |   4 +-
 lib/libcasper/services/cap_sysctl/cap_sysctl.c |   2 +-
 lib/libcasper/services/cap_sysctl/cap_sysctl.h |   4 +-
 libexec/ypxfr/ypxfr_main.c                     |   4 +-
 share/mk/bsd.compiler.mk                       |   7 +-
 share/mk/bsd.sys.mk                            |  15 +++
 share/mk/src.tools.mk                          |  25 +++++
 share/mk/sys.mk                                |   2 +-
 share/termcap/Makefile                         |   3 +-
 sys/cam/ctl/ctl_backend_block.c                |   6 +-
 sys/cam/ctl/ctl_backend_ramdisk.c              |   6 +-
 sys/fs/nfs/nfs_var.h                           |   2 +-
 sys/fs/nfsserver/nfs_nfsdkrpc.c                |   3 +-
 sys/fs/nfsserver/nfs_nfsdstate.c               |  46 +++++++--
 sys/riscv/include/machdep.h                    |   1 -
 sys/riscv/include/metadata.h                   |  35 +++++++
 sys/riscv/include/vmparam.h                    |   2 +
 sys/riscv/riscv/genassym.c                     |   3 +-
 sys/riscv/riscv/locore.S                       |   3 +-
 sys/riscv/riscv/machdep.c                      |  50 ++++++----
 sys/riscv/riscv/pmap.c                         |  23 ++++-
 tests/sys/kqueue/libkqueue/common.h            |   3 +-
 tests/sys/kqueue/libkqueue/proc.c              |   1 -
 tests/sys/kqueue/libkqueue/read.c              |   1 -
 tests/sys/kqueue/libkqueue/signal.c            |   1 -
 tests/sys/kqueue/libkqueue/timer.c             |   1 -
 tests/sys/kqueue/libkqueue/user.c              |   1 -
 tests/sys/kqueue/libkqueue/vnode.c             |   1 -
 usr.bin/gprof/gprof.c                          |   1 +
 usr.bin/gprof/gprof.h                          |  97 ++++++++++---------
 usr.bin/indent/indent.c                        |  24 +++++
 usr.bin/indent/indent_globs.h                  |  97 ++++++++++---------
 usr.bin/indent/io.c                            |   9 ++
 usr.bin/indent/parse.c                         |   4 +
 usr.bin/login/Makefile                         |   2 +-
 usr.bin/mail/glob.h                            |  80 ++++++++--------
 usr.bin/mail/main.c                            |  43 +++++++++
 usr.bin/mail/strings.c                         |   2 +
 usr.bin/tip/tip/tip.c                          |   1 +
 usr.bin/tip/tip/tip.h                          | 126 +++++++++++++------------
 usr.bin/vgrind/Makefile                        |   3 +-
 usr.sbin/rpc.yppasswdd/yppasswdd_main.c        |   3 +-
 usr.sbin/rpc.ypupdated/ypupdated_main.c        |   2 +
 usr.sbin/rpc.ypxfrd/ypxfrd_main.c              |   2 +
 usr.sbin/services_mkdb/Makefile                |   4 +-
 usr.sbin/ypldap/ypldap.c                       |   2 +
 usr.sbin/ypldap/ypldap.h                       |   5 +-
 usr.sbin/ypserv/yp_access.c                    |   2 -
 usr.sbin/ypserv/yp_error.c                     |   2 -
 usr.sbin/ypserv/yp_main.c                      |   2 +-
 55 files changed, 527 insertions(+), 276 deletions(-)
 create mode 100644 share/mk/src.tools.mk
 create mode 100644 sys/riscv/include/metadata.h
=============================
HardenedBSD Master git Server
=============================

Please note that connections and activity to this server are logged.
This server, git-01.md.hardenedbsd.org, acts as the source-of-truth
server for the HardenedBSD repositories.

Banner last updated: 10 Feb 2020 09:32 EST

remote: To github.com:HardenedBSD/hardenedBSD.git        
remote:    94f600573640..7bde8f185045  hardened/current/master -> hardened/current/master        
remote:    5a99cf88dce6..50efb9242cdb  github/freebsd/current/master -> github/freebsd/current/master        
To git-01.md.hardenedbsd.org:HardenedBSD/HardenedBSD.git
   94f600573640..7bde8f185045  hardened/current/master -> hardened/current/master
==== END: hardened/current/master ====
