==== BEGIN: hardened/current/master ====
current branch: hardened/current/master
mergeable branch: freebsd/current/master
==== change branch ====
Switched to branch 'hardened/current/master'
Your branch is up to date with 'origin/hardened/current/master'.
==== show current branch ====
  freebsd/11-stable/master
  freebsd/11.2-releng/master
  freebsd/12-stable/master
  freebsd/12.1-releng/master
  freebsd/current/master
  hardened/11-stable/master
  hardened/11.2-releng/master
  hardened/12-stable/master
  hardened/12.1-releng/master
* hardened/current/master
==== check for stale changes ====
==== update to latest origin ====
warning: Pulling without specifying how to reconcile divergent branches is
discouraged. You can squelch this message by running one of the following
commands sometime before your next pull:

  git config pull.rebase false  # merge (the default strategy)
  git config pull.rebase true   # rebase
  git config pull.ff only       # fast-forward only

You can replace "git config" with "git config --global" to set a default
preference for all repositories. You can also pass --rebase, --no-rebase,
or --ff-only on the command line to override the configured default per
invocation.

=============================
HardenedBSD Master git Server
=============================

Please note that connections and activity to this server are logged.
This server, git-01.md.hardenedbsd.org, acts as the source-of-truth
server for the HardenedBSD repositories.

Banner last updated: 10 Feb 2020 09:32 EST

Already up to date.
==== merge branches ====
==== merge freebsd/current/master branch ====
Merge made by the 'recursive' strategy.
 sys/kern/sys_pipe.c                   | 60 +++++++++++++++++------------------
 sys/sys/pipe.h                        |  2 +-
 tools/build/Makefile                  |  2 +-
 usr.sbin/crunch/crunchgen/crunchgen.c |  2 +-
 4 files changed, 33 insertions(+), 33 deletions(-)
=============================
HardenedBSD Master git Server
=============================

Please note that connections and activity to this server are logged.
This server, git-01.md.hardenedbsd.org, acts as the source-of-truth
server for the HardenedBSD repositories.

Banner last updated: 10 Feb 2020 09:32 EST

remote: * Checking 1 branches        
remote: Checked 1 references in total        
remote: To github.com:HardenedBSD/hardenedBSD.git        
remote:    b954eac21eac..1db6e14e5f50  hardened/current/master -> hardened/current/master        
remote:    6b4ba3207682..c66c9de08329  github/freebsd/current/master -> github/freebsd/current/master        
remote: . Processing 1 references        
remote: Gitea: Internal Server Error        
remote: Unable to contact gitea: Post "http://localhost:3000/api/internal/hook/post-receive/hardenedbsd/hardenedbsd": read tcp 172.16.1.72:19151->172.16.1.72:3000: i/o timeout        
Gitea: Internal error
UpdatePublicKeyInRepo: Post "http://localhost:3000/api/internal/ssh/2/update/3": read tcp 172.16.1.72:19298->172.16.1.72:3000: read: connection reset by peer
To git-01.md.hardenedbsd.org:HardenedBSD/HardenedBSD.git
   b954eac21eac..1db6e14e5f50  hardened/current/master -> hardened/current/master
==== END: hardened/current/master ====
