==== BEGIN: hardened/12-stable/master ====
current branch: hardened/12-stable/master
mergeable branch: freebsd/12-stable/master
==== change branch ====
Switched to branch 'hardened/12-stable/master'
Your branch is up to date with 'origin/hardened/12-stable/master'.
==== show current branch ====
  freebsd/11-stable/master
  freebsd/11.2-releng/master
  freebsd/12-stable/master
  freebsd/12.1-releng/master
  freebsd/current/master
  hardened/11-stable/master
  hardened/11.2-releng/master
* hardened/12-stable/master
  hardened/12.1-releng/master
  hardened/current/master
==== check for stale changes ====
==== update to latest origin ====
=============================
HardenedBSD Master git Server
=============================

Please note that connections and activity to this server are logged.
This server, git-01.md.hardenedbsd.org, acts as the source-of-truth
server for the HardenedBSD repositories.

Banner last updated: 10 Feb 2020 09:32 EST

Already up to date.
==== merge branches ====
==== merge freebsd/12-stable/master branch ====
Merge made by the 'recursive' strategy.
 libexec/flua/Makefile |   8 ++
 sbin/ipfw/ipfw2.c     |   8 +-
 sbin/ipfw/ipfw2.h     |   1 +
 sbin/ipfw/nat.c       |  28 +++++
 sys/fs/cuse/cuse.c    | 312 +++++++++++++++++++++++++++-----------------------
 5 files changed, 209 insertions(+), 148 deletions(-)
=============================
HardenedBSD Master git Server
=============================

Please note that connections and activity to this server are logged.
This server, git-01.md.hardenedbsd.org, acts as the source-of-truth
server for the HardenedBSD repositories.

Banner last updated: 10 Feb 2020 09:32 EST

remote: To github.com:HardenedBSD/hardenedBSD.git        
remote:    6dfb02db264a..5a693f0ad403  hardened/12-stable/master -> hardened/12-stable/master        
remote:    f85251542577..7cf694969ba2  github/freebsd/12-stable/master -> github/freebsd/12-stable/master        
remote: 
remote: Create a new pull request for 'hardened/12-stable/master':        
remote:   https://git-01.md.hardenedbsd.org/hardenedbsd/HardenedBSD/compare/hardened/current/master...hardened/12-stable/master        
remote: 
To git-01.md.hardenedbsd.org:HardenedBSD/HardenedBSD.git
   6dfb02db264a..5a693f0ad403  hardened/12-stable/master -> hardened/12-stable/master
==== END: hardened/12-stable/master ====
