==== BEGIN: hardened/current/master ====
current branch: hardened/current/master
mergeable branch: freebsd/current/master
==== change branch ====
Switched to branch 'hardened/current/master'
Your branch is up to date with 'origin/hardened/current/master'.
==== show current branch ====
  freebsd/11-stable/master
  freebsd/11.2-releng/master
  freebsd/12-stable/master
  freebsd/12.1-releng/master
  freebsd/current/master
  hardened/11-stable/master
  hardened/11.2-releng/master
  hardened/12-stable/master
  hardened/12.1-releng/master
* hardened/current/master
==== check for stale changes ====
==== update to latest origin ====
warning: Pulling without specifying how to reconcile divergent branches is
discouraged. You can squelch this message by running one of the following
commands sometime before your next pull:

  git config pull.rebase false  # merge (the default strategy)
  git config pull.rebase true   # rebase
  git config pull.ff only       # fast-forward only

You can replace "git config" with "git config --global" to set a default
preference for all repositories. You can also pass --rebase, --no-rebase,
or --ff-only on the command line to override the configured default per
invocation.

=============================
HardenedBSD Master git Server
=============================

Please note that connections and activity to this server are logged.
This server, git-01.md.hardenedbsd.org, acts as the source-of-truth
server for the HardenedBSD repositories.

Banner last updated: 10 Feb 2020 09:32 EST

Already up to date.
==== merge branches ====
==== merge freebsd/current/master branch ====
Auto-merging sys/sys/kernel.h
Auto-merging sys/amd64/amd64/pmap.c
Merge made by the 'recursive' strategy.
 contrib/libexecinfo/unwind.c              |   4 +-
 contrib/one-true-awk/awk.h                |   4 +-
 contrib/one-true-awk/b.c                  |   2 -
 contrib/one-true-awk/lex.c                |   3 +-
 sbin/nvmecontrol/firmware.c               |  20 ++-
 sbin/nvmecontrol/identify_ext.c           |   9 ++
 sbin/rcorder/rcorder.c                    |   6 +-
 share/man/man4/ng_bpf.4                   |  61 ++++++--
 sys/amd64/amd64/pmap.c                    |  10 +-
 sys/dev/nvme/nvme.h                       |   1 +
 sys/dev/nvme/nvme_ctrlr.c                 |   3 +
 sys/dev/usb/serial/umodem.c               |   2 +
 sys/dev/usb/usbdevs                       |   1 +
 sys/kern/kern_environment.c               |  10 +-
 sys/net/route.c                           |  12 --
 sys/net/route.h                           |   4 +
 sys/net/route/route_ctl.c                 |  33 +++-
 sys/net/route/route_var.h                 |   1 -
 sys/net/rtsock.c                          |  21 ++-
 sys/netinet/ip_output.c                   |   3 +-
 sys/netinet6/nd6.c                        |  25 +--
 sys/sys/kernel.h                          |   4 +
 tools/bsdbox/Makefile                     |   1 +
 tools/build/make.py                       | 249 ++++++++++++++++++++++++++++++
 tools/regression/fsx/Makefile             |   5 +
 tools/regression/fsx/fsx.c                |  63 +++-----
 usr.bin/mkcsmapper/yacc.y                 |   2 +-
 usr.bin/xargs/xargs.1                     |  18 +--
 usr.bin/xargs/xargs.c                     |  19 ++-
 usr.sbin/crunch/crunchgen/crunched_main.c |   2 +-
 30 files changed, 475 insertions(+), 123 deletions(-)
 create mode 100755 tools/build/make.py
=============================
HardenedBSD Master git Server
=============================

Please note that connections and activity to this server are logged.
This server, git-01.md.hardenedbsd.org, acts as the source-of-truth
server for the HardenedBSD repositories.

Banner last updated: 10 Feb 2020 09:32 EST

remote: * Checking 1 branches        
remote: Checked 1 references in total        
remote: To github.com:HardenedBSD/hardenedBSD.git        
remote:    e5cc96d4ae3d..44484521bfbc  hardened/current/master -> hardened/current/master        
remote:    930cbdcee293..e7e84950bd83  github/freebsd/current/master -> github/freebsd/current/master        
remote: . Processing 1 references        
remote: Gitea: Internal Server Error        
remote: Unable to contact gitea: Post "http://localhost:3000/api/internal/hook/post-receive/hardenedbsd/hardenedbsd": read tcp 172.16.1.72:12213->172.16.1.72:3000: i/o timeout        
To git-01.md.hardenedbsd.org:HardenedBSD/HardenedBSD.git
   e5cc96d4ae3d..44484521bfbc  hardened/current/master -> hardened/current/master
==== END: hardened/current/master ====
