==== BEGIN: hardened/12-stable/master ====
current branch: hardened/12-stable/master
mergeable branch: freebsd/12-stable/master
==== change branch ====
Switched to branch 'hardened/12-stable/master'
Your branch is up to date with 'origin/hardened/12-stable/master'.
==== show current branch ====
  freebsd/11-stable/master
  freebsd/11.2-releng/master
  freebsd/12-stable/master
  freebsd/12.1-releng/master
  freebsd/current/master
  hardened/11-stable/master
  hardened/11.2-releng/master
* hardened/12-stable/master
  hardened/12.1-releng/master
  hardened/current/master
==== check for stale changes ====
==== update to latest origin ====
Already up to date.
==== merge branches ====
==== merge freebsd/12-stable/master branch ====
Merge made by the 'recursive' strategy.
 lib/libipsec/ipsec_strerror.c                       | 2 +-
 lib/libipsec/ipsec_strerror.h                       | 2 +-
 sys/contrib/dev/ath/ath_hal/ar9300/ar9300_xmit_ds.c | 4 ++++
 sys/kern/uipc_mbuf2.c                               | 4 ++--
 sys/net/if.c                                        | 7 +++++++
 usr.bin/gprof/Makefile                              | 8 +++++++-
 usr.bin/gprof/gprof.c                               | 7 +++++--
 usr.bin/gprof/gprof.h                               | 2 ++
 usr.bin/netstat/inet.c                              | 2 ++
 9 files changed, 31 insertions(+), 7 deletions(-)
remote: To github.com:HardenedBSD/hardenedBSD.git        
remote:    9c02c62ab6d6..14405f15a596  hardened/12-stable/master -> hardened/12-stable/master        
remote:    4d44faafdb7e..820b05ffbded  github/freebsd/12-stable/master -> github/freebsd/12-stable/master        
remote: 
remote: Create a new pull request for 'hardened/12-stable/master':        
remote:   https://git-01.md.hardenedbsd.org/hardenedbsd/HardenedBSD/compare/hardened/current/master...hardened/12-stable/master        
remote: 
To git-01.md.hardenedbsd.org:HardenedBSD/HardenedBSD.git
   9c02c62ab6d6..14405f15a596  hardened/12-stable/master -> hardened/12-stable/master
==== END: hardened/12-stable/master ====
