==== BEGIN: hardened/12-stable/master ====
current branch: hardened/12-stable/master
mergeable branch: freebsd/12-stable/master
==== change branch ====
Switched to branch 'hardened/12-stable/master'
Your branch is up to date with 'origin/hardened/12-stable/master'.
==== show current branch ====
  freebsd/11-stable/master
  freebsd/11.2-releng/master
  freebsd/12-stable/master
  freebsd/12.1-releng/master
  freebsd/current/master
  hardened/11-stable/master
  hardened/11.2-releng/master
* hardened/12-stable/master
  hardened/12.1-releng/master
  hardened/current/master
==== check for stale changes ====
==== update to latest origin ====
Already up to date.
==== merge branches ====
==== merge freebsd/12-stable/master branch ====
Auto-merging tools/build/mk/OptionalObsoleteFiles.inc
Merge made by the 'recursive' strategy.
 contrib/blacklist/bin/blacklistctl.c               |  37 +++-
 contrib/blacklist/bin/blacklistd.c                 |  13 +-
 contrib/blacklist/bin/blacklistd.conf.5            |  32 +--
 contrib/blacklist/bin/support.c                    |  14 +-
 contrib/blacklist/diff/ssh.diff                    | 223 +++++++--------------
 contrib/blacklist/lib/Makefile                     |   4 +-
 contrib/blacklist/lib/libblacklist.3               |   4 +-
 .../opensolaris/uts/common/fs/zfs/zfs_vnops.c      |  39 ++--
 sys/fs/pseudofs/pseudofs_vnops.c                   |   4 -
 tools/build/mk/OptionalObsoleteFiles.inc           |  60 +-----
 usr.sbin/wpa/wpa_supplicant/Makefile               |  34 ++--
 11 files changed, 187 insertions(+), 277 deletions(-)
remote: To github.com:HardenedBSD/hardenedBSD.git        
remote:    b685cdf89b84..7d68d679d82e  hardened/12-stable/master -> hardened/12-stable/master        
remote:    317330245bca..5eeb4b7a1e71  github/freebsd/12-stable/master -> github/freebsd/12-stable/master        
remote: 
remote: Create a new pull request for 'hardened/12-stable/master':        
remote:   https://git-01.md.hardenedbsd.org/hardenedbsd/HardenedBSD/compare/hardened/current/master...hardened/12-stable/master        
remote: 
To git-01.md.hardenedbsd.org:HardenedBSD/HardenedBSD.git
   b685cdf89b84..7d68d679d82e  hardened/12-stable/master -> hardened/12-stable/master
==== END: hardened/12-stable/master ====
