==== BEGIN: hardened/current/master ====
current branch: hardened/current/master
mergeable branch: freebsd/current/master
==== change branch ====
Switched to branch 'hardened/current/master'
Your branch is up to date with 'origin/hardened/current/master'.
==== show current branch ====
  freebsd/11-stable/master
  freebsd/11.2-releng/master
  freebsd/12-stable/master
  freebsd/12.1-releng/master
  freebsd/current/master
  hardened/11-stable/master
  hardened/11.2-releng/master
  hardened/12-stable/master
  hardened/12.1-releng/master
* hardened/current/master
==== check for stale changes ====
==== update to latest origin ====
warning: Pulling without specifying how to reconcile divergent branches is
discouraged. You can squelch this message by running one of the following
commands sometime before your next pull:

  git config pull.rebase false  # merge (the default strategy)
  git config pull.rebase true   # rebase
  git config pull.ff only       # fast-forward only

You can replace "git config" with "git config --global" to set a default
preference for all repositories. You can also pass --rebase, --no-rebase,
or --ff-only on the command line to override the configured default per
invocation.

=============================
HardenedBSD Master git Server
=============================

Please note that connections and activity to this server are logged.
This server, git-01.md.hardenedbsd.org, acts as the source-of-truth
server for the HardenedBSD repositories.

Banner last updated: 10 Feb 2020 09:32 EST

Already up to date.
==== merge branches ====
==== merge freebsd/current/master branch ====
Auto-merging sys/conf/files
Merge made by the 'recursive' strategy.
 secure/lib/libssl/Makefile               |   2 +-
 share/man/man9/Makefile                  |   5 ++
 share/man/man9/prng.9                    |  99 +++++++++++++++++++++++
 sys/conf/files                           |   1 +
 sys/contrib/pcg-c/include/pcg_variants.h |  44 +++--------
 sys/kern/subr_prng.c                     | 131 +++++++++++++++++++++++++++++++
 sys/libkern/random.c                     |  35 +--------
 sys/net/route.c                          |  96 +---------------------
 sys/net/route.h                          |   9 ---
 sys/net/route/route_ctl.c                |  76 +++++++++++++++++-
 sys/net/route/route_var.h                |   4 +
 sys/net/route/shared.h                   |   3 -
 sys/netinet/cc/cc_cubic.c                |  62 ++++++++-------
 sys/netinet/tcp_input.c                  |  11 ++-
 sys/netinet/tcp_sack.c                   |  31 ++++++--
 sys/netinet/tcp_var.h                    |   8 +-
 sys/sys/prng.h                           |  20 +++++
 17 files changed, 424 insertions(+), 213 deletions(-)
 create mode 100644 share/man/man9/prng.9
 create mode 100644 sys/kern/subr_prng.c
 create mode 100644 sys/sys/prng.h
=============================
HardenedBSD Master git Server
=============================

Please note that connections and activity to this server are logged.
This server, git-01.md.hardenedbsd.org, acts as the source-of-truth
server for the HardenedBSD repositories.

Banner last updated: 10 Feb 2020 09:32 EST

remote: To github.com:HardenedBSD/hardenedBSD.git        
remote:    e38f559eb2e8..5b61cb346586  hardened/current/master -> hardened/current/master        
remote:    dbfd259b0954..aac895409acf  github/freebsd/current/master -> github/freebsd/current/master        
remote: . Processing 1 references        
remote: Processed 1 references in total        
To git-01.md.hardenedbsd.org:HardenedBSD/HardenedBSD.git
   e38f559eb2e8..5b61cb346586  hardened/current/master -> hardened/current/master
==== END: hardened/current/master ====
