==== BEGIN: hardened/12-stable/master ====
current branch: hardened/12-stable/master
mergeable branch: freebsd/12-stable/master
==== change branch ====
Switched to branch 'hardened/12-stable/master'
Your branch is up to date with 'origin/hardened/12-stable/master'.
==== show current branch ====
  freebsd/11-stable/master
  freebsd/11.2-releng/master
  freebsd/12-stable/master
  freebsd/12.1-releng/master
  freebsd/current/master
  hardened/11-stable/master
  hardened/11.2-releng/master
* hardened/12-stable/master
  hardened/12.1-releng/master
  hardened/current/master
==== check for stale changes ====
==== update to latest origin ====
=============================
HardenedBSD Master git Server
=============================

Please note that connections and activity to this server are logged.
This server, git-01.md.hardenedbsd.org, acts as the source-of-truth
server for the HardenedBSD repositories.

Banner last updated: 10 Feb 2020 09:32 EST

Already up to date.
==== merge branches ====
==== merge freebsd/12-stable/master branch ====
Auto-merging share/mk/src.opts.mk
Auto-merging share/man/man5/src.conf.5
CONFLICT (content): Merge conflict in share/man/man5/src.conf.5
Auto-merging secure/usr.bin/ssh/Makefile
CONFLICT (content): Merge conflict in secure/usr.bin/ssh/Makefile
Automatic merge failed; fix conflicts and then commit the result.
==== merge failed at freebsd/12-stable/master branch ====
diff --cc secure/usr.bin/ssh/Makefile
index bac247134ff8,023fa4a55be9..000000000000
--- a/secure/usr.bin/ssh/Makefile
+++ b/secure/usr.bin/ssh/Makefile
@@@ -37,6 -37,8 +37,11 @@@ LIBADD+=	crypt
  CFLAGS+= -DXAUTH_PATH=\"${LOCALBASE}/bin/xauth\"
  .endif
  
++<<<<<<< HEAD
++=======
+ # Workaround VMware Workstation NAT bug
+ CFLAGS+=-DVMWARE_GUEST_WORKAROUND
++>>>>>>> freebsd/12-stable/master
  
  .include <bsd.prog.mk>
  
diff --cc share/man/man5/src.conf.5
index 9692d276cdca,502fb6c7abc5..000000000000
--- a/share/man/man5/src.conf.5
+++ b/share/man/man5/src.conf.5
@@@ -1,6 -1,6 +1,10 @@@
  .\" DO NOT EDIT-- this file is @generated by tools/build/options/makeman.
  .\" $FreeBSD$
++<<<<<<< HEAD
 +.Dd January 14, 2020
++=======
+ .Dd March 8, 2020
++>>>>>>> freebsd/12-stable/master
  .Dt SRC.CONF 5
  .Os
  .Sh NAME
On branch hardened/12-stable/master
Your branch is up to date with 'origin/hardened/12-stable/master'.

You have unmerged paths.
  (fix conflicts and run "git commit")
  (use "git merge --abort" to abort the merge)

Changes to be committed:
	new file:   contrib/elftoolchain/.cirrus.yml
	modified:   contrib/elftoolchain/README.rst
	modified:   contrib/elftoolchain/addr2line/addr2line.c
	modified:   contrib/elftoolchain/common/elfdefinitions.h
	modified:   contrib/elftoolchain/common/native-elf-format
	modified:   contrib/elftoolchain/elfcopy/ascii.c
	modified:   contrib/elftoolchain/elfcopy/binary.c
	modified:   contrib/elftoolchain/elfcopy/elfcopy.h
	modified:   contrib/elftoolchain/elfcopy/main.c
	modified:   contrib/elftoolchain/elfcopy/sections.c
	modified:   contrib/elftoolchain/elfdump/elfdump.c
	modified:   contrib/elftoolchain/libdwarf/dwarf.h
	modified:   contrib/elftoolchain/libdwarf/dwarf_dump.c
	modified:   contrib/elftoolchain/libdwarf/libdwarf_attr.c
	modified:   contrib/elftoolchain/libdwarf/libdwarf_reloc.c
	modified:   contrib/elftoolchain/libelf/_libelf.h
	modified:   contrib/elftoolchain/libelf/_libelf_config.h
	modified:   contrib/elftoolchain/libelf/elf.3
	modified:   contrib/elftoolchain/libelf/elf_data.c
	modified:   contrib/elftoolchain/libelf/elf_end.c
	modified:   contrib/elftoolchain/libelf/elf_flagdata.3
	modified:   contrib/elftoolchain/libelf/elf_getdata.3
	modified:   contrib/elftoolchain/libelf/elf_getident.c
	modified:   contrib/elftoolchain/libelf/elf_next.3
	modified:   contrib/elftoolchain/libelf/elf_next.c
	modified:   contrib/elftoolchain/libelf/elf_open.3
	modified:   contrib/elftoolchain/libelf/elf_rand.c
	modified:   contrib/elftoolchain/libelf/elf_rawfile.c
	modified:   contrib/elftoolchain/libelf/elf_scn.c
	modified:   contrib/elftoolchain/libelf/elf_update.3
	modified:   contrib/elftoolchain/libelf/elf_update.c
	modified:   contrib/elftoolchain/libelf/gelf.3
	modified:   contrib/elftoolchain/libelf/gelf_cap.c
	modified:   contrib/elftoolchain/libelf/gelf_dyn.c
	modified:   contrib/elftoolchain/libelf/gelf_getcap.3
	modified:   contrib/elftoolchain/libelf/gelf_getdyn.3
	modified:   contrib/elftoolchain/libelf/gelf_getmove.3
	modified:   contrib/elftoolchain/libelf/gelf_getrel.3
	modified:   contrib/elftoolchain/libelf/gelf_getrela.3
	modified:   contrib/elftoolchain/libelf/gelf_getsym.3
	modified:   contrib/elftoolchain/libelf/gelf_getsyminfo.3
	modified:   contrib/elftoolchain/libelf/gelf_getsymshndx.3
	modified:   contrib/elftoolchain/libelf/gelf_move.c
	modified:   contrib/elftoolchain/libelf/gelf_newehdr.3
	modified:   contrib/elftoolchain/libelf/gelf_newphdr.3
	modified:   contrib/elftoolchain/libelf/gelf_rel.c
	modified:   contrib/elftoolchain/libelf/gelf_rela.c
	modified:   contrib/elftoolchain/libelf/gelf_sym.c
	modified:   contrib/elftoolchain/libelf/gelf_syminfo.c
	modified:   contrib/elftoolchain/libelf/gelf_symshndx.c
	modified:   contrib/elftoolchain/libelf/libelf_allocate.c
	modified:   contrib/elftoolchain/libelf/libelf_ar.c
	modified:   contrib/elftoolchain/libelf/libelf_convert.m4
	modified:   contrib/elftoolchain/libelf/libelf_data.c
	modified:   contrib/elftoolchain/libelf/libelf_ehdr.c
	modified:   contrib/elftoolchain/libelf/libelf_extended.c
	modified:   contrib/elftoolchain/libelf/libelf_memory.c
	modified:   contrib/elftoolchain/libelf/libelf_msize.m4
	modified:   contrib/elftoolchain/libelf/libelf_phdr.c
	modified:   contrib/elftoolchain/libelf/libelf_xlate.c
	new file:   contrib/elftoolchain/libelf/os.Linux.mk
	modified:   contrib/elftoolchain/libelftc/elftc_bfd_find_target.3
	modified:   contrib/elftoolchain/libelftc/elftc_string_table.c
	modified:   contrib/elftoolchain/libelftc/elftc_string_table_create.3
	modified:   contrib/elftoolchain/libelftc/libelftc.h
	modified:   contrib/elftoolchain/libelftc/libelftc_bfdtarget.c
	modified:   contrib/elftoolchain/libelftc/make-toolchain-version
	modified:   contrib/elftoolchain/nm/nm.c
	modified:   contrib/elftoolchain/readelf/readelf.1
	modified:   contrib/elftoolchain/readelf/readelf.c
	modified:   contrib/elftoolchain/strings/strings.c
	modified:   crypto/openssh/readconf.c
	modified:   lib/libc/locale/fix_grouping.c
	modified:   lib/libcompiler_rt/Makefile.inc
	modified:   lib/libelftc/elftc_version.c
	modified:   lib/libfetch/fetch.c
	modified:   share/man/man7/arch.7
	modified:   share/man/man7/hier.7
	modified:   share/mk/src.opts.mk
	modified:   share/syscons/fonts/INDEX.fonts
	modified:   share/syscons/keymaps/INDEX.keymaps
	modified:   share/vt/fonts/INDEX.fonts
	modified:   share/vt/keymaps/INDEX.keymaps
	modified:   sys/compat/freebsd32/freebsd32_sysent.c
	modified:   sys/compat/linux/linux_mib.h
	modified:   sys/dev/usb/net/if_muge.c
	modified:   sys/kern/capabilities.conf
	modified:   sys/kern/init_sysent.c
	modified:   sys/netpfil/pf/pf_ioctl.c
	modified:   sys/sys/elf_common.h
	modified:   sys/vm/pmap.h
	modified:   tools/build/options/WITHOUT_BINUTILS
	modified:   tools/build/options/WITHOUT_BINUTILS_BOOTSTRAP
	modified:   tools/build/options/WITH_BINUTILS_BOOTSTRAP
	new file:   tools/tools/controlelf/Makefile
	new file:   tools/tools/controlelf/controlelf.1
	new file:   tools/tools/controlelf/controlelf.c
	modified:   usr.bin/elfdump/elfdump.1
	modified:   usr.bin/elfdump/elfdump.c
	modified:   usr.sbin/kbdmap/kbdmap.c

Unmerged paths:
  (use "git add <file>..." to mark resolution)
	both modified:   secure/usr.bin/ssh/Makefile
	both modified:   share/man/man5/src.conf.5

HEAD is now at d9836a8f272e Merge branch 'freebsd/12-stable/master' into hardened/12-stable/master
==== merge failed and clean up after ====
On branch hardened/12-stable/master
Your branch is up to date with 'origin/hardened/12-stable/master'.

nothing to commit, working tree clean
HEAD is now at d9836a8f272e Merge branch 'freebsd/12-stable/master' into hardened/12-stable/master
==== END: hardened/12-stable/master ====
