==== BEGIN: hardened/current/master ====
current branch: hardened/current/master
mergeable branch: freebsd/current/master
==== change branch ====
Switched to branch 'hardened/current/master'
Your branch is up to date with 'origin/hardened/current/master'.
==== show current branch ====
  freebsd/11-stable/master
  freebsd/11.2-releng/master
  freebsd/12-stable/master
  freebsd/12.1-releng/master
  freebsd/12.2-releng/master
  freebsd/current/master
  hardened/11-stable/master
  hardened/11.2-releng/master
  hardened/12-stable/master
  hardened/12.1-releng/master
  hardened/12.2-releng/master
* hardened/current/master
==== check for stale changes ====
==== update to latest origin ====
warning: Pulling without specifying how to reconcile divergent branches is
discouraged. You can squelch this message by running one of the following
commands sometime before your next pull:

  git config pull.rebase false  # merge (the default strategy)
  git config pull.rebase true   # rebase
  git config pull.ff only       # fast-forward only

You can replace "git config" with "git config --global" to set a default
preference for all repositories. You can also pass --rebase, --no-rebase,
or --ff-only on the command line to override the configured default per
invocation.

=============================
HardenedBSD Master git Server
=============================

Please note that connections and activity to this server are logged.
This server, git-01.md.hardenedbsd.org, acts as the source-of-truth
server for the HardenedBSD repositories.

Banner last updated: 10 Feb 2020 09:32 EST

Already up to date.
==== merge branches ====
==== merge freebsd/current/master branch ====
Auto-merging sys/netinet6/nd6_rtr.c
Merge made by the 'recursive' strategy.
 release/arm64/RPI3.conf       |  2 +-
 sys/dev/dwc/if_dwc.c          | 25 ++++++++++---
 sys/dev/dwc/if_dwc.h          |  2 +
 sys/net/route.c               | 79 +---------------------------------------
 sys/net/route.h               |  4 +-
 sys/net/route/route_ctl.c     |  2 +-
 sys/net/route/route_ctl.h     | 22 ++++++++---
 sys/net/route/route_helpers.c | 85 ++++++++++++++++++++++++++++++++++++++++---
 sys/netinet/in_rmx.c          |  2 +-
 sys/netinet6/nd6_rtr.c        |  2 +-
 10 files changed, 125 insertions(+), 100 deletions(-)
=============================
HardenedBSD Master git Server
=============================

Please note that connections and activity to this server are logged.
This server, git-01.md.hardenedbsd.org, acts as the source-of-truth
server for the HardenedBSD repositories.

Banner last updated: 10 Feb 2020 09:32 EST

remote: To github.com:HardenedBSD/hardenedBSD.git        
remote:    36add2c882f3..b4f8ebe89550  hardened/current/master -> hardened/current/master        
remote:    bdee9bf27bbb..81270f81da5b  github/freebsd/current/master -> github/freebsd/current/master        
remote: . Processing 1 references        
remote: Processed 1 references in total        
To git-01.md.hardenedbsd.org:HardenedBSD/HardenedBSD.git
   36add2c882f3..b4f8ebe89550  hardened/current/master -> hardened/current/master
==== END: hardened/current/master ====
