==== BEGIN: hardened/current/master ====
current branch: hardened/current/master
mergeable branch: freebsd/current/master
==== change branch ====
Switched to branch 'hardened/current/master'
Your branch is up to date with 'origin/hardened/current/master'.
==== show current branch ====
  freebsd/11-stable/master
  freebsd/11.2-releng/master
  freebsd/12-stable/master
  freebsd/12.1-releng/master
  freebsd/current/master
  hardened/11-stable/master
  hardened/11.2-releng/master
  hardened/12-stable/master
  hardened/12.1-releng/master
* hardened/current/master
==== check for stale changes ====
==== update to latest origin ====
=============================
HardenedBSD Master git Server
=============================

Please note that connections and activity to this server are logged.
This server, git-01.md.hardenedbsd.org, acts as the source-of-truth
server for the HardenedBSD repositories.

Banner last updated: 10 Feb 2020 09:32 EST

Already up to date.
==== merge branches ====
==== merge freebsd/current/master branch ====
Auto-merging sys/netinet6/in6_src.c
Auto-merging sys/netinet/ip_input.c
Merge made by the 'recursive' strategy.
 sys/arm64/rockchip/rk_pinctrl.c |  45 +++++++-------
 sys/kern/uipc_ktls.c            |   9 +--
 sys/net/radix_mpath.c           |  37 ++++++------
 sys/net/route.c                 |  17 +++---
 sys/net/route.h                 |  32 +++++-----
 sys/net/route_var.h             |   2 +-
 sys/netinet/in_fib.c            |   4 ++
 sys/netinet/in_fib.h            |  13 ++++
 sys/netinet/ip_input.c          |  32 +++++-----
 sys/netinet/ip_output.c         |  61 +++++++++++--------
 sys/netinet/sctp_asconf.c       |  22 ++-----
 sys/netinet/sctp_os_bsd.h       |  31 ++++++----
 sys/netinet/sctp_output.c       |  48 +++++++--------
 sys/netinet/sctp_pcb.c          |  31 +++-------
 sys/netinet/sctp_structs.h      |   2 +-
 sys/netinet/sctp_timer.c        |  11 ++--
 sys/netinet/sctp_var.h          |   5 +-
 sys/netinet/tcp_output.c        |   9 +--
 sys/netinet/tcp_stacks/bbr.c    |  26 ++++----
 sys/netinet/tcp_subr.c          |   7 ++-
 sys/netinet/udp_usrreq.c        |   7 ++-
 sys/netinet6/in6.h              |   3 +-
 sys/netinet6/in6_pcb.c          |   2 +
 sys/netinet6/in6_src.c          | 127 ++++++++++++++++++++--------------------
 sys/netinet6/ip6_output.c       |  70 +++++++++++-----------
 sys/netinet6/ip6_var.h          |   2 +-
 26 files changed, 331 insertions(+), 324 deletions(-)
=============================
HardenedBSD Master git Server
=============================

Please note that connections and activity to this server are logged.
This server, git-01.md.hardenedbsd.org, acts as the source-of-truth
server for the HardenedBSD repositories.

Banner last updated: 10 Feb 2020 09:32 EST

remote: To github.com:HardenedBSD/hardenedBSD.git        
remote:    11c9db053031..72c0eb510818  hardened/current/master -> hardened/current/master
remote:    544dbc0072d6..a4a64e4a3352  github/freebsd/current/master -> github/freebsd/current/master        
To git-01.md.hardenedbsd.org:HardenedBSD/HardenedBSD.git
   11c9db053031..72c0eb510818  hardened/current/master -> hardened/current/master
==== END: hardened/current/master ====
