==== BEGIN: hardened/current/master ====
current branch: hardened/current/master
mergeable branch: freebsd/current/master
==== change branch ====
Switched to branch 'hardened/current/master'
Your branch is up to date with 'origin/hardened/current/master'.
==== show current branch ====
  freebsd/11-stable/master
  freebsd/11.2-releng/master
  freebsd/12-stable/master
  freebsd/12.1-releng/master
  freebsd/current/master
  hardened/11-stable/master
  hardened/11.2-releng/master
  hardened/12-stable/master
  hardened/12.1-releng/master
* hardened/current/master
==== check for stale changes ====
==== update to latest origin ====
=============================
HardenedBSD Master git Server
=============================

Please note that connections and activity to this server are logged.
This server, git-01.md.hardenedbsd.org, acts as the source-of-truth
server for the HardenedBSD repositories.

Banner last updated: 10 Feb 2020 09:32 EST

Already up to date.
==== merge branches ====
==== merge freebsd/current/master branch ====
Merge made by the 'recursive' strategy.
 sys/dev/hwpmc/hwpmc_mod.c   |  26 ++--
 sys/dev/usb/input/ukbd.c    |  20 ++-
 sys/fs/fuse/fuse_internal.c |   3 +
 sys/kern/subr_gtaskqueue.c  | 293 +++++---------------------------------------
 sys/net/iflib.c             |  44 -------
 sys/netinet/in_mcast.c      |  28 ++---
 sys/netinet6/in6_mcast.c    |  36 ++----
 sys/sys/gtaskqueue.h        |  22 ++--
 8 files changed, 95 insertions(+), 377 deletions(-)
=============================
HardenedBSD Master git Server
=============================

Please note that connections and activity to this server are logged.
This server, git-01.md.hardenedbsd.org, acts as the source-of-truth
server for the HardenedBSD repositories.

Banner last updated: 10 Feb 2020 09:32 EST

remote: To github.com:HardenedBSD/hardenedBSD.git        
remote:    ee2bba3dce24..8d6fef8301a6  hardened/current/master -> hardened/current/master        
remote:    3b54a22d99f5..376cca941fb2  github/freebsd/current/master -> github/freebsd/current/master        
To git-01.md.hardenedbsd.org:HardenedBSD/HardenedBSD.git
   ee2bba3dce24..8d6fef8301a6  hardened/current/master -> hardened/current/master
==== END: hardened/current/master ====
