==== BEGIN: hardened/current/master ====
current branch: hardened/current/master
mergeable branch: freebsd/current/master
==== change branch ====
Switched to branch 'hardened/current/master'
Your branch is up to date with 'origin/hardened/current/master'.
==== show current branch ====
  freebsd/11-stable/master
  freebsd/11.2-releng/master
  freebsd/12-stable/master
  freebsd/12.1-releng/master
  freebsd/current/master
  hardened/11-stable/master
  hardened/11.2-releng/master
  hardened/12-stable/master
  hardened/12.1-releng/master
* hardened/current/master
==== check for stale changes ====
==== update to latest origin ====
=============================
HardenedBSD Master git Server
=============================

Please note that connections and activity to this server are logged.
This server, git-01.md.hardenedbsd.org, acts as the source-of-truth
server for the HardenedBSD repositories.

Banner last updated: 10 Feb 2020 09:32 EST

Already up to date.
==== merge branches ====
==== merge freebsd/current/master branch ====
Auto-merging share/mk/bsd.lib.mk
Auto-merging libexec/rc/rc.d/Makefile
Auto-merging ObsoleteFiles.inc
Merge made by the 'recursive' strategy.
 ObsoleteFiles.inc           |   5 ++
 lib/libifconfig/Makefile    |   5 +-
 lib/libpmc/Makefile         |   3 +-
 lib/libpmcstat/Makefile     |   4 +-
 libexec/rc/Makefile         |  31 +++++++------
 libexec/rc/rc.d/Makefile    | 109 +++++++++++++++++++++++++-------------------
 share/mk/bsd.lib.mk         |   3 ++
 usr.sbin/pmc/Makefile       |   1 +
 usr.sbin/pmcstat/Makefile   |   1 +
 usr.sbin/wlandebug/Makefile |   1 +
 10 files changed, 97 insertions(+), 66 deletions(-)
=============================
HardenedBSD Master git Server
=============================

Please note that connections and activity to this server are logged.
This server, git-01.md.hardenedbsd.org, acts as the source-of-truth
server for the HardenedBSD repositories.

Banner last updated: 10 Feb 2020 09:32 EST

remote: To github.com:HardenedBSD/hardenedBSD.git        
remote:    e5fa1a11f8c2..452812c67075  hardened/current/master -> hardened/current/master        
remote:    1a9e50475158..51126b47dcd6  github/freebsd/current/master -> github/freebsd/current/master        
To git-01.md.hardenedbsd.org:HardenedBSD/HardenedBSD.git
   e5fa1a11f8c2..452812c67075  hardened/current/master -> hardened/current/master
==== END: hardened/current/master ====
