==== BEGIN: hardened/current/master ====
current branch: hardened/current/master
mergeable branch: freebsd/current/master
==== change branch ====
Switched to branch 'hardened/current/master'
Your branch is up to date with 'origin/hardened/current/master'.
==== show current branch ====
  freebsd/11-stable/master
  freebsd/11.2-releng/master
  freebsd/12-stable/master
  freebsd/12.1-releng/master
  freebsd/current/master
  hardened/11-stable/master
  hardened/11.2-releng/master
  hardened/12-stable/master
  hardened/12.1-releng/master
* hardened/current/master
==== check for stale changes ====
==== update to latest origin ====
warning: Pulling without specifying how to reconcile divergent branches is
discouraged. You can squelch this message by running one of the following
commands sometime before your next pull:

  git config pull.rebase false  # merge (the default strategy)
  git config pull.rebase true   # rebase
  git config pull.ff only       # fast-forward only

You can replace "git config" with "git config --global" to set a default
preference for all repositories. You can also pass --rebase, --no-rebase,
or --ff-only on the command line to override the configured default per
invocation.

=============================
HardenedBSD Master git Server
=============================

Please note that connections and activity to this server are logged.
This server, git-01.md.hardenedbsd.org, acts as the source-of-truth
server for the HardenedBSD repositories.

Banner last updated: 10 Feb 2020 09:32 EST

Already up to date.
==== merge branches ====
==== merge freebsd/current/master branch ====
Merge made by the 'recursive' strategy.
 .../cmd/dtrace/test/tst/amd64/arrays/tst.rax.c     |  2 ++
 .../cmd/dtrace/test/tst/common/io/tst.fds.c        |  5 ++-
 .../test/tst/common/java_api/tst.FunctionLookup.c  |  2 --
 .../test/tst/common/java_api/tst.ProbeData.c       | 16 +++++-----
 .../cmd/dtrace/test/tst/common/json/tst.usdt.c     |  9 ++++--
 .../cmd/dtrace/test/tst/common/json/usdt.d         | 12 ++++----
 .../cmd/dtrace/test/tst/common/pid/tst.args1.c     | 14 +++++----
 .../cmd/dtrace/test/tst/common/pid/tst.float.c     |  6 ++--
 .../cmd/dtrace/test/tst/common/pid/tst.fork.c      |  7 +++--
 .../cmd/dtrace/test/tst/common/pid/tst.gcc.c       |  9 +++---
 .../cmd/dtrace/test/tst/common/pid/tst.ret1.c      | 11 ++++---
 .../cmd/dtrace/test/tst/common/pid/tst.ret2.c      | 10 +++---
 .../cmd/dtrace/test/tst/common/pid/tst.vfork.c     |  7 +++--
 .../cmd/dtrace/test/tst/common/pid/tst.weak1.c     |  8 ++---
 .../cmd/dtrace/test/tst/common/pid/tst.weak2.c     |  8 ++---
 .../cmd/dtrace/test/tst/common/proc/tst.exitcore.c |  2 +-
 .../cmd/dtrace/test/tst/common/proc/tst.sigwait.c  |  4 +--
 .../test/tst/common/profile-n/tst.ufuncsort.c      | 14 ++++-----
 .../cmd/dtrace/test/tst/common/raise/tst.raise1.c  |  4 +--
 .../cmd/dtrace/test/tst/common/raise/tst.raise2.c  |  6 ++--
 .../cmd/dtrace/test/tst/common/raise/tst.raise3.c  |  6 ++--
 .../cmd/dtrace/test/tst/common/sdt/tst.sdtargs.c   |  4 +--
 .../cmd/dtrace/test/tst/common/stop/tst.stop1.c    |  4 +--
 .../cmd/dtrace/test/tst/common/stop/tst.stop2.c    |  4 +--
 .../cmd/dtrace/test/tst/common/syscall/tst.args.c  |  4 +--
 .../cmd/dtrace/test/tst/common/uctf/tst.aouttype.c |  2 ++
 .../dtrace/test/tst/common/uctf/tst.chasestrings.c |  4 +--
 .../dtrace/test/tst/common/uctf/tst.printtype.c    |  6 ++--
 .../cmd/dtrace/test/tst/common/usdt/tst.argmap.c   |  4 +--
 .../cmd/dtrace/test/tst/common/usdt/tst.args.c     |  4 +--
 .../cmd/dtrace/test/tst/common/usdt/tst.forker.c   |  4 +--
 .../dtrace/test/tst/common/ustack/tst.bigstack.c   |  5 ++-
 .../cmd/dtrace/test/tst/common/ustack/tst.spin.c   | 10 ++++--
 lib/libc/gen/getgrent.c                            | 17 ++++++++--
 lib/libc/gen/getpwent.c                            | 11 +++++--
 sbin/fsdb/fsdb.c                                   |  2 ++
 sbin/fsdb/fsdbutil.c                               |  4 +--
 tools/diag/prtblknos/Makefile                      |  2 ++
 tools/diag/prtblknos/main.c                        |  7 +++--
 tools/diag/prtblknos/prtblknos.c                   | 36 ++++++++++++++--------
 40 files changed, 162 insertions(+), 134 deletions(-)
=============================
HardenedBSD Master git Server
=============================

Please note that connections and activity to this server are logged.
This server, git-01.md.hardenedbsd.org, acts as the source-of-truth
server for the HardenedBSD repositories.

Banner last updated: 10 Feb 2020 09:32 EST

remote: To github.com:HardenedBSD/hardenedBSD.git        
remote:    4ca32e270c50..e1187944fbf4  hardened/current/master -> hardened/current/master        
remote:    8e6c3975ecbd..2f5081d184a3  github/freebsd/current/master -> github/freebsd/current/master
remote: . Processing 1 references        
remote: Processed 1 references in total        
To git-01.md.hardenedbsd.org:HardenedBSD/HardenedBSD.git
   4ca32e270c50..e1187944fbf4  hardened/current/master -> hardened/current/master
==== END: hardened/current/master ====
