==== BEGIN: hardened/12-stable/master ====
current branch: hardened/12-stable/master
mergeable branch: freebsd/12-stable/master
==== change branch ====
Switched to branch 'hardened/12-stable/master'
Your branch is up to date with 'origin/hardened/12-stable/master'.
==== show current branch ====
  freebsd/11-stable/master
  freebsd/11.2-releng/master
  freebsd/12-stable/master
  freebsd/12.1-releng/master
  freebsd/current/master
  hardened/11-stable/master
  hardened/11.2-releng/master
* hardened/12-stable/master
  hardened/12.1-releng/master
  hardened/current/master
==== check for stale changes ====
==== update to latest origin ====
warning: Pulling without specifying how to reconcile divergent branches is
discouraged. You can squelch this message by running one of the following
commands sometime before your next pull:

  git config pull.rebase false  # merge (the default strategy)
  git config pull.rebase true   # rebase
  git config pull.ff only       # fast-forward only

You can replace "git config" with "git config --global" to set a default
preference for all repositories. You can also pass --rebase, --no-rebase,
or --ff-only on the command line to override the configured default per
invocation.

=============================
HardenedBSD Master git Server
=============================

Please note that connections and activity to this server are logged.
This server, git-01.md.hardenedbsd.org, acts as the source-of-truth
server for the HardenedBSD repositories.

Banner last updated: 10 Feb 2020 09:32 EST

Already up to date.
==== merge branches ====
==== merge freebsd/12-stable/master branch ====
Merge made by the 'recursive' strategy.
 sbin/md5/md5.c                        |   6 +-
 sys/cddl/dev/dtrace/arm/dtrace_subr.c |   2 +-
 sys/cddl/dev/fbt/arm/fbt_isa.c        |  18 ++++--
 sys/dev/ena/ena.c                     |  28 +++++++++
 sys/dev/gpio/gpiobus.c                |   4 +-
 sys/dev/gpio/gpioiic.c                |  25 ++++----
 sys/dev/sound/pci/hda/hdac.c          | 107 ++++++++++++++++++++++++++--------
 sys/fs/cuse/cuse.c                    |  13 -----
 sys/modules/dtb/allwinner/Makefile    |   1 +
 sys/modules/ena/Makefile              |   1 +
 usr.bin/fortune/README                |   7 ---
 11 files changed, 147 insertions(+), 65 deletions(-)
=============================
HardenedBSD Master git Server
=============================

Please note that connections and activity to this server are logged.
This server, git-01.md.hardenedbsd.org, acts as the source-of-truth
server for the HardenedBSD repositories.

Banner last updated: 10 Feb 2020 09:32 EST

remote: To github.com:HardenedBSD/hardenedBSD.git        
remote:    78ea35ea2889..be37803e3c5b  hardened/12-stable/master -> hardened/12-stable/master        
remote:    a7d66ba4e193..c8cf1e7fd33a  github/freebsd/12-stable/master -> github/freebsd/12-stable/master        
remote: 
remote: Create a new pull request for 'hardened/12-stable/master':        
remote:   https://git-01.md.hardenedbsd.org/hardenedbsd/HardenedBSD/compare/hardened/current/master...hardened/12-stable/master        
remote: 
To git-01.md.hardenedbsd.org:HardenedBSD/HardenedBSD.git
   78ea35ea2889..be37803e3c5b  hardened/12-stable/master -> hardened/12-stable/master
==== END: hardened/12-stable/master ====
