==== BEGIN: hardened/current/master ====
current branch: hardened/current/master
mergeable branch: freebsd/current/master
==== change branch ====
Switched to branch 'hardened/current/master'
Your branch is up to date with 'origin/hardened/current/master'.
==== show current branch ====
  freebsd/11-stable/master
  freebsd/11.2-releng/master
  freebsd/12-stable/master
  freebsd/12.1-releng/master
  freebsd/current/master
  hardened/11-stable/master
  hardened/11.2-releng/master
  hardened/12-stable/master
  hardened/12.1-releng/master
* hardened/current/master
==== check for stale changes ====
==== update to latest origin ====
warning: Pulling without specifying how to reconcile divergent branches is
discouraged. You can squelch this message by running one of the following
commands sometime before your next pull:

  git config pull.rebase false  # merge (the default strategy)
  git config pull.rebase true   # rebase
  git config pull.ff only       # fast-forward only

You can replace "git config" with "git config --global" to set a default
preference for all repositories. You can also pass --rebase, --no-rebase,
or --ff-only on the command line to override the configured default per
invocation.

=============================
HardenedBSD Master git Server
=============================

Please note that connections and activity to this server are logged.
This server, git-01.md.hardenedbsd.org, acts as the source-of-truth
server for the HardenedBSD repositories.

Banner last updated: 10 Feb 2020 09:32 EST

Already up to date.
==== merge branches ====
==== merge freebsd/current/master branch ====
Auto-merging usr.sbin/bsdinstall/scripts/netconfig_ipv4
CONFLICT (content): Merge conflict in usr.sbin/bsdinstall/scripts/netconfig_ipv4
Automatic merge failed; fix conflicts and then commit the result.
==== merge failed at freebsd/current/master branch ====
diff --cc usr.sbin/bsdinstall/scripts/netconfig_ipv4
index 37151d50dd81,2acd9029d150..000000000000
--- a/usr.sbin/bsdinstall/scripts/netconfig_ipv4
+++ b/usr.sbin/bsdinstall/scripts/netconfig_ipv4
@@@ -50,11 -50,11 +50,16 @@@ dialog --backtitle 'HardenedBSD Install
  if [ $? -eq $DIALOG_OK ]; then
  	if [ ! -z $BSDINSTALL_CONFIGCURRENT ]; then
  		ifconfig $INTERFACE up
++<<<<<<< HEAD
 +		dialog --backtitle 'HardenedBSD Installer' --infobox "Acquiring DHCP lease..." 0 0
 +		err=$( dhclient $INTERFACE 2>&1 )
++=======
+ 		dialog --backtitle 'FreeBSD Installer' --infobox "Acquiring DHCP lease..." 0 0
+ 		err=$( pkill -F /var/run/dhclient/dhclient.${INTERFACE}.pid; dhclient $INTERFACE 2>&1 )
++>>>>>>> freebsd/current/master
  		if [ $? -ne 0 ]; then
  			f_dprintf "%s" "$err"
 -			dialog --backtitle 'FreeBSD Installer' --msgbox "DHCP lease acquisition failed." 0 0
 +			dialog --backtitle 'HardenedBSD Installer' --msgbox "DHCP lease acquisition failed." 0 0
  			exec $0 ${INTERFACE} "${IFCONFIG_PREFIX}"
  		fi
  	fi
On branch hardened/current/master
Your branch is up to date with 'origin/hardened/current/master'.

You have unmerged paths.
  (fix conflicts and run "git commit")
  (use "git merge --abort" to abort the merge)

Changes to be committed:
	modified:   lib/libc/sys/procctl.2
	modified:   libexec/getty/ttys.5
	modified:   sbin/ping/ping.c
	modified:   sbin/reboot/boot_i386.8
	modified:   share/man/man4/nmdm.4
	modified:   share/man/man4/uart.4
	modified:   share/man/man4/ucom.4
	modified:   share/man/man5/periodic.conf.5
	modified:   share/man/man5/rc.conf.5
	modified:   share/man/man7/Makefile
	new file:   share/man/man7/orders.7
	modified:   usr.sbin/bsdinstall/scripts/umount
	modified:   usr.sbin/nscd/parser.c
	new file:   usr.sbin/periodic/etc/daily/221.backup-gpart
	modified:   usr.sbin/periodic/periodic.conf
	modified:   usr.sbin/ppp/ppp.8

Unmerged paths:
  (use "git add <file>..." to mark resolution)
	both modified:   usr.sbin/bsdinstall/scripts/netconfig_ipv4

HEAD is now at 50997231a6b9 Merge branch 'freebsd/current/master' into hardened/current/master
==== merge failed and clean up after ====
On branch hardened/current/master
Your branch is up to date with 'origin/hardened/current/master'.

nothing to commit, working tree clean
HEAD is now at 50997231a6b9 Merge branch 'freebsd/current/master' into hardened/current/master
==== END: hardened/current/master ====
