==== BEGIN: hardened/12-stable/master ====
current branch: hardened/12-stable/master
mergeable branch: freebsd/12-stable/master
==== change branch ====
Switched to branch 'hardened/12-stable/master'
Your branch is up to date with 'origin/hardened/12-stable/master'.
==== show current branch ====
  freebsd/11-stable/master
  freebsd/11.2-releng/master
  freebsd/12-stable/master
  freebsd/12.1-releng/master
  freebsd/12.2-releng/master
  freebsd/current/master
  hardened/11-stable/master
  hardened/11.2-releng/master
* hardened/12-stable/master
  hardened/12.1-releng/master
  hardened/12.2-releng/master
  hardened/current/master
==== check for stale changes ====
==== update to latest origin ====
warning: Pulling without specifying how to reconcile divergent branches is
discouraged. You can squelch this message by running one of the following
commands sometime before your next pull:

  git config pull.rebase false  # merge (the default strategy)
  git config pull.rebase true   # rebase
  git config pull.ff only       # fast-forward only

You can replace "git config" with "git config --global" to set a default
preference for all repositories. You can also pass --rebase, --no-rebase,
or --ff-only on the command line to override the configured default per
invocation.

=============================
HardenedBSD Master git Server
=============================

Please note that connections and activity to this server are logged.
This server, git-01.md.hardenedbsd.org, acts as the source-of-truth
server for the HardenedBSD repositories.

Banner last updated: 10 Feb 2020 09:32 EST

Already up to date.
==== merge branches ====
==== merge freebsd/12-stable/master branch ====
Auto-merging sys/conf/files
Merge made by the 'recursive' strategy.
 share/man/man4/cxgbe.4                             |  25 +-
 sys/conf/files                                     |   6 +-
 sys/dev/ahci/ahci.c                                |   6 +-
 sys/dev/cxgbe/adapter.h                            |   4 +
 sys/dev/cxgbe/common/common.h                      |   4 +
 sys/dev/cxgbe/common/t4_hw.c                       |  72 +++-
 sys/dev/cxgbe/common/t4vf_hw.c                     |  46 +++
 sys/dev/cxgbe/cudbg/cudbg_lib.c                    |   8 +-
 .../{t4fw-1.25.0.0.bin => t4fw-1.25.0.40.bin}      | Bin 569856 -> 569856 bytes
 sys/dev/cxgbe/firmware/t4fw_interface.h            |   6 +-
 .../{t5fw-1.25.0.0.bin => t5fw-1.25.0.40.bin}      | Bin 673792 -> 673792 bytes
 .../{t6fw-1.25.0.0.bin => t6fw-1.25.0.40.bin}      | Bin 731136 -> 731648 bytes
 sys/dev/cxgbe/t4_iov.c                             |  65 ++++
 sys/dev/cxgbe/t4_main.c                            | 364 ++++++++++++---------
 sys/dev/cxgbe/t4_netmap.c                          |  12 +-
 sys/dev/cxgbe/t4_sge.c                             |  20 +-
 sys/dev/cxgbe/t4_vf.c                              |  20 +-
 sys/dev/mvs/mvs.c                                  |   3 +-
 sys/dev/siis/siis.c                                |   9 +-
 sys/modules/cxgbe/t4_firmware/Makefile             |   2 +-
 sys/modules/cxgbe/t5_firmware/Makefile             |   2 +-
 sys/modules/cxgbe/t6_firmware/Makefile             |   2 +-
 22 files changed, 470 insertions(+), 206 deletions(-)
 rename sys/dev/cxgbe/firmware/{t4fw-1.25.0.0.bin => t4fw-1.25.0.40.bin} (99%)
 rename sys/dev/cxgbe/firmware/{t5fw-1.25.0.0.bin => t5fw-1.25.0.40.bin} (99%)
 rename sys/dev/cxgbe/firmware/{t6fw-1.25.0.0.bin => t6fw-1.25.0.40.bin} (86%)
=============================
HardenedBSD Master git Server
=============================

Please note that connections and activity to this server are logged.
This server, git-01.md.hardenedbsd.org, acts as the source-of-truth
server for the HardenedBSD repositories.

Banner last updated: 10 Feb 2020 09:32 EST

remote: To github.com:HardenedBSD/hardenedBSD.git        
remote:    7e9ff21b1d29..25e9f1ded3e1  hardened/12-stable/master -> hardened/12-stable/master
remote:    7ded8b89cab7..818bebd7db32  github/freebsd/12-stable/master -> github/freebsd/12-stable/master        
remote:  ! [remote rejected]           refs/pull/18/head -> refs/pull/18/head (deny updating a hidden ref)        
remote:  ! [remote rejected]           refs/pull/19/head -> refs/pull/19/head (deny updating a hidden ref)        
remote:  ! [remote rejected]           refs/pull/20/head -> refs/pull/20/head (deny updating a hidden ref)        
remote:  ! [remote rejected]           refs/pull/21/head -> refs/pull/21/head (deny updating a hidden ref)        
remote: error: failed to push some refs to 'github.com:HardenedBSD/hardenedBSD.git'        
remote: . Processing 1 references        
remote: Processed 1 references in total        
remote: 
remote: Create a new pull request for 'hardened/12-stable/master':        
remote:   https://git-01.md.hardenedbsd.org/HardenedBSD/HardenedBSD/compare/hardened/current/master...hardened/12-stable/master        
remote: 
To git-01.md.hardenedbsd.org:HardenedBSD/HardenedBSD.git
   7e9ff21b1d29..25e9f1ded3e1  hardened/12-stable/master -> hardened/12-stable/master
==== END: hardened/12-stable/master ====
