==== BEGIN: master ====
current branch: master
mergeable branch: github/master
==== change branch ====
Already on 'master'
Your branch is up to date with 'origin/master'.
==== show current branch ====
* master
==== check for stale changes ====
==== update to latest origin ====
warning: Pulling without specifying how to reconcile divergent branches is
discouraged. You can squelch this message by running one of the following
commands sometime before your next pull:

  git config pull.rebase false  # merge (the default strategy)
  git config pull.rebase true   # rebase
  git config pull.ff only       # fast-forward only

You can replace "git config" with "git config --global" to set a default
preference for all repositories. You can also pass --rebase, --no-rebase,
or --ff-only on the command line to override the configured default per
invocation.

=============================
HardenedBSD Master git Server
=============================

Please note that connections and activity to this server are logged.
This server, git-01.md.hardenedbsd.org, acts as the source-of-truth
server for the HardenedBSD repositories.

Banner last updated: 10 Feb 2020 09:32 EST

Already up to date.
==== merge branches ====
==== merge github/master branch ====
Already up to date.
=============================
HardenedBSD Master git Server
=============================

Please note that connections and activity to this server are logged.
This server, git-01.md.hardenedbsd.org, acts as the source-of-truth
server for the HardenedBSD repositories.

Banner last updated: 10 Feb 2020 09:32 EST

Everything up-to-date
==== END: master ====
==== BEGIN: master ====
current branch: master
mergeable branch: freebsd/master
==== change branch ====
Already on 'master'
Your branch is up to date with 'origin/master'.
==== show current branch ====
* master
==== check for stale changes ====
==== update to latest origin ====
warning: Pulling without specifying how to reconcile divergent branches is
discouraged. You can squelch this message by running one of the following
commands sometime before your next pull:

  git config pull.rebase false  # merge (the default strategy)
  git config pull.rebase true   # rebase
  git config pull.ff only       # fast-forward only

You can replace "git config" with "git config --global" to set a default
preference for all repositories. You can also pass --rebase, --no-rebase,
or --ff-only on the command line to override the configured default per
invocation.

=============================
HardenedBSD Master git Server
=============================

Please note that connections and activity to this server are logged.
This server, git-01.md.hardenedbsd.org, acts as the source-of-truth
server for the HardenedBSD repositories.

Banner last updated: 10 Feb 2020 09:32 EST

Already up to date.
==== merge branches ====
==== merge freebsd/master branch ====
Merge made by the 'recursive' strategy.
 audio/lsp-plugins-lv2/Makefile                     |   1 +
 comms/gqrx/Makefile                                |   2 +-
 comms/gqrx/distinfo                                |   6 +-
 comms/gr-osmosdr/Makefile                          |   2 +-
 comms/gr-osmosdr/distinfo                          |   6 +-
 comms/qsstv/files/patch-qsstv_utils_color.cpp      |   2 +-
 comms/qsstv/files/patch-qsstv_utils_jp2io.h        |   2 +-
 devel/level-zero/Makefile                          |   2 +-
 devel/level-zero/distinfo                          |   6 +-
 devel/level-zero/pkg-plist                         |   6 +-
 devel/simgear/Makefile                             |   2 +-
 devel/simgear/distinfo                             |   6 +-
 devel/simgear/pkg-plist                            |   5 +-
 devel/tokei/Makefile                               |   4 +-
 devel/tokei/distinfo                               |  10 +-
 finance/wmstock/Makefile                           |  11 +-
 finance/wmstock/files/patch-Makefile               |   4 +-
 finance/wmstock/files/patch-getquote               |   8 +-
 finance/wmstock/pkg-descr                          |   2 +-
 games/flightgear-data/Makefile                     |   2 +-
 games/flightgear-data/distinfo                     |   6 +-
 games/flightgear/Makefile                          |   2 +-
 games/flightgear/distinfo                          |   6 +-
 games/trackballs/Makefile                          |   3 +-
 games/trackballs/distinfo                          |   6 +-
 games/trackballs/pkg-plist                         |   8 ++
 math/py-matplotlib-scalebar/Makefile               |   4 +-
 math/py-matplotlib-scalebar/distinfo               |   6 +-
 science/elk/Makefile                               |   2 -
 sysutils/bpytop/Makefile                           |   2 +-
 sysutils/bpytop/distinfo                           |   6 +-
 www/deno/Makefile                                  |  57 +++--------
 www/deno/distinfo                                  | 112 ++++++---------------
 www/deno/files/extrapatch-clang10                  |   4 +-
 .../files/patch-cargo-crates_rusty__v8_build.rs    |   4 +-
 ...ch-cargo-crates_rusty__v8_build_config_BUILD.gn |   4 +-
 ...go-crates_rusty__v8_build_config_BUILDCONFIG.gn |   4 +-
 ...crates_rusty__v8_build_config_compiler_BUILD.gn |   4 +-
 ...es_rusty__v8_build_config_compiler_compiler.gni |   4 +-
 ...argo-crates_rusty__v8_build_config_features.gni |   4 +-
 ...es_rusty__v8_build_config_freetype_freetype.gni |   4 +-
 ...go-crates_rusty__v8_build_config_linux_BUILD.gn |   4 +-
 ...ates_rusty__v8_build_config_linux_pkg-config.py |   4 +-
 ...cargo-crates_rusty__v8_build_config_sysroot.gni |   4 +-
 ...go-crates_rusty__v8_build_detect__host__arch.py |   4 +-
 ...cargo-crates_rusty__v8_build_gn__run__binary.py |   4 +-
 ...h-cargo-crates_rusty__v8_build_linux_chrome.map |   4 +-
 ...go-crates_rusty__v8_build_linux_libpci_BUILD.gn |   4 +-
 ...crates_rusty__v8_build_linux_unbundle_libusb.gn |   4 +-
 ...__v8_build_linux_unbundle_replace__gn__files.py |   4 +-
 ...es_rusty__v8_build_toolchain_gcc__toolchain.gni |   4 +-
 ...y__v8_build_toolchain_get__concurrent__links.py |   4 +-
 ...crates_rusty__v8_build_toolchain_linux_BUILD.gn |   4 +-
 ...sty__v8_buildtools_third__party_libc++_BUILD.gn |   4 +-
 .../files/patch-cargo-crates_rusty__v8_v8_BUILD.gn |   4 +-
 ...ch-cargo-crates_rusty__v8_v8_include_v8config.h |   4 +-
 .../patch-cargo-crates_rusty__v8_v8_src_api_api.cc |   4 +-
 ...patch-cargo-crates_rusty__v8_v8_src_base_cpu.cc |   4 +-
 ...ty__v8_v8_src_base_platform_platform-freebsd.cc |   4 +-
 ...usty__v8_v8_src_base_platform_platform-posix.cc |   4 +-
 ...tch-crates_rusty__v8_third__party_zlib_BUILD.gn |   4 +-
 ...tes_rusty__v8_third__party_zlib_cpu__features.c |   4 +-
 62 files changed, 177 insertions(+), 248 deletions(-)
=============================
HardenedBSD Master git Server
=============================

Please note that connections and activity to this server are logged.
This server, git-01.md.hardenedbsd.org, acts as the source-of-truth
server for the HardenedBSD repositories.

Banner last updated: 10 Feb 2020 09:32 EST

remote: To github.com:HardenedBSD/hardenedbsd-ports.git        
remote:    b2592378c393..1c053db11780  master -> master
remote:    c9d98d393cc9..b2592378c393  github/master -> github/master
remote:  ! [remote rejected]           refs/pull/10/head -> refs/pull/10/head (deny updating a hidden ref)        
remote:  ! [remote rejected]           refs/pull/11/head -> refs/pull/11/head (deny updating a hidden ref)        
remote:  ! [remote rejected]           refs/pull/12/head -> refs/pull/12/head (deny updating a hidden ref)        
remote:  ! [remote rejected]           refs/pull/14/head -> refs/pull/14/head (deny updating a hidden ref)        
remote:  ! [remote rejected]           refs/pull/15/head -> refs/pull/15/head (deny updating a hidden ref)        
remote:  ! [remote rejected]           refs/pull/17/head -> refs/pull/17/head (deny updating a hidden ref)        
remote:  ! [remote rejected]           refs/pull/2/head -> refs/pull/2/head (deny updating a hidden ref)        
remote:  ! [remote rejected]           refs/pull/9/head -> refs/pull/9/head (deny updating a hidden ref)        
remote: error: failed to push some refs to 'github.com:HardenedBSD/hardenedbsd-ports.git'        
remote: . Processing 1 references        
remote: Processed 1 references in total        
To git-01.md.hardenedbsd.org:HardenedBSD/hardenedbsd-ports.git
   b2592378c393..1c053db11780  master -> master
==== END: master ====
