==== BEGIN: master ====
current branch: master
mergeable branch: github/master
==== change branch ====
Already on 'master'
Your branch is behind 'origin/master' by 5 commits, and can be fast-forwarded.
  (use "git pull" to update your local branch)
==== show current branch ====
* master
==== check for stale changes ====
==== update to latest origin ====
warning: Pulling without specifying how to reconcile divergent branches is
discouraged. You can squelch this message by running one of the following
commands sometime before your next pull:

  git config pull.rebase false  # merge (the default strategy)
  git config pull.rebase true   # rebase
  git config pull.ff only       # fast-forward only

You can replace "git config" with "git config --global" to set a default
preference for all repositories. You can also pass --rebase, --no-rebase,
or --ff-only on the command line to override the configured default per
invocation.

=============================
HardenedBSD Master git Server
=============================

Please note that connections and activity to this server are logged.
This server, git-01.md.hardenedbsd.org, acts as the source-of-truth
server for the HardenedBSD repositories.

Banner last updated: 10 Feb 2020 09:32 EST

Updating ec58a85a5fbd..742aed2ea7d2
Fast-forward
 devel/benchmark/Makefile    | 2 ++
 devel/crc32c/Makefile       | 2 ++
 devel/flatbuffers/Makefile  | 2 ++
 devel/gprbuild/Makefile     | 2 ++
 multimedia/cmrtlib/Makefile | 2 ++
 5 files changed, 10 insertions(+)
==== merge branches ====
==== merge github/master branch ====
Already up to date.
=============================
HardenedBSD Master git Server
=============================

Please note that connections and activity to this server are logged.
This server, git-01.md.hardenedbsd.org, acts as the source-of-truth
server for the HardenedBSD repositories.

Banner last updated: 10 Feb 2020 09:32 EST

Everything up-to-date
==== END: master ====
==== BEGIN: master ====
current branch: master
mergeable branch: freebsd/master
==== change branch ====
Already on 'master'
Your branch is up to date with 'origin/master'.
==== show current branch ====
* master
==== check for stale changes ====
==== update to latest origin ====
warning: Pulling without specifying how to reconcile divergent branches is
discouraged. You can squelch this message by running one of the following
commands sometime before your next pull:

  git config pull.rebase false  # merge (the default strategy)
  git config pull.rebase true   # rebase
  git config pull.ff only       # fast-forward only

You can replace "git config" with "git config --global" to set a default
preference for all repositories. You can also pass --rebase, --no-rebase,
or --ff-only on the command line to override the configured default per
invocation.

=============================
HardenedBSD Master git Server
=============================

Please note that connections and activity to this server are logged.
This server, git-01.md.hardenedbsd.org, acts as the source-of-truth
server for the HardenedBSD repositories.

Banner last updated: 10 Feb 2020 09:32 EST

Already up to date.
==== merge branches ====
==== merge freebsd/master branch ====
Auto-merging java/openjdk8/Makefile
Removing emulators/qemu/files/patch-qemu-doc.texi
Auto-merging emulators/qemu/Makefile
Merge made by the 'recursive' strategy.
 UPDATING                                           | 14 ++++
 astro/mkgmap/Makefile                              |  2 +-
 astro/mkgmap/distinfo                              |  6 +-
 biology/mummer/Makefile                            |  2 +-
 .../mummer/files/patch-include_mummer_postnuc.hh   | 11 +++
 deskutils/Makefile                                 |  1 +
 devel/Makefile                                     |  1 +
 devel/p5-Connector/Makefile                        |  7 +-
 devel/p5-Connector/distinfo                        |  6 +-
 devel/p5-DateTime-TimeZone/Makefile                |  2 +-
 devel/p5-DateTime-TimeZone/distinfo                |  6 +-
 devel/stb/Makefile                                 |  4 +-
 devel/yuck/Makefile                                | 26 +++++++
 devel/yuck/distinfo                                |  3 +
 devel/yuck/pkg-descr                               |  4 +
 devel/yuck/pkg-plist                               | 10 +++
 emulators/qemu/Makefile                            | 32 +++++---
 emulators/qemu/distinfo                            | 10 ++-
 emulators/qemu/files/patch-Makefile                | 31 ++++----
 emulators/qemu/files/patch-configure               | 85 +++++-----------------
 emulators/qemu/files/patch-include_qemu_atomic.h   | 21 +-----
 emulators/qemu/files/patch-qemu-doc.texi           | 21 ------
 emulators/qemu/pkg-plist                           |  4 +-
 .../files/patch-xxHash-wrapper_xxHash-0.7.2_xxh3.h | 14 ++++
 graphics/libansilove/Makefile                      |  2 +-
 graphics/libansilove/distinfo                      |  6 +-
 graphics/libansilove/files/patch-CMakeLists.txt    | 15 ++--
 java/openjdk8/Makefile                             |  2 +
 security/snort3/Makefile                           |  2 +-
 security/snort3/distinfo                           |  6 +-
 security/snort3/pkg-plist                          |  1 +
 sysutils/pipemeter/Makefile                        |  5 +-
 sysutils/pipemeter/distinfo                        |  5 +-
 sysutils/pipemeter/pkg-descr                       |  2 +-
 textproc/p5-PPIx-Regexp/Makefile                   |  2 +-
 textproc/p5-PPIx-Regexp/distinfo                   |  6 +-
 x11-toolkits/p5-Gnome2-Canvas/Makefile             |  2 +-
 x11-toolkits/p5-Gnome2-Canvas/distinfo             |  6 +-
 38 files changed, 206 insertions(+), 179 deletions(-)
 create mode 100644 biology/mummer/files/patch-include_mummer_postnuc.hh
 create mode 100644 devel/yuck/Makefile
 create mode 100644 devel/yuck/distinfo
 create mode 100644 devel/yuck/pkg-descr
 create mode 100644 devel/yuck/pkg-plist
 delete mode 100644 emulators/qemu/files/patch-qemu-doc.texi
 create mode 100644 games/black-hole-solver/files/patch-xxHash-wrapper_xxHash-0.7.2_xxh3.h
=============================
HardenedBSD Master git Server
=============================

Please note that connections and activity to this server are logged.
This server, git-01.md.hardenedbsd.org, acts as the source-of-truth
server for the HardenedBSD repositories.

Banner last updated: 10 Feb 2020 09:32 EST

remote: To github.com:HardenedBSD/hardenedbsd-ports.git        
remote:    742aed2ea7d2..15773e9bcd04  master -> master
remote:    6d4748f5aa2f..742aed2ea7d2  github/master -> github/master        
remote:  ! [remote rejected]           refs/pull/10/head -> refs/pull/10/head (deny updating a hidden ref)        
remote:  ! [remote rejected]           refs/pull/11/head -> refs/pull/11/head (deny updating a hidden ref)
remote:  ! [remote rejected]           refs/pull/12/head -> refs/pull/12/head (deny updating a hidden ref)        
remote:  ! [remote rejected]           refs/pull/2/head -> refs/pull/2/head (deny updating a hidden ref)        
remote:  ! [remote rejected]           refs/pull/9/head -> refs/pull/9/head (deny updating a hidden ref)        
remote: error: failed to push some refs to 'github.com:HardenedBSD/hardenedbsd-ports.git'        
remote: . Processing 1 references        
remote: Processed 1 references in total        
To git-01.md.hardenedbsd.org:HardenedBSD/hardenedbsd-ports.git
   742aed2ea7d2..15773e9bcd04  master -> master
==== END: master ====
