==== BEGIN: master ====
current branch: master
mergeable branch: github/master
==== change branch ====
Already on 'master'
Your branch is up to date with 'origin/master'.
==== show current branch ====
* master
==== check for stale changes ====
==== update to latest origin ====
warning: Pulling without specifying how to reconcile divergent branches is
discouraged. You can squelch this message by running one of the following
commands sometime before your next pull:

  git config pull.rebase false  # merge (the default strategy)
  git config pull.rebase true   # rebase
  git config pull.ff only       # fast-forward only

You can replace "git config" with "git config --global" to set a default
preference for all repositories. You can also pass --rebase, --no-rebase,
or --ff-only on the command line to override the configured default per
invocation.

=============================
HardenedBSD Master git Server
=============================

Please note that connections and activity to this server are logged.
This server, git-01.md.hardenedbsd.org, acts as the source-of-truth
server for the HardenedBSD repositories.

Banner last updated: 10 Feb 2020 09:32 EST

Already up to date.
==== merge branches ====
==== merge github/master branch ====
Already up to date.
=============================
HardenedBSD Master git Server
=============================

Please note that connections and activity to this server are logged.
This server, git-01.md.hardenedbsd.org, acts as the source-of-truth
server for the HardenedBSD repositories.

Banner last updated: 10 Feb 2020 09:32 EST

Everything up-to-date
==== END: master ====
==== BEGIN: master ====
current branch: master
mergeable branch: freebsd/master
==== change branch ====
Already on 'master'
Your branch is up to date with 'origin/master'.
==== show current branch ====
* master
==== check for stale changes ====
==== update to latest origin ====
warning: Pulling without specifying how to reconcile divergent branches is
discouraged. You can squelch this message by running one of the following
commands sometime before your next pull:

  git config pull.rebase false  # merge (the default strategy)
  git config pull.rebase true   # rebase
  git config pull.ff only       # fast-forward only

You can replace "git config" with "git config --global" to set a default
preference for all repositories. You can also pass --rebase, --no-rebase,
or --ff-only on the command line to override the configured default per
invocation.

=============================
HardenedBSD Master git Server
=============================

Please note that connections and activity to this server are logged.
This server, git-01.md.hardenedbsd.org, acts as the source-of-truth
server for the HardenedBSD repositories.

Banner last updated: 10 Feb 2020 09:32 EST

Already up to date.
==== merge branches ====
==== merge freebsd/master branch ====
Removing print/lilypond-devel/files/patch-lily_parse-scm.cc
Merge made by the 'recursive' strategy.
 MOVED                                              |    1 +
 cad/ngspice_rework/Makefile                        |    6 +-
 cad/ngspice_rework/distinfo                        |    6 +-
 cad/ngspice_rework/files/patch-configure.ac        |   34 +
 .../files/patch-src_frontend_com__sysinfo.c        |   37 +
 cad/ngspice_rework/pkg-plist                       |    1 +
 databases/pg_citus/Makefile                        |    2 +-
 databases/pg_citus/distinfo                        |    6 +-
 databases/pg_qualstats/Makefile                    |    3 +-
 databases/pg_qualstats/distinfo                    |    6 +-
 databases/pg_qualstats/pkg-plist                   |    2 +-
 databases/pgmetrics/Makefile                       |    2 +-
 databases/pgmetrics/distinfo                       |    6 +-
 databases/powa-archivist/Makefile                  |    3 +-
 databases/powa-archivist/distinfo                  |    6 +-
 databases/powa-archivist/pkg-plist                 |   15 +-
 databases/powa-web/Makefile                        |    2 +-
 databases/powa-web/distinfo                        |    6 +-
 devel/py-twilio/Makefile                           |    2 +-
 devel/py-twilio/distinfo                           |    6 +-
 graphics/Makefile                                  |    1 +
 graphics/swappy/Makefile                           |   47 +
 graphics/swappy/distinfo                           |    9 +
 graphics/swappy/pkg-descr                          |    5 +
 lang/gcc11-devel/Makefile                          |    2 +-
 lang/gcc11-devel/distinfo                          |    6 +-
 lang/gcc11-devel/files/patch-PR95805               |   47 +
 multimedia/emby-server/Makefile                    |    8 +-
 multimedia/emby-server/distinfo                    |    6 +-
 multimedia/emby-server/pkg-plist                   |   13 +-
 net/nats-streaming-server/Makefile                 |    2 +-
 net/nats-streaming-server/distinfo                 |    6 +-
 print/lilypond-devel/Makefile                      |    2 +-
 print/lilypond-devel/distinfo                      |    6 +-
 print/lilypond-devel/files/patch-configure         |    4 +-
 print/lilypond-devel/files/patch-lily_parse-scm.cc |   10 -
 print/lilypond-devel/pkg-plist                     |    4 -
 science/berkeleygw/files/patch-Epsilon_Makefile    |   18 +
 security/wazuh-agent/Makefile                      |    4 +-
 security/wazuh-agent/distinfo                      |   54 +-
 sysutils/py-hcloud/Makefile                        |    2 +-
 sysutils/py-hcloud/distinfo                        |    6 +-
 www/Makefile                                       |    1 +
 www/grafana7/Makefile                              |  204 ++
 www/grafana7/distinfo                              |  245 +++
 www/grafana7/files/grafana.conf.in                 |  766 +++++++
 www/grafana7/files/grafana.in                      |   49 +
 www/grafana7/pkg-descr                             |    4 +
 www/grafana7/pkg-plist                             | 2261 ++++++++++++++++++++
 49 files changed, 3828 insertions(+), 116 deletions(-)
 create mode 100644 cad/ngspice_rework/files/patch-configure.ac
 create mode 100644 cad/ngspice_rework/files/patch-src_frontend_com__sysinfo.c
 create mode 100644 graphics/swappy/Makefile
 create mode 100644 graphics/swappy/distinfo
 create mode 100644 graphics/swappy/pkg-descr
 create mode 100644 lang/gcc11-devel/files/patch-PR95805
 delete mode 100644 print/lilypond-devel/files/patch-lily_parse-scm.cc
 create mode 100644 science/berkeleygw/files/patch-Epsilon_Makefile
 create mode 100644 www/grafana7/Makefile
 create mode 100644 www/grafana7/distinfo
 create mode 100644 www/grafana7/files/grafana.conf.in
 create mode 100644 www/grafana7/files/grafana.in
 create mode 100644 www/grafana7/pkg-descr
 create mode 100644 www/grafana7/pkg-plist
=============================
HardenedBSD Master git Server
=============================

Please note that connections and activity to this server are logged.
This server, git-01.md.hardenedbsd.org, acts as the source-of-truth
server for the HardenedBSD repositories.

Banner last updated: 10 Feb 2020 09:32 EST

remote: To github.com:HardenedBSD/hardenedbsd-ports.git        
remote:    7e217e2617a3..85c8e87a4122  master -> master        
remote:    841e2fb8c216..7e217e2617a3  github/master -> github/master
remote:  ! [remote rejected]           refs/pull/2/head -> refs/pull/2/head (deny updating a hidden ref)        
remote: error: failed to push some refs to 'github.com:HardenedBSD/hardenedbsd-ports.git'        
To git-01.md.hardenedbsd.org:HardenedBSD/hardenedbsd-ports.git
   7e217e2617a3..85c8e87a4122  master -> master
==== END: master ====
