==== BEGIN: master ====
current branch: master
mergeable branch: github/master
==== change branch ====
Already on 'master'
Your branch is up to date with 'origin/master'.
==== show current branch ====
* master
==== check for stale changes ====
==== update to latest origin ====
=============================
HardenedBSD Master git Server
=============================

Please note that connections and activity to this server are logged.
This server, git-01.md.hardenedbsd.org, acts as the source-of-truth
server for the HardenedBSD repositories.

Banner last updated: 10 Feb 2020 09:32 EST

Already up to date.
==== merge branches ====
==== merge github/master branch ====
Already up to date.
=============================
HardenedBSD Master git Server
=============================

Please note that connections and activity to this server are logged.
This server, git-01.md.hardenedbsd.org, acts as the source-of-truth
server for the HardenedBSD repositories.

Banner last updated: 10 Feb 2020 09:32 EST

Everything up-to-date
==== END: master ====
==== BEGIN: master ====
current branch: master
mergeable branch: freebsd/master
==== change branch ====
Already on 'master'
Your branch is up to date with 'origin/master'.
==== show current branch ====
* master
==== check for stale changes ====
==== update to latest origin ====
=============================
HardenedBSD Master git Server
=============================

Please note that connections and activity to this server are logged.
This server, git-01.md.hardenedbsd.org, acts as the source-of-truth
server for the HardenedBSD repositories.

Banner last updated: 10 Feb 2020 09:32 EST

Already up to date.
==== merge branches ====
==== merge freebsd/master branch ====
Removing x11/wshowkeys/files/patch-devmgr.c
Removing sysutils/py-crontab/distinfo
Removing sysutils/py-crontab/Makefile
Auto-merging security/softether-devel/Makefile
Removing security/easy-rsa/files/patch-4ce6e9c8e4b681c739b179a506a8ad1ca6d6ebe4
Removing security/easy-rsa/files/patch-37edb7d1d724571508b4c1c55c6d53f3f768adb3
Auto-merging lang/gcc9-devel/Makefile
Merge made by the 'recursive' strategy.
 MOVED                                              |   1 +
 archivers/v1541commander/Makefile                  |   2 +-
 audio/jamulus/Makefile                             |   2 +-
 audio/pianod2/Makefile                             |   2 +-
 audio/pianod2/distinfo                             |   6 +-
 audio/pianod2/files/patch-configure.ac             |   2 +-
 databases/py-alembic/Makefile                      |   4 +-
 databases/py-alembic/distinfo                      |   6 +-
 devel/py-oci/Makefile                              |   2 +-
 devel/py-oci/distinfo                              |   6 +-
 emulators/citra/Makefile                           |   4 +-
 emulators/citra/distinfo                           |   6 +-
 emulators/rpcs3/Makefile                           |   8 +-
 emulators/rpcs3/distinfo                           |   8 +-
 emulators/x16-emulator/Makefile                    |   2 +-
 emulators/yuzu/Makefile                            |   4 +-
 emulators/yuzu/distinfo                            |   6 +-
 irc/Makefile                                       |   1 +
 irc/birch/Makefile                                 |  37 ++++++
 irc/birch/distinfo                                 |   3 +
 irc/birch/files/pkg-message.in                     |  83 ++++++++++++
 irc/birch/pkg-descr                                |   5 +
 lang/gcc9-devel/Makefile                           |   2 +-
 lang/gcc9-devel/distinfo                           |   6 +-
 mail/pear-Mail_Mime/Makefile                       |   2 +-
 mail/pear-Mail_Mime/distinfo                       |   6 +-
 math/Makefile                                      |   1 +
 math/R-cran-raster/Makefile                        |  20 +++
 math/R-cran-raster/distinfo                        |   3 +
 math/R-cran-raster/pkg-descr                       |   6 +
 math/lcalc/Makefile                                |   2 +-
 multimedia/aom/Makefile                            |   4 +-
 multimedia/aom/distinfo                            |   6 +-
 net-p2p/go-ethereum/Makefile                       | 100 +++++++++++++--
 net-p2p/go-ethereum/distinfo                       | 140 ++++++++++++++++++++-
 net/nncp/Makefile                                  |   2 +-
 net/nncp/distinfo                                  |   6 +-
 security/easy-rsa/Makefile                         |  14 +--
 security/easy-rsa/distinfo                         |   6 +-
 .../patch-37edb7d1d724571508b4c1c55c6d53f3f768adb3 |  24 ----
 .../patch-4ce6e9c8e4b681c739b179a506a8ad1ca6d6ebe4 |  31 -----
 security/easy-rsa/pkg-descr                        |   2 +-
 security/softether-devel/Makefile                  |   4 +-
 security/softether-devel/distinfo                  |   6 +-
 sysutils/Makefile                                  |   2 +-
 sysutils/nut-devel/Makefile                        |   3 +
 sysutils/py-crontab/Makefile                       |  22 ----
 sysutils/py-crontab/distinfo                       |   2 -
 sysutils/py-python-crontab/Makefile                |  37 ++++++
 sysutils/py-python-crontab/distinfo                |   3 +
 .../{py-crontab => py-python-crontab}/pkg-descr    |   2 +-
 x11/wshowkeys/Makefile                             |   4 +-
 x11/wshowkeys/distinfo                             |   6 +-
 x11/wshowkeys/files/patch-devmgr.c                 |  14 ---
 x11/xlockmore/Makefile                             |   2 +-
 x11/xlockmore/distinfo                             |   6 +-
 56 files changed, 504 insertions(+), 192 deletions(-)
 create mode 100644 irc/birch/Makefile
 create mode 100644 irc/birch/distinfo
 create mode 100644 irc/birch/files/pkg-message.in
 create mode 100644 irc/birch/pkg-descr
 create mode 100644 math/R-cran-raster/Makefile
 create mode 100644 math/R-cran-raster/distinfo
 create mode 100644 math/R-cran-raster/pkg-descr
 delete mode 100644 security/easy-rsa/files/patch-37edb7d1d724571508b4c1c55c6d53f3f768adb3
 delete mode 100644 security/easy-rsa/files/patch-4ce6e9c8e4b681c739b179a506a8ad1ca6d6ebe4
 delete mode 100644 sysutils/py-crontab/Makefile
 delete mode 100644 sysutils/py-crontab/distinfo
 create mode 100644 sysutils/py-python-crontab/Makefile
 create mode 100644 sysutils/py-python-crontab/distinfo
 rename sysutils/{py-crontab => py-python-crontab}/pkg-descr (71%)
 delete mode 100644 x11/wshowkeys/files/patch-devmgr.c
=============================
HardenedBSD Master git Server
=============================

Please note that connections and activity to this server are logged.
This server, git-01.md.hardenedbsd.org, acts as the source-of-truth
server for the HardenedBSD repositories.

Banner last updated: 10 Feb 2020 09:32 EST

remote: From github.com:HardenedBSD/hardenedbsd-ports        
remote:    1c0ab0cbab9e..ef4796df6b65  master     -> github/master        
remote: To github.com:HardenedBSD/hardenedbsd-ports.git        
remote:  ! [rejected]                  master -> master (atomic push failed)        
remote:  ! [rejected]                  github/master -> github/master (atomic push failed)        
remote:  ! [remote rejected]           refs/pull/2/head -> refs/pull/2/head (deny updating a hidden ref)        
remote: error: failed to push some refs to 'git@github.com:HardenedBSD/hardenedbsd-ports.git'        
To git-01.md.hardenedbsd.org:HardenedBSD/hardenedbsd-ports.git
   ef4796df6b65..da7a61de02e4  master -> master
==== END: master ====
