==== BEGIN: master ====
current branch: master
mergeable branch: github/master
==== change branch ====
Already on 'master'
Your branch is up to date with 'origin/master'.
==== show current branch ====
* master
==== check for stale changes ====
==== update to latest origin ====
=============================
HardenedBSD Master git Server
=============================

Please note that connections and activity to this server are logged.
This server, git-01.md.hardenedbsd.org, acts as the source-of-truth
server for the HardenedBSD repositories.

Banner last updated: 10 Feb 2020 09:32 EST

Already up to date.
==== merge branches ====
==== merge github/master branch ====
Already up to date.
=============================
HardenedBSD Master git Server
=============================

Please note that connections and activity to this server are logged.
This server, git-01.md.hardenedbsd.org, acts as the source-of-truth
server for the HardenedBSD repositories.

Banner last updated: 10 Feb 2020 09:32 EST

Everything up-to-date
==== END: master ====
==== BEGIN: master ====
current branch: master
mergeable branch: freebsd/master
==== change branch ====
Already on 'master'
Your branch is up to date with 'origin/master'.
==== show current branch ====
* master
==== check for stale changes ====
==== update to latest origin ====
=============================
HardenedBSD Master git Server
=============================

Please note that connections and activity to this server are logged.
This server, git-01.md.hardenedbsd.org, acts as the source-of-truth
server for the HardenedBSD repositories.

Banner last updated: 10 Feb 2020 09:32 EST

Already up to date.
==== merge branches ====
==== merge freebsd/master branch ====
Removing net-mgmt/librenms/files/patch-includes_defaults.inc.php
Auto-merging lang/gcc8-devel/Makefile
Auto-merging irc/irssi/Makefile
Merge made by the 'recursive' strategy.
 UPDATING                                           | 48 ++++++++++++++++++++++
 astro/josm/Makefile                                |  2 +-
 astro/josm/distinfo                                |  6 +--
 audio/virtual_oss/Makefile                         |  2 +-
 audio/virtual_oss/distinfo                         |  6 +--
 comms/gqrx/Makefile                                |  2 +-
 comms/gqrx/distinfo                                |  6 +--
 databases/py-peewee_migrate/Makefile               |  1 -
 databases/tcl-lmdb/Makefile                        |  2 +-
 databases/tcl-lmdb/distinfo                        |  6 +--
 devel/libddoc/Makefile                             |  3 --
 devel/subversion-lts/Makefile                      |  2 -
 devel/subversion-lts/Makefile.common               |  6 +--
 devel/subversion/Makefile                          |  2 -
 devel/subversion/Makefile.common                   |  6 +--
 editors/openoffice-4/Makefile                      |  5 +--
 editors/openoffice-devel/Makefile                  |  5 +--
 graphics/Coin/Makefile                             |  4 +-
 graphics/Coin/distinfo                             |  6 +--
 graphics/epdfview/Makefile                         |  3 +-
 irc/irssi/Makefile                                 |  4 +-
 lang/J/Makefile                                    |  3 +-
 lang/J/distinfo                                    |  4 +-
 lang/gcc8-devel/Makefile                           |  2 +-
 lang/gcc8-devel/distinfo                           |  6 +--
 mail/rspamd-devel/Makefile                         |  1 -
 math/wxmaxima/Makefile                             |  4 +-
 multimedia/mplayer/Makefile                        |  2 +-
 multimedia/mplayer/Makefile.options                |  3 +-
 net-mgmt/librenms/Makefile                         | 18 ++++----
 net-mgmt/librenms/distinfo                         | 10 ++---
 net-mgmt/librenms/files/patch-config.php.default   | 25 ++++++++++-
 .../librenms/files/patch-includes_defaults.inc.php | 36 ----------------
 net/libzmq4/Makefile                               | 10 +++--
 net/samba410/Makefile                              |  1 -
 net/udpxy/Makefile                                 | 10 ++---
 ports-mgmt/pkg-devel/Makefile                      |  1 -
 security/keepass/Makefile                          |  4 +-
 security/keepass/distinfo                          |  6 +--
 security/lego/Makefile                             |  7 ++--
 security/lego/distinfo                             | 16 ++++----
 security/openvpn-auth-ldap/Makefile                |  2 +-
 security/openvpn-auth-ldap/distinfo                |  4 +-
 sysutils/byobu/Makefile                            |  2 +-
 sysutils/byobu/distinfo                            |  6 +--
 sysutils/checkrestart/Makefile                     |  2 +-
 sysutils/checkrestart/distinfo                     |  6 +--
 sysutils/e2fsprogs/Makefile                        |  2 +-
 sysutils/yadm/Makefile                             |  2 +-
 sysutils/yadm/distinfo                             |  6 +--
 textproc/re-flex/Makefile                          |  2 +-
 textproc/re-flex/distinfo                          |  6 +--
 textproc/re-flex/pkg-plist                         |  1 +
 www/Makefile                                       |  1 +
 www/nginx-devel/Makefile                           |  3 +-
 www/nginx-devel/Makefile.extmod                    |  4 +-
 www/nginx-devel/distinfo                           | 14 +++----
 .../files/extra-patch-nginx-modsecurity-configure  |  2 +-
 www/py-cachelib/Makefile                           | 23 +++++++++++
 www/py-cachelib/distinfo                           |  3 ++
 www/py-cachelib/pkg-descr                          |  7 ++++
 www/trac/Makefile                                  | 14 +++----
 www/trac/distinfo                                  |  6 +--
 63 files changed, 228 insertions(+), 186 deletions(-)
 delete mode 100644 net-mgmt/librenms/files/patch-includes_defaults.inc.php
 create mode 100644 www/py-cachelib/Makefile
 create mode 100644 www/py-cachelib/distinfo
 create mode 100644 www/py-cachelib/pkg-descr
=============================
HardenedBSD Master git Server
=============================

Please note that connections and activity to this server are logged.
This server, git-01.md.hardenedbsd.org, acts as the source-of-truth
server for the HardenedBSD repositories.

Banner last updated: 10 Feb 2020 09:32 EST

remote: To github.com:HardenedBSD/hardenedbsd-ports.git        
remote:    5530da147434..7ffff8d38ec4  master -> master        
remote:    78938ec56ef6..5530da147434  github/master -> github/master
To git-01.md.hardenedbsd.org:HardenedBSD/hardenedbsd-ports.git
   5530da147434..7ffff8d38ec4  master -> master
==== END: master ====
