==== BEGIN: master ====
current branch: master
mergeable branch: github/master
==== change branch ====
Already on 'master'
Your branch is up to date with 'origin/master'.
==== show current branch ====
* master
==== check for stale changes ====
==== update to latest origin ====
warning: Pulling without specifying how to reconcile divergent branches is
discouraged. You can squelch this message by running one of the following
commands sometime before your next pull:

  git config pull.rebase false  # merge (the default strategy)
  git config pull.rebase true   # rebase
  git config pull.ff only       # fast-forward only

You can replace "git config" with "git config --global" to set a default
preference for all repositories. You can also pass --rebase, --no-rebase,
or --ff-only on the command line to override the configured default per
invocation.

=============================
HardenedBSD Master git Server
=============================

Please note that connections and activity to this server are logged.
This server, git-01.md.hardenedbsd.org, acts as the source-of-truth
server for the HardenedBSD repositories.

Banner last updated: 10 Feb 2020 09:32 EST

Already up to date.
==== merge branches ====
==== merge github/master branch ====
Already up to date.
=============================
HardenedBSD Master git Server
=============================

Please note that connections and activity to this server are logged.
This server, git-01.md.hardenedbsd.org, acts as the source-of-truth
server for the HardenedBSD repositories.

Banner last updated: 10 Feb 2020 09:32 EST

Everything up-to-date
==== END: master ====
==== BEGIN: master ====
current branch: master
mergeable branch: freebsd/master
==== change branch ====
Already on 'master'
Your branch is up to date with 'origin/master'.
==== show current branch ====
* master
==== check for stale changes ====
==== update to latest origin ====
warning: Pulling without specifying how to reconcile divergent branches is
discouraged. You can squelch this message by running one of the following
commands sometime before your next pull:

  git config pull.rebase false  # merge (the default strategy)
  git config pull.rebase true   # rebase
  git config pull.ff only       # fast-forward only

You can replace "git config" with "git config --global" to set a default
preference for all repositories. You can also pass --rebase, --no-rebase,
or --ff-only on the command line to override the configured default per
invocation.

=============================
HardenedBSD Master git Server
=============================

Please note that connections and activity to this server are logged.
This server, git-01.md.hardenedbsd.org, acts as the source-of-truth
server for the HardenedBSD repositories.

Banner last updated: 10 Feb 2020 09:32 EST

Already up to date.
==== merge branches ====
==== merge freebsd/master branch ====
Merge made by the 'recursive' strategy.
 astro/xearth/files/freebsd.committers.markers |   8 +-
 devel/Makefile                                |   1 +
 devel/okteta/Makefile                         |   3 +-
 devel/okteta/distinfo                         |   6 +-
 devel/okteta/pkg-plist                        |   9 +
 devel/simde/Makefile                          |  29 ++
 devel/simde/distinfo                          |   5 +
 devel/simde/files/patch-meson.build           |  13 +
 devel/simde/files/patch-meson__options.txt    |   5 +
 devel/simde/pkg-descr                         |   7 +
 devel/simde/pkg-plist                         |  21 ++
 net-mgmt/check_mk_agent/Makefile              |   4 +-
 net-mgmt/check_mk_agent/distinfo              |  14 +-
 net/py-cloudscraper/Makefile                  |   2 +-
 net/py-cloudscraper/distinfo                  |   6 +-
 science/afni/Makefile                         |   2 +-
 science/afni/distinfo                         |   6 +-
 www/Makefile                                  |   2 +
 www/R-cran-servr/Makefile                     |   4 +-
 www/R-cran-servr/distinfo                     |   6 +-
 www/nextcloud-appointments/Makefile           |  40 +++
 www/nextcloud-appointments/distinfo           |   3 +
 www/nextcloud-appointments/pkg-descr          |   5 +
 www/nextcloud-appointments/pkg-plist          | 203 ++++++++++++
 www/nextcloud-forms/Makefile                  |  38 +++
 www/nextcloud-forms/distinfo                  |   3 +
 www/nextcloud-forms/pkg-descr                 |  10 +
 www/nextcloud-forms/pkg-plist                 | 449 ++++++++++++++++++++++++++
 www/nextcloud-notes/Makefile                  |   2 +-
 www/nextcloud-notes/distinfo                  |   6 +-
 www/nextcloud-notes/pkg-plist                 |   7 +-
 x11/nwg-launchers/Makefile                    |   4 +-
 32 files changed, 885 insertions(+), 38 deletions(-)
 create mode 100644 devel/simde/Makefile
 create mode 100644 devel/simde/distinfo
 create mode 100644 devel/simde/files/patch-meson.build
 create mode 100644 devel/simde/files/patch-meson__options.txt
 create mode 100644 devel/simde/pkg-descr
 create mode 100644 devel/simde/pkg-plist
 create mode 100644 www/nextcloud-appointments/Makefile
 create mode 100644 www/nextcloud-appointments/distinfo
 create mode 100644 www/nextcloud-appointments/pkg-descr
 create mode 100644 www/nextcloud-appointments/pkg-plist
 create mode 100644 www/nextcloud-forms/Makefile
 create mode 100644 www/nextcloud-forms/distinfo
 create mode 100644 www/nextcloud-forms/pkg-descr
 create mode 100644 www/nextcloud-forms/pkg-plist
=============================
HardenedBSD Master git Server
=============================

Please note that connections and activity to this server are logged.
This server, git-01.md.hardenedbsd.org, acts as the source-of-truth
server for the HardenedBSD repositories.

Banner last updated: 10 Feb 2020 09:32 EST

remote: To github.com:HardenedBSD/hardenedbsd-ports.git        
remote:    9bb157779d0e..2f0d184d2bd9  master -> master        
remote:    6e7a82ac9ea6..9bb157779d0e  github/master -> github/master
remote:  ! [remote rejected]           refs/pull/2/head -> refs/pull/2/head (deny updating a hidden ref)        
remote: error: failed to push some refs to 'github.com:HardenedBSD/hardenedbsd-ports.git'        
To git-01.md.hardenedbsd.org:HardenedBSD/hardenedbsd-ports.git
   9bb157779d0e..2f0d184d2bd9  master -> master
==== END: master ====
