==== BEGIN: master ====
current branch: master
mergeable branch: github/master
==== change branch ====
Already on 'master'
Your branch is behind 'origin/master' by 1 commit, and can be fast-forwarded.
  (use "git pull" to update your local branch)
==== show current branch ====
* master
==== check for stale changes ====
==== update to latest origin ====
warning: Pulling without specifying how to reconcile divergent branches is
discouraged. You can squelch this message by running one of the following
commands sometime before your next pull:

  git config pull.rebase false  # merge (the default strategy)
  git config pull.rebase true   # rebase
  git config pull.ff only       # fast-forward only

You can replace "git config" with "git config --global" to set a default
preference for all repositories. You can also pass --rebase, --no-rebase,
or --ff-only on the command line to override the configured default per
invocation.

=============================
HardenedBSD Master git Server
=============================

Please note that connections and activity to this server are logged.
This server, git-01.md.hardenedbsd.org, acts as the source-of-truth
server for the HardenedBSD repositories.

Banner last updated: 10 Feb 2020 09:32 EST

Updating 827e8f12c68d..7555573591d5
Fast-forward
 editors/vscode/Makefile | 3 +++
 1 file changed, 3 insertions(+)
==== merge branches ====
==== merge github/master branch ====
Already up to date.
=============================
HardenedBSD Master git Server
=============================

Please note that connections and activity to this server are logged.
This server, git-01.md.hardenedbsd.org, acts as the source-of-truth
server for the HardenedBSD repositories.

Banner last updated: 10 Feb 2020 09:32 EST

Everything up-to-date
==== END: master ====
==== BEGIN: master ====
current branch: master
mergeable branch: freebsd/master
==== change branch ====
Already on 'master'
Your branch is up to date with 'origin/master'.
==== show current branch ====
* master
==== check for stale changes ====
==== update to latest origin ====
warning: Pulling without specifying how to reconcile divergent branches is
discouraged. You can squelch this message by running one of the following
commands sometime before your next pull:

  git config pull.rebase false  # merge (the default strategy)
  git config pull.rebase true   # rebase
  git config pull.ff only       # fast-forward only

You can replace "git config" with "git config --global" to set a default
preference for all repositories. You can also pass --rebase, --no-rebase,
or --ff-only on the command line to override the configured default per
invocation.

=============================
HardenedBSD Master git Server
=============================

Please note that connections and activity to this server are logged.
This server, git-01.md.hardenedbsd.org, acts as the source-of-truth
server for the HardenedBSD repositories.

Banner last updated: 10 Feb 2020 09:32 EST

Already up to date.
==== merge branches ====
==== merge freebsd/master branch ====
Auto-merging cad/alliance/Makefile
Merge made by the 'recursive' strategy.
 audio/musicpd/Makefile                       |   4 +-
 audio/musicpd/distinfo                       |   6 +-
 benchmarks/hyperfine/Makefile                |  60 ++++++-------
 benchmarks/hyperfine/distinfo                | 118 ++++++++++++-------------
 cad/alliance/Makefile                        |   4 +-
 converters/py-unidecode/Makefile             |   3 +-
 converters/py-unidecode/distinfo             |   6 +-
 databases/mariadb-connector-c/Makefile       |   2 +-
 databases/mariadb-connector-c/distinfo       |   6 +-
 devel/avr-libc/Makefile                      |   4 +-
 devel/gdb/Makefile                           |   2 +-
 devel/gdb/files/patch-commit-c47bae859       |  99 +++++++++++++++++++++
 devel/p5-Devel-PPPort/Makefile               |   2 +-
 devel/p5-Devel-PPPort/distinfo               |   6 +-
 devel/p5-Return-Type/Makefile                |   8 +-
 devel/p5-Return-Type/distinfo                |   5 +-
 devel/py-graphene-django/Makefile            |   4 +-
 devel/py-pipx/Makefile                       |   2 +-
 devel/py-pipx/distinfo                       |   6 +-
 devel/py-semver/Makefile                     |   2 +-
 devel/py-semver/distinfo                     |   6 +-
 devel/rubygem-aws-partitions/Makefile        |   2 +-
 devel/rubygem-aws-partitions/distinfo        |   6 +-
 devel/rubygem-aws-sdk-core2/Makefile         |   2 +-
 devel/rubygem-aws-sdk-core2/distinfo         |   6 +-
 devel/rubygem-aws-sdk-medialive/Makefile     |   2 +-
 devel/rubygem-aws-sdk-medialive/distinfo     |   6 +-
 devel/rubygem-aws-sdk-organizations/Makefile |   2 +-
 devel/rubygem-aws-sdk-organizations/distinfo |   6 +-
 devel/rubygem-aws-sdk-resources2/Makefile    |   2 +-
 devel/rubygem-aws-sdk-resources2/distinfo    |   6 +-
 devel/rubygem-aws-sdk2/Makefile              |   2 +-
 devel/rubygem-aws-sdk2/distinfo              |   6 +-
 devel/rubygem-jeweler/Makefile               |  12 +--
 devel/rubygem-jeweler/distinfo               |   6 +-
 devel/rubygem-jeweler/files/patch-gemspec    |  16 ++--
 devel/rubygem-oj/Makefile                    |   2 +-
 devel/rubygem-oj/distinfo                    |   6 +-
 devel/rubygem-tzinfo-data/Makefile           |   2 +-
 devel/rubygem-tzinfo-data/distinfo           |   6 +-
 graphics/inkscape/Makefile                   |   4 +-
 net/iplog/Makefile                           |   3 +
 science/chemtool-devel/Makefile              |   4 +-
 science/chemtool/Makefile                    |   4 +-
 security/py-pyotp/Makefile                   |   2 +-
 security/py-pyotp/distinfo                   |   6 +-
 sysutils/restic/Makefile                     |  75 +++++++++++++++-
 sysutils/restic/distinfo                     | 124 ++++++++++++++++++++++++++-
 sysutils/restic/pkg-plist                    |   1 +
 sysutils/rubygem-facter/Makefile             |   2 +-
 sysutils/rubygem-facter/distinfo             |   6 +-
 sysutils/rubygem-r10k/Makefile               |   2 +-
 sysutils/rubygem-r10k/distinfo               |   6 +-
 textproc/minify/Makefile                     |   2 +-
 textproc/minify/distinfo                     |   6 +-
 www/nift/Makefile                            |   2 +
 www/rubygem-faraday/Makefile                 |   5 +-
 www/rubygem-faraday/distinfo                 |   6 +-
 www/rubygem-webmock/Makefile                 |   2 +-
 www/rubygem-webmock/distinfo                 |   6 +-
 60 files changed, 508 insertions(+), 213 deletions(-)
 create mode 100644 devel/gdb/files/patch-commit-c47bae859
=============================
HardenedBSD Master git Server
=============================

Please note that connections and activity to this server are logged.
This server, git-01.md.hardenedbsd.org, acts as the source-of-truth
server for the HardenedBSD repositories.

Banner last updated: 10 Feb 2020 09:32 EST

remote: * Checking 1 branches        
remote: Checked 1 references in total        
remote: To github.com:HardenedBSD/hardenedbsd-ports.git        
remote:    7555573591d5..cbd579e4481f  master -> master        
remote:    827e8f12c68d..7555573591d5  github/master -> github/master        
remote:  ! [remote rejected]           refs/pull/10/head -> refs/pull/10/head (deny updating a hidden ref)
remote:  ! [remote rejected]           refs/pull/11/head -> refs/pull/11/head (deny updating a hidden ref)        
remote:  ! [remote rejected]           refs/pull/12/head -> refs/pull/12/head (deny updating a hidden ref)        
remote:  ! [remote rejected]           refs/pull/2/head -> refs/pull/2/head (deny updating a hidden ref)        
remote:  ! [remote rejected]           refs/pull/9/head -> refs/pull/9/head (deny updating a hidden ref)        
remote: error: failed to push some refs to 'github.com:HardenedBSD/hardenedbsd-ports.git'        
remote: . Processing 1 references        
remote: Processed 1 references in total        
To git-01.md.hardenedbsd.org:HardenedBSD/hardenedbsd-ports.git
   7555573591d5..cbd579e4481f  master -> master
==== END: master ====
