==== BEGIN: master ====
current branch: master
mergeable branch: github/master
==== change branch ====
Already on 'master'
Your branch is ahead of 'origin/master' by 33 commits.
  (use "git push" to publish your local commits)
==== show current branch ====
* master
==== check for stale changes ====
==== update to latest origin ====
warning: Pulling without specifying how to reconcile divergent branches is
discouraged. You can squelch this message by running one of the following
commands sometime before your next pull:

  git config pull.rebase false  # merge (the default strategy)
  git config pull.rebase true   # rebase
  git config pull.ff only       # fast-forward only

You can replace "git config" with "git config --global" to set a default
preference for all repositories. You can also pass --rebase, --no-rebase,
or --ff-only on the command line to override the configured default per
invocation.

=============================
HardenedBSD Master git Server
=============================

Please note that connections and activity to this server are logged.
This server, git-01.md.hardenedbsd.org, acts as the source-of-truth
server for the HardenedBSD repositories.

Banner last updated: 10 Feb 2020 09:32 EST

Already up to date.
==== merge branches ====
==== merge github/master branch ====
Already up to date.
=============================
HardenedBSD Master git Server
=============================

Please note that connections and activity to this server are logged.
This server, git-01.md.hardenedbsd.org, acts as the source-of-truth
server for the HardenedBSD repositories.

Banner last updated: 10 Feb 2020 09:32 EST

remote: To github.com:HardenedBSD/hardenedbsd-ports.git        
remote:    e673bf735d53..fed6682a11b7  master -> master        
remote:    cdc37751364e..e673bf735d53  github/master -> github/master        
remote:  ! [remote rejected]           refs/pull/10/head -> refs/pull/10/head (deny updating a hidden ref)        
remote:  ! [remote rejected]           refs/pull/11/head -> refs/pull/11/head (deny updating a hidden ref)        
remote:  ! [remote rejected]           refs/pull/12/head -> refs/pull/12/head (deny updating a hidden ref)        
remote:  ! [remote rejected]           refs/pull/14/head -> refs/pull/14/head (deny updating a hidden ref)        
remote:  ! [remote rejected]           refs/pull/15/head -> refs/pull/15/head (deny updating a hidden ref)        
remote:  ! [remote rejected]           refs/pull/17/head -> refs/pull/17/head (deny updating a hidden ref)        
remote:  ! [remote rejected]           refs/pull/2/head -> refs/pull/2/head (deny updating a hidden ref)        
remote:  ! [remote rejected]           refs/pull/9/head -> refs/pull/9/head (deny updating a hidden ref)        
remote: error: failed to push some refs to 'github.com:HardenedBSD/hardenedbsd-ports.git'        
remote: . Processing 1 references        
remote: Processed 1 references in total        
To git-01.md.hardenedbsd.org:HardenedBSD/hardenedbsd-ports.git
   e673bf735d53..fed6682a11b7  master -> master
==== END: master ====
==== BEGIN: master ====
current branch: master
mergeable branch: freebsd/master
==== change branch ====
Already on 'master'
Your branch is up to date with 'origin/master'.
==== show current branch ====
* master
==== check for stale changes ====
==== update to latest origin ====
warning: Pulling without specifying how to reconcile divergent branches is
discouraged. You can squelch this message by running one of the following
commands sometime before your next pull:

  git config pull.rebase false  # merge (the default strategy)
  git config pull.rebase true   # rebase
  git config pull.ff only       # fast-forward only

You can replace "git config" with "git config --global" to set a default
preference for all repositories. You can also pass --rebase, --no-rebase,
or --ff-only on the command line to override the configured default per
invocation.

=============================
HardenedBSD Master git Server
=============================

Please note that connections and activity to this server are logged.
This server, git-01.md.hardenedbsd.org, acts as the source-of-truth
server for the HardenedBSD repositories.

Banner last updated: 10 Feb 2020 09:32 EST

Already up to date.
==== merge branches ====
==== merge freebsd/master branch ====
Auto-merging mail/imapfilter/Makefile
Auto-merging lang/swi-pl/Makefile
Merge made by the 'recursive' strategy.
 Tools/scripts/chkversion.pl                     |  46 ++--
 chinese/ibus-rime/Makefile                      |   4 +-
 chinese/ibus-rime/distinfo                      |   6 +-
 devel/goredo/Makefile                           |   2 +-
 devel/kokkos/Makefile                           |   2 +-
 devel/kokkos/distinfo                           |   6 +-
 devel/kokkos/pkg-plist                          |   4 +-
 devel/p5-DateTime-TimeZone/Makefile             |   2 +-
 devel/p5-DateTime-TimeZone/distinfo             |   6 +-
 graphics/freeglut/Makefile                      |  18 +-
 lang/swi-pl/Makefile                            |  33 ++-
 lang/swi-pl/pkg-plist                           | 311 ++++++++++++++++++++++--
 mail/imapfilter/Makefile                        |   4 +-
 mail/imapfilter/distinfo                        |   6 +-
 mail/pear-Mail_Mime/Makefile                    |   2 +-
 mail/pear-Mail_Mime/distinfo                    |   6 +-
 math/armadillo/pkg-plist                        |   2 +-
 multimedia/py-tvnamer/Makefile                  |   2 +-
 multimedia/py-tvnamer/distinfo                  |   6 +-
 net/nbd-server/Makefile                         |   2 +-
 net/nbd-server/distinfo                         |   6 +-
 net/py-h11/Makefile                             |   2 +-
 net/py-h11/distinfo                             |   6 +-
 print/py-reportlab/Makefile                     |   2 +-
 print/py-reportlab/distinfo                     |   6 +-
 shells/starship/Makefile                        |   2 +
 textproc/groonga/Makefile                       |   2 +-
 textproc/groonga/distinfo                       |   6 +-
 textproc/py-elementpath/Makefile                |   2 +-
 textproc/py-elementpath/distinfo                |   6 +-
 www/elgg/Makefile                               |   2 +-
 www/elgg/distinfo                               |   6 +-
 www/elgg/pkg-plist                              |   8 +
 x11-toolkits/fox17/files/patch-lib_FXThread.cpp |   2 +-
 34 files changed, 423 insertions(+), 105 deletions(-)
=============================
HardenedBSD Master git Server
=============================

Please note that connections and activity to this server are logged.
This server, git-01.md.hardenedbsd.org, acts as the source-of-truth
server for the HardenedBSD repositories.

Banner last updated: 10 Feb 2020 09:32 EST

remote: To github.com:HardenedBSD/hardenedbsd-ports.git        
remote:    fed6682a11b7..898d430401ba  master -> master        
remote:    e673bf735d53..fed6682a11b7  github/master -> github/master
remote:  ! [remote rejected]           refs/pull/10/head -> refs/pull/10/head (deny updating a hidden ref)
remote:  ! [remote rejected]           refs/pull/11/head -> refs/pull/11/head (deny updating a hidden ref)        
remote:  ! [remote rejected]           refs/pull/12/head -> refs/pull/12/head (deny updating a hidden ref)        
remote:  ! [remote rejected]           refs/pull/14/head -> refs/pull/14/head (deny updating a hidden ref)        
remote:  ! [remote rejected]           refs/pull/15/head -> refs/pull/15/head (deny updating a hidden ref)        
remote:  ! [remote rejected]           refs/pull/17/head -> refs/pull/17/head (deny updating a hidden ref)
remote:  ! [remote rejected]           refs/pull/2/head -> refs/pull/2/head (deny updating a hidden ref)        
remote:  ! [remote rejected]           refs/pull/9/head -> refs/pull/9/head (deny updating a hidden ref)        
remote: error: failed to push some refs to 'github.com:HardenedBSD/hardenedbsd-ports.git'        
remote: . Processing 1 references        
remote: Processed 1 references in total        
To git-01.md.hardenedbsd.org:HardenedBSD/hardenedbsd-ports.git
   fed6682a11b7..898d430401ba  master -> master
==== END: master ====
