==== BEGIN: master ====
current branch: master
mergeable branch: github/master
==== change branch ====
Already on 'master'
Your branch is up to date with 'origin/master'.
==== show current branch ====
* master
==== check for stale changes ====
==== update to latest origin ====
warning: Pulling without specifying how to reconcile divergent branches is
discouraged. You can squelch this message by running one of the following
commands sometime before your next pull:

  git config pull.rebase false  # merge (the default strategy)
  git config pull.rebase true   # rebase
  git config pull.ff only       # fast-forward only

You can replace "git config" with "git config --global" to set a default
preference for all repositories. You can also pass --rebase, --no-rebase,
or --ff-only on the command line to override the configured default per
invocation.

=============================
HardenedBSD Master git Server
=============================

Please note that connections and activity to this server are logged.
This server, git-01.md.hardenedbsd.org, acts as the source-of-truth
server for the HardenedBSD repositories.

Banner last updated: 10 Feb 2020 09:32 EST

Already up to date.
==== merge branches ====
==== merge github/master branch ====
Already up to date.
=============================
HardenedBSD Master git Server
=============================

Please note that connections and activity to this server are logged.
This server, git-01.md.hardenedbsd.org, acts as the source-of-truth
server for the HardenedBSD repositories.

Banner last updated: 10 Feb 2020 09:32 EST

Everything up-to-date
==== END: master ====
==== BEGIN: master ====
current branch: master
mergeable branch: freebsd/master
==== change branch ====
Already on 'master'
Your branch is up to date with 'origin/master'.
==== show current branch ====
* master
==== check for stale changes ====
==== update to latest origin ====
warning: Pulling without specifying how to reconcile divergent branches is
discouraged. You can squelch this message by running one of the following
commands sometime before your next pull:

  git config pull.rebase false  # merge (the default strategy)
  git config pull.rebase true   # rebase
  git config pull.ff only       # fast-forward only

You can replace "git config" with "git config --global" to set a default
preference for all repositories. You can also pass --rebase, --no-rebase,
or --ff-only on the command line to override the configured default per
invocation.

=============================
HardenedBSD Master git Server
=============================

Please note that connections and activity to this server are logged.
This server, git-01.md.hardenedbsd.org, acts as the source-of-truth
server for the HardenedBSD repositories.

Banner last updated: 10 Feb 2020 09:32 EST

Already up to date.
==== merge branches ====
==== merge freebsd/master branch ====
Auto-merging www/node/Makefile
Removing net-mgmt/networkmgr/files/pkg-message.in
Removing editors/libreoffice/files/patch-sdext_source_pdfimport_xpdfwrapper_pdfioutdev__gpl.cxx
Removing editors/libreoffice/files/patch-sc_source_core_opencl_formulagroupcl.cxx
Auto-merging editors/libreoffice/Makefile
Merge made by the 'recursive' strategy.
 arabic/libreoffice/distinfo                        |  10 +-
 chinese/libreoffice-zh_CN/distinfo                 |  10 +-
 chinese/libreoffice-zh_TW/distinfo                 |  10 +-
 deskutils/foliate/Makefile                         |   2 +-
 deskutils/foliate/distinfo                         |   6 +-
 devel/llvm-devel/Makefile.COMMANDS                 |   1 -
 devel/llvm-devel/Makefile.snapshot                 |   4 +-
 devel/llvm-devel/distinfo                          |   6 +-
 devel/llvm-devel/pkg-plist                         |  45 +-
 devel/rust-bindgen/Makefile                        |   3 +-
 devel/rust-bindgen/distinfo                        |   6 +-
 editors/libreoffice-af/distinfo                    |   6 +-
 editors/libreoffice-am/distinfo                    |  10 +-
 editors/libreoffice-as/distinfo                    |   6 +-
 editors/libreoffice-ast/distinfo                   |  10 +-
 editors/libreoffice-be/distinfo                    |   6 +-
 editors/libreoffice-bg/distinfo                    |  10 +-
 editors/libreoffice-bn/distinfo                    |  10 +-
 editors/libreoffice-bn_IN/distinfo                 |  10 +-
 editors/libreoffice-bo/distinfo                    |  10 +-
 editors/libreoffice-br/distinfo                    |   6 +-
 editors/libreoffice-brx/distinfo                   |   6 +-
 editors/libreoffice-bs/distinfo                    |  10 +-
 editors/libreoffice-ca/distinfo                    |  10 +-
 editors/libreoffice-ca_valencia/distinfo           |  10 +-
 editors/libreoffice-cs/distinfo                    |  10 +-
 editors/libreoffice-cy/distinfo                    |   6 +-
 editors/libreoffice-da/distinfo                    |  10 +-
 editors/libreoffice-dgo/distinfo                   |   6 +-
 editors/libreoffice-dsb/distinfo                   |   6 +-
 editors/libreoffice-dz/distinfo                    |  10 +-
 editors/libreoffice-el/distinfo                    |  10 +-
 editors/libreoffice-en_GB/distinfo                 |  10 +-
 editors/libreoffice-en_ZA/distinfo                 |  10 +-
 editors/libreoffice-eo/distinfo                    |  10 +-
 editors/libreoffice-es/distinfo                    |  10 +-
 editors/libreoffice-et/distinfo                    |  10 +-
 editors/libreoffice-eu/distinfo                    |  10 +-
 editors/libreoffice-fa/distinfo                    |   6 +-
 editors/libreoffice-fi/distinfo                    |  10 +-
 editors/libreoffice-fy/distinfo                    |   6 +-
 editors/libreoffice-ga/distinfo                    |   6 +-
 editors/libreoffice-gd/distinfo                    |   6 +-
 editors/libreoffice-gl/distinfo                    |  10 +-
 editors/libreoffice-gu/distinfo                    |  10 +-
 editors/libreoffice-gug/distinfo                   |   6 +-
 editors/libreoffice-hi/distinfo                    |  10 +-
 editors/libreoffice-hr/distinfo                    |  10 +-
 editors/libreoffice-hsb/distinfo                   |   6 +-
 editors/libreoffice-id/distinfo                    |  10 +-
 editors/libreoffice-is/distinfo                    |  10 +-
 editors/libreoffice-it/distinfo                    |  10 +-
 editors/libreoffice-ka/distinfo                    |  10 +-
 editors/libreoffice-kab/distinfo                   |   6 +-
 editors/libreoffice-kk/distinfo                    |   6 +-
 editors/libreoffice-km/distinfo                    |  10 +-
 editors/libreoffice-kmr_Latn/distinfo              |   6 +-
 editors/libreoffice-kn/distinfo                    |   6 +-
 editors/libreoffice-kok/distinfo                   |   6 +-
 editors/libreoffice-ks/distinfo                    |   6 +-
 editors/libreoffice-lb/distinfo                    |   6 +-
 editors/libreoffice-lo/distinfo                    |  10 +-
 editors/libreoffice-lt/distinfo                    |  10 +-
 editors/libreoffice-lv/distinfo                    |  10 +-
 editors/libreoffice-mai/distinfo                   |   6 +-
 editors/libreoffice-mk/distinfo                    |  10 +-
 editors/libreoffice-ml/distinfo                    |   6 +-
 editors/libreoffice-mn/distinfo                    |   6 +-
 editors/libreoffice-mni/distinfo                   |   6 +-
 editors/libreoffice-mr/distinfo                    |   6 +-
 editors/libreoffice-my/distinfo                    |   6 +-
 editors/libreoffice-nb/distinfo                    |  10 +-
 editors/libreoffice-ne/distinfo                    |  10 +-
 editors/libreoffice-nl/distinfo                    |  10 +-
 editors/libreoffice-nn/distinfo                    |  10 +-
 editors/libreoffice-nr/distinfo                    |   6 +-
 editors/libreoffice-nso/distinfo                   |   6 +-
 editors/libreoffice-oc/distinfo                    |   6 +-
 editors/libreoffice-om/distinfo                    |  10 +-
 editors/libreoffice-or/distinfo                    |   6 +-
 editors/libreoffice-pa_IN/distinfo                 |   6 +-
 editors/libreoffice-ro/distinfo                    |  10 +-
 editors/libreoffice-rw/distinfo                    |   6 +-
 editors/libreoffice-sa_IN/distinfo                 |   6 +-
 editors/libreoffice-sat/distinfo                   |   6 +-
 editors/libreoffice-sd/distinfo                    |   6 +-
 editors/libreoffice-si/distinfo                    |  10 +-
 editors/libreoffice-sid/distinfo                   |  10 +-
 editors/libreoffice-sk/distinfo                    |  10 +-
 editors/libreoffice-sl/distinfo                    |  10 +-
 editors/libreoffice-sq/distinfo                    |  10 +-
 editors/libreoffice-sr/distinfo                    |   6 +-
 editors/libreoffice-sr_Latn/distinfo               |   6 +-
 editors/libreoffice-ss/distinfo                    |   6 +-
 editors/libreoffice-st/distinfo                    |   6 +-
 editors/libreoffice-sv/distinfo                    |  10 +-
 editors/libreoffice-sw_TZ/distinfo                 |   6 +-
 editors/libreoffice-szl/distinfo                   |   6 +-
 editors/libreoffice-ta/distinfo                    |  10 +-
 editors/libreoffice-te/distinfo                    |   6 +-
 editors/libreoffice-tg/distinfo                    |  10 +-
 editors/libreoffice-th/distinfo                    |   6 +-
 editors/libreoffice-tn/distinfo                    |   6 +-
 editors/libreoffice-tr/distinfo                    |  10 +-
 editors/libreoffice-ts/distinfo                    |   6 +-
 editors/libreoffice-tt/distinfo                    |   6 +-
 editors/libreoffice-ug/distinfo                    |  10 +-
 editors/libreoffice-uz/distinfo                    |   6 +-
 editors/libreoffice-ve/distinfo                    |   6 +-
 editors/libreoffice-vec/distinfo                   |   6 +-
 editors/libreoffice-xh/distinfo                    |   6 +-
 editors/libreoffice-zu/distinfo                    |   6 +-
 editors/libreoffice/Makefile                       |   1 -
 editors/libreoffice/Makefile.common                |   2 +-
 editors/libreoffice/distinfo                       |  10 +-
 .../patch-sc_source_core_opencl_formulagroupcl.cxx | 780 ---------------------
 ...ource_pdfimport_xpdfwrapper_pdfioutdev__gpl.cxx |  18 -
 .../libreoffice/files/patch-vcl_qt5_Qt5Frame.cxx   |  11 +
 .../files/patch-vcl_qt5_Qt5Instance.cxx            |  35 +
 emulators/ppsspp/Makefile                          |   2 +-
 emulators/ppsspp/distinfo                          |   6 +-
 emulators/rpcs3/Makefile                           |   4 +-
 emulators/rpcs3/distinfo                           |   6 +-
 french/libreoffice/distinfo                        |  10 +-
 german/libreoffice/distinfo                        |  10 +-
 graphics/mesa-devel/Makefile                       |   4 +-
 graphics/mesa-devel/distinfo                       |   6 +-
 hebrew/libreoffice/distinfo                        |  10 +-
 hungarian/libreoffice/distinfo                     |  10 +-
 japanese/libreoffice/distinfo                      |  10 +-
 korean/libreoffice/distinfo                        |  10 +-
 net-mgmt/networkmgr/Makefile                       |  10 +-
 net-mgmt/networkmgr/distinfo                       |   6 +-
 net-mgmt/networkmgr/files/pkg-message.in           |  21 -
 net-mgmt/networkmgr/pkg-plist                      |   1 +
 net/waypipe/Makefile                               |  14 +-
 net/waypipe/distinfo                               |   8 +-
 polish/libreoffice/distinfo                        |  10 +-
 portuguese/libreoffice-pt_BR/distinfo              |  10 +-
 portuguese/libreoffice/distinfo                    |  10 +-
 russian/libreoffice/distinfo                       |  10 +-
 security/lego/Makefile                             |  14 +-
 security/lego/distinfo                             |  30 +-
 ukrainian/libreoffice/distinfo                     |  10 +-
 vietnamese/libreoffice/distinfo                    |  10 +-
 www/grafana7/Makefile                              |   2 +-
 www/grafana7/distinfo                              |  10 +-
 www/grafana7/pkg-plist                             | 338 ++++-----
 www/node/Makefile                                  |   2 +-
 www/node/distinfo                                  |   6 +-
 ...h-deps_v8_src_base_platform_platform-freebsd.cc |   6 +-
 .../patch-deps_v8_src_codegen_ppc_constants-ppc.h  |  18 +-
 ...v8_src_compiler_backend_instruction-selector.cc |   4 +-
 ..._src_compiler_backend_ppc_code-generator-ppc.cc |   4 +-
 .../files/patch-deps_v8_src_libsampler_sampler.cc  |   4 +-
 www/node/pkg-plist                                 |   8 +
 www/tomcat-devel/Makefile                          |   3 +-
 www/tomcat-devel/distinfo                          |   6 +-
 www/tomcat85/Makefile                              |   3 +-
 www/tomcat85/distinfo                              |   6 +-
 www/tomcat9/Makefile                               |   3 +-
 www/tomcat9/distinfo                               |   6 +-
 x11/py-xcffib/Makefile                             |   3 +-
 x11/py-xcffib/distinfo                             |   6 +-
 164 files changed, 862 insertions(+), 1590 deletions(-)
 delete mode 100644 editors/libreoffice/files/patch-sc_source_core_opencl_formulagroupcl.cxx
 delete mode 100644 editors/libreoffice/files/patch-sdext_source_pdfimport_xpdfwrapper_pdfioutdev__gpl.cxx
 create mode 100644 editors/libreoffice/files/patch-vcl_qt5_Qt5Frame.cxx
 create mode 100644 editors/libreoffice/files/patch-vcl_qt5_Qt5Instance.cxx
 delete mode 100644 net-mgmt/networkmgr/files/pkg-message.in
=============================
HardenedBSD Master git Server
=============================

Please note that connections and activity to this server are logged.
This server, git-01.md.hardenedbsd.org, acts as the source-of-truth
server for the HardenedBSD repositories.

Banner last updated: 10 Feb 2020 09:32 EST

remote: To github.com:HardenedBSD/hardenedbsd-ports.git        
remote:    35ef91b41aef..76c437cd5878  master -> master        
remote:    fcaa85d44304..35ef91b41aef  github/master -> github/master        
remote:  ! [remote rejected]           refs/pull/2/head -> refs/pull/2/head (deny updating a hidden ref)        
remote: error: failed to push some refs to 'github.com:HardenedBSD/hardenedbsd-ports.git'        
To git-01.md.hardenedbsd.org:HardenedBSD/hardenedbsd-ports.git
   35ef91b41aef..76c437cd5878  master -> master
==== END: master ====
