==== BEGIN: master ====
current branch: master
mergeable branch: github/master
==== change branch ====
Already on 'master'
Your branch is behind 'origin/master' by 85 commits, and can be fast-forwarded.
  (use "git pull" to update your local branch)
==== show current branch ====
* master
==== check for stale changes ====
==== update to latest origin ====
=============================
HardenedBSD Master git Server
=============================

Please note that connections and activity to this server are logged.
This server, git-01.md.hardenedbsd.org, acts as the source-of-truth
server for the HardenedBSD repositories.

Banner last updated: 10 Feb 2020 09:32 EST

Updating df3226168e1e..66a169b964d8
Fast-forward
 MOVED                                              |   107 +
 Mk/Uses/cabal.mk                                   |     2 +-
 Mk/Uses/gnome.mk                                   |     6 +-
 UPDATING                                           |    15 +
 archivers/py-backports.lzma/Makefile               |     3 +
 archivers/py-bup/Makefile                          |     3 +
 archivers/py-librtfcomp/Makefile                   |     3 +
 audio/Makefile                                     |     2 -
 audio/blop-lv2/Makefile                            |     3 +
 audio/bs2b-lv2/Makefile                            |     3 +
 audio/decibel-audio-player/Makefile                |    61 -
 audio/decibel-audio-player/distinfo                |     2 -
 audio/decibel-audio-player/files/patch-Makefile    |    20 -
 .../files/patch-src_modules_Covers.py              |    20 -
 audio/decibel-audio-player/pkg-descr               |     9 -
 audio/decibel-audio-player/pkg-plist               |   133 -
 audio/guitarix-lv2/Makefile                        |     3 +
 audio/py-cddb/Makefile                             |     3 +
 audio/py-gmusicproxy/Makefile                      |     3 +
 audio/py-hsaudiotag/Makefile                       |     3 +
 audio/py-openal/Makefile                           |     3 +
 audio/py-py-jack/Makefile                          |     3 +
 audio/py-xmms2/Makefile                            |     3 +
 audio/soundconverter/Makefile                      |    43 -
 audio/soundconverter/distinfo                      |     2 -
 audio/soundconverter/pkg-descr                     |     7 -
 audio/soundconverter/pkg-plist                     |   101 -
 audio/triceratops-lv2/Makefile                     |     3 +
 biology/graphlan/Makefile                          |     3 +
 biology/groopm/Makefile                            |     3 +
 biology/py-biom-format/Makefile                    |     3 +
 biology/stringtie/Makefile                         |     2 +-
 cad/Makefile                                       |     1 -
 cad/linuxcnc-devel/Makefile                        |    65 -
 cad/linuxcnc-devel/distinfo                        |     3 -
 .../files/patch-scripts_hal-histogram              |     8 -
 .../files/patch-scripts_latency-histogram          |    90 -
 .../files/patch-scripts_latency-plot               |    54 -
 cad/linuxcnc-devel/files/patch-scripts_realtime.in |    38 -
 cad/linuxcnc-devel/files/patch-scripts_sim__pin    |     8 -
 cad/linuxcnc-devel/files/patch-src_Makefile        |   160 -
 cad/linuxcnc-devel/files/patch-src_Makefile.inc.in |    11 -
 cad/linuxcnc-devel/files/patch-src_configure.in    |    66 -
 .../files/patch-src_emc_rs274ngc_rs274ngc_pre.cc   |    15 -
 .../files/patch-src_hal_components_Submakefile     |    11 -
 .../files/patch-src_hal_drivers_hal__gm.c          |    13 -
 .../files/patch-src_hal_drivers_hal__parport.c     |    23 -
 .../files/patch-src_hal_drivers_hal__ppmc.c        |    17 -
 cad/linuxcnc-devel/files/patch-src_hal_hal__lib.c  |    10 -
 .../files/patch-src_hal_utils_halcompile.g         |    20 -
 .../files/patch-src_libnml_buffer_recvn.c          |    11 -
 .../files/patch-src_libnml_os_intf__sem.c          |    12 -
 cad/linuxcnc-devel/files/patch-src_po_git-merge-po |     8 -
 .../files/patch-src_rtapi_rtapi__io.h              |    25 -
 .../files/patch-src_rtapi_rtapi__math.h            |    13 -
 .../files/patch-src_rtapi_rtapi__parport.h         |    16 -
 .../patch-src_rtapi_uspace__rtapi__parport.cc      |    15 -
 cad/linuxcnc-devel/files/patch-tcl_ngcgui.tcl      |     8 -
 cad/linuxcnc-devel/files/patch-tcl_tooledit.tcl    |    25 -
 .../files/patch-tests_build_header-sanity_test.sh  |    17 -
 .../files/patch-tests_build_ui_test.sh             |    11 -
 .../files/patch-tests_lowlevel_mutex_test.sh       |     9 -
 cad/linuxcnc-devel/pkg-descr                       |    14 -
 cad/linuxcnc-devel/pkg-plist                       |  2223 ---
 cad/spice/Makefile                                 |    18 +-
 cad/spice/files/patch-src_bin_help.c               |     6 +-
 cad/spice/files/patch-src_bin_main.c               |     6 +-
 cad/spice/files/patch-src_bin_proc2mod.c           |    11 +
 cad/spice/files/patch-src_bin_procmod.c            |    11 -
 cad/spice/files/patch-src_lib_cp_complete.c        |     6 +-
 cad/spice/files/patch-src_lib_cp_lexical.c         |     6 +-
 cad/spice/files/patch-src_lib_cp_unixcom.c         |     6 +-
 cad/spice/files/patch-src_lib_dev_bjt_makedefs     |     6 +-
 cad/spice/files/patch-src_lib_fte_dotcards.c       |     8 +-
 cad/spice/files/patch-src_lib_mfb_mfbcaps.c        |     8 +-
 cad/spice/files/patch-util_build                   |     6 +-
 comms/py-bulksms/Makefile                          |     3 +
 comms/py-gammu/Makefile                            |     3 +
 databases/Makefile                                 |     3 -
 databases/iowow/Makefile                           |     2 +-
 databases/iowow/distinfo                           |     6 +-
 databases/iowow/pkg-plist                          |     1 +
 databases/monetdb/Makefile                         |   254 -
 databases/monetdb/distinfo                         |     2 -
 databases/monetdb/files/monetdbd.in                |    34 -
 .../monetdb/files/patch-common-utils-mutils-c      |    30 -
 databases/monetdb/files/patch-configure            |    11 -
 .../files/patch-monetdb5-extras-jaql-parser-jaql.y |    25 -
 .../files/patch-tools-merovingian-client-monetdb-c |    11 -
 databases/monetdb/pkg-descr                        |    10 -
 databases/monetdb/pkg-plist                        |   465 -
 databases/py-cql/Makefile                          |    26 -
 databases/py-cql/distinfo                          |     2 -
 databases/py-cql/pkg-descr                         |     3 -
 databases/py-cql/pkg-plist                         |    48 -
 databases/py-geoalchemy/Makefile                   |     3 +
 databases/py-htsql-mysql/Makefile                  |     3 +
 databases/py-htsql-pgsql/Makefile                  |     3 +
 databases/py-mysql2pgsql/Makefile                  |     3 +
 databases/py-oursql/Makefile                       |     3 +
 databases/py-pyhs/Makefile                         |     3 +
 databases/py-pytc/Makefile                         |     3 +
 databases/py-python-rrdtool/Makefile               |     3 +
 databases/py-riak/Makefile                         |     3 +
 databases/py-sybase/Makefile                       |     3 +
 databases/py-umemcache/Makefile                    |     3 +
 databases/zodb3/Makefile                           |    30 -
 databases/zodb3/distinfo                           |     2 -
 databases/zodb3/pkg-descr                          |     6 -
 deskutils/Makefile                                 |     1 -
 deskutils/gourmet/Makefile                         |    47 -
 deskutils/gourmet/distinfo                         |     2 -
 deskutils/gourmet/files/patch-pillow3              |    34 -
 deskutils/gourmet/pkg-descr                        |     6 -
 devel/Makefile                                     |    51 -
 devel/blitz/Makefile                               |     3 +
 devel/cpp2py/Makefile                              |     3 +
 devel/entt/Makefile                                |     2 +-
 devel/entt/distinfo                                |     6 +-
 devel/entt/pkg-plist                               |     3 +-
 devel/gdcm/Makefile                                |     2 +-
 devel/gdcm/distinfo                                |     6 +-
 devel/py-Breve/Makefile                            |     3 +
 .../Makefile                                       |    36 -
 .../distinfo                                       |     2 -
 .../pkg-descr                                      |     4 -
 devel/py-Products.ZopeVersionControl/Makefile      |    28 -
 devel/py-Products.ZopeVersionControl/distinfo      |     2 -
 devel/py-Products.ZopeVersionControl/pkg-descr     |     3 -
 devel/py-Products.statusmessages/Makefile          |    26 -
 devel/py-Products.statusmessages/distinfo          |     2 -
 devel/py-Products.statusmessages/pkg-descr         |     5 -
 devel/py-PyODE/Makefile                            |     3 +
 devel/py-akismet/Makefile                          |     3 +
 devel/py-aspects/Makefile                          |     3 +
 devel/py-backports.tempfile/Makefile               |     3 +
 devel/py-backports.weakref/Makefile                |     3 +
 devel/py-cfgparse/Makefile                         |     3 +
 devel/py-ciphon/Makefile                           |     3 +
 devel/py-cjson/Makefile                            |     3 +
 devel/py-clonedigger/Makefile                      |     3 +
 devel/py-cmdtest/Makefile                          |     3 +
 .../py-collective.z3cform.datetimewidget/Makefile  |    26 -
 .../py-collective.z3cform.datetimewidget/distinfo  |     2 -
 .../py-collective.z3cform.datetimewidget/pkg-descr |     3 -
 devel/py-cuisine/Makefile                          |     3 +
 devel/py-deliciousapi/Makefile                     |     3 +
 devel/py-dialog/Makefile                           |     3 +
 devel/py-efl/Makefile                              |     3 +
 devel/py-ezpyinline/Makefile                       |     3 +
 devel/py-five.formlib/Makefile                     |    36 -
 devel/py-five.formlib/distinfo                     |     2 -
 devel/py-five.formlib/pkg-descr                    |     3 -
 devel/py-five.localsitemanager/Makefile            |    32 -
 devel/py-five.localsitemanager/distinfo            |     2 -
 devel/py-five.localsitemanager/pkg-descr           |     3 -
 devel/py-freenas.dispatcher/Makefile               |     3 +
 devel/py-fsm/Makefile                              |     3 +
 devel/py-gdbgui/Makefile                           |     3 +
 devel/py-gearman/Makefile                          |     3 +
 devel/py-generate/Makefile                         |     3 +
 devel/py-geotypes/Makefile                         |     3 +
 devel/py-gitosis/Makefile                          |     3 +
 devel/py-google-apputils/Makefile                  |     3 +
 devel/py-hghooks/Makefile                          |     3 +
 devel/py-instant/Makefile                          |     3 +
 devel/py-ioflo/Makefile                            |     3 +
 devel/py-jcc/Makefile                              |     3 +
 devel/py-json-py/Makefile                          |     3 +
 devel/py-json-sempai/Makefile                      |     3 +
 devel/py-jsonlib/Makefile                          |     3 +
 devel/py-jsonlib2/Makefile                         |     3 +
 devel/py-jsonrpclib/Makefile                       |     3 +
 devel/py-kayako/Makefile                           |     3 +
 devel/py-kid/Makefile                              |     3 +
 devel/py-kjbuckets/Makefile                        |     3 +
 devel/py-kqueue/Makefile                           |     3 +
 devel/py-llvmcpy/Makefile                          |     3 +
 devel/py-log4py/Makefile                           |     3 +
 devel/py-mwlib.ext/Makefile                        |     3 +
 devel/py-mx-experimental/Makefile                  |     3 +
 devel/py-noseofyeti/Makefile                       |     3 +
 devel/py-notifier/Makefile                         |    36 -
 devel/py-notifier/distinfo                         |     2 -
 devel/py-notifier/pkg-descr                        |     7 -
 devel/py-notifier/pkg-plist                        |    46 -
 devel/py-option_merge/Makefile                     |     3 +
 devel/py-pp/Makefile                               |     3 +
 devel/py-prioritized_methods/Makefile              |     3 +
 devel/py-protocols/Makefile                        |     3 +
 devel/py-ptrace/Makefile                           |     3 +
 devel/py-pydoop/Makefile                           |     3 +
 devel/py-pyke/Makefile                             |     3 +
 devel/py-pymtbl/Makefile                           |     3 +
 devel/py-pyshapelib/Makefile                       |     3 +
 devel/py-pysparklines/Makefile                     |     3 +
 devel/py-pytemplate/Makefile                       |     3 +
 devel/py-python-gitlab/Makefile                    |     3 +
 devel/py-python2-pythondialog/Makefile             |     3 +
 devel/py-pyutil/Makefile                           |     3 +
 devel/py-pyvalid/Makefile                          |     3 +
 devel/py-pyxml2obj/Makefile                        |     3 +
 devel/py-qpid/Makefile                             |     3 +
 devel/py-qutip/Makefile                            |     3 +
 devel/py-repoze.what-pylons/Makefile               |     3 +
 devel/py-repoze.who-friendlyform/Makefile          |     3 +
 devel/py-robotframework-ride/Makefile              |     3 +
 devel/py-rtree/Makefile                            |     2 +-
 devel/py-rtree/distinfo                            |     6 +-
 devel/py-ruamel.ordereddict/Makefile               |     3 +
 devel/py-sanetime/Makefile                         |     3 +
 devel/py-selectors34/Makefile                      |     3 +
 devel/py-sqlcc/Makefile                            |     3 +
 devel/py-statgrab/Makefile                         |     3 +
 devel/py-tconfpy/Makefile                          |     3 +
 devel/py-tempstorage/Makefile                      |    25 -
 devel/py-tempstorage/distinfo                      |     2 -
 devel/py-tempstorage/pkg-descr                     |     7 -
 devel/py-terminable_thread/Makefile                |     3 +
 devel/py-testgears/Makefile                        |    22 -
 devel/py-testgears/distinfo                        |     2 -
 devel/py-testgears/pkg-descr                       |     7 -
 devel/py-trace2html/Makefile                       |     3 +
 devel/py-tvrage/Makefile                           |     3 +
 devel/py-tw.forms/Makefile                         |     3 +
 devel/py-uncompyle2/Makefile                       |     3 +
 devel/py-wsgitools/Makefile                        |     3 +
 devel/py-yaml/pkg-descr                            |     4 +-
 devel/py-yum-metadata-parser/Makefile              |     3 +
 devel/py-z3c.caching/Makefile                      |    29 -
 devel/py-z3c.caching/distinfo                      |     2 -
 devel/py-z3c.caching/pkg-descr                     |     3 -
 devel/py-z3c.form/Makefile                         |    45 -
 devel/py-z3c.form/distinfo                         |     2 -
 devel/py-z3c.form/pkg-descr                        |     3 -
 devel/py-z3c.formwidget.query/Makefile             |    31 -
 devel/py-z3c.formwidget.query/distinfo             |     2 -
 devel/py-z3c.formwidget.query/pkg-descr            |     3 -
 devel/py-zope.annotation/Makefile                  |    28 -
 devel/py-zope.annotation/distinfo                  |     2 -
 devel/py-zope.annotation/pkg-descr                 |     4 -
 devel/py-zope.app.applicationcontrol/Makefile      |    31 -
 devel/py-zope.app.applicationcontrol/distinfo      |     2 -
 devel/py-zope.app.applicationcontrol/pkg-descr     |     3 -
 devel/py-zope.app.appsetup/Makefile                |    36 -
 devel/py-zope.app.appsetup/distinfo                |     2 -
 devel/py-zope.app.appsetup/pkg-descr               |     3 -
 devel/py-zope.app.broken/Makefile                  |    30 -
 devel/py-zope.app.broken/distinfo                  |     2 -
 devel/py-zope.app.broken/pkg-descr                 |     3 -
 devel/py-zope.app.cache/Makefile                   |    35 -
 devel/py-zope.app.cache/distinfo                   |     2 -
 devel/py-zope.app.cache/pkg-descr                  |     3 -
 devel/py-zope.app.component/Makefile               |    37 -
 devel/py-zope.app.component/distinfo               |     2 -
 devel/py-zope.app.component/pkg-descr              |     3 -
 devel/py-zope.app.container/Makefile               |    41 -
 devel/py-zope.app.container/distinfo               |     2 -
 devel/py-zope.app.container/pkg-descr              |     3 -
 devel/py-zope.app.content/Makefile                 |    27 -
 devel/py-zope.app.content/distinfo                 |     2 -
 devel/py-zope.app.content/pkg-descr                |     3 -
 devel/py-zope.app.debug/Makefile                   |    26 -
 devel/py-zope.app.debug/distinfo                   |     2 -
 devel/py-zope.app.debug/pkg-descr                  |     3 -
 devel/py-zope.app.dependable/Makefile              |    30 -
 devel/py-zope.app.dependable/distinfo              |     2 -
 devel/py-zope.app.dependable/pkg-descr             |     3 -
 devel/py-zope.app.error/Makefile                   |    27 -
 devel/py-zope.app.error/distinfo                   |     2 -
 devel/py-zope.app.error/pkg-descr                  |     3 -
 devel/py-zope.app.exception/Makefile               |    30 -
 devel/py-zope.app.exception/distinfo               |     2 -
 devel/py-zope.app.exception/pkg-descr              |     3 -
 devel/py-zope.app.file/Makefile                    |    37 -
 devel/py-zope.app.file/distinfo                    |     2 -
 devel/py-zope.app.file/pkg-descr                   |     4 -
 devel/py-zope.app.folder/Makefile                  |    26 -
 devel/py-zope.app.folder/distinfo                  |     2 -
 devel/py-zope.app.folder/pkg-descr                 |     3 -
 devel/py-zope.app.form/Makefile                    |    38 -
 devel/py-zope.app.form/distinfo                    |     2 -
 devel/py-zope.app.form/pkg-descr                   |     3 -
 devel/py-zope.app.generations/Makefile             |    30 -
 devel/py-zope.app.generations/distinfo             |     2 -
 devel/py-zope.app.generations/pkg-descr            |     3 -
 devel/py-zope.app.http/Makefile                    |    27 -
 devel/py-zope.app.http/distinfo                    |     2 -
 devel/py-zope.app.http/pkg-descr                   |     3 -
 devel/py-zope.app.pagetemplate/Makefile            |    35 -
 devel/py-zope.app.pagetemplate/distinfo            |     2 -
 devel/py-zope.app.pagetemplate/pkg-descr           |     3 -
 devel/py-zope.app.publication/Makefile             |    32 -
 devel/py-zope.app.publication/distinfo             |     2 -
 devel/py-zope.app.publication/pkg-descr            |     3 -
 devel/py-zope.app.publisher/Makefile               |    36 -
 devel/py-zope.app.publisher/distinfo               |     2 -
 devel/py-zope.app.publisher/pkg-descr              |     3 -
 devel/py-zope.app.rotterdam/Makefile               |    35 -
 devel/py-zope.app.rotterdam/distinfo               |     2 -
 devel/py-zope.app.rotterdam/pkg-descr              |     3 -
 devel/py-zope.app.testing/Makefile                 |    41 -
 devel/py-zope.app.testing/distinfo                 |     2 -
 devel/py-zope.app.testing/pkg-descr                |     3 -
 devel/py-zope.app.zcmlfiles/Makefile               |    59 -
 devel/py-zope.app.zcmlfiles/distinfo               |     2 -
 devel/py-zope.app.zcmlfiles/pkg-descr              |     3 -
 devel/py-zope.app.zopeappgenerations/Makefile      |    29 -
 devel/py-zope.app.zopeappgenerations/distinfo      |     2 -
 devel/py-zope.app.zopeappgenerations/pkg-descr     |     3 -
 devel/py-zope.applicationcontrol/Makefile          |    28 -
 devel/py-zope.applicationcontrol/distinfo          |     2 -
 devel/py-zope.applicationcontrol/pkg-descr         |     3 -
 devel/py-zope.browsermenu/Makefile                 |    33 -
 devel/py-zope.browsermenu/distinfo                 |     2 -
 devel/py-zope.browsermenu/pkg-descr                |     4 -
 devel/py-zope.browserpage/Makefile                 |    33 -
 devel/py-zope.browserpage/distinfo                 |     2 -
 devel/py-zope.browserpage/pkg-descr                |     3 -
 devel/py-zope.componentvocabulary/Makefile         |    28 -
 devel/py-zope.componentvocabulary/distinfo         |     2 -
 devel/py-zope.componentvocabulary/pkg-descr        |     3 -
 devel/py-zope.container/Makefile                   |    39 -
 devel/py-zope.container/distinfo                   |     2 -
 devel/py-zope.container/pkg-descr                  |     6 -
 devel/py-zope.copypastemove/Makefile               |    32 -
 devel/py-zope.copypastemove/distinfo               |     2 -
 devel/py-zope.copypastemove/pkg-descr              |     3 -
 devel/py-zope.dublincore/Makefile                  |    30 -
 devel/py-zope.dublincore/distinfo                  |     2 -
 devel/py-zope.dublincore/pkg-descr                 |     3 -
 devel/py-zope.error/Makefile                       |    27 -
 devel/py-zope.error/distinfo                       |     2 -
 devel/py-zope.error/pkg-descr                      |     3 -
 devel/py-zope.formlib/Makefile                     |    38 -
 devel/py-zope.formlib/distinfo                     |     2 -
 devel/py-zope.formlib/pkg-descr                    |     3 -
 devel/py-zope.minmax/Makefile                      |    25 -
 devel/py-zope.minmax/distinfo                      |     2 -
 devel/py-zope.minmax/pkg-descr                     |     8 -
 devel/py-zope.pagetemplate/Makefile                |    31 -
 devel/py-zope.pagetemplate/distinfo                |     2 -
 devel/py-zope.pagetemplate/pkg-descr               |     6 -
 devel/py-zope.ptresource/Makefile                  |    28 -
 devel/py-zope.ptresource/distinfo                  |     2 -
 devel/py-zope.ptresource/pkg-descr                 |     5 -
 devel/py-zope.ramcache/Makefile                    |    27 -
 devel/py-zope.ramcache/distinfo                    |     2 -
 devel/py-zope.ramcache/pkg-descr                   |     3 -
 devel/py-zope.site/Makefile                        |    31 -
 devel/py-zope.site/distinfo                        |     2 -
 devel/py-zope.site/pkg-descr                       |     7 -
 devel/py-zope.viewlet/Makefile                     |    34 -
 devel/py-zope.viewlet/distinfo                     |     2 -
 devel/py-zope.viewlet/pkg-descr                    |     4 -
 devel/raylib/Makefile                              |    18 +-
 devel/raylib/distinfo                              |     6 +-
 devel/shfmt/Makefile                               |     8 +-
 devel/shfmt/distinfo                               |     6 +-
 devel/spark/Makefile                               |     3 +
 devel/synfig/Makefile                              |     2 +-
 devel/xeus/Makefile                                |     3 +-
 devel/xeus/distinfo                                |     6 +-
 devel/xtl-quant-stack/Makefile                     |     2 +-
 devel/xtl-quant-stack/distinfo                     |     6 +-
 dns/dnsmasq/Makefile                               |     3 -
 dns/nextdns/Makefile                               |     2 +-
 dns/nextdns/distinfo                               |     6 +-
 dns/py-dnschain/Makefile                           |     3 +
 dns/py-idnkit2/Makefile                            |     3 +
 dns/py-pywdns/Makefile                             |     3 +
 editors/ghostwriter/Makefile                       |     6 +-
 editors/ghostwriter/distinfo                       |     6 +-
 editors/ghostwriter/pkg-plist                      |     4 +-
 editors/o/Makefile                                 |     8 +-
 editors/o/distinfo                                 |    18 +-
 editors/xi-core/Makefile                           |   104 +-
 editors/xi-core/distinfo                           |   198 +-
 games/0ad/Makefile                                 |     3 +
 games/Makefile                                     |     1 -
 games/colobot/Makefile                             |     3 +
 games/craft/Makefile                               |     3 +
 games/diameter/Makefile                            |     3 +
 games/doomsday/Makefile                            |     3 +
 games/endgame-singularity/Makefile                 |     3 +
 games/freeorion/Makefile                           |     3 +
 games/funnyboat/Makefile                           |     3 +
 games/gcompris/Makefile                            |    46 -
 games/gcompris/distinfo                            |     2 -
 games/gcompris/files/patch-configure               |    11 -
 games/gcompris/files/patch-src_gcompris_gcompris.c |    11 -
 games/gcompris/pkg-descr                           |    15 -
 games/gcompris/pkg-plist                           | 16144 -------------------
 games/gemrb/Makefile                               |     3 +
 games/gtkradiant/Makefile                          |     3 +
 games/homura/Makefile                              |     2 +-
 games/homura/distinfo                              |     6 +-
 games/jumpnbump/Makefile                           |     3 +
 games/kiki/Makefile                                |     3 +
 games/lightyears/Makefile                          |     3 +
 games/monsterz/Makefile                            |     3 +
 games/outerspace/Makefile                          |     3 +
 games/pyfa/Makefile                                |     3 +
 games/renpy/Makefile                               |     3 +
 games/solarwolf/Makefile                           |     3 +
 games/thudboard/Makefile                           |     3 +
 games/wesnoth/Makefile                             |     3 +
 graphics/Makefile                                  |     2 -
 graphics/commons-utilities/Makefile                |    46 -
 graphics/commons-utilities/distinfo                |     2 -
 graphics/commons-utilities/pkg-descr               |     8 -
 graphics/djvusmooth/Makefile                       |     3 +
 graphics/opencv/Makefile                           |     2 +-
 graphics/py-actdiag/Makefile                       |     3 +
 graphics/py-blockdiagcontrib-cisco/Makefile        |     3 +
 graphics/py-chart/Makefile                         |    24 -
 graphics/py-chart/distinfo                         |     2 -
 graphics/py-chart/pkg-descr                        |     6 -
 graphics/py-glewpy/Makefile                        |     3 +
 graphics/py-nwdiag/Makefile                        |     3 +
 graphics/py-openexr/Makefile                       |     3 +
 graphics/py-poppler/Makefile                       |     3 +
 graphics/py-pygooglechart/Makefile                 |     3 +
 graphics/py-sane/Makefile                          |     3 +
 graphics/py-seqdiag/Makefile                       |     3 +
 graphics/py-stltools/Makefile                      |     3 +
 graphics/qgis-ltr/Makefile                         |     3 -
 graphics/qgis-ltr/files/patch-cmake_Txt2Tags.cmake |    20 +
 graphics/qgis-ltr/files/patch-doc_INSTALL.html     |     9 +
 graphics/qgis-ltr/files/patch-doc_INSTALL.t2t      |    28 +
 graphics/qgis-ltr/files/patch-doc_news.html        |     9 +
 graphics/qgis-ltr/files/patch-doc_news.t2t         |    18 +
 graphics/qgis-ltr/files/patch-scripts_release.pl   |    13 +
 .../qgis-ltr/files/patch-scripts_update-news.pl    |    13 +
 graphics/qgis/Makefile                             |     3 -
 graphics/qgis/files/patch-cmake_Txt2Tags.cmake     |    20 +
 graphics/qgis/files/patch-doc_INSTALL.html         |     9 +
 graphics/qgis/files/patch-doc_INSTALL.t2t          |    28 +
 graphics/qgis/files/patch-doc_news.html            |     9 +
 graphics/qgis/files/patch-doc_news.t2t             |    18 +
 graphics/qgis/files/patch-scripts_release.pl       |    13 +
 graphics/qgis/files/patch-scripts_update-news.pl   |    13 +
 graphics/sk1/Makefile                              |     3 +
 graphics/synfigstudio/Makefile                     |     2 +-
 graphics/viewnior/Makefile                         |    15 +-
 graphics/viewnior/distinfo                         |     6 +-
 graphics/viewnior/pkg-plist                        |     3 +
 graphics/vv/Makefile                               |     1 +
 graphics/waifu2x-ncnn-vulkan/Makefile              |     2 +-
 graphics/waifu2x-ncnn-vulkan/distinfo              |     6 +-
 irc/weechat/files/patch-cmake_FindRuby.cmake       |    23 +
 japanese/Makefile                                  |     1 -
 japanese/py-mecab/Makefile                         |     3 +
 japanese/py-tegaki-gtk/Makefile                    |     3 +
 japanese/tegaki-recognize/Makefile                 |    42 -
 japanese/tegaki-recognize/distinfo                 |     2 -
 japanese/tegaki-recognize/files/patch-setup.py     |    15 -
 japanese/tegaki-recognize/pkg-descr                |     9 -
 japanese/tegaki-recognize/pkg-plist                |     6 -
 lang/gcc8-devel/Makefile                           |     2 +-
 lang/gcc8-devel/distinfo                           |     6 +-
 mail/Makefile                                      |     2 -
 mail/anubis/Makefile                               |     4 +-
 mail/davmail/Makefile                              |     6 +-
 mail/davmail/distinfo                              |     6 +-
 mail/davmail/pkg-plist                             |     3 +
 mail/fetchmail/files/patch-configure               |     8 +-
 mail/libvmime/Makefile                             |     4 +-
 mail/mailpile/Makefile                             |     3 +
 mail/mpop/Makefile                                 |     3 +-
 mail/msmtp/Makefile                                |     3 +-
 mail/py-zope.sendmail/Makefile                     |    30 -
 mail/py-zope.sendmail/distinfo                     |     2 -
 mail/py-zope.sendmail/pkg-descr                    |     3 -
 mail/pysieved/Makefile                             |    56 -
 mail/pysieved/distinfo                             |     2 -
 mail/pysieved/files/pysieved.in                    |    27 -
 mail/pysieved/pkg-descr                            |    23 -
 mail/pysieved/pkg-plist                            |    27 -
 math/Makefile                                      |     3 -
 math/mathgl/Makefile                               |     3 +
 math/maxima/Makefile                               |     5 +-
 math/maxima/distinfo                               |     6 +-
 math/metis4/Makefile                               |    67 -
 math/metis4/distinfo                               |     2 -
 math/metis4/files/patch-Makefile.in                |    25 -
 math/metis4/pkg-descr                              |    10 -
 math/metis4/pkg-plist                              |    19 -
 math/mumps4/Makefile                               |    13 +-
 .../files/patch-Make.inc_Makefile.inc.generic      |    18 -
 .../files/patch-Make.inc_Makefile.inc.generic.SEQ  |    22 +-
 math/mumps4/pkg-descr                              |     2 +-
 math/octave-forge-dicom/Makefile                   |     2 +-
 math/ogdf/Makefile                                 |    65 -
 math/ogdf/distinfo                                 |     2 -
 .../files/patch-include_coin_CglLandPUtils.hpp     |    17 -
 math/ogdf/files/patch-include_ogdf_basic_System.h  |    20 -
 .../patch-include_ogdf_internal_basic_config.h     |    23 -
 math/ogdf/files/patch-makeMakefile.config          |    44 -
 math/ogdf/files/patch-makeMakefile.py              |    22 -
 math/ogdf/files/patch-src_coin_Clp_ClpModel.cpp    |    15 -
 ...patch-src_coin_OsiClp_OsiClpSolverInterface.cpp |    15 -
 math/ogdf/files/patch-src_ogdf_basic_System.cpp    |    77 -
 math/ogdf/files/patch-test_gtest_gtest.h           |    29 -
 math/ogdf/pkg-descr                                |    13 -
 math/ogdf/pkg-plist                                |   668 -
 math/py-PyMetis/Makefile                           |     3 +
 math/py-bitmath/Makefile                           |     3 +
 math/py-ffc/Makefile                               |     3 +
 math/py-fiat/Makefile                              |     3 +
 math/py-libpoly/Makefile                           |     3 +
 math/py-nzmath/Makefile                            |     3 +
 math/py-pymc/Makefile                              |     3 +
 math/py-pysparse/Makefile                          |     3 +
 math/py-symcxx/Makefile                            |     3 +
 math/py-ufl/Makefile                               |     3 +
 math/py-viper/Makefile                             |    26 -
 math/py-viper/distinfo                             |     2 -
 math/py-viper/pkg-descr                            |     4 -
 math/wxmaxima/Makefile                             |     2 +-
 math/wxmaxima/distinfo                             |     6 +-
 math/wxmaxima/pkg-plist                            |     1 +
 misc/Makefile                                      |     4 +-
 misc/biblesync/Makefile                            |    33 +
 misc/biblesync/distinfo                            |     3 +
 misc/biblesync/pkg-descr                           |    24 +
 misc/biblesync/pkg-plist                           |     6 +
 misc/cmatrix/Makefile                              |    19 +-
 misc/cmatrix/distinfo                              |     5 +-
 misc/dynomite/Makefile                             |    26 +
 misc/dynomite/distinfo                             |     3 +
 misc/dynomite/files/patch-configure.ac             |    11 +
 misc/dynomite/files/patch-src_Makefile.am          |    20 +
 .../files/patch-src_seedsprovider_dyn__dns.c       |    11 +
 misc/dynomite/pkg-descr                            |    11 +
 misc/fbless/Makefile                               |    22 -
 misc/fbless/distinfo                               |     2 -
 misc/fbless/pkg-descr                              |     3 -
 misc/fbless/pkg-plist                              |    34 -
 misc/py-kartograph/Makefile                        |     3 +
 misc/py-python-geohash/Makefile                    |     3 +
 misc/py-socli/Makefile                             |     3 +
 misc/py-toil/Makefile                              |     3 +
 misc/py-xgboost/Makefile                           |     2 +-
 misc/py-xgboost/distinfo                           |     6 +-
 misc/py-yolk/Makefile                              |     3 +
 misc/pylize/Makefile                               |    30 -
 misc/pylize/distinfo                               |     2 -
 misc/pylize/files/patch-pylize.in                  |    11 -
 misc/pylize/pkg-descr                              |    14 -
 misc/pyobd/Makefile                                |     3 +
 misc/urh/Makefile                                  |     2 +-
 misc/urh/distinfo                                  |     6 +-
 misc/xgboost/Makefile                              |     2 +-
 misc/xgboost/distinfo                              |     6 +-
 multimedia/Makefile                                |     2 +-
 multimedia/aom/Makefile                            |     4 +-
 multimedia/aom/distinfo                            |     6 +-
 multimedia/avidemux-cli/Makefile                   |     3 +-
 multimedia/avidemux-cli/pkg-plist                  |     3 +-
 multimedia/avidemux-plugins/Makefile               |    19 +-
 multimedia/avidemux-plugins/pkg-plist              |    72 +-
 multimedia/avidemux-qt5/Makefile                   |    25 +
 multimedia/avidemux-qt5/pkg-plist                  |    60 +
 multimedia/avidemux/Makefile                       |    22 +-
 multimedia/avidemux/Makefile.common                |    97 +-
 multimedia/avidemux/distinfo                       |     5 +-
 multimedia/avidemux/files/avidemux2.desktop.in     |    12 -
 ...videmux__core_ADM__coreUtils_src_prefs2__pref.h |     8 +-
 ..._core_ADM__coreVideoCodec_include_ADM__ffmp43.h |    28 -
 ...ux__core_ADM__core_src_ADM__crashdump__unix.cpp |    13 +
 ...emux__core_ADM__core_src_ADM__folder__linux.cpp |    11 +
 ...videmux__core_ADM__core_src_ADM__memsupport.cpp |     4 +-
 ...x__core_ffmpeg__package_patches_config.mak.diff |    14 -
 ...x__plugins_ADM__demuxers_MpegTS_dmxTSPacket.cpp |    53 -
 ...ADM__muxers_muxerMp4v2_libmp4v2_src_rtphint.cpp |    11 -
 ...x__plugins_ADM__videoEncoder_ffDv_ADM__ffDv.cpp |    11 -
 ..._plugins_ADM__videoEncoder_ffFlv1_ADM__ffFlv1.h |    14 -
 ...lugins_ADM__videoEncoder_ffMpeg2_ADM__ffMpeg2.h |    14 -
 ...lugins_ADM__videoEncoder_ffMpeg4_ADM__ffMpeg4.h |    14 -
 ...x__plugins_ADM__videoEncoder_x264_ADM__x264.cpp |    34 -
 ...mux__plugins_ADM__videoEncoder_x264_ADM__x264.h |    11 -
 ..._plugins_ADM__videoEncoder_x264_qt4_Q__x264.cpp |    11 -
 ...x__plugins_ADM__videoEncoder_x265_ADM__x265.cpp |    16 -
 ...mux__plugins_ADM__videoEncoder_x265_ADM__x265.h |    11 -
 ..._plugins_ADM__videoEncoder_x265_qt4_Q__x265.cpp |    11 -
 ..._plugins_ADM__videoEncoder_xvid4_ADM__xvid4.cpp |    20 -
 ...__videoFilters6_telecide_Telecide__getFrame.cpp |    29 -
 .../files/patch-avidemux__plugins_CMakeLists.txt   |    12 +-
 ...-avidemux_qt4_ADM__jobs_src_ADM__jobControl.cpp |    11 -
 .../patch-cmake_admCheckAudioDeviceLibs.cmake      |    23 +
 .../files/patch-cmake_admCheckMiscLibs.cmake       |    10 +-
 .../avidemux/files/patch-cmake_admCheckX265.cmake  |    12 -
 .../avidemux/files/patch-cmake_admMainChecks.cmake |     8 +-
 multimedia/avidemux/pkg-plist                      |   465 +-
 multimedia/cinelerra-gg/Makefile                   |   110 -
 multimedia/cinelerra-gg/distinfo                   |     3 -
 .../files/patch-cinelerra-5.1_guicast_Makefile     |    13 -
 multimedia/cinelerra-gg/pkg-descr                  |     8 -
 multimedia/cinelerra-gg/pkg-plist                  |  1253 --
 multimedia/kdenlive/Makefile                       |     1 +
 multimedia/mlt/Makefile                            |     3 +-
 multimedia/mlt/distinfo                            |     6 +-
 multimedia/mlt/pkg-plist                           |     7 +
 multimedia/py-PySceneDetect/Makefile               |     3 +
 multimedia/py-flvlib/Makefile                      |     3 +
 multimedia/shotcut/Makefile                        |     1 +
 multimedia/webvfx-qt5/Makefile                     |     2 +-
 net-im/empathy/Makefile                            |     3 +
 net-im/jabberd/Makefile                            |     4 +-
 net-im/py-skype4py/Makefile                        |     3 +
 net-im/py-unmessage/Makefile                       |     3 +
 net-im/py-xmpppy/Makefile                          |     3 +
 net-im/telepathy-farsight/Makefile                 |     3 +
 net-im/telepathy-haze/Makefile                     |     3 +
 net-im/telepathy-python/Makefile                   |     3 +
 net-im/telepathy-rakia/Makefile                    |     3 +
 net-mgmt/nfdump/Makefile                           |     2 +-
 net-mgmt/nfdump/distinfo                           |     6 +-
 net-mgmt/py-pynsca/Makefile                        |     3 +
 net-mgmt/py-pyzabbix/Makefile                      |     3 +
 net-mgmt/py-yapsnmp/Makefile                       |     3 +
 net-p2p/py-py2play/Makefile                        |     3 +
 net/Makefile                                       |     3 +-
 net/cjdns/Makefile                                 |     3 +
 net/clash/Makefile                                 |    12 +-
 net/clash/distinfo                                 |    26 +-
 net/gnu-dico/Makefile                              |     4 +-
 net/py-beanstalkc/Makefile                         |     3 +
 net/py-cloudflare-scrape/Makefile                  |     2 +-
 net/py-cloudflare-scrape/distinfo                  |     6 +-
 net/py-gspread/Makefile                            |     3 +
 net/py-gspreadsheet/Makefile                       |     3 +
 net/py-httpstat/Makefile                           |     3 +
 net/py-ldaptor/Makefile                            |    38 -
 net/py-ldaptor/distinfo                            |     2 -
 net/py-ldaptor/files/patch-setup.py                |    10 -
 net/py-ldaptor/pkg-descr                           |    12 -
 net/py-libnet/Makefile                             |     3 +
 net/py-netlib/Makefile                             |     3 +
 net/py-pynmsg/Makefile                             |     3 +
 net/py-raet/Makefile                               |     3 +
 net/py-rainbowstream/Makefile                      |     3 +
 net/py-wolframalpha/Makefile                       |     3 +
 net/tucan/Makefile                                 |    50 -
 net/tucan/distinfo                                 |     2 -
 net/tucan/files/patch-core__dependencies.py        |    11 -
 net/tucan/files/patch-core__tesseract.py           |    15 -
 net/tucan/files/patch-core_config.py               |    20 -
 net/tucan/pkg-descr                                |    11 -
 net/tucan/pkg-plist                                |   195 -
 net/tunneller/Makefile                             |    30 +
 net/tunneller/distinfo                             |    21 +
 net/tunneller/pkg-descr                            |     7 +
 news/Makefile                                      |     1 -
 news/hellanzb/Makefile                             |    48 -
 news/hellanzb/distinfo                             |     2 -
 .../patch-Hellanzb-HellaXMLRPC_HtPasswdAuth.py     |    11 -
 .../files/patch-Hellanzb-HellaXMLRPC_xmlrpc.py     |    11 -
 news/hellanzb/files/patch-Hellanzb_HellaReactor.py |    15 -
 news/hellanzb/files/patch-nodocs-setup.py          |    12 -
 news/hellanzb/pkg-descr                            |     7 -
 news/hellanzb/pkg-plist                            |    92 -
 news/py-yenc/Makefile                              |     3 +
 print/html2ps/Makefile                             |     9 +-
 print/html2ps/files/patch-html2ps                  |    14 +-
 print/html2ps/files/patch-html2ps.1                |     6 +-
 print/html2ps/pkg-descr                            |     2 -
 print/py-pyscript/Makefile                         |     3 +
 print/py-stapler/Makefile                          |     3 +
 print/py-trml2pdf/Makefile                         |     3 +
 print/qpdf/Makefile                                |     2 +-
 print/qpdf/distinfo                                |     6 +-
 print/qpdf/pkg-plist                               |     2 +-
 science/InsightToolkit/Makefile                    |     2 +-
 science/Makefile                                   |     2 -
 science/coot/Makefile                              |    58 -
 science/coot/distinfo                              |     7 -
 science/coot/files/patch-src_cc-interface-image.hh |     9 -
 science/coot/files/patch-src_rama__plot.cc         |    11 -
 science/coot/pkg-descr                             |     9 -
 science/coot/pkg-plist                             | 14492 -----------------
 science/dftbplus/Makefile                          |     3 +
 science/dvc/Makefile                               |     3 +
 science/mbdyn/Makefile                             |     2 +-
 science/py-GPyOpt/Makefile                         |     3 +
 science/py-PyQuante/Makefile                       |     3 +
 science/py-ScientificPython/Makefile               |    29 -
 science/py-ScientificPython/distinfo               |     3 -
 science/py-ScientificPython/pkg-descr              |     9 -
 science/py-mlpy/Makefile                           |     3 +
 science/py-obspy/Makefile                          |     3 +
 science/py-pymol/Makefile                          |     3 +
 science/py-scikit-fuzzy/Makefile                   |     3 +
 science/py-ws2300/Makefile                         |     3 +
 security/Makefile                                  |    15 +-
 security/gsasl/Makefile                            |    26 +-
 security/gsasl/files/patch-Makefile.in             |    11 +
 security/gsasl/files/patch-doc-Makefile.in         |    29 +
 security/gsasl/files/patch-examples-Makefile.in    |    59 +
 .../files/patch-examples-openid20-Makefile.in      |    19 +
 .../gsasl/files/patch-examples-saml20-Makefile.in  |    28 +
 security/gsasl/files/patch-src-Makefile.in         |    20 +
 security/gsasl/pkg-descr                           |     6 +-
 security/gsasl/pkg-plist                           |   168 -
 security/heimdal/Makefile                          |     3 +-
 security/heimdal/files/patch-appl-test-Makefile.in |     8 +-
 security/heimdal/files/patch-cf-make-proto.pl      |    11 +
 security/heimdal/files/patch-configure             |    10 +-
 security/heimdal/files/patch-doc__Makefile.in      |    12 +-
 security/heimdal/files/patch-kadmin-Makefile.in    |    14 +-
 security/heimdal/files/patch-kdc-Makefile.in       |    18 +-
 security/heimdal/files/patch-kpasswd-Makefile.in   |     8 +-
 security/heimdal/files/patch-kuser-Makefile.in     |    10 +-
 security/heimdal/files/patch-lib-base-Makefile.in  |     4 +-
 .../heimdal/files/patch-lib-gssapi-Makefile.in     |    10 +-
 security/heimdal/files/patch-lib-hdb-Makefile.in   |     6 +-
 security/heimdal/files/patch-lib-hdb-hdb-mitdb.c   |    11 +
 security/heimdal/files/patch-lib-hx509-Makefile.in |     4 +-
 security/heimdal/files/patch-lib-kadm5-Makefile.in |    14 +-
 security/heimdal/files/patch-lib-roken-Makefile.in |     6 +-
 security/libgsasl/Makefile                         |    49 +
 security/libgsasl/distinfo                         |     3 +
 security/libgsasl/files/patch-Makefile.in          |    11 +
 security/libgsasl/files/patch-configure            |    20 +
 security/libgsasl/files/patch-doc-Makefile.in      |    36 +
 security/libgsasl/pkg-descr                        |    20 +
 security/libgsasl/pkg-plist                        |   168 +
 security/nflib/Makefile                            |     9 +-
 security/nflib/files/patch-CMakeLists.txt          |     9 +
 security/p5-openxpki/Makefile                      |    11 +-
 security/p5-openxpki/distinfo                      |     4 +-
 security/palisade/Makefile                         |     7 +-
 security/py-PF/Makefile                            |     3 +
 security/py-cracklib/Makefile                      |     3 +
 security/py-cryptlib_py/Makefile                   |    33 -
 security/py-cryptlib_py/distinfo                   |     3 -
 security/py-cryptlib_py/pkg-descr                  |     3 -
 security/py-fteproxy/Makefile                      |     3 +
 security/py-keyczar/Makefile                       |     3 +
 security/py-onetime/Makefile                       |     3 +
 security/py-pydeep/Makefile                        |     3 +
 security/py-slowaes/Makefile                       |     3 +
 security/py-sslstrip/Makefile                      |     3 +
 security/py-volatility/Makefile                    |     3 +
 security/py-zope.app.authentication/Makefile       |    42 -
 security/py-zope.app.authentication/distinfo       |     2 -
 security/py-zope.app.authentication/pkg-descr      |     3 -
 security/py-zope.app.localpermission/Makefile      |    29 -
 security/py-zope.app.localpermission/distinfo      |     2 -
 security/py-zope.app.localpermission/pkg-descr     |     3 -
 security/py-zope.app.principalannotation/Makefile  |    27 -
 security/py-zope.app.principalannotation/distinfo  |     2 -
 security/py-zope.app.principalannotation/pkg-descr |     3 -
 security/py-zope.app.security/Makefile             |    35 -
 security/py-zope.app.security/distinfo             |     2 -
 security/py-zope.app.security/pkg-descr            |     3 -
 security/py-zope.app.securitypolicy/Makefile       |    38 -
 security/py-zope.app.securitypolicy/distinfo       |     2 -
 security/py-zope.app.securitypolicy/pkg-descr      |     3 -
 security/py-zope.authentication/Makefile           |    29 -
 security/py-zope.authentication/distinfo           |     2 -
 security/py-zope.authentication/pkg-descr          |     3 -
 security/py-zope.login/Makefile                    |    27 -
 security/py-zope.login/distinfo                    |     2 -
 security/py-zope.login/pkg-descr                   |     3 -
 security/py-zope.pluggableauth/Makefile            |    37 -
 security/py-zope.pluggableauth/distinfo            |     2 -
 security/py-zope.pluggableauth/pkg-descr           |     3 -
 security/py-zope.principalannotation/Makefile      |    30 -
 security/py-zope.principalannotation/distinfo      |     2 -
 security/py-zope.principalannotation/pkg-descr     |     3 -
 security/py-zope.principalregistry/Makefile        |    28 -
 security/py-zope.principalregistry/distinfo        |     2 -
 security/py-zope.principalregistry/pkg-descr       |     3 -
 security/py-zope.security/Makefile                 |    33 -
 security/py-zope.security/distinfo                 |     2 -
 security/py-zope.security/pkg-descr                |     4 -
 security/py-zope.securitypolicy/Makefile           |    34 -
 security/py-zope.securitypolicy/distinfo           |     2 -
 security/py-zope.securitypolicy/pkg-descr          |     3 -
 security/py-zope.session/Makefile                  |    30 -
 security/py-zope.session/distinfo                  |     2 -
 security/py-zope.session/pkg-descr                 |     3 -
 security/snort2pfcd/Makefile                       |     2 +-
 security/snort2pfcd/distinfo                       |     6 +-
 security/snort2pfcd/pkg-descr                      |     2 +-
 security/vuxml/vuln.xml                            |     6 +-
 shells/ksh93-devel/Makefile                        |    59 +-
 shells/ksh93-devel/distinfo                        |     6 +-
 .../ksh93-devel/files/extra-patch-install-as-ksh93 |    25 -
 .../files/extra-patch-install-as-ksh93-doc         |    10 -
 .../files/patch-scripts_builtin_documentation.sh   |    10 -
 .../files/patch-src_cmd_std_features_procfs        |    36 +
 .../ksh93-devel/files/patch-src_cmd_std_pss-kvm.c  |    12 +
 .../files/patch-src_lib_libast_features_common     |    38 +
 .../files/patch-src_lib_libast_features_mmap       |    36 +
 .../files/patch-src_lib_libast_features_standards  |    23 +
 .../files/patch-src_lib_libast_features_vmalloc    |    10 +
 .../files/patch-src_lib_libast_features_wchar      |    10 +
 .../files/patch-src_lib_libast_port_astcopy.c      |    17 +
 .../files/patch-src_lib_libast_sfio_sfhdr.h        |    12 +
 .../files/patch-src_lib_libast_sfio_sfseek.c       |    24 +
 .../files/patch-src_lib_libast_string_strexpr.c    |    87 +
 shells/ksh93-devel/pkg-plist                       |    66 +-
 shells/ksh93/Makefile                              |    59 +-
 shells/ksh93/distinfo                              |     6 +-
 shells/ksh93/files/extra-patch-install-as-ksh93    |    25 -
 .../files/patch-ksh-2020.0.0-cve-2019-14868.patch  |    78 -
 .../files/patch-scripts_builtin_documentation.sh   |    10 -
 .../ksh93/files/patch-src_cmd_std_features_procfs  |    36 +
 shells/ksh93/files/patch-src_cmd_std_pss-kvm.c     |    12 +
 .../files/patch-src_lib_libast_features_common     |    38 +
 .../ksh93/files/patch-src_lib_libast_features_mmap |    36 +
 .../files/patch-src_lib_libast_features_standards  |    23 +
 .../files/patch-src_lib_libast_features_vmalloc    |    10 +
 .../files/patch-src_lib_libast_features_wchar      |    10 +
 .../files/patch-src_lib_libast_port_astcopy.c      |    17 +
 .../ksh93/files/patch-src_lib_libast_sfio_sfhdr.h  |    12 +
 .../ksh93/files/patch-src_lib_libast_sfio_sfseek.c |    24 +
 .../files/patch-src_lib_libast_string_strexpr.c    |    87 +
 shells/ksh93/pkg-plist                             |     5 +-
 sysutils/Makefile                                  |     4 +-
 sysutils/bsdisks/Makefile                          |     8 +-
 sysutils/bsdisks/distinfo                          |     6 +-
 sysutils/bsdisks/files/patch-camcontrol.c          |    15 -
 sysutils/gnome-schedule/Makefile                   |    48 -
 sysutils/gnome-schedule/distinfo                   |     2 -
 sysutils/gnome-schedule/files/patch-Makefile.in    |    11 -
 sysutils/gnome-schedule/files/patch-configure      |    62 -
 sysutils/gnome-schedule/pkg-descr                  |     3 -
 sysutils/gnome-schedule/pkg-plist                  |   110 -
 sysutils/moosefs3-master/Makefile                  |     6 +-
 sysutils/moosefs3-master/distinfo                  |     6 +-
 sysutils/py-XenAPI/Makefile                        |    39 -
 sysutils/py-XenAPI/distinfo                        |     2 -
 sysutils/py-XenAPI/pkg-descr                       |     3 -
 sysutils/py-analyzemft/Makefile                    |     3 +
 sysutils/py-cdmi/Makefile                          |     3 +
 sysutils/py-ezjailremote/Makefile                  |     3 +
 sysutils/py-freenas.cli/Makefile                   |    31 -
 sysutils/py-freenas.cli/distinfo                   |     2 -
 sysutils/py-freenas.cli/pkg-descr                  |     3 -
 sysutils/py-gmailfs-fuse/Makefile                  |     3 +
 sysutils/py-halite/Makefile                        |     3 +
 sysutils/py-mqttwarn/Makefile                      |     3 +
 sysutils/py-ploy_ec2/Makefile                      |     3 +
 sysutils/py-ploy_fabric/Makefile                   |     3 +
 sysutils/py-scriptine/Makefile                     |     3 +
 sysutils/py-superlance/Makefile                    |     3 +
 sysutils/triton/Makefile                           |    27 +
 sysutils/triton/distinfo                           |     3 +
 sysutils/triton/files/patch-src_CMakeLists.txt     |    11 +
 .../files/patch-src_libtriton_CMakeLists.txt       |    42 +
 ...atch-src_libtriton_includes_triton_syscalls.hpp |    11 +
 .../files/patch-src_scripts_extract__syscall.py    |    11 +
 sysutils/triton/pkg-descr                          |     7 +
 sysutils/triton/pkg-plist                          |    67 +
 textproc/Makefile                                  |     3 -
 textproc/ecromedos/Makefile                        |    51 -
 textproc/ecromedos/distinfo                        |     2 -
 .../files/patch-lib_ecmds_configreader.py          |    24 -
 textproc/ecromedos/pkg-descr                       |    11 -
 textproc/ecromedos/pkg-plist                       |    82 -
 textproc/py-bugzillatools/Makefile                 |     3 +
 textproc/py-elib.intl/Makefile                     |     3 +
 textproc/py-errorhandler/Makefile                  |     3 +
 textproc/py-hyperestraier-python/Makefile          |     3 +
 textproc/py-pyes/Makefile                          |     3 +
 textproc/py-pyhwp/Makefile                         |     3 +
 textproc/py-sphinx_numfig/Makefile                 |     3 +
 textproc/py-wicked/Makefile                        |    26 -
 textproc/py-wicked/distinfo                        |     2 -
 textproc/py-wicked/pkg-descr                       |     4 -
 textproc/py-xlutils/Makefile                       |     3 +
 textproc/py-zope.app.i18n/Makefile                 |    32 -
 textproc/py-zope.app.i18n/distinfo                 |     2 -
 textproc/py-zope.app.i18n/pkg-descr                |     3 -
 www/Makefile                                       |     9 -
 www/halberd/Makefile                               |     3 +
 www/planet/Makefile                                |    32 -
 www/planet/distinfo                                |     2 -
 www/planet/files/pkg-message.in                    |    11 -
 www/planet/pkg-descr                               |    13 -
 www/planet/pkg-plist                               |    49 -
 www/py-HTMLgen/Makefile                            |     3 +
 www/py-albatross/Makefile                          |     3 +
 www/py-amf/Makefile                                |     3 +
 www/py-apachelog/Makefile                          |     3 +
 www/py-aws-requests-auth/Makefile                  |     3 +
 www/py-clientform/Makefile                         |     3 +
 www/py-django-appmedia/Makefile                    |     3 +
 www/py-django-evolution/Makefile                   |     3 +
 www/py-fedex/Makefile                              |     3 +
 www/py-flask-login/Makefile                        |     4 +-
 www/py-flask-login/distinfo                        |     6 +-
 www/py-flask-restplus/Makefile                     |    21 +-
 www/py-flask-restplus/distinfo                     |     6 +-
 www/py-formalchemy/Makefile                        |     3 +
 www/py-frappe-bench/Makefile                       |     3 +
 www/py-funkload/Makefile                           |     3 +
 www/py-goobook/Makefile                            |     3 +
 www/py-graphite-web/Makefile                       |     3 +
 www/py-html/Makefile                               |     3 +
 www/py-kallithea/Makefile                          |     3 +
 www/py-poster/Makefile                             |     3 +
 www/py-pyquery/Makefile                            |     3 +
 www/py-pysearch/Makefile                           |     3 +
 www/py-pywebdav/Makefile                           |     3 +
 www/py-scgi/Makefile                               |     3 +
 www/py-slimmer/Makefile                            |     3 +
 www/py-surl/Makefile                               |     3 +
 www/py-tmdb3/Makefile                              |     3 +
 www/py-trello/Makefile                             |     3 +
 www/py-uliweb/Makefile                             |     3 +
 www/py-webargs/Makefile                            |     2 +-
 www/py-webargs/distinfo                            |     6 +-
 www/py-wsgiauth/Makefile                           |     3 +
 www/py-zope.app.wsgi/Makefile                      |    43 -
 www/py-zope.app.wsgi/distinfo                      |     2 -
 www/py-zope.app.wsgi/pkg-descr                     |     3 -
 www/trac-attachmentpolicy/Makefile                 |    33 -
 www/trac-attachmentpolicy/distinfo                 |     2 -
 www/trac-attachmentpolicy/pkg-descr                |     7 -
 www/trac-bzr/Makefile                              |    32 -
 www/trac-bzr/distinfo                              |     2 -
 www/trac-bzr/pkg-descr                             |     4 -
 www/trac-bzr/pkg-message                           |    14 -
 www/trac-childtickets/Makefile                     |    32 -
 www/trac-childtickets/distinfo                     |     2 -
 www/trac-childtickets/files/pkg-message.in         |     8 -
 www/trac-childtickets/pkg-descr                    |    20 -
 www/trac-gantt/Makefile                            |    35 -
 www/trac-gantt/distinfo                            |     2 -
 www/trac-gantt/files/patch-setup.py                |    13 -
 www/trac-gantt/files/patch-tracgantt-gantt.py      |    49 -
 www/trac-gantt/pkg-descr                           |    16 -
 www/trac-gantt/pkg-message                         |    77 -
 www/trac-tracdragdrop/Makefile                     |    33 -
 www/trac-tracdragdrop/distinfo                     |     2 -
 www/trac-tracdragdrop/pkg-descr                    |    11 -
 www/trac-watchlist/Makefile                        |    33 -
 www/trac-watchlist/distinfo                        |     2 -
 .../files/patch-tracwatchlist_plugin.py            |    11 -
 .../files/patch-tracwatchlist_util.py              |    13 -
 www/trac-watchlist/pkg-descr                       |     6 -
 www/twill/Makefile                                 |    28 -
 www/twill/distinfo                                 |     2 -
 www/twill/pkg-descr                                |     6 -
 www/twill/pkg-plist                                |    47 -
 x11-drivers/xf86-video-s3virge/Makefile            |     4 +
 x11-drivers/xf86-video-savage/Makefile             |     6 +
 x11-drivers/xf86-video-savage/distinfo             |     4 +-
 x11-drivers/xf86-video-tseng/Makefile              |     7 +-
 x11-toolkits/Makefile                              |     1 -
 x11-toolkits/py-gnome2/Makefile                    |    47 -
 x11-toolkits/py-gnome2/distinfo                    |     2 -
 x11-toolkits/py-gnome2/files/patch-configure       |    11 -
 x11-toolkits/py-gnome2/pkg-descr                   |     8 -
 x11-toolkits/py-gnome2/pkg-plist                   |    88 -
 x11-toolkits/py-wax/Makefile                       |     3 +
 x11-wm/Makefile                                    |     1 -
 x11-wm/simple-ccsm/Makefile                        |    30 -
 x11-wm/simple-ccsm/distinfo                        |     2 -
 x11-wm/simple-ccsm/files/patch-simple-ccsm.in      |   176 -
 x11-wm/simple-ccsm/pkg-descr                       |     1 -
 x11-wm/simple-ccsm/pkg-plist                       |    53 -
 x11/Makefile                                       |     1 -
 x11/linux-nvidia-libs-340/Makefile                 |     2 +-
 x11/linux-nvidia-libs-390/Makefile                 |     2 +-
 x11/linux-nvidia-libs/Makefile                     |     2 +-
 x11/linux-nvidia-libs/distinfo                     |    20 +-
 x11/wbarconf/Makefile                              |    44 -
 x11/wbarconf/distinfo                              |     2 -
 x11/wbarconf/pkg-descr                             |     3 -
 x11/wbarconf/pkg-plist                             |    21 -
 976 files changed, 4064 insertions(+), 44792 deletions(-)
 delete mode 100644 audio/decibel-audio-player/Makefile
 delete mode 100644 audio/decibel-audio-player/distinfo
 delete mode 100644 audio/decibel-audio-player/files/patch-Makefile
 delete mode 100644 audio/decibel-audio-player/files/patch-src_modules_Covers.py
 delete mode 100644 audio/decibel-audio-player/pkg-descr
 delete mode 100644 audio/decibel-audio-player/pkg-plist
 delete mode 100644 audio/soundconverter/Makefile
 delete mode 100644 audio/soundconverter/distinfo
 delete mode 100644 audio/soundconverter/pkg-descr
 delete mode 100644 audio/soundconverter/pkg-plist
 delete mode 100644 cad/linuxcnc-devel/Makefile
 delete mode 100644 cad/linuxcnc-devel/distinfo
 delete mode 100644 cad/linuxcnc-devel/files/patch-scripts_hal-histogram
 delete mode 100644 cad/linuxcnc-devel/files/patch-scripts_latency-histogram
 delete mode 100644 cad/linuxcnc-devel/files/patch-scripts_latency-plot
 delete mode 100644 cad/linuxcnc-devel/files/patch-scripts_realtime.in
 delete mode 100644 cad/linuxcnc-devel/files/patch-scripts_sim__pin
 delete mode 100644 cad/linuxcnc-devel/files/patch-src_Makefile
 delete mode 100644 cad/linuxcnc-devel/files/patch-src_Makefile.inc.in
 delete mode 100644 cad/linuxcnc-devel/files/patch-src_configure.in
 delete mode 100644 cad/linuxcnc-devel/files/patch-src_emc_rs274ngc_rs274ngc_pre.cc
 delete mode 100644 cad/linuxcnc-devel/files/patch-src_hal_components_Submakefile
 delete mode 100644 cad/linuxcnc-devel/files/patch-src_hal_drivers_hal__gm.c
 delete mode 100644 cad/linuxcnc-devel/files/patch-src_hal_drivers_hal__parport.c
 delete mode 100644 cad/linuxcnc-devel/files/patch-src_hal_drivers_hal__ppmc.c
 delete mode 100644 cad/linuxcnc-devel/files/patch-src_hal_hal__lib.c
 delete mode 100644 cad/linuxcnc-devel/files/patch-src_hal_utils_halcompile.g
 delete mode 100644 cad/linuxcnc-devel/files/patch-src_libnml_buffer_recvn.c
 delete mode 100644 cad/linuxcnc-devel/files/patch-src_libnml_os_intf__sem.c
 delete mode 100644 cad/linuxcnc-devel/files/patch-src_po_git-merge-po
 delete mode 100644 cad/linuxcnc-devel/files/patch-src_rtapi_rtapi__io.h
 delete mode 100644 cad/linuxcnc-devel/files/patch-src_rtapi_rtapi__math.h
 delete mode 100644 cad/linuxcnc-devel/files/patch-src_rtapi_rtapi__parport.h
 delete mode 100644 cad/linuxcnc-devel/files/patch-src_rtapi_uspace__rtapi__parport.cc
 delete mode 100644 cad/linuxcnc-devel/files/patch-tcl_ngcgui.tcl
 delete mode 100644 cad/linuxcnc-devel/files/patch-tcl_tooledit.tcl
 delete mode 100644 cad/linuxcnc-devel/files/patch-tests_build_header-sanity_test.sh
 delete mode 100644 cad/linuxcnc-devel/files/patch-tests_build_ui_test.sh
 delete mode 100644 cad/linuxcnc-devel/files/patch-tests_lowlevel_mutex_test.sh
 delete mode 100644 cad/linuxcnc-devel/pkg-descr
 delete mode 100644 cad/linuxcnc-devel/pkg-plist
 create mode 100644 cad/spice/files/patch-src_bin_proc2mod.c
 delete mode 100644 cad/spice/files/patch-src_bin_procmod.c
 delete mode 100644 databases/monetdb/Makefile
 delete mode 100644 databases/monetdb/distinfo
 delete mode 100644 databases/monetdb/files/monetdbd.in
 delete mode 100644 databases/monetdb/files/patch-common-utils-mutils-c
 delete mode 100644 databases/monetdb/files/patch-configure
 delete mode 100644 databases/monetdb/files/patch-monetdb5-extras-jaql-parser-jaql.y
 delete mode 100644 databases/monetdb/files/patch-tools-merovingian-client-monetdb-c
 delete mode 100644 databases/monetdb/pkg-descr
 delete mode 100644 databases/monetdb/pkg-plist
 delete mode 100644 databases/py-cql/Makefile
 delete mode 100644 databases/py-cql/distinfo
 delete mode 100644 databases/py-cql/pkg-descr
 delete mode 100644 databases/py-cql/pkg-plist
 delete mode 100644 databases/zodb3/Makefile
 delete mode 100644 databases/zodb3/distinfo
 delete mode 100644 databases/zodb3/pkg-descr
 delete mode 100644 deskutils/gourmet/Makefile
 delete mode 100644 deskutils/gourmet/distinfo
 delete mode 100644 deskutils/gourmet/files/patch-pillow3
 delete mode 100644 deskutils/gourmet/pkg-descr
 delete mode 100644 devel/py-Products.PlacelessTranslationService/Makefile
 delete mode 100644 devel/py-Products.PlacelessTranslationService/distinfo
 delete mode 100644 devel/py-Products.PlacelessTranslationService/pkg-descr
 delete mode 100644 devel/py-Products.ZopeVersionControl/Makefile
 delete mode 100644 devel/py-Products.ZopeVersionControl/distinfo
 delete mode 100644 devel/py-Products.ZopeVersionControl/pkg-descr
 delete mode 100644 devel/py-Products.statusmessages/Makefile
 delete mode 100644 devel/py-Products.statusmessages/distinfo
 delete mode 100644 devel/py-Products.statusmessages/pkg-descr
 delete mode 100644 devel/py-collective.z3cform.datetimewidget/Makefile
 delete mode 100644 devel/py-collective.z3cform.datetimewidget/distinfo
 delete mode 100644 devel/py-collective.z3cform.datetimewidget/pkg-descr
 delete mode 100644 devel/py-five.formlib/Makefile
 delete mode 100644 devel/py-five.formlib/distinfo
 delete mode 100644 devel/py-five.formlib/pkg-descr
 delete mode 100644 devel/py-five.localsitemanager/Makefile
 delete mode 100644 devel/py-five.localsitemanager/distinfo
 delete mode 100644 devel/py-five.localsitemanager/pkg-descr
 delete mode 100644 devel/py-notifier/Makefile
 delete mode 100644 devel/py-notifier/distinfo
 delete mode 100644 devel/py-notifier/pkg-descr
 delete mode 100644 devel/py-notifier/pkg-plist
 delete mode 100644 devel/py-tempstorage/Makefile
 delete mode 100644 devel/py-tempstorage/distinfo
 delete mode 100644 devel/py-tempstorage/pkg-descr
 delete mode 100644 devel/py-testgears/Makefile
 delete mode 100644 devel/py-testgears/distinfo
 delete mode 100644 devel/py-testgears/pkg-descr
 delete mode 100644 devel/py-z3c.caching/Makefile
 delete mode 100644 devel/py-z3c.caching/distinfo
 delete mode 100644 devel/py-z3c.caching/pkg-descr
 delete mode 100644 devel/py-z3c.form/Makefile
 delete mode 100644 devel/py-z3c.form/distinfo
 delete mode 100644 devel/py-z3c.form/pkg-descr
 delete mode 100644 devel/py-z3c.formwidget.query/Makefile
 delete mode 100644 devel/py-z3c.formwidget.query/distinfo
 delete mode 100644 devel/py-z3c.formwidget.query/pkg-descr
 delete mode 100644 devel/py-zope.annotation/Makefile
 delete mode 100644 devel/py-zope.annotation/distinfo
 delete mode 100644 devel/py-zope.annotation/pkg-descr
 delete mode 100644 devel/py-zope.app.applicationcontrol/Makefile
 delete mode 100644 devel/py-zope.app.applicationcontrol/distinfo
 delete mode 100644 devel/py-zope.app.applicationcontrol/pkg-descr
 delete mode 100644 devel/py-zope.app.appsetup/Makefile
 delete mode 100644 devel/py-zope.app.appsetup/distinfo
 delete mode 100644 devel/py-zope.app.appsetup/pkg-descr
 delete mode 100644 devel/py-zope.app.broken/Makefile
 delete mode 100644 devel/py-zope.app.broken/distinfo
 delete mode 100644 devel/py-zope.app.broken/pkg-descr
 delete mode 100644 devel/py-zope.app.cache/Makefile
 delete mode 100644 devel/py-zope.app.cache/distinfo
 delete mode 100644 devel/py-zope.app.cache/pkg-descr
 delete mode 100644 devel/py-zope.app.component/Makefile
 delete mode 100644 devel/py-zope.app.component/distinfo
 delete mode 100644 devel/py-zope.app.component/pkg-descr
 delete mode 100644 devel/py-zope.app.container/Makefile
 delete mode 100644 devel/py-zope.app.container/distinfo
 delete mode 100644 devel/py-zope.app.container/pkg-descr
 delete mode 100644 devel/py-zope.app.content/Makefile
 delete mode 100644 devel/py-zope.app.content/distinfo
 delete mode 100644 devel/py-zope.app.content/pkg-descr
 delete mode 100644 devel/py-zope.app.debug/Makefile
 delete mode 100644 devel/py-zope.app.debug/distinfo
 delete mode 100644 devel/py-zope.app.debug/pkg-descr
 delete mode 100644 devel/py-zope.app.dependable/Makefile
 delete mode 100644 devel/py-zope.app.dependable/distinfo
 delete mode 100644 devel/py-zope.app.dependable/pkg-descr
 delete mode 100644 devel/py-zope.app.error/Makefile
 delete mode 100644 devel/py-zope.app.error/distinfo
 delete mode 100644 devel/py-zope.app.error/pkg-descr
 delete mode 100644 devel/py-zope.app.exception/Makefile
 delete mode 100644 devel/py-zope.app.exception/distinfo
 delete mode 100644 devel/py-zope.app.exception/pkg-descr
 delete mode 100644 devel/py-zope.app.file/Makefile
 delete mode 100644 devel/py-zope.app.file/distinfo
 delete mode 100644 devel/py-zope.app.file/pkg-descr
 delete mode 100644 devel/py-zope.app.folder/Makefile
 delete mode 100644 devel/py-zope.app.folder/distinfo
 delete mode 100644 devel/py-zope.app.folder/pkg-descr
 delete mode 100644 devel/py-zope.app.form/Makefile
 delete mode 100644 devel/py-zope.app.form/distinfo
 delete mode 100644 devel/py-zope.app.form/pkg-descr
 delete mode 100644 devel/py-zope.app.generations/Makefile
 delete mode 100644 devel/py-zope.app.generations/distinfo
 delete mode 100644 devel/py-zope.app.generations/pkg-descr
 delete mode 100644 devel/py-zope.app.http/Makefile
 delete mode 100644 devel/py-zope.app.http/distinfo
 delete mode 100644 devel/py-zope.app.http/pkg-descr
 delete mode 100644 devel/py-zope.app.pagetemplate/Makefile
 delete mode 100644 devel/py-zope.app.pagetemplate/distinfo
 delete mode 100644 devel/py-zope.app.pagetemplate/pkg-descr
 delete mode 100644 devel/py-zope.app.publication/Makefile
 delete mode 100644 devel/py-zope.app.publication/distinfo
 delete mode 100644 devel/py-zope.app.publication/pkg-descr
 delete mode 100644 devel/py-zope.app.publisher/Makefile
 delete mode 100644 devel/py-zope.app.publisher/distinfo
 delete mode 100644 devel/py-zope.app.publisher/pkg-descr
 delete mode 100644 devel/py-zope.app.rotterdam/Makefile
 delete mode 100644 devel/py-zope.app.rotterdam/distinfo
 delete mode 100644 devel/py-zope.app.rotterdam/pkg-descr
 delete mode 100644 devel/py-zope.app.testing/Makefile
 delete mode 100644 devel/py-zope.app.testing/distinfo
 delete mode 100644 devel/py-zope.app.testing/pkg-descr
 delete mode 100644 devel/py-zope.app.zcmlfiles/Makefile
 delete mode 100644 devel/py-zope.app.zcmlfiles/distinfo
 delete mode 100644 devel/py-zope.app.zcmlfiles/pkg-descr
 delete mode 100644 devel/py-zope.app.zopeappgenerations/Makefile
 delete mode 100644 devel/py-zope.app.zopeappgenerations/distinfo
 delete mode 100644 devel/py-zope.app.zopeappgenerations/pkg-descr
 delete mode 100644 devel/py-zope.applicationcontrol/Makefile
 delete mode 100644 devel/py-zope.applicationcontrol/distinfo
 delete mode 100644 devel/py-zope.applicationcontrol/pkg-descr
 delete mode 100644 devel/py-zope.browsermenu/Makefile
 delete mode 100644 devel/py-zope.browsermenu/distinfo
 delete mode 100644 devel/py-zope.browsermenu/pkg-descr
 delete mode 100644 devel/py-zope.browserpage/Makefile
 delete mode 100644 devel/py-zope.browserpage/distinfo
 delete mode 100644 devel/py-zope.browserpage/pkg-descr
 delete mode 100644 devel/py-zope.componentvocabulary/Makefile
 delete mode 100644 devel/py-zope.componentvocabulary/distinfo
 delete mode 100644 devel/py-zope.componentvocabulary/pkg-descr
 delete mode 100644 devel/py-zope.container/Makefile
 delete mode 100644 devel/py-zope.container/distinfo
 delete mode 100644 devel/py-zope.container/pkg-descr
 delete mode 100644 devel/py-zope.copypastemove/Makefile
 delete mode 100644 devel/py-zope.copypastemove/distinfo
 delete mode 100644 devel/py-zope.copypastemove/pkg-descr
 delete mode 100644 devel/py-zope.dublincore/Makefile
 delete mode 100644 devel/py-zope.dublincore/distinfo
 delete mode 100644 devel/py-zope.dublincore/pkg-descr
 delete mode 100644 devel/py-zope.error/Makefile
 delete mode 100644 devel/py-zope.error/distinfo
 delete mode 100644 devel/py-zope.error/pkg-descr
 delete mode 100644 devel/py-zope.formlib/Makefile
 delete mode 100644 devel/py-zope.formlib/distinfo
 delete mode 100644 devel/py-zope.formlib/pkg-descr
 delete mode 100644 devel/py-zope.minmax/Makefile
 delete mode 100644 devel/py-zope.minmax/distinfo
 delete mode 100644 devel/py-zope.minmax/pkg-descr
 delete mode 100644 devel/py-zope.pagetemplate/Makefile
 delete mode 100644 devel/py-zope.pagetemplate/distinfo
 delete mode 100644 devel/py-zope.pagetemplate/pkg-descr
 delete mode 100644 devel/py-zope.ptresource/Makefile
 delete mode 100644 devel/py-zope.ptresource/distinfo
 delete mode 100644 devel/py-zope.ptresource/pkg-descr
 delete mode 100644 devel/py-zope.ramcache/Makefile
 delete mode 100644 devel/py-zope.ramcache/distinfo
 delete mode 100644 devel/py-zope.ramcache/pkg-descr
 delete mode 100644 devel/py-zope.site/Makefile
 delete mode 100644 devel/py-zope.site/distinfo
 delete mode 100644 devel/py-zope.site/pkg-descr
 delete mode 100644 devel/py-zope.viewlet/Makefile
 delete mode 100644 devel/py-zope.viewlet/distinfo
 delete mode 100644 devel/py-zope.viewlet/pkg-descr
 delete mode 100644 games/gcompris/Makefile
 delete mode 100644 games/gcompris/distinfo
 delete mode 100644 games/gcompris/files/patch-configure
 delete mode 100644 games/gcompris/files/patch-src_gcompris_gcompris.c
 delete mode 100644 games/gcompris/pkg-descr
 delete mode 100644 games/gcompris/pkg-plist
 delete mode 100644 graphics/commons-utilities/Makefile
 delete mode 100644 graphics/commons-utilities/distinfo
 delete mode 100644 graphics/commons-utilities/pkg-descr
 delete mode 100644 graphics/py-chart/Makefile
 delete mode 100644 graphics/py-chart/distinfo
 delete mode 100644 graphics/py-chart/pkg-descr
 create mode 100644 graphics/qgis-ltr/files/patch-cmake_Txt2Tags.cmake
 create mode 100644 graphics/qgis-ltr/files/patch-doc_INSTALL.html
 create mode 100644 graphics/qgis-ltr/files/patch-doc_INSTALL.t2t
 create mode 100644 graphics/qgis-ltr/files/patch-doc_news.html
 create mode 100644 graphics/qgis-ltr/files/patch-doc_news.t2t
 create mode 100644 graphics/qgis-ltr/files/patch-scripts_release.pl
 create mode 100644 graphics/qgis-ltr/files/patch-scripts_update-news.pl
 create mode 100644 graphics/qgis/files/patch-cmake_Txt2Tags.cmake
 create mode 100644 graphics/qgis/files/patch-doc_INSTALL.html
 create mode 100644 graphics/qgis/files/patch-doc_INSTALL.t2t
 create mode 100644 graphics/qgis/files/patch-doc_news.html
 create mode 100644 graphics/qgis/files/patch-doc_news.t2t
 create mode 100644 graphics/qgis/files/patch-scripts_release.pl
 create mode 100644 graphics/qgis/files/patch-scripts_update-news.pl
 create mode 100644 irc/weechat/files/patch-cmake_FindRuby.cmake
 delete mode 100644 japanese/tegaki-recognize/Makefile
 delete mode 100644 japanese/tegaki-recognize/distinfo
 delete mode 100644 japanese/tegaki-recognize/files/patch-setup.py
 delete mode 100644 japanese/tegaki-recognize/pkg-descr
 delete mode 100644 japanese/tegaki-recognize/pkg-plist
 delete mode 100644 mail/py-zope.sendmail/Makefile
 delete mode 100644 mail/py-zope.sendmail/distinfo
 delete mode 100644 mail/py-zope.sendmail/pkg-descr
 delete mode 100644 mail/pysieved/Makefile
 delete mode 100644 mail/pysieved/distinfo
 delete mode 100644 mail/pysieved/files/pysieved.in
 delete mode 100644 mail/pysieved/pkg-descr
 delete mode 100644 mail/pysieved/pkg-plist
 delete mode 100644 math/metis4/Makefile
 delete mode 100644 math/metis4/distinfo
 delete mode 100644 math/metis4/files/patch-Makefile.in
 delete mode 100644 math/metis4/pkg-descr
 delete mode 100644 math/metis4/pkg-plist
 delete mode 100644 math/ogdf/Makefile
 delete mode 100644 math/ogdf/distinfo
 delete mode 100644 math/ogdf/files/patch-include_coin_CglLandPUtils.hpp
 delete mode 100644 math/ogdf/files/patch-include_ogdf_basic_System.h
 delete mode 100644 math/ogdf/files/patch-include_ogdf_internal_basic_config.h
 delete mode 100644 math/ogdf/files/patch-makeMakefile.config
 delete mode 100644 math/ogdf/files/patch-makeMakefile.py
 delete mode 100644 math/ogdf/files/patch-src_coin_Clp_ClpModel.cpp
 delete mode 100644 math/ogdf/files/patch-src_coin_OsiClp_OsiClpSolverInterface.cpp
 delete mode 100644 math/ogdf/files/patch-src_ogdf_basic_System.cpp
 delete mode 100644 math/ogdf/files/patch-test_gtest_gtest.h
 delete mode 100644 math/ogdf/pkg-descr
 delete mode 100644 math/ogdf/pkg-plist
 delete mode 100644 math/py-viper/Makefile
 delete mode 100644 math/py-viper/distinfo
 delete mode 100644 math/py-viper/pkg-descr
 create mode 100644 misc/biblesync/Makefile
 create mode 100644 misc/biblesync/distinfo
 create mode 100644 misc/biblesync/pkg-descr
 create mode 100644 misc/biblesync/pkg-plist
 create mode 100644 misc/dynomite/Makefile
 create mode 100644 misc/dynomite/distinfo
 create mode 100644 misc/dynomite/files/patch-configure.ac
 create mode 100644 misc/dynomite/files/patch-src_Makefile.am
 create mode 100644 misc/dynomite/files/patch-src_seedsprovider_dyn__dns.c
 create mode 100644 misc/dynomite/pkg-descr
 delete mode 100644 misc/fbless/Makefile
 delete mode 100644 misc/fbless/distinfo
 delete mode 100644 misc/fbless/pkg-descr
 delete mode 100644 misc/fbless/pkg-plist
 delete mode 100644 misc/pylize/Makefile
 delete mode 100644 misc/pylize/distinfo
 delete mode 100644 misc/pylize/files/patch-pylize.in
 delete mode 100644 misc/pylize/pkg-descr
 create mode 100644 multimedia/avidemux-qt5/Makefile
 create mode 100644 multimedia/avidemux-qt5/pkg-plist
 delete mode 100644 multimedia/avidemux/files/avidemux2.desktop.in
 delete mode 100644 multimedia/avidemux/files/patch-avidemux__core_ADM__coreVideoCodec_include_ADM__ffmp43.h
 create mode 100644 multimedia/avidemux/files/patch-avidemux__core_ADM__core_src_ADM__crashdump__unix.cpp
 create mode 100644 multimedia/avidemux/files/patch-avidemux__core_ADM__core_src_ADM__folder__linux.cpp
 delete mode 100644 multimedia/avidemux/files/patch-avidemux__core_ffmpeg__package_patches_config.mak.diff
 delete mode 100644 multimedia/avidemux/files/patch-avidemux__plugins_ADM__demuxers_MpegTS_dmxTSPacket.cpp
 delete mode 100644 multimedia/avidemux/files/patch-avidemux__plugins_ADM__muxers_muxerMp4v2_libmp4v2_src_rtphint.cpp
 delete mode 100644 multimedia/avidemux/files/patch-avidemux__plugins_ADM__videoEncoder_ffDv_ADM__ffDv.cpp
 delete mode 100644 multimedia/avidemux/files/patch-avidemux__plugins_ADM__videoEncoder_ffFlv1_ADM__ffFlv1.h
 delete mode 100644 multimedia/avidemux/files/patch-avidemux__plugins_ADM__videoEncoder_ffMpeg2_ADM__ffMpeg2.h
 delete mode 100644 multimedia/avidemux/files/patch-avidemux__plugins_ADM__videoEncoder_ffMpeg4_ADM__ffMpeg4.h
 delete mode 100644 multimedia/avidemux/files/patch-avidemux__plugins_ADM__videoEncoder_x264_ADM__x264.cpp
 delete mode 100644 multimedia/avidemux/files/patch-avidemux__plugins_ADM__videoEncoder_x264_ADM__x264.h
 delete mode 100644 multimedia/avidemux/files/patch-avidemux__plugins_ADM__videoEncoder_x264_qt4_Q__x264.cpp
 delete mode 100644 multimedia/avidemux/files/patch-avidemux__plugins_ADM__videoEncoder_x265_ADM__x265.cpp
 delete mode 100644 multimedia/avidemux/files/patch-avidemux__plugins_ADM__videoEncoder_x265_ADM__x265.h
 delete mode 100644 multimedia/avidemux/files/patch-avidemux__plugins_ADM__videoEncoder_x265_qt4_Q__x265.cpp
 delete mode 100644 multimedia/avidemux/files/patch-avidemux__plugins_ADM__videoEncoder_xvid4_ADM__xvid4.cpp
 delete mode 100644 multimedia/avidemux/files/patch-avidemux__plugins_ADM__videoFilters6_telecide_Telecide__getFrame.cpp
 delete mode 100644 multimedia/avidemux/files/patch-avidemux_qt4_ADM__jobs_src_ADM__jobControl.cpp
 create mode 100644 multimedia/avidemux/files/patch-cmake_admCheckAudioDeviceLibs.cmake
 delete mode 100644 multimedia/avidemux/files/patch-cmake_admCheckX265.cmake
 delete mode 100644 multimedia/cinelerra-gg/Makefile
 delete mode 100644 multimedia/cinelerra-gg/distinfo
 delete mode 100644 multimedia/cinelerra-gg/files/patch-cinelerra-5.1_guicast_Makefile
 delete mode 100644 multimedia/cinelerra-gg/pkg-descr
 delete mode 100644 multimedia/cinelerra-gg/pkg-plist
 delete mode 100644 net/py-ldaptor/Makefile
 delete mode 100644 net/py-ldaptor/distinfo
 delete mode 100644 net/py-ldaptor/files/patch-setup.py
 delete mode 100644 net/py-ldaptor/pkg-descr
 delete mode 100644 net/tucan/Makefile
 delete mode 100644 net/tucan/distinfo
 delete mode 100644 net/tucan/files/patch-core__dependencies.py
 delete mode 100644 net/tucan/files/patch-core__tesseract.py
 delete mode 100644 net/tucan/files/patch-core_config.py
 delete mode 100644 net/tucan/pkg-descr
 delete mode 100644 net/tucan/pkg-plist
 create mode 100644 net/tunneller/Makefile
 create mode 100644 net/tunneller/distinfo
 create mode 100644 net/tunneller/pkg-descr
 delete mode 100644 news/hellanzb/Makefile
 delete mode 100644 news/hellanzb/distinfo
 delete mode 100644 news/hellanzb/files/patch-Hellanzb-HellaXMLRPC_HtPasswdAuth.py
 delete mode 100644 news/hellanzb/files/patch-Hellanzb-HellaXMLRPC_xmlrpc.py
 delete mode 100644 news/hellanzb/files/patch-Hellanzb_HellaReactor.py
 delete mode 100644 news/hellanzb/files/patch-nodocs-setup.py
 delete mode 100644 news/hellanzb/pkg-descr
 delete mode 100644 news/hellanzb/pkg-plist
 delete mode 100644 science/coot/Makefile
 delete mode 100644 science/coot/distinfo
 delete mode 100644 science/coot/files/patch-src_cc-interface-image.hh
 delete mode 100644 science/coot/files/patch-src_rama__plot.cc
 delete mode 100644 science/coot/pkg-descr
 delete mode 100644 science/coot/pkg-plist
 delete mode 100644 science/py-ScientificPython/Makefile
 delete mode 100644 science/py-ScientificPython/distinfo
 delete mode 100644 science/py-ScientificPython/pkg-descr
 create mode 100644 security/gsasl/files/patch-Makefile.in
 create mode 100644 security/gsasl/files/patch-doc-Makefile.in
 create mode 100644 security/gsasl/files/patch-examples-Makefile.in
 create mode 100644 security/gsasl/files/patch-examples-openid20-Makefile.in
 create mode 100644 security/gsasl/files/patch-examples-saml20-Makefile.in
 create mode 100644 security/gsasl/files/patch-src-Makefile.in
 create mode 100644 security/heimdal/files/patch-cf-make-proto.pl
 create mode 100644 security/heimdal/files/patch-lib-hdb-hdb-mitdb.c
 create mode 100644 security/libgsasl/Makefile
 create mode 100644 security/libgsasl/distinfo
 create mode 100644 security/libgsasl/files/patch-Makefile.in
 create mode 100644 security/libgsasl/files/patch-configure
 create mode 100644 security/libgsasl/files/patch-doc-Makefile.in
 create mode 100644 security/libgsasl/pkg-descr
 create mode 100644 security/libgsasl/pkg-plist
 create mode 100644 security/nflib/files/patch-CMakeLists.txt
 delete mode 100644 security/py-cryptlib_py/Makefile
 delete mode 100644 security/py-cryptlib_py/distinfo
 delete mode 100644 security/py-cryptlib_py/pkg-descr
 delete mode 100644 security/py-zope.app.authentication/Makefile
 delete mode 100644 security/py-zope.app.authentication/distinfo
 delete mode 100644 security/py-zope.app.authentication/pkg-descr
 delete mode 100644 security/py-zope.app.localpermission/Makefile
 delete mode 100644 security/py-zope.app.localpermission/distinfo
 delete mode 100644 security/py-zope.app.localpermission/pkg-descr
 delete mode 100644 security/py-zope.app.principalannotation/Makefile
 delete mode 100644 security/py-zope.app.principalannotation/distinfo
 delete mode 100644 security/py-zope.app.principalannotation/pkg-descr
 delete mode 100644 security/py-zope.app.security/Makefile
 delete mode 100644 security/py-zope.app.security/distinfo
 delete mode 100644 security/py-zope.app.security/pkg-descr
 delete mode 100644 security/py-zope.app.securitypolicy/Makefile
 delete mode 100644 security/py-zope.app.securitypolicy/distinfo
 delete mode 100644 security/py-zope.app.securitypolicy/pkg-descr
 delete mode 100644 security/py-zope.authentication/Makefile
 delete mode 100644 security/py-zope.authentication/distinfo
 delete mode 100644 security/py-zope.authentication/pkg-descr
 delete mode 100644 security/py-zope.login/Makefile
 delete mode 100644 security/py-zope.login/distinfo
 delete mode 100644 security/py-zope.login/pkg-descr
 delete mode 100644 security/py-zope.pluggableauth/Makefile
 delete mode 100644 security/py-zope.pluggableauth/distinfo
 delete mode 100644 security/py-zope.pluggableauth/pkg-descr
 delete mode 100644 security/py-zope.principalannotation/Makefile
 delete mode 100644 security/py-zope.principalannotation/distinfo
 delete mode 100644 security/py-zope.principalannotation/pkg-descr
 delete mode 100644 security/py-zope.principalregistry/Makefile
 delete mode 100644 security/py-zope.principalregistry/distinfo
 delete mode 100644 security/py-zope.principalregistry/pkg-descr
 delete mode 100644 security/py-zope.security/Makefile
 delete mode 100644 security/py-zope.security/distinfo
 delete mode 100644 security/py-zope.security/pkg-descr
 delete mode 100644 security/py-zope.securitypolicy/Makefile
 delete mode 100644 security/py-zope.securitypolicy/distinfo
 delete mode 100644 security/py-zope.securitypolicy/pkg-descr
 delete mode 100644 security/py-zope.session/Makefile
 delete mode 100644 security/py-zope.session/distinfo
 delete mode 100644 security/py-zope.session/pkg-descr
 delete mode 100644 shells/ksh93-devel/files/extra-patch-install-as-ksh93
 delete mode 100644 shells/ksh93-devel/files/extra-patch-install-as-ksh93-doc
 delete mode 100644 shells/ksh93-devel/files/patch-scripts_builtin_documentation.sh
 create mode 100644 shells/ksh93-devel/files/patch-src_cmd_std_features_procfs
 create mode 100644 shells/ksh93-devel/files/patch-src_cmd_std_pss-kvm.c
 create mode 100644 shells/ksh93-devel/files/patch-src_lib_libast_features_common
 create mode 100644 shells/ksh93-devel/files/patch-src_lib_libast_features_mmap
 create mode 100644 shells/ksh93-devel/files/patch-src_lib_libast_features_standards
 create mode 100644 shells/ksh93-devel/files/patch-src_lib_libast_features_vmalloc
 create mode 100644 shells/ksh93-devel/files/patch-src_lib_libast_features_wchar
 create mode 100644 shells/ksh93-devel/files/patch-src_lib_libast_port_astcopy.c
 create mode 100644 shells/ksh93-devel/files/patch-src_lib_libast_sfio_sfhdr.h
 create mode 100644 shells/ksh93-devel/files/patch-src_lib_libast_sfio_sfseek.c
 create mode 100644 shells/ksh93-devel/files/patch-src_lib_libast_string_strexpr.c
 delete mode 100644 shells/ksh93/files/extra-patch-install-as-ksh93
 delete mode 100644 shells/ksh93/files/patch-ksh-2020.0.0-cve-2019-14868.patch
 delete mode 100644 shells/ksh93/files/patch-scripts_builtin_documentation.sh
 create mode 100644 shells/ksh93/files/patch-src_cmd_std_features_procfs
 create mode 100644 shells/ksh93/files/patch-src_cmd_std_pss-kvm.c
 create mode 100644 shells/ksh93/files/patch-src_lib_libast_features_common
 create mode 100644 shells/ksh93/files/patch-src_lib_libast_features_mmap
 create mode 100644 shells/ksh93/files/patch-src_lib_libast_features_standards
 create mode 100644 shells/ksh93/files/patch-src_lib_libast_features_vmalloc
 create mode 100644 shells/ksh93/files/patch-src_lib_libast_features_wchar
 create mode 100644 shells/ksh93/files/patch-src_lib_libast_port_astcopy.c
 create mode 100644 shells/ksh93/files/patch-src_lib_libast_sfio_sfhdr.h
 create mode 100644 shells/ksh93/files/patch-src_lib_libast_sfio_sfseek.c
 create mode 100644 shells/ksh93/files/patch-src_lib_libast_string_strexpr.c
 delete mode 100644 sysutils/bsdisks/files/patch-camcontrol.c
 delete mode 100644 sysutils/gnome-schedule/Makefile
 delete mode 100644 sysutils/gnome-schedule/distinfo
 delete mode 100644 sysutils/gnome-schedule/files/patch-Makefile.in
 delete mode 100644 sysutils/gnome-schedule/files/patch-configure
 delete mode 100644 sysutils/gnome-schedule/pkg-descr
 delete mode 100644 sysutils/gnome-schedule/pkg-plist
 delete mode 100644 sysutils/py-XenAPI/Makefile
 delete mode 100644 sysutils/py-XenAPI/distinfo
 delete mode 100644 sysutils/py-XenAPI/pkg-descr
 delete mode 100644 sysutils/py-freenas.cli/Makefile
 delete mode 100644 sysutils/py-freenas.cli/distinfo
 delete mode 100644 sysutils/py-freenas.cli/pkg-descr
 create mode 100644 sysutils/triton/Makefile
 create mode 100644 sysutils/triton/distinfo
 create mode 100644 sysutils/triton/files/patch-src_CMakeLists.txt
 create mode 100644 sysutils/triton/files/patch-src_libtriton_CMakeLists.txt
 create mode 100644 sysutils/triton/files/patch-src_libtriton_includes_triton_syscalls.hpp
 create mode 100644 sysutils/triton/files/patch-src_scripts_extract__syscall.py
 create mode 100644 sysutils/triton/pkg-descr
 create mode 100644 sysutils/triton/pkg-plist
 delete mode 100644 textproc/ecromedos/Makefile
 delete mode 100644 textproc/ecromedos/distinfo
 delete mode 100644 textproc/ecromedos/files/patch-lib_ecmds_configreader.py
 delete mode 100644 textproc/ecromedos/pkg-descr
 delete mode 100644 textproc/ecromedos/pkg-plist
 delete mode 100644 textproc/py-wicked/Makefile
 delete mode 100644 textproc/py-wicked/distinfo
 delete mode 100644 textproc/py-wicked/pkg-descr
 delete mode 100644 textproc/py-zope.app.i18n/Makefile
 delete mode 100644 textproc/py-zope.app.i18n/distinfo
 delete mode 100644 textproc/py-zope.app.i18n/pkg-descr
 delete mode 100644 www/planet/Makefile
 delete mode 100644 www/planet/distinfo
 delete mode 100644 www/planet/files/pkg-message.in
 delete mode 100644 www/planet/pkg-descr
 delete mode 100644 www/planet/pkg-plist
 delete mode 100644 www/py-zope.app.wsgi/Makefile
 delete mode 100644 www/py-zope.app.wsgi/distinfo
 delete mode 100644 www/py-zope.app.wsgi/pkg-descr
 delete mode 100644 www/trac-attachmentpolicy/Makefile
 delete mode 100644 www/trac-attachmentpolicy/distinfo
 delete mode 100644 www/trac-attachmentpolicy/pkg-descr
 delete mode 100644 www/trac-bzr/Makefile
 delete mode 100644 www/trac-bzr/distinfo
 delete mode 100644 www/trac-bzr/pkg-descr
 delete mode 100644 www/trac-bzr/pkg-message
 delete mode 100644 www/trac-childtickets/Makefile
 delete mode 100644 www/trac-childtickets/distinfo
 delete mode 100644 www/trac-childtickets/files/pkg-message.in
 delete mode 100644 www/trac-childtickets/pkg-descr
 delete mode 100644 www/trac-gantt/Makefile
 delete mode 100644 www/trac-gantt/distinfo
 delete mode 100644 www/trac-gantt/files/patch-setup.py
 delete mode 100644 www/trac-gantt/files/patch-tracgantt-gantt.py
 delete mode 100644 www/trac-gantt/pkg-descr
 delete mode 100644 www/trac-gantt/pkg-message
 delete mode 100644 www/trac-tracdragdrop/Makefile
 delete mode 100644 www/trac-tracdragdrop/distinfo
 delete mode 100644 www/trac-tracdragdrop/pkg-descr
 delete mode 100644 www/trac-watchlist/Makefile
 delete mode 100644 www/trac-watchlist/distinfo
 delete mode 100644 www/trac-watchlist/files/patch-tracwatchlist_plugin.py
 delete mode 100644 www/trac-watchlist/files/patch-tracwatchlist_util.py
 delete mode 100644 www/trac-watchlist/pkg-descr
 delete mode 100644 www/twill/Makefile
 delete mode 100644 www/twill/distinfo
 delete mode 100644 www/twill/pkg-descr
 delete mode 100644 www/twill/pkg-plist
 delete mode 100644 x11-toolkits/py-gnome2/Makefile
 delete mode 100644 x11-toolkits/py-gnome2/distinfo
 delete mode 100644 x11-toolkits/py-gnome2/files/patch-configure
 delete mode 100644 x11-toolkits/py-gnome2/pkg-descr
 delete mode 100644 x11-toolkits/py-gnome2/pkg-plist
 delete mode 100644 x11-wm/simple-ccsm/Makefile
 delete mode 100644 x11-wm/simple-ccsm/distinfo
 delete mode 100644 x11-wm/simple-ccsm/files/patch-simple-ccsm.in
 delete mode 100644 x11-wm/simple-ccsm/pkg-descr
 delete mode 100644 x11-wm/simple-ccsm/pkg-plist
 delete mode 100644 x11/wbarconf/Makefile
 delete mode 100644 x11/wbarconf/distinfo
 delete mode 100644 x11/wbarconf/pkg-descr
 delete mode 100644 x11/wbarconf/pkg-plist
==== merge branches ====
==== merge github/master branch ====
Already up to date.
=============================
HardenedBSD Master git Server
=============================

Please note that connections and activity to this server are logged.
This server, git-01.md.hardenedbsd.org, acts as the source-of-truth
server for the HardenedBSD repositories.

Banner last updated: 10 Feb 2020 09:32 EST

Everything up-to-date
==== END: master ====
==== BEGIN: master ====
current branch: master
mergeable branch: freebsd/master
==== change branch ====
Already on 'master'
Your branch is up to date with 'origin/master'.
==== show current branch ====
* master
==== check for stale changes ====
==== update to latest origin ====
=============================
HardenedBSD Master git Server
=============================

Please note that connections and activity to this server are logged.
This server, git-01.md.hardenedbsd.org, acts as the source-of-truth
server for the HardenedBSD repositories.

Banner last updated: 10 Feb 2020 09:32 EST

Already up to date.
==== merge branches ====
==== merge freebsd/master branch ====
Auto-merging irc/kvirc/Makefile
Merge made by the 'recursive' strategy.
 databases/kdb/Makefile | 4 ++--
 irc/kvirc/Makefile     | 6 +++---
 irc/kvirc/distinfo     | 6 +++---
 irc/kvirc/pkg-plist    | 4 ++--
 math/kig/Makefile      | 3 ++-
 misc/vxl/Makefile      | 2 ++
 6 files changed, 14 insertions(+), 11 deletions(-)
=============================
HardenedBSD Master git Server
=============================

Please note that connections and activity to this server are logged.
This server, git-01.md.hardenedbsd.org, acts as the source-of-truth
server for the HardenedBSD repositories.

Banner last updated: 10 Feb 2020 09:32 EST

remote: To github.com:HardenedBSD/hardenedbsd-ports.git        
remote:    66a169b964d8..93915f5e3786  master -> master        
remote:    df3226168e1e..66a169b964d8  github/master -> github/master        
To git-01.md.hardenedbsd.org:HardenedBSD/hardenedbsd-ports.git
   66a169b964d8..93915f5e3786  master -> master
==== END: master ====
