==== BEGIN: master ====
current branch: master
mergeable branch: github/master
==== change branch ====
Already on 'master'
Your branch is up to date with 'origin/master'.
==== show current branch ====
* master
==== check for stale changes ====
==== update to latest origin ====
warning: Pulling without specifying how to reconcile divergent branches is
discouraged. You can squelch this message by running one of the following
commands sometime before your next pull:

  git config pull.rebase false  # merge (the default strategy)
  git config pull.rebase true   # rebase
  git config pull.ff only       # fast-forward only

You can replace "git config" with "git config --global" to set a default
preference for all repositories. You can also pass --rebase, --no-rebase,
or --ff-only on the command line to override the configured default per
invocation.

=============================
HardenedBSD Master git Server
=============================

Please note that connections and activity to this server are logged.
This server, git-01.md.hardenedbsd.org, acts as the source-of-truth
server for the HardenedBSD repositories.

Banner last updated: 10 Feb 2020 09:32 EST

Already up to date.
==== merge branches ====
==== merge github/master branch ====
Already up to date.
=============================
HardenedBSD Master git Server
=============================

Please note that connections and activity to this server are logged.
This server, git-01.md.hardenedbsd.org, acts as the source-of-truth
server for the HardenedBSD repositories.

Banner last updated: 10 Feb 2020 09:32 EST

Everything up-to-date
==== END: master ====
==== BEGIN: master ====
current branch: master
mergeable branch: freebsd/master
==== change branch ====
Already on 'master'
Your branch is up to date with 'origin/master'.
==== show current branch ====
* master
==== check for stale changes ====
==== update to latest origin ====
warning: Pulling without specifying how to reconcile divergent branches is
discouraged. You can squelch this message by running one of the following
commands sometime before your next pull:

  git config pull.rebase false  # merge (the default strategy)
  git config pull.rebase true   # rebase
  git config pull.ff only       # fast-forward only

You can replace "git config" with "git config --global" to set a default
preference for all repositories. You can also pass --rebase, --no-rebase,
or --ff-only on the command line to override the configured default per
invocation.

=============================
HardenedBSD Master git Server
=============================

Please note that connections and activity to this server are logged.
This server, git-01.md.hardenedbsd.org, acts as the source-of-truth
server for the HardenedBSD repositories.

Banner last updated: 10 Feb 2020 09:32 EST

Already up to date.
==== merge branches ====
==== merge freebsd/master branch ====
Removing print/cups/files/patch-scheduler_client.c
Removing print/cups/files/patch-cups-config.in
Merge made by the 'recursive' strategy.
 MOVED                                              |   1 -
 devel/py-datadog/Makefile                          |   5 +-
 devel/py-datadog/distinfo                          |   6 +-
 devel/py-glance-store/Makefile                     |   9 +-
 devel/py-glance-store/distinfo                     |   6 +-
 devel/py-hypothesis/Makefile                       |   2 +-
 devel/py-hypothesis/distinfo                       |   6 +-
 devel/py-jupyterlab/Makefile                       |   2 +-
 devel/py-jupyterlab/distinfo                       |   6 +-
 devel/py-keystoneauth1/Makefile                    |   2 +-
 devel/py-keystoneauth1/distinfo                    |   6 +-
 devel/py-os-vif/Makefile                           |   3 +-
 devel/py-os-vif/distinfo                           |   6 +-
 devel/py-oslo.limit/Makefile                       |   2 +-
 devel/py-oslo.limit/distinfo                       |   6 +-
 devel/py-oslo.privsep/Makefile                     |   2 +-
 devel/py-oslo.privsep/distinfo                     |   6 +-
 devel/py-pycadf/Makefile                           |   2 +-
 devel/py-pycadf/distinfo                           |   6 +-
 devel/py-tooz/Makefile                             |   2 +-
 devel/py-tooz/distinfo                             |   6 +-
 devel/rubygem-aws-partitions/Makefile              |   2 +-
 devel/rubygem-aws-partitions/distinfo              |   6 +-
 devel/rubygem-aws-sdk-core2/Makefile               |   2 +-
 devel/rubygem-aws-sdk-core2/distinfo               |   6 +-
 devel/rubygem-aws-sdk-ec2/Makefile                 |   2 +-
 devel/rubygem-aws-sdk-ec2/distinfo                 |   6 +-
 devel/rubygem-aws-sdk-emr/Makefile                 |   2 +-
 devel/rubygem-aws-sdk-emr/distinfo                 |   6 +-
 devel/rubygem-aws-sdk-rds/Makefile                 |   2 +-
 devel/rubygem-aws-sdk-rds/distinfo                 |   6 +-
 devel/rubygem-aws-sdk-rekognition/Makefile         |   2 +-
 devel/rubygem-aws-sdk-rekognition/distinfo         |   6 +-
 devel/rubygem-aws-sdk-resources2/Makefile          |   2 +-
 devel/rubygem-aws-sdk-resources2/distinfo          |   6 +-
 devel/rubygem-aws-sdk-s3/Makefile                  |   2 +-
 devel/rubygem-aws-sdk-s3/distinfo                  |   6 +-
 devel/rubygem-aws-sdk-sqs/Makefile                 |   2 +-
 devel/rubygem-aws-sdk-sqs/distinfo                 |   6 +-
 devel/rubygem-aws-sdk2/Makefile                    |   2 +-
 devel/rubygem-aws-sdk2/distinfo                    |   6 +-
 devel/rubygem-dry-configurable/Makefile            |   2 +-
 devel/rubygem-dry-configurable/distinfo            |   6 +-
 devel/rubygem-github_api/Makefile                  |   5 +-
 devel/rubygem-github_api/distinfo                  |   6 +-
 .../qmc2/files/patch-qmc2_softwareimagewidget.cpp  |  10 +
 graphics/Makefile                                  |   1 +
 graphics/kimageannotator/Makefile                  |   8 +-
 graphics/kimageannotator/distinfo                  |   8 +-
 .../kimageannotator/files/patch-CMakeLists.txt     |  35 +-
 graphics/kimageannotator/pkg-descr                 |   2 +-
 graphics/kimageannotator/pkg-plist                 |  24 +-
 graphics/ksnip/Makefile                            |  26 +
 graphics/ksnip/distinfo                            |   3 +
 graphics/ksnip/files/patch-CMakeLists.txt          |  19 +
 graphics/ksnip/files/patch-src_CMakeLists.txt      |  22 +
 ...atch-src_backend_config_KsnipConfigProvider.cpp |  11 +
 .../patch-src_backend_config_KsnipConfigProvider.h |  11 +
 ...rc_backend_imageGrabber_ImageGrabberFactory.cpp |  11 +
 ...-src_backend_imageGrabber_ImageGrabberFactory.h |  11 +
 .../patch-src_common_helper_FileUrlHelper.cpp      |  11 +
 ...tch-src_gui_globalHotKeys_KeyHandlerFactory.cpp |  18 +
 ...patch-src_gui_globalHotKeys_KeyHandlerFactory.h |  11 +
 graphics/ksnip/pkg-descr                           |   4 +
 graphics/ksnip/pkg-plist                           |  28 +
 math/Makefile                                      |   1 +
 math/coinmp/Makefile                               |   1 -
 math/ogdf/Makefile                                 |  32 +
 math/ogdf/distinfo                                 |   3 +
 math/ogdf/files/patch-cmake_doc.cmake              |  19 +
 math/ogdf/files/patch-include_ogdf_basic_System.h  |  20 +
 .../patch-include_ogdf_basic_internal_config.h     |  14 +
 math/ogdf/files/patch-src_coin_Clp_ClpModel.cpp    |  15 +
 ...patch-src_coin_OsiClp_OsiClpSolverInterface.cpp |  15 +
 math/ogdf/files/patch-src_ogdf_basic_System.cpp    |  77 +++
 math/ogdf/pkg-descr                                |  13 +
 math/ogdf/pkg-plist                                | 760 +++++++++++++++++++++
 math/p5-Math-Prime-Util-GMP/Makefile               |   2 +-
 math/p5-Math-Prime-Util-GMP/distinfo               |   6 +-
 math/py-arviz/Makefile                             |   2 +-
 math/py-arviz/distinfo                             |   6 +-
 multimedia/gmmlib/Makefile                         |   2 +-
 multimedia/gmmlib/distinfo                         |   6 +-
 multimedia/gmmlib/pkg-plist                        |   2 +
 net-im/ktp-accounts-kcm/Makefile                   |   3 +-
 net-mgmt/blackbox_exporter/Makefile                |   3 +-
 net-mgmt/blackbox_exporter/distinfo                |   6 +-
 net/grpcui/Makefile                                |  28 +-
 net/grpcui/distinfo                                |  56 +-
 net/gssdp/Makefile                                 |   2 +-
 net/gssdp/distinfo                                 |   6 +-
 net/intel-ixl-kmod/Makefile                        |   4 +-
 net/intel-ixl-kmod/distinfo                        |   6 +-
 net/py-python-heatclient/Makefile                  |   2 +-
 net/py-python-heatclient/distinfo                  |   6 +-
 net/py-python-keystoneclient/Makefile              |   2 +-
 net/py-python-keystoneclient/distinfo              |   6 +-
 net/py-python-novaclient/Makefile                  |   5 +-
 net/py-python-novaclient/distinfo                  |   6 +-
 net/usockets/Makefile                              |   2 +-
 net/usockets/distinfo                              |   6 +-
 print/cups/Makefile                                |  11 +-
 print/cups/distinfo                                |   6 +-
 print/cups/files/patch-backend_socket.c            |  12 +-
 print/cups/files/patch-configure                   |  10 +-
 print/cups/files/patch-cups-config.in              |  11 -
 print/cups/files/patch-cups-getifaddrs-internal.h  |  10 +
 print/cups/files/patch-ppdc_ppdc-source.cxx        |  11 +
 print/cups/files/patch-scheduler_client.c          |  13 -
 print/cups/pkg-plist                               | 104 +--
 security/vuxml/vuln.xml                            |  42 +-
 sysutils/acltool/Makefile                          |  52 +-
 sysutils/acltool/distinfo                          |   6 +-
 sysutils/acltool/pkg-descr                         |  11 +-
 sysutils/acltool/pkg-plist                         |   8 +
 sysutils/conan/Makefile                            |   5 +-
 sysutils/conan/distinfo                            |   6 +-
 sysutils/parallel/Makefile                         |   2 +-
 sysutils/parallel/distinfo                         |   6 +-
 www/p5-CGI/Makefile                                |   2 +-
 www/p5-CGI/distinfo                                |   6 +-
 www/uwebsockets/Makefile                           |   2 +-
 www/uwebsockets/distinfo                           |   6 +-
 x11-themes/kf5-breeze-icons/Makefile               |   1 +
 x11/mate-panel/Makefile                            |  28 +-
 x11/mate-panel/distinfo                            |   2 +
 x11/mate-panel/pkg-plist                           |  12 +-
 127 files changed, 1637 insertions(+), 358 deletions(-)
 create mode 100644 emulators/qmc2/files/patch-qmc2_softwareimagewidget.cpp
 create mode 100644 graphics/ksnip/Makefile
 create mode 100644 graphics/ksnip/distinfo
 create mode 100644 graphics/ksnip/files/patch-CMakeLists.txt
 create mode 100644 graphics/ksnip/files/patch-src_CMakeLists.txt
 create mode 100644 graphics/ksnip/files/patch-src_backend_config_KsnipConfigProvider.cpp
 create mode 100644 graphics/ksnip/files/patch-src_backend_config_KsnipConfigProvider.h
 create mode 100644 graphics/ksnip/files/patch-src_backend_imageGrabber_ImageGrabberFactory.cpp
 create mode 100644 graphics/ksnip/files/patch-src_backend_imageGrabber_ImageGrabberFactory.h
 create mode 100644 graphics/ksnip/files/patch-src_common_helper_FileUrlHelper.cpp
 create mode 100644 graphics/ksnip/files/patch-src_gui_globalHotKeys_KeyHandlerFactory.cpp
 create mode 100644 graphics/ksnip/files/patch-src_gui_globalHotKeys_KeyHandlerFactory.h
 create mode 100644 graphics/ksnip/pkg-descr
 create mode 100644 graphics/ksnip/pkg-plist
 create mode 100644 math/ogdf/Makefile
 create mode 100644 math/ogdf/distinfo
 create mode 100644 math/ogdf/files/patch-cmake_doc.cmake
 create mode 100644 math/ogdf/files/patch-include_ogdf_basic_System.h
 create mode 100644 math/ogdf/files/patch-include_ogdf_basic_internal_config.h
 create mode 100644 math/ogdf/files/patch-src_coin_Clp_ClpModel.cpp
 create mode 100644 math/ogdf/files/patch-src_coin_OsiClp_OsiClpSolverInterface.cpp
 create mode 100644 math/ogdf/files/patch-src_ogdf_basic_System.cpp
 create mode 100644 math/ogdf/pkg-descr
 create mode 100644 math/ogdf/pkg-plist
 delete mode 100644 print/cups/files/patch-cups-config.in
 create mode 100644 print/cups/files/patch-cups-getifaddrs-internal.h
 create mode 100644 print/cups/files/patch-ppdc_ppdc-source.cxx
 delete mode 100644 print/cups/files/patch-scheduler_client.c
 create mode 100644 sysutils/acltool/pkg-plist
=============================
HardenedBSD Master git Server
=============================

Please note that connections and activity to this server are logged.
This server, git-01.md.hardenedbsd.org, acts as the source-of-truth
server for the HardenedBSD repositories.

Banner last updated: 10 Feb 2020 09:32 EST

remote: To github.com:HardenedBSD/hardenedbsd-ports.git        
remote:    c02b5dfbbc64..4e74972bd482  master -> master
remote:    d21895476c17..c02b5dfbbc64  github/master -> github/master        
remote:  ! [remote rejected]           refs/pull/2/head -> refs/pull/2/head (deny updating a hidden ref)        
remote: error: failed to push some refs to 'github.com:HardenedBSD/hardenedbsd-ports.git'        
To git-01.md.hardenedbsd.org:HardenedBSD/hardenedbsd-ports.git
   c02b5dfbbc64..4e74972bd482  master -> master
==== END: master ====
