==== BEGIN: master ====
current branch: master
mergeable branch: github/master
==== change branch ====
Already on 'master'
Your branch is up to date with 'origin/master'.
==== show current branch ====
* master
==== check for stale changes ====
==== update to latest origin ====
Already up to date.
==== merge branches ====
==== merge github/master branch ====
Already up to date.
Everything up-to-date
==== END: master ====
==== BEGIN: master ====
current branch: master
mergeable branch: freebsd/master
==== change branch ====
Already on 'master'
Your branch is up to date with 'origin/master'.
==== show current branch ====
* master
==== check for stale changes ====
==== update to latest origin ====
Already up to date.
==== merge branches ====
==== merge freebsd/master branch ====
Merge made by the 'recursive' strategy.
 MOVED                                            |  1 -
 astro/p5-Astro-SpaceTrack/Makefile               |  2 +-
 astro/p5-Astro-SpaceTrack/distinfo               |  6 +-
 biology/muscle/Makefile                          |  3 +
 converters/pecl-igbinary/Makefile                |  2 +-
 converters/pecl-igbinary/distinfo                |  6 +-
 databases/mysql56-server/Makefile                |  2 +-
 databases/mysql56-server/distinfo                |  6 +-
 databases/phpmyadmin/Makefile                    |  2 +-
 databases/phpmyadmin/distinfo                    |  6 +-
 databases/phpmyadmin5/Makefile                   |  2 +-
 databases/phpmyadmin5/distinfo                   |  6 +-
 devel/Makefile                                   |  1 +
 devel/p5-ExtUtils-MakeMaker/Makefile             |  2 +-
 devel/p5-ExtUtils-MakeMaker/distinfo             |  6 +-
 devel/p5-Log-Any-Adapter-Callback/Makefile       | 10 ++-
 devel/p5-Log-Any-Adapter-Callback/distinfo       |  5 +-
 devel/p5-Log-Any-Adapter-Callback/pkg-plist      |  2 +-
 devel/pecl-expect/Makefile                       | 21 +++++++
 devel/pecl-expect/distinfo                       |  3 +
 devel/pecl-expect/files/patch-config.m4          | 11 ++++
 devel/pecl-expect/pkg-descr                      |  4 ++
 devel/py-jupyterlab/Makefile                     |  2 +-
 devel/py-jupyterlab/distinfo                     |  6 +-
 devel/rubygem-aws-partitions/Makefile            |  2 +-
 devel/rubygem-aws-partitions/distinfo            |  6 +-
 devel/rubygem-aws-sdk-core2/Makefile             |  2 +-
 devel/rubygem-aws-sdk-core2/distinfo             |  6 +-
 devel/rubygem-aws-sdk-directoryservice/Makefile  |  2 +-
 devel/rubygem-aws-sdk-directoryservice/distinfo  |  6 +-
 devel/rubygem-aws-sdk-ec2/Makefile               |  2 +-
 devel/rubygem-aws-sdk-ec2/distinfo               |  6 +-
 devel/rubygem-aws-sdk-organizations/Makefile     |  2 +-
 devel/rubygem-aws-sdk-organizations/distinfo     |  6 +-
 devel/rubygem-aws-sdk-resources2/Makefile        |  2 +-
 devel/rubygem-aws-sdk-resources2/distinfo        |  6 +-
 devel/rubygem-aws-sdk-sagemaker/Makefile         |  2 +-
 devel/rubygem-aws-sdk-sagemaker/distinfo         |  6 +-
 devel/rubygem-aws-sdk-securityhub/Makefile       |  2 +-
 devel/rubygem-aws-sdk-securityhub/distinfo       |  6 +-
 devel/rubygem-aws-sdk-ssm/Makefile               |  2 +-
 devel/rubygem-aws-sdk-ssm/distinfo               |  6 +-
 devel/rubygem-aws-sdk2/Makefile                  |  2 +-
 devel/rubygem-aws-sdk2/distinfo                  |  6 +-
 devel/rubygem-ddtrace/Makefile                   |  2 +-
 devel/rubygem-ddtrace/distinfo                   |  6 +-
 devel/rubygem-ffi/Makefile                       |  2 +-
 devel/rubygem-ffi/distinfo                       |  6 +-
 devel/rubygem-tty-font/Makefile                  |  2 +-
 devel/rubygem-tty-font/distinfo                  |  6 +-
 devel/rubygem-tty-platform/Makefile              |  2 +-
 devel/rubygem-tty-platform/distinfo              |  6 +-
 devel/rubygem-tty-tree/Makefile                  |  2 +-
 devel/rubygem-tty-tree/distinfo                  |  6 +-
 devel/rubygem-tty/Makefile                       |  4 +-
 devel/rubygem-tty/files/patch-gemspec            |  9 +--
 devel/rubygem-unicode-display_width/Makefile     |  2 +-
 devel/rubygem-unicode-display_width/distinfo     |  6 +-
 dns/p5-Net-Domain-ExpireDate/Makefile            |  5 +-
 dns/p5-Net-Domain-ExpireDate/distinfo            |  6 +-
 dns/powerdns/Makefile                            |  7 +--
 dns/powerdns/distinfo                            |  6 +-
 dns/powerdns/files/patch-configure               |  4 +-
 dns/powerdns/files/patch-fix_memleak_bindbackend | 80 ++++++++++++++++++++++++
 editors/focuswriter/Makefile                     |  2 +-
 editors/focuswriter/distinfo                     |  6 +-
 lang/groovy/Makefile                             |  2 +-
 lang/groovy/distinfo                             | 10 +--
 lang/intel-compute-runtime/Makefile              |  2 +-
 lang/intel-compute-runtime/distinfo              |  6 +-
 math/octave-forge-audio/Makefile                 |  6 +-
 multimedia/libva/Makefile                        |  2 +-
 multimedia/libva/distinfo                        |  6 +-
 net/rubygem-asset_sync/Makefile                  |  2 +-
 net/rubygem-asset_sync/distinfo                  |  6 +-
 net/rubygem-google-cloud-bigtable/Makefile       |  2 +-
 net/rubygem-google-cloud-bigtable/distinfo       |  6 +-
 science/py-eccodes-python/Makefile               |  2 +-
 science/py-eccodes-python/distinfo               |  6 +-
 security/py-flask-saml/Makefile                  | 13 +---
 sysutils/Makefile                                |  1 +
 sysutils/perp/Makefile                           | 24 +++++++
 sysutils/perp/distinfo                           |  3 +
 sysutils/perp/pkg-descr                          | 16 +++++
 sysutils/perp/pkg-plist                          | 53 ++++++++++++++++
 textproc/p5-XML-LibXML-Cache/Makefile            |  7 ++-
 textproc/p5-XML-LibXML-Cache/distinfo            |  5 +-
 textproc/p5-XML-LibXSLT/Makefile                 |  4 +-
 textproc/p5-XML-LibXSLT/distinfo                 |  6 +-
 textproc/p5-ack/Makefile                         |  2 +-
 textproc/p5-ack/distinfo                         |  6 +-
 www/p5-Template-Toolkit/Makefile                 |  2 +-
 www/p5-Template-Toolkit/distinfo                 |  6 +-
 www/py-google-cloud-storage/Makefile             |  4 +-
 www/py-google-cloud-storage/distinfo             |  6 +-
 www/py-instabot/Makefile                         |  2 +-
 www/py-instabot/distinfo                         |  6 +-
 x11-fonts/victor-mono-ttf/Makefile               |  4 +-
 98 files changed, 411 insertions(+), 191 deletions(-)
 create mode 100644 devel/pecl-expect/Makefile
 create mode 100644 devel/pecl-expect/distinfo
 create mode 100644 devel/pecl-expect/files/patch-config.m4
 create mode 100644 devel/pecl-expect/pkg-descr
 create mode 100644 dns/powerdns/files/patch-fix_memleak_bindbackend
 create mode 100644 sysutils/perp/Makefile
 create mode 100644 sysutils/perp/distinfo
 create mode 100644 sysutils/perp/pkg-descr
 create mode 100644 sysutils/perp/pkg-plist
remote: To github.com:HardenedBSD/hardenedbsd-ports.git        
remote:    7006b4e8caf6..4c2f90695380  master -> master        
remote:    0fb5361205d4..7006b4e8caf6  github/master -> github/master
To git-01.md.hardenedbsd.org:HardenedBSD/hardenedbsd-ports.git
   7006b4e8caf6..4c2f90695380  master -> master
==== END: master ====
