==== BEGIN: master ====
current branch: master
mergeable branch: github/master
==== change branch ====
Already on 'master'
Your branch is up to date with 'origin/master'.
==== show current branch ====
* master
==== check for stale changes ====
==== update to latest origin ====
warning: Pulling without specifying how to reconcile divergent branches is
discouraged. You can squelch this message by running one of the following
commands sometime before your next pull:

  git config pull.rebase false  # merge (the default strategy)
  git config pull.rebase true   # rebase
  git config pull.ff only       # fast-forward only

You can replace "git config" with "git config --global" to set a default
preference for all repositories. You can also pass --rebase, --no-rebase,
or --ff-only on the command line to override the configured default per
invocation.

=============================
HardenedBSD Master git Server
=============================

Please note that connections and activity to this server are logged.
This server, git-01.md.hardenedbsd.org, acts as the source-of-truth
server for the HardenedBSD repositories.

Banner last updated: 10 Feb 2020 09:32 EST

Already up to date.
==== merge branches ====
==== merge github/master branch ====
Already up to date.
=============================
HardenedBSD Master git Server
=============================

Please note that connections and activity to this server are logged.
This server, git-01.md.hardenedbsd.org, acts as the source-of-truth
server for the HardenedBSD repositories.

Banner last updated: 10 Feb 2020 09:32 EST

Everything up-to-date
==== END: master ====
==== BEGIN: master ====
current branch: master
mergeable branch: freebsd/master
==== change branch ====
Already on 'master'
Your branch is up to date with 'origin/master'.
==== show current branch ====
* master
==== check for stale changes ====
==== update to latest origin ====
warning: Pulling without specifying how to reconcile divergent branches is
discouraged. You can squelch this message by running one of the following
commands sometime before your next pull:

  git config pull.rebase false  # merge (the default strategy)
  git config pull.rebase true   # rebase
  git config pull.ff only       # fast-forward only

You can replace "git config" with "git config --global" to set a default
preference for all repositories. You can also pass --rebase, --no-rebase,
or --ff-only on the command line to override the configured default per
invocation.

=============================
HardenedBSD Master git Server
=============================

Please note that connections and activity to this server are logged.
This server, git-01.md.hardenedbsd.org, acts as the source-of-truth
server for the HardenedBSD repositories.

Banner last updated: 10 Feb 2020 09:32 EST

Already up to date.
==== merge branches ====
==== merge freebsd/master branch ====
Removing x11-wm/piewm/files/patch-gram.y
Removing x11-wm/aewm/pkg-plist
Removing x11-wm/aewm/pkg-descr
Removing x11-wm/aewm/distinfo
Removing x11-wm/aewm/Makefile
Removing x11-themes/gtk-cleanice-engine/pkg-plist
Removing x11-themes/gtk-cleanice-engine/pkg-descr
Removing x11-themes/gtk-cleanice-engine/distinfo
Removing x11-themes/gtk-cleanice-engine/Makefile
Removing sysutils/mono-kmod/pkg-descr
Removing sysutils/mono-kmod/files/pkg-message.in
Removing sysutils/mono-kmod/distinfo
Removing sysutils/mono-kmod/Makefile
Removing security/py-keystone/pkg-plist
Removing security/py-keystone/pkg-descr
Removing security/py-keystone/files/pkg-message.in
Removing security/py-keystone/distinfo
Removing security/py-keystone/Makefile
Removing security/gag/pkg-descr
Removing security/gag/files/patch-gag.c
Removing security/gag/files/patch-Makefile
Removing security/gag/distinfo
Removing security/gag/Makefile
Removing security/ddos_scan/pkg-plist
Removing security/ddos_scan/pkg-descr
Removing security/ddos_scan/files/patch-dds.c
Removing security/ddos_scan/files/patch-Makefile
Removing security/ddos_scan/distinfo
Removing security/ddos_scan/Makefile
Auto-merging security/Makefile
Removing science/lm/pkg-plist
Removing science/lm/pkg-descr
Removing science/lm/files/patch-src_swig_lm.i
Removing science/lm/files/patch-src_c_lm_thread_Thread.cpp
Removing science/lm/files/patch-src_c_lm_rng_XORShift.cpp
Removing science/lm/files/patch-src_c_lm_main_runSimulation.cpp
Removing science/lm/files/patch-src_c_lm_main_Main.cpp
Removing science/lm/files/patch-Makefile
Removing science/lm/distinfo
Removing science/lm/Makefile
Removing science/fleur/pkg-descr
Removing science/fleur/files/patch-cmake_tests_test__Wannier90.cmake
Removing science/fleur/files/patch-cmake_tests_test__SCALAPACK.cmake
Removing science/fleur/files/patch-cmake_tests_test__MPI.cmake
Removing science/fleur/files/patch-cmake_tests_test__HDF5.cmake
Removing science/fleur/files/patch-cmake_tests_test__ELPA.cmake
Removing science/fleur/distinfo
Removing science/fleur/Makefile
Auto-merging net/mpd5/Makefile
Removing net/hinfo/pkg-plist
Removing net/hinfo/pkg-descr
Removing net/hinfo/distinfo
Removing net/hinfo/Makefile
Auto-merging net/Makefile
Auto-merging multimedia/obs-studio/Makefile
Removing math/rehearse/pkg-plist
Removing math/rehearse/pkg-descr
Removing math/rehearse/distinfo
Removing math/rehearse/Makefile
Removing math/openmesh/pkg-plist
Removing math/openmesh/pkg-descr
Removing math/openmesh/files/patch-src_OpenMesh_Tools_Utils_Timer.cc
Removing math/openmesh/files/patch-src_OpenMesh_Tools_CMakeLists.txt
Removing math/openmesh/files/patch-src_OpenMesh_Core_CMakeLists.txt
Removing math/openmesh/files/patch-src_OpenMesh_Apps_mconvert_mconvert.cc
Removing math/openmesh/files/patch-src_OpenMesh_Apps_VDProgMesh_mkbalancedpm_mkbalancedpm.cc
Removing math/openmesh/files/patch-src_OpenMesh_Apps_VDProgMesh_Analyzer_vdpmanalyzer.cc
Removing math/openmesh/files/patch-src_OpenMesh_Apps_Subdivider_subdivider.cc
Removing math/openmesh/files/patch-src_OpenMesh_Apps_Subdivider_adaptive__subdivider.cc
Removing math/openmesh/files/patch-src_OpenMesh_Apps_Smoothing_smooth.cc
Removing math/openmesh/files/patch-src_OpenMesh_Apps_QtViewer_meshviewer.cc
Removing math/openmesh/files/patch-src_OpenMesh_Apps_Decimating_decimaterviewer.cc
Removing math/openmesh/files/patch-src_OpenMesh_Apps_Decimating_decimater.cc
Removing math/openmesh/distinfo
Removing math/openmesh/Makefile
Removing math/barvinok/pkg-plist
Removing math/barvinok/pkg-descr
Removing math/barvinok/distinfo
Removing math/barvinok/Makefile
Removing korean/hpscat/pkg-descr
Removing korean/hpscat/files/pkg-message.in
Removing korean/hpscat/files/patch-user.c
Removing korean/hpscat/files/patch-showbuf.c
Removing korean/hpscat/files/patch-paper.h
Removing korean/hpscat/files/patch-misc.c
Removing korean/hpscat/files/patch-init.c
Removing korean/hpscat/files/patch-hpscat.h
Removing korean/hpscat/files/patch-hpscat.c
Removing korean/hpscat/files/patch-Makefile
Removing korean/hpscat/files/hpscat.sh.in
Removing korean/hpscat/distinfo
Removing korean/hpscat/Makefile
Removing japanese/xdtp/pkg-plist
Removing japanese/xdtp/pkg-descr
Removing japanese/xdtp/files/patch-src_util_Utilities.cpp
Removing japanese/xdtp/files/patch-src_main.cpp
Removing japanese/xdtp/files/patch-src_include_xdtp.h
Removing japanese/xdtp/distinfo
Removing japanese/xdtp/Makefile
Removing japanese/kanjipad/pkg-descr
Removing japanese/kanjipad/distinfo
Removing japanese/kanjipad/Makefile
Removing graphics/backfract/pkg-descr
Removing graphics/backfract/distinfo
Removing graphics/backfract/Makefile
Removing games/xminesweep/pkg-descr
Removing games/xminesweep/distinfo
Removing games/xminesweep/Makefile
Removing games/xevil/pkg-descr
Removing games/xevil/files/patch-x11__xdata.h
Removing games/xevil/files/patch-x11__xdata.cpp
Removing games/xevil/files/patch-x11__viewport.h
Removing games/xevil/files/patch-x11__viewport.cpp
Removing games/xevil/files/patch-x11__ui.h
Removing games/xevil/files/patch-x11__ui.cpp
Removing games/xevil/files/patch-x11__serverping.cpp
Removing games/xevil/files/patch-x11__panel.cpp
Removing games/xevil/files/patch-x11__main.cpp
Removing games/xevil/files/patch-x11__l_agreement_dlg.cpp
Removing games/xevil/files/patch-x11__draw.cpp
Removing games/xevil/files/patch-makefile
Removing games/xevil/files/patch-config.mk
Removing games/xevil/files/patch-cmn__xetp_basic.h
Removing games/xevil/files/patch-cmn__xetp_basic.cpp
Removing games/xevil/files/patch-cmn__xetp.h
Removing games/xevil/files/patch-cmn__xetp.cpp
Removing games/xevil/files/patch-cmn__world.cpp
Removing games/xevil/files/patch-cmn__utils.h
Removing games/xevil/files/patch-cmn__utils.cpp
Removing games/xevil/files/patch-cmn__streams.h
Removing games/xevil/files/patch-cmn__streams.cpp
Removing games/xevil/files/patch-cmn__role.h
Removing games/xevil/files/patch-cmn__role.cpp
Removing games/xevil/files/patch-cmn__physical.h
Removing games/xevil/files/patch-cmn__physical.cpp
Removing games/xevil/files/patch-cmn__locator.h
Removing games/xevil/files/patch-cmn__locator.cpp
Removing games/xevil/files/patch-cmn__intel.h
Removing games/xevil/files/patch-cmn__intel.cpp
Removing games/xevil/files/patch-cmn__game_style.h
Removing games/xevil/files/patch-cmn__game_style.cpp
Removing games/xevil/files/patch-cmn__game.h
Removing games/xevil/files/patch-cmn__game.cpp
Removing games/xevil/files/patch-cmn__coord.h
Removing games/xevil/files/patch-cmn__area.cpp
Removing games/xevil/files/patch-cmn__actual.cpp
Removing games/xevil/distinfo
Removing games/xevil/Makefile
Removing games/linux-uplink-demo/pkg-plist
Removing games/linux-uplink-demo/pkg-message
Removing games/linux-uplink-demo/pkg-descr
Removing games/linux-uplink-demo/files/uplink.in
Removing games/linux-uplink-demo/distinfo
Removing games/linux-uplink-demo/Makefile
Removing games/linux-defcon/pkg-plist
Removing games/linux-defcon/pkg-message
Removing games/linux-defcon/pkg-descr
Removing games/linux-defcon/files/defcon.in
Removing games/linux-defcon/distinfo
Removing games/linux-defcon/Makefile
Removing games/linux-darwinia-demo/pkg-plist
Removing games/linux-darwinia-demo/pkg-message
Removing games/linux-darwinia-demo/pkg-descr
Removing games/linux-darwinia-demo/files/darwinia.in
Removing games/linux-darwinia-demo/distinfo
Removing games/linux-darwinia-demo/Makefile
Removing emulators/qemu40/pkg-plist
Removing emulators/qemu40/pkg-message
Removing emulators/qemu40/pkg-descr
Removing emulators/qemu40/files/qemu-ifup.sample
Removing emulators/qemu40/files/qemu-ifdown.sample
Removing emulators/qemu40/files/pcap-patch-qapi_net.json
Removing emulators/qemu40/files/pcap-patch-net_net.c
Removing emulators/qemu40/files/pcap-patch-net_clients.h
Removing emulators/qemu40/files/patch-util-cacheinfo.c
Removing emulators/qemu40/files/patch-qemu-doc.texi
Removing emulators/qemu40/files/patch-net_tap-bsd.c
Removing emulators/qemu40/files/patch-include_qemu_atomic.h
Removing emulators/qemu40/files/patch-include_net_net.h
Removing emulators/qemu40/files/patch-disas_libvixl_vixl_a64_disasm-a64.cc
Removing emulators/qemu40/files/patch-configure
Removing emulators/qemu40/files/patch-Makefile
Removing emulators/qemu40/distinfo
Removing emulators/qemu40/Makefile
Removing devel/erlang-oserl/pkg-plist
Removing devel/erlang-oserl/pkg-descr
Removing devel/erlang-oserl/files/patch-src_smpp__param.hrl
Removing devel/erlang-oserl/files/patch-rebar.config
Removing devel/erlang-oserl/files/patch-Makefile
Removing devel/erlang-oserl/distinfo
Removing devel/erlang-oserl/Makefile
Removing devel/bin86/pkg-descr
Removing devel/bin86/files/patch-man_as86_1
Removing devel/bin86/files/patch-ld_x86_aout_h
Removing devel/bin86/files/patch-ld_ld_c
Removing devel/bin86/files/patch-ld_catimage.c
Removing devel/bin86/files/patch-Makefile
Removing devel/bin86/distinfo
Removing devel/bin86/Makefile
Removing devel/ace/pkg-plist
Removing devel/ace/pkg-descr
Removing devel/ace/files/patch-tests_Chrono__Test.cpp
CONFLICT (modify/delete): devel/ace/files/patch-ace__SSL__SSL_Context.cpp deleted in freebsd/master and modified in HEAD. Version HEAD of devel/ace/files/patch-ace__SSL__SSL_Context.cpp left in tree.
CONFLICT (modify/delete): devel/ace/files/patch-ace__OS_NS_signal.h deleted in freebsd/master and modified in HEAD. Version HEAD of devel/ace/files/patch-ace__OS_NS_signal.h left in tree.
CONFLICT (modify/delete): devel/ace/files/patch-ace__OS_NS_netdb.inl deleted in freebsd/master and modified in HEAD. Version HEAD of devel/ace/files/patch-ace__OS_NS_netdb.inl left in tree.
CONFLICT (modify/delete): devel/ace/files/patch-ace__OS_NS_Thread.h deleted in freebsd/master and modified in HEAD. Version HEAD of devel/ace/files/patch-ace__OS_NS_Thread.h left in tree.
CONFLICT (modify/delete): devel/ace/files/patch-ace-os_include-os_pthread.h deleted in freebsd/master and modified in HEAD. Version HEAD of devel/ace/files/patch-ace-os_include-os_pthread.h left in tree.
Removing devel/ace/distinfo
Removing devel/ace/Makefile
Removing biology/pbcopper/pkg-plist
Removing biology/pbcopper/pkg-descr
Removing biology/pbcopper/files/patch-meson__options.txt
Removing biology/pbcopper/distinfo
Removing biology/pbcopper/Makefile
Removing audio/timidity++-tcltk/pkg-plist
Removing audio/timidity++-tcltk/pkg-descr
Removing audio/timidity++-tcltk/Makefile
Automatic merge failed; fix conflicts and then commit the result.
==== merge failed at freebsd/master branch ====
* Unmerged path devel/ace/files/patch-ace-os_include-os_pthread.h
* Unmerged path devel/ace/files/patch-ace__OS_NS_Thread.h
* Unmerged path devel/ace/files/patch-ace__OS_NS_netdb.inl
* Unmerged path devel/ace/files/patch-ace__OS_NS_signal.h
* Unmerged path devel/ace/files/patch-ace__SSL__SSL_Context.cpp
On branch master
Your branch is up to date with 'origin/master'.

You have unmerged paths.
  (fix conflicts and run "git commit")
  (use "git merge --abort" to abort the merge)

Changes to be committed:
	modified:   LEGAL
	modified:   MOVED
	modified:   archivers/brotli/Makefile
	modified:   archivers/brotli/distinfo
	modified:   audio/Makefile
	modified:   audio/taglib/Makefile
	modified:   audio/taglib/pkg-plist
	deleted:    audio/timidity++-tcltk/Makefile
	deleted:    audio/timidity++-tcltk/pkg-descr
	deleted:    audio/timidity++-tcltk/pkg-plist
	modified:   biology/Makefile
	deleted:    biology/pbcopper/Makefile
	deleted:    biology/pbcopper/distinfo
	deleted:    biology/pbcopper/files/patch-meson__options.txt
	deleted:    biology/pbcopper/pkg-descr
	deleted:    biology/pbcopper/pkg-plist
	modified:   devel/Makefile
	deleted:    devel/ace/Makefile
	deleted:    devel/ace/distinfo
	deleted:    devel/ace/files/patch-tests_Chrono__Test.cpp
	deleted:    devel/ace/pkg-descr
	deleted:    devel/ace/pkg-plist
	deleted:    devel/bin86/Makefile
	deleted:    devel/bin86/distinfo
	deleted:    devel/bin86/files/patch-Makefile
	deleted:    devel/bin86/files/patch-ld_catimage.c
	deleted:    devel/bin86/files/patch-ld_ld_c
	deleted:    devel/bin86/files/patch-ld_x86_aout_h
	deleted:    devel/bin86/files/patch-man_as86_1
	deleted:    devel/bin86/pkg-descr
	deleted:    devel/erlang-oserl/Makefile
	deleted:    devel/erlang-oserl/distinfo
	deleted:    devel/erlang-oserl/files/patch-Makefile
	deleted:    devel/erlang-oserl/files/patch-rebar.config
	deleted:    devel/erlang-oserl/files/patch-src_smpp__param.hrl
	deleted:    devel/erlang-oserl/pkg-descr
	deleted:    devel/erlang-oserl/pkg-plist
	modified:   devel/py-pytest-rerunfailures/Makefile
	modified:   devel/py-pytest-rerunfailures/distinfo
	modified:   emulators/Makefile
	deleted:    emulators/qemu40/Makefile
	deleted:    emulators/qemu40/distinfo
	deleted:    emulators/qemu40/files/patch-Makefile
	deleted:    emulators/qemu40/files/patch-configure
	deleted:    emulators/qemu40/files/patch-disas_libvixl_vixl_a64_disasm-a64.cc
	deleted:    emulators/qemu40/files/patch-include_net_net.h
	deleted:    emulators/qemu40/files/patch-include_qemu_atomic.h
	deleted:    emulators/qemu40/files/patch-net_tap-bsd.c
	deleted:    emulators/qemu40/files/patch-qemu-doc.texi
	deleted:    emulators/qemu40/files/patch-util-cacheinfo.c
	deleted:    emulators/qemu40/files/pcap-patch-net_clients.h
	deleted:    emulators/qemu40/files/pcap-patch-net_net.c
	deleted:    emulators/qemu40/files/pcap-patch-qapi_net.json
	deleted:    emulators/qemu40/files/qemu-ifdown.sample
	deleted:    emulators/qemu40/files/qemu-ifup.sample
	deleted:    emulators/qemu40/pkg-descr
	deleted:    emulators/qemu40/pkg-message
	deleted:    emulators/qemu40/pkg-plist
	modified:   emulators/x16-emulator/Makefile
	modified:   emulators/x16-emulator/distinfo
	modified:   emulators/x16-rom/Makefile
	modified:   emulators/x16-rom/distinfo
	modified:   games/Makefile
	modified:   games/bsdgames/Makefile
	new file:   games/four-in-a-row/files/patch-src_main.h
	deleted:    games/linux-darwinia-demo/Makefile
	deleted:    games/linux-darwinia-demo/distinfo
	deleted:    games/linux-darwinia-demo/files/darwinia.in
	deleted:    games/linux-darwinia-demo/pkg-descr
	deleted:    games/linux-darwinia-demo/pkg-message
	deleted:    games/linux-darwinia-demo/pkg-plist
	deleted:    games/linux-defcon/Makefile
	deleted:    games/linux-defcon/distinfo
	deleted:    games/linux-defcon/files/defcon.in
	deleted:    games/linux-defcon/pkg-descr
	deleted:    games/linux-defcon/pkg-message
	deleted:    games/linux-defcon/pkg-plist
	deleted:    games/linux-uplink-demo/Makefile
	deleted:    games/linux-uplink-demo/distinfo
	deleted:    games/linux-uplink-demo/files/uplink.in
	deleted:    games/linux-uplink-demo/pkg-descr
	deleted:    games/linux-uplink-demo/pkg-message
	deleted:    games/linux-uplink-demo/pkg-plist
	deleted:    games/xevil/Makefile
	deleted:    games/xevil/distinfo
	deleted:    games/xevil/files/patch-cmn__actual.cpp
	deleted:    games/xevil/files/patch-cmn__area.cpp
	deleted:    games/xevil/files/patch-cmn__coord.h
	deleted:    games/xevil/files/patch-cmn__game.cpp
	deleted:    games/xevil/files/patch-cmn__game.h
	deleted:    games/xevil/files/patch-cmn__game_style.cpp
	deleted:    games/xevil/files/patch-cmn__game_style.h
	deleted:    games/xevil/files/patch-cmn__intel.cpp
	deleted:    games/xevil/files/patch-cmn__intel.h
	deleted:    games/xevil/files/patch-cmn__locator.cpp
	deleted:    games/xevil/files/patch-cmn__locator.h
	deleted:    games/xevil/files/patch-cmn__physical.cpp
	deleted:    games/xevil/files/patch-cmn__physical.h
	deleted:    games/xevil/files/patch-cmn__role.cpp
	deleted:    games/xevil/files/patch-cmn__role.h
	deleted:    games/xevil/files/patch-cmn__streams.cpp
	deleted:    games/xevil/files/patch-cmn__streams.h
	deleted:    games/xevil/files/patch-cmn__utils.cpp
	deleted:    games/xevil/files/patch-cmn__utils.h
	deleted:    games/xevil/files/patch-cmn__world.cpp
	deleted:    games/xevil/files/patch-cmn__xetp.cpp
	deleted:    games/xevil/files/patch-cmn__xetp.h
	deleted:    games/xevil/files/patch-cmn__xetp_basic.cpp
	deleted:    games/xevil/files/patch-cmn__xetp_basic.h
	deleted:    games/xevil/files/patch-config.mk
	deleted:    games/xevil/files/patch-makefile
	deleted:    games/xevil/files/patch-x11__draw.cpp
	deleted:    games/xevil/files/patch-x11__l_agreement_dlg.cpp
	deleted:    games/xevil/files/patch-x11__main.cpp
	deleted:    games/xevil/files/patch-x11__panel.cpp
	deleted:    games/xevil/files/patch-x11__serverping.cpp
	deleted:    games/xevil/files/patch-x11__ui.cpp
	deleted:    games/xevil/files/patch-x11__ui.h
	deleted:    games/xevil/files/patch-x11__viewport.cpp
	deleted:    games/xevil/files/patch-x11__viewport.h
	deleted:    games/xevil/files/patch-x11__xdata.cpp
	deleted:    games/xevil/files/patch-x11__xdata.h
	deleted:    games/xevil/pkg-descr
	deleted:    games/xminesweep/Makefile
	deleted:    games/xminesweep/distinfo
	deleted:    games/xminesweep/pkg-descr
	modified:   graphics/Makefile
	deleted:    graphics/backfract/Makefile
	deleted:    graphics/backfract/distinfo
	deleted:    graphics/backfract/pkg-descr
	modified:   graphics/ming/Makefile
	modified:   japanese/Makefile
	deleted:    japanese/kanjipad/Makefile
	deleted:    japanese/kanjipad/distinfo
	deleted:    japanese/kanjipad/pkg-descr
	deleted:    japanese/xdtp/Makefile
	deleted:    japanese/xdtp/distinfo
	deleted:    japanese/xdtp/files/patch-src_include_xdtp.h
	deleted:    japanese/xdtp/files/patch-src_main.cpp
	deleted:    japanese/xdtp/files/patch-src_util_Utilities.cpp
	deleted:    japanese/xdtp/pkg-descr
	deleted:    japanese/xdtp/pkg-plist
	modified:   korean/Makefile
	deleted:    korean/hpscat/Makefile
	deleted:    korean/hpscat/distinfo
	deleted:    korean/hpscat/files/hpscat.sh.in
	deleted:    korean/hpscat/files/patch-Makefile
	deleted:    korean/hpscat/files/patch-hpscat.c
	deleted:    korean/hpscat/files/patch-hpscat.h
	deleted:    korean/hpscat/files/patch-init.c
	deleted:    korean/hpscat/files/patch-misc.c
	deleted:    korean/hpscat/files/patch-paper.h
	deleted:    korean/hpscat/files/patch-showbuf.c
	deleted:    korean/hpscat/files/patch-user.c
	deleted:    korean/hpscat/files/pkg-message.in
	deleted:    korean/hpscat/pkg-descr
	modified:   math/Makefile
	deleted:    math/barvinok/Makefile
	deleted:    math/barvinok/distinfo
	deleted:    math/barvinok/pkg-descr
	deleted:    math/barvinok/pkg-plist
	deleted:    math/openmesh/Makefile
	deleted:    math/openmesh/distinfo
	deleted:    math/openmesh/files/patch-src_OpenMesh_Apps_Decimating_decimater.cc
	deleted:    math/openmesh/files/patch-src_OpenMesh_Apps_Decimating_decimaterviewer.cc
	deleted:    math/openmesh/files/patch-src_OpenMesh_Apps_QtViewer_meshviewer.cc
	deleted:    math/openmesh/files/patch-src_OpenMesh_Apps_Smoothing_smooth.cc
	deleted:    math/openmesh/files/patch-src_OpenMesh_Apps_Subdivider_adaptive__subdivider.cc
	deleted:    math/openmesh/files/patch-src_OpenMesh_Apps_Subdivider_subdivider.cc
	deleted:    math/openmesh/files/patch-src_OpenMesh_Apps_VDProgMesh_Analyzer_vdpmanalyzer.cc
	deleted:    math/openmesh/files/patch-src_OpenMesh_Apps_VDProgMesh_mkbalancedpm_mkbalancedpm.cc
	deleted:    math/openmesh/files/patch-src_OpenMesh_Apps_mconvert_mconvert.cc
	deleted:    math/openmesh/files/patch-src_OpenMesh_Core_CMakeLists.txt
	deleted:    math/openmesh/files/patch-src_OpenMesh_Tools_CMakeLists.txt
	deleted:    math/openmesh/files/patch-src_OpenMesh_Tools_Utils_Timer.cc
	deleted:    math/openmesh/pkg-descr
	deleted:    math/openmesh/pkg-plist
	deleted:    math/rehearse/Makefile
	deleted:    math/rehearse/distinfo
	deleted:    math/rehearse/pkg-descr
	deleted:    math/rehearse/pkg-plist
	new file:   multimedia/libcec/files/patch-include_cecloader.h
	modified:   multimedia/obs-studio/Makefile
	modified:   multimedia/obs-studio/distinfo
	modified:   multimedia/plexmediaserver-plexpass/Makefile
	modified:   multimedia/plexmediaserver-plexpass/distinfo
	modified:   multimedia/plexmediaserver/Makefile
	modified:   multimedia/plexmediaserver/distinfo
	modified:   net-im/matterbridge/Makefile
	modified:   net-im/matterbridge/distinfo
	modified:   net/Makefile
	modified:   net/google-cloud-sdk/Makefile
	modified:   net/google-cloud-sdk/distinfo
	deleted:    net/hinfo/Makefile
	deleted:    net/hinfo/distinfo
	deleted:    net/hinfo/pkg-descr
	deleted:    net/hinfo/pkg-plist
	modified:   net/mosquitto/Makefile
	modified:   net/mosquitto/distinfo
	modified:   net/mpd5/Makefile
	new file:   net/mpd5/files/patch-write-abortmsg
	modified:   net/storj/Makefile
	modified:   net/storj/Makefile.deps
	modified:   net/storj/distinfo
	modified:   print/tex-luatex/Makefile
	modified:   science/Makefile
	deleted:    science/fleur/Makefile
	deleted:    science/fleur/distinfo
	deleted:    science/fleur/files/patch-cmake_tests_test__ELPA.cmake
	deleted:    science/fleur/files/patch-cmake_tests_test__HDF5.cmake
	deleted:    science/fleur/files/patch-cmake_tests_test__MPI.cmake
	deleted:    science/fleur/files/patch-cmake_tests_test__SCALAPACK.cmake
	deleted:    science/fleur/files/patch-cmake_tests_test__Wannier90.cmake
	deleted:    science/fleur/pkg-descr
	deleted:    science/lm/Makefile
	deleted:    science/lm/distinfo
	deleted:    science/lm/files/patch-Makefile
	deleted:    science/lm/files/patch-src_c_lm_main_Main.cpp
	deleted:    science/lm/files/patch-src_c_lm_main_runSimulation.cpp
	deleted:    science/lm/files/patch-src_c_lm_rng_XORShift.cpp
	deleted:    science/lm/files/patch-src_c_lm_thread_Thread.cpp
	deleted:    science/lm/files/patch-src_swig_lm.i
	deleted:    science/lm/pkg-descr
	deleted:    science/lm/pkg-plist
	modified:   security/Makefile
	deleted:    security/ddos_scan/Makefile
	deleted:    security/ddos_scan/distinfo
	deleted:    security/ddos_scan/files/patch-Makefile
	deleted:    security/ddos_scan/files/patch-dds.c
	deleted:    security/ddos_scan/pkg-descr
	deleted:    security/ddos_scan/pkg-plist
	deleted:    security/gag/Makefile
	deleted:    security/gag/distinfo
	deleted:    security/gag/files/patch-Makefile
	deleted:    security/gag/files/patch-gag.c
	deleted:    security/gag/pkg-descr
	deleted:    security/py-keystone/Makefile
	deleted:    security/py-keystone/distinfo
	deleted:    security/py-keystone/files/pkg-message.in
	deleted:    security/py-keystone/pkg-descr
	deleted:    security/py-keystone/pkg-plist
	modified:   security/razorback-masterNugget/Makefile
	new file:   security/razorback-masterNugget/files/patch-src_rzb__nugget.c
	modified:   sysutils/Makefile
	deleted:    sysutils/mono-kmod/Makefile
	deleted:    sysutils/mono-kmod/distinfo
	deleted:    sysutils/mono-kmod/files/pkg-message.in
	deleted:    sysutils/mono-kmod/pkg-descr
	modified:   www/minio/Makefile
	modified:   www/minio/distinfo
	modified:   www/nginx-devel/Makefile
	modified:   www/nginx-devel/Makefile.extmod
	modified:   www/nginx-devel/distinfo
	modified:   www/nginx-devel/files/extra-patch-ngx_http_tarantool-config
	modified:   www/nginx-devel/files/extra-patch-spnego-http-auth-nginx-module-config
	modified:   x11-themes/Makefile
	deleted:    x11-themes/gtk-cleanice-engine/Makefile
	deleted:    x11-themes/gtk-cleanice-engine/distinfo
	deleted:    x11-themes/gtk-cleanice-engine/pkg-descr
	deleted:    x11-themes/gtk-cleanice-engine/pkg-plist
	modified:   x11-wm/Makefile
	deleted:    x11-wm/aewm/Makefile
	deleted:    x11-wm/aewm/distinfo
	deleted:    x11-wm/aewm/pkg-descr
	deleted:    x11-wm/aewm/pkg-plist
	deleted:    x11-wm/piewm/files/patch-gram.y

Unmerged paths:
  (use "git add/rm <file>..." as appropriate to mark resolution)
	deleted by them: devel/ace/files/patch-ace-os_include-os_pthread.h
	deleted by them: devel/ace/files/patch-ace__OS_NS_Thread.h
	deleted by them: devel/ace/files/patch-ace__OS_NS_netdb.inl
	deleted by them: devel/ace/files/patch-ace__OS_NS_signal.h
	deleted by them: devel/ace/files/patch-ace__SSL__SSL_Context.cpp


It took 3.27 seconds to enumerate untracked files. 'status -uno'
may speed it up, but you have to be careful not to forget to add
new files yourself (see 'git help status').
HEAD is now at bd239513a648 Merge remote-tracking branch 'freebsd/master'
==== merge failed and clean up after ====
On branch master
Your branch is up to date with 'origin/master'.


It took 3.41 seconds to enumerate untracked files. 'status -uno'
may speed it up, but you have to be careful not to forget to add
new files yourself (see 'git help status').
nothing to commit, working tree clean
HEAD is now at bd239513a648 Merge remote-tracking branch 'freebsd/master'
==== END: master ====
