==== BEGIN: master ====
current branch: master
mergeable branch: github/master
==== change branch ====
Already on 'master'
Your branch is behind 'origin/master' by 8 commits, and can be fast-forwarded.
  (use "git pull" to update your local branch)
==== show current branch ====
* master
==== check for stale changes ====
==== update to latest origin ====
=============================
HardenedBSD Master git Server
=============================

Please note that connections and activity to this server are logged.
This server, git-01.md.hardenedbsd.org, acts as the source-of-truth
server for the HardenedBSD repositories.

Banner last updated: 10 Feb 2020 09:32 EST

Updating 375795201a9e..aa3bba5e7230
Fast-forward
 cad/z88/Makefile                            |   2 +
 chinese/fcitx/Makefile                      |   5 +-
 chinese/fcitx/distinfo                      |   6 +-
 dns/powerdns-recursor/Makefile              |   2 +-
 games/freeminer/Makefile                    |   3 +
 graphics/ogre3d/Makefile                    |  14 +-
 math/wavelib/Makefile                       |  16 +-
 math/wavelib/distinfo                       |   6 +-
 math/wavelib/files/patch-src_CMakeLists.txt |   6 +-
 math/wavelib/pkg-plist                      |   6 +
 multimedia/librav1e/Makefile                |   2 +-
 multimedia/rav1e/Makefile                   | 175 +++++++-------
 multimedia/rav1e/distinfo                   | 344 ++++++++++++++--------------
 13 files changed, 290 insertions(+), 297 deletions(-)
 create mode 100644 math/wavelib/pkg-plist
==== merge branches ====
==== merge github/master branch ====
Already up to date.
=============================
HardenedBSD Master git Server
=============================

Please note that connections and activity to this server are logged.
This server, git-01.md.hardenedbsd.org, acts as the source-of-truth
server for the HardenedBSD repositories.

Banner last updated: 10 Feb 2020 09:32 EST

Everything up-to-date
==== END: master ====
==== BEGIN: master ====
current branch: master
mergeable branch: freebsd/master
==== change branch ====
Already on 'master'
Your branch is up to date with 'origin/master'.
==== show current branch ====
* master
==== check for stale changes ====
==== update to latest origin ====
=============================
HardenedBSD Master git Server
=============================

Please note that connections and activity to this server are logged.
This server, git-01.md.hardenedbsd.org, acts as the source-of-truth
server for the HardenedBSD repositories.

Banner last updated: 10 Feb 2020 09:32 EST

Already up to date.
==== merge branches ====
==== merge freebsd/master branch ====
Auto-merging lang/gcc8-devel/Makefile
Removing benchmarks/glmark2/files/patch-wscript
Merge made by the 'recursive' strategy.
 benchmarks/glmark2/Makefile                        | 14 ++++----
 benchmarks/glmark2/distinfo                        |  6 ++--
 benchmarks/glmark2/files/patch-wscript             | 37 ----------------------
 benchmarks/glmark2/pkg-plist                       |  6 ++--
 graphics/qt5-wayland/Makefile                      |  1 +
 lang/cling/Makefile                                |  1 +
 lang/gcc8-devel/Makefile                           |  2 +-
 lang/gcc8-devel/distinfo                           |  6 ++--
 math/acalc/Makefile                                |  4 ++-
 misc/py-xgboost/Makefile                           |  2 +-
 science/abinit/Makefile                            |  1 +
 science/py-PyFR/Makefile                           |  3 +-
 science/py-PyFR/distinfo                           |  6 ++--
 science/py-moltemplate/Makefile                    |  2 +-
 science/py-moltemplate/distinfo                    |  6 ++--
 science/py-pymol/Makefile                          |  2 +-
 security/openvas8/pkg-descr                        |  2 +-
 security/teleport/Makefile                         |  2 +-
 security/teleport/distinfo                         |  6 ++--
 security/vuxml/vuln.xml                            |  5 ++-
 textproc/py-bibtexparser/Makefile                  |  2 +-
 textproc/py-bibtexparser/distinfo                  |  6 ++--
 textproc/rubygem-elasticsearch6/Makefile           |  1 +
 www/cpp-httplib/Makefile                           |  2 +-
 www/cpp-httplib/distinfo                           |  6 ++--
 www/uwebsockets/Makefile                           |  2 +-
 www/uwebsockets/distinfo                           |  6 ++--
 x11-servers/xwayland-devel/Makefile                |  1 +
 .../files/patch-hw_xwayland_xwayland-glx.c         | 22 +++++++++++++
 x11-themes/adapta-gtk-theme/Makefile               |  2 ++
 x11-themes/gtk-arc-themes/Makefile                 |  2 ++
 31 files changed, 82 insertions(+), 84 deletions(-)
 delete mode 100644 benchmarks/glmark2/files/patch-wscript
 create mode 100644 x11-servers/xwayland-devel/files/patch-hw_xwayland_xwayland-glx.c
=============================
HardenedBSD Master git Server
=============================

Please note that connections and activity to this server are logged.
This server, git-01.md.hardenedbsd.org, acts as the source-of-truth
server for the HardenedBSD repositories.

Banner last updated: 10 Feb 2020 09:32 EST

remote: From github.com:HardenedBSD/hardenedbsd-ports        
remote:    375795201a9e..aa3bba5e7230  master     -> github/master        
remote: To github.com:HardenedBSD/hardenedbsd-ports.git        
remote:  ! [rejected]                  master -> master (atomic push failed)        
remote:  ! [rejected]                  github/master -> github/master (atomic push failed)        
remote:  ! [remote rejected]           refs/pull/2/head -> refs/pull/2/head (deny updating a hidden ref)
remote: error: failed to push some refs to 'git@github.com:HardenedBSD/hardenedbsd-ports.git'        
To git-01.md.hardenedbsd.org:HardenedBSD/hardenedbsd-ports.git
   aa3bba5e7230..b8137c0f4bfb  master -> master
==== END: master ====
