==== BEGIN: master ====
current branch: master
mergeable branch: github/master
==== change branch ====
Already on 'master'
Your branch is up to date with 'origin/master'.
==== show current branch ====
* master
==== check for stale changes ====
==== update to latest origin ====
warning: Pulling without specifying how to reconcile divergent branches is
discouraged. You can squelch this message by running one of the following
commands sometime before your next pull:

  git config pull.rebase false  # merge (the default strategy)
  git config pull.rebase true   # rebase
  git config pull.ff only       # fast-forward only

You can replace "git config" with "git config --global" to set a default
preference for all repositories. You can also pass --rebase, --no-rebase,
or --ff-only on the command line to override the configured default per
invocation.

=============================
HardenedBSD Master git Server
=============================

Please note that connections and activity to this server are logged.
This server, git-01.md.hardenedbsd.org, acts as the source-of-truth
server for the HardenedBSD repositories.

Banner last updated: 10 Feb 2020 09:32 EST

Already up to date.
==== merge branches ====
==== merge github/master branch ====
Already up to date.
=============================
HardenedBSD Master git Server
=============================

Please note that connections and activity to this server are logged.
This server, git-01.md.hardenedbsd.org, acts as the source-of-truth
server for the HardenedBSD repositories.

Banner last updated: 10 Feb 2020 09:32 EST

Everything up-to-date
==== END: master ====
==== BEGIN: master ====
current branch: master
mergeable branch: freebsd/master
==== change branch ====
Already on 'master'
Your branch is up to date with 'origin/master'.
==== show current branch ====
* master
==== check for stale changes ====
==== update to latest origin ====
warning: Pulling without specifying how to reconcile divergent branches is
discouraged. You can squelch this message by running one of the following
commands sometime before your next pull:

  git config pull.rebase false  # merge (the default strategy)
  git config pull.rebase true   # rebase
  git config pull.ff only       # fast-forward only

You can replace "git config" with "git config --global" to set a default
preference for all repositories. You can also pass --rebase, --no-rebase,
or --ff-only on the command line to override the configured default per
invocation.

=============================
HardenedBSD Master git Server
=============================

Please note that connections and activity to this server are logged.
This server, git-01.md.hardenedbsd.org, acts as the source-of-truth
server for the HardenedBSD repositories.

Banner last updated: 10 Feb 2020 09:32 EST

Already up to date.
==== merge branches ====
==== merge freebsd/master branch ====
Auto-merging www/firefox-esr/Makefile
Auto-merging dns/powerdns-recursor/Makefile
Merge made by the 'recursive' strategy.
 devel/kf5-knewstuff/Makefile                       |  4 ++++
 devel/kf5-knewstuff/distinfo                       |  4 +++-
 devel/py-hvac/Makefile                             |  2 +-
 devel/py-hvac/distinfo                             |  6 ++---
 devel/rubygem-rake/Makefile                        |  2 +-
 devel/rubygem-rake/distinfo                        |  6 ++---
 dns/powerdns-recursor/Makefile                     |  8 ++++---
 dns/powerdns-recursor/distinfo                     |  6 ++---
 games/scummvm-tools/Makefile                       |  6 ++---
 games/scummvm-tools/distinfo                       |  6 ++---
 games/scummvm/Makefile                             | 27 +++++++++++++---------
 games/scummvm/distinfo                             | 10 +++-----
 games/scummvm/files/patch-configure                | 22 ++++++++++--------
 games/scummvm/pkg-plist                            |  8 ++++---
 mail/thunderbird/Makefile                          |  1 +
 mail/thunderbird/files/patch-bug1504834_comment10  |  2 +-
 security/rubygem-bcrypt/Makefile                   |  4 ++--
 security/rubygem-bcrypt/distinfo                   |  6 ++---
 security/vuxml/vuln.xml                            |  6 +++--
 sysutils/rubygem-smart_proxy_salt/Makefile         |  8 +++----
 sysutils/rubygem-smart_proxy_salt/distinfo         |  6 ++---
 .../files/patch-bin-foreman-node                   | 10 ++++----
 .../files/patch-sbin-upload-salt-reports           | 14 +++++------
 textproc/ugrep/Makefile                            |  2 +-
 textproc/ugrep/distinfo                            |  6 ++---
 www/firefox-esr/Makefile                           |  1 +
 www/firefox-esr/files/patch-bug1504834_comment10   |  2 +-
 www/nginx-devel/Makefile                           |  1 +
 www/nginx-devel/Makefile.extmod                    |  4 ++--
 www/nginx-devel/distinfo                           | 10 ++++----
 www/osticket/Makefile                              | 16 ++-----------
 www/osticket/pkg-plist                             |  6 -----
 x11/kf5-plasma-framework/Makefile                  |  4 ++++
 x11/kf5-plasma-framework/distinfo                  |  4 +++-
 34 files changed, 119 insertions(+), 111 deletions(-)
=============================
HardenedBSD Master git Server
=============================

Please note that connections and activity to this server are logged.
This server, git-01.md.hardenedbsd.org, acts as the source-of-truth
server for the HardenedBSD repositories.

Banner last updated: 10 Feb 2020 09:32 EST

remote: To github.com:HardenedBSD/hardenedbsd-ports.git        
remote:    39351d2ab8f0..2bf793c9041b  master -> master
remote:    aa35163fbc7d..39351d2ab8f0  github/master -> github/master        
remote:  ! [remote rejected]           refs/pull/10/head -> refs/pull/10/head (deny updating a hidden ref)        
remote:  ! [remote rejected]           refs/pull/11/head -> refs/pull/11/head (deny updating a hidden ref)        
remote:  ! [remote rejected]           refs/pull/12/head -> refs/pull/12/head (deny updating a hidden ref)
remote:  ! [remote rejected]           refs/pull/14/head -> refs/pull/14/head (deny updating a hidden ref)
remote:  ! [remote rejected]           refs/pull/15/head -> refs/pull/15/head (deny updating a hidden ref)
remote:  ! [remote rejected]           refs/pull/2/head -> refs/pull/2/head (deny updating a hidden ref)        
remote:  ! [remote rejected]           refs/pull/9/head -> refs/pull/9/head (deny updating a hidden ref)        
remote: error: failed to push some refs to 'github.com:HardenedBSD/hardenedbsd-ports.git'        
remote: . Processing 1 references        
remote: Processed 1 references in total        
To git-01.md.hardenedbsd.org:HardenedBSD/hardenedbsd-ports.git
   39351d2ab8f0..2bf793c9041b  master -> master
==== END: master ====
