==== BEGIN: master ====
current branch: master
mergeable branch: github/master
==== change branch ====
Already on 'master'
Your branch is up to date with 'origin/master'.
==== show current branch ====
* master
==== check for stale changes ====
==== update to latest origin ====
Already up to date.
==== merge branches ====
==== merge github/master branch ====
Already up to date.
Everything up-to-date
==== END: master ====
==== BEGIN: master ====
current branch: master
mergeable branch: freebsd/master
==== change branch ====
Already on 'master'
Your branch is up to date with 'origin/master'.
==== show current branch ====
* master
==== check for stale changes ====
==== update to latest origin ====
Already up to date.
==== merge branches ====
==== merge freebsd/master branch ====
Auto-merging security/keepassxc/Makefile
Auto-merging editors/emacs/Makefile
Merge made by the 'recursive' strategy.
 devel/elixir-excoveralls/Makefile |  2 +-
 devel/elixir-excoveralls/distinfo |  6 +++---
 devel/ocaml-uutf/Makefile         |  4 ++--
 devel/ocaml-uutf/pkg-descr        |  2 +-
 editors/emacs/Makefile            |  6 +++++-
 games/dMagnetic/Makefile          | 11 ++++++++++-
 games/dMagnetic/distinfo          |  6 +++---
 lang/gcc10-devel/Makefile         |  2 +-
 lang/gcc10-devel/distinfo         |  6 +++---
 math/openblas/Makefile            |  8 ++++----
 security/keepassxc/Makefile       |  2 +-
 security/keepassxc/distinfo       |  6 +++---
 12 files changed, 37 insertions(+), 24 deletions(-)
remote: To github.com:HardenedBSD/hardenedbsd-ports.git        
remote:    f8d4cc81bed8..3f3aeb000540  master -> master        
remote:    a9b93f2047a2..f8d4cc81bed8  github/master -> github/master        
To git-01.md.hardenedbsd.org:HardenedBSD/hardenedbsd-ports.git
   f8d4cc81bed8..3f3aeb000540  master -> master
==== END: master ====
