==== BEGIN: master ====
current branch: master
mergeable branch: github/master
==== change branch ====
Already on 'master'
Your branch is up to date with 'origin/master'.
==== show current branch ====
* master
==== check for stale changes ====
==== update to latest origin ====
warning: Pulling without specifying how to reconcile divergent branches is
discouraged. You can squelch this message by running one of the following
commands sometime before your next pull:

  git config pull.rebase false  # merge (the default strategy)
  git config pull.rebase true   # rebase
  git config pull.ff only       # fast-forward only

You can replace "git config" with "git config --global" to set a default
preference for all repositories. You can also pass --rebase, --no-rebase,
or --ff-only on the command line to override the configured default per
invocation.

=============================
HardenedBSD Master git Server
=============================

Please note that connections and activity to this server are logged.
This server, git-01.md.hardenedbsd.org, acts as the source-of-truth
server for the HardenedBSD repositories.

Banner last updated: 10 Feb 2020 09:32 EST

Already up to date.
==== merge branches ====
==== merge github/master branch ====
Already up to date.
=============================
HardenedBSD Master git Server
=============================

Please note that connections and activity to this server are logged.
This server, git-01.md.hardenedbsd.org, acts as the source-of-truth
server for the HardenedBSD repositories.

Banner last updated: 10 Feb 2020 09:32 EST

Everything up-to-date
==== END: master ====
==== BEGIN: master ====
current branch: master
mergeable branch: freebsd/master
==== change branch ====
Already on 'master'
Your branch is up to date with 'origin/master'.
==== show current branch ====
* master
==== check for stale changes ====
==== update to latest origin ====
warning: Pulling without specifying how to reconcile divergent branches is
discouraged. You can squelch this message by running one of the following
commands sometime before your next pull:

  git config pull.rebase false  # merge (the default strategy)
  git config pull.rebase true   # rebase
  git config pull.ff only       # fast-forward only

You can replace "git config" with "git config --global" to set a default
preference for all repositories. You can also pass --rebase, --no-rebase,
or --ff-only on the command line to override the configured default per
invocation.

=============================
HardenedBSD Master git Server
=============================

Please note that connections and activity to this server are logged.
This server, git-01.md.hardenedbsd.org, acts as the source-of-truth
server for the HardenedBSD repositories.

Banner last updated: 10 Feb 2020 09:32 EST

Already up to date.
==== merge branches ====
==== merge freebsd/master branch ====
Removing net/usockets/files/patch-src_libusockets.h
Auto-merging Mk/bsd.sites.mk
Merge made by the 'recursive' strategy.
 Mk/Uses/python.mk                                  |    8 +-
 Mk/bsd.sites.mk                                    |    1 -
 audio/padthv1-lv2/Makefile                         |    2 +-
 audio/padthv1-lv2/distinfo                         |    6 +-
 audio/samplv1-lv2/Makefile                         |    2 +-
 audio/samplv1-lv2/distinfo                         |    6 +-
 audio/synthv1-lv2/Makefile                         |    2 +-
 audio/synthv1-lv2/distinfo                         |    6 +-
 cad/digital/Makefile                               |    2 +-
 cad/digital/distinfo                               |   10 +-
 converters/p5-Cpanel-JSON-XS/Makefile              |    2 +-
 converters/p5-Cpanel-JSON-XS/distinfo              |    6 +-
 deskutils/zim/Makefile                             |    3 +-
 devel/aarch64-none-elf-gcc/Makefile                |    2 +-
 devel/arm-none-eabi-gcc/Makefile                   |    1 +
 devel/git-cinnabar/Makefile                        |    4 +-
 devel/git-remote-hg/Makefile                       |    3 +-
 devel/hg-git/Makefile                              |    3 +-
 devel/hgreviewboard/Makefile                       |    4 +-
 devel/hgsvn/Makefile                               |    4 +-
 devel/mercurial/Makefile                           |   21 +-
 devel/mercurial/distinfo                           |    6 +-
 devel/mercurial/files/extra-patch-authormapsuffix  |   38 +-
 devel/mercurial/files/extra-patch-setup.py         |   10 +-
 devel/mercurial/files/pkg-message.in               |    5 +
 devel/mercurial/pkg-plist                          | 1301 +-------------------
 devel/ocaml-opam/Makefile                          |    3 +-
 devel/p5-List-AllUtils/Makefile                    |    2 +-
 devel/p5-List-AllUtils/distinfo                    |    6 +-
 devel/py-castellan/Makefile                        |    2 +-
 devel/py-castellan/distinfo                        |    6 +-
 devel/py-contextlib2/Makefile                      |    2 +-
 devel/py-contextlib2/distinfo                      |    6 +-
 devel/py-glance-store/Makefile                     |    2 +-
 devel/py-glance-store/distinfo                     |    6 +-
 devel/py-hglib/Makefile                            |    3 +-
 devel/py-hypothesis/Makefile                       |    2 +-
 devel/py-hypothesis/distinfo                       |    6 +-
 devel/py-ijson/Makefile                            |    2 +-
 devel/py-ijson/distinfo                            |    6 +-
 devel/py-monty/Makefile                            |    2 +-
 devel/py-monty/distinfo                            |    6 +-
 devel/py-oslo.messaging/Makefile                   |    2 +-
 devel/py-oslo.messaging/distinfo                   |    6 +-
 devel/py-oslo.policy/Makefile                      |    2 +-
 devel/py-oslo.policy/distinfo                      |    6 +-
 devel/py-oslo.utils/Makefile                       |    2 +-
 devel/py-oslo.utils/distinfo                       |    6 +-
 devel/py-pycompilation/Makefile                    |    2 +-
 devel/py-pycompilation/distinfo                    |    6 +-
 devel/py-responses/Makefile                        |    2 +-
 devel/py-responses/distinfo                        |    6 +-
 devel/py-ruamel.yaml.clib/Makefile                 |    2 +-
 devel/py-ruamel.yaml.clib/distinfo                 |    6 +-
 devel/py-setuptools_scm/Makefile                   |    3 +-
 devel/py-taskflow/Makefile                         |    2 +-
 devel/py-taskflow/distinfo                         |    6 +-
 devel/riscv32-unknown-elf-gcc/Makefile             |    1 +
 devel/riscv64-none-elf-gcc/Makefile                |    1 +
 devel/rubygem-aws-partitions/Makefile              |    2 +-
 devel/rubygem-aws-partitions/distinfo              |    6 +-
 devel/rubygem-aws-sdk-apigateway/Makefile          |    2 +-
 devel/rubygem-aws-sdk-apigateway/distinfo          |    6 +-
 devel/rubygem-aws-sdk-apigatewayv2/Makefile        |    2 +-
 devel/rubygem-aws-sdk-apigatewayv2/distinfo        |    6 +-
 devel/rubygem-aws-sdk-chime/Makefile               |    2 +-
 devel/rubygem-aws-sdk-chime/distinfo               |    6 +-
 devel/rubygem-aws-sdk-cloudwatchlogs/Makefile      |    2 +-
 devel/rubygem-aws-sdk-cloudwatchlogs/distinfo      |    6 +-
 devel/rubygem-aws-sdk-core2/Makefile               |    2 +-
 devel/rubygem-aws-sdk-core2/distinfo               |    6 +-
 .../Makefile                                       |    2 +-
 .../distinfo                                       |    6 +-
 devel/rubygem-aws-sdk-ec2/Makefile                 |    2 +-
 devel/rubygem-aws-sdk-ec2/distinfo                 |    6 +-
 devel/rubygem-aws-sdk-fsx/Makefile                 |    2 +-
 devel/rubygem-aws-sdk-fsx/distinfo                 |    6 +-
 devel/rubygem-aws-sdk-iotsitewise/Makefile         |    2 +-
 devel/rubygem-aws-sdk-iotsitewise/distinfo         |    6 +-
 devel/rubygem-aws-sdk-kafka/Makefile               |    2 +-
 devel/rubygem-aws-sdk-kafka/distinfo               |    6 +-
 devel/rubygem-aws-sdk-resources2/Makefile          |    2 +-
 devel/rubygem-aws-sdk-resources2/distinfo          |    6 +-
 devel/rubygem-aws-sdk-ssm/Makefile                 |    2 +-
 devel/rubygem-aws-sdk-ssm/distinfo                 |    6 +-
 devel/rubygem-aws-sdk-xray/Makefile                |    2 +-
 devel/rubygem-aws-sdk-xray/distinfo                |    6 +-
 devel/rubygem-aws-sdk2/Makefile                    |    2 +-
 devel/rubygem-aws-sdk2/distinfo                    |    6 +-
 devel/rubygem-flipper-ui/Makefile                  |    3 +-
 devel/rubygem-flipper-ui/files/patch-gemspec       |   11 +
 devel/rubygem-flipper-ui017/Makefile               |    3 +-
 devel/rubygem-flipper-ui017/files/patch-gemspec    |   11 +
 devel/rubygem-oj/Makefile                          |    2 +-
 devel/rubygem-oj/distinfo                          |    6 +-
 devel/rubygem-sidekiq-unique-jobs/Makefile         |    5 +-
 devel/rubygem-sidekiq-unique-jobs/distinfo         |    6 +-
 devel/tortoisehg/Makefile                          |   22 +-
 devel/tortoisehg/distinfo                          |    6 +-
 devel/tortoisehg/pkg-plist                         |   19 +-
 dns/dnscontrol/Makefile                            |   63 +-
 dns/dnscontrol/distinfo                            |  124 +-
 irc/oragono/Makefile                               |    8 +-
 irc/oragono/distinfo                               |   18 +-
 lang/halide/Makefile                               |   20 +-
 lang/halide/distinfo                               |    6 +-
 lang/halide/files/patch-packaging_CMakeLists.txt   |   22 +
 lang/halide/pkg-plist                              |   10 +-
 math/p5-Math-MPFR/Makefile                         |    3 -
 math/p5-Math-MPFR/files/patch-Makefile.PL          |   20 +
 math/py-chaospy/Makefile                           |    2 +-
 math/py-chaospy/distinfo                           |    6 +-
 math/py-grandalf/Makefile                          |    7 +-
 math/py-grandalf/distinfo                          |    6 +-
 math/py-simhash/Makefile                           |    2 +-
 math/py-simhash/distinfo                           |    6 +-
 net/rubygem-train-core/Makefile                    |    2 +-
 net/rubygem-train-core/distinfo                    |    6 +-
 net/rubygem-train/Makefile                         |    2 +-
 net/rubygem-train/distinfo                         |    6 +-
 net/usockets/Makefile                              |   10 +-
 net/usockets/distinfo                              |    6 +-
 net/usockets/files/patch-Makefile                  |   13 +-
 net/usockets/files/patch-src_libusockets.h         |   11 -
 ports-mgmt/portshaker/Makefile                     |    4 +-
 print/texinfo/Makefile                             |    6 +-
 print/texinfo/distinfo                             |   10 +-
 science/py-gsd/Makefile                            |    5 +-
 science/py-gsd/distinfo                            |    6 +-
 science/py-scikit-optimize/Makefile                |    2 +-
 science/py-scikit-optimize/distinfo                |    6 +-
 security/gnutls/Makefile                           |    3 +-
 security/gnutls/distinfo                           |    6 +-
 security/gnutls/pkg-plist                          |    2 +-
 security/libfido2/Makefile                         |    2 +-
 security/libfido2/distinfo                         |    6 +-
 security/libfido2/files/patch-src-CMakeLists.txt   |   14 +-
 security/libfido2/files/patch-src-cbor.c           |   15 +
 security/libfido2/files/patch-src-hid_openbsd.c    |   13 +-
 security/libfido2/pkg-plist                        |   38 +
 security/mbedtls/Makefile                          |    2 +-
 security/mbedtls/distinfo                          |    6 +-
 security/vuxml/vuln.xml                            |   98 ++
 sysutils/bpytop/Makefile                           |    2 +-
 sysutils/bpytop/distinfo                           |    6 +-
 sysutils/burp-devel/Makefile                       |    2 +-
 sysutils/burp-devel/distinfo                       |    6 +-
 sysutils/p5-Rex/Makefile                           |    3 +-
 sysutils/p5-Rex/distinfo                           |    6 +-
 sysutils/rubygem-chef-utils/Makefile               |    2 +-
 sysutils/rubygem-chef-utils/distinfo               |    6 +-
 sysutils/rubygem-chef-vault/Makefile               |    2 +-
 sysutils/rubygem-chef-vault/distinfo               |    6 +-
 sysutils/rubygem-license-acceptance/Makefile       |    6 +-
 sysutils/rubygem-license-acceptance/distinfo       |    6 +-
 textproc/asciidoc/Makefile                         |    2 +-
 textproc/asciidoc/files/patch-a2x.py               |    2 +-
 textproc/minify/Makefile                           |    4 +-
 textproc/minify/distinfo                           |   10 +-
 textproc/py-scour/Makefile                         |    5 +-
 textproc/py-scour/distinfo                         |    6 +-
 textproc/rubygem-autoprefixer-rails/Makefile       |    2 +-
 textproc/rubygem-autoprefixer-rails/distinfo       |    6 +-
 www/nextcloud-appointments/Makefile                |    2 +-
 www/nextcloud-appointments/distinfo                |    6 +-
 www/py-hstspreload/Makefile                        |    2 +-
 www/py-hstspreload/distinfo                        |    6 +-
 www/rubygem-rack-protection/Makefile               |    2 +-
 www/rubygem-rack-protection/distinfo               |    6 +-
 www/rubygem-sinatra-contrib/Makefile               |    2 +-
 www/rubygem-sinatra-contrib/distinfo               |    6 +-
 www/rubygem-sinatra/Makefile                       |    4 +-
 www/rubygem-sinatra/distinfo                       |    6 +-
 www/rubygem-smashing/Makefile                      |    5 +-
 www/rubygem-smashing/files/patch-gemspec           |   13 +
 www/trac-mercurial/Makefile                        |    4 +-
 www/uwebsockets/Makefile                           |    2 +-
 www/uwebsockets/distinfo                           |    6 +-
 www/you-get/Makefile                               |    2 +-
 www/you-get/distinfo                               |    6 +-
 180 files changed, 784 insertions(+), 1804 deletions(-)
 create mode 100644 devel/rubygem-flipper-ui/files/patch-gemspec
 create mode 100644 devel/rubygem-flipper-ui017/files/patch-gemspec
 create mode 100644 lang/halide/files/patch-packaging_CMakeLists.txt
 create mode 100644 math/p5-Math-MPFR/files/patch-Makefile.PL
 delete mode 100644 net/usockets/files/patch-src_libusockets.h
 create mode 100644 security/libfido2/files/patch-src-cbor.c
 create mode 100644 www/rubygem-smashing/files/patch-gemspec
=============================
HardenedBSD Master git Server
=============================

Please note that connections and activity to this server are logged.
This server, git-01.md.hardenedbsd.org, acts as the source-of-truth
server for the HardenedBSD repositories.

Banner last updated: 10 Feb 2020 09:32 EST

remote: To github.com:HardenedBSD/hardenedbsd-ports.git        
remote:    29b95472674e..6f4561305193  master -> master        
remote:    10c78b877283..29b95472674e  github/master -> github/master        
remote:  ! [remote rejected]           refs/pull/2/head -> refs/pull/2/head (deny updating a hidden ref)        
remote: error: failed to push some refs to 'github.com:HardenedBSD/hardenedbsd-ports.git'        
remote: . Processing 1 references        
remote: Processed 1 references in total        
To git-01.md.hardenedbsd.org:HardenedBSD/hardenedbsd-ports.git
   29b95472674e..6f4561305193  master -> master
==== END: master ====
