==== BEGIN: master ====
current branch: master
mergeable branch: github/master
==== change branch ====
Already on 'master'
Your branch is behind 'origin/master' by 114 commits, and can be fast-forwarded.
  (use "git pull" to update your local branch)
==== show current branch ====
* master
==== check for stale changes ====
==== update to latest origin ====
warning: Pulling without specifying how to reconcile divergent branches is
discouraged. You can squelch this message by running one of the following
commands sometime before your next pull:

  git config pull.rebase false  # merge (the default strategy)
  git config pull.rebase true   # rebase
  git config pull.ff only       # fast-forward only

You can replace "git config" with "git config --global" to set a default
preference for all repositories. You can also pass --rebase, --no-rebase,
or --ff-only on the command line to override the configured default per
invocation.

=============================
HardenedBSD Master git Server
=============================

Please note that connections and activity to this server are logged.
This server, git-01.md.hardenedbsd.org, acts as the source-of-truth
server for the HardenedBSD repositories.

Banner last updated: 10 Feb 2020 09:32 EST

Updating f1960d587820..a16fe5eb1c85
Fast-forward
 MOVED                                              |  12 +-
 Mk/Uses/mysql.mk                                   |   1 +
 UPDATING                                           |  12 +
 astro/mkgmap/Makefile                              |   2 +-
 astro/mkgmap/distinfo                              |   6 +-
 astro/pyephem/Makefile                             |   2 +
 audio/asunder/Makefile                             |  14 +-
 audio/asunder/distinfo                             |   5 +-
 audio/asunder/files/patch-Makefile.in              |  22 +-
 audio/asunder/pkg-plist                            |   1 +
 audio/beets/Makefile                               |   2 +-
 biology/py-gffutils/Makefile                       |   2 +-
 cad/alliance/Makefile                              |   2 +-
 cad/alliance/files/patch-exp_src_Makefile.am       |  11 +
 cad/alliance/files/patch-fvh_src_fbl__byacc.h      |   9 +
 databases/mariadb105-server/Makefile               |  34 +-
 .../mariadb105-server/files/client.cnf.sample.in   |   4 +-
 databases/mariadb105-server/files/my.cnf.sample.in |   2 +-
 databases/mariadb105-server/files/mysql-server.in  |   6 +-
 .../mariadb105-server/files/server.cnf.sample.in   |   2 +-
 databases/memcached/Makefile                       |   2 +-
 databases/memcached/distinfo                       |   6 +-
 databases/mysql56-server/Makefile                  |   2 +-
 databases/mysql56-server/distinfo                  |   6 +-
 databases/mysql57-client/Makefile                  |   1 -
 databases/mysql57-server/Makefile                  |   3 +-
 databases/mysql57-server/distinfo                  |   6 +-
 databases/pgbarman/Makefile                        |   2 +-
 databases/py-tableschema/Makefile                  |   2 +-
 databases/rocksdb-lite/Makefile                    |   1 +
 devel/Makefile                                     |   2 +-
 devel/cdecl/Makefile                               |   2 +-
 devel/cdecl/distinfo                               |   6 +-
 devel/ctypes.sh/Makefile                           |   3 +-
 devel/ctypes.sh/distinfo                           |   6 +-
 devel/gocheese/Makefile                            |   4 +-
 devel/gocheese/distinfo                            |   6 +-
 devel/jetbrains-goland/Makefile                    |   2 +-
 devel/jetbrains-goland/distinfo                    |   6 +-
 devel/libopkele/Makefile                           |  10 +-
 devel/llvm-devel/Makefile                          |   2 +-
 devel/llvm-devel/pkg-plist                         |   2 +-
 devel/osc/Makefile                                 |   2 +-
 devel/osc/distinfo                                 |   6 +-
 devel/p5-Date-Manip/Makefile                       |   2 +-
 devel/p5-Date-Manip/distinfo                       |   6 +-
 devel/p5-Date-Manip/pkg-plist                      |   2 +-
 devel/p5-autobox-Transform/Makefile                |  33 +
 devel/p5-autobox-Transform/distinfo                |   3 +
 devel/p5-autobox-Transform/pkg-descr               |   5 +
 devel/py-aioice/Makefile                           |   2 +-
 devel/py-aioice/distinfo                           |   6 +-
 devel/py-aiortc/Makefile                           |   6 +-
 devel/py-aiortc/distinfo                           |   6 +-
 devel/py-argcomplete/Makefile                      |   2 +-
 devel/py-aws-sam-translator/Makefile               |   2 +-
 devel/py-aws-xray-sdk/Makefile                     |   2 +-
 devel/py-cabby/Makefile                            |   2 +-
 devel/py-celery/Makefile                           |   2 +-
 devel/py-cfgv/Makefile                             |   6 +-
 devel/py-cfgv/distinfo                             |   6 +-
 devel/py-cfn-lint/Makefile                         |   5 +-
 devel/py-cjson/Makefile                            |   2 +-
 devel/py-cjson/distinfo                            |   6 +-
 devel/py-confuse/Makefile                          |   2 +-
 devel/py-crc32c/Makefile                           |   2 +-
 devel/py-crc32c/distinfo                           |   6 +-
 devel/py-cxx/Makefile                              |   5 +-
 devel/py-cxx/distinfo                              |   6 +-
 devel/py-flake8-builtins/Makefile                  |   2 +-
 devel/py-flake8-polyfill/Makefile                  |   2 +-
 devel/py-flake8-quotes/Makefile                    |   2 +-
 devel/py-flake8/Makefile                           |   6 +-
 devel/py-freenas.dispatcher/Makefile               |  26 -
 devel/py-freenas.dispatcher/distinfo               |   2 -
 devel/py-freenas.dispatcher/pkg-descr              |   3 -
 devel/py-furl/Makefile                             |   2 +-
 devel/py-identify/Makefile                         |   2 +-
 devel/py-identify/distinfo                         |   6 +-
 devel/py-importlib-metadata/Makefile               |  12 +-
 devel/py-importlib-resources/Makefile              |  14 +-
 devel/py-importlib-resources/distinfo              |   6 +-
 devel/py-jsonform/Makefile                         |   2 +-
 devel/py-jsonpickle/Makefile                       |   2 +-
 devel/py-jsonschema/Makefile                       |   3 +-
 devel/py-lxml/Makefile                             |   2 +-
 devel/py-lxml/distinfo                             |   6 +-
 devel/py-magic/Makefile                            |   2 +-
 devel/py-magic/distinfo                            |   6 +-
 devel/py-molecule/Makefile                         |  10 +-
 devel/py-openapi-spec-validator/Makefile           |  10 +-
 devel/py-oslo.messaging10/Makefile                 |  41 +-
 devel/py-oslo.versionedobjects1/Makefile           |  36 +-
 devel/py-parsedatetime/Makefile                    |   2 +-
 devel/py-parsedatetime/distinfo                    |   6 +-
 devel/py-path.py/Makefile                          |   2 +-
 devel/py-pendulum/Makefile                         |   2 +-
 devel/py-pendulum/distinfo                         |   6 +-
 devel/py-pep517/Makefile                           |   2 +-
 devel/py-pep8-naming/Makefile                      |   2 +-
 devel/py-pluggy/Makefile                           |   2 +-
 devel/py-pre-commit/Makefile                       |  14 +-
 devel/py-pre-commit/distinfo                       |   6 +-
 devel/py-pydantic/Makefile                         |   2 +-
 devel/py-pydantic/distinfo                         |   6 +-
 devel/py-pylibsrtp/Makefile                        |   2 +-
 devel/py-pylibsrtp/distinfo                        |   6 +-
 devel/py-pytest-azurepipelines/Makefile            |   2 +-
 devel/py-pytest-benchmark/Makefile                 |   2 +-
 devel/py-pytest-cache/Makefile                     |   2 +-
 devel/py-pytest-cov/Makefile                       |   2 +-
 devel/py-pytest-django/Makefile                    |   2 +-
 devel/py-pytest-factoryboy/Makefile                |   2 +-
 devel/py-pytest-fixture-config/Makefile            |   2 +-
 devel/py-pytest-flake8/Makefile                    |   2 +-
 devel/py-pytest-flakes/Makefile                    |   2 +-
 devel/py-pytest-flask/Makefile                     |   2 +-
 devel/py-pytest-forked/Makefile                    |   2 +-
 devel/py-pytest-isort/Makefile                     |   2 +-
 devel/py-pytest-lazy-fixture/Makefile              |   2 +-
 devel/py-pytest-localserver/Makefile               |   2 +-
 devel/py-pytest-mock/Makefile                      |  10 +-
 devel/py-pytest-pep8/Makefile                      |   2 +-
 devel/py-pytest-pycodestyle/Makefile               |   2 +-
 devel/py-pytest-relaxed/Makefile                   |   2 +-
 devel/py-pytest-rerunfailures/Makefile             |   4 +-
 devel/py-pytest-rerunfailures/distinfo             |   6 +-
 devel/py-pytest-shutil/Makefile                    |   2 +-
 devel/py-pytest-sugar/Makefile                     |   2 +-
 devel/py-pytest-timeout/Makefile                   |   2 +-
 devel/py-pytest-tornado/Makefile                   |   2 +-
 devel/py-pytest-verbose-parametrize/Makefile       |   2 +-
 devel/py-pytest-virtualenv/Makefile                |   2 +-
 devel/py-pytest-xdist/Makefile                     |   2 +-
 devel/py-pytest-xprocess/Makefile                  |   2 +-
 devel/py-pytest/Makefile                           |  25 +-
 devel/py-pyupgrade/Makefile                        |   4 +-
 devel/py-pyupgrade/distinfo                        |   6 +-
 devel/py-resource/Makefile                         |   2 +-
 devel/py-swagger-spec-validator/Makefile           |   2 +-
 devel/py-taskflow3/Makefile                        |  41 +-
 devel/py-testinfra/Makefile                        |   2 +-
 devel/py-tokenize-rt/Makefile                      |  12 +-
 devel/py-tokenize-rt/distinfo                      |   6 +-
 devel/py-tox/Makefile                              |   2 +-
 devel/py-warlock/Makefile                          |   2 +-
 devel/py-zipp/Makefile                             |  15 +-
 devel/py-zipp/distinfo                             |   6 +-
 dns/Makefile                                       |   1 +
 dns/dnsmasq-devel/Makefile                         | 147 +++++
 dns/dnsmasq-devel/distinfo                         |   3 +
 dns/dnsmasq-devel/files/dnsmasq.in                 |  99 +++
 dns/dnsmasq-devel/files/pkg-message.in             |  12 +
 dns/dnsmasq-devel/pkg-descr                        |  14 +
 dns/dnsmasq-devel/pkg-plist                        |  18 +
 editors/xed/Makefile                               |   2 +-
 editors/xed/distinfo                               |   6 +-
 emulators/ppsspp/Makefile                          |   4 +-
 emulators/ppsspp/distinfo                          |  10 +-
 emulators/rpcs3/Makefile                           |   7 +-
 emulators/rpcs3/distinfo                           |   8 +-
 emulators/wine-devel/Makefile                      |   6 +-
 emulators/yuzu/Makefile                            |   4 +-
 emulators/yuzu/distinfo                            |   6 +-
 ftp/smbftpd/files/patch-ftpcmd.y                   |  11 +
 games/burrtools/Makefile                           |   2 +
 games/minetest/Makefile                            |   2 +-
 games/minetest/distinfo                            |   6 +-
 games/minetest/pkg-plist                           |  49 ++
 games/minetest_game/Makefile                       |   2 +-
 games/minetest_game/distinfo                       |   6 +-
 graphics/acidwarp-sdl/Makefile                     |   2 +
 graphics/mandelbulber/Makefile                     |   2 +-
 graphics/mandelbulber/distinfo                     |   6 +-
 .../patch-721547ea98f881fea6a52f48d3217f65dc4b639a |  16 -
 graphics/mesa-devel/Makefile                       |   6 +-
 graphics/mesa-devel/distinfo                       |  10 +-
 graphics/skanlite/Makefile                         |   5 +-
 graphics/skanlite/distinfo                         |   6 +-
 graphics/skanlite/pkg-plist                        |  13 +-
 graphics/xviewer/Makefile                          |   2 +-
 graphics/xviewer/distinfo                          |   6 +-
 java/openjdk8/Makefile                             |   2 +-
 ...rc-share-classes-sun-misc-Version.java.template |  20 +
 lang/gcc10-devel/Makefile                          |   2 +-
 lang/gcc10-devel/distinfo                          |   6 +-
 lang/gcc9-devel/Makefile                           |   2 +-
 lang/gcc9-devel/distinfo                           |   6 +-
 lang/intel-compute-runtime/Makefile                |   2 +-
 lang/intel-compute-runtime/distinfo                |   6 +-
 lang/php72/Makefile.ext                            |   5 +-
 lang/php73/Makefile.ext                            |   5 +-
 lang/php74/Makefile.ext                            |   5 +-
 lang/python38/Makefile                             |   1 -
 lang/python38/Makefile.version                     |   2 +-
 lang/python38/distinfo                             |   6 +-
 lang/python38/pkg-plist                            |   4 +-
 mail/emil/files/patch-getoption.y                  |  34 +-
 mail/php72-imap/Makefile                           |   1 +
 mail/php73-imap/Makefile                           |   1 +
 mail/php74-imap/Makefile                           |   1 +
 mail/rss2email3/Makefile                           |  17 +-
 mail/rss2email3/distinfo                           |   6 +-
 mail/rss2email3/pkg-descr                          |   2 +-
 math/mpfr/Makefile                                 |   2 +-
 math/mpfr/distinfo                                 |   6 +-
 math/mpfr/pkg-plist                                |   2 +-
 misc/Makefile                                      |   1 +
 misc/dartsim/Makefile                              |   1 +
 misc/far2l/Makefile                                |  39 ++
 misc/far2l/distinfo                                |   3 +
 misc/far2l/files/patch-WinPort_src_APIFSNotify.cpp |  10 +
 .../patch-cmake_modules_FindLibsmbclient.cmake     |  30 +
 misc/far2l/pkg-descr                               |   8 +
 misc/far2l/pkg-plist                               | 482 +++++++++++++++
 misc/nnn/Makefile                                  |   2 +-
 misc/nnn/distinfo                                  |   6 +-
 misc/py-cinder/Makefile                            |   2 +-
 multimedia/ffmpeg/Makefile                         |   3 +-
 multimedia/ffmpeg/distinfo                         |   6 +-
 multimedia/libva-intel-media-driver/Makefile       |   2 +-
 multimedia/libva-intel-media-driver/distinfo       |   6 +-
 .../libva-intel-media-driver/files/patch-libva-2.8 |  56 ++
 multimedia/musikcube/Makefile                      |   3 +-
 multimedia/musikcube/distinfo                      |   6 +-
 multimedia/musikcube/pkg-plist                     |   2 +
 multimedia/py-PySceneDetect/Makefile               |   7 +-
 multimedia/py-PySceneDetect/distinfo               |   6 +-
 multimedia/py-av/Makefile                          |   5 +-
 multimedia/py-av/distinfo                          |   6 +-
 net-im/ktp-contact-list/Makefile                   |   2 +
 net-im/ktp-contact-list/pkg-descr                  |   2 +-
 net-im/ktp-contact-runner/Makefile                 |   3 +
 net-im/ktp-contact-runner/pkg-descr                |   2 +-
 net-im/libmesode/Makefile                          |   1 +
 net-im/libmesode/files/patch-src_tls__openssl.c    |  50 +-
 net-im/profanity/Makefile                          |   2 +-
 net-im/profanity/distinfo                          |   6 +-
 net-mgmt/Makefile                                  |   1 +
 net-mgmt/prometheus2/Makefile                      |  12 +-
 net-mgmt/prometheus2/distinfo                      |  10 +-
 net-mgmt/py-ciscoconfparse/Makefile                |   2 +-
 net-mgmt/py-ciscoconfparse/distinfo                |   6 +-
 net-mgmt/unifi-poller/Makefile                     |  68 +++
 net-mgmt/unifi-poller/distinfo                     |  57 ++
 net-mgmt/unifi-poller/pkg-descr                    |   4 +
 net-mgmt/unifi-poller/pkg-plist                    |  12 +
 net/knxd/Makefile                                  |  12 +-
 net/knxd/distinfo                                  |   6 +-
 net/knxd/files/patch-src_libserver_cm__ip.cpp      |  10 -
 net/knxd/files/patch-src_libserver_eibnetip.cpp    |  14 -
 net/p5-Net-AMQP-RabbitMQ/Makefile                  |   2 +-
 net/p5-Net-AMQP-RabbitMQ/distinfo                  |   6 +-
 net/py-kombu/Makefile                              |   2 +-
 net/py-magic-wormhole/Makefile                     |   9 +-
 net/py-magic-wormhole/distinfo                     |   6 +-
 net/py-magic-wormhole/pkg-descr                    |   2 +-
 net/py-python-glanceclient2/Makefile               |  21 +-
 net/rdist6/files/patch-src_gram.y                  |  50 +-
 net/syncthing/Makefile                             |   1 +
 net/syncthing/files/patch-171.diff                 |  20 +
 print/cloud-print-connector/Makefile               |   2 +
 science/libgeodecomp/Makefile                      |   2 +
 science/py-kliff/Makefile                          |   2 +-
 science/sparta/Makefile                            |   3 +-
 science/sparta/distinfo                            |   6 +-
 security/meek/Makefile                             |   2 +
 security/py-certbot-dns-digitalocean/Makefile      |   2 +-
 security/py-muacrypt/Makefile                      |   2 +-
 security/py-signedjson/Makefile                    |   2 +-
 security/vault/Makefile                            |   2 +-
 security/vault/distinfo                            |  10 +-
 shells/antibody/Makefile                           |   9 +-
 shells/antibody/distinfo                           |  20 +-
 sysutils/Makefile                                  |   2 +
 sysutils/cpuid2cpuflags/Makefile                   |   2 +-
 sysutils/cpuid2cpuflags/distinfo                   |   6 +-
 sysutils/direnv/Makefile                           |   2 +-
 sysutils/direnv/distinfo                           |   6 +-
 sysutils/docker-compose/Makefile                   |  14 +-
 sysutils/envconsul/Makefile                        |  11 +-
 sysutils/envconsul/distinfo                        |   8 +-
 sysutils/py-focker/Makefile                        |  33 +
 sysutils/py-focker/distinfo                        |   3 +
 sysutils/py-focker/pkg-descr                       |  15 +
 sysutils/py-jailconf/Makefile                      |  30 +
 sysutils/py-jailconf/distinfo                      |   3 +
 sysutils/py-jailconf/pkg-descr                     |   3 +
 sysutils/vimpager/Makefile                         |  28 +-
 sysutils/vimpager/distinfo                         |   5 +-
 sysutils/vimpager/pkg-descr                        |  14 +-
 sysutils/vimpager/pkg-message                      |  11 +
 sysutils/vimpager/pkg-plist                        |  20 +
 textproc/Makefile                                  |   1 -
 textproc/py-pikepdf/Makefile                       |   5 +-
 textproc/py-pikepdf/distinfo                       |   6 +-
 textproc/scancode-toolkit/Makefile                 | 153 -----
 textproc/scancode-toolkit/distinfo                 |   3 -
 textproc/scancode-toolkit/files/patch-setup.py     |  63 --
 .../files/patch-src_commoncode_system.py           |  30 -
 textproc/scancode-toolkit/pkg-descr                |   5 -
 www/Makefile                                       |   1 -
 www/minio/Makefile                                 |  66 +-
 www/minio/distinfo                                 | 126 ++--
 www/minio/files/patch-cmd_build-constants.go       |  21 -
 www/moodle35/Makefile                              |   4 +-
 www/moodle35/distinfo                              |   6 +-
 www/moodle37/Makefile                              |   4 +-
 www/moodle37/distinfo                              |   6 +-
 www/moodle38/Makefile                              |   4 +-
 www/moodle38/distinfo                              |   6 +-
 www/moodle39/Makefile                              |   2 +-
 www/moodle39/distinfo                              |   6 +-
 www/nginx/Makefile                                 |  13 +-
 www/nginx/Makefile.extmod                          |   5 +
 www/nginx/Makefile.options.desc                    |   2 +
 www/nginx/distinfo                                 |   4 +-
 www/nginx/files/extra-patch-ktls                   | 665 +++++++++++++++++++++
 ...xtra-patch-nginx-opentracing-opentracing-config |   8 +
 www/nginx/pkg-plist                                |   1 +
 www/p5-Template-Toolkit/Makefile                   |   2 +-
 www/p5-Template-Toolkit/distinfo                   |   6 +-
 www/p5-Test-Nginx/Makefile                         |   2 +-
 www/p5-Test-Nginx/distinfo                         |   6 +-
 www/py-flask-restx/Makefile                        |   2 +-
 www/py-google/Makefile                             |   2 +-
 www/py-google/distinfo                             |   6 +-
 www/py-httplib2/Makefile                           |   2 +-
 www/py-httplib2/distinfo                           |   6 +-
 www/py-kallithea/Makefile                          |  61 --
 www/py-kallithea/distinfo                          |   3 -
 www/py-kallithea/files/kallithea.in                |  75 ---
 www/py-kallithea/files/pkg-message.in              |  14 -
 www/py-kallithea/pkg-descr                         |  17 -
 www/py-python-digitalocean/Makefile                |   2 +-
 www/tomcat7/Makefile                               |   2 +-
 www/tomcat7/distinfo                               |   6 +-
 x11-fonts/jetbrains-mono/Makefile                  |   7 +-
 x11-fonts/jetbrains-mono/distinfo                  |   6 +-
 x11-toolkits/py-guietta/Makefile                   |   2 +-
 x11-toolkits/py-guietta/distinfo                   |   6 +-
 x11/xterm/Makefile                                 |   2 +-
 x11/xterm/distinfo                                 |   6 +-
 x11/xzoom/Makefile                                 |   9 +-
 x11/xzoom/distinfo                                 |   5 +-
 x11/xzoom/files/patch-scale.h                      | 105 ----
 x11/xzoom/files/patch-xzoom.c                      | 427 -------------
 x11/xzoom/files/patch-xzoom.man                    |  21 -
 x11/xzoom/pkg-descr                                |   2 +-
 349 files changed, 2917 insertions(+), 1957 deletions(-)
 create mode 100644 cad/alliance/files/patch-exp_src_Makefile.am
 create mode 100644 cad/alliance/files/patch-fvh_src_fbl__byacc.h
 create mode 100644 devel/p5-autobox-Transform/Makefile
 create mode 100644 devel/p5-autobox-Transform/distinfo
 create mode 100644 devel/p5-autobox-Transform/pkg-descr
 delete mode 100644 devel/py-freenas.dispatcher/Makefile
 delete mode 100644 devel/py-freenas.dispatcher/distinfo
 delete mode 100644 devel/py-freenas.dispatcher/pkg-descr
 create mode 100644 dns/dnsmasq-devel/Makefile
 create mode 100644 dns/dnsmasq-devel/distinfo
 create mode 100644 dns/dnsmasq-devel/files/dnsmasq.in
 create mode 100644 dns/dnsmasq-devel/files/pkg-message.in
 create mode 100644 dns/dnsmasq-devel/pkg-descr
 create mode 100644 dns/dnsmasq-devel/pkg-plist
 create mode 100644 ftp/smbftpd/files/patch-ftpcmd.y
 delete mode 100644 graphics/mandelbulber/files/patch-721547ea98f881fea6a52f48d3217f65dc4b639a
 create mode 100644 java/openjdk8/files/patch-jdk-src-share-classes-sun-misc-Version.java.template
 create mode 100644 misc/far2l/Makefile
 create mode 100644 misc/far2l/distinfo
 create mode 100644 misc/far2l/files/patch-WinPort_src_APIFSNotify.cpp
 create mode 100644 misc/far2l/files/patch-cmake_modules_FindLibsmbclient.cmake
 create mode 100644 misc/far2l/pkg-descr
 create mode 100644 misc/far2l/pkg-plist
 create mode 100644 multimedia/libva-intel-media-driver/files/patch-libva-2.8
 create mode 100644 net-mgmt/unifi-poller/Makefile
 create mode 100644 net-mgmt/unifi-poller/distinfo
 create mode 100644 net-mgmt/unifi-poller/pkg-descr
 create mode 100644 net-mgmt/unifi-poller/pkg-plist
 delete mode 100644 net/knxd/files/patch-src_libserver_cm__ip.cpp
 delete mode 100644 net/knxd/files/patch-src_libserver_eibnetip.cpp
 create mode 100644 net/syncthing/files/patch-171.diff
 create mode 100644 sysutils/py-focker/Makefile
 create mode 100644 sysutils/py-focker/distinfo
 create mode 100644 sysutils/py-focker/pkg-descr
 create mode 100644 sysutils/py-jailconf/Makefile
 create mode 100644 sysutils/py-jailconf/distinfo
 create mode 100644 sysutils/py-jailconf/pkg-descr
 create mode 100644 sysutils/vimpager/pkg-message
 create mode 100644 sysutils/vimpager/pkg-plist
 delete mode 100644 textproc/scancode-toolkit/Makefile
 delete mode 100644 textproc/scancode-toolkit/distinfo
 delete mode 100644 textproc/scancode-toolkit/files/patch-setup.py
 delete mode 100644 textproc/scancode-toolkit/files/patch-src_commoncode_system.py
 delete mode 100644 textproc/scancode-toolkit/pkg-descr
 delete mode 100644 www/minio/files/patch-cmd_build-constants.go
 create mode 100644 www/nginx/files/extra-patch-ktls
 create mode 100644 www/nginx/files/extra-patch-nginx-opentracing-opentracing-config
 delete mode 100644 www/py-kallithea/Makefile
 delete mode 100644 www/py-kallithea/distinfo
 delete mode 100644 www/py-kallithea/files/kallithea.in
 delete mode 100644 www/py-kallithea/files/pkg-message.in
 delete mode 100644 www/py-kallithea/pkg-descr
 delete mode 100644 x11/xzoom/files/patch-scale.h
 delete mode 100644 x11/xzoom/files/patch-xzoom.c
 delete mode 100644 x11/xzoom/files/patch-xzoom.man
==== merge branches ====
==== merge github/master branch ====
Already up to date.
=============================
HardenedBSD Master git Server
=============================

Please note that connections and activity to this server are logged.
This server, git-01.md.hardenedbsd.org, acts as the source-of-truth
server for the HardenedBSD repositories.

Banner last updated: 10 Feb 2020 09:32 EST

Everything up-to-date
==== END: master ====
