==== BEGIN: master ====
current branch: master
mergeable branch: github/master
==== change branch ====
Already on 'master'
Your branch is up to date with 'origin/master'.
==== show current branch ====
* master
==== check for stale changes ====
==== update to latest origin ====
warning: Pulling without specifying how to reconcile divergent branches is
discouraged. You can squelch this message by running one of the following
commands sometime before your next pull:

  git config pull.rebase false  # merge (the default strategy)
  git config pull.rebase true   # rebase
  git config pull.ff only       # fast-forward only

You can replace "git config" with "git config --global" to set a default
preference for all repositories. You can also pass --rebase, --no-rebase,
or --ff-only on the command line to override the configured default per
invocation.

=============================
HardenedBSD Master git Server
=============================

Please note that connections and activity to this server are logged.
This server, git-01.md.hardenedbsd.org, acts as the source-of-truth
server for the HardenedBSD repositories.

Banner last updated: 10 Feb 2020 09:32 EST

Already up to date.
==== merge branches ====
==== merge github/master branch ====
Already up to date.
=============================
HardenedBSD Master git Server
=============================

Please note that connections and activity to this server are logged.
This server, git-01.md.hardenedbsd.org, acts as the source-of-truth
server for the HardenedBSD repositories.

Banner last updated: 10 Feb 2020 09:32 EST

Everything up-to-date
==== END: master ====
==== BEGIN: master ====
current branch: master
mergeable branch: freebsd/master
==== change branch ====
Already on 'master'
Your branch is up to date with 'origin/master'.
==== show current branch ====
* master
==== check for stale changes ====
==== update to latest origin ====
warning: Pulling without specifying how to reconcile divergent branches is
discouraged. You can squelch this message by running one of the following
commands sometime before your next pull:

  git config pull.rebase false  # merge (the default strategy)
  git config pull.rebase true   # rebase
  git config pull.ff only       # fast-forward only

You can replace "git config" with "git config --global" to set a default
preference for all repositories. You can also pass --rebase, --no-rebase,
or --ff-only on the command line to override the configured default per
invocation.

=============================
HardenedBSD Master git Server
=============================

Please note that connections and activity to this server are logged.
This server, git-01.md.hardenedbsd.org, acts as the source-of-truth
server for the HardenedBSD repositories.

Banner last updated: 10 Feb 2020 09:32 EST

Already up to date.
==== merge branches ====
==== merge freebsd/master branch ====
Removing dns/subfinder/files/patch-vendor_golang.org_x_sys_unix_ztypes__freebsd__arm64.go
Merge made by the 'recursive' strategy.
 MOVED                                              |   1 -
 audio/geonkick-lv2/Makefile                        |   2 +-
 audio/geonkick-lv2/distinfo                        |   6 +-
 benchmarks/inferno/Makefile                        |  46 ++++---
 benchmarks/inferno/distinfo                        |  92 +++++++-------
 databases/libmemcached/Makefile                    |   2 +-
 databases/libmemcached/pkg-descr                   |   2 +-
 devel/py-pydantic/Makefile                         |   2 +-
 devel/py-pydantic/distinfo                         |   6 +-
 devel/util-linux/Makefile                          |  11 +-
 devel/util-linux/distinfo                          |   6 +-
 dns/subfinder/Makefile                             |  30 ++---
 dns/subfinder/distinfo                             |  52 +++-----
 ...golang.org_x_sys_unix_ztypes__freebsd__arm64.go |  24 ----
 games/Makefile                                     |   1 +
 games/slade/Makefile                               |  54 +++++++++
 games/slade/distinfo                               |   3 +
 games/slade/files/patch-src_CMakeLists.txt         |  33 ++++++
 ...rc_MainEditor_UI_EntryPanel_AudioEntryPanel.cpp | 132 +++++++++++++++++++++
 ...-src_MainEditor_UI_EntryPanel_AudioEntryPanel.h |  12 ++
 games/slade/pkg-descr                              |  13 ++
 graphics/libmypaint/Makefile                       |   3 +-
 graphics/libmypaint/distinfo                       |   6 +-
 graphics/libmypaint/pkg-plist                      |   8 +-
 science/pcmsolver/Makefile                         |  10 +-
 science/pcmsolver/distinfo                         |   6 +-
 science/pcmsolver/files/patch-CMakeLists.txt       |  14 +--
 science/pcmsolver/pkg-plist                        |   3 +-
 sysutils/fluent-bit/Makefile                       |   2 +-
 sysutils/fluent-bit/distinfo                       |   6 +-
 30 files changed, 389 insertions(+), 199 deletions(-)
 delete mode 100644 dns/subfinder/files/patch-vendor_golang.org_x_sys_unix_ztypes__freebsd__arm64.go
 create mode 100644 games/slade/Makefile
 create mode 100644 games/slade/distinfo
 create mode 100644 games/slade/files/patch-src_CMakeLists.txt
 create mode 100644 games/slade/files/patch-src_MainEditor_UI_EntryPanel_AudioEntryPanel.cpp
 create mode 100644 games/slade/files/patch-src_MainEditor_UI_EntryPanel_AudioEntryPanel.h
 create mode 100644 games/slade/pkg-descr
=============================
HardenedBSD Master git Server
=============================

Please note that connections and activity to this server are logged.
This server, git-01.md.hardenedbsd.org, acts as the source-of-truth
server for the HardenedBSD repositories.

Banner last updated: 10 Feb 2020 09:32 EST

remote: To github.com:HardenedBSD/hardenedbsd-ports.git        
remote:    db45220a1549..9b1369e01fa2  master -> master
remote:    734237b1c310..db45220a1549  github/master -> github/master        
remote:  ! [remote rejected]           refs/pull/10/head -> refs/pull/10/head (deny updating a hidden ref)        
remote:  ! [remote rejected]           refs/pull/11/head -> refs/pull/11/head (deny updating a hidden ref)
remote:  ! [remote rejected]           refs/pull/12/head -> refs/pull/12/head (deny updating a hidden ref)
remote:  ! [remote rejected]           refs/pull/14/head -> refs/pull/14/head (deny updating a hidden ref)        
remote:  ! [remote rejected]           refs/pull/15/head -> refs/pull/15/head (deny updating a hidden ref)        
remote:  ! [remote rejected]           refs/pull/2/head -> refs/pull/2/head (deny updating a hidden ref)        
remote:  ! [remote rejected]           refs/pull/9/head -> refs/pull/9/head (deny updating a hidden ref)        
remote: error: failed to push some refs to 'github.com:HardenedBSD/hardenedbsd-ports.git'        
remote: . Processing 1 references        
remote: Processed 1 references in total        
To git-01.md.hardenedbsd.org:HardenedBSD/hardenedbsd-ports.git
   db45220a1549..9b1369e01fa2  master -> master
==== END: master ====
