==== BEGIN: master ====
current branch: master
mergeable branch: github/master
==== change branch ====
Already on 'master'
Your branch is behind 'origin/master' by 52 commits, and can be fast-forwarded.
  (use "git pull" to update your local branch)
==== show current branch ====
* master
==== check for stale changes ====
==== update to latest origin ====
warning: Pulling without specifying how to reconcile divergent branches is
discouraged. You can squelch this message by running one of the following
commands sometime before your next pull:

  git config pull.rebase false  # merge (the default strategy)
  git config pull.rebase true   # rebase
  git config pull.ff only       # fast-forward only

You can replace "git config" with "git config --global" to set a default
preference for all repositories. You can also pass --rebase, --no-rebase,
or --ff-only on the command line to override the configured default per
invocation.

=============================
HardenedBSD Master git Server
=============================

Please note that connections and activity to this server are logged.
This server, git-01.md.hardenedbsd.org, acts as the source-of-truth
server for the HardenedBSD repositories.

Banner last updated: 10 Feb 2020 09:32 EST

Updating c8051a90a648..66d15e89b7db
Fast-forward
 audio/bjumblr-lv2/Makefile                         |   2 +-
 audio/bjumblr-lv2/distinfo                         |   6 +-
 cad/lepton-eda/Makefile                            |  22 +-
 cad/lepton-eda/distinfo                            |   6 +-
 cad/lepton-eda/files/patch-version.h               |  11 -
 cad/lepton-eda/pkg-plist                           | 320 +++++++++++-------
 chinese/fcitx-rime/Makefile                        |   2 +-
 chinese/librime/Makefile                           |   2 +-
 converters/R-cran-jsonlite/Makefile                |   2 +-
 converters/R-cran-jsonlite/distinfo                |   6 +-
 devel/R-cran-rlang/Makefile                        |   2 +-
 devel/R-cran-rlang/distinfo                        |   6 +-
 devel/fatal/Makefile                               |   2 +-
 devel/fatal/distinfo                               |   6 +-
 devel/fbthrift/Makefile                            |   3 +-
 devel/fbthrift/distinfo                            |   6 +-
 devel/fbthrift/pkg-plist                           |   1 +
 devel/folly/Makefile                               |   2 +-
 devel/folly/distinfo                               |   6 +-
 devel/folly/pkg-plist                              |   3 +
 devel/git-lfs/Makefile                             |   2 +-
 devel/git-lfs/distinfo                             |   6 +-
 devel/kokkos/Makefile                              |   6 +-
 devel/kokkos/distinfo                              |   6 +-
 devel/kokkos/pkg-plist                             |  79 +++--
 devel/p5-Time-Moment-Role-TimeZone/Makefile        |   2 +-
 devel/p5-Time-Moment-Role-TimeZone/distinfo        |   6 +-
 devel/rubygem-irb/Makefile                         |   2 +-
 devel/rubygem-irb/distinfo                         |   6 +-
 devel/rust-analyzer/Makefile                       | 184 ++++++-----
 devel/rust-analyzer/distinfo                       | 360 +++++++++++----------
 emulators/nemu/Makefile                            |   2 +-
 emulators/nemu/distinfo                            |   6 +-
 graphics/gegl/Makefile                             |   5 +-
 graphics/gegl/distinfo                             |   6 +-
 graphics/gegl/pkg-plist                            |   2 +
 graphics/qgis-ltr/Makefile                         |   3 +-
 graphics/qgis-ltr/distinfo                         |   6 +-
 graphics/qgis/Makefile                             |   4 +-
 graphics/qgis/distinfo                             |   6 +-
 graphics/qgis/pkg-plist                            |   1 +
 java/bootstrap-openjdk11/Makefile                  |   1 +
 lang/halide/Makefile                               |   3 +
 lang/halide/distinfo                               |   6 +-
 math/R-cran-lme4/Makefile                          |   2 +-
 math/R-cran-lme4/distinfo                          |   6 +-
 math/gnome-calculator/Makefile                     |   3 +-
 math/py-permutation/Makefile                       |  13 +-
 math/py-permutation/distinfo                       |   6 +-
 misc/py-toil/Makefile                              |   2 +-
 misc/py-toil/distinfo                              |   6 +-
 misc/snakemake/Makefile                            |   2 +-
 misc/snakemake/distinfo                            |   6 +-
 multimedia/gstreamer1-transcoder/Makefile          |   8 +-
 multimedia/gstreamer1-transcoder/pkg-plist         |  32 +-
 net-im/Makefile                                    |   1 +
 net-im/zkgroup/Makefile                            | 130 ++++++++
 net-im/zkgroup/distinfo                            | 209 ++++++++++++
 .../files/patch-cargo-crates_jni-0.16.0_build.rs   |  11 +
 net-im/zkgroup/pkg-descr                           |   3 +
 net/asterisk13/Makefile                            |   2 +-
 net/asterisk13/distinfo                            |   6 +-
 net/asterisk16/Makefile                            |   2 +-
 net/asterisk16/distinfo                            |   6 +-
 net/asterisk18/Makefile                            |   2 +-
 net/asterisk18/distinfo                            |  10 +-
 net/fbzmq/Makefile                                 |   2 +-
 net/fbzmq/distinfo                                 |   6 +-
 net/py-cloudscraper/Makefile                       |   2 +-
 net/py-cloudscraper/distinfo                       |   6 +-
 net/rsocket-cpp/Makefile                           |   2 +-
 net/rsocket-cpp/distinfo                           |   6 +-
 net/storj/Makefile                                 |   7 +-
 net/storj/Makefile.deps                            |  23 +-
 net/storj/distinfo                                 |  52 ++-
 net/uhttpmock/Makefile                             |   6 +-
 net/wangle/Makefile                                |   2 +-
 net/wangle/distinfo                                |   6 +-
 science/lammps/Makefile                            |   2 +-
 science/py-kliff/Makefile                          |   2 +-
 science/py-kliff/distinfo                          |   6 +-
 security/fizz/Makefile                             |   2 +-
 security/fizz/distinfo                             |   6 +-
 security/gcr/Makefile                              |   9 +-
 security/gcr/pkg-plist                             | 170 +++++-----
 security/ngrok/Makefile                            |   2 +-
 security/vuxml/vuln.xml                            |  39 +++
 www/deno/Makefile                                  |  48 +--
 www/deno/distinfo                                  |  98 +++---
 www/proxygen/Makefile                              |   2 +-
 www/proxygen/distinfo                              |   6 +-
 www/py-pywikibot/Makefile                          |   2 +-
 www/py-pywikibot/distinfo                          |   6 +-
 www/wt/Makefile                                    |  11 +-
 www/wt/distinfo                                    |   6 +-
 www/wt/pkg-plist                                   |  22 +-
 www/wt3/Makefile                                   |   2 +-
 www/wt3/distinfo                                   |   6 +-
 www/wt3/pkg-plist                                  |  21 +-
 x11-toolkits/gtk20/Makefile                        |   4 +-
 x11-toolkits/gtk20/distinfo                        |   6 +-
 x11-wm/compiz/pkg-descr                            |   2 +-
 x11/Makefile                                       |   1 +
 x11/babl/Makefile                                  |   2 +-
 x11/babl/distinfo                                  |   6 +-
 x11/babl/pkg-plist                                 |   2 +-
 x11/wmfocus/Makefile                               | 132 ++++++++
 x11/wmfocus/distinfo                               | 195 +++++++++++
 x11/wmfocus/pkg-descr                              |   4 +
 109 files changed, 1707 insertions(+), 829 deletions(-)
 delete mode 100644 cad/lepton-eda/files/patch-version.h
 create mode 100644 net-im/zkgroup/Makefile
 create mode 100644 net-im/zkgroup/distinfo
 create mode 100644 net-im/zkgroup/files/patch-cargo-crates_jni-0.16.0_build.rs
 create mode 100644 net-im/zkgroup/pkg-descr
 create mode 100644 x11/wmfocus/Makefile
 create mode 100644 x11/wmfocus/distinfo
 create mode 100644 x11/wmfocus/pkg-descr
==== merge branches ====
==== merge github/master branch ====
Already up to date.
=============================
HardenedBSD Master git Server
=============================

Please note that connections and activity to this server are logged.
This server, git-01.md.hardenedbsd.org, acts as the source-of-truth
server for the HardenedBSD repositories.

Banner last updated: 10 Feb 2020 09:32 EST

Everything up-to-date
==== END: master ====
==== BEGIN: master ====
current branch: master
mergeable branch: freebsd/master
==== change branch ====
Already on 'master'
Your branch is up to date with 'origin/master'.
==== show current branch ====
* master
==== check for stale changes ====
==== update to latest origin ====
warning: Pulling without specifying how to reconcile divergent branches is
discouraged. You can squelch this message by running one of the following
commands sometime before your next pull:

  git config pull.rebase false  # merge (the default strategy)
  git config pull.rebase true   # rebase
  git config pull.ff only       # fast-forward only

You can replace "git config" with "git config --global" to set a default
preference for all repositories. You can also pass --rebase, --no-rebase,
or --ff-only on the command line to override the configured default per
invocation.

=============================
HardenedBSD Master git Server
=============================

Please note that connections and activity to this server are logged.
This server, git-01.md.hardenedbsd.org, acts as the source-of-truth
server for the HardenedBSD repositories.

Banner last updated: 10 Feb 2020 09:32 EST

Already up to date.
==== merge branches ====
==== merge freebsd/master branch ====
Removing sysutils/ipfs-go/files/patch-vendor_golang.org_x_net_ipv6_zsys__freebsd__arm64.go
Removing sysutils/ipfs-go/files/patch-vendor_golang.org_x_net_ipv4_zsys__freebsd__arm64.go
Removing sysutils/ipfs-go/files/patch-vendor_golang.org_x_net_internal_socket_zsys__freebsd__arm64.go
Removing sysutils/consul/files/patch-vendor_golang.org_x_net_ipv6_zsys__freebsd__arm64.go
Removing sysutils/consul/files/patch-vendor_golang.org_x_net_ipv4_zsys__freebsd__arm64.go
Removing net/traefik/files/patch-vendor_golang.org_x_sys_unix_ztypes__freebsd__arm64.go
Removing net/traefik/files/patch-vendor_golang.org_x_sys_unix_zsysnum__freebsd__arm64.go
Removing net/traefik/files/patch-vendor_golang.org_x_sys_unix_zsyscall__freebsd__arm64.go
Removing net/traefik/files/patch-vendor_golang.org_x_sys_unix_zerrors__freebsd__arm64.go
Removing net/traefik/files/patch-vendor_golang.org_x_sys_unix_syscall__freebsd__arm64.go
Removing net/traefik/files/patch-vendor_golang.org_x_sys_unix_asm__freebsd__arm64.s
Removing net/traefik/files/patch-vendor_golang.org_x_net_ipv6_zsys__freebsd__arm64.go
Removing net/traefik/files/patch-vendor_golang.org_x_net_ipv4_zsys__freebsd__arm64.go
Removing net/traefik/files/patch-vendor_golang.org_x_net_internal_socket_zsys__freebsd__arm64.go
Auto-merging lang/gcc9-devel/Makefile
Merge made by the 'recursive' strategy.
 databases/iowow/Makefile                           |    2 +-
 databases/iowow/distinfo                           |    6 +-
 databases/libcouchbase/Makefile                    |   10 +-
 deskutils/taskwarrior/Makefile                     |   13 +-
 deskutils/taskwarrior/distinfo                     |    8 +-
 deskutils/taskwarrior/pkg-plist                    |   16 -
 devel/efl/Makefile                                 |    8 +-
 devel/intel-graphics-compiler/Makefile             |    3 +-
 devel/intel-graphics-compiler/distinfo             |    8 +-
 devel/intel-graphics-compiler/files/patch-llvm11   |   23 +-
 editors/imhex/Makefile                             |    3 +
 emulators/tilem/Makefile                           |    9 +-
 finance/R-cran-quantmod/Makefile                   |    3 +-
 finance/R-cran-quantmod/distinfo                   |    6 +-
 graphics/R-cran-rtiff/Makefile                     |    3 +-
 graphics/R-cran-rtiff/distinfo                     |    6 +-
 lang/gcc9-devel/Makefile                           |    2 +-
 lang/gcc9-devel/distinfo                           |    6 +-
 lang/intel-compute-runtime/Makefile                |    2 +-
 lang/intel-compute-runtime/distinfo                |    6 +-
 lang/v8/files/patch-third__party_zlib_BUILD.gn     |   11 +
 .../files/patch-third__party_zlib_cpu__features.c  |   48 +
 math/R-cran-RcppEigen/Makefile                     |    3 +-
 math/R-cran-RcppEigen/distinfo                     |    6 +-
 math/R-cran-isoband/Makefile                       |    2 +-
 math/R-cran-isoband/distinfo                       |    6 +-
 math/tblis/Makefile                                |    1 +
 misc/zoneinfo/Makefile                             |    6 +-
 misc/zoneinfo/distinfo                             |    6 +-
 misc/zoneinfo/pkg-plist                            |    1 -
 net-im/signal-cli/Makefile                         |   16 +-
 net-im/signal-cli/distinfo                         |   10 +-
 net-im/signal-cli/pkg-plist                        |    2 +-
 net-im/zkgroup/Makefile                            |    7 +-
 net-mgmt/check_ssl_cert/Makefile                   |    2 +-
 net-mgmt/check_ssl_cert/distinfo                   |    6 +-
 ...g_x_net_internal_socket_zsys__freebsd__arm64.go |   63 -
 ...r_golang.org_x_net_ipv4_zsys__freebsd__arm64.go |   96 -
 ...r_golang.org_x_net_ipv6_zsys__freebsd__arm64.go |  125 --
 ...dor_golang.org_x_sys_unix_asm__freebsd__arm64.s |   32 -
 ...olang.org_x_sys_unix_syscall__freebsd__arm64.go |   55 -
 ...olang.org_x_sys_unix_zerrors__freebsd__arm64.go | 1797 ------------------
 ...lang.org_x_sys_unix_zsyscall__freebsd__arm64.go | 1940 --------------------
 ...olang.org_x_sys_unix_zsysnum__freebsd__arm64.go |  399 ----
 ...golang.org_x_sys_unix_ztypes__freebsd__arm64.go |  605 ------
 sysutils/bpytop/Makefile                           |    2 +-
 sysutils/bpytop/distinfo                           |    6 +-
 ...r_golang.org_x_net_ipv4_zsys__freebsd__arm64.go |   96 -
 ...r_golang.org_x_net_ipv6_zsys__freebsd__arm64.go |  125 --
 ...g_x_net_internal_socket_zsys__freebsd__arm64.go |   56 -
 ...r_golang.org_x_net_ipv4_zsys__freebsd__arm64.go |   96 -
 ...r_golang.org_x_net_ipv6_zsys__freebsd__arm64.go |  125 --
 x11-fonts/Makefile                                 |    1 +
 x11-fonts/urw-core35-fonts/Makefile                |   29 +
 x11-fonts/urw-core35-fonts/distinfo                |    3 +
 x11-fonts/urw-core35-fonts/pkg-descr               |    9 +
 x11-fonts/urw-core35-fonts/pkg-plist               |  140 ++
 x11-themes/kde-icons-black-and-white/Makefile      |    3 +-
 58 files changed, 368 insertions(+), 5711 deletions(-)
 create mode 100644 lang/v8/files/patch-third__party_zlib_BUILD.gn
 create mode 100644 lang/v8/files/patch-third__party_zlib_cpu__features.c
 delete mode 100644 net/traefik/files/patch-vendor_golang.org_x_net_internal_socket_zsys__freebsd__arm64.go
 delete mode 100644 net/traefik/files/patch-vendor_golang.org_x_net_ipv4_zsys__freebsd__arm64.go
 delete mode 100644 net/traefik/files/patch-vendor_golang.org_x_net_ipv6_zsys__freebsd__arm64.go
 delete mode 100644 net/traefik/files/patch-vendor_golang.org_x_sys_unix_asm__freebsd__arm64.s
 delete mode 100644 net/traefik/files/patch-vendor_golang.org_x_sys_unix_syscall__freebsd__arm64.go
 delete mode 100644 net/traefik/files/patch-vendor_golang.org_x_sys_unix_zerrors__freebsd__arm64.go
 delete mode 100644 net/traefik/files/patch-vendor_golang.org_x_sys_unix_zsyscall__freebsd__arm64.go
 delete mode 100644 net/traefik/files/patch-vendor_golang.org_x_sys_unix_zsysnum__freebsd__arm64.go
 delete mode 100644 net/traefik/files/patch-vendor_golang.org_x_sys_unix_ztypes__freebsd__arm64.go
 delete mode 100644 sysutils/consul/files/patch-vendor_golang.org_x_net_ipv4_zsys__freebsd__arm64.go
 delete mode 100644 sysutils/consul/files/patch-vendor_golang.org_x_net_ipv6_zsys__freebsd__arm64.go
 delete mode 100644 sysutils/ipfs-go/files/patch-vendor_golang.org_x_net_internal_socket_zsys__freebsd__arm64.go
 delete mode 100644 sysutils/ipfs-go/files/patch-vendor_golang.org_x_net_ipv4_zsys__freebsd__arm64.go
 delete mode 100644 sysutils/ipfs-go/files/patch-vendor_golang.org_x_net_ipv6_zsys__freebsd__arm64.go
 create mode 100644 x11-fonts/urw-core35-fonts/Makefile
 create mode 100644 x11-fonts/urw-core35-fonts/distinfo
 create mode 100644 x11-fonts/urw-core35-fonts/pkg-descr
 create mode 100644 x11-fonts/urw-core35-fonts/pkg-plist
=============================
HardenedBSD Master git Server
=============================

Please note that connections and activity to this server are logged.
This server, git-01.md.hardenedbsd.org, acts as the source-of-truth
server for the HardenedBSD repositories.

Banner last updated: 10 Feb 2020 09:32 EST

remote: To github.com:HardenedBSD/hardenedbsd-ports.git        
remote:    66d15e89b7db..9ba54bfac2dc  master -> master        
remote:    c8051a90a648..66d15e89b7db  github/master -> github/master
remote:  ! [remote rejected]           refs/pull/10/head -> refs/pull/10/head (deny updating a hidden ref)        
remote:  ! [remote rejected]           refs/pull/11/head -> refs/pull/11/head (deny updating a hidden ref)
remote:  ! [remote rejected]           refs/pull/12/head -> refs/pull/12/head (deny updating a hidden ref)
remote:  ! [remote rejected]           refs/pull/14/head -> refs/pull/14/head (deny updating a hidden ref)        
remote:  ! [remote rejected]           refs/pull/15/head -> refs/pull/15/head (deny updating a hidden ref)        
remote:  ! [remote rejected]           refs/pull/2/head -> refs/pull/2/head (deny updating a hidden ref)        
remote:  ! [remote rejected]           refs/pull/9/head -> refs/pull/9/head (deny updating a hidden ref)        
remote: error: failed to push some refs to 'github.com:HardenedBSD/hardenedbsd-ports.git'        
remote: . Processing 1 references        
remote: Processed 1 references in total        
To git-01.md.hardenedbsd.org:HardenedBSD/hardenedbsd-ports.git
   66d15e89b7db..9ba54bfac2dc  master -> master
==== END: master ====
