==== BEGIN: master ====
current branch: master
mergeable branch: github/master
==== change branch ====
Already on 'master'
Your branch is up to date with 'origin/master'.
==== show current branch ====
* master
==== check for stale changes ====
==== update to latest origin ====
=============================
HardenedBSD Master git Server
=============================

Please note that connections and activity to this server are logged.
This server, git-01.md.hardenedbsd.org, acts as the source-of-truth
server for the HardenedBSD repositories.

Banner last updated: 10 Feb 2020 09:32 EST

Auto packing the repository in background for optimum performance.
See "git help gc" for manual housekeeping.
Already up to date.
==== merge branches ====
==== merge github/master branch ====
Already up to date.
=============================
HardenedBSD Master git Server
=============================

Please note that connections and activity to this server are logged.
This server, git-01.md.hardenedbsd.org, acts as the source-of-truth
server for the HardenedBSD repositories.

Banner last updated: 10 Feb 2020 09:32 EST

Everything up-to-date
==== END: master ====
==== BEGIN: master ====
current branch: master
mergeable branch: freebsd/master
==== change branch ====
Already on 'master'
Your branch is up to date with 'origin/master'.
==== show current branch ====
* master
==== check for stale changes ====
==== update to latest origin ====
=============================
HardenedBSD Master git Server
=============================

Please note that connections and activity to this server are logged.
This server, git-01.md.hardenedbsd.org, acts as the source-of-truth
server for the HardenedBSD repositories.

Banner last updated: 10 Feb 2020 09:32 EST

Auto packing the repository in background for optimum performance.
See "git help gc" for manual housekeeping.
Already up to date.
==== merge branches ====
==== merge freebsd/master branch ====
Auto-merging ports-mgmt/pkg/Makefile
Merge made by the 'recursive' strategy.
Auto packing the repository in background for optimum performance.
See "git help gc" for manual housekeeping.
 devel/R-cran-glue/Makefile                         |   3 +-
 devel/R-cran-glue/distinfo                         |   6 +-
 devel/d-feet/Makefile                              |  20 ++--
 devel/d-feet/pkg-descr                             |  14 ++-
 devel/volk/Makefile                                |   6 +-
 devel/volk/distinfo                                |   6 +-
 devel/volk/pkg-plist                               |   2 +-
 emulators/emu64/Makefile                           |   4 +-
 emulators/emu64/files/patch-src_c64__class.cpp     |  11 ++
 finance/R-cran-quantmod/Makefile                   |   5 +-
 finance/R-cran-quantmod/distinfo                   |   6 +-
 irc/ninja/Makefile                                 |   4 -
 japanese/scim-skk/Makefile                         |   2 +-
 japanese/scim-skk/files/patch-src-scim_skk_prefs.h |   2 +-
 math/Makefile                                      |   1 +
 math/iml/Makefile                                  |  24 ++++
 math/iml/distinfo                                  |   3 +
 math/iml/pkg-descr                                 |  20 ++++
 math/iml/pkg-plist                                 |   7 ++
 math/py-brial/Makefile                             |   5 +-
 math/py-brial/pkg-plist                            | 132 ++++++++++-----------
 multimedia/obs-studio/Makefile                     |   6 +-
 multimedia/obs-studio/distinfo                     |   8 +-
 ports-mgmt/pkg/Makefile                            |   2 +-
 ports-mgmt/pkg/distinfo                            |   6 +-
 science/lammps/Makefile                            |   1 +
 science/lammps/files/patch-cmake_CMakeLists.txt    |  16 +++
 textproc/R-cran-xml2/Makefile                      |   6 +-
 textproc/R-cran-xml2/distinfo                      |   6 +-
 textproc/xml2rfc/Makefile                          |   2 +-
 textproc/xml2rfc/distinfo                          |   6 +-
 www/gobuffalo/Makefile                             |  50 ++++----
 www/gobuffalo/distinfo                             |  98 +++++++--------
 www/groupoffice/Makefile                           |   2 +-
 www/groupoffice/distinfo                           |   6 +-
 www/groupoffice/pkg-plist                          |   6 +-
 36 files changed, 297 insertions(+), 207 deletions(-)
 create mode 100644 emulators/emu64/files/patch-src_c64__class.cpp
 create mode 100644 math/iml/Makefile
 create mode 100644 math/iml/distinfo
 create mode 100644 math/iml/pkg-descr
 create mode 100644 math/iml/pkg-plist
 create mode 100644 science/lammps/files/patch-cmake_CMakeLists.txt
=============================
HardenedBSD Master git Server
=============================

Please note that connections and activity to this server are logged.
This server, git-01.md.hardenedbsd.org, acts as the source-of-truth
server for the HardenedBSD repositories.

Banner last updated: 10 Feb 2020 09:32 EST

remote: From github.com:HardenedBSD/hardenedbsd-ports        
remote:    b3813091202c..1127832cc111  master     -> github/master        
remote: To github.com:HardenedBSD/hardenedbsd-ports.git        
remote:  ! [rejected]                  master -> master (atomic push failed)        
remote:  ! [rejected]                  github/master -> github/master (atomic push failed)        
remote:  ! [remote rejected]           refs/pull/2/head -> refs/pull/2/head (deny updating a hidden ref)        
remote: error: failed to push some refs to 'git@github.com:HardenedBSD/hardenedbsd-ports.git'        
To git-01.md.hardenedbsd.org:HardenedBSD/hardenedbsd-ports.git
   1127832cc111..5bcbaf8b8701  master -> master
==== END: master ====
