==== BEGIN: master ====
current branch: master
mergeable branch: github/master
==== change branch ====
Already on 'master'
Your branch is ahead of 'origin/master' by 99 commits.
  (use "git push" to publish your local commits)
==== show current branch ====
* master
==== check for stale changes ====
==== update to latest origin ====
warning: Pulling without specifying how to reconcile divergent branches is
discouraged. You can squelch this message by running one of the following
commands sometime before your next pull:

  git config pull.rebase false  # merge (the default strategy)
  git config pull.rebase true   # rebase
  git config pull.ff only       # fast-forward only

You can replace "git config" with "git config --global" to set a default
preference for all repositories. You can also pass --rebase, --no-rebase,
or --ff-only on the command line to override the configured default per
invocation.

ssh: connect to host git-01.md.hardenedbsd.org port 22: No route to host
fatal: Could not read from remote repository.

Please make sure you have the correct access rights
and the repository exists.
ERROR: git pull failed, try to recover
HEAD is now at 86664a8a400d Merge remote-tracking branch 'freebsd/master'
==== merge branches ====
==== merge github/master branch ====
Already up to date.
ssh: connect to host git-01.md.hardenedbsd.org port 22: No route to host
fatal: Could not read from remote repository.

Please make sure you have the correct access rights
and the repository exists.
==== merge failed and clean up after ====
On branch master
Your branch is ahead of 'origin/master' by 99 commits.
  (use "git push" to publish your local commits)


It took 3.34 seconds to enumerate untracked files. 'status -uno'
may speed it up, but you have to be careful not to forget to add
new files yourself (see 'git help status').
nothing to commit, working tree clean
HEAD is now at 86664a8a400d Merge remote-tracking branch 'freebsd/master'
==== END: master ====
==== BEGIN: master ====
current branch: master
mergeable branch: freebsd/master
==== change branch ====
Already on 'master'
Your branch is ahead of 'origin/master' by 99 commits.
  (use "git push" to publish your local commits)
==== show current branch ====
* master
==== check for stale changes ====
==== update to latest origin ====
warning: Pulling without specifying how to reconcile divergent branches is
discouraged. You can squelch this message by running one of the following
commands sometime before your next pull:

  git config pull.rebase false  # merge (the default strategy)
  git config pull.rebase true   # rebase
  git config pull.ff only       # fast-forward only

You can replace "git config" with "git config --global" to set a default
preference for all repositories. You can also pass --rebase, --no-rebase,
or --ff-only on the command line to override the configured default per
invocation.

ssh: connect to host git-01.md.hardenedbsd.org port 22: No route to host
fatal: Could not read from remote repository.

Please make sure you have the correct access rights
and the repository exists.
ERROR: git pull failed, try to recover
HEAD is now at 86664a8a400d Merge remote-tracking branch 'freebsd/master'
==== merge branches ====
==== merge freebsd/master branch ====
Auto-merging sysutils/pftop/Makefile
Auto-merging net/wireshark/Makefile
Auto-merging graphics/gimp-app/Makefile
Auto-merging editors/libreoffice/Makefile
Auto-merging devel/bglibs/Makefile
Merge made by the 'recursive' strategy.
 benchmarks/py-naarad/Makefile                      |   2 +-
 benchmarks/py-zopkio/Makefile                      |   2 +-
 cad/kicad-devel/Makefile.git_rev                   |   4 +-
 cad/kicad-devel/distinfo                           |   6 +-
 cad/kicad-devel/pkg-plist                          |  15 +-
 .../Makefile.git_rev                               |   4 +-
 cad/kicad-library-footprints-devel/distinfo        |   6 +-
 cad/kicad-library-footprints-devel/pkg-plist       | 494 ++++++++++++++++-----
 .../Makefile.git_rev                               |   4 +-
 cad/kicad-library-packages3d-devel/distinfo        |   6 +-
 cad/kicad-library-packages3d-devel/pkg-plist       | 190 +++++++-
 cad/kicad-library-symbols-devel/Makefile.git_rev   |   4 +-
 cad/kicad-library-symbols-devel/distinfo           |   6 +-
 cad/kicad-library-symbols-devel/pkg-plist          |  10 +-
 cad/kicad-library-templates-devel/Makefile.git_rev |   4 +-
 cad/kicad-library-templates-devel/distinfo         |   6 +-
 cad/kicad-library-templates-devel/pkg-plist        |  16 +
 chinese/wordpress-zh_TW/Makefile                   |   2 +-
 chinese/wordpress-zh_TW/distinfo                   |   6 +-
 converters/pdf2djvu/Makefile                       |   2 +-
 databases/kbibtex/Makefile                         |   2 +-
 deskutils/calendar/Makefile                        |   4 +-
 deskutils/calendar/distinfo                        |   6 +-
 deskutils/calendar/files/patch-io.c                | 104 ++++-
 deskutils/calibre/Makefile                         |   2 +-
 deskutils/cfiles/Makefile                          |   2 +-
 deskutils/lumina-pdf/Makefile                      |   2 +-
 deskutils/recoll/Makefile                          |   2 +-
 deskutils/xfce4-tumbler/Makefile                   |   2 +-
 devel/bglibs/Makefile                              |   2 +-
 devel/coccinelle/Makefile                          |   2 +-
 devel/efl/Makefile                                 |   2 +-
 devel/fatal/Makefile                               |   2 +-
 devel/fatal/distinfo                               |   6 +-
 devel/fbthrift/Makefile                            |   4 +-
 devel/fbthrift/distinfo                            |   6 +-
 devel/fbthrift/pkg-plist                           |  32 +-
 devel/folly/Makefile                               |   2 +-
 devel/folly/distinfo                               |   6 +-
 devel/folly/pkg-plist                              |   1 +
 devel/ga/Makefile                                  |   3 +-
 devel/ga/distinfo                                  |   6 +-
 devel/ga/pkg-descr                                 |   2 +-
 devel/ga/pkg-plist                                 |   4 -
 devel/kf5-kfilemetadata/Makefile                   |   2 +-
 devel/libhyve-remote/Makefile                      |   2 +-
 devel/py-dill/Makefile                             |   2 +-
 devel/py-dill/distinfo                             |   6 +-
 devel/py-murmurhash/Makefile                       |   2 +-
 devel/py-murmurhash/distinfo                       |   6 +-
 devel/py-murmurhash/files/patch-setup.py           |  14 +-
 devel/py-srsly/Makefile                            |   4 +-
 devel/py-srsly/distinfo                            |   6 +-
 devel/py-verboselogs/Makefile                      |   2 +-
 editors/calligra/Makefile                          |   2 +-
 editors/kile/Makefile                              |   2 +-
 editors/libreoffice/Makefile                       |   2 +-
 editors/libreoffice6/Makefile                      |   2 +-
 editors/setzer/Makefile                            |   1 +
 editors/texstudio/Makefile                         |   2 +-
 editors/texworks/Makefile                          |   2 +-
 emulators/dolphin-emu/files/patch-d456e2e.txt      |  28 ++
 french/wordpress/Makefile                          |   3 +-
 french/wordpress/distinfo                          |   6 +-
 ftp/twoftpd/Makefile                               |   2 +-
 german/wordpress/Makefile                          |   2 +-
 german/wordpress/distinfo                          |   6 +-
 graphics/atril/Makefile                            |   2 +-
 graphics/diff-pdf/Makefile                         |   2 +-
 graphics/diffpdf/Makefile                          |   2 +-
 graphics/dspdfviewer/Makefile                      |   2 +-
 graphics/engauge-digitizer/Makefile                |   2 +-
 graphics/epdfview/Makefile                         |   2 +-
 graphics/evince/Makefile                           |   2 +-
 graphics/gdal/Makefile                             |   1 +
 graphics/geeqie-devel/Makefile                     |   2 +-
 graphics/geeqie/Makefile                           |   2 +-
 graphics/gegl/Makefile                             |   2 +-
 graphics/gimp-app/Makefile                         |   2 +-
 graphics/graphviz/Makefile                         |   2 +-
 graphics/impressive/Makefile                       |   2 +-
 graphics/inkscape/Makefile                         |   2 +-
 graphics/katarakt/Makefile                         |   2 +-
 graphics/krita/Makefile                            |   1 +
 graphics/okular/Makefile                           |   2 +-
 graphics/openfx-arena/Makefile                     |   2 +-
 graphics/osg/Makefile                              |   2 +-
 graphics/osg34/Makefile                            |   2 +-
 graphics/pdf2svg/Makefile                          |   2 +-
 graphics/pdfpc/Makefile                            |   2 +-
 graphics/poppler-qt5/pkg-plist                     |   2 +-
 graphics/poppler/Makefile                          |   4 +-
 graphics/poppler/distinfo                          |   6 +-
 graphics/pqiv/Makefile                             |   2 +-
 graphics/py-python-poppler-qt5/Makefile            |   2 +-
 graphics/qcomicbook/Makefile                       |   2 +-
 graphics/qgis-ltr/Makefile                         |   3 +-
 graphics/qgis-ltr/distinfo                         |   6 +-
 graphics/qgis-ltr/pkg-plist                        |   1 +
 graphics/sane-backends/Makefile                    |   2 +-
 graphics/tikzit/Makefile                           |   2 +-
 graphics/vips/Makefile                             |   1 +
 graphics/xournal/Makefile                          |   2 +-
 graphics/xournalpp/Makefile                        |   1 +
 graphics/yacreader/Makefile                        |   2 +-
 graphics/zathura-pdf-poppler/Makefile              |   2 +-
 japanese/wordpress/Makefile                        |   2 +-
 japanese/wordpress/distinfo                        |   6 +-
 lang/spidermonkey78/Makefile                       |  20 +-
 lang/spidermonkey78/distinfo                       |   6 +-
 mail/claws-mail-pdf_viewer/Makefile                |   2 +-
 mail/mailfront/Makefile                            |   2 +-
 mail/textmail/Makefile                             |   2 +-
 math/cantor/Makefile                               |   2 +-
 math/labplot/Makefile                              |   2 +-
 math/py-luminol/Makefile                           |   2 +-
 misc/concourse/Makefile                            |   2 +-
 misc/concourse/distinfo                            |   6 +-
 misc/tellico/Makefile                              |   2 +-
 net/fbzmq/Makefile                                 |   2 +-
 net/fbzmq/distinfo                                 |   6 +-
 net/kitinerary/Makefile                            |   2 +-
 net/libvncserver/Makefile                          |   2 +-
 net/mvfst/Makefile                                 |   4 +-
 net/mvfst/distinfo                                 |   6 +-
 net/mvfst/pkg-plist                                |   5 +
 net/redir/Makefile                                 |   2 +-
 net/rsocket-cpp/Makefile                           |   2 +-
 net/rsocket-cpp/distinfo                           |   6 +-
 net/wangle/Makefile                                |   2 +-
 net/wangle/distinfo                                |   6 +-
 net/wireshark/Makefile                             |  20 +-
 net/wireshark/distinfo                             |   6 +-
 net/wireshark/pkg-plist                            |  54 ++-
 ports-mgmt/synth/Makefile                          |  14 +-
 print/R-cran-tinytex/Makefile                      |   4 +-
 print/R-cran-tinytex/distinfo                      |   6 +-
 print/abcm2ps/Makefile                             |   2 +-
 print/cups-filters/Makefile                        |   1 +
 print/deforaos-pdfviewer/Makefile                  |   2 +-
 print/ghostscript9-agpl-base/Makefile              |   2 +-
 print/gl2ps/Makefile                               |   2 +-
 print/pdf-tools/Makefile                           |   2 +-
 print/qpdfview/Makefile                            |   2 +-
 print/scribus-devel/Makefile                       |   2 +-
 print/texlive-base/Makefile                        |   2 +-
 print/xreader/Makefile                             |   2 +-
 russian/wordpress/Makefile                         |   2 +-
 russian/wordpress/distinfo                         |   6 +-
 science/conduit/Makefile                           |   2 +-
 science/conduit/distinfo                           |   6 +-
 science/conduit/pkg-plist                          |   8 +-
 science/smoldyn/Makefile                           |   2 +-
 security/cvm/Makefile                              |   2 +-
 security/fizz/Makefile                             |   2 +-
 security/fizz/distinfo                             |   6 +-
 security/fizz/pkg-plist                            |   6 +
 security/vuxml/vuln.xml                            |  55 +++
 sysutils/ndmpd/Makefile                            |   2 +-
 sysutils/pfstat/Makefile                           |   2 +-
 sysutils/pftop/Makefile                            |   2 +-
 sysutils/tracker-miners/Makefile                   |   2 +-
 sysutils/ucspi-proxy/Makefile                      |   2 +-
 sysutils/ucspi-unix/Makefile                       |   2 +-
 sysutils/uefi-edk2-bhyve-devel/Makefile            |   2 +-
 sysutils/uefi-edk2-bhyve/Makefile                  |   2 +-
 textproc/pdfgrep/Makefile                          |   2 +-
 textproc/pdfsandwich/Makefile                      |   2 +-
 textproc/py-pdftotext/Makefile                     |   1 +
 www/cpp-httplib/Makefile                           |   2 +-
 www/cpp-httplib/distinfo                           |   6 +-
 www/hotcrp/Makefile                                |   2 +-
 www/novnc-websockify/Makefile                      |   2 +-
 www/novnc/Makefile                                 |   2 +-
 www/proxygen/Makefile                              |   2 +-
 www/proxygen/distinfo                              |   6 +-
 www/py-django-cacheops/Makefile                    |   7 +-
 www/py-django-cacheops/distinfo                    |   6 +-
 www/py-django-cors-headers/Makefile                |   2 +-
 www/py-django-cors-headers/distinfo                |   6 +-
 www/py-django-cors-headers/pkg-descr               |   2 +-
 www/py-django-filter/Makefile                      |   5 +-
 www/py-django-filter/distinfo                      |   6 +-
 www/py-django-taggit/Makefile                      |   3 +-
 www/py-django-taggit/distinfo                      |   6 +-
 www/varnish-libvmod-dynamic/Makefile               |   3 +-
 www/wordpress/Makefile                             |   2 +-
 www/wordpress/distinfo                             |   6 +-
 x11-drivers/xorgxrdp/Makefile                      |  14 +-
 x11-drivers/xorgxrdp/files/pkg-message.in          |   4 +-
 x11-toolkits/rubygem-poppler/Makefile              |   2 +-
 x11/eaglemode/Makefile                             |   2 +-
 192 files changed, 1161 insertions(+), 464 deletions(-)
 create mode 100644 emulators/dolphin-emu/files/patch-d456e2e.txt
ssh: connect to host git-01.md.hardenedbsd.org port 22: No route to host
fatal: Could not read from remote repository.

Please make sure you have the correct access rights
and the repository exists.
==== merge failed and clean up after ====
On branch master
Your branch is ahead of 'origin/master' by 135 commits.
  (use "git push" to publish your local commits)


It took 3.19 seconds to enumerate untracked files. 'status -uno'
may speed it up, but you have to be careful not to forget to add
new files yourself (see 'git help status').
nothing to commit, working tree clean
HEAD is now at 5eb26bf7a65a Merge remote-tracking branch 'freebsd/master'
==== END: master ====
