==== BEGIN: master ====
current branch: master
mergeable branch: github/master
==== change branch ====
Already on 'master'
Your branch is up to date with 'origin/master'.
==== show current branch ====
* master
==== check for stale changes ====
==== update to latest origin ====
warning: Pulling without specifying how to reconcile divergent branches is
discouraged. You can squelch this message by running one of the following
commands sometime before your next pull:

  git config pull.rebase false  # merge (the default strategy)
  git config pull.rebase true   # rebase
  git config pull.ff only       # fast-forward only

You can replace "git config" with "git config --global" to set a default
preference for all repositories. You can also pass --rebase, --no-rebase,
or --ff-only on the command line to override the configured default per
invocation.

=============================
HardenedBSD Master git Server
=============================

Please note that connections and activity to this server are logged.
This server, git-01.md.hardenedbsd.org, acts as the source-of-truth
server for the HardenedBSD repositories.

Banner last updated: 10 Feb 2020 09:32 EST

Already up to date.
==== merge branches ====
==== merge github/master branch ====
Already up to date.
=============================
HardenedBSD Master git Server
=============================

Please note that connections and activity to this server are logged.
This server, git-01.md.hardenedbsd.org, acts as the source-of-truth
server for the HardenedBSD repositories.

Banner last updated: 10 Feb 2020 09:32 EST

Everything up-to-date
==== END: master ====
==== BEGIN: master ====
current branch: master
mergeable branch: freebsd/master
==== change branch ====
Already on 'master'
Your branch is up to date with 'origin/master'.
==== show current branch ====
* master
==== check for stale changes ====
==== update to latest origin ====
warning: Pulling without specifying how to reconcile divergent branches is
discouraged. You can squelch this message by running one of the following
commands sometime before your next pull:

  git config pull.rebase false  # merge (the default strategy)
  git config pull.rebase true   # rebase
  git config pull.ff only       # fast-forward only

You can replace "git config" with "git config --global" to set a default
preference for all repositories. You can also pass --rebase, --no-rebase,
or --ff-only on the command line to override the configured default per
invocation.

=============================
HardenedBSD Master git Server
=============================

Please note that connections and activity to this server are logged.
This server, git-01.md.hardenedbsd.org, acts as the source-of-truth
server for the HardenedBSD repositories.

Banner last updated: 10 Feb 2020 09:32 EST

Already up to date.
==== merge branches ====
==== merge freebsd/master branch ====
Auto-merging x11-wm/i3/Makefile
CONFLICT (content): Merge conflict in x11-wm/i3/Makefile
Removing x11-toolkits/py-SquareMap/pkg-descr
Removing x11-toolkits/py-SquareMap/distinfo
Removing x11-toolkits/py-SquareMap/Makefile
Removing www/py-spyne/files/patch-spyne-test-transport-test_msgpack.py
Removing www/py-requestbuilder/pkg-descr
Removing www/py-requestbuilder/distinfo
Removing www/py-requestbuilder/Makefile
Removing www/py-meld3/pkg-descr
Removing www/py-meld3/distinfo
Removing www/py-meld3/Makefile
Removing www/py-evernote/pkg-descr
Removing www/py-evernote/files/patch-setup.py
Removing www/py-evernote/distinfo
Removing www/py-evernote/Makefile
Removing www/py-beautifulsoup32/pkg-descr
Removing www/py-beautifulsoup32/distinfo
Removing www/py-beautifulsoup32/Makefile
Removing textproc/py-sphinx-tabs/files/patch-setup.py
Removing security/py-mcrypt/pkg-descr
Removing security/py-mcrypt/distinfo
Removing security/py-mcrypt/Makefile
Auto-merging security/keybase/Makefile
Auto-merging security/keepassxc/Makefile
Auto-merging security/Makefile
Removing science/py-geomet/files/patch-setup.py
Removing science/eccodes/files/patch-src-grib_bits_fast_big_endian.c
Removing science/eccodes/files/patch-src-grib_bits.c
Removing science/dalton/files/patch-dalton.in
Removing net-im/libtelepathy/pkg-plist
Removing net-im/libtelepathy/pkg-descr
Removing net-im/libtelepathy/distinfo
Removing net-im/libtelepathy/Makefile
Removing multimedia/py-kaa-metadata/pkg-descr
Removing multimedia/py-kaa-metadata/files/patch-src-image-exiv2.cpp
Removing multimedia/py-kaa-metadata/distinfo
Removing multimedia/py-kaa-metadata/Makefile
Removing multimedia/py-kaa-imlib2/pkg-descr
Removing multimedia/py-kaa-imlib2/files/patch-src_rawformats.c
Removing multimedia/py-kaa-imlib2/distinfo
Removing multimedia/py-kaa-imlib2/Makefile
Removing misc/py-progressbar231/pkg-descr
Removing misc/py-progressbar231/distinfo
Removing misc/py-progressbar231/Makefile
Removing misc/openvdb/files/patch-openvdb_CMakeLists.txt
Removing math/py-networkx1/pkg-descr
Removing math/py-networkx1/files/patch-setup.py
Removing math/py-networkx1/distinfo
Removing math/py-networkx1/Makefile
Auto-merging lang/gcc8-devel/Makefile
Auto-merging lang/gcc48/Makefile
Removing japanese/py-tegaki/pkg-plist
Removing japanese/py-tegaki/pkg-descr
Removing japanese/py-tegaki/distinfo
Removing japanese/py-tegaki/Makefile
Removing graphics/mozjpeg/files/patch-md5-md5.c
Removing games/ezquake/files/patch-snd_dma.c
Removing games/ezquake/files/patch-q_shared.h
Removing games/ezquake/files/patch-image.c
Removing games/ezquake/files/patch-Makefile.list
Removing devel/pyrex/pkg-descr
Removing devel/pyrex/distinfo
Removing devel/pyrex/Makefile
Removing devel/py-rcsparse/pkg-descr
Removing devel/py-rcsparse/distinfo
Removing devel/py-rcsparse/Makefile
Removing devel/py-fabric1/pkg-descr
Removing devel/py-fabric1/files/patch-setup.py
Removing devel/py-fabric1/distinfo
Removing devel/py-fabric1/Makefile
Removing devel/py-distorm/Makefile
Removing devel/py-calendar/pkg-descr
Removing devel/py-calendar/distinfo
Removing devel/py-calendar/Makefile
Removing devel/py-ToscaWidgets/pkg-descr
Removing devel/py-ToscaWidgets/distinfo
Removing devel/py-ToscaWidgets/Makefile
Removing devel/pecl-protobuf/files/patch-message.c
Removing devel/bzr-fastimport/pkg-descr
Removing devel/bzr-fastimport/files/patch-disable-known-graph
Removing devel/bzr-fastimport/files/patch-deletion-case
Removing devel/bzr-fastimport/distinfo
Removing devel/bzr-fastimport/Makefile
Removing databases/py-htsql/pkg-message
Removing databases/py-htsql/pkg-descr
Removing databases/py-htsql/distinfo
Removing databases/py-htsql/Makefile
Removing databases/postgis23/pkg-plist
Removing databases/postgis23/pkg-descr
Removing databases/postgis23/distinfo
CONFLICT (modify/delete): databases/postgis23/Makefile deleted in freebsd/master and modified in HEAD. Version HEAD of databases/postgis23/Makefile left in tree.
Removing comms/fldigi/files/patch-src_logbook_table.cxx
Removing audio/libshout/files/patch-src-shout.c
Removing audio/libshout/files/patch-src-connection.c
Removing audio/libshout/files/patch-include-shout-shout.h.in
Auto-merging archivers/unrar/Makefile
Removing archivers/py-pyliblzma/pkg-descr
Removing archivers/py-pyliblzma/files/patch-src_liblzma.h
Removing archivers/py-pyliblzma/files/patch-setup.py
Removing archivers/py-pyliblzma/distinfo
Removing archivers/py-pyliblzma/Makefile
Automatic merge failed; fix conflicts and then commit the result.
==== merge failed at freebsd/master branch ====
diff --cc x11-wm/i3/Makefile
index c9c8fe4cfcd9,c98be181aaae..000000000000
--- a/x11-wm/i3/Makefile
+++ b/x11-wm/i3/Makefile
@@@ -12,8 -13,7 +13,12 @@@ COMMENT=	Improved dynamic tiling windo
  LICENSE=	BSD3CLAUSE
  LICENSE_FILE=	${WRKSRC}/LICENSE
  
++<<<<<<< HEAD
 +USE_HARDENING=	cfi safestack
 +
++=======
+ BUILD_DEPENDS=	bash:shells/bash
++>>>>>>> freebsd/master
  LIB_DEPENDS=	libcairo.so:graphics/cairo \
  		libev.so:devel/libev \
  		libpangocairo-1.0.so:x11-toolkits/pango \
* Unmerged path databases/postgis23/Makefile
On branch master
Your branch is up to date with 'origin/master'.

You have unmerged paths.
  (fix conflicts and run "git commit")
  (use "git merge --abort" to abort the merge)

Changes to be committed:
	modified:   MOVED
	modified:   Mk/Scripts/qa.sh
	modified:   UIDs
	modified:   archivers/Makefile
	deleted:    archivers/py-pyliblzma/Makefile
	deleted:    archivers/py-pyliblzma/distinfo
	deleted:    archivers/py-pyliblzma/files/patch-setup.py
	deleted:    archivers/py-pyliblzma/files/patch-src_liblzma.h
	deleted:    archivers/py-pyliblzma/pkg-descr
	modified:   archivers/rar/Makefile
	modified:   archivers/rar/distinfo
	modified:   archivers/unrar/Makefile
	modified:   archivers/unrar/distinfo
	modified:   audio/bjumblr-lv2/Makefile
	modified:   audio/bjumblr-lv2/distinfo
	modified:   audio/din/Makefile
	modified:   audio/din/distinfo
	modified:   audio/fasttracker2/Makefile
	modified:   audio/fasttracker2/distinfo
	modified:   audio/gsequencer/Makefile
	modified:   audio/gsequencer/distinfo
	modified:   audio/gsequencer/pkg-plist
	modified:   audio/ices/Makefile
	modified:   audio/ices/distinfo
	modified:   audio/ices/pkg-descr
	modified:   audio/libshout/Makefile
	modified:   audio/libshout/distinfo
	deleted:    audio/libshout/files/patch-include-shout-shout.h.in
	deleted:    audio/libshout/files/patch-src-connection.c
	deleted:    audio/libshout/files/patch-src-shout.c
	modified:   audio/libshout/pkg-descr
	modified:   biology/Makefile
	new file:   biology/pooler/Makefile
	new file:   biology/pooler/distinfo
	new file:   biology/pooler/pkg-descr
	modified:   biology/py-pysam/Makefile
	modified:   biology/py-pysam/distinfo
	modified:   cad/PrusaSlicer/Makefile
	modified:   cad/opencascade/Makefile
	modified:   cad/opencascade/pkg-plist
	modified:   comms/fldigi/Makefile
	modified:   comms/fldigi/distinfo
	deleted:    comms/fldigi/files/patch-src_logbook_table.cxx
	modified:   converters/p5-JSON-MaybeXS/Makefile
	modified:   converters/p5-JSON-MaybeXS/distinfo
	modified:   converters/py-zfec/Makefile
	modified:   converters/py-zfec/distinfo
	modified:   databases/Makefile
	modified:   databases/p5-Mojo-Pg/Makefile
	modified:   databases/p5-Mojo-Pg/distinfo
	modified:   databases/php-xapian/Makefile
	deleted:    databases/postgis23/distinfo
	deleted:    databases/postgis23/pkg-descr
	deleted:    databases/postgis23/pkg-plist
	deleted:    databases/py-htsql/Makefile
	deleted:    databases/py-htsql/distinfo
	deleted:    databases/py-htsql/pkg-descr
	deleted:    databases/py-htsql/pkg-message
	new file:   databases/py-sqlalchemy14/Makefile
	new file:   databases/py-sqlalchemy14/distinfo
	new file:   databases/py-sqlalchemy14/pkg-descr
	modified:   databases/xapian-bindings/Makefile
	modified:   devel/Makefile
	modified:   devel/bpython/Makefile
	modified:   devel/bpython/distinfo
	deleted:    devel/bzr-fastimport/Makefile
	deleted:    devel/bzr-fastimport/distinfo
	deleted:    devel/bzr-fastimport/files/patch-deletion-case
	deleted:    devel/bzr-fastimport/files/patch-disable-known-graph
	deleted:    devel/bzr-fastimport/pkg-descr
	modified:   devel/github-backup-utils/Makefile
	modified:   devel/github-backup-utils/distinfo
	modified:   devel/github-backup-utils/pkg-plist
	modified:   devel/libfmt/Makefile
	modified:   devel/libfmt/distinfo
	modified:   devel/osc/Makefile
	modified:   devel/osc/distinfo
	modified:   devel/p5-Devel-PatchPerl/Makefile
	modified:   devel/p5-Devel-PatchPerl/distinfo
	modified:   devel/p5-PkgConfig/Makefile
	modified:   devel/p5-PkgConfig/distinfo
	modified:   devel/p5-Test-Dependencies/Makefile
	modified:   devel/p5-Test-Dependencies/distinfo
	new file:   devel/p5-Test-Snapshot/Makefile
	new file:   devel/p5-Test-Snapshot/distinfo
	new file:   devel/p5-Test-Snapshot/pkg-descr
	new file:   devel/p5-Test-Snapshot/pkg-plist
	modified:   devel/p5-true/Makefile
	modified:   devel/p5-true/distinfo
	modified:   devel/pecl-mustache/Makefile
	modified:   devel/pecl-mustache/distinfo
	modified:   devel/pecl-protobuf/Makefile
	modified:   devel/pecl-protobuf/distinfo
	deleted:    devel/pecl-protobuf/files/patch-message.c
	modified:   devel/pecl-psr/Makefile
	modified:   devel/pecl-psr/distinfo
	deleted:    devel/py-ToscaWidgets/Makefile
	deleted:    devel/py-ToscaWidgets/distinfo
	deleted:    devel/py-ToscaWidgets/pkg-descr
	modified:   devel/py-aioitertools/Makefile
	modified:   devel/py-aioitertools/distinfo
	modified:   devel/py-asciimatics/Makefile
	modified:   devel/py-asciimatics/distinfo
	modified:   devel/py-azure-core/Makefile
	modified:   devel/py-azure-core/distinfo
	deleted:    devel/py-calendar/Makefile
	deleted:    devel/py-calendar/distinfo
	deleted:    devel/py-calendar/pkg-descr
	modified:   devel/py-cmd2/Makefile
	modified:   devel/py-cmd2/distinfo
	modified:   devel/py-colorlog/Makefile
	modified:   devel/py-colorlog/distinfo
	modified:   devel/py-ddtrace/Makefile
	modified:   devel/py-ddtrace/distinfo
	modified:   devel/py-decoratortools/Makefile
	new file:   devel/py-decoratortools/files/patch-peak-util-decorators.py
	new file:   devel/py-decoratortools/files/patch-setup.py
	deleted:    devel/py-distorm/Makefile
	deleted:    devel/py-fabric1/Makefile
	deleted:    devel/py-fabric1/distinfo
	deleted:    devel/py-fabric1/files/patch-setup.py
	deleted:    devel/py-fabric1/pkg-descr
	modified:   devel/py-ijson/Makefile
	modified:   devel/py-ijson/distinfo
	modified:   devel/py-inflect/Makefile
	modified:   devel/py-inflect/distinfo
	modified:   devel/py-jeepney/Makefile
	modified:   devel/py-jeepney/distinfo
	modified:   devel/py-l18n/Makefile
	modified:   devel/py-l18n/distinfo
	modified:   devel/py-lark-parser/Makefile
	modified:   devel/py-lark-parser/distinfo
	modified:   devel/py-monkeytype/Makefile
	modified:   devel/py-monkeytype/distinfo
	modified:   devel/py-msgpack/Makefile
	modified:   devel/py-murmurhash/Makefile
	modified:   devel/py-murmurhash/distinfo
	modified:   devel/py-murmurhash/files/patch-setup.py
	modified:   devel/py-osc-lib/Makefile
	modified:   devel/py-osc-lib/distinfo
	modified:   devel/py-pint/Makefile
	modified:   devel/py-pint/distinfo
	modified:   devel/py-pip-api/Makefile
	modified:   devel/py-pip-api/distinfo
	modified:   devel/py-pipenv/Makefile
	modified:   devel/py-pipenv/distinfo
	modified:   devel/py-proto-plus/Makefile
	modified:   devel/py-proto-plus/distinfo
	modified:   devel/py-pydantic/Makefile
	modified:   devel/py-pydantic/distinfo
	new file:   devel/py-pytest-mypy/Makefile
	new file:   devel/py-pytest-mypy/distinfo
	new file:   devel/py-pytest-mypy/pkg-descr
	modified:   devel/py-python-json-logger/Makefile
	modified:   devel/py-python-json-logger/distinfo
	modified:   devel/py-pyvisa/Makefile
	modified:   devel/py-pyvisa/distinfo
	deleted:    devel/py-rcsparse/Makefile
	deleted:    devel/py-rcsparse/distinfo
	deleted:    devel/py-rcsparse/pkg-descr
	modified:   devel/py-responses/Makefile
	modified:   devel/py-responses/distinfo
	modified:   devel/py-retype/Makefile
	modified:   devel/py-retype/distinfo
	modified:   devel/py-tabulator/Makefile
	modified:   devel/py-tabulator/distinfo
	new file:   devel/py-virtualenv-api/Makefile
	new file:   devel/py-virtualenv-api/distinfo
	new file:   devel/py-virtualenv-api/pkg-descr
	deleted:    devel/pyrex/Makefile
	deleted:    devel/pyrex/distinfo
	deleted:    devel/pyrex/pkg-descr
	modified:   devel/rubygem-async/Makefile
	modified:   devel/rubygem-async/distinfo
	modified:   devel/rubygem-aws-partitions/Makefile
	modified:   devel/rubygem-aws-partitions/distinfo
	modified:   devel/rubygem-aws-sdk-amplify/Makefile
	modified:   devel/rubygem-aws-sdk-amplify/distinfo
	modified:   devel/rubygem-aws-sdk-autoscaling/Makefile
	modified:   devel/rubygem-aws-sdk-autoscaling/distinfo
	modified:   devel/rubygem-aws-sdk-core2/Makefile
	modified:   devel/rubygem-aws-sdk-core2/distinfo
	modified:   devel/rubygem-aws-sdk-datasync/Makefile
	modified:   devel/rubygem-aws-sdk-datasync/distinfo
	modified:   devel/rubygem-aws-sdk-docdb/Makefile
	modified:   devel/rubygem-aws-sdk-docdb/distinfo
	modified:   devel/rubygem-aws-sdk-dynamodb/Makefile
	modified:   devel/rubygem-aws-sdk-dynamodb/distinfo
	modified:   devel/rubygem-aws-sdk-ec2/Makefile
	modified:   devel/rubygem-aws-sdk-ec2/distinfo
	modified:   devel/rubygem-aws-sdk-ecs/Makefile
	modified:   devel/rubygem-aws-sdk-ecs/distinfo
	modified:   devel/rubygem-aws-sdk-elasticloadbalancingv2/Makefile
	modified:   devel/rubygem-aws-sdk-elasticloadbalancingv2/distinfo
	modified:   devel/rubygem-aws-sdk-elasticsearchservice/Makefile
	modified:   devel/rubygem-aws-sdk-elasticsearchservice/distinfo
	modified:   devel/rubygem-aws-sdk-forecastservice/Makefile
	modified:   devel/rubygem-aws-sdk-forecastservice/distinfo
	modified:   devel/rubygem-aws-sdk-fsx/Makefile
	modified:   devel/rubygem-aws-sdk-fsx/distinfo
	new file:   devel/rubygem-aws-sdk-gluedatabrew/Makefile
	new file:   devel/rubygem-aws-sdk-gluedatabrew/distinfo
	new file:   devel/rubygem-aws-sdk-gluedatabrew/pkg-descr
	modified:   devel/rubygem-aws-sdk-iot/Makefile
	modified:   devel/rubygem-aws-sdk-iot/distinfo
	modified:   devel/rubygem-aws-sdk-iotanalytics/Makefile
	modified:   devel/rubygem-aws-sdk-iotanalytics/distinfo
	modified:   devel/rubygem-aws-sdk-kendra/Makefile
	modified:   devel/rubygem-aws-sdk-kendra/distinfo
	modified:   devel/rubygem-aws-sdk-lexmodelbuildingservice/Makefile
	modified:   devel/rubygem-aws-sdk-lexmodelbuildingservice/distinfo
	modified:   devel/rubygem-aws-sdk-lightsail/Makefile
	modified:   devel/rubygem-aws-sdk-lightsail/distinfo
	modified:   devel/rubygem-aws-sdk-macie2/Makefile
	modified:   devel/rubygem-aws-sdk-macie2/distinfo
	modified:   devel/rubygem-aws-sdk-managedblockchain/Makefile
	modified:   devel/rubygem-aws-sdk-managedblockchain/distinfo
	modified:   devel/rubygem-aws-sdk-mediaconvert/Makefile
	modified:   devel/rubygem-aws-sdk-mediaconvert/distinfo
	modified:   devel/rubygem-aws-sdk-personalizeruntime/Makefile
	modified:   devel/rubygem-aws-sdk-personalizeruntime/distinfo
	modified:   devel/rubygem-aws-sdk-polly/Makefile
	modified:   devel/rubygem-aws-sdk-polly/distinfo
	modified:   devel/rubygem-aws-sdk-quicksight/Makefile
	modified:   devel/rubygem-aws-sdk-quicksight/distinfo
	modified:   devel/rubygem-aws-sdk-resources/Makefile
	modified:   devel/rubygem-aws-sdk-resources/distinfo
	modified:   devel/rubygem-aws-sdk-resources2/Makefile
	modified:   devel/rubygem-aws-sdk-resources2/distinfo
	modified:   devel/rubygem-aws-sdk-robomaker/Makefile
	modified:   devel/rubygem-aws-sdk-robomaker/distinfo
	modified:   devel/rubygem-aws-sdk-s3/Makefile
	modified:   devel/rubygem-aws-sdk-s3/distinfo
	modified:   devel/rubygem-aws-sdk-servicecatalog/Makefile
	modified:   devel/rubygem-aws-sdk-servicecatalog/distinfo
	modified:   devel/rubygem-aws-sdk-ssm/Makefile
	modified:   devel/rubygem-aws-sdk-ssm/distinfo
	modified:   devel/rubygem-aws-sdk-states/Makefile
	modified:   devel/rubygem-aws-sdk-states/distinfo
	modified:   devel/rubygem-aws-sdk-storagegateway/Makefile
	modified:   devel/rubygem-aws-sdk-storagegateway/distinfo
	modified:   devel/rubygem-aws-sdk-textract/Makefile
	modified:   devel/rubygem-aws-sdk-textract/distinfo
	modified:   devel/rubygem-aws-sdk2/Makefile
	modified:   devel/rubygem-aws-sdk2/distinfo
	modified:   devel/rubygem-bootsnap/Makefile
	modified:   devel/rubygem-bootsnap/distinfo
	modified:   devel/rubygem-cucumber-messages/Makefile
	modified:   devel/rubygem-cucumber-messages/distinfo
	modified:   devel/rubygem-emoji_regex/Makefile
	modified:   devel/rubygem-emoji_regex/distinfo
	modified:   devel/rubygem-excon/Makefile
	modified:   devel/rubygem-excon/distinfo
	modified:   devel/rubygem-google-api-client/Makefile
	modified:   devel/rubygem-google-api-client/distinfo
	modified:   devel/rubygem-listen/Makefile
	modified:   devel/rubygem-listen/distinfo
	modified:   devel/rubygem-mixlib-install/Makefile
	modified:   devel/rubygem-mixlib-install/distinfo
	modified:   devel/rubygem-oj/Makefile
	modified:   devel/rubygem-oj/distinfo
	modified:   devel/rubygem-reline/Makefile
	modified:   devel/rubygem-reline/distinfo
	modified:   devel/sbt/Makefile
	modified:   devel/sbt/distinfo
	modified:   dns/bind9-devel/Makefile
	modified:   dns/bind9-devel/distinfo
	modified:   dns/bind9-devel/files/extrapatch-bind-min-override-ttl
	modified:   dns/bind9-devel/files/patch-bin_named_include_named_globals.h
	modified:   dns/bind9-devel/pkg-plist
	modified:   dns/p5-Mozilla-PublicSuffix/Makefile
	modified:   dns/p5-Mozilla-PublicSuffix/distinfo
	modified:   dns/powerdns/Makefile
	modified:   dns/powerdns/files/pdns.in
	modified:   dns/powerdns/pkg-plist
	modified:   dns/public_suffix_list/Makefile
	modified:   dns/public_suffix_list/distinfo
	modified:   dns/py-dns-lexicon/Makefile
	modified:   dns/py-dns-lexicon/distinfo
	modified:   dns/py-publicsuffix/Makefile
	modified:   dns/py-publicsuffix2/Makefile
	modified:   dns/py-publicsuffixlist/Makefile
	modified:   dns/rubygem-public_suffix/Makefile
	modified:   dns/rubygem-public_suffix_service/Makefile
	modified:   finance/py-quantecon/Makefile
	modified:   finance/py-quantecon/distinfo
	modified:   games/cave9/Makefile
	modified:   games/cave9/files/patch-src_GNUmakefile
	modified:   games/ezquake/Makefile
	modified:   games/ezquake/distinfo
	modified:   games/ezquake/files/patch-Makefile
	deleted:    games/ezquake/files/patch-Makefile.list
	modified:   games/ezquake/files/patch-config_manager.c
	modified:   games/ezquake/files/patch-fs.c
	new file:   games/ezquake/files/patch-host.c
	deleted:    games/ezquake/files/patch-image.c
	deleted:    games/ezquake/files/patch-q_shared.h
	deleted:    games/ezquake/files/patch-snd_dma.c
	modified:   games/ezquake/pkg-descr
	modified:   games/ezquake/pkg-plist
	modified:   graphics/Makefile
	modified:   graphics/blender/Makefile
	modified:   graphics/drm-fbsd12.0-kmod/Makefile
	modified:   graphics/drm-fbsd12.0-kmod/distinfo
	modified:   graphics/mozjpeg/Makefile
	modified:   graphics/mozjpeg/distinfo
	deleted:    graphics/mozjpeg/files/patch-md5-md5.c
	modified:   graphics/mozjpeg/pkg-plist
	modified:   graphics/openimageio/Makefile
	new file:   graphics/openjph/Makefile
	new file:   graphics/openjph/distinfo
	new file:   graphics/openjph/files/patch-CMakeLists.txt
	new file:   graphics/openjph/pkg-descr
	new file:   graphics/openjph/pkg-plist
	new file:   graphics/p5-GraphViz2-DBI/Makefile
	new file:   graphics/p5-GraphViz2-DBI/distinfo
	new file:   graphics/p5-GraphViz2-DBI/pkg-descr
	new file:   graphics/p5-GraphViz2-DBI/pkg-plist
	new file:   graphics/p5-GraphViz2-Data-Grapher/Makefile
	new file:   graphics/p5-GraphViz2-Data-Grapher/distinfo
	new file:   graphics/p5-GraphViz2-Data-Grapher/pkg-descr
	new file:   graphics/p5-GraphViz2-Data-Grapher/pkg-plist
	new file:   graphics/p5-GraphViz2-Parse-ISA/Makefile
	new file:   graphics/p5-GraphViz2-Parse-ISA/distinfo
	new file:   graphics/p5-GraphViz2-Parse-ISA/pkg-descr
	new file:   graphics/p5-GraphViz2-Parse-ISA/pkg-plist
	new file:   graphics/p5-GraphViz2-Parse-RecDescent/Makefile
	new file:   graphics/p5-GraphViz2-Parse-RecDescent/distinfo
	new file:   graphics/p5-GraphViz2-Parse-RecDescent/pkg-descr
	new file:   graphics/p5-GraphViz2-Parse-RecDescent/pkg-plist
	new file:   graphics/p5-GraphViz2-Parse-XML/Makefile
	new file:   graphics/p5-GraphViz2-Parse-XML/distinfo
	new file:   graphics/p5-GraphViz2-Parse-XML/pkg-descr
	new file:   graphics/p5-GraphViz2-Parse-XML/pkg-plist
	modified:   graphics/p5-GraphViz2/Makefile
	modified:   graphics/p5-GraphViz2/distinfo
	modified:   graphics/p5-GraphViz2/pkg-plist
	modified:   graphics/photoflare/Makefile
	modified:   graphics/photoflare/distinfo
	modified:   graphics/photoflare/pkg-plist
	modified:   graphics/py-h3/Makefile
	modified:   graphics/py-hiplot/Makefile
	modified:   graphics/py-hiplot/distinfo
	new file:   graphics/s2/files/patch-src-s2-third_party-absl-base-internal-unaligned_access.h
	modified:   japanese/Makefile
	deleted:    japanese/py-tegaki/Makefile
	deleted:    japanese/py-tegaki/distinfo
	deleted:    japanese/py-tegaki/pkg-descr
	deleted:    japanese/py-tegaki/pkg-plist
	modified:   lang/gcc48/Makefile
	modified:   lang/gcc8-devel/Makefile
	modified:   lang/gcc8-devel/distinfo
	modified:   lang/perl5-devel/Makefile
	modified:   lang/perl5-devel/distinfo
	modified:   mail/thunderbird/Makefile
	modified:   mail/thunderbird/distinfo
	modified:   math/Makefile
	modified:   math/curv/Makefile
	modified:   math/dbcsr/Makefile
	new file:   math/dbcsr/files/patch-cmake_CompilerConfiguration.cmake
	modified:   math/gmp/Makefile
	modified:   math/gmp/distinfo
	modified:   math/gmp/pkg-plist
	modified:   math/librdata/Makefile
	modified:   math/librdata/distinfo
	modified:   math/py-Pyomo/Makefile
	modified:   math/py-Pyomo/distinfo
	modified:   math/py-intspan/Makefile
	modified:   math/py-intspan/distinfo
	modified:   math/py-intspan/pkg-descr
	modified:   math/py-jax/Makefile
	modified:   math/py-jax/distinfo
	modified:   math/py-munkres/Makefile
	modified:   math/py-munkres/distinfo
	modified:   math/py-munkres/pkg-descr
	deleted:    math/py-networkx1/Makefile
	deleted:    math/py-networkx1/distinfo
	deleted:    math/py-networkx1/files/patch-setup.py
	deleted:    math/py-networkx1/pkg-descr
	modified:   misc/Makefile
	modified:   misc/openvdb/Makefile
	modified:   misc/openvdb/distinfo
	modified:   misc/openvdb/files/patch-CMakeLists.txt
	modified:   misc/openvdb/files/patch-cmake_FindTBB.cmake
	modified:   misc/openvdb/files/patch-doc_CMakeLists.txt
	deleted:    misc/openvdb/files/patch-openvdb_CMakeLists.txt
	modified:   misc/openvdb/files/patch-openvdb_python_CMakeLists.txt
	modified:   misc/openvdb/pkg-plist
	modified:   misc/pciids/Makefile
	modified:   misc/pciids/distinfo
	deleted:    misc/py-progressbar231/Makefile
	deleted:    misc/py-progressbar231/distinfo
	deleted:    misc/py-progressbar231/pkg-descr
	modified:   misc/rubygem-mime-types-data/Makefile
	modified:   misc/rubygem-mime-types-data/distinfo
	modified:   multimedia/Makefile
	modified:   multimedia/py-ffmpeg-python/Makefile
	modified:   multimedia/py-ffmpeg-python/distinfo
	deleted:    multimedia/py-kaa-imlib2/Makefile
	deleted:    multimedia/py-kaa-imlib2/distinfo
	deleted:    multimedia/py-kaa-imlib2/files/patch-src_rawformats.c
	deleted:    multimedia/py-kaa-imlib2/pkg-descr
	deleted:    multimedia/py-kaa-metadata/Makefile
	deleted:    multimedia/py-kaa-metadata/distinfo
	deleted:    multimedia/py-kaa-metadata/files/patch-src-image-exiv2.cpp
	deleted:    multimedia/py-kaa-metadata/pkg-descr
	modified:   net-im/Makefile
	deleted:    net-im/libtelepathy/Makefile
	deleted:    net-im/libtelepathy/distinfo
	deleted:    net-im/libtelepathy/pkg-descr
	deleted:    net-im/libtelepathy/pkg-plist
	modified:   net-p2p/deluge-cli/Makefile
	new file:   net-p2p/deluge-cli/files/patch-deluge_core_preferencesmanager.py
	modified:   net/avahi/Makefile
	modified:   net/libngtcp2/Makefile
	modified:   net/libngtcp2/distinfo
	modified:   net/py-pyshark/Makefile
	modified:   net/py-pyshark/distinfo
	modified:   net/radcli/Makefile
	modified:   net/radcli/distinfo
	modified:   net/rubygem-google-cloud-bigtable/Makefile
	modified:   net/rubygem-google-cloud-bigtable/distinfo
	modified:   net/rubygem-google-cloud-pubsub/Makefile
	modified:   net/rubygem-google-cloud-pubsub/distinfo
	modified:   net/rubygem-train-core/Makefile
	modified:   net/rubygem-train-core/distinfo
	modified:   net/rubygem-train-winrm/Makefile
	modified:   net/rubygem-train-winrm/distinfo
	modified:   net/rubygem-train/Makefile
	modified:   net/rubygem-train/distinfo
	modified:   net/rubygem-train/files/patch-gemspec
	modified:   print/py-fonttools/Makefile
	modified:   print/py-fonttools/distinfo
	modified:   science/afni/Makefile
	modified:   science/afni/distinfo
	modified:   science/afni/pkg-plist
	modified:   science/dalton/Makefile
	modified:   science/dalton/distinfo
	deleted:    science/dalton/files/patch-dalton.in
	modified:   science/dalton/pkg-descr
	modified:   science/dalton/pkg-plist
	modified:   science/eccodes/Makefile
	modified:   science/eccodes/distinfo
	deleted:    science/eccodes/files/patch-src-grib_bits.c
	deleted:    science/eccodes/files/patch-src-grib_bits_fast_big_endian.c
	modified:   science/eccodes/pkg-plist
	modified:   science/libcint/Makefile
	modified:   science/libcint/distinfo
	modified:   science/py-eccodes-python/Makefile
	modified:   science/py-eccodes-python/distinfo
	modified:   science/py-geomet/Makefile
	modified:   science/py-geomet/distinfo
	deleted:    science/py-geomet/files/patch-setup.py
	modified:   science/py-gsd/Makefile
	modified:   science/py-gsd/distinfo
	modified:   science/py-kinematics/Makefile
	modified:   science/py-kinematics/distinfo
	modified:   science/py-pyaixi/Makefile
	modified:   science/py-pyaixi/distinfo
	modified:   science/py-pyaixi/pkg-descr
	modified:   science/py-pygeodesy/Makefile
	modified:   science/py-pygeodesy/distinfo
	modified:   science/quantum-espresso/Makefile
	modified:   science/quantum-espresso/distinfo
	modified:   science/quantum-espresso/pkg-plist
	modified:   security/Makefile
	modified:   security/botan2/Makefile
	modified:   security/botan2/pkg-plist
	modified:   security/keepassxc/Makefile
	modified:   security/keepassxc/distinfo
	modified:   security/keepassxc/pkg-plist
	modified:   security/keybase/Makefile
	modified:   security/keybase/distinfo
	modified:   security/pinentry/Makefile
	new file:   security/pinentry/pkg-message.gnome3
	modified:   security/py-authlib/Makefile
	modified:   security/py-authlib/distinfo
	modified:   security/py-certbot-dns-cloudxns/Makefile
	modified:   security/py-certbot-dns-dnsimple/Makefile
	modified:   security/py-certbot-dns-dnsmadeeasy/Makefile
	modified:   security/py-certbot-dns-gehirn/Makefile
	modified:   security/py-certbot-dns-linode/Makefile
	modified:   security/py-certbot-dns-luadns/Makefile
	modified:   security/py-certbot-dns-nsone/Makefile
	modified:   security/py-certbot-dns-ovh/Makefile
	modified:   security/py-certbot-dns-sakuracloud/Makefile
	modified:   security/py-certifi/Makefile
	modified:   security/py-certifi/distinfo
	deleted:    security/py-mcrypt/Makefile
	deleted:    security/py-mcrypt/distinfo
	deleted:    security/py-mcrypt/pkg-descr
	modified:   security/py-pysaml2/Makefile
	modified:   security/py-pysaml2/distinfo
	modified:   security/py-pysaml2/pkg-descr
	new file:   security/py-webauthn/Makefile
	new file:   security/py-webauthn/distinfo
	new file:   security/py-webauthn/pkg-descr
	modified:   security/vuxml/vuln.xml
	modified:   shells/starship/Makefile
	modified:   shells/starship/distinfo
	modified:   sysutils/Makefile
	modified:   sysutils/burp-devel/Makefile
	modified:   sysutils/burp-devel/distinfo
	modified:   sysutils/conan/Makefile
	modified:   sysutils/conan/distinfo
	new file:   sysutils/gitwatch/Makefile
	new file:   sysutils/gitwatch/distinfo
	new file:   sysutils/gitwatch/files/gitwatch.in
	new file:   sysutils/gitwatch/files/patch-gitwatch.sh
	new file:   sysutils/gitwatch/pkg-descr
	modified:   sysutils/py-tmuxp/Makefile
	modified:   sysutils/py-tmuxp/distinfo
	modified:   sysutils/rubygem-parallel/Makefile
	modified:   sysutils/rubygem-parallel/distinfo
	modified:   sysutils/rubygem-winrm-elevated/Makefile
	modified:   sysutils/rubygem-winrm-elevated/distinfo
	modified:   textproc/Makefile
	modified:   textproc/asciidoc/Makefile
	modified:   textproc/asciidoc/distinfo
	modified:   textproc/p5-Text-Table-HTML-DataTables/Makefile
	modified:   textproc/p5-Text-Table-HTML-DataTables/distinfo
	modified:   textproc/p5-Text-Table-HTML-DataTables/pkg-plist
	modified:   textproc/py-elasticsearch/Makefile
	modified:   textproc/py-elasticsearch/distinfo
	modified:   textproc/py-furo/Makefile
	modified:   textproc/py-furo/distinfo
	modified:   textproc/py-sphinx-tabs/Makefile
	modified:   textproc/py-sphinx-tabs/distinfo
	deleted:    textproc/py-sphinx-tabs/files/patch-setup.py
	modified:   textproc/py-sphinx-tabs/pkg-descr
	modified:   textproc/rubygem-autoprefixer-rails/Makefile
	modified:   textproc/rubygem-autoprefixer-rails/distinfo
	modified:   textproc/rubygem-rouge/Makefile
	modified:   textproc/rubygem-rouge/distinfo
	new file:   textproc/rubygem-rouge324/Makefile
	new file:   textproc/rubygem-rouge324/distinfo
	new file:   textproc/rubygem-rouge324/pkg-descr
	modified:   www/Makefile
	modified:   www/ckeditor/Makefile
	modified:   www/ckeditor/distinfo
	modified:   www/ckeditor/pkg-plist
	modified:   www/gitlab-ce/Makefile
	modified:   www/libnghttp3/Makefile
	modified:   www/libnghttp3/distinfo
	new file:   www/ls-qpack/Makefile
	new file:   www/ls-qpack/distinfo
	new file:   www/ls-qpack/files/patch-CMakeLists.txt
	new file:   www/ls-qpack/files/patch-bin-CMakeLists.txt
	new file:   www/ls-qpack/files/patch-bin-interop-decode.c
	new file:   www/ls-qpack/pkg-descr
	new file:   www/ls-qpack/pkg-plist
	new file:   www/py-aioquic/Makefile
	new file:   www/py-aioquic/distinfo
	new file:   www/py-aioquic/pkg-descr
	deleted:    www/py-beautifulsoup32/Makefile
	deleted:    www/py-beautifulsoup32/distinfo
	deleted:    www/py-beautifulsoup32/pkg-descr
	modified:   www/py-cheroot/Makefile
	modified:   www/py-cheroot/distinfo
	modified:   www/py-dj31-django-debug-toolbar/Makefile
	modified:   www/py-dj31-django-debug-toolbar/distinfo
	modified:   www/py-django-debug-toolbar/Makefile
	modified:   www/py-django-debug-toolbar/distinfo
	modified:   www/py-django-modelcluster/Makefile
	modified:   www/py-django-modelcluster/distinfo
	deleted:    www/py-evernote/Makefile
	deleted:    www/py-evernote/distinfo
	deleted:    www/py-evernote/files/patch-setup.py
	deleted:    www/py-evernote/pkg-descr
	modified:   www/py-google-cloud-datastore/Makefile
	modified:   www/py-google-cloud-datastore/distinfo
	modified:   www/py-httpcore/Makefile
	modified:   www/py-httpcore/distinfo
	new file:   www/py-hypercorn/Makefile
	new file:   www/py-hypercorn/distinfo
	new file:   www/py-hypercorn/pkg-descr
	modified:   www/py-jsonfield2/Makefile
	modified:   www/py-jsonfield2/distinfo
	modified:   www/py-jsonfield2/pkg-descr
	deleted:    www/py-meld3/Makefile
	deleted:    www/py-meld3/distinfo
	deleted:    www/py-meld3/pkg-descr
	new file:   www/py-pylsqpack/Makefile
	new file:   www/py-pylsqpack/distinfo
	new file:   www/py-pylsqpack/pkg-descr
	deleted:    www/py-requestbuilder/Makefile
	deleted:    www/py-requestbuilder/distinfo
	deleted:    www/py-requestbuilder/pkg-descr
	modified:   www/py-requests-aws4auth/Makefile
	modified:   www/py-requests-aws4auth/distinfo
	modified:   www/py-requests-aws4auth/files/patch-setup.py
	modified:   www/py-spyne/Makefile
	modified:   www/py-spyne/distinfo
	deleted:    www/py-spyne/files/patch-spyne-test-transport-test_msgpack.py
	modified:   www/py-spyne/pkg-descr
	modified:   www/py-starlette/Makefile
	modified:   www/py-starlette/distinfo
	modified:   www/py-tornado/Makefile
	modified:   www/py-tornado/pkg-descr
	modified:   www/py-tornado4/pkg-descr
	modified:   www/py-tornado6/Makefile
	modified:   www/py-tornado6/distinfo
	modified:   www/py-tornado6/pkg-descr
	modified:   www/py-wagtail/Makefile
	modified:   www/py-wagtail/distinfo
	modified:   www/py-wagtail/files/patch-setup.py
	modified:   www/rss-bridge/Makefile
	modified:   www/rss-bridge/distinfo
	modified:   www/rss-bridge/pkg-plist
	modified:   www/rubygem-platform-api/Makefile
	modified:   www/rubygem-platform-api/distinfo
	modified:   www/rubygem-webmock/Makefile
	modified:   www/rubygem-webmock/distinfo
	modified:   www/you-get/Makefile
	modified:   www/you-get/distinfo
	modified:   x11-fonts/noto-emoji/Makefile
	modified:   x11-fonts/noto-emoji/distinfo
	modified:   x11-fonts/ots/Makefile
	modified:   x11-fonts/ots/distinfo
	modified:   x11-fonts/ots/files/patch-meson.build
	modified:   x11-fonts/ots/pkg-plist
	modified:   x11-fonts/py-opentype-sanitizer/Makefile
	modified:   x11-fonts/py-opentype-sanitizer/distinfo
	modified:   x11-fonts/victor-mono-ttf/Makefile
	modified:   x11-fonts/victor-mono-ttf/distinfo
	modified:   x11-toolkits/Makefile
	deleted:    x11-toolkits/py-SquareMap/Makefile
	deleted:    x11-toolkits/py-SquareMap/distinfo
	deleted:    x11-toolkits/py-SquareMap/pkg-descr
	modified:   x11-wm/Makefile
	new file:   x11-wm/gamescope/Makefile
	new file:   x11-wm/gamescope/distinfo
	new file:   x11-wm/gamescope/files/patch-private-libs
	new file:   x11-wm/gamescope/pkg-descr
	new file:   x11-wm/gamescope/pkg-message
	modified:   x11-wm/i3/distinfo
	modified:   x11-wm/phoc/Makefile
	modified:   x11/Makefile
	modified:   x11/phosh/Makefile
	modified:   x11/phosh/distinfo
	new file:   x11/wlr-randr/Makefile
	new file:   x11/wlr-randr/distinfo
	new file:   x11/wlr-randr/pkg-descr
	new file:   x11/wtype/Makefile
	new file:   x11/wtype/distinfo
	new file:   x11/wtype/pkg-descr

Unmerged paths:
  (use "git add/rm <file>..." as appropriate to mark resolution)
	deleted by them: databases/postgis23/Makefile
	both modified:   x11-wm/i3/Makefile


It took 2.93 seconds to enumerate untracked files. 'status -uno'
may speed it up, but you have to be careful not to forget to add
new files yourself (see 'git help status').
HEAD is now at 3eb2b53dd173 HBSD: Resolve merge conflict
==== merge failed and clean up after ====
On branch master
Your branch is up to date with 'origin/master'.


It took 3.20 seconds to enumerate untracked files. 'status -uno'
may speed it up, but you have to be careful not to forget to add
new files yourself (see 'git help status').
nothing to commit, working tree clean
HEAD is now at 3eb2b53dd173 HBSD: Resolve merge conflict
==== END: master ====
