==== BEGIN: master ====
current branch: master
mergeable branch: github/master
==== change branch ====
Already on 'master'
Your branch is up to date with 'origin/master'.
==== show current branch ====
* master
==== check for stale changes ====
==== update to latest origin ====
=============================
HardenedBSD Master git Server
=============================

Please note that connections and activity to this server are logged.
This server, git-01.md.hardenedbsd.org, acts as the source-of-truth
server for the HardenedBSD repositories.

Banner last updated: 10 Feb 2020 09:32 EST

Already up to date.
==== merge branches ====
==== merge github/master branch ====
Already up to date.
=============================
HardenedBSD Master git Server
=============================

Please note that connections and activity to this server are logged.
This server, git-01.md.hardenedbsd.org, acts as the source-of-truth
server for the HardenedBSD repositories.

Banner last updated: 10 Feb 2020 09:32 EST

Everything up-to-date
==== END: master ====
==== BEGIN: master ====
current branch: master
mergeable branch: freebsd/master
==== change branch ====
Already on 'master'
Your branch is up to date with 'origin/master'.
==== show current branch ====
* master
==== check for stale changes ====
==== update to latest origin ====
=============================
HardenedBSD Master git Server
=============================

Please note that connections and activity to this server are logged.
This server, git-01.md.hardenedbsd.org, acts as the source-of-truth
server for the HardenedBSD repositories.

Banner last updated: 10 Feb 2020 09:32 EST

Already up to date.
==== merge branches ====
==== merge freebsd/master branch ====
Auto-merging lang/ghc/Makefile
Removing lang/gcc10-devel/files/patch-analyzer
Merge made by the 'recursive' strategy.
 devel/Makefile                        |   1 +
 devel/delve/Makefile                  |  28 +++++++++
 devel/delve/distinfo                  |   3 +
 devel/delve/pkg-descr                 |   7 +++
 devel/delve/pkg-message               |  15 +++++
 devel/gh/Makefile                     |   4 +-
 devel/gh/distinfo                     |   6 +-
 devel/jetbrains-clion/Makefile        |   2 +-
 devel/jetbrains-clion/distinfo        |   6 +-
 devel/jetbrains-clion/pkg-plist       |   8 +--
 devel/jetbrains-goland/Makefile       |   6 +-
 devel/jetbrains-goland/distinfo       |   6 +-
 devel/jetbrains-goland/pkg-plist      |   5 +-
 graphics/libavif/Makefile             |   3 +-
 graphics/libavif/distinfo             |   6 +-
 graphics/libavif/pkg-plist            |   2 +-
 lang/cython/Makefile                  |   5 +-
 lang/cython/distinfo                  |   6 +-
 lang/gcc10-devel/Makefile             |   2 +-
 lang/gcc10-devel/distinfo             |   6 +-
 lang/gcc10-devel/files/patch-analyzer |  26 --------
 lang/ghc/Makefile                     |   5 +-
 lang/ghc/distinfo                     |  12 ++--
 lang/go-devel/Makefile                |  25 ++++----
 lang/intel-compute-runtime/Makefile   |   2 +-
 lang/intel-compute-runtime/distinfo   |   6 +-
 mail/Makefile                         |   1 +
 mail/rubygem-roadie-rails/Makefile    |   3 +-
 mail/rubygem-roadie-rails52/Makefile  |   3 +-
 mail/rubygem-roadie3/Makefile         |  25 ++++++++
 mail/rubygem-roadie3/distinfo         |   3 +
 mail/rubygem-roadie3/pkg-descr        |   4 ++
 misc/perkeep/Makefile                 |  65 ++------------------
 misc/perkeep/distinfo                 | 112 +---------------------------------
 net/haproxy19/Makefile                |   2 +-
 net/haproxy19/distinfo                |   6 +-
 net/haproxy19/pkg-plist               |   2 +
 net/libfabric/Makefile                |  14 +++++
 ports-mgmt/pkg-devel/Makefile         |   4 +-
 ports-mgmt/pkg-devel/distinfo         |   6 +-
 security/aws-vault/Makefile           |   2 +-
 security/aws-vault/distinfo           |   6 +-
 security/cyberchef/Makefile           |   2 +-
 security/cyberchef/distinfo           |   6 +-
 textproc/apertium/Makefile            |  20 ++++--
 textproc/apertium/distinfo            |   8 ++-
 textproc/apertium/pkg-plist           |  41 +++++++++++--
 www/redmine/Makefile                  |   4 +-
 www/rubygem-roda/Makefile             |   2 +-
 www/rubygem-roda/distinfo             |   6 +-
 50 files changed, 253 insertions(+), 297 deletions(-)
 create mode 100644 devel/delve/Makefile
 create mode 100644 devel/delve/distinfo
 create mode 100644 devel/delve/pkg-descr
 create mode 100644 devel/delve/pkg-message
 delete mode 100644 lang/gcc10-devel/files/patch-analyzer
 create mode 100644 mail/rubygem-roadie3/Makefile
 create mode 100644 mail/rubygem-roadie3/distinfo
 create mode 100644 mail/rubygem-roadie3/pkg-descr
=============================
HardenedBSD Master git Server
=============================

Please note that connections and activity to this server are logged.
This server, git-01.md.hardenedbsd.org, acts as the source-of-truth
server for the HardenedBSD repositories.

Banner last updated: 10 Feb 2020 09:32 EST

remote: To github.com:HardenedBSD/hardenedbsd-ports.git        
remote:    3671a16222b1..26e3a0689e40  master -> master        
remote:    77cc35d458b4..3671a16222b1  github/master -> github/master        
To git-01.md.hardenedbsd.org:HardenedBSD/hardenedbsd-ports.git
   3671a16222b1..26e3a0689e40  master -> master
==== END: master ====
