==== BEGIN: master ====
current branch: master
mergeable branch: github/master
==== change branch ====
Already on 'master'
Your branch is up to date with 'origin/master'.
==== show current branch ====
* master
==== check for stale changes ====
==== update to latest origin ====
warning: Pulling without specifying how to reconcile divergent branches is
discouraged. You can squelch this message by running one of the following
commands sometime before your next pull:

  git config pull.rebase false  # merge (the default strategy)
  git config pull.rebase true   # rebase
  git config pull.ff only       # fast-forward only

You can replace "git config" with "git config --global" to set a default
preference for all repositories. You can also pass --rebase, --no-rebase,
or --ff-only on the command line to override the configured default per
invocation.

=============================
HardenedBSD Master git Server
=============================

Please note that connections and activity to this server are logged.
This server, git-01.md.hardenedbsd.org, acts as the source-of-truth
server for the HardenedBSD repositories.

Banner last updated: 10 Feb 2020 09:32 EST

Already up to date.
==== merge branches ====
==== merge github/master branch ====
Already up to date.
=============================
HardenedBSD Master git Server
=============================

Please note that connections and activity to this server are logged.
This server, git-01.md.hardenedbsd.org, acts as the source-of-truth
server for the HardenedBSD repositories.

Banner last updated: 10 Feb 2020 09:32 EST

Everything up-to-date
==== END: master ====
==== BEGIN: master ====
current branch: master
mergeable branch: freebsd/master
==== change branch ====
Already on 'master'
Your branch is up to date with 'origin/master'.
==== show current branch ====
* master
==== check for stale changes ====
==== update to latest origin ====
warning: Pulling without specifying how to reconcile divergent branches is
discouraged. You can squelch this message by running one of the following
commands sometime before your next pull:

  git config pull.rebase false  # merge (the default strategy)
  git config pull.rebase true   # rebase
  git config pull.ff only       # fast-forward only

You can replace "git config" with "git config --global" to set a default
preference for all repositories. You can also pass --rebase, --no-rebase,
or --ff-only on the command line to override the configured default per
invocation.

=============================
HardenedBSD Master git Server
=============================

Please note that connections and activity to this server are logged.
This server, git-01.md.hardenedbsd.org, acts as the source-of-truth
server for the HardenedBSD repositories.

Banner last updated: 10 Feb 2020 09:32 EST

Already up to date.
==== merge branches ====
==== merge freebsd/master branch ====
Removing net/sup/files/patch-supscan_Makefile
Removing net/sup/files/patch-lib_Makefile
Removing net/sup/files/COPYING
Removing net-im/matterhorn/files/patch-matterhorn.cabal
Merge made by the 'recursive' strategy.
 databases/tcl-sqlite3/Makefile                 |    2 +-
 databases/tcl-sqlite3/distinfo                 |    6 +-
 devel/hs-haddock/Makefile                      |    2 +
 games/openbor/Makefile                         |    1 +
 games/scummvm-tools/Makefile                   |   47 +-
 games/scummvm-tools/distinfo                   |    6 +-
 games/scummvm-tools/files/patch-configure      |   22 +
 games/scummvm-tools/pkg-plist                  |    4 +-
 graphics/Makefile                              |    1 +
 graphics/tikzit/Makefile                       |   22 +
 graphics/tikzit/distinfo                       |    3 +
 graphics/tikzit/pkg-descr                      |    5 +
 graphics/tikzit/pkg-plist                      |   12 +
 math/hs-Agda/Makefile                          |    2 +-
 math/hs-Agda/files/patch-Agda.cabal            |   11 +
 multimedia/libva-intel-hybrid-driver/Makefile  |    4 +-
 multimedia/libva-intel-hybrid-driver/distinfo  |    2 +
 multimedia/vapoursynth/Makefile                |    2 +-
 multimedia/vapoursynth/distinfo                |    6 +-
 net-im/matterhorn/Makefile                     |   46 +-
 net-im/matterhorn/distinfo                     |   80 +-
 net-im/matterhorn/files/patch-matterhorn.cabal |   11 -
 net/netatalk3/files/patch-etc_afpd_directory.h |   14 +
 net/sup/Makefile                               |    8 +-
 net/sup/distinfo                               |    5 +-
 net/sup/files/COPYING                          |   24 -
 net/sup/files/patch-lib_Makefile               |   14 -
 net/sup/files/patch-supscan_Makefile           |   14 -
 security/gnutls/Makefile                       |    6 +-
 security/gnutls/pkg-plist                      | 2296 ++++++++++++------------
 x11-clocks/wmcalclock/Makefile                 |   10 +-
 x11-clocks/wmcalclock/files/patch-Makefile     |    4 +-
 x11-clocks/wmcalclock/files/patch-wmCalClock.c |    6 +-
 x11-clocks/wmcalclock/files/patch-xutils.c     |   15 +
 x11-clocks/wmcalclock/files/patch-xutils.h     |   19 +
 35 files changed, 1397 insertions(+), 1335 deletions(-)
 create mode 100644 games/scummvm-tools/files/patch-configure
 create mode 100644 graphics/tikzit/Makefile
 create mode 100644 graphics/tikzit/distinfo
 create mode 100644 graphics/tikzit/pkg-descr
 create mode 100644 graphics/tikzit/pkg-plist
 create mode 100644 math/hs-Agda/files/patch-Agda.cabal
 delete mode 100644 net-im/matterhorn/files/patch-matterhorn.cabal
 create mode 100644 net/netatalk3/files/patch-etc_afpd_directory.h
 delete mode 100644 net/sup/files/COPYING
 delete mode 100644 net/sup/files/patch-lib_Makefile
 delete mode 100644 net/sup/files/patch-supscan_Makefile
 create mode 100644 x11-clocks/wmcalclock/files/patch-xutils.c
 create mode 100644 x11-clocks/wmcalclock/files/patch-xutils.h
=============================
HardenedBSD Master git Server
=============================

Please note that connections and activity to this server are logged.
This server, git-01.md.hardenedbsd.org, acts as the source-of-truth
server for the HardenedBSD repositories.

Banner last updated: 10 Feb 2020 09:32 EST

remote: * Checking 1 branches        
remote: Checked 1 references in total        
remote: To github.com:HardenedBSD/hardenedbsd-ports.git        
remote:    63ed7f9f3082..936a48f5ca80  master -> master        
remote:    ca271b6a92c7..63ed7f9f3082  github/master -> github/master
remote:  ! [remote rejected]           refs/pull/2/head -> refs/pull/2/head (deny updating a hidden ref)        
remote: error: failed to push some refs to 'github.com:HardenedBSD/hardenedbsd-ports.git'        
remote: . Processing 1 references        
remote: Gitea: Internal Server Error        
remote: Unable to contact gitea: Post "http://localhost:3000/api/internal/hook/post-receive/hardenedbsd/hardenedbsd-ports": read tcp 172.16.1.72:39548->172.16.1.72:3000: i/o timeout        
To git-01.md.hardenedbsd.org:HardenedBSD/hardenedbsd-ports.git
   63ed7f9f3082..936a48f5ca80  master -> master
==== END: master ====
