==== BEGIN: master ====
current branch: master
mergeable branch: github/master
==== change branch ====
Already on 'master'
Your branch is up to date with 'origin/master'.
==== show current branch ====
* master
==== check for stale changes ====
==== update to latest origin ====
=============================
HardenedBSD Master git Server
=============================

Please note that connections and activity to this server are logged.
This server, git-01.md.hardenedbsd.org, acts as the source-of-truth
server for the HardenedBSD repositories.

Banner last updated: 10 Feb 2020 09:32 EST

Already up to date.
==== merge branches ====
==== merge github/master branch ====
Already up to date.
=============================
HardenedBSD Master git Server
=============================

Please note that connections and activity to this server are logged.
This server, git-01.md.hardenedbsd.org, acts as the source-of-truth
server for the HardenedBSD repositories.

Banner last updated: 10 Feb 2020 09:32 EST

Everything up-to-date
==== END: master ====
==== BEGIN: master ====
current branch: master
mergeable branch: freebsd/master
==== change branch ====
Already on 'master'
Your branch is up to date with 'origin/master'.
==== show current branch ====
* master
==== check for stale changes ====
==== update to latest origin ====
=============================
HardenedBSD Master git Server
=============================

Please note that connections and activity to this server are logged.
This server, git-01.md.hardenedbsd.org, acts as the source-of-truth
server for the HardenedBSD repositories.

Banner last updated: 10 Feb 2020 09:32 EST

Already up to date.
==== merge branches ====
==== merge freebsd/master branch ====
Merge made by the 'recursive' strategy.
 cad/veroroute/Makefile                  |  12 +-
 cad/veroroute/distinfo                  |   6 +-
 cad/veroroute/files/patch-veroroute.pro |  11 ++
 cad/veroroute/pkg-plist                 | 190 ++++++++++++++++++++++++++++++++
 devel/xeus/Makefile                     |   2 +-
 devel/xeus/distinfo                     |   6 +-
 devel/xeus/pkg-plist                    |   1 +
 devel/xtl-quant-stack/Makefile          |   2 +-
 devel/xtl-quant-stack/distinfo          |   6 +-
 math/py-spot/Makefile                   |   2 +-
 math/py-spot/distinfo                   |   6 +-
 math/spot/Makefile                      |   2 +-
 math/spot/distinfo                      |   6 +-
 13 files changed, 224 insertions(+), 28 deletions(-)
 create mode 100644 cad/veroroute/files/patch-veroroute.pro
 create mode 100644 cad/veroroute/pkg-plist
=============================
HardenedBSD Master git Server
=============================

Please note that connections and activity to this server are logged.
This server, git-01.md.hardenedbsd.org, acts as the source-of-truth
server for the HardenedBSD repositories.

Banner last updated: 10 Feb 2020 09:32 EST

remote: To github.com:HardenedBSD/hardenedbsd-ports.git        
remote:    0618cf99a720..12dce9f7aca1  master -> master        
remote:    9ce87fb0bb5b..0618cf99a720  github/master -> github/master
To git-01.md.hardenedbsd.org:HardenedBSD/hardenedbsd-ports.git
   0618cf99a720..12dce9f7aca1  master -> master
==== END: master ====
