==== BEGIN: master ====
current branch: master
mergeable branch: github/master
==== change branch ====
Already on 'master'
Your branch is up to date with 'origin/master'.
==== show current branch ====
* master
==== check for stale changes ====
==== update to latest origin ====
Already up to date.
==== merge branches ====
==== merge github/master branch ====
Already up to date.
Everything up-to-date
==== END: master ====
==== BEGIN: master ====
current branch: master
mergeable branch: freebsd/master
==== change branch ====
Already on 'master'
Your branch is up to date with 'origin/master'.
==== show current branch ====
* master
==== check for stale changes ====
==== update to latest origin ====
Already up to date.
==== merge branches ====
==== merge freebsd/master branch ====
Auto-merging x11/xclip/Makefile
Removing x11-themes/kde-icons-kool-gorilla/pkg-message
Removing x11-themes/kde-icons-kool-gorilla/pkg-descr
Removing x11-themes/kde-icons-kool-gorilla/distinfo
Removing x11-themes/kde-icons-kool-gorilla/Makefile
Removing sysutils/u-boot-zybo/pkg-descr
Removing sysutils/u-boot-zybo/files/uEnv.txt
Removing sysutils/u-boot-zybo/Makefile
Removing sysutils/u-boot-zedboard/pkg-descr
Removing sysutils/u-boot-zedboard/files/uEnv.txt
Removing sysutils/u-boot-zedboard/Makefile
Auto-merging sysutils/lsof/Makefile
Removing sysutils/hfm/pkg-plist
Removing sysutils/hfm/pkg-message
Removing sysutils/hfm/pkg-descr
Removing sysutils/hfm/files/hfm.in
Removing sysutils/hfm/distinfo
Removing sysutils/hfm/Makefile
Removing science/meep/pkg-plist
Removing science/meep/pkg-descr
Removing science/meep/files/patch-src_mympi.hpp
Removing science/meep/files/patch-libctl_Makefile.in
Removing science/meep/files/patch-configure
Removing science/meep/distinfo
Removing science/meep/Makefile
Removing math/dynare/pkg-plist
Removing math/dynare/pkg-descr
Removing math/dynare/files/patch-mex_build_octave_configure
Removing math/dynare/files/patch-dynare++_parser_cc_parser__exception.h
Removing math/dynare/files/patch-dynare++_kord_journal.cweb
Removing math/dynare/files/patch-Makefile.in
Removing math/dynare/distinfo
Removing math/dynare/Makefile
Removing lang/rubinius/pkg-plist
Removing lang/rubinius/pkg-descr
Removing lang/rubinius/files/patch-configure
Removing lang/rubinius/files/build-tool.c
Removing lang/rubinius/distinfo
Removing lang/rubinius/Makefile
Removing lang/js_of_ocaml/pkg-descr
Removing lang/js_of_ocaml/files/patch-Makefile
Removing lang/js_of_ocaml/distinfo
Removing lang/js_of_ocaml/Makefile
Auto-merging irc/iroffer-dinoex/Makefile
Removing graphics/vv/pkg-descr
Removing graphics/vv/files/patch-registration_CMakeLists.txt
Removing graphics/vv/distinfo
Removing graphics/vv/Makefile
Removing graphics/mapnik/pkg-plist
Removing graphics/mapnik/pkg-descr
Removing graphics/mapnik/files/patch-icu59
Removing graphics/mapnik/files/patch-boost-1.69
Removing graphics/mapnik/files/patch-SConstruct
Removing graphics/mapnik/distinfo
Removing graphics/mapnik/Makefile
Removing games/xtris/pkg-plist
Removing games/xtris/pkg-descr
Removing games/xtris/files/patch-Makefile
Removing games/xtris/distinfo
Removing games/xtris/Makefile
Removing games/stonesoup-sdl/Makefile
Removing devel/shedskin/pkg-descr
Removing devel/shedskin/distinfo
Removing devel/shedskin/Makefile
Removing devel/rubygem-mustermann-grape/files/patch-gemspec
Removing devel/p5-rpm-build-perl/pkg-plist
Removing devel/p5-rpm-build-perl/pkg-descr
Removing devel/p5-rpm-build-perl/distinfo
Removing devel/p5-rpm-build-perl/Makefile
Removing devel/ocaml-deriving-ocsigen/pkg-descr
Removing devel/ocaml-deriving-ocsigen/files/patch-syntax-Makefile
Removing devel/ocaml-deriving-ocsigen/distinfo
Removing devel/ocaml-deriving-ocsigen/Makefile
Removing devel/erlang-msgpack/pkg-plist
Removing devel/erlang-msgpack/pkg-descr
Removing devel/erlang-msgpack/files/patch-rebar.config
Removing devel/erlang-msgpack/distinfo
Removing devel/erlang-msgpack/Makefile
Removing devel/erlang-gen_rpc/pkg-plist
Removing devel/erlang-gen_rpc/pkg-descr
Removing devel/erlang-gen_rpc/files/patch-rebar.config
Removing devel/erlang-gen_rpc/distinfo
Removing devel/erlang-gen_rpc/Makefile
Removing devel/erlang-clique/pkg-plist
Removing devel/erlang-clique/pkg-descr
Removing devel/erlang-clique/files/patch-rebar.config
Removing devel/erlang-clique/distinfo
Removing devel/erlang-clique/Makefile
Removing devel/elixir-swarm/pkg-plist
Removing devel/elixir-swarm/pkg-descr
Removing devel/elixir-swarm/distinfo
Removing devel/elixir-swarm/Makefile
Removing devel/elixir-gen_state_machine/pkg-plist
Removing devel/elixir-gen_state_machine/pkg-descr
Removing devel/elixir-gen_state_machine/distinfo
Removing devel/elixir-gen_state_machine/Makefile
Removing deskutils/zanshin/pkg-plist
Removing deskutils/zanshin/pkg-descr
Removing deskutils/zanshin/distinfo
Removing deskutils/zanshin/Makefile
Removing cad/brickutils/pkg-plist
Removing cad/brickutils/pkg-descr
Removing cad/brickutils/files/pkg-message.in
Removing cad/brickutils/files/patch-BrickUtils.desktop
Removing cad/brickutils/files/brickutils.in
Removing cad/brickutils/distinfo
Removing cad/brickutils/Makefile
Removing audio/triceratops-lv2/pkg-plist
Removing audio/triceratops-lv2/pkg-descr
Removing audio/triceratops-lv2/files/patch-wscript
Removing audio/triceratops-lv2/files/patch-synth.cpp
Removing audio/triceratops-lv2/distinfo
Removing audio/triceratops-lv2/Makefile
Removing audio/slv2/pkg-plist
Removing audio/slv2/pkg-descr
Removing audio/slv2/distinfo
Removing audio/slv2/Makefile
Removing audio/drumgizmo/files/patch-drumgizmo_output_oss.cc
Removing audio/drumgizmo/files/patch-drumgizmo_input_ossmidi.cc
Removing astro/viking/pkg-plist
Removing astro/viking/pkg-descr
Removing astro/viking/files/pkg-message.in
Removing astro/viking/distinfo
Removing astro/viking/Makefile
Merge made by the 'recursive' strategy.
 LEGAL                                              |    1 -
 MOVED                                              |   25 +
 astro/Makefile                                     |    1 -
 astro/viking/Makefile                              |   98 -
 astro/viking/distinfo                              |    3 -
 astro/viking/files/pkg-message.in                  |   13 -
 astro/viking/pkg-descr                             |    8 -
 astro/viking/pkg-plist                             |   43 -
 audio/Makefile                                     |    2 -
 audio/drumgizmo/Makefile                           |    3 +-
 audio/drumgizmo/distinfo                           |    6 +-
 .../files/patch-drumgizmo_input_ossmidi.cc         |   10 -
 .../drumgizmo/files/patch-drumgizmo_output_oss.cc  |   10 -
 audio/drumgizmo/pkg-plist                          |    1 -
 audio/slv2/Makefile                                |   43 -
 audio/slv2/distinfo                                |    2 -
 audio/slv2/pkg-descr                               |    4 -
 audio/slv2/pkg-plist                               |   23 -
 audio/triceratops-lv2/Makefile                     |   35 -
 audio/triceratops-lv2/distinfo                     |    3 -
 audio/triceratops-lv2/files/patch-synth.cpp        |   11 -
 audio/triceratops-lv2/files/patch-wscript          |   11 -
 audio/triceratops-lv2/pkg-descr                    |    9 -
 audio/triceratops-lv2/pkg-plist                    |  102 -
 cad/Makefile                                       |    1 -
 cad/brickutils/Makefile                            |   86 -
 cad/brickutils/distinfo                            |    8 -
 cad/brickutils/files/brickutils.in                 |    7 -
 cad/brickutils/files/patch-BrickUtils.desktop      |   16 -
 cad/brickutils/files/pkg-message.in                |   20 -
 cad/brickutils/pkg-descr                           |    4 -
 cad/brickutils/pkg-plist                           |  130 -
 deskutils/Makefile                                 |    1 -
 deskutils/zanshin/Makefile                         |   33 -
 deskutils/zanshin/distinfo                         |    3 -
 deskutils/zanshin/pkg-descr                        |    6 -
 deskutils/zanshin/pkg-plist                        |   59 -
 devel/Makefile                                     |    8 -
 devel/elixir-gen_state_machine/Makefile            |   26 -
 devel/elixir-gen_state_machine/distinfo            |    3 -
 devel/elixir-gen_state_machine/pkg-descr           |    3 -
 devel/elixir-gen_state_machine/pkg-plist           |    8 -
 devel/elixir-swarm/Makefile                        |   28 -
 devel/elixir-swarm/distinfo                        |    3 -
 devel/elixir-swarm/pkg-descr                       |   11 -
 devel/elixir-swarm/pkg-plist                       |   25 -
 devel/erlang-clique/Makefile                       |   25 -
 devel/erlang-clique/distinfo                       |    3 -
 devel/erlang-clique/files/patch-rebar.config       |    8 -
 devel/erlang-clique/pkg-descr                      |    6 -
 devel/erlang-clique/pkg-plist                      |   45 -
 devel/erlang-gen_rpc/Makefile                      |   27 -
 devel/erlang-gen_rpc/distinfo                      |    3 -
 devel/erlang-gen_rpc/files/patch-rebar.config      |   11 -
 devel/erlang-gen_rpc/pkg-descr                     |    5 -
 devel/erlang-gen_rpc/pkg-plist                     |   46 -
 devel/erlang-msgpack/Makefile                      |   25 -
 devel/erlang-msgpack/distinfo                      |    3 -
 devel/erlang-msgpack/files/patch-rebar.config      |    8 -
 devel/erlang-msgpack/pkg-descr                     |    3 -
 devel/erlang-msgpack/pkg-plist                     |   14 -
 devel/ocaml-deriving-ocsigen/Makefile              |   32 -
 devel/ocaml-deriving-ocsigen/distinfo              |    2 -
 .../files/patch-syntax-Makefile                    |   15 -
 devel/ocaml-deriving-ocsigen/pkg-descr             |    6 -
 devel/p5-Inline/Makefile                           |    2 +-
 devel/p5-Inline/distinfo                           |    6 +-
 devel/p5-rpm-build-perl/Makefile                   |   26 -
 devel/p5-rpm-build-perl/distinfo                   |    2 -
 devel/p5-rpm-build-perl/pkg-descr                  |    5 -
 devel/p5-rpm-build-perl/pkg-plist                  |   18 -
 devel/py-ddtrace/Makefile                          |    9 +-
 devel/py-ddtrace/distinfo                          |    6 +-
 devel/py-greenlet/Makefile                         |    2 +-
 devel/py-greenlet/files/patch-slp_platformselect.h |   11 +
 devel/py-keystonemiddleware/Makefile               |   10 +-
 devel/py-keystonemiddleware/distinfo               |    6 +-
 devel/py-pipx/Makefile                             |    2 +-
 devel/py-pipx/distinfo                             |    6 +-
 devel/py-pycadf/Makefile                           |   61 +-
 devel/py-pycadf/distinfo                           |    6 +-
 devel/py-pycadf/pkg-descr                          |   10 +-
 devel/py-pyhcl/Makefile                            |    2 +-
 devel/py-pyhcl/distinfo                            |    6 +-
 devel/rubygem-aws-sdk-cloudwatchlogs/Makefile      |    2 +-
 devel/rubygem-aws-sdk-cloudwatchlogs/distinfo      |    6 +-
 devel/rubygem-aws-sdk-core/Makefile                |    2 +-
 devel/rubygem-aws-sdk-core/distinfo                |    6 +-
 devel/rubygem-aws-sdk-core2/Makefile               |    2 +-
 devel/rubygem-aws-sdk-core2/distinfo               |    6 +-
 devel/rubygem-aws-sdk-resources2/Makefile          |    2 +-
 devel/rubygem-aws-sdk-resources2/distinfo          |    6 +-
 devel/rubygem-aws-sdk2/Makefile                    |    2 +-
 devel/rubygem-aws-sdk2/distinfo                    |    6 +-
 devel/rubygem-faker/Makefile                       |    3 +-
 devel/rubygem-faker/files/patch-gemspec            |   11 +
 devel/rubygem-gettext-setup/Makefile               |    4 +-
 devel/rubygem-gettext-setup/distinfo               |    6 +-
 devel/rubygem-gettext-setup/files/patch-gemspec    |    6 +-
 devel/rubygem-i18n/Makefile                        |    2 +-
 devel/rubygem-i18n/distinfo                        |    6 +-
 devel/rubygem-mustermann-grape/Makefile            |    5 +-
 devel/rubygem-mustermann-grape/distinfo            |    6 +-
 devel/rubygem-mustermann-grape/files/patch-gemspec |   11 -
 devel/rubygem-tins/Makefile                        |    2 +-
 devel/rubygem-tins/distinfo                        |    6 +-
 devel/shedskin/Makefile                            |   44 -
 devel/shedskin/distinfo                            |    2 -
 devel/shedskin/pkg-descr                           |   11 -
 dns/libidn2/Makefile                               |    2 +-
 dns/py-aiodns/Makefile                             |    2 +-
 games/Makefile                                     |    2 -
 games/stonesoup-sdl/Makefile                       |   13 -
 games/xtris/Makefile                               |   38 -
 games/xtris/distinfo                               |    4 -
 games/xtris/files/patch-Makefile                   |   38 -
 games/xtris/pkg-descr                              |    6 -
 games/xtris/pkg-plist                              |    6 -
 graphics/Makefile                                  |    2 -
 graphics/mapnik/Makefile                           |  111 -
 graphics/mapnik/distinfo                           |    7 -
 graphics/mapnik/files/patch-SConstruct             |   13 -
 graphics/mapnik/files/patch-boost-1.69             |   62 -
 graphics/mapnik/files/patch-icu59                  |   39 -
 graphics/mapnik/pkg-descr                          |   15 -
 graphics/mapnik/pkg-plist                          |  486 --
 graphics/vv/Makefile                               |   42 -
 graphics/vv/distinfo                               |    3 -
 .../vv/files/patch-registration_CMakeLists.txt     |   19 -
 graphics/vv/pkg-descr                              |    9 -
 irc/iroffer-dinoex/Makefile                        |    3 +-
 lang/Makefile                                      |    2 -
 lang/js_of_ocaml/Makefile                          |   45 -
 lang/js_of_ocaml/distinfo                          |    2 -
 lang/js_of_ocaml/files/patch-Makefile              |   11 -
 lang/js_of_ocaml/pkg-descr                         |    4 -
 lang/rubinius/Makefile                             |  119 -
 lang/rubinius/distinfo                             |    3 -
 lang/rubinius/files/build-tool.c                   |   29 -
 lang/rubinius/files/patch-configure                |   13 -
 lang/rubinius/pkg-descr                            |   15 -
 lang/rubinius/pkg-plist                            | 5313 --------------------
 math/Makefile                                      |    1 -
 math/dynare/Makefile                               |   60 -
 math/dynare/distinfo                               |    3 -
 math/dynare/files/patch-Makefile.in                |   11 -
 math/dynare/files/patch-dynare++_kord_journal.cweb |   53 -
 .../patch-dynare++_parser_cc_parser__exception.h   |   10 -
 math/dynare/files/patch-mex_build_octave_configure |   11 -
 math/dynare/pkg-descr                              |    5 -
 math/dynare/pkg-plist                              | 1271 -----
 misc/py-tqdm/Makefile                              |    2 +-
 misc/py-tqdm/distinfo                              |    6 +-
 net/Makefile                                       |    1 +
 net/liveMedia/Makefile                             |    2 +-
 net/liveMedia/distinfo                             |    6 +-
 net/parpd/Makefile                                 |    2 +-
 net/parpd/distinfo                                 |    6 +-
 net/rubygem-google-cloud-core/Makefile             |    5 +-
 net/rubygem-google-cloud-core/distinfo             |    6 +-
 net/rubygem-google-cloud-errors/Makefile           |   20 +
 net/rubygem-google-cloud-errors/distinfo           |    3 +
 net/rubygem-google-cloud-errors/pkg-descr          |    3 +
 net/rubygem-google-cloud-pubsub/Makefile           |    2 +-
 net/rubygem-google-cloud-pubsub/distinfo           |    6 +-
 net/tintin++/Makefile                              |    5 +-
 net/tintin++/distinfo                              |    6 +-
 net/tintin++/pkg-descr                             |    2 +-
 science/Makefile                                   |    1 -
 science/meep/Makefile                              |   68 -
 science/meep/distinfo                              |    2 -
 science/meep/files/patch-configure                 |   11 -
 science/meep/files/patch-libctl_Makefile.in        |   15 -
 science/meep/files/patch-src_mympi.hpp             |   10 -
 science/meep/pkg-descr                             |    5 -
 science/meep/pkg-plist                             |   12 -
 sysutils/Makefile                                  |    3 -
 sysutils/acpica-tools/Makefile                     |    2 +-
 sysutils/acpica-tools/distinfo                     |    6 +-
 sysutils/fpart/Makefile                            |    2 +-
 sysutils/fpart/distinfo                            |    6 +-
 sysutils/hfm/Makefile                              |   55 -
 sysutils/hfm/distinfo                              |    6 -
 sysutils/hfm/files/hfm.in                          |   54 -
 sysutils/hfm/pkg-descr                             |   17 -
 sysutils/hfm/pkg-message                           |   11 -
 sysutils/hfm/pkg-plist                             |    9 -
 sysutils/lsof/Makefile                             |   10 +
 sysutils/u-boot-zedboard/Makefile                  |   13 -
 sysutils/u-boot-zedboard/files/uEnv.txt            |    4 -
 sysutils/u-boot-zedboard/pkg-descr                 |   12 -
 sysutils/u-boot-zybo/Makefile                      |   13 -
 sysutils/u-boot-zybo/files/uEnv.txt                |    4 -
 sysutils/u-boot-zybo/pkg-descr                     |   12 -
 www/p5-Test-HTTP-LocalServer/Makefile              |    2 +-
 www/p5-Test-HTTP-LocalServer/distinfo              |    6 +-
 www/py-instabot/Makefile                           |    2 +-
 www/py-instabot/distinfo                           |    6 +-
 www/rubygem-http-form_data/Makefile                |    2 +-
 www/rubygem-http-form_data/distinfo                |    6 +-
 www/rubygem-http/Makefile                          |    4 +-
 www/rubygem-http/distinfo                          |    6 +-
 x11-fm/doublecmd/Makefile                          |    3 +-
 x11-fm/doublecmd/distinfo                          |    6 +-
 x11-themes/Makefile                                |    1 -
 x11-themes/kde-icons-kool-gorilla/Makefile         |   19 -
 x11-themes/kde-icons-kool-gorilla/distinfo         |    2 -
 x11-themes/kde-icons-kool-gorilla/pkg-descr        |   10 -
 x11-themes/kde-icons-kool-gorilla/pkg-message      |   13 -
 x11/scripts/pkg-descr                              |    2 +
 x11/xclip/Makefile                                 |    2 +-
 211 files changed, 248 insertions(+), 9797 deletions(-)
 delete mode 100644 astro/viking/Makefile
 delete mode 100644 astro/viking/distinfo
 delete mode 100644 astro/viking/files/pkg-message.in
 delete mode 100644 astro/viking/pkg-descr
 delete mode 100644 astro/viking/pkg-plist
 delete mode 100644 audio/drumgizmo/files/patch-drumgizmo_input_ossmidi.cc
 delete mode 100644 audio/drumgizmo/files/patch-drumgizmo_output_oss.cc
 delete mode 100644 audio/slv2/Makefile
 delete mode 100644 audio/slv2/distinfo
 delete mode 100644 audio/slv2/pkg-descr
 delete mode 100644 audio/slv2/pkg-plist
 delete mode 100644 audio/triceratops-lv2/Makefile
 delete mode 100644 audio/triceratops-lv2/distinfo
 delete mode 100644 audio/triceratops-lv2/files/patch-synth.cpp
 delete mode 100644 audio/triceratops-lv2/files/patch-wscript
 delete mode 100644 audio/triceratops-lv2/pkg-descr
 delete mode 100644 audio/triceratops-lv2/pkg-plist
 delete mode 100644 cad/brickutils/Makefile
 delete mode 100644 cad/brickutils/distinfo
 delete mode 100644 cad/brickutils/files/brickutils.in
 delete mode 100644 cad/brickutils/files/patch-BrickUtils.desktop
 delete mode 100644 cad/brickutils/files/pkg-message.in
 delete mode 100644 cad/brickutils/pkg-descr
 delete mode 100644 cad/brickutils/pkg-plist
 delete mode 100644 deskutils/zanshin/Makefile
 delete mode 100644 deskutils/zanshin/distinfo
 delete mode 100644 deskutils/zanshin/pkg-descr
 delete mode 100644 deskutils/zanshin/pkg-plist
 delete mode 100644 devel/elixir-gen_state_machine/Makefile
 delete mode 100644 devel/elixir-gen_state_machine/distinfo
 delete mode 100644 devel/elixir-gen_state_machine/pkg-descr
 delete mode 100644 devel/elixir-gen_state_machine/pkg-plist
 delete mode 100644 devel/elixir-swarm/Makefile
 delete mode 100644 devel/elixir-swarm/distinfo
 delete mode 100644 devel/elixir-swarm/pkg-descr
 delete mode 100644 devel/elixir-swarm/pkg-plist
 delete mode 100644 devel/erlang-clique/Makefile
 delete mode 100644 devel/erlang-clique/distinfo
 delete mode 100644 devel/erlang-clique/files/patch-rebar.config
 delete mode 100644 devel/erlang-clique/pkg-descr
 delete mode 100644 devel/erlang-clique/pkg-plist
 delete mode 100644 devel/erlang-gen_rpc/Makefile
 delete mode 100644 devel/erlang-gen_rpc/distinfo
 delete mode 100644 devel/erlang-gen_rpc/files/patch-rebar.config
 delete mode 100644 devel/erlang-gen_rpc/pkg-descr
 delete mode 100644 devel/erlang-gen_rpc/pkg-plist
 delete mode 100644 devel/erlang-msgpack/Makefile
 delete mode 100644 devel/erlang-msgpack/distinfo
 delete mode 100644 devel/erlang-msgpack/files/patch-rebar.config
 delete mode 100644 devel/erlang-msgpack/pkg-descr
 delete mode 100644 devel/erlang-msgpack/pkg-plist
 delete mode 100644 devel/ocaml-deriving-ocsigen/Makefile
 delete mode 100644 devel/ocaml-deriving-ocsigen/distinfo
 delete mode 100644 devel/ocaml-deriving-ocsigen/files/patch-syntax-Makefile
 delete mode 100644 devel/ocaml-deriving-ocsigen/pkg-descr
 delete mode 100644 devel/p5-rpm-build-perl/Makefile
 delete mode 100644 devel/p5-rpm-build-perl/distinfo
 delete mode 100644 devel/p5-rpm-build-perl/pkg-descr
 delete mode 100644 devel/p5-rpm-build-perl/pkg-plist
 create mode 100644 devel/py-greenlet/files/patch-slp_platformselect.h
 create mode 100644 devel/rubygem-faker/files/patch-gemspec
 delete mode 100644 devel/rubygem-mustermann-grape/files/patch-gemspec
 delete mode 100644 devel/shedskin/Makefile
 delete mode 100644 devel/shedskin/distinfo
 delete mode 100644 devel/shedskin/pkg-descr
 delete mode 100644 games/stonesoup-sdl/Makefile
 delete mode 100644 games/xtris/Makefile
 delete mode 100644 games/xtris/distinfo
 delete mode 100644 games/xtris/files/patch-Makefile
 delete mode 100644 games/xtris/pkg-descr
 delete mode 100644 games/xtris/pkg-plist
 delete mode 100644 graphics/mapnik/Makefile
 delete mode 100644 graphics/mapnik/distinfo
 delete mode 100644 graphics/mapnik/files/patch-SConstruct
 delete mode 100644 graphics/mapnik/files/patch-boost-1.69
 delete mode 100644 graphics/mapnik/files/patch-icu59
 delete mode 100644 graphics/mapnik/pkg-descr
 delete mode 100644 graphics/mapnik/pkg-plist
 delete mode 100644 graphics/vv/Makefile
 delete mode 100644 graphics/vv/distinfo
 delete mode 100644 graphics/vv/files/patch-registration_CMakeLists.txt
 delete mode 100644 graphics/vv/pkg-descr
 delete mode 100644 lang/js_of_ocaml/Makefile
 delete mode 100644 lang/js_of_ocaml/distinfo
 delete mode 100644 lang/js_of_ocaml/files/patch-Makefile
 delete mode 100644 lang/js_of_ocaml/pkg-descr
 delete mode 100644 lang/rubinius/Makefile
 delete mode 100644 lang/rubinius/distinfo
 delete mode 100644 lang/rubinius/files/build-tool.c
 delete mode 100644 lang/rubinius/files/patch-configure
 delete mode 100644 lang/rubinius/pkg-descr
 delete mode 100644 lang/rubinius/pkg-plist
 delete mode 100644 math/dynare/Makefile
 delete mode 100644 math/dynare/distinfo
 delete mode 100644 math/dynare/files/patch-Makefile.in
 delete mode 100644 math/dynare/files/patch-dynare++_kord_journal.cweb
 delete mode 100644 math/dynare/files/patch-dynare++_parser_cc_parser__exception.h
 delete mode 100644 math/dynare/files/patch-mex_build_octave_configure
 delete mode 100644 math/dynare/pkg-descr
 delete mode 100644 math/dynare/pkg-plist
 create mode 100644 net/rubygem-google-cloud-errors/Makefile
 create mode 100644 net/rubygem-google-cloud-errors/distinfo
 create mode 100644 net/rubygem-google-cloud-errors/pkg-descr
 delete mode 100644 science/meep/Makefile
 delete mode 100644 science/meep/distinfo
 delete mode 100644 science/meep/files/patch-configure
 delete mode 100644 science/meep/files/patch-libctl_Makefile.in
 delete mode 100644 science/meep/files/patch-src_mympi.hpp
 delete mode 100644 science/meep/pkg-descr
 delete mode 100644 science/meep/pkg-plist
 delete mode 100644 sysutils/hfm/Makefile
 delete mode 100644 sysutils/hfm/distinfo
 delete mode 100644 sysutils/hfm/files/hfm.in
 delete mode 100644 sysutils/hfm/pkg-descr
 delete mode 100644 sysutils/hfm/pkg-message
 delete mode 100644 sysutils/hfm/pkg-plist
 delete mode 100644 sysutils/u-boot-zedboard/Makefile
 delete mode 100644 sysutils/u-boot-zedboard/files/uEnv.txt
 delete mode 100644 sysutils/u-boot-zedboard/pkg-descr
 delete mode 100644 sysutils/u-boot-zybo/Makefile
 delete mode 100644 sysutils/u-boot-zybo/files/uEnv.txt
 delete mode 100644 sysutils/u-boot-zybo/pkg-descr
 delete mode 100644 x11-themes/kde-icons-kool-gorilla/Makefile
 delete mode 100644 x11-themes/kde-icons-kool-gorilla/distinfo
 delete mode 100644 x11-themes/kde-icons-kool-gorilla/pkg-descr
 delete mode 100644 x11-themes/kde-icons-kool-gorilla/pkg-message
remote: To github.com:HardenedBSD/hardenedbsd-ports.git        
remote:    7bcac539b270..b6e6c859d473  master -> master
remote:    1b8809aa85d9..7bcac539b270  github/master -> github/master
To git-01.md.hardenedbsd.org:HardenedBSD/hardenedbsd-ports.git
   7bcac539b270..b6e6c859d473  master -> master
==== END: master ====
