==== BEGIN: master ====
current branch: master
mergeable branch: github/master
==== change branch ====
Already on 'master'
Your branch is up to date with 'origin/master'.
==== show current branch ====
* master
==== check for stale changes ====
==== update to latest origin ====
=============================
HardenedBSD Master git Server
=============================

Please note that connections and activity to this server are logged.
This server, git-01.md.hardenedbsd.org, acts as the source-of-truth
server for the HardenedBSD repositories.

Banner last updated: 10 Feb 2020 09:32 EST

Already up to date.
==== merge branches ====
==== merge github/master branch ====
Already up to date.
=============================
HardenedBSD Master git Server
=============================

Please note that connections and activity to this server are logged.
This server, git-01.md.hardenedbsd.org, acts as the source-of-truth
server for the HardenedBSD repositories.

Banner last updated: 10 Feb 2020 09:32 EST

Everything up-to-date
==== END: master ====
==== BEGIN: master ====
current branch: master
mergeable branch: freebsd/master
==== change branch ====
Already on 'master'
Your branch is up to date with 'origin/master'.
==== show current branch ====
* master
==== check for stale changes ====
==== update to latest origin ====
=============================
HardenedBSD Master git Server
=============================

Please note that connections and activity to this server are logged.
This server, git-01.md.hardenedbsd.org, acts as the source-of-truth
server for the HardenedBSD repositories.

Banner last updated: 10 Feb 2020 09:32 EST

Already up to date.
==== merge branches ====
==== merge freebsd/master branch ====
Removing games/armagetronad/files/patch-src_tron_gCycle.cpp
Auto-merging dns/bind911/Makefile
Auto-merging Mk/Uses/go.mk
Merge made by the 'recursive' strategy.
 Mk/Uses/go.mk                                      |  43 +-
 databases/postgresql-cstore_fdw/pkg-plist          |   3 +-
 devel/pecl-swoole/Makefile                         |   2 +-
 devel/pecl-swoole/distinfo                         |   6 +-
 devel/py-atpublic/pkg-descr                        |   6 +-
 dns/Makefile                                       |   1 +
 dns/bind-tools/Makefile                            |   2 +-
 dns/bind9-devel/Makefile                           |   8 +-
 dns/bind911/Makefile                               |   9 +-
 dns/bind911/distinfo                               |   6 +-
 dns/bind914/Makefile                               |  54 +--
 dns/bind914/distinfo                               |   6 +-
 dns/bind916/Makefile                               | 272 ++++++++++++
 dns/bind916/distinfo                               |   3 +
 dns/bind916/files/BIND.chroot.dist                 |  26 ++
 dns/bind916/files/BIND.chroot.local.dist           |  20 +
 dns/bind916/files/empty.db                         |  11 +
 dns/bind916/files/extrapatch-bind-min-override-ttl |  61 +++
 dns/bind916/files/extrapatch-bind-tools            |  34 ++
 dns/bind916/files/extrapatch-no-bind-tools         |  51 +++
 dns/bind916/files/localhost-forward.db             |  11 +
 dns/bind916/files/localhost-reverse.db             |  13 +
 dns/bind916/files/named.conf.in                    | 380 +++++++++++++++++
 dns/bind916/files/named.in                         | 467 +++++++++++++++++++++
 dns/bind916/files/named.root                       |  96 +++++
 .../files/patch-bin_named_include_named_globals.h  |  13 +
 .../patch-bin_tests_system_dlzexternal_Makefile.in |  13 +
 dns/bind916/files/patch-configure                  |  92 ++++
 dns/bind916/files/pkg-message.in                   |  29 ++
 dns/bind916/pkg-descr                              |  15 +
 dns/bind916/pkg-help                               |  38 ++
 dns/bind916/pkg-plist                              | 301 +++++++++++++
 games/armagetronad/Makefile                        |   3 +-
 games/armagetronad/distinfo                        |   6 +-
 games/armagetronad/files/patch-src_tron_gCycle.cpp |  16 -
 graphics/libavif/Makefile                          |   2 +-
 graphics/libavif/distinfo                          |   6 +-
 graphics/libavif/pkg-plist                         |   2 +-
 graphics/pho/Makefile                              |   2 +-
 irc/ircd-hybrid/Makefile                           |   2 +-
 irc/ircd-hybrid/distinfo                           |   6 +-
 lang/rust-nightly/Makefile                         |   2 +-
 lang/rust-nightly/distinfo                         |   6 +-
 .../files/patch-vendor_backtrace-sys_build.rs      |  17 +
 ...endor_backtrace-sys_src_libbacktrace_fileline.c | 131 ++++--
 math/ensmallen/Makefile                            |   2 +-
 math/ensmallen/distinfo                            |   6 +-
 math/ensmallen/pkg-plist                           |   3 +
 math/py-spot/Makefile                              |   2 +-
 math/py-spot/distinfo                              |   6 +-
 math/spot/Makefile                                 |   2 +-
 math/spot/distinfo                                 |   6 +-
 misc/Makefile                                      |   1 +
 misc/compat12x/Makefile                            |  41 ++
 misc/compat12x/distinfo                            |   6 +
 misc/compat12x/pkg-descr                           |  12 +
 misc/compat12x/pkg-plist.amd64                     |   4 +
 misc/compat12x/pkg-plist.i386                      |   2 +
 multimedia/peek/Makefile                           |   2 +-
 multimedia/peek/distinfo                           |   6 +-
 multimedia/peek/pkg-plist                          |   2 +
 multimedia/ustreamer/Makefile                      |   3 +-
 multimedia/ustreamer/distinfo                      |   6 +-
 net/haproxy21/Makefile                             |   2 +-
 net/haproxy21/distinfo                             |   6 +-
 net/haproxy21/pkg-plist                            |   1 +
 security/p5-IO-Socket-SSL/Makefile                 |   2 +-
 security/p5-IO-Socket-SSL/distinfo                 |   6 +-
 sysutils/dupmerge/Makefile                         |   2 +-
 sysutils/fluent-bit/Makefile                       |   2 +-
 sysutils/fluent-bit/distinfo                       |   6 +-
 71 files changed, 2253 insertions(+), 179 deletions(-)
 create mode 100644 dns/bind916/Makefile
 create mode 100644 dns/bind916/distinfo
 create mode 100644 dns/bind916/files/BIND.chroot.dist
 create mode 100644 dns/bind916/files/BIND.chroot.local.dist
 create mode 100644 dns/bind916/files/empty.db
 create mode 100644 dns/bind916/files/extrapatch-bind-min-override-ttl
 create mode 100644 dns/bind916/files/extrapatch-bind-tools
 create mode 100644 dns/bind916/files/extrapatch-no-bind-tools
 create mode 100644 dns/bind916/files/localhost-forward.db
 create mode 100644 dns/bind916/files/localhost-reverse.db
 create mode 100644 dns/bind916/files/named.conf.in
 create mode 100644 dns/bind916/files/named.in
 create mode 100644 dns/bind916/files/named.root
 create mode 100644 dns/bind916/files/patch-bin_named_include_named_globals.h
 create mode 100644 dns/bind916/files/patch-bin_tests_system_dlzexternal_Makefile.in
 create mode 100644 dns/bind916/files/patch-configure
 create mode 100644 dns/bind916/files/pkg-message.in
 create mode 100644 dns/bind916/pkg-descr
 create mode 100644 dns/bind916/pkg-help
 create mode 100644 dns/bind916/pkg-plist
 delete mode 100644 games/armagetronad/files/patch-src_tron_gCycle.cpp
 create mode 100644 lang/rust-nightly/files/patch-vendor_backtrace-sys_build.rs
 create mode 100644 misc/compat12x/Makefile
 create mode 100644 misc/compat12x/distinfo
 create mode 100644 misc/compat12x/pkg-descr
 create mode 100644 misc/compat12x/pkg-plist.amd64
 create mode 100644 misc/compat12x/pkg-plist.i386
=============================
HardenedBSD Master git Server
=============================

Please note that connections and activity to this server are logged.
This server, git-01.md.hardenedbsd.org, acts as the source-of-truth
server for the HardenedBSD repositories.

Banner last updated: 10 Feb 2020 09:32 EST

remote: To github.com:HardenedBSD/hardenedbsd-ports.git        
remote:    3e13785fc991..baa1a96a5ff5  master -> master        
remote:    ab1f315525c8..3e13785fc991  github/master -> github/master
To git-01.md.hardenedbsd.org:HardenedBSD/hardenedbsd-ports.git
   3e13785fc991..baa1a96a5ff5  master -> master
==== END: master ====
