==== BEGIN: master ====
current branch: master
mergeable branch: github/master
==== change branch ====
Already on 'master'
Your branch is behind 'origin/master' by 1 commit, and can be fast-forwarded.
  (use "git pull" to update your local branch)
==== show current branch ====
* master
==== check for stale changes ====
==== update to latest origin ====
Updating 09e324583483..bec4971285fe
Fast-forward
 www/node12/Makefile | 1 -
 www/node8/Makefile  | 1 -
 2 files changed, 2 deletions(-)
==== merge branches ====
==== merge github/master branch ====
Already up to date.
Everything up-to-date
==== END: master ====
==== BEGIN: master ====
current branch: master
mergeable branch: freebsd/master
==== change branch ====
Already on 'master'
Your branch is up to date with 'origin/master'.
==== show current branch ====
* master
==== check for stale changes ====
==== update to latest origin ====
Already up to date.
==== merge branches ====
==== merge freebsd/master branch ====
Auto-merging www/firefox-esr/Makefile
Auto-merging sysutils/pciutils/Makefile
Auto-merging multimedia/ffmpeg/Makefile
Removing multimedia/assimp/files/patch-git_096056
Removing multimedia/assimp/files/patch-code_D3MFOpcPackage.cpp
Removing math/superlu_mt/pkg-plist
Removing math/superlu_mt/pkg-descr
Removing math/superlu_mt/files/patch-make.inc
Removing math/superlu_mt/files/patch-INSTALL-Makefile
Removing math/superlu_mt/distinfo
Removing math/superlu_mt/Makefile
Auto-merging mail/thunderbird/Makefile
Auto-merging games/pioneer/Makefile
Removing devel/py-microversion-parse/pkg-descr
Removing audio/py-mpd2/pkg-descr
Merge made by the 'recursive' strategy.
 MOVED                                              |     3 +
 Mk/Uses/qt-dist.mk                                 |    11 +
 Mk/bsd.default-versions.mk                         |     2 +-
 Mk/bsd.ruby.mk                                     |    12 +-
 audio/Makefile                                     |     2 +-
 audio/beets/Makefile                               |     3 +-
 audio/py-mpd2/pkg-descr                            |     4 -
 audio/{py-mpd2 => py-python-mpd2}/Makefile         |    30 +-
 audio/{py-mpd2 => py-python-mpd2}/distinfo         |     0
 audio/py-python-mpd2/pkg-descr                     |     4 +
 audio/py-python-mpd2/pkg-plist                     |    21 +
 comms/qt5-serialbus/Makefile                       |     2 +
 databases/py-sqlalchemy13/Makefile                 |     2 +-
 databases/py-sqlalchemy13/distinfo                 |     6 +-
 devel/Makefile                                     |     3 +-
 devel/cereal/Makefile                              |     3 +
 .../files/patch-third__part_snappy_src_snappy.h    |    20 +
 devel/libpci/Makefile                              |     5 +-
 devel/libpci/distinfo                              |     6 +-
 devel/nuitka/Makefile                              |     2 +-
 devel/nuitka/distinfo                              |     6 +-
 devel/p5-CPANPLUS/Makefile                         |     2 +-
 devel/p5-CPANPLUS/distinfo                         |     6 +-
 devel/p5-Data-Perl/Makefile                        |     3 +-
 devel/p5-Data-Perl/distinfo                        |     5 +-
 devel/p5-Data-Perl/pkg-plist                       |    30 +-
 devel/p5-ExtUtils-CBuilder/Makefile                |     2 +-
 devel/p5-ExtUtils-CBuilder/distinfo                |     6 +-
 devel/p5-ExtUtils-CppGuess/Makefile                |     2 +-
 devel/p5-ExtUtils-CppGuess/distinfo                |     6 +-
 devel/p5-FFI-CheckLib/Makefile                     |     2 +-
 devel/p5-FFI-CheckLib/distinfo                     |     6 +-
 devel/p5-IO-stringy/Makefile                       |     3 +-
 devel/p5-IO-stringy/pkg-plist                      |    16 +-
 devel/py-apispec/Makefile                          |     2 +-
 devel/py-apispec/distinfo                          |     6 +-
 devel/py-cmd2/Makefile                             |     2 +-
 devel/py-cmd2/distinfo                             |     6 +-
 devel/py-jupyterlab/Makefile                       |     2 +-
 devel/py-jupyterlab/distinfo                       |     6 +-
 devel/py-lark-parser/Makefile                      |     2 +-
 devel/py-lark-parser/distinfo                      |     6 +-
 devel/py-microversion-parse/pkg-descr              |     3 -
 .../Makefile                                       |    16 +-
 .../distinfo                                       |     0
 devel/py-microversion_parse/pkg-descr              |     8 +
 devel/py-packaging/Makefile                        |     2 +-
 devel/py-packaging/distinfo                        |     6 +-
 devel/py-promise/Makefile                          |     2 +-
 devel/py-promise/distinfo                          |     6 +-
 devel/py-pyjsparser/Makefile                       |     2 +-
 devel/py-pyjsparser/distinfo                       |     6 +-
 devel/py-python-editor/Makefile                    |    11 +-
 devel/py-python-editor/distinfo                    |     6 +-
 devel/py-python-editor/pkg-descr                   |     3 +-
 devel/py-robotframework-pabot/Makefile             |     3 +-
 devel/py-robotframework-pabot/distinfo             |     6 +-
 devel/py-rtslib-fb/Makefile                        |    13 +-
 devel/py-rtslib-fb/distinfo                        |     6 +-
 devel/py-rtslib-fb/pkg-descr                       |     5 +-
 devel/py-yappi/Makefile                            |     4 +-
 devel/py-yappi/distinfo                            |     6 +-
 devel/qt5-assistant/Makefile                       |     2 +
 devel/qt5-buildtools/Makefile                      |     2 +
 devel/qt5-core/Makefile                            |     2 +
 devel/qt5-dbus/Makefile                            |     2 +
 devel/qt5-designer/Makefile                        |     3 +
 devel/qt5-help/Makefile                            |     3 +
 devel/qt5-linguist/Makefile                        |     3 +
 devel/qt5-linguisttools/Makefile                   |     3 +
 devel/qt5-qdbus/Makefile                           |     3 +
 devel/qt5-qdbusviewer/Makefile                     |     3 +
 devel/qt5-qdoc/Makefile                            |     3 +
 devel/qt5-qmake/Makefile                           |     4 +-
 devel/qt5-remoteobjects/Makefile                   |     3 +
 devel/qt5-scxml/Makefile                           |     3 +
 devel/re2/Makefile                                 |     2 +-
 devel/re2/distinfo                                 |     6 +-
 devel/rubygem-aws-sdk-core2/Makefile               |     2 +-
 devel/rubygem-aws-sdk-core2/distinfo               |     6 +-
 devel/rubygem-aws-sdk-datasync/Makefile            |     2 +-
 devel/rubygem-aws-sdk-datasync/distinfo            |     6 +-
 devel/rubygem-aws-sdk-ec2/Makefile                 |     2 +-
 devel/rubygem-aws-sdk-ec2/distinfo                 |     6 +-
 devel/rubygem-aws-sdk-eks/Makefile                 |     2 +-
 devel/rubygem-aws-sdk-eks/distinfo                 |     6 +-
 devel/rubygem-aws-sdk-resources2/Makefile          |     2 +-
 devel/rubygem-aws-sdk-resources2/distinfo          |     6 +-
 devel/rubygem-aws-sdk-workspaces/Makefile          |     2 +-
 devel/rubygem-aws-sdk-workspaces/distinfo          |     6 +-
 devel/rubygem-aws-sdk2/Makefile                    |     2 +-
 devel/rubygem-aws-sdk2/distinfo                    |     6 +-
 devel/rubygem-ddtrace/Makefile                     |     8 +-
 devel/rubygem-ddtrace/distinfo                     |     6 +-
 devel/rubygem-gettext-setup/Makefile               |     4 +-
 devel/rubygem-gettext-setup/distinfo               |     6 +-
 devel/rubygem-lumberjack/Makefile                  |     2 +-
 devel/rubygem-lumberjack/distinfo                  |     6 +-
 devel/rubygem-pry-byebug/Makefile                  |     2 +-
 devel/rubygem-pry-byebug/distinfo                  |     6 +-
 devel/rubygem-timeliness/Makefile                  |     2 +-
 devel/rubygem-timeliness/distinfo                  |     6 +-
 devel/rubygem-xdg/Makefile                         |     6 +-
 devel/rubygem-xdg/distinfo                         |     6 +-
 devel/rubygem-xdg3/Makefile                        |    27 +
 devel/rubygem-xdg3/distinfo                        |     3 +
 devel/rubygem-xdg3/pkg-descr                       |    11 +
 emulators/citra/Makefile                           |     4 +-
 emulators/citra/distinfo                           |     6 +-
 emulators/rpcs3/Makefile                           |     4 +-
 emulators/rpcs3/distinfo                           |     6 +-
 emulators/yuzu/Makefile                            |     4 +-
 emulators/yuzu/distinfo                            |     6 +-
 games/doomsday/Makefile                            |     1 +
 games/pioneer/Makefile                             |     1 +
 graphics/gmic/Makefile                             |     2 +-
 graphics/gmic/distinfo                             |     6 +-
 graphics/gmic/files/patch-CMakeLists.txt           |    10 +-
 graphics/libavif/Makefile                          |     2 +-
 graphics/magnum-extras/Makefile                    |     2 +-
 graphics/magnum-plugins/Makefile                   |     2 +-
 graphics/poppler/Makefile                          |     4 +-
 graphics/qt5-3d/Makefile                           |     3 +
 graphics/qt5-pixeltool/Makefile                    |     3 +
 graphics/qt5-wayland/Makefile                      |     3 +
 lang/Makefile                                      |     1 +
 lang/ruby24/Makefile                               |     3 +
 lang/ruby27/Makefile                               |   222 +
 lang/ruby27/distinfo                               |     3 +
 lang/ruby27/files/patch-configure.ac               |    19 +
 lang/ruby27/files/patch-lib_mkmf.rb                |    11 +
 .../files/patch-lib_rdoc_generator_json__index.rb  |    20 +
 lang/ruby27/files/patch-tool_mkconfig.rb           |    14 +
 lang/ruby27/files/patch-tool_rbinstall.rb          |   142 +
 lang/ruby27/pkg-descr                              |    19 +
 lang/ruby27/pkg-message                            |    21 +
 lang/ruby27/pkg-plist                              | 22465 +++++++++++++++++++
 mail/p5-Sisimai/Makefile                           |     2 +-
 mail/p5-Sisimai/distinfo                           |     6 +-
 mail/p5-Sisimai/pkg-plist                          |    14 -
 mail/thunderbird/Makefile                          |     1 +
 math/Makefile                                      |     2 +-
 math/py-seaborn/Makefile                           |    15 +-
 math/py-statsmodels/Makefile                       |    17 +-
 math/py-statsmodels/distinfo                       |     6 +-
 math/py-statsmodels010/Makefile                    |    45 +
 math/py-statsmodels010/distinfo                    |     3 +
 math/py-statsmodels010/pkg-descr                   |    24 +
 math/superlu_mt/Makefile                           |   127 -
 math/superlu_mt/distinfo                           |     3 -
 math/superlu_mt/files/patch-INSTALL-Makefile       |    11 -
 math/superlu_mt/files/patch-make.inc               |    57 -
 math/superlu_mt/pkg-descr                          |    24 -
 math/superlu_mt/pkg-plist                          |    18 -
 misc/dartsim/Makefile                              |     2 +-
 misc/pciids/Makefile                               |     4 +-
 misc/pciids/distinfo                               |     6 +-
 misc/py-eemeter/Makefile                           |    15 +-
 misc/py-orange3-timeseries/Makefile                |     2 +-
 misc/qtchooser/Makefile                            |     8 +
 misc/qtchooser/files/patch-Makefile                |     8 +-
 misc/qtchooser/files/update-qtchooser-wrapper.in   |    70 +
 misc/qtchooser/pkg-plist                           |    47 +-
 misc/usbids/Makefile                               |     2 +-
 misc/usbids/distinfo                               |     6 +-
 misc/visp/Makefile                                 |     2 +-
 misc/visp/files/patch-CMakeLists.txt               |    11 +-
 multimedia/aom/Makefile                            |     4 +-
 multimedia/aom/distinfo                            |     6 +-
 multimedia/assimp/Makefile                         |     5 +-
 multimedia/assimp/distinfo                         |     6 +-
 .../assimp/files/patch-code_D3MFOpcPackage.cpp     |    10 -
 multimedia/assimp/files/patch-git_096056           |    21 -
 multimedia/assimp/pkg-plist                        |    44 +-
 multimedia/ffmpeg/Makefile                         |     2 +-
 multimedia/gstreamer1-plugins-aom/Makefile         |     2 +-
 multimedia/ustreamer/Makefile                      |     3 +-
 multimedia/ustreamer/distinfo                      |     6 +-
 multimedia/ustreamer/files/patch-src_threading.h   |    12 +-
 multimedia/vlc/Makefile                            |     2 +-
 net/neatvnc/Makefile                               |    11 +-
 net/neatvnc/distinfo                               |     6 +-
 net/proby/Makefile                                 |    67 +-
 net/proby/distinfo                                 |   136 +-
 net/rubygem-fog-vsphere/Makefile                   |     2 +-
 net/rubygem-fog-vsphere/distinfo                   |     6 +-
 net/rubygem-google-cloud-pubsub/Makefile           |     2 +-
 net/rubygem-google-cloud-pubsub/distinfo           |     6 +-
 net/wayvnc/Makefile                                |     4 +-
 net/wayvnc/distinfo                                |     6 +-
 print/Makefile                                     |     1 +
 print/py-fontbakery/Makefile                       |    39 +
 print/py-fontbakery/distinfo                       |     3 +
 print/py-fontbakery/files/patch-setup.py           |    20 +
 print/py-fontbakery/pkg-descr                      |     3 +
 science/eccodes/Makefile                           |     2 +-
 science/eccodes/distinfo                           |     6 +-
 science/eccodes/pkg-plist                          |    22 +-
 security/py-google-auth/Makefile                   |     2 +-
 security/py-google-auth/distinfo                   |     6 +-
 security/py-pysodium/Makefile                      |     3 +-
 security/py-pysodium/distinfo                      |     6 +-
 sysutils/Makefile                                  |     1 +
 sysutils/pciutils/Makefile                         |     2 +-
 sysutils/pciutils/distinfo                         |     6 +-
 sysutils/qt5-qtdiag/Makefile                       |     3 +
 sysutils/qt5-qtpaths/Makefile                      |     3 +
 sysutils/qt5-qtplugininfo/Makefile                 |     3 +
 sysutils/tealdeer/Makefile                         |   244 +
 sysutils/tealdeer/distinfo                         |   397 +
 sysutils/tealdeer/pkg-descr                        |     4 +
 textproc/p5-Perl-Critic/Makefile                   |     4 +-
 textproc/p5-Perl-Critic/distinfo                   |     6 +-
 textproc/qt5-xmlpatterns/Makefile                  |     3 +
 textproc/rubygem-commonmarker/Makefile             |     2 +-
 textproc/rubygem-commonmarker/distinfo             |     6 +-
 www/firefox-esr/Makefile                           |     1 +
 www/firefox/Makefile                               |     1 +
 www/nghttp2/Makefile                               |     2 +-
 www/nginx-devel/Makefile                           |     6 +-
 www/nginx-devel/Makefile.extmod                    |     5 +
 www/nginx-devel/Makefile.options.desc              |     1 +
 www/nginx-devel/distinfo                           |     4 +-
 www/nginx-devel/pkg-plist                          |     1 +
 www/p5-Apache-Config-Preproc/Makefile              |     2 +-
 www/p5-Apache-Config-Preproc/distinfo              |     6 +-
 www/py-starlette/Makefile                          |     2 +-
 www/py-starlette/distinfo                          |     6 +-
 www/qt5-webengine/Makefile                         |     4 +-
 www/rubygem-faraday/Makefile                       |     2 +-
 www/rubygem-faraday/distinfo                       |     6 +-
 www/rubygem-rack-protection/Makefile               |     2 +-
 www/rubygem-rack-protection/distinfo               |     6 +-
 www/rubygem-sinatra-contrib/Makefile               |     2 +-
 www/rubygem-sinatra-contrib/distinfo               |     6 +-
 www/rubygem-sinatra/Makefile                       |     2 +-
 www/rubygem-sinatra/distinfo                       |     6 +-
 x11-fonts/Makefile                                 |     1 +
 x11-fonts/py-opentype-sanitizer/Makefile           |    33 +
 x11-fonts/py-opentype-sanitizer/distinfo           |     3 +
 .../py-opentype-sanitizer/files/patch-setup.py     |    42 +
 .../files/patch-src-python-ots-__init__.py         |    11 +
 x11-fonts/py-opentype-sanitizer/pkg-descr          |     3 +
 x11-toolkits/qt5-declarative/Makefile              |     2 +
 x11-toolkits/qt5-gui/Makefile                      |     3 +-
 x11-toolkits/qt5-widgets/Makefile                  |     2 +
 x11-wm/cage/Makefile                               |     2 +-
 x11-wm/cage/files/patch-wlroots-0.9                |    10 +-
 x11/qt5-qev/Makefile                               |     3 +
 x11/squeekboard/Makefile                           |    12 +-
 x11/squeekboard/distinfo                           |    18 +-
 251 files changed, 24788 insertions(+), 749 deletions(-)
 delete mode 100644 audio/py-mpd2/pkg-descr
 rename audio/{py-mpd2 => py-python-mpd2}/Makefile (51%)
 rename audio/{py-mpd2 => py-python-mpd2}/distinfo (100%)
 create mode 100644 audio/py-python-mpd2/pkg-descr
 create mode 100644 audio/py-python-mpd2/pkg-plist
 create mode 100644 devel/electron6/files/patch-third__part_snappy_src_snappy.h
 delete mode 100644 devel/py-microversion-parse/pkg-descr
 rename devel/{py-microversion-parse => py-microversion_parse}/Makefile (50%)
 rename devel/{py-microversion-parse => py-microversion_parse}/distinfo (100%)
 create mode 100644 devel/py-microversion_parse/pkg-descr
 create mode 100644 devel/rubygem-xdg3/Makefile
 create mode 100644 devel/rubygem-xdg3/distinfo
 create mode 100644 devel/rubygem-xdg3/pkg-descr
 create mode 100644 lang/ruby27/Makefile
 create mode 100644 lang/ruby27/distinfo
 create mode 100644 lang/ruby27/files/patch-configure.ac
 create mode 100644 lang/ruby27/files/patch-lib_mkmf.rb
 create mode 100644 lang/ruby27/files/patch-lib_rdoc_generator_json__index.rb
 create mode 100644 lang/ruby27/files/patch-tool_mkconfig.rb
 create mode 100644 lang/ruby27/files/patch-tool_rbinstall.rb
 create mode 100644 lang/ruby27/pkg-descr
 create mode 100644 lang/ruby27/pkg-message
 create mode 100644 lang/ruby27/pkg-plist
 create mode 100644 math/py-statsmodels010/Makefile
 create mode 100644 math/py-statsmodels010/distinfo
 create mode 100644 math/py-statsmodels010/pkg-descr
 delete mode 100644 math/superlu_mt/Makefile
 delete mode 100644 math/superlu_mt/distinfo
 delete mode 100644 math/superlu_mt/files/patch-INSTALL-Makefile
 delete mode 100644 math/superlu_mt/files/patch-make.inc
 delete mode 100644 math/superlu_mt/pkg-descr
 delete mode 100644 math/superlu_mt/pkg-plist
 create mode 100644 misc/qtchooser/files/update-qtchooser-wrapper.in
 delete mode 100644 multimedia/assimp/files/patch-code_D3MFOpcPackage.cpp
 delete mode 100644 multimedia/assimp/files/patch-git_096056
 create mode 100644 print/py-fontbakery/Makefile
 create mode 100644 print/py-fontbakery/distinfo
 create mode 100644 print/py-fontbakery/files/patch-setup.py
 create mode 100644 print/py-fontbakery/pkg-descr
 create mode 100644 sysutils/tealdeer/Makefile
 create mode 100644 sysutils/tealdeer/distinfo
 create mode 100644 sysutils/tealdeer/pkg-descr
 create mode 100644 x11-fonts/py-opentype-sanitizer/Makefile
 create mode 100644 x11-fonts/py-opentype-sanitizer/distinfo
 create mode 100644 x11-fonts/py-opentype-sanitizer/files/patch-setup.py
 create mode 100644 x11-fonts/py-opentype-sanitizer/files/patch-src-python-ots-__init__.py
 create mode 100644 x11-fonts/py-opentype-sanitizer/pkg-descr
remote: To github.com:HardenedBSD/hardenedbsd-ports.git        
remote:    bec4971285fe..23870a7bab7d  master -> master        
remote:    09e324583483..bec4971285fe  github/master -> github/master        
To git-01.md.hardenedbsd.org:HardenedBSD/hardenedbsd-ports.git
   bec4971285fe..23870a7bab7d  master -> master
==== END: master ====
