==== BEGIN: master ====
current branch: master
mergeable branch: github/master
==== change branch ====
Already on 'master'
Your branch is up to date with 'origin/master'.
==== show current branch ====
* master
==== check for stale changes ====
==== update to latest origin ====
warning: Pulling without specifying how to reconcile divergent branches is
discouraged. You can squelch this message by running one of the following
commands sometime before your next pull:

  git config pull.rebase false  # merge (the default strategy)
  git config pull.rebase true   # rebase
  git config pull.ff only       # fast-forward only

You can replace "git config" with "git config --global" to set a default
preference for all repositories. You can also pass --rebase, --no-rebase,
or --ff-only on the command line to override the configured default per
invocation.

=============================
HardenedBSD Master git Server
=============================

Please note that connections and activity to this server are logged.
This server, git-01.md.hardenedbsd.org, acts as the source-of-truth
server for the HardenedBSD repositories.

Banner last updated: 10 Feb 2020 09:32 EST

Already up to date.
==== merge branches ====
==== merge github/master branch ====
Already up to date.
=============================
HardenedBSD Master git Server
=============================

Please note that connections and activity to this server are logged.
This server, git-01.md.hardenedbsd.org, acts as the source-of-truth
server for the HardenedBSD repositories.

Banner last updated: 10 Feb 2020 09:32 EST

Everything up-to-date
==== END: master ====
==== BEGIN: master ====
current branch: master
mergeable branch: freebsd/master
==== change branch ====
Already on 'master'
Your branch is up to date with 'origin/master'.
==== show current branch ====
* master
==== check for stale changes ====
==== update to latest origin ====
warning: Pulling without specifying how to reconcile divergent branches is
discouraged. You can squelch this message by running one of the following
commands sometime before your next pull:

  git config pull.rebase false  # merge (the default strategy)
  git config pull.rebase true   # rebase
  git config pull.ff only       # fast-forward only

You can replace "git config" with "git config --global" to set a default
preference for all repositories. You can also pass --rebase, --no-rebase,
or --ff-only on the command line to override the configured default per
invocation.

=============================
HardenedBSD Master git Server
=============================

Please note that connections and activity to this server are logged.
This server, git-01.md.hardenedbsd.org, acts as the source-of-truth
server for the HardenedBSD repositories.

Banner last updated: 10 Feb 2020 09:32 EST

Already up to date.
==== merge branches ====
==== merge freebsd/master branch ====
Merge made by the 'recursive' strategy.
 deskutils/ultralist/Makefile                |   2 +-
 deskutils/ultralist/distinfo                |   6 +-
 devel/universal-ctags/Makefile              |   4 +-
 devel/universal-ctags/distinfo              |   6 +-
 games/Makefile                              |   1 +
 games/abstreet/Makefile                     | 480 +++++++++++++++
 games/abstreet/distinfo                     | 877 ++++++++++++++++++++++++++++
 games/abstreet/files/patch-ezgui_Cargo.toml |  11 +
 games/abstreet/pkg-descr                    |   4 +
 games/abstreet/pkg-plist                    | 128 ++++
 misc/broot/Makefile                         |   2 +-
 misc/broot/distinfo                         |   6 +-
 sysutils/dua-cli/Makefile                   |  35 +-
 sysutils/dua-cli/distinfo                   |  68 ++-
 textproc/py-sphinx/distinfo                 |   2 -
 www/otrs/Makefile                           |   3 +-
 www/otrs/distinfo                           |   6 +-
 www/otrs/pkg-plist                          |   7 +-
 18 files changed, 1616 insertions(+), 32 deletions(-)
 create mode 100644 games/abstreet/Makefile
 create mode 100644 games/abstreet/distinfo
 create mode 100644 games/abstreet/files/patch-ezgui_Cargo.toml
 create mode 100644 games/abstreet/pkg-descr
 create mode 100644 games/abstreet/pkg-plist
=============================
HardenedBSD Master git Server
=============================

Please note that connections and activity to this server are logged.
This server, git-01.md.hardenedbsd.org, acts as the source-of-truth
server for the HardenedBSD repositories.

Banner last updated: 10 Feb 2020 09:32 EST

remote: To github.com:HardenedBSD/hardenedbsd-ports.git        
remote:    1bf206043759..2aafdff980cb  master -> master        
remote:    f70e00d60f0a..1bf206043759  github/master -> github/master        
remote:  ! [remote rejected]           refs/pull/2/head -> refs/pull/2/head (deny updating a hidden ref)
remote: error: failed to push some refs to 'github.com:HardenedBSD/hardenedbsd-ports.git'        
To git-01.md.hardenedbsd.org:HardenedBSD/hardenedbsd-ports.git
   1bf206043759..2aafdff980cb  master -> master
==== END: master ====
