==== BEGIN: master ====
current branch: master
mergeable branch: github/master
==== change branch ====
Already on 'master'
Your branch is up to date with 'origin/master'.
==== show current branch ====
* master
==== check for stale changes ====
==== update to latest origin ====
warning: Pulling without specifying how to reconcile divergent branches is
discouraged. You can squelch this message by running one of the following
commands sometime before your next pull:

  git config pull.rebase false  # merge (the default strategy)
  git config pull.rebase true   # rebase
  git config pull.ff only       # fast-forward only

You can replace "git config" with "git config --global" to set a default
preference for all repositories. You can also pass --rebase, --no-rebase,
or --ff-only on the command line to override the configured default per
invocation.

=============================
HardenedBSD Master git Server
=============================

Please note that connections and activity to this server are logged.
This server, git-01.md.hardenedbsd.org, acts as the source-of-truth
server for the HardenedBSD repositories.

Banner last updated: 10 Feb 2020 09:32 EST

Auto packing the repository in background for optimum performance.
See "git help gc" for manual housekeeping.
Already up to date.
==== merge branches ====
==== merge github/master branch ====
Already up to date.
=============================
HardenedBSD Master git Server
=============================

Please note that connections and activity to this server are logged.
This server, git-01.md.hardenedbsd.org, acts as the source-of-truth
server for the HardenedBSD repositories.

Banner last updated: 10 Feb 2020 09:32 EST

Everything up-to-date
==== END: master ====
==== BEGIN: master ====
current branch: master
mergeable branch: freebsd/master
==== change branch ====
Already on 'master'
Your branch is up to date with 'origin/master'.
==== show current branch ====
* master
==== check for stale changes ====
==== update to latest origin ====
warning: Pulling without specifying how to reconcile divergent branches is
discouraged. You can squelch this message by running one of the following
commands sometime before your next pull:

  git config pull.rebase false  # merge (the default strategy)
  git config pull.rebase true   # rebase
  git config pull.ff only       # fast-forward only

You can replace "git config" with "git config --global" to set a default
preference for all repositories. You can also pass --rebase, --no-rebase,
or --ff-only on the command line to override the configured default per
invocation.

=============================
HardenedBSD Master git Server
=============================

Please note that connections and activity to this server are logged.
This server, git-01.md.hardenedbsd.org, acts as the source-of-truth
server for the HardenedBSD repositories.

Banner last updated: 10 Feb 2020 09:32 EST

Auto packing the repository in background for optimum performance.
See "git help gc" for manual housekeeping.
Already up to date.
==== merge branches ====
==== merge freebsd/master branch ====
Removing www/nginx-devel/files/extra-patch-nginx_upstream_check_module-config
Merge made by the 'recursive' strategy.
Auto packing the repository in background for optimum performance.
See "git help gc" for manual housekeeping.
 audio/picard-plugins/Makefile                      |   4 +-
 audio/picard-plugins/distinfo                      |   6 +-
 audio/picard-plugins/pkg-plist                     |  15 ++
 audio/picard/Makefile                              |   2 +-
 audio/picard/distinfo                              |   6 +-
 benchmarks/iozone/Makefile                         |   1 +
 benchmarks/iozone/files/patch-iozone.c             |  11 ++
 devel/libhtp/Makefile                              |   2 +-
 devel/libhtp/distinfo                              |   6 +-
 devel/libhtp/pkg-plist                             |   6 +-
 dns/samba-nsupdate/Makefile                        |  49 +++---
 dns/samba-nsupdate/distinfo                        |   6 +-
 dns/samba-nsupdate/files/extrapatch-bind-tools     |  33 ++++
 .../files/patch-bin_named_include_named_globals.h  |  13 ++
 emulators/open-vm-tools/Makefile                   |   1 +
 ...tch-services_plugins_dndcp_copyPasteCompatX11.c |  16 ++
 net/intel-ixl-kmod/Makefile                        |   9 +-
 net/intel-ixl-kmod/distinfo                        |   8 +-
 security/bsmtrace/files/patch-bsmtrace.c           |   8 +
 security/bsmtrace/files/patch-bsmtrace.h           |   9 +-
 security/bsmtrace/files/patch-conf.c               |  10 ++
 security/bsmtrace/files/patch-log.c                |  11 ++
 security/bsmtrace/files/patch-log.h                |  11 ++
 security/bsmtrace3/Makefile                        |   2 +-
 security/bsmtrace3/distinfo                        |   6 +-
 sysutils/intel-nvmupdate/Makefile                  |   9 +-
 sysutils/intel-nvmupdate/distinfo                  |   6 +-
 sysutils/intel-nvmupdate/pkg-plist                 | 169 +++++++++++----------
 sysutils/seatd/Makefile                            |   3 +-
 sysutils/seatd/distinfo                            |   6 +-
 www/edbrowse/Makefile                              |   2 +-
 www/edbrowse/distinfo                              |   2 +-
 www/edbrowse/files/patch-src_eb.h                  |  11 ++
 www/nginx-devel/Makefile                           |   2 +-
 www/nginx-devel/Makefile.extmod                    |   5 +-
 .../extra-patch-nginx_upstream_check_module-config |  32 ----
 www/nginx-devel/pkg-plist                          |   1 -
 x11-clocks/asclock-xlib/files/patch-symbols.c      |  10 ++
 x11-toolkits/wlroots/Makefile                      |   4 +-
 x11-toolkits/wlroots/distinfo                      |   8 +-
 40 files changed, 319 insertions(+), 202 deletions(-)
 create mode 100644 benchmarks/iozone/files/patch-iozone.c
 create mode 100644 dns/samba-nsupdate/files/extrapatch-bind-tools
 create mode 100644 dns/samba-nsupdate/files/patch-bin_named_include_named_globals.h
 create mode 100644 emulators/open-vm-tools/files/patch-services_plugins_dndcp_copyPasteCompatX11.c
 create mode 100644 security/bsmtrace/files/patch-conf.c
 create mode 100644 security/bsmtrace/files/patch-log.c
 create mode 100644 security/bsmtrace/files/patch-log.h
 create mode 100644 www/edbrowse/files/patch-src_eb.h
 delete mode 100644 www/nginx-devel/files/extra-patch-nginx_upstream_check_module-config
 create mode 100644 x11-clocks/asclock-xlib/files/patch-symbols.c
=============================
HardenedBSD Master git Server
=============================

Please note that connections and activity to this server are logged.
This server, git-01.md.hardenedbsd.org, acts as the source-of-truth
server for the HardenedBSD repositories.

Banner last updated: 10 Feb 2020 09:32 EST

remote: * Checking 1 branches        
remote: Checked 1 references in total        
remote: To github.com:HardenedBSD/hardenedbsd-ports.git        
remote:    d2e4e0728e9e..c545e68b6fe0  master -> master        
remote:    936a48f5ca80..d2e4e0728e9e  github/master -> github/master        
remote:  ! [remote rejected]           refs/pull/2/head -> refs/pull/2/head (deny updating a hidden ref)        
remote: error: failed to push some refs to 'github.com:HardenedBSD/hardenedbsd-ports.git'        
remote: . Processing 1 references        
remote: Processed 1 references in total        
To git-01.md.hardenedbsd.org:HardenedBSD/hardenedbsd-ports.git
   d2e4e0728e9e..c545e68b6fe0  master -> master
==== END: master ====
