==== BEGIN: master ====
current branch: master
mergeable branch: github/master
==== change branch ====
Already on 'master'
Your branch is up to date with 'origin/master'.
==== show current branch ====
* master
==== check for stale changes ====
==== update to latest origin ====
warning: Pulling without specifying how to reconcile divergent branches is
discouraged. You can squelch this message by running one of the following
commands sometime before your next pull:

  git config pull.rebase false  # merge (the default strategy)
  git config pull.rebase true   # rebase
  git config pull.ff only       # fast-forward only

You can replace "git config" with "git config --global" to set a default
preference for all repositories. You can also pass --rebase, --no-rebase,
or --ff-only on the command line to override the configured default per
invocation.

=============================
HardenedBSD Master git Server
=============================

Please note that connections and activity to this server are logged.
This server, git-01.md.hardenedbsd.org, acts as the source-of-truth
server for the HardenedBSD repositories.

Banner last updated: 10 Feb 2020 09:32 EST

Already up to date.
==== merge branches ====
==== merge github/master branch ====
Already up to date.
=============================
HardenedBSD Master git Server
=============================

Please note that connections and activity to this server are logged.
This server, git-01.md.hardenedbsd.org, acts as the source-of-truth
server for the HardenedBSD repositories.

Banner last updated: 10 Feb 2020 09:32 EST

Everything up-to-date
==== END: master ====
==== BEGIN: master ====
current branch: master
mergeable branch: freebsd/master
==== change branch ====
Already on 'master'
Your branch is up to date with 'origin/master'.
==== show current branch ====
* master
==== check for stale changes ====
==== update to latest origin ====
warning: Pulling without specifying how to reconcile divergent branches is
discouraged. You can squelch this message by running one of the following
commands sometime before your next pull:

  git config pull.rebase false  # merge (the default strategy)
  git config pull.rebase true   # rebase
  git config pull.ff only       # fast-forward only

You can replace "git config" with "git config --global" to set a default
preference for all repositories. You can also pass --rebase, --no-rebase,
or --ff-only on the command line to override the configured default per
invocation.

=============================
HardenedBSD Master git Server
=============================

Please note that connections and activity to this server are logged.
This server, git-01.md.hardenedbsd.org, acts as the source-of-truth
server for the HardenedBSD repositories.

Banner last updated: 10 Feb 2020 09:32 EST

Already up to date.
==== merge branches ====
==== merge freebsd/master branch ====
Auto-merging www/firefox/Makefile
Auto-merging security/suricata/Makefile
Removing net/freediameter/files/patch-libfdcore_sctp.c
Removing lang/rust/files/patch-vendor_openssl-sys_build_main.rs
Auto-merging emulators/fs-uae/Makefile
Merge made by the 'recursive' strategy.
 Mk/Uses/cargo.mk                                   |     2 +-
 audio/artyfx-lv2/Makefile                          |     7 +-
 audio/artyfx-lv2/distinfo                          |     6 +-
 audio/eq10q-lv2/Makefile                           |     6 +-
 audio/infamous-plugins-lv2/Makefile                |    17 +-
 audio/infamous-plugins-lv2/distinfo                |     6 +-
 audio/ir-lv2/Makefile                              |     8 +-
 audio/ir-lv2/distinfo                              |     4 +-
 audio/ncspot/Makefile                              |     3 +-
 audio/ncspot/distinfo                              |     6 +-
 audio/spotify-tui/Makefile                         |     1 +
 audio/spotifyd/Makefile                            |     2 +-
 benchmarks/hyperfine/Makefile                      |     2 +-
 databases/postgresql13-server/Makefile             |     2 +-
 databases/postgresql13-server/pkg-plist-server     |     1 -
 deskutils/just/Makefile                            |     1 +
 devel/Makefile                                     |     2 +
 devel/bingrep/Makefile                             |     2 +-
 devel/cargo-c/Makefile                             |     1 +
 devel/cargo-generate/Makefile                      |     1 +
 devel/desed/Makefile                               |     2 +-
 devel/dtool/Makefile                               |     1 +
 devel/gbump/Makefile                               |     2 +-
 devel/git-absorb/Makefile                          |     2 +-
 devel/git-delta/Makefile                           |     2 +-
 devel/gitui/Makefile                               |     1 +
 devel/gvfs/pkg-plist                               |     4 +-
 devel/interactive_rebase_tool/Makefile             |     2 +-
 devel/jetbrains-clion/Makefile                     |     2 +-
 devel/jetbrains-clion/distinfo                     |     6 +-
 devel/libbde/Makefile                              |     2 +-
 devel/libbde/distinfo                              |     6 +-
 devel/libcreg/Makefile                             |    29 +
 devel/libcreg/distinfo                             |     3 +
 devel/libcreg/pkg-descr                            |     3 +
 devel/libcreg/pkg-plist                            |    19 +
 devel/libevt/Makefile                              |     2 +-
 devel/libevt/distinfo                              |     6 +-
 devel/libewf/Makefile                              |     2 +-
 devel/libewf/distinfo                              |     6 +-
 devel/libfsapfs/Makefile                           |     2 +-
 devel/libfsapfs/distinfo                           |     6 +-
 devel/libfsext/Makefile                            |    30 +
 devel/libfsext/distinfo                            |     3 +
 devel/libfsext/pkg-descr                           |     3 +
 devel/libfsext/pkg-plist                           |    17 +
 devel/libfsntfs/Makefile                           |     4 +-
 devel/libfsntfs/distinfo                           |     6 +-
 devel/libqcow/Makefile                             |     2 +-
 devel/libqcow/distinfo                             |     6 +-
 devel/libregf/Makefile                             |     2 +-
 devel/libregf/distinfo                             |     6 +-
 devel/libvhdi/Makefile                             |     2 +-
 devel/libvhdi/distinfo                             |     6 +-
 devel/libvmdk/Makefile                             |     2 +-
 devel/libvmdk/distinfo                             |     6 +-
 devel/libvslvm/Makefile                            |     2 +-
 devel/libvslvm/distinfo                            |     6 +-
 devel/pijul/Makefile                               |     2 +-
 devel/py-tiamat/Makefile                           |     4 +-
 devel/racer/Makefile                               |    38 +-
 devel/racer/distinfo                               |    76 +-
 devel/rust-analyzer/Makefile                       |     1 +
 devel/rust-bindgen/Makefile                        |     2 +-
 devel/rust-cbindgen/Makefile                       |     1 +
 devel/sccache/Makefile                             |     2 +-
 devel/sentry-cli/Makefile                          |     1 +
 devel/tokei/Makefile                               |     2 +-
 dns/doh-proxy/Makefile                             |     2 +-
 editors/kak-lsp/Makefile                           |     2 +-
 editors/kibi/Makefile                              |     1 +
 editors/parinfer-rust/Makefile                     |     2 +-
 editors/xi-core/Makefile                           |     2 +-
 editors/xi-term/Makefile                           |     2 +-
 emulators/fs-uae/Makefile                          |     3 +
 games/abstreet/Makefile                            |     1 +
 games/dose-response/Makefile                       |     2 +-
 games/genact/Makefile                              |     1 +
 games/jaggedalliance2/Makefile                     |     2 +-
 games/veloren/Makefile                             |     2 +-
 graphics/bmeps/Makefile                            |     3 +-
 graphics/bmeps/distinfo                            |     6 +-
 graphics/dssim/Makefile                            |     1 +
 graphics/ikona/Makefile                            |     2 +-
 graphics/librsvg2-rust/Makefile                    |     1 +
 graphics/pastel/Makefile                           |     2 +-
 graphics/rx/Makefile                               |     2 +-
 graphics/svgbob/Makefile                           |     2 +-
 graphics/viu/Makefile                              |     1 +
 java/icedtea-web/Makefile                          |     2 +-
 lang/rust-bootstrap/Makefile                       |     9 +-
 lang/rust-bootstrap/distinfo                       |     2 +
 lang/rust/Makefile                                 |    13 +-
 lang/rust/distinfo                                 |    96 +-
 lang/rust/files/patch-src_bootstrap_native.rs      |    12 -
 .../files/patch-vendor_openssl-sys_build_main.rs   |    21 -
 .../patch-src_librustc__target_spec_mod.rs         |    10 +
 ...c__target_spec_powerpc64le__unknown__freebsd.rs |    25 +
 ...ch-src_llvm-project_clang_lib_Basic_Targets.cpp |    11 +
 .../patch-vendor_openssl-src_src_lib.rs            |    10 +
 lang/spidermonkey78/Makefile                       |     1 +
 mail/thunderbird/Makefile                          |     2 +-
 mail/thunderbird/files/patch-bug1663715            | 31087 ++++++++++++++++
 misc/broot/Makefile                                |     5 +-
 misc/broot/distinfo                                |    10 +-
 misc/gpsim/Makefile                                |     8 +-
 misc/ruut/Makefile                                 |     2 +-
 multimedia/emby-server/Makefile                    |     2 +-
 multimedia/emby-server/distinfo                    |     6 +-
 multimedia/librav1e/Makefile                       |     2 +-
 multimedia/rav1e/Makefile                          |     2 +-
 multimedia/termplay/Makefile                       |     2 +-
 net-im/fractal/Makefile                            |     2 +-
 net-mgmt/bandwhich/Makefile                        |     1 +
 net-p2p/openethereum/Makefile                      |     2 +-
 net/findomain/Makefile                             |     1 +
 net/freediameter/Makefile                          |    10 +-
 net/freediameter/distinfo                          |     5 +-
 .../files/patch-include_freeDiameter_libfdproto.h  |    18 +
 net/freediameter/files/patch-libfdcore_sctp.c      |    11 -
 net/freediameter/pkg-plist                         |    45 +-
 net/proby/Makefile                                 |     2 +-
 net/quiche/Makefile                                |     2 +-
 net/rabbiteer/Makefile                             |     2 +-
 net/routinator/Makefile                            |     2 +-
 ports-mgmt/pkg-devel/Makefile                      |     4 +-
 ports-mgmt/pkg-devel/distinfo                      |     6 +-
 science/libgridxc/Makefile                         |     8 +-
 science/octopus/Makefile                           |    18 +-
 science/octopus/distinfo                           |     6 +-
 science/octopus/files/patch-src_Makefile.in        |    34 +
 science/octopus/pkg-plist                          |   183 +-
 security/acmed/Makefile                            |     1 +
 security/cargo-audit/Makefile                      |     1 +
 security/cloak/Makefile                            |     2 +-
 security/p5-Crypt-Rijndael/Makefile                |     2 +-
 security/sequoia/Makefile                          |     1 +
 security/suricata/Makefile                         |     2 +-
 shells/ion/Makefile                                |     2 +-
 shells/starship/Makefile                           |     2 +-
 sysutils/diskonaut/Makefile                        |     1 +
 sysutils/dua-cli/Makefile                          |     2 +-
 sysutils/duf/Makefile                              |     8 +-
 sysutils/duf/distinfo                              |    14 +-
 sysutils/exa/Makefile                              |     2 +-
 sysutils/fd/Makefile                               |     2 +-
 sysutils/flowgger/Makefile                         |     2 +-
 sysutils/fselect/Makefile                          |   124 +-
 sysutils/fselect/distinfo                          |   234 +-
 sysutils/fusefs-sandboxfs/Makefile                 |     2 +-
 sysutils/hexyl/Makefile                            |     2 +-
 sysutils/lsd/Makefile                              |     2 +-
 sysutils/onefetch/Makefile                         |     1 +
 sysutils/potnet/Makefile                           |     2 +-
 sysutils/rsfetch/Makefile                          |     2 +-
 sysutils/siegfried/Makefile                        |     2 +-
 sysutils/siegfried/distinfo                        |     6 +-
 sysutils/tealdeer/Makefile                         |     1 +
 sysutils/vector/Makefile                           |     2 +-
 sysutils/zoxide/Makefile                           |     2 +-
 textproc/angle-grinder/Makefile                    |     1 +
 textproc/bat/Makefile                              |     2 +-
 textproc/mdbook/Makefile                           |     1 +
 textproc/ripgrep/Makefile                          |     2 +-
 textproc/sd/Makefile                               |     2 +-
 textproc/sonic/Makefile                            |     2 +-
 textproc/xsv-rs/Makefile                           |     2 +-
 www/cliqz/Makefile                                 |     2 +-
 www/cliqz/files/patch-bug1663715                   | 31087 ++++++++++++++++
 www/deno/Makefile                                  |     1 +
 www/ffsend/Makefile                                |     1 +
 www/firefox-esr/files/patch-bug1663715             | 31087 ++++++++++++++++
 www/firefox/Makefile                               |     1 +
 www/firefox/files/patch-bug1663715                 | 35278 +++++++++++++++++++
 www/geckodriver/Makefile                           |     2 +-
 www/jwt-cli/Makefile                               |     1 +
 www/miniserve/Makefile                             |     1 +
 www/monolith/Makefile                              |     2 +-
 www/newsboat/Makefile                              |     1 +
 www/websocat/Makefile                              |     2 +-
 www/zola/Makefile                                  |     1 +
 x11-wm/Makefile                                    |     1 +
 x11-wm/yeahwm/Makefile                             |    42 +
 x11-wm/yeahwm/distinfo                             |     3 +
 x11-wm/yeahwm/pkg-descr                            |    18 +
 x11/admiral/Makefile                               |     2 +-
 x11/alacritty/Makefile                             |     2 +-
 x11/squeekboard/Makefile                           |     2 +-
 188 files changed, 129562 insertions(+), 579 deletions(-)
 create mode 100644 devel/libcreg/Makefile
 create mode 100644 devel/libcreg/distinfo
 create mode 100644 devel/libcreg/pkg-descr
 create mode 100644 devel/libcreg/pkg-plist
 create mode 100644 devel/libfsext/Makefile
 create mode 100644 devel/libfsext/distinfo
 create mode 100644 devel/libfsext/pkg-descr
 create mode 100644 devel/libfsext/pkg-plist
 delete mode 100644 lang/rust/files/patch-vendor_openssl-sys_build_main.rs
 create mode 100644 lang/rust/files/powerpc64le/patch-src_librustc__target_spec_mod.rs
 create mode 100644 lang/rust/files/powerpc64le/patch-src_librustc__target_spec_powerpc64le__unknown__freebsd.rs
 create mode 100644 lang/rust/files/powerpc64le/patch-src_llvm-project_clang_lib_Basic_Targets.cpp
 create mode 100644 lang/rust/files/powerpc64le/patch-vendor_openssl-src_src_lib.rs
 create mode 100644 mail/thunderbird/files/patch-bug1663715
 create mode 100644 net/freediameter/files/patch-include_freeDiameter_libfdproto.h
 delete mode 100644 net/freediameter/files/patch-libfdcore_sctp.c
 create mode 100644 science/octopus/files/patch-src_Makefile.in
 create mode 100644 www/cliqz/files/patch-bug1663715
 create mode 100644 www/firefox-esr/files/patch-bug1663715
 create mode 100644 www/firefox/files/patch-bug1663715
 create mode 100644 x11-wm/yeahwm/Makefile
 create mode 100644 x11-wm/yeahwm/distinfo
 create mode 100644 x11-wm/yeahwm/pkg-descr
=============================
HardenedBSD Master git Server
=============================

Please note that connections and activity to this server are logged.
This server, git-01.md.hardenedbsd.org, acts as the source-of-truth
server for the HardenedBSD repositories.

Banner last updated: 10 Feb 2020 09:32 EST

remote: * Checking 1 branches        
remote: Checked 1 references in total        
remote: To github.com:HardenedBSD/hardenedbsd-ports.git        
remote:    ecf2fc3efeb2..752e91380c9f  master -> master        
remote:    e8c18c049f28..ecf2fc3efeb2  github/master -> github/master        
remote:  ! [remote rejected]           refs/pull/10/head -> refs/pull/10/head (deny updating a hidden ref)        
remote:  ! [remote rejected]           refs/pull/11/head -> refs/pull/11/head (deny updating a hidden ref)
remote:  ! [remote rejected]           refs/pull/12/head -> refs/pull/12/head (deny updating a hidden ref)        
remote:  ! [remote rejected]           refs/pull/2/head -> refs/pull/2/head (deny updating a hidden ref)        
remote:  ! [remote rejected]           refs/pull/9/head -> refs/pull/9/head (deny updating a hidden ref)        
remote: error: failed to push some refs to 'github.com:HardenedBSD/hardenedbsd-ports.git'        
remote: . Processing 1 references        
remote: Processed 1 references in total        
To git-01.md.hardenedbsd.org:HardenedBSD/hardenedbsd-ports.git
   ecf2fc3efeb2..752e91380c9f  master -> master
==== END: master ====
