==== BEGIN: master ====
current branch: master
mergeable branch: github/master
==== change branch ====
Already on 'master'
Your branch is up to date with 'origin/master'.
==== show current branch ====
* master
==== check for stale changes ====
==== update to latest origin ====
Already up to date.
==== merge branches ====
==== merge github/master branch ====
Already up to date.
Everything up-to-date
==== END: master ====
==== BEGIN: master ====
current branch: master
mergeable branch: freebsd/master
==== change branch ====
Already on 'master'
Your branch is up to date with 'origin/master'.
==== show current branch ====
* master
==== check for stale changes ====
==== update to latest origin ====
Already up to date.
==== merge branches ====
==== merge freebsd/master branch ====
Merge made by the 'recursive' strategy.
 emulators/wine-devel/Makefile         |  2 +-
 emulators/wine-devel/distinfo         | 10 +++++-----
 emulators/wine-devel/pkg-plist        |  2 ++
 graphics/sane-epkowa/Makefile         |  5 ++---
 mail/postfix-current/Makefile         |  2 +-
 mail/postfix-current/distinfo         |  6 +++---
 sysutils/Makefile                     |  1 +
 sysutils/py-cron-descriptor/Makefile  | 28 ++++++++++++++++++++++++++++
 sysutils/py-cron-descriptor/distinfo  |  3 +++
 sysutils/py-cron-descriptor/pkg-descr |  5 +++++
 10 files changed, 51 insertions(+), 13 deletions(-)
 create mode 100644 sysutils/py-cron-descriptor/Makefile
 create mode 100644 sysutils/py-cron-descriptor/distinfo
 create mode 100644 sysutils/py-cron-descriptor/pkg-descr
remote: To github.com:HardenedBSD/hardenedbsd-ports.git        
remote:    2ecfa1c6100a..4b8427a129bd  master -> master        
remote:    bc8dd34f48c8..2ecfa1c6100a  github/master -> github/master
To git-01.md.hardenedbsd.org:HardenedBSD/hardenedbsd-ports.git
   2ecfa1c6100a..4b8427a129bd  master -> master
==== END: master ====
