==== BEGIN: master ====
current branch: master
mergeable branch: github/master
==== change branch ====
Already on 'master'
Your branch is up to date with 'origin/master'.
==== show current branch ====
* master
==== check for stale changes ====
==== update to latest origin ====
Already up to date.
==== merge branches ====
==== merge github/master branch ====
Already up to date.
Everything up-to-date
==== END: master ====
==== BEGIN: master ====
current branch: master
mergeable branch: freebsd/master
==== change branch ====
Already on 'master'
Your branch is up to date with 'origin/master'.
==== show current branch ====
* master
==== check for stale changes ====
==== update to latest origin ====
Already up to date.
==== merge branches ====
==== merge freebsd/master branch ====
Merge made by the 'recursive' strategy.
 devel/Makefile                             |   1 +
 devel/govendor/Makefile                    |   2 +
 devel/msitools/Makefile                    |  33 +++++++
 devel/msitools/distinfo                    |   3 +
 devel/msitools/files/patch-libmsi_string.c |  15 +++
 devel/msitools/pkg-descr                   |   9 ++
 devel/msitools/pkg-plist                   | 136 ++++++++++++++++++++++++++
 devel/rubygem-io-console/Makefile          |   2 +-
 devel/rubygem-io-console/distinfo          |   6 +-
 devel/tbb/Makefile                         |   2 +-
 devel/tbb/distinfo                         |   6 +-
 dns/nsd/Makefile                           |   2 +-
 dns/nsd/distinfo                           |   6 +-
 lang/go-devel/Makefile                     |   3 +-
 lang/go-devel/distinfo                     |  22 ++---
 net-mgmt/prometheus2/Makefile              |   3 +-
 net-mgmt/prometheus2/distinfo              |  10 +-
 net-mgmt/prometheus2/pkg-message           |  12 +++
 net-p2p/jackett/Makefile                   |   2 +-
 net-p2p/jackett/distinfo                   |   6 +-
 net-p2p/jackett/pkg-plist                  | 150 ++++++++++++++++++++---------
 shells/ammonite/Makefile                   |   2 +-
 shells/ammonite/distinfo                   |   6 +-
 23 files changed, 357 insertions(+), 82 deletions(-)
 create mode 100644 devel/msitools/Makefile
 create mode 100644 devel/msitools/distinfo
 create mode 100644 devel/msitools/files/patch-libmsi_string.c
 create mode 100644 devel/msitools/pkg-descr
 create mode 100644 devel/msitools/pkg-plist
remote: To github.com:HardenedBSD/hardenedbsd-ports.git        
remote:    bc8dd34f48c8..2ecfa1c6100a  master -> master        
remote:    a963bf557955..bc8dd34f48c8  github/master -> github/master
To git-01.md.hardenedbsd.org:HardenedBSD/hardenedbsd-ports.git
   bc8dd34f48c8..2ecfa1c6100a  master -> master
==== END: master ====
