==== BEGIN: master ====
current branch: master
mergeable branch: github/master
==== change branch ====
Already on 'master'
Your branch is behind 'origin/master' by 50 commits, and can be fast-forwarded.
  (use "git pull" to update your local branch)
==== show current branch ====
* master
==== check for stale changes ====
==== update to latest origin ====
warning: Pulling without specifying how to reconcile divergent branches is
discouraged. You can squelch this message by running one of the following
commands sometime before your next pull:

  git config pull.rebase false  # merge (the default strategy)
  git config pull.rebase true   # rebase
  git config pull.ff only       # fast-forward only

You can replace "git config" with "git config --global" to set a default
preference for all repositories. You can also pass --rebase, --no-rebase,
or --ff-only on the command line to override the configured default per
invocation.

=============================
HardenedBSD Master git Server
=============================

Please note that connections and activity to this server are logged.
This server, git-01.md.hardenedbsd.org, acts as the source-of-truth
server for the HardenedBSD repositories.

Banner last updated: 10 Feb 2020 09:32 EST

Updating 10803e98380a..a29081a05424
Fast-forward
 MOVED                                              |  3 +
 astro/gpsd/Makefile                                |  3 +-
 cad/cura/Makefile                                  |  4 +-
 cad/k40-whisperer/Makefile                         |  3 +-
 comms/Makefile                                     |  2 +-
 comms/chirp/Makefile                               |  3 +-
 comms/nanovna-saver/Makefile                       |  3 +-
 comms/py-adafruit-ampy/Makefile                    |  4 +-
 comms/py-esptool/Makefile                          |  4 +-
 comms/{py-serial => py-pyserial}/Makefile          | 10 +--
 comms/{py-serial => py-pyserial}/distinfo          |  0
 comms/{py-serial => py-pyserial}/pkg-descr         |  0
 comms/{py-serial => py-pyserial}/pkg-plist         |  0
 databases/Makefile                                 |  1 +
 databases/grass7/Makefile                          | 40 ++++++----
 databases/grass7/distinfo                          |  6 +-
 .../grass7/files/patch-lib_python_ctypes_Makefile  | 11 +++
 ...hon_ctypes_ctypesgencore_parser_preprocessor.py | 12 +++
 databases/grass7/pkg-plist                         | 15 +++-
 databases/mongodb44/Makefile                       | 88 ++++++++++++++++++++++
 databases/mongodb44/distinfo                       |  3 +
 .../patch-src_third__party_mozjs-60_gen-config.sh  | 24 ++++++
 ...arch64_freebsd_build_Unified__cpp__js__src0.cpp | 59 +++++++++++++++
 ...arch64_freebsd_build_Unified__cpp__js__src1.cpp | 59 +++++++++++++++
 ...rch64_freebsd_build_Unified__cpp__js__src10.cpp | 59 +++++++++++++++
 ...rch64_freebsd_build_Unified__cpp__js__src11.cpp | 59 +++++++++++++++
 ...rch64_freebsd_build_Unified__cpp__js__src12.cpp | 59 +++++++++++++++
 ...rch64_freebsd_build_Unified__cpp__js__src13.cpp | 59 +++++++++++++++
 ...rch64_freebsd_build_Unified__cpp__js__src14.cpp | 59 +++++++++++++++
 ...rch64_freebsd_build_Unified__cpp__js__src15.cpp | 59 +++++++++++++++
 ...rch64_freebsd_build_Unified__cpp__js__src16.cpp | 59 +++++++++++++++
 ...rch64_freebsd_build_Unified__cpp__js__src17.cpp | 59 +++++++++++++++
 ...rch64_freebsd_build_Unified__cpp__js__src18.cpp | 59 +++++++++++++++
 ...rch64_freebsd_build_Unified__cpp__js__src19.cpp | 59 +++++++++++++++
 ...arch64_freebsd_build_Unified__cpp__js__src2.cpp | 59 +++++++++++++++
 ...rch64_freebsd_build_Unified__cpp__js__src20.cpp | 59 +++++++++++++++
 ...rch64_freebsd_build_Unified__cpp__js__src21.cpp | 59 +++++++++++++++
 ...rch64_freebsd_build_Unified__cpp__js__src22.cpp | 59 +++++++++++++++
 ...rch64_freebsd_build_Unified__cpp__js__src23.cpp | 59 +++++++++++++++
 ...rch64_freebsd_build_Unified__cpp__js__src24.cpp | 59 +++++++++++++++
 ...rch64_freebsd_build_Unified__cpp__js__src25.cpp | 59 +++++++++++++++
 ...rch64_freebsd_build_Unified__cpp__js__src26.cpp | 59 +++++++++++++++
 ...rch64_freebsd_build_Unified__cpp__js__src27.cpp | 59 +++++++++++++++
 ...rch64_freebsd_build_Unified__cpp__js__src28.cpp | 59 +++++++++++++++
 ...rch64_freebsd_build_Unified__cpp__js__src29.cpp | 59 +++++++++++++++
 ...arch64_freebsd_build_Unified__cpp__js__src3.cpp | 59 +++++++++++++++
 ...rch64_freebsd_build_Unified__cpp__js__src30.cpp | 59 +++++++++++++++
 ...rch64_freebsd_build_Unified__cpp__js__src31.cpp | 59 +++++++++++++++
 ...rch64_freebsd_build_Unified__cpp__js__src32.cpp | 59 +++++++++++++++
 ...rch64_freebsd_build_Unified__cpp__js__src33.cpp | 59 +++++++++++++++
 ...rch64_freebsd_build_Unified__cpp__js__src34.cpp | 59 +++++++++++++++
 ...rch64_freebsd_build_Unified__cpp__js__src35.cpp | 59 +++++++++++++++
 ...rch64_freebsd_build_Unified__cpp__js__src36.cpp | 59 +++++++++++++++
 ...rch64_freebsd_build_Unified__cpp__js__src37.cpp | 59 +++++++++++++++
 ...rch64_freebsd_build_Unified__cpp__js__src38.cpp | 59 +++++++++++++++
 ...rch64_freebsd_build_Unified__cpp__js__src39.cpp | 59 +++++++++++++++
 ...arch64_freebsd_build_Unified__cpp__js__src4.cpp | 59 +++++++++++++++
 ...rch64_freebsd_build_Unified__cpp__js__src40.cpp | 59 +++++++++++++++
 ...rch64_freebsd_build_Unified__cpp__js__src41.cpp | 59 +++++++++++++++
 ...rch64_freebsd_build_Unified__cpp__js__src42.cpp | 59 +++++++++++++++
 ...rch64_freebsd_build_Unified__cpp__js__src43.cpp | 59 +++++++++++++++
 ...rch64_freebsd_build_Unified__cpp__js__src44.cpp | 59 +++++++++++++++
 ...rch64_freebsd_build_Unified__cpp__js__src45.cpp | 41 ++++++++++
 ...arch64_freebsd_build_Unified__cpp__js__src5.cpp | 59 +++++++++++++++
 ...arch64_freebsd_build_Unified__cpp__js__src6.cpp | 59 +++++++++++++++
 ...arch64_freebsd_build_Unified__cpp__js__src7.cpp | 59 +++++++++++++++
 ...arch64_freebsd_build_Unified__cpp__js__src8.cpp | 59 +++++++++++++++
 ...arch64_freebsd_build_Unified__cpp__js__src9.cpp | 59 +++++++++++++++
 ...60_platform_aarch64_freebsd_build_js-confdefs.h | 79 +++++++++++++++++++
 ...60_platform_aarch64_freebsd_include_js-config.h | 64 ++++++++++++++++
 databases/mongodb44/files/mongod.in                | 62 +++++++++++++++
 databases/mongodb44/files/patch-SConstruct         | 33 ++++++++
 databases/mongodb44/files/patch-rpm_mongod.conf    | 25 ++++++
 databases/mongodb44/pkg-descr                      |  5 ++
 databases/mongodb44/pkg-plist                      |  4 +
 databases/py-python-swiftclient/Makefile           |  2 +-
 databases/py-python-swiftclient/distinfo           |  6 +-
 devel/Makefile                                     |  2 +-
 devel/py-gevent/Makefile                           |  2 +-
 devel/py-hypothesis/Makefile                       |  2 +-
 devel/py-hypothesis/distinfo                       |  6 +-
 devel/py-opengrok-tools/Makefile                   |  2 +-
 devel/py-opengrok-tools/distinfo                   |  6 +-
 devel/{py-usb => py-pyusb}/Makefile                |  8 +-
 devel/py-pyusb/distinfo                            |  3 +
 devel/{py-usb => py-pyusb}/pkg-descr               |  0
 devel/py-pyvisa-py/Makefile                        |  5 +-
 devel/py-twisted/Makefile                          |  3 +-
 devel/py-usb/distinfo                              |  3 -
 devel/pybugz/Makefile                              |  3 +-
 devel/pybugz/files/patch-pybugz.d_default.conf     |  6 ++
 devel/rubygem-aws-partitions/Makefile              |  2 +-
 devel/rubygem-aws-partitions/distinfo              |  6 +-
 devel/rubygem-aws-sdk-cloudformation/Makefile      |  2 +-
 devel/rubygem-aws-sdk-cloudformation/distinfo      |  6 +-
 .../Makefile                                       |  2 +-
 .../distinfo                                       |  6 +-
 devel/rubygem-aws-sdk-core2/Makefile               |  2 +-
 devel/rubygem-aws-sdk-core2/distinfo               |  6 +-
 .../Makefile                                       |  2 +-
 .../distinfo                                       |  6 +-
 devel/rubygem-aws-sdk-quicksight/Makefile          |  2 +-
 devel/rubygem-aws-sdk-quicksight/distinfo          |  6 +-
 devel/rubygem-aws-sdk-resources2/Makefile          |  2 +-
 devel/rubygem-aws-sdk-resources2/distinfo          |  6 +-
 devel/rubygem-aws-sdk-sagemaker/Makefile           |  2 +-
 devel/rubygem-aws-sdk-sagemaker/distinfo           |  6 +-
 devel/rubygem-aws-sdk2/Makefile                    |  2 +-
 devel/rubygem-aws-sdk2/distinfo                    |  6 +-
 devel/thonny/Makefile                              |  3 +-
 dns/p5-Net-DNS/Makefile                            |  2 +-
 dns/p5-Net-DNS/distinfo                            |  6 +-
 finance/odoo/Makefile                              |  5 +-
 games/py-mnemosyne/Makefile                        |  3 +-
 games/py-mnemosyne/distinfo                        |  6 +-
 graphics/Makefile                                  |  1 +
 graphics/kimageannotator/Makefile                  |  4 +-
 graphics/kimageannotator/distinfo                  |  6 +-
 .../kimageannotator/files/patch-CMakeLists.txt     | 20 -----
 graphics/kimageannotator/pkg-plist                 |  2 +-
 graphics/ksnip/Makefile                            |  2 +-
 graphics/ksnip/distinfo                            |  6 +-
 graphics/py-OWSLib/Makefile                        |  2 +-
 graphics/py-OWSLib/distinfo                        |  6 +-
 graphics/py-fiona/Makefile                         |  6 +-
 graphics/py-fiona/distinfo                         |  6 +-
 graphics/py-fiona/files/patch-setup.py             | 37 ---------
 graphics/py-geopandas/Makefile                     |  2 +-
 graphics/py-geopandas/distinfo                     |  6 +-
 graphics/py-glfw/Makefile                          |  2 +-
 graphics/py-glfw/distinfo                          |  6 +-
 graphics/py-pygeoapi/Makefile                      |  2 +-
 graphics/py-pygeoapi/distinfo                      |  6 +-
 graphics/qvge/Makefile                             | 45 +++++++++++
 graphics/qvge/distinfo                             |  3 +
 graphics/qvge/files/patch-app.pri                  | 21 ++++++
 .../qvge/files/patch-commonui_ogdf_COGDFLayout.cpp | 31 ++++++++
 .../qvge/files/patch-qvge_CNodeEditorScene.cpp     | 14 ++++
 graphics/qvge/pkg-descr                            |  5 ++
 lang/gcc8-devel/Makefile                           |  2 +-
 lang/gcc8-devel/distinfo                           |  6 +-
 mail/archivesmtp/pkg-descr                         |  2 +-
 math/Makefile                                      |  2 +-
 math/R-cran-recipes/Makefile                       |  6 +-
 math/R-cran-recipes/distinfo                       |  6 +-
 math/{py-igraph => py-python-igraph}/Makefile      |  3 +-
 math/{py-igraph => py-python-igraph}/distinfo      |  0
 math/{py-igraph => py-python-igraph}/pkg-descr     |  0
 misc/pyobd/Makefile                                |  4 +-
 net-im/toot/Makefile                               |  2 +-
 net-im/toot/distinfo                               |  6 +-
 net-mgmt/py-junos-eznc/Makefile                    |  3 +-
 net/cloud-init-azure/Makefile                      |  4 +-
 net/cloud-init/Makefile                            |  3 +-
 net/haproxy-devel/Makefile                         |  2 +-
 net/haproxy-devel/distinfo                         |  6 +-
 ...-hathreads.h => patch-include-haproxy-atomic.h} |  6 +-
 print/dymo-cups-drivers/Makefile                   |  2 +-
 .../files/patch-src_common_CupsPrintEnvironment.h  | 11 +++
 security/doscan/pkg-descr                          |  2 +-
 security/py-netmiko/Makefile                       |  3 +-
 security/py-yubikey-manager/Makefile               |  3 +-
 sysutils/py-leviathan/Makefile                     |  3 +-
 sysutils/py-liquidctl/Makefile                     |  3 +-
 sysutils/u-boot-tools/Makefile                     |  1 -
 .../u-boot-tools/files/patch-lib_rsa_rsa-sign.c    | 35 ++-------
 textproc/asciidoc/Makefile                         |  2 +-
 textproc/asciidoc/distinfo                         |  6 +-
 textproc/plover/Makefile                           |  4 +-
 textproc/py-sphinx-tabs/Makefile                   |  1 +
 textproc/py-sphinx-tabs/files/patch-setup.py       | 10 +++
 www/drush/Makefile                                 |  4 +-
 www/drush/distinfo                                 |  6 +-
 www/drush/pkg-descr                                |  2 +-
 www/libmicrohttpd/Makefile                         |  3 +-
 www/libmicrohttpd/distinfo                         |  6 +-
 www/libmicrohttpd/pkg-plist                        |  6 +-
 www/mod_evasive/Makefile                           | 11 +--
 www/mod_evasive/files/patch-test.pl                | 11 +++
 www/mod_evasive/pkg-descr                          | 29 +------
 www/py-django-openid-auth/Makefile                 |  3 +
 www/py-django-subdomains/Makefile                  |  3 +
 www/qutebrowser/Makefile                           |  2 +-
 www/qutebrowser/distinfo                           |  6 +-
 www/typo3-10/Makefile                              |  2 +-
 www/typo3-10/distinfo                              |  6 +-
 www/typo3-10/pkg-descr                             |  4 -
 www/typo3-9/Makefile                               |  2 +-
 www/typo3-9/distinfo                               |  6 +-
 www/typo3-9/pkg-descr                              |  9 +++
 x11/zenity/Makefile                                |  1 +
 191 files changed, 3548 insertions(+), 327 deletions(-)
 rename comms/{py-serial => py-pyserial}/Makefile (80%)
 rename comms/{py-serial => py-pyserial}/distinfo (100%)
 rename comms/{py-serial => py-pyserial}/pkg-descr (100%)
 rename comms/{py-serial => py-pyserial}/pkg-plist (100%)
 create mode 100644 databases/grass7/files/patch-lib_python_ctypes_Makefile
 create mode 100644 databases/grass7/files/patch-lib_python_ctypes_ctypesgencore_parser_preprocessor.py
 create mode 100644 databases/mongodb44/Makefile
 create mode 100644 databases/mongodb44/distinfo
 create mode 100644 databases/mongodb44/files/aarch64/patch-src_third__party_mozjs-60_gen-config.sh
 create mode 100644 databases/mongodb44/files/aarch64/patch-src_third__party_mozjs-60_platform_aarch64_freebsd_build_Unified__cpp__js__src0.cpp
 create mode 100644 databases/mongodb44/files/aarch64/patch-src_third__party_mozjs-60_platform_aarch64_freebsd_build_Unified__cpp__js__src1.cpp
 create mode 100644 databases/mongodb44/files/aarch64/patch-src_third__party_mozjs-60_platform_aarch64_freebsd_build_Unified__cpp__js__src10.cpp
 create mode 100644 databases/mongodb44/files/aarch64/patch-src_third__party_mozjs-60_platform_aarch64_freebsd_build_Unified__cpp__js__src11.cpp
 create mode 100644 databases/mongodb44/files/aarch64/patch-src_third__party_mozjs-60_platform_aarch64_freebsd_build_Unified__cpp__js__src12.cpp
 create mode 100644 databases/mongodb44/files/aarch64/patch-src_third__party_mozjs-60_platform_aarch64_freebsd_build_Unified__cpp__js__src13.cpp
 create mode 100644 databases/mongodb44/files/aarch64/patch-src_third__party_mozjs-60_platform_aarch64_freebsd_build_Unified__cpp__js__src14.cpp
 create mode 100644 databases/mongodb44/files/aarch64/patch-src_third__party_mozjs-60_platform_aarch64_freebsd_build_Unified__cpp__js__src15.cpp
 create mode 100644 databases/mongodb44/files/aarch64/patch-src_third__party_mozjs-60_platform_aarch64_freebsd_build_Unified__cpp__js__src16.cpp
 create mode 100644 databases/mongodb44/files/aarch64/patch-src_third__party_mozjs-60_platform_aarch64_freebsd_build_Unified__cpp__js__src17.cpp
 create mode 100644 databases/mongodb44/files/aarch64/patch-src_third__party_mozjs-60_platform_aarch64_freebsd_build_Unified__cpp__js__src18.cpp
 create mode 100644 databases/mongodb44/files/aarch64/patch-src_third__party_mozjs-60_platform_aarch64_freebsd_build_Unified__cpp__js__src19.cpp
 create mode 100644 databases/mongodb44/files/aarch64/patch-src_third__party_mozjs-60_platform_aarch64_freebsd_build_Unified__cpp__js__src2.cpp
 create mode 100644 databases/mongodb44/files/aarch64/patch-src_third__party_mozjs-60_platform_aarch64_freebsd_build_Unified__cpp__js__src20.cpp
 create mode 100644 databases/mongodb44/files/aarch64/patch-src_third__party_mozjs-60_platform_aarch64_freebsd_build_Unified__cpp__js__src21.cpp
 create mode 100644 databases/mongodb44/files/aarch64/patch-src_third__party_mozjs-60_platform_aarch64_freebsd_build_Unified__cpp__js__src22.cpp
 create mode 100644 databases/mongodb44/files/aarch64/patch-src_third__party_mozjs-60_platform_aarch64_freebsd_build_Unified__cpp__js__src23.cpp
 create mode 100644 databases/mongodb44/files/aarch64/patch-src_third__party_mozjs-60_platform_aarch64_freebsd_build_Unified__cpp__js__src24.cpp
 create mode 100644 databases/mongodb44/files/aarch64/patch-src_third__party_mozjs-60_platform_aarch64_freebsd_build_Unified__cpp__js__src25.cpp
 create mode 100644 databases/mongodb44/files/aarch64/patch-src_third__party_mozjs-60_platform_aarch64_freebsd_build_Unified__cpp__js__src26.cpp
 create mode 100644 databases/mongodb44/files/aarch64/patch-src_third__party_mozjs-60_platform_aarch64_freebsd_build_Unified__cpp__js__src27.cpp
 create mode 100644 databases/mongodb44/files/aarch64/patch-src_third__party_mozjs-60_platform_aarch64_freebsd_build_Unified__cpp__js__src28.cpp
 create mode 100644 databases/mongodb44/files/aarch64/patch-src_third__party_mozjs-60_platform_aarch64_freebsd_build_Unified__cpp__js__src29.cpp
 create mode 100644 databases/mongodb44/files/aarch64/patch-src_third__party_mozjs-60_platform_aarch64_freebsd_build_Unified__cpp__js__src3.cpp
 create mode 100644 databases/mongodb44/files/aarch64/patch-src_third__party_mozjs-60_platform_aarch64_freebsd_build_Unified__cpp__js__src30.cpp
 create mode 100644 databases/mongodb44/files/aarch64/patch-src_third__party_mozjs-60_platform_aarch64_freebsd_build_Unified__cpp__js__src31.cpp
 create mode 100644 databases/mongodb44/files/aarch64/patch-src_third__party_mozjs-60_platform_aarch64_freebsd_build_Unified__cpp__js__src32.cpp
 create mode 100644 databases/mongodb44/files/aarch64/patch-src_third__party_mozjs-60_platform_aarch64_freebsd_build_Unified__cpp__js__src33.cpp
 create mode 100644 databases/mongodb44/files/aarch64/patch-src_third__party_mozjs-60_platform_aarch64_freebsd_build_Unified__cpp__js__src34.cpp
 create mode 100644 databases/mongodb44/files/aarch64/patch-src_third__party_mozjs-60_platform_aarch64_freebsd_build_Unified__cpp__js__src35.cpp
 create mode 100644 databases/mongodb44/files/aarch64/patch-src_third__party_mozjs-60_platform_aarch64_freebsd_build_Unified__cpp__js__src36.cpp
 create mode 100644 databases/mongodb44/files/aarch64/patch-src_third__party_mozjs-60_platform_aarch64_freebsd_build_Unified__cpp__js__src37.cpp
 create mode 100644 databases/mongodb44/files/aarch64/patch-src_third__party_mozjs-60_platform_aarch64_freebsd_build_Unified__cpp__js__src38.cpp
 create mode 100644 databases/mongodb44/files/aarch64/patch-src_third__party_mozjs-60_platform_aarch64_freebsd_build_Unified__cpp__js__src39.cpp
 create mode 100644 databases/mongodb44/files/aarch64/patch-src_third__party_mozjs-60_platform_aarch64_freebsd_build_Unified__cpp__js__src4.cpp
 create mode 100644 databases/mongodb44/files/aarch64/patch-src_third__party_mozjs-60_platform_aarch64_freebsd_build_Unified__cpp__js__src40.cpp
 create mode 100644 databases/mongodb44/files/aarch64/patch-src_third__party_mozjs-60_platform_aarch64_freebsd_build_Unified__cpp__js__src41.cpp
 create mode 100644 databases/mongodb44/files/aarch64/patch-src_third__party_mozjs-60_platform_aarch64_freebsd_build_Unified__cpp__js__src42.cpp
 create mode 100644 databases/mongodb44/files/aarch64/patch-src_third__party_mozjs-60_platform_aarch64_freebsd_build_Unified__cpp__js__src43.cpp
 create mode 100644 databases/mongodb44/files/aarch64/patch-src_third__party_mozjs-60_platform_aarch64_freebsd_build_Unified__cpp__js__src44.cpp
 create mode 100644 databases/mongodb44/files/aarch64/patch-src_third__party_mozjs-60_platform_aarch64_freebsd_build_Unified__cpp__js__src45.cpp
 create mode 100644 databases/mongodb44/files/aarch64/patch-src_third__party_mozjs-60_platform_aarch64_freebsd_build_Unified__cpp__js__src5.cpp
 create mode 100644 databases/mongodb44/files/aarch64/patch-src_third__party_mozjs-60_platform_aarch64_freebsd_build_Unified__cpp__js__src6.cpp
 create mode 100644 databases/mongodb44/files/aarch64/patch-src_third__party_mozjs-60_platform_aarch64_freebsd_build_Unified__cpp__js__src7.cpp
 create mode 100644 databases/mongodb44/files/aarch64/patch-src_third__party_mozjs-60_platform_aarch64_freebsd_build_Unified__cpp__js__src8.cpp
 create mode 100644 databases/mongodb44/files/aarch64/patch-src_third__party_mozjs-60_platform_aarch64_freebsd_build_Unified__cpp__js__src9.cpp
 create mode 100644 databases/mongodb44/files/aarch64/patch-src_third__party_mozjs-60_platform_aarch64_freebsd_build_js-confdefs.h
 create mode 100644 databases/mongodb44/files/aarch64/patch-src_third__party_mozjs-60_platform_aarch64_freebsd_include_js-config.h
 create mode 100644 databases/mongodb44/files/mongod.in
 create mode 100644 databases/mongodb44/files/patch-SConstruct
 create mode 100644 databases/mongodb44/files/patch-rpm_mongod.conf
 create mode 100644 databases/mongodb44/pkg-descr
 create mode 100644 databases/mongodb44/pkg-plist
 rename devel/{py-usb => py-pyusb}/Makefile (88%)
 create mode 100644 devel/py-pyusb/distinfo
 rename devel/{py-usb => py-pyusb}/pkg-descr (100%)
 delete mode 100644 devel/py-usb/distinfo
 create mode 100644 devel/pybugz/files/patch-pybugz.d_default.conf
 delete mode 100644 graphics/py-fiona/files/patch-setup.py
 create mode 100644 graphics/qvge/Makefile
 create mode 100644 graphics/qvge/distinfo
 create mode 100644 graphics/qvge/files/patch-app.pri
 create mode 100644 graphics/qvge/files/patch-commonui_ogdf_COGDFLayout.cpp
 create mode 100644 graphics/qvge/files/patch-qvge_CNodeEditorScene.cpp
 create mode 100644 graphics/qvge/pkg-descr
 rename math/{py-igraph => py-python-igraph}/Makefile (88%)
 rename math/{py-igraph => py-python-igraph}/distinfo (100%)
 rename math/{py-igraph => py-python-igraph}/pkg-descr (100%)
 rename net/haproxy-devel/files/{patch-include-common-hathreads.h => patch-include-haproxy-atomic.h} (70%)
 create mode 100644 print/dymo-cups-drivers/files/patch-src_common_CupsPrintEnvironment.h
 create mode 100644 textproc/py-sphinx-tabs/files/patch-setup.py
 create mode 100644 www/mod_evasive/files/patch-test.pl
==== merge branches ====
==== merge github/master branch ====
Already up to date.
=============================
HardenedBSD Master git Server
=============================

Please note that connections and activity to this server are logged.
This server, git-01.md.hardenedbsd.org, acts as the source-of-truth
server for the HardenedBSD repositories.

Banner last updated: 10 Feb 2020 09:32 EST

Everything up-to-date
==== END: master ====
