==== BEGIN: master ====
current branch: master
mergeable branch: github/master
==== change branch ====
Already on 'master'
Your branch is up to date with 'origin/master'.
==== show current branch ====
* master
==== check for stale changes ====
==== update to latest origin ====
warning: Pulling without specifying how to reconcile divergent branches is
discouraged. You can squelch this message by running one of the following
commands sometime before your next pull:

  git config pull.rebase false  # merge (the default strategy)
  git config pull.rebase true   # rebase
  git config pull.ff only       # fast-forward only

You can replace "git config" with "git config --global" to set a default
preference for all repositories. You can also pass --rebase, --no-rebase,
or --ff-only on the command line to override the configured default per
invocation.

=============================
HardenedBSD Master git Server
=============================

Please note that connections and activity to this server are logged.
This server, git-01.md.hardenedbsd.org, acts as the source-of-truth
server for the HardenedBSD repositories.

Banner last updated: 10 Feb 2020 09:32 EST

Already up to date.
==== merge branches ====
==== merge github/master branch ====
Already up to date.
=============================
HardenedBSD Master git Server
=============================

Please note that connections and activity to this server are logged.
This server, git-01.md.hardenedbsd.org, acts as the source-of-truth
server for the HardenedBSD repositories.

Banner last updated: 10 Feb 2020 09:32 EST

Everything up-to-date
==== END: master ====
==== BEGIN: master ====
current branch: master
mergeable branch: freebsd/master
==== change branch ====
Already on 'master'
Your branch is up to date with 'origin/master'.
==== show current branch ====
* master
==== check for stale changes ====
==== update to latest origin ====
warning: Pulling without specifying how to reconcile divergent branches is
discouraged. You can squelch this message by running one of the following
commands sometime before your next pull:

  git config pull.rebase false  # merge (the default strategy)
  git config pull.rebase true   # rebase
  git config pull.ff only       # fast-forward only

You can replace "git config" with "git config --global" to set a default
preference for all repositories. You can also pass --rebase, --no-rebase,
or --ff-only on the command line to override the configured default per
invocation.

=============================
HardenedBSD Master git Server
=============================

Please note that connections and activity to this server are logged.
This server, git-01.md.hardenedbsd.org, acts as the source-of-truth
server for the HardenedBSD repositories.

Banner last updated: 10 Feb 2020 09:32 EST

Already up to date.
==== merge branches ====
==== merge freebsd/master branch ====
Auto-merging www/firefox/Makefile
Auto-merging www/firefox-esr/Makefile
Auto-merging net/freerdp/Makefile
Merge made by the 'recursive' strategy.
 devel/spirv-tools/Makefile                         |  4 +-
 devel/spirv-tools/distinfo                         | 10 +--
 devel/vulkan-headers/Makefile                      |  2 +-
 devel/vulkan-headers/distinfo                      |  6 +-
 .../files/patch-include_vulkan_vulkan.hpp          | 71 ++++++++++++----------
 devel/vulkan-headers/pkg-plist                     |  1 +
 devel/vulkan-tools/Makefile                        |  5 +-
 devel/vulkan-tools/distinfo                        | 10 +--
 devel/vulkan-tools/pkg-plist                       |  1 +
 devel/vulkan-validation-layers/Makefile            |  5 +-
 devel/vulkan-validation-layers/distinfo            |  8 ++-
 emulators/citra/Makefile                           |  6 +-
 emulators/citra/distinfo                           | 10 +--
 emulators/rpcs3/Makefile                           |  4 +-
 emulators/rpcs3/distinfo                           |  6 +-
 emulators/yuzu/Makefile                            |  6 +-
 emulators/yuzu/distinfo                            | 10 ++-
 games/vkquake/Makefile                             |  3 +
 games/vkquake/distinfo                             |  2 +
 graphics/mesa-devel/Makefile                       |  5 +-
 graphics/mesa-devel/distinfo                       |  8 ++-
 graphics/vulkan-loader/Makefile                    |  9 +--
 graphics/vulkan-loader/distinfo                    |  8 +--
 .../files/patch-loader_vk__loader__platform.h      | 29 ++++++++-
 graphics/vulkan-loader/pkg-plist                   |  2 +-
 mail/Makefile                                      |  1 +
 mail/py-authheaders/Makefile                       | 26 ++++++++
 mail/py-authheaders/distinfo                       |  3 +
 mail/py-authheaders/pkg-descr                      | 13 ++++
 mail/thunderbird/Makefile                          |  1 +
 .../files/patch-git_dc57fb70                       | 26 ++++++++
 net-im/py-matrix-synapse/Makefile                  |  2 +-
 net-im/py-matrix-synapse/distinfo                  |  6 +-
 .../files/patch-synapse_python__dependencies.py    | 10 +--
 net/freerdp/Makefile                               |  7 +--
 www/firefox-esr/Makefile                           |  1 +
 www/firefox/Makefile                               |  1 +
 www/youtube_dl/Makefile                            |  2 +-
 www/youtube_dl/distinfo                            |  6 +-
 x11-servers/xwayland-devel/Makefile                |  4 +-
 x11-servers/xwayland-devel/distinfo                |  6 +-
 41 files changed, 235 insertions(+), 111 deletions(-)
 create mode 100644 mail/py-authheaders/Makefile
 create mode 100644 mail/py-authheaders/distinfo
 create mode 100644 mail/py-authheaders/pkg-descr
 create mode 100644 multimedia/gstreamer1-plugins-bad/files/patch-git_dc57fb70
=============================
HardenedBSD Master git Server
=============================

Please note that connections and activity to this server are logged.
This server, git-01.md.hardenedbsd.org, acts as the source-of-truth
server for the HardenedBSD repositories.

Banner last updated: 10 Feb 2020 09:32 EST

remote: To github.com:HardenedBSD/hardenedbsd-ports.git        
remote:    ea8079e09c2d..a9a7e8c974f2  master -> master        
remote:    db2b4c6568c8..ea8079e09c2d  github/master -> github/master        
remote:  ! [remote rejected]           refs/pull/10/head -> refs/pull/10/head (deny updating a hidden ref)        
remote:  ! [remote rejected]           refs/pull/11/head -> refs/pull/11/head (deny updating a hidden ref)
remote:  ! [remote rejected]           refs/pull/12/head -> refs/pull/12/head (deny updating a hidden ref)
remote:  ! [remote rejected]           refs/pull/14/head -> refs/pull/14/head (deny updating a hidden ref)        
remote:  ! [remote rejected]           refs/pull/15/head -> refs/pull/15/head (deny updating a hidden ref)        
remote:  ! [remote rejected]           refs/pull/2/head -> refs/pull/2/head (deny updating a hidden ref)        
remote:  ! [remote rejected]           refs/pull/9/head -> refs/pull/9/head (deny updating a hidden ref)        
remote: error: failed to push some refs to 'github.com:HardenedBSD/hardenedbsd-ports.git'        
remote: . Processing 1 references        
remote: Processed 1 references in total        
To git-01.md.hardenedbsd.org:HardenedBSD/hardenedbsd-ports.git
   ea8079e09c2d..a9a7e8c974f2  master -> master
==== END: master ====
