==== BEGIN: master ====
current branch: master
mergeable branch: github/master
==== change branch ====
Already on 'master'
Your branch is up to date with 'origin/master'.
==== show current branch ====
* master
==== check for stale changes ====
==== update to latest origin ====
=============================
HardenedBSD Master git Server
=============================

Please note that connections and activity to this server are logged.
This server, git-01.md.hardenedbsd.org, acts as the source-of-truth
server for the HardenedBSD repositories.

Banner last updated: 10 Feb 2020 09:32 EST

Already up to date.
==== merge branches ====
==== merge github/master branch ====
Already up to date.
=============================
HardenedBSD Master git Server
=============================

Please note that connections and activity to this server are logged.
This server, git-01.md.hardenedbsd.org, acts as the source-of-truth
server for the HardenedBSD repositories.

Banner last updated: 10 Feb 2020 09:32 EST

Everything up-to-date
==== END: master ====
==== BEGIN: master ====
current branch: master
mergeable branch: freebsd/master
==== change branch ====
Already on 'master'
Your branch is up to date with 'origin/master'.
==== show current branch ====
* master
==== check for stale changes ====
==== update to latest origin ====
=============================
HardenedBSD Master git Server
=============================

Please note that connections and activity to this server are logged.
This server, git-01.md.hardenedbsd.org, acts as the source-of-truth
server for the HardenedBSD repositories.

Banner last updated: 10 Feb 2020 09:32 EST

Already up to date.
==== merge branches ====
==== merge freebsd/master branch ====
Auto-merging lang/gcc8-devel/Makefile
Merge made by the 'recursive' strategy.
 databases/pg_citus/Makefile           |  2 +-
 databases/pg_citus/distinfo           |  6 +++---
 deskutils/calibre/Makefile            |  3 +--
 deskutils/calibre/distinfo            |  6 +++---
 devel/py-aiorpcX/Makefile             |  3 +++
 devel/py-doit/pkg-descr               |  2 +-
 devel/py-jenkins-job-builder/Makefile |  2 +-
 devel/py-jenkins-job-builder/distinfo |  6 +++---
 devel/py-python-jenkins/Makefile      |  2 +-
 devel/py-python-jenkins/distinfo      |  6 +++---
 lang/gcc8-devel/Makefile              |  2 +-
 lang/gcc8-devel/distinfo              |  6 +++---
 mail/claws-mail/Makefile.claws        |  2 +-
 net-p2p/xmrig/Makefile                |  2 +-
 net-p2p/xmrig/distinfo                |  6 +++---
 textproc/Makefile                     |  1 +
 textproc/jtc/Makefile                 | 36 +++++++++++++++++++++++++++++++++++
 textproc/jtc/distinfo                 |  3 +++
 textproc/jtc/pkg-descr                | 10 ++++++++++
 19 files changed, 79 insertions(+), 27 deletions(-)
 create mode 100644 textproc/jtc/Makefile
 create mode 100644 textproc/jtc/distinfo
 create mode 100644 textproc/jtc/pkg-descr
=============================
HardenedBSD Master git Server
=============================

Please note that connections and activity to this server are logged.
This server, git-01.md.hardenedbsd.org, acts as the source-of-truth
server for the HardenedBSD repositories.

Banner last updated: 10 Feb 2020 09:32 EST

remote: To github.com:HardenedBSD/hardenedbsd-ports.git        
remote:    3e8e8da95cb8..4c83abf0682f  master -> master
remote:    762292018bdf..3e8e8da95cb8  github/master -> github/master        
To git-01.md.hardenedbsd.org:HardenedBSD/hardenedbsd-ports.git
   3e8e8da95cb8..4c83abf0682f  master -> master
==== END: master ====
