==== BEGIN: master ====
current branch: master
mergeable branch: github/master
==== change branch ====
Already on 'master'
Your branch is ahead of 'origin/master' by 19 commits.
  (use "git push" to publish your local commits)
==== show current branch ====
* master
==== check for stale changes ====
==== update to latest origin ====
warning: Pulling without specifying how to reconcile divergent branches is
discouraged. You can squelch this message by running one of the following
commands sometime before your next pull:

  git config pull.rebase false  # merge (the default strategy)
  git config pull.rebase true   # rebase
  git config pull.ff only       # fast-forward only

You can replace "git config" with "git config --global" to set a default
preference for all repositories. You can also pass --rebase, --no-rebase,
or --ff-only on the command line to override the configured default per
invocation.

=============================
HardenedBSD Master git Server
=============================

Please note that connections and activity to this server are logged.
This server, git-01.md.hardenedbsd.org, acts as the source-of-truth
server for the HardenedBSD repositories.

Banner last updated: 10 Feb 2020 09:32 EST

Gitea: Internal Server Error
Get "http://localhost:3000/api/internal/serv/command/2/hardenedbsd/hardenedbsd-ports?mode=1&verb=git-upload-pack": dial tcp 127.0.0.1:3000: connect: connection refused
fatal: Could not read from remote repository.

Please make sure you have the correct access rights
and the repository exists.
ERROR: git pull failed, try to recover
HEAD is now at bae8ff4f1335 Merge remote-tracking branch 'freebsd/master'
==== merge branches ====
==== merge github/master branch ====
Already up to date.
=============================
HardenedBSD Master git Server
=============================

Please note that connections and activity to this server are logged.
This server, git-01.md.hardenedbsd.org, acts as the source-of-truth
server for the HardenedBSD repositories.

Banner last updated: 10 Feb 2020 09:32 EST

Gitea: Internal Server Error
Get "http://localhost:3000/api/internal/serv/command/2/hardenedbsd/hardenedbsd-ports?mode=2&verb=git-receive-pack": dial tcp 127.0.0.1:3000: connect: connection refused
fatal: Could not read from remote repository.

Please make sure you have the correct access rights
and the repository exists.
==== merge failed and clean up after ====
On branch master
Your branch is ahead of 'origin/master' by 19 commits.
  (use "git push" to publish your local commits)


It took 3.17 seconds to enumerate untracked files. 'status -uno'
may speed it up, but you have to be careful not to forget to add
new files yourself (see 'git help status').
nothing to commit, working tree clean
HEAD is now at bae8ff4f1335 Merge remote-tracking branch 'freebsd/master'
==== END: master ====
==== BEGIN: master ====
current branch: master
mergeable branch: freebsd/master
==== change branch ====
Already on 'master'
Your branch is ahead of 'origin/master' by 19 commits.
  (use "git push" to publish your local commits)
==== show current branch ====
* master
==== check for stale changes ====
==== update to latest origin ====
warning: Pulling without specifying how to reconcile divergent branches is
discouraged. You can squelch this message by running one of the following
commands sometime before your next pull:

  git config pull.rebase false  # merge (the default strategy)
  git config pull.rebase true   # rebase
  git config pull.ff only       # fast-forward only

You can replace "git config" with "git config --global" to set a default
preference for all repositories. You can also pass --rebase, --no-rebase,
or --ff-only on the command line to override the configured default per
invocation.

=============================
HardenedBSD Master git Server
=============================

Please note that connections and activity to this server are logged.
This server, git-01.md.hardenedbsd.org, acts as the source-of-truth
server for the HardenedBSD repositories.

Banner last updated: 10 Feb 2020 09:32 EST

Gitea: Internal Server Error
Get "http://localhost:3000/api/internal/serv/command/2/hardenedbsd/hardenedbsd-ports?mode=1&verb=git-upload-pack": dial tcp 127.0.0.1:3000: connect: connection refused
fatal: Could not read from remote repository.

Please make sure you have the correct access rights
and the repository exists.
ERROR: git pull failed, try to recover
HEAD is now at bae8ff4f1335 Merge remote-tracking branch 'freebsd/master'
==== merge branches ====
==== merge freebsd/master branch ====
Auto-merging net/Makefile
Merge made by the 'recursive' strategy.
 databases/libcouchbase/Makefile              |     1 +
 devel/Makefile                               |     2 +
 devel/p5-autobox-Transform/Makefile          |     5 +-
 devel/p5-autobox-Transform/distinfo          |     6 +-
 devel/py-rtree/Makefile                      |     5 +-
 devel/py-rtree/distinfo                      |     6 +-
 devel/radare2/Makefile                       |     2 +-
 devel/rubygem-gitlab-experiment/Makefile     |    23 +
 devel/rubygem-gitlab-experiment/distinfo     |     3 +
 devel/rubygem-gitlab-experiment/pkg-descr    |     3 +
 devel/rubygem-scientist/Makefile             |    20 +
 devel/rubygem-scientist/distinfo             |     3 +
 devel/rubygem-scientist/pkg-descr            |     3 +
 emulators/rpcs3/Makefile                     |    42 +-
 emulators/rpcs3/distinfo                     |     6 +-
 emulators/stella/Makefile                    |     2 +-
 emulators/stella/distinfo                    |     6 +-
 emulators/stella/pkg-plist                   |     2 +
 graphics/mesa-devel/Makefile                 |     4 +-
 graphics/mesa-devel/distinfo                 |     6 +-
 lang/erlang-runtime21/Makefile               |     1 +
 lang/erlang-runtime22/Makefile               |     1 +
 lang/see/Makefile                            |     1 +
 lang/siod/Makefile                           |     1 +
 math/R-cran-MatchIt/Makefile                 |     2 +-
 math/R-cran-MatchIt/distinfo                 |     6 +-
 net-mgmt/ng_ipacct/Makefile                  |     1 +
 net/Makefile                                 |     1 +
 net/gitlab-agent/Makefile                    |   181 +
 net/gitlab-agent/distinfo                    |   271 +
 net/gitlab-agent/pkg-descr                   |    10 +
 net/ipsvd/Makefile                           |     1 +
 security/bitwarden_rs/Makefile               |    20 +-
 security/bitwarden_rs/distinfo               |     4 +-
 security/bitwarden_rs/files/bitwarden_rs.in  |    50 +
 security/bitwarden_rs/pkg-plist              |   118 +
 sysutils/cpuid2cpuflags/Makefile             |     1 +
 textproc/Makefile                            |     1 +
 textproc/rubygem-asciidoctor-kroki/Makefile  |    21 +
 textproc/rubygem-asciidoctor-kroki/distinfo  |     3 +
 textproc/rubygem-asciidoctor-kroki/pkg-descr |     3 +
 www/Makefile                                 |     1 +
 www/drupal8/Makefile                         |     2 +-
 www/drupal8/distinfo                         |     6 +-
 www/drupal8/pkg-plist                        |  1303 +-
 www/drupal9/Makefile                         |    50 +
 www/drupal9/distinfo                         |     3 +
 www/drupal9/files/pkg-message.in             |    52 +
 www/drupal9/pkg-descr                        |    12 +
 www/drupal9/pkg-plist                        | 18036 +++++++++++++++++++++++++
 www/nginx-devel/Makefile                     |     2 +-
 www/nginx-devel/Makefile.extmod              |    10 +-
 www/nginx-devel/distinfo                     |    22 +-
 x11-wm/river/Makefile                        |     4 +-
 x11-wm/river/distinfo                        |     6 +-
 55 files changed, 20010 insertions(+), 347 deletions(-)
 create mode 100644 devel/rubygem-gitlab-experiment/Makefile
 create mode 100644 devel/rubygem-gitlab-experiment/distinfo
 create mode 100644 devel/rubygem-gitlab-experiment/pkg-descr
 create mode 100644 devel/rubygem-scientist/Makefile
 create mode 100644 devel/rubygem-scientist/distinfo
 create mode 100644 devel/rubygem-scientist/pkg-descr
 create mode 100644 net/gitlab-agent/Makefile
 create mode 100644 net/gitlab-agent/distinfo
 create mode 100644 net/gitlab-agent/pkg-descr
 create mode 100644 security/bitwarden_rs/files/bitwarden_rs.in
 create mode 100644 security/bitwarden_rs/pkg-plist
 create mode 100644 textproc/rubygem-asciidoctor-kroki/Makefile
 create mode 100644 textproc/rubygem-asciidoctor-kroki/distinfo
 create mode 100644 textproc/rubygem-asciidoctor-kroki/pkg-descr
 create mode 100644 www/drupal9/Makefile
 create mode 100644 www/drupal9/distinfo
 create mode 100644 www/drupal9/files/pkg-message.in
 create mode 100644 www/drupal9/pkg-descr
 create mode 100644 www/drupal9/pkg-plist
=============================
HardenedBSD Master git Server
=============================

Please note that connections and activity to this server are logged.
This server, git-01.md.hardenedbsd.org, acts as the source-of-truth
server for the HardenedBSD repositories.

Banner last updated: 10 Feb 2020 09:32 EST

Gitea: Internal Server Error
Get "http://localhost:3000/api/internal/serv/command/2/hardenedbsd/hardenedbsd-ports?mode=2&verb=git-receive-pack": dial tcp 127.0.0.1:3000: connect: connection refused
fatal: Could not read from remote repository.

Please make sure you have the correct access rights
and the repository exists.
==== merge failed and clean up after ====
On branch master
Your branch is ahead of 'origin/master' by 43 commits.
  (use "git push" to publish your local commits)


It took 3.28 seconds to enumerate untracked files. 'status -uno'
may speed it up, but you have to be careful not to forget to add
new files yourself (see 'git help status').
nothing to commit, working tree clean
HEAD is now at 951ec2734fa5 Merge remote-tracking branch 'freebsd/master'
==== END: master ====
