==== BEGIN: master ====
current branch: master
mergeable branch: github/master
==== change branch ====
Already on 'master'
Your branch is up to date with 'origin/master'.
==== show current branch ====
* master
==== check for stale changes ====
==== update to latest origin ====
=============================
HardenedBSD Master git Server
=============================

Please note that connections and activity to this server are logged.
This server, git-01.md.hardenedbsd.org, acts as the source-of-truth
server for the HardenedBSD repositories.

Banner last updated: 10 Feb 2020 09:32 EST

Already up to date.
==== merge branches ====
==== merge github/master branch ====
Already up to date.
=============================
HardenedBSD Master git Server
=============================

Please note that connections and activity to this server are logged.
This server, git-01.md.hardenedbsd.org, acts as the source-of-truth
server for the HardenedBSD repositories.

Banner last updated: 10 Feb 2020 09:32 EST

Everything up-to-date
==== END: master ====
==== BEGIN: master ====
current branch: master
mergeable branch: freebsd/master
==== change branch ====
Already on 'master'
Your branch is up to date with 'origin/master'.
==== show current branch ====
* master
==== check for stale changes ====
==== update to latest origin ====
=============================
HardenedBSD Master git Server
=============================

Please note that connections and activity to this server are logged.
This server, git-01.md.hardenedbsd.org, acts as the source-of-truth
server for the HardenedBSD repositories.

Banner last updated: 10 Feb 2020 09:32 EST

Already up to date.
==== merge branches ====
==== merge freebsd/master branch ====
Merge made by the 'recursive' strategy.
 graphics/okular/Makefile                           |   5 +-
 graphics/okular/distinfo                           |   4 +-
 math/Makefile                                      |   1 +
 math/hs-penrose/Makefile                           | 136 ++++++++++
 math/hs-penrose/distinfo                           | 281 +++++++++++++++++++++
 .../files/patch-hmatrix-0.20.0.0_hmatrix.cabal     |  10 +
 math/hs-penrose/pkg-descr                          |   7 +
 science/qiskit-aer/Makefile                        |   2 +-
 security/vuxml/vuln.xml                            |  36 +++
 sysutils/py-diffoscope/Makefile                    |   1 +
 .../files/patch-diffoscope_comparators_zip.py      |  28 ++
 www/py-asgiref/Makefile                            |   2 +-
 www/py-asgiref/distinfo                            |   6 +-
 13 files changed, 512 insertions(+), 7 deletions(-)
 create mode 100644 math/hs-penrose/Makefile
 create mode 100644 math/hs-penrose/distinfo
 create mode 100644 math/hs-penrose/files/patch-hmatrix-0.20.0.0_hmatrix.cabal
 create mode 100644 math/hs-penrose/pkg-descr
 create mode 100644 sysutils/py-diffoscope/files/patch-diffoscope_comparators_zip.py
=============================
HardenedBSD Master git Server
=============================

Please note that connections and activity to this server are logged.
This server, git-01.md.hardenedbsd.org, acts as the source-of-truth
server for the HardenedBSD repositories.

Banner last updated: 10 Feb 2020 09:32 EST

remote: To github.com:HardenedBSD/hardenedbsd-ports.git        
remote:    272829127f2a..7350b516942f  master -> master        
remote:    7df0c4f1e0ee..272829127f2a  github/master -> github/master
To git-01.md.hardenedbsd.org:HardenedBSD/hardenedbsd-ports.git
   272829127f2a..7350b516942f  master -> master
==== END: master ====
