==== BEGIN: master ====
current branch: master
mergeable branch: github/master
==== change branch ====
Already on 'master'
Your branch is up to date with 'origin/master'.
==== show current branch ====
* master
==== check for stale changes ====
==== update to latest origin ====
=============================
HardenedBSD Master git Server
=============================

Please note that connections and activity to this server are logged.
This server, git-01.md.hardenedbsd.org, acts as the source-of-truth
server for the HardenedBSD repositories.

Banner last updated: 10 Feb 2020 09:32 EST

Already up to date.
==== merge branches ====
==== merge github/master branch ====
Already up to date.
=============================
HardenedBSD Master git Server
=============================

Please note that connections and activity to this server are logged.
This server, git-01.md.hardenedbsd.org, acts as the source-of-truth
server for the HardenedBSD repositories.

Banner last updated: 10 Feb 2020 09:32 EST

Everything up-to-date
==== END: master ====
==== BEGIN: master ====
current branch: master
mergeable branch: freebsd/master
==== change branch ====
Already on 'master'
Your branch is up to date with 'origin/master'.
==== show current branch ====
* master
==== check for stale changes ====
==== update to latest origin ====
=============================
HardenedBSD Master git Server
=============================

Please note that connections and activity to this server are logged.
This server, git-01.md.hardenedbsd.org, acts as the source-of-truth
server for the HardenedBSD repositories.

Banner last updated: 10 Feb 2020 09:32 EST

Already up to date.
==== merge branches ====
==== merge freebsd/master branch ====
Auto-merging shells/zsh/Makefile
Auto-merging mail/mutt/Makefile
Auto-merging lang/ghc/Makefile
Merge made by the 'recursive' strategy.
 audio/cantata/Makefile        | 12 ++++++++----
 audio/cantata/distinfo        |  6 +++---
 audio/cantata/pkg-plist       |  2 ++
 cad/p5-Verilog-Perl/Makefile  |  8 +++++---
 cad/p5-Verilog-Perl/pkg-descr |  2 +-
 databases/pg_citus/Makefile   |  2 +-
 databases/pg_citus/distinfo   |  6 +++---
 graphics/seexpr/Makefile      | 14 +++++++++++++-
 graphics/seexpr/pkg-plist     |  7 ++++++-
 lang/ghc/Makefile             |  5 ++++-
 lang/ghc/distinfo             | 12 ++++++++----
 lang/slib/Makefile            |  3 +--
 lang/slib/distinfo            |  6 +++---
 lang/slib/pkg-plist           |  1 +
 mail/mutt/Makefile            |  2 +-
 mail/mutt/distinfo            |  6 +++---
 shells/zsh/Makefile           |  9 +++++++--
 shells/zsh/distinfo           | 10 +++++-----
 shells/zsh/pkg-plist          | 40 ++++++++++++++++++++++++++++------------
 sysutils/burp-devel/Makefile  |  2 +-
 sysutils/burp-devel/distinfo  |  6 +++---
 21 files changed, 107 insertions(+), 54 deletions(-)
=============================
HardenedBSD Master git Server
=============================

Please note that connections and activity to this server are logged.
This server, git-01.md.hardenedbsd.org, acts as the source-of-truth
server for the HardenedBSD repositories.

Banner last updated: 10 Feb 2020 09:32 EST

remote: To github.com:HardenedBSD/hardenedbsd-ports.git        
remote:    51a25fcd8983..250c3affbff4  master -> master        
remote:    c7063fd25ebf..51a25fcd8983  github/master -> github/master
To git-01.md.hardenedbsd.org:HardenedBSD/hardenedbsd-ports.git
   51a25fcd8983..250c3affbff4  master -> master
==== END: master ====
