==== BEGIN: master ====
current branch: master
mergeable branch: github/master
==== change branch ====
Already on 'master'
Your branch is behind 'origin/master' by 50 commits, and can be fast-forwarded.
  (use "git pull" to update your local branch)
==== show current branch ====
* master
==== check for stale changes ====
==== update to latest origin ====
warning: Pulling without specifying how to reconcile divergent branches is
discouraged. You can squelch this message by running one of the following
commands sometime before your next pull:

  git config pull.rebase false  # merge (the default strategy)
  git config pull.rebase true   # rebase
  git config pull.ff only       # fast-forward only

You can replace "git config" with "git config --global" to set a default
preference for all repositories. You can also pass --rebase, --no-rebase,
or --ff-only on the command line to override the configured default per
invocation.

=============================
HardenedBSD Master git Server
=============================

Please note that connections and activity to this server are logged.
This server, git-01.md.hardenedbsd.org, acts as the source-of-truth
server for the HardenedBSD repositories.

Banner last updated: 10 Feb 2020 09:32 EST

Updating c038f2d35f65..a0043cbc4ce1
Fast-forward
 audio/libmysofa/Makefile                           |   2 +-
 audio/libmysofa/distinfo                           |   6 +-
 audio/libmysofa/pkg-plist                          |   4 +-
 audio/libsoxr/pkg-descr                            |   2 +-
 audio/openal-soft/Makefile                         |   1 +
 audio/picard-plugins/Makefile                      |   4 +-
 audio/picard-plugins/distinfo                      |   6 +-
 audio/picard-plugins/pkg-plist                     |   6 +
 audio/picard/Makefile                              |  16 +-
 audio/picard/distinfo                              |   6 +-
 audio/py-musicbrainzngs/Makefile                   |   4 +-
 audio/py-musicbrainzngs/distinfo                   |   6 +-
 databases/mongodb36/Makefile                       |   9 +-
 databases/mongodb36/distinfo                       |   6 +-
 databases/mongodb40-tools/Makefile                 |   3 +-
 databases/mongodb40-tools/distinfo                 |   6 +-
 databases/mongodb40-tools/pkg-plist                |   2 +-
 databases/mongodb40/Makefile                       |  16 +-
 databases/mongodb40/distinfo                       |   6 +-
 databases/rubygem-flipper-active_record/Makefile   |   6 +-
 databases/rubygem-flipper-active_record/distinfo   |   6 +-
 devel/Makefile                                     |   4 +
 devel/cdecl/Makefile                               |   2 +-
 devel/cdecl/distinfo                               |   6 +-
 devel/gitaly/Makefile                              |   6 +-
 devel/gitaly/distinfo                              |   6 +-
 devel/gwenhywfar-fox16/pkg-plist                   |  16 +-
 devel/gwenhywfar-gtk2/pkg-plist                    |   6 +-
 devel/gwenhywfar-gtk3/pkg-plist                    |   6 +-
 devel/gwenhywfar-qt5/pkg-plist                     |   8 +-
 devel/gwenhywfar/Makefile                          |   6 +-
 devel/gwenhywfar/distinfo                          |   6 +-
 devel/gwenhywfar/files/patch-configure             |  14 +-
 devel/gwenhywfar/pkg-descr                         |   2 +-
 devel/gwenhywfar/pkg-plist                         | 258 +++++++++---------
 devel/py-hypothesis/Makefile                       |   2 +-
 devel/py-hypothesis/distinfo                       |   6 +-
 devel/py-ttictoc/Makefile                          |  22 ++
 devel/py-ttictoc/distinfo                          |   3 +
 devel/py-ttictoc/pkg-descr                         |  14 +
 devel/py-xdis/Makefile                             |   2 +-
 devel/py-xdis/distinfo                             |   6 +-
 devel/rubygem-aws-sdk-core2/Makefile               |   2 +-
 devel/rubygem-aws-sdk-core2/distinfo               |   6 +-
 devel/rubygem-aws-sdk-resources2/Makefile          |   2 +-
 devel/rubygem-aws-sdk-resources2/distinfo          |   6 +-
 devel/rubygem-aws-sdk2/Makefile                    |   2 +-
 devel/rubygem-aws-sdk2/distinfo                    |   6 +-
 devel/rubygem-cucumber-messages/Makefile           |   2 +-
 devel/rubygem-cucumber-messages/distinfo           |   6 +-
 .../Makefile                                       |   6 +-
 .../distinfo                                       |   6 +-
 .../Makefile                                       |  25 ++
 .../distinfo                                       |   3 +
 .../pkg-descr                                      |   3 +
 devel/rubygem-flipper-ui/Makefile                  |   4 +-
 devel/rubygem-flipper-ui/distinfo                  |   6 +-
 devel/rubygem-flipper-ui017/Makefile               |  27 ++
 devel/rubygem-flipper-ui017/distinfo               |   3 +
 devel/rubygem-flipper-ui017/pkg-descr              |   4 +
 devel/rubygem-flipper/Makefile                     |   2 +-
 devel/rubygem-flipper/distinfo                     |   6 +-
 devel/rubygem-flipper017/Makefile                  |  23 ++
 devel/rubygem-flipper017/distinfo                  |   3 +
 devel/rubygem-flipper017/pkg-descr                 |   9 +
 dns/p5-Net-DNS-SEC/Makefile                        |   2 +-
 dns/p5-Net-DNS-SEC/distinfo                        |   6 +-
 editors/mp/Makefile                                |   2 +-
 editors/mp/distinfo                                |   6 +-
 editors/mp/files/patch-config.sh                   |  28 +-
 editors/mp/files/patch-mpdm_config.sh              |  20 +-
 finance/aqbanking/Makefile                         |   8 +-
 finance/aqbanking/distinfo                         |   6 +-
 finance/aqbanking/pkg-plist                        | 288 +++++++--------------
 finance/gnucash-docs/Makefile                      |   2 +-
 finance/gnucash-docs/distinfo                      |   6 +-
 finance/gnucash-docs/pkg-plist                     |  11 +
 finance/gnucash/Makefile                           |   5 +-
 finance/gnucash/distinfo                           |   6 +-
 finance/gnucash/files/patch-CMakeLists.txt         |   8 +-
 .../patch-bindings_python_tests_CMakeLists.txt     |  11 -
 finance/gnucash/pkg-plist                          |  15 --
 finance/jgnash/pkg-descr                           |   2 +-
 finance/kmymoney/Makefile                          |   3 +-
 finance/kmymoney/distinfo                          |   6 +-
 .../kmymoney/files/patch-gentoo-kf5-5.61-headers   |  24 --
 finance/kmymoney/pkg-plist                         | 129 +++++----
 games/connectagram/Makefile                        |   2 +-
 games/connectagram/distinfo                        |   6 +-
 games/connectagram/pkg-plist                       |   1 +
 games/cutemaze/Makefile                            |   2 +-
 games/cutemaze/distinfo                            |   6 +-
 games/gottet/Makefile                              |   2 +-
 games/gottet/distinfo                              |   6 +-
 games/tanglet/Makefile                             |   2 +-
 games/tanglet/distinfo                             |   6 +-
 games/tanglet/pkg-plist                            |   4 +
 graphics/blender/Makefile                          |   2 +-
 graphics/blender/distinfo                          |   6 +-
 lang/v/Makefile                                    |   2 +-
 lang/v/distinfo                                    |   6 +-
 multimedia/ffmpeg/Makefile                         |   1 +
 print/rtf2latex2e/pkg-descr                        |   2 +-
 science/lammps/Makefile                            |   2 +-
 science/lammps/distinfo                            |   6 +-
 science/lammps/pkg-plist                           |  15 ++
 security/vuxml/vuln.xml                            |  35 +++
 sysutils/bamf/Makefile                             |  20 +-
 sysutils/bamf/distinfo                             |   6 +-
 sysutils/bamf/files/patch-configure                |  21 +-
 sysutils/bamf/files/patch-tests_gtester2xunit.py   |  27 ++
 sysutils/opensbi/Makefile                          |  36 +--
 sysutils/opensbi/distinfo                          |   6 +-
 sysutils/opensbi/pkg-plist                         |  54 ++--
 textproc/bibutils/Makefile                         |  12 +-
 textproc/bibutils/distinfo                         |   6 +-
 textproc/bibutils/files/patch-Makefile_start       |   6 +-
 textproc/bibutils/files/patch-configure            |   6 +-
 textproc/bibutils/pkg-descr                        |  14 +-
 textproc/bibutils/pkg-plist                        |  21 ++
 textproc/py-pyjade/Makefile                        |   6 -
 textproc/py-sphinxcontrib-websupport/Makefile      |   2 +-
 textproc/py-sphinxcontrib-websupport/distinfo      |   6 +-
 www/gitlab-ce/Makefile                             |  14 +-
 www/gitlab-ce/distinfo                             |   6 +-
 www/gitlab-ce/pkg-plist                            |  18 +-
 www/py-django-bulk-update/Makefile                 |   6 +-
 www/py-django-datetime-widget/Makefile             |   4 +
 www/py-django-overextends/Makefile                 |   3 +
 x11-toolkits/p5-Tk-CursorControl/Makefile          |   1 -
 130 files changed, 943 insertions(+), 752 deletions(-)
 create mode 100644 devel/py-ttictoc/Makefile
 create mode 100644 devel/py-ttictoc/distinfo
 create mode 100644 devel/py-ttictoc/pkg-descr
 create mode 100644 devel/rubygem-flipper-active_support_cache_store017/Makefile
 create mode 100644 devel/rubygem-flipper-active_support_cache_store017/distinfo
 create mode 100644 devel/rubygem-flipper-active_support_cache_store017/pkg-descr
 create mode 100644 devel/rubygem-flipper-ui017/Makefile
 create mode 100644 devel/rubygem-flipper-ui017/distinfo
 create mode 100644 devel/rubygem-flipper-ui017/pkg-descr
 create mode 100644 devel/rubygem-flipper017/Makefile
 create mode 100644 devel/rubygem-flipper017/distinfo
 create mode 100644 devel/rubygem-flipper017/pkg-descr
 delete mode 100644 finance/gnucash/files/patch-bindings_python_tests_CMakeLists.txt
 delete mode 100644 finance/kmymoney/files/patch-gentoo-kf5-5.61-headers
 create mode 100644 sysutils/bamf/files/patch-tests_gtester2xunit.py
 create mode 100644 textproc/bibutils/pkg-plist
==== merge branches ====
==== merge github/master branch ====
Already up to date.
=============================
HardenedBSD Master git Server
=============================

Please note that connections and activity to this server are logged.
This server, git-01.md.hardenedbsd.org, acts as the source-of-truth
server for the HardenedBSD repositories.

Banner last updated: 10 Feb 2020 09:32 EST

Everything up-to-date
==== END: master ====
==== BEGIN: master ====
current branch: master
mergeable branch: freebsd/master
==== change branch ====
Already on 'master'
Your branch is up to date with 'origin/master'.
==== show current branch ====
* master
==== check for stale changes ====
==== update to latest origin ====
warning: Pulling without specifying how to reconcile divergent branches is
discouraged. You can squelch this message by running one of the following
commands sometime before your next pull:

  git config pull.rebase false  # merge (the default strategy)
  git config pull.rebase true   # rebase
  git config pull.ff only       # fast-forward only

You can replace "git config" with "git config --global" to set a default
preference for all repositories. You can also pass --rebase, --no-rebase,
or --ff-only on the command line to override the configured default per
invocation.

=============================
HardenedBSD Master git Server
=============================

Please note that connections and activity to this server are logged.
This server, git-01.md.hardenedbsd.org, acts as the source-of-truth
server for the HardenedBSD repositories.

Banner last updated: 10 Feb 2020 09:32 EST

Already up to date.
==== merge branches ====
==== merge freebsd/master branch ====
Merge made by the 'recursive' strategy.
 math/sage/Makefile                                 |  10 +-
 math/sage/pkg-plist                                | 261 ++++++++++++++-------
 sysutils/Makefile                                  |   1 +
 sysutils/fusefs-securefs/Makefile                  |  27 +++
 sysutils/fusefs-securefs/distinfo                  |   3 +
 .../fusefs-securefs/files/patch-CMakeLists.txt     |  12 +
 .../files/patch-sources_commands.cpp               |  11 +
 .../files/patch-sources_mystring.cpp               |  11 +
 sysutils/fusefs-securefs/pkg-descr                 |   6 +
 9 files changed, 260 insertions(+), 82 deletions(-)
 create mode 100644 sysutils/fusefs-securefs/Makefile
 create mode 100644 sysutils/fusefs-securefs/distinfo
 create mode 100644 sysutils/fusefs-securefs/files/patch-CMakeLists.txt
 create mode 100644 sysutils/fusefs-securefs/files/patch-sources_commands.cpp
 create mode 100644 sysutils/fusefs-securefs/files/patch-sources_mystring.cpp
 create mode 100644 sysutils/fusefs-securefs/pkg-descr
=============================
HardenedBSD Master git Server
=============================

Please note that connections and activity to this server are logged.
This server, git-01.md.hardenedbsd.org, acts as the source-of-truth
server for the HardenedBSD repositories.

Banner last updated: 10 Feb 2020 09:32 EST

remote: To github.com:HardenedBSD/hardenedbsd-ports.git        
remote:    a0043cbc4ce1..27f65bc28fe3  master -> master        
remote:    c038f2d35f65..a0043cbc4ce1  github/master -> github/master
remote:  ! [remote rejected]           refs/pull/2/head -> refs/pull/2/head (deny updating a hidden ref)        
remote: error: failed to push some refs to 'github.com:HardenedBSD/hardenedbsd-ports.git'        
To git-01.md.hardenedbsd.org:HardenedBSD/hardenedbsd-ports.git
   a0043cbc4ce1..27f65bc28fe3  master -> master
==== END: master ====
