==== BEGIN: master ====
current branch: master
mergeable branch: github/master
==== change branch ====
Already on 'master'
Your branch is up to date with 'origin/master'.
==== show current branch ====
* master
==== check for stale changes ====
==== update to latest origin ====
warning: Pulling without specifying how to reconcile divergent branches is
discouraged. You can squelch this message by running one of the following
commands sometime before your next pull:

  git config pull.rebase false  # merge (the default strategy)
  git config pull.rebase true   # rebase
  git config pull.ff only       # fast-forward only

You can replace "git config" with "git config --global" to set a default
preference for all repositories. You can also pass --rebase, --no-rebase,
or --ff-only on the command line to override the configured default per
invocation.

=============================
HardenedBSD Master git Server
=============================

Please note that connections and activity to this server are logged.
This server, git-01.md.hardenedbsd.org, acts as the source-of-truth
server for the HardenedBSD repositories.

Banner last updated: 10 Feb 2020 09:32 EST

Already up to date.
==== merge branches ====
==== merge github/master branch ====
Already up to date.
=============================
HardenedBSD Master git Server
=============================

Please note that connections and activity to this server are logged.
This server, git-01.md.hardenedbsd.org, acts as the source-of-truth
server for the HardenedBSD repositories.

Banner last updated: 10 Feb 2020 09:32 EST

Everything up-to-date
==== END: master ====
==== BEGIN: master ====
current branch: master
mergeable branch: freebsd/master
==== change branch ====
Already on 'master'
Your branch is up to date with 'origin/master'.
==== show current branch ====
* master
==== check for stale changes ====
==== update to latest origin ====
warning: Pulling without specifying how to reconcile divergent branches is
discouraged. You can squelch this message by running one of the following
commands sometime before your next pull:

  git config pull.rebase false  # merge (the default strategy)
  git config pull.rebase true   # rebase
  git config pull.ff only       # fast-forward only

You can replace "git config" with "git config --global" to set a default
preference for all repositories. You can also pass --rebase, --no-rebase,
or --ff-only on the command line to override the configured default per
invocation.

=============================
HardenedBSD Master git Server
=============================

Please note that connections and activity to this server are logged.
This server, git-01.md.hardenedbsd.org, acts as the source-of-truth
server for the HardenedBSD repositories.

Banner last updated: 10 Feb 2020 09:32 EST

Already up to date.
==== merge branches ====
==== merge freebsd/master branch ====
Auto-merging x11/xev/Makefile
Removing net/syncthing/files/patch-171.diff
Auto-merging net/Makefile
Removing net-im/py-matrix-synapse/files/patch-python_dependencies.py
Removing devel/py-b2sdk/files/patch-requirements.txt
Merge made by the 'recursive' strategy.
 deskutils/ultralist/Makefile                       |   3 +-
 deskutils/ultralist/distinfo                       |   6 +-
 devel/R-cran-bit64/Makefile                        |   3 +-
 devel/R-cran-bit64/distinfo                        |   6 +-
 devel/R-cran-vctrs/Makefile                        |   4 +-
 devel/R-cran-vctrs/distinfo                        |   6 +-
 devel/aml/Makefile                                 |   4 +-
 devel/aml/distinfo                                 |   6 +-
 devel/golangci-lint/Makefile                       |  78 ++--
 devel/golangci-lint/distinfo                       | 142 ++++---
 devel/py-b2sdk/Makefile                            |   2 +-
 devel/py-b2sdk/distinfo                            |   6 +-
 devel/py-b2sdk/files/patch-requirements.txt        |  15 -
 dns/nsd/Makefile                                   |   2 +-
 dns/nsd/distinfo                                   |   6 +-
 games/minecraft-server/Makefile                    |   4 +-
 games/minecraft-server/distinfo                    |   6 +-
 graphics/bmeps/Makefile                            |   2 +-
 graphics/bmeps/distinfo                            |   6 +-
 graphics/mesa-devel/Makefile                       |   4 +-
 graphics/mesa-devel/distinfo                       |   6 +-
 multimedia/streamlink/Makefile                     |   3 +-
 multimedia/streamlink/distinfo                     |   6 +-
 net-im/Makefile                                    |   1 +
 net-im/purple-plugin-pack/Makefile                 |  22 ++
 net-im/purple-plugin-pack/distinfo                 |   3 +
 net-im/purple-plugin-pack/pkg-descr                |   5 +
 net-im/purple-plugin-pack/pkg-plist                |  52 +++
 net-im/py-matrix-synapse/Makefile                  |   7 +-
 net-im/py-matrix-synapse/distinfo                  |   6 +-
 .../files/patch-python_dependencies.py             |  11 -
 .../files/patch-synapse_python__dependencies.py    |  11 +
 net/Makefile                                       |   1 +
 net/neatvnc/Makefile                               |   4 +-
 net/neatvnc/distinfo                               |   6 +-
 net/scamper/Makefile                               |   2 +-
 net/scamper/distinfo                               |   6 +-
 net/scamper/pkg-plist                              |   8 +-
 net/syncthing/Makefile                             |   3 +-
 net/syncthing/distinfo                             |   6 +-
 net/syncthing/files/patch-171.diff                 |  20 -
 net/wayvnc/Makefile                                |   4 +-
 net/wayvnc/distinfo                                |   6 +-
 net/wlvncc/Makefile                                |  26 ++
 net/wlvncc/distinfo                                |   3 +
 net/wlvncc/pkg-descr                               |   4 +
 security/py-pass-audit/Makefile                    |   5 +-
 security/py-pass-audit/distinfo                    |   6 +-
 security/py-pass-audit/pkg-plist                   |  18 +-
 security/snort2pfcd/Makefile                       |   2 +-
 security/snort2pfcd/distinfo                       |   6 +-
 security/snort2pfcd/pkg-descr                      |   2 +-
 sysutils/acpica-tools/Makefile                     |   2 +-
 sysutils/acpica-tools/distinfo                     |   6 +-
 www/p5-Mojolicious/Makefile                        |   3 +-
 www/p5-Mojolicious/distinfo                        |   6 +-
 www/p5-Mojolicious/pkg-plist                       |   2 +
 www/riot-web/Makefile                              |   2 +-
 www/riot-web/distinfo                              |   6 +-
 www/riot-web/pkg-plist                             | 436 +++++++++++----------
 x11-servers/xwayland-devel/Makefile                |   4 +-
 x11-servers/xwayland-devel/distinfo                |   6 +-
 x11-wm/Makefile                                    |   1 +
 x11-wm/phoc/Makefile                               |  46 +++
 x11-wm/phoc/distinfo                               |   7 +
 x11-wm/phoc/pkg-descr                              |   4 +
 x11/swaylock/Makefile                              |   2 +-
 x11/swaylock/files/patch-pam.c                     |  29 +-
 x11/xev/Makefile                                   |   2 +-
 x11/xev/distinfo                                   |   6 +-
 70 files changed, 697 insertions(+), 455 deletions(-)
 delete mode 100644 devel/py-b2sdk/files/patch-requirements.txt
 create mode 100644 net-im/purple-plugin-pack/Makefile
 create mode 100644 net-im/purple-plugin-pack/distinfo
 create mode 100644 net-im/purple-plugin-pack/pkg-descr
 create mode 100644 net-im/purple-plugin-pack/pkg-plist
 delete mode 100644 net-im/py-matrix-synapse/files/patch-python_dependencies.py
 create mode 100644 net-im/py-matrix-synapse/files/patch-synapse_python__dependencies.py
 delete mode 100644 net/syncthing/files/patch-171.diff
 create mode 100644 net/wlvncc/Makefile
 create mode 100644 net/wlvncc/distinfo
 create mode 100644 net/wlvncc/pkg-descr
 create mode 100644 x11-wm/phoc/Makefile
 create mode 100644 x11-wm/phoc/distinfo
 create mode 100644 x11-wm/phoc/pkg-descr
=============================
HardenedBSD Master git Server
=============================

Please note that connections and activity to this server are logged.
This server, git-01.md.hardenedbsd.org, acts as the source-of-truth
server for the HardenedBSD repositories.

Banner last updated: 10 Feb 2020 09:32 EST

remote: To github.com:HardenedBSD/hardenedbsd-ports.git        
remote:    14b5e2bc05a7..890aec95f70e  master -> master        
remote:    fda8f31ca5b8..14b5e2bc05a7  github/master -> github/master
remote:  ! [remote rejected]           refs/pull/2/head -> refs/pull/2/head (deny updating a hidden ref)        
remote: error: failed to push some refs to 'github.com:HardenedBSD/hardenedbsd-ports.git'        
remote: Gitea: Internal Server Error        
remote: Unable to contact gitea: Get http://localhost:3000/api/internal/hook/post-receive/hardenedbsd/hardenedbsd-ports?old=14b5e2bc05a73b189138cc2091a953bd49b63377&new=890aec95f70e5450bc138a099f9d37f3853d67de&ref=refs%!F(MISSING)heads%!F(MISSING)master&userID=5&username=hardenedbsd-services: read tcp 172.16.1.72:21187->172.16.1.72:3000: i/o timeout        
To git-01.md.hardenedbsd.org:HardenedBSD/hardenedbsd-ports.git
   14b5e2bc05a7..890aec95f70e  master -> master
==== END: master ====
