==== BEGIN: master ====
current branch: master
mergeable branch: github/master
==== change branch ====
Already on 'master'
Your branch is behind 'origin/master' by 16 commits, and can be fast-forwarded.
  (use "git pull" to update your local branch)
==== show current branch ====
* master
==== check for stale changes ====
==== update to latest origin ====
warning: Pulling without specifying how to reconcile divergent branches is
discouraged. You can squelch this message by running one of the following
commands sometime before your next pull:

  git config pull.rebase false  # merge (the default strategy)
  git config pull.rebase true   # rebase
  git config pull.ff only       # fast-forward only

You can replace "git config" with "git config --global" to set a default
preference for all repositories. You can also pass --rebase, --no-rebase,
or --ff-only on the command line to override the configured default per
invocation.

=============================
HardenedBSD Master git Server
=============================

Please note that connections and activity to this server are logged.
This server, git-01.md.hardenedbsd.org, acts as the source-of-truth
server for the HardenedBSD repositories.

Banner last updated: 10 Feb 2020 09:32 EST

Updating 3516a2506975..e70eba1d87dc
Fast-forward
 audio/protracker/Makefile                          |   2 +-
 audio/protracker/distinfo                          |   6 +-
 devel/py-websockets/Makefile                       |   4 +-
 devel/py-websockets/distinfo                       |   6 +-
 devel/ruby-build/Makefile                          |   2 +-
 devel/ruby-build/distinfo                          |   6 +-
 devel/rubygem-rake/Makefile                        |   2 +-
 devel/rubygem-rake/distinfo                        |   6 +-
 devel/rubygem-rdoc/Makefile                        |   9 +-
 devel/rubygem-rdoc/distinfo                        |   6 +-
 devel/rubygem-reline/Makefile                      |   2 +-
 devel/rubygem-reline/distinfo                      |   6 +-
 emulators/wine/Makefile                            |   1 +
 graphics/gimp-app/Makefile                         |   2 +-
 .../files/patch-app_actions_debug-actions.c        |  13 +
 graphics/gimp-app/files/patch-app_sanity.c         |  10 +
 graphics/rubygem-fastimage/Makefile                |   2 +-
 graphics/rubygem-fastimage/distinfo                |   6 +-
 mail/postsrsd/Makefile                             |  11 +-
 mail/postsrsd/distinfo                             |   4 +-
 mail/postsrsd/files/patch-CMakeLists.txt           |  39 ++-
 misc/broot/Makefile                                | 131 +++++-----
 misc/broot/distinfo                                | 264 +++++++++++----------
 misc/broot/files/patch-src_display_cell__size.rs   |  14 +-
 print/R-cran-tinytex/Makefile                      |   2 +-
 print/R-cran-tinytex/distinfo                      |   6 +-
 print/lilypond-devel/Makefile                      |   3 +-
 print/lilypond-devel/distinfo                      |   6 +-
 sysutils/nmrpflash/Makefile                        |  34 +++
 sysutils/nmrpflash/distinfo                        |   3 +
 sysutils/nmrpflash/pkg-descr                       |   9 +
 www/R-cran-htmlwidgets/Makefile                    |   2 +-
 www/R-cran-htmlwidgets/distinfo                    |   6 +-
 33 files changed, 363 insertions(+), 262 deletions(-)
 create mode 100644 graphics/gimp-app/files/patch-app_actions_debug-actions.c
 create mode 100644 graphics/gimp-app/files/patch-app_sanity.c
 create mode 100644 sysutils/nmrpflash/Makefile
 create mode 100644 sysutils/nmrpflash/distinfo
 create mode 100644 sysutils/nmrpflash/pkg-descr
==== merge branches ====
==== merge github/master branch ====
Already up to date.
=============================
HardenedBSD Master git Server
=============================

Please note that connections and activity to this server are logged.
This server, git-01.md.hardenedbsd.org, acts as the source-of-truth
server for the HardenedBSD repositories.

Banner last updated: 10 Feb 2020 09:32 EST

Everything up-to-date
==== END: master ====
