==== BEGIN: master ====
current branch: master
mergeable branch: github/master
==== change branch ====
Already on 'master'
Your branch is up to date with 'origin/master'.
==== show current branch ====
* master
==== check for stale changes ====
==== update to latest origin ====
warning: Pulling without specifying how to reconcile divergent branches is
discouraged. You can squelch this message by running one of the following
commands sometime before your next pull:

  git config pull.rebase false  # merge (the default strategy)
  git config pull.rebase true   # rebase
  git config pull.ff only       # fast-forward only

You can replace "git config" with "git config --global" to set a default
preference for all repositories. You can also pass --rebase, --no-rebase,
or --ff-only on the command line to override the configured default per
invocation.

=============================
HardenedBSD Master git Server
=============================

Please note that connections and activity to this server are logged.
This server, git-01.md.hardenedbsd.org, acts as the source-of-truth
server for the HardenedBSD repositories.

Banner last updated: 10 Feb 2020 09:32 EST

Already up to date.
==== merge branches ====
==== merge github/master branch ====
Already up to date.
=============================
HardenedBSD Master git Server
=============================

Please note that connections and activity to this server are logged.
This server, git-01.md.hardenedbsd.org, acts as the source-of-truth
server for the HardenedBSD repositories.

Banner last updated: 10 Feb 2020 09:32 EST

Everything up-to-date
==== END: master ====
==== BEGIN: master ====
current branch: master
mergeable branch: freebsd/master
==== change branch ====
Already on 'master'
Your branch is up to date with 'origin/master'.
==== show current branch ====
* master
==== check for stale changes ====
==== update to latest origin ====
warning: Pulling without specifying how to reconcile divergent branches is
discouraged. You can squelch this message by running one of the following
commands sometime before your next pull:

  git config pull.rebase false  # merge (the default strategy)
  git config pull.rebase true   # rebase
  git config pull.ff only       # fast-forward only

You can replace "git config" with "git config --global" to set a default
preference for all repositories. You can also pass --rebase, --no-rebase,
or --ff-only on the command line to override the configured default per
invocation.

=============================
HardenedBSD Master git Server
=============================

Please note that connections and activity to this server are logged.
This server, git-01.md.hardenedbsd.org, acts as the source-of-truth
server for the HardenedBSD repositories.

Banner last updated: 10 Feb 2020 09:32 EST

Already up to date.
==== merge branches ====
==== merge freebsd/master branch ====
Auto-merging www/firefox/Makefile
Removing devel/libmtdev/files/patch-test_mtdev-test.c
Removing devel/libevdev/files/patch-test_test-main.c
Removing devel/libevdev/files/patch-test_test-libevdev-init.c
Removing devel/libevdev/files/patch-test_test-libevdev-has-event.c
Removing devel/libevdev/files/patch-test_test-libevdev-events.c
Removing devel/libevdev/files/patch-libevdev_libevdev-uinput.c
Removing devel/got/files/patch-tog_tog.c
Removing devel/got/files/patch-libexec_got-read-gotconfig_parse.y
Removing devel/got/files/patch-libexec_got-index-pack_got-index-pack.c
Removing devel/got/files/patch-lib_object__create.c
Removing devel/got/files/patch-got_got.c
Removing devel/frink/files/patch-warnings
Removing devel/frink/files/patch-strdup
Removing devel/frink/files/patch-indent
Merge made by the 'recursive' strategy.
 databases/geoserver-mysql-plugin/Makefile          |    6 +-
 databases/geoserver-mysql-plugin/distinfo          |    6 +-
 databases/postgresql11-server/Makefile             |    2 +-
 databases/postgresql12-server/Makefile             |    2 +-
 databases/postgresql13-server/Makefile             |   42 +-
 databases/py-alembic/Makefile                      |   10 +-
 databases/py-alembic/distinfo                      |    6 +-
 devel/awscli/Makefile                              |    4 +-
 devel/awscli/distinfo                              |    6 +-
 devel/bcpp/Makefile                                |    2 +-
 devel/bcpp/distinfo                                |    6 +-
 devel/frink/Makefile                               |    5 +-
 devel/frink/files/patch-README                     |   20 +
 devel/frink/files/patch-blocks.c                   |   10 +
 devel/frink/files/patch-blocks.h                   |   11 +
 devel/frink/files/patch-config.c                   |  126 ++
 devel/frink/files/patch-flagvars.h                 |   27 +
 devel/frink/files/patch-frink.c                    |  148 +++
 devel/frink/files/patch-frink.h                    |   20 +
 devel/frink/files/patch-indent                     |   23 -
 devel/frink/files/patch-output.c                   |   65 +
 devel/frink/files/patch-strdup                     |   22 -
 devel/frink/files/patch-tcl.c                      |  680 ++++++++++
 devel/frink/files/patch-token.c                    |  337 +++++
 devel/frink/files/patch-token.h                    |   59 +
 devel/frink/files/patch-util.c                     |   15 +
 devel/frink/files/patch-util.h                     |   11 +
 devel/frink/files/patch-vars.c                     |   79 ++
 devel/frink/files/patch-vars.h                     |   25 +
 devel/frink/files/patch-warnings                   | 1308 --------------------
 devel/geany-plugin-geanypy/Makefile                |    3 +
 devel/got/Makefile                                 |    3 +-
 devel/got/distinfo                                 |    6 +-
 devel/got/files/patch-got_got.c                    |   35 -
 devel/got/files/patch-lib_object__create.c         |   35 -
 .../patch-libexec_got-index-pack_got-index-pack.c  |   11 -
 .../files/patch-libexec_got-read-gotconfig_parse.y |   29 -
 devel/got/files/patch-tog_tog.c                    |   11 -
 devel/libevdev/Makefile                            |   40 +-
 devel/libevdev/distinfo                            |    6 +-
 .../files/patch-libevdev_libevdev-uinput.c         |   40 -
 .../files/patch-test_test-libevdev-events.c        |   20 -
 .../files/patch-test_test-libevdev-has-event.c     |   16 -
 .../libevdev/files/patch-test_test-libevdev-init.c |   11 -
 devel/libevdev/files/patch-test_test-main.c        |   26 -
 devel/libevdev/pkg-plist                           |    3 +-
 devel/libmtdev/Makefile                            |    8 +-
 devel/libmtdev/distinfo                            |    5 +-
 devel/libmtdev/files/patch-test_mtdev-test.c       |   16 -
 devel/llvm11/Makefile                              |    2 +-
 devel/llvm11/distinfo                              |   30 +-
 .../clang/patch-tools_clang_lib_Basic_Targets.cpp  |   24 +
 ...zer__common_sanitizer__platform__interceptors.h |    4 +-
 devel/py-botocore/Makefile                         |    2 +-
 devel/py-botocore/distinfo                         |    6 +-
 devel/py-evdev/Makefile                            |    5 +-
 devel/py-evdev/distinfo                            |    6 +-
 devel/py-evdev/files/patch-v4l_compat              |   19 +-
 dns/gdnsd3/Makefile                                |    5 +-
 dns/gdnsd3/distinfo                                |    6 +-
 dns/gdnsd3/files/patch-src_css.c                   |   13 +
 editors/hexer/Makefile                             |    1 +
 editors/hexer/files/patch-tio.h                    |   11 +
 graphics/embree/Makefile                           |    3 +-
 graphics/embree/distinfo                           |    6 +-
 graphics/embree/pkg-plist                          |    4 +
 graphics/geoserver/Makefile                        |    8 +-
 graphics/geoserver/distinfo                        |    6 +-
 graphics/geoserver/pkg-plist                       |   40 +-
 lang/erlang/Makefile                               |    1 +
 lang/gcc10-devel/Makefile                          |    2 +-
 lang/gcc10-devel/distinfo                          |    6 +-
 multimedia/libva-intel-media-driver/Makefile       |    2 +-
 multimedia/libva-intel-media-driver/distinfo       |    6 +-
 .../files/patch-src_spatialmedia_constants.h       |   19 +
 net/google-cloud-sdk/Makefile                      |    2 +-
 net/google-cloud-sdk/distinfo                      |    6 +-
 security/modsecurity3/Makefile                     |    2 +-
 .../modsecurity3/files/patch-src_operators_rx.cc   |   51 +
 .../modsecurity3/files/patch-src_utils_regex.cc    |   40 +
 .../modsecurity3/files/patch-src_utils_regex.h     |   35 +
 ...tch-test_test-cases_regression_variable-TX.json |  146 +++
 security/p5-PGP-Sign/Makefile                      |    2 +-
 security/p5-PGP-Sign/distinfo                      |    6 +-
 security/vuxml/vuln.xml                            |   35 +
 sysutils/rubygem-facter/Makefile                   |    2 +-
 sysutils/rubygem-facter/distinfo                   |    6 +-
 www/firefox/Makefile                               |    3 +-
 www/firefox/distinfo                               |    6 +-
 www/librespeed/Makefile                            |    2 +-
 www/librespeed/distinfo                            |    6 +-
 www/tt-rss/Makefile                                |    7 +-
 www/tt-rss/distinfo                                |    6 +-
 www/tt-rss/pkg-plist                               |   12 +-
 x11/x3270/Makefile                                 |    3 +-
 x11/x3270/distinfo                                 |    6 +-
 96 files changed, 2218 insertions(+), 1810 deletions(-)
 create mode 100644 devel/frink/files/patch-README
 create mode 100644 devel/frink/files/patch-blocks.c
 create mode 100644 devel/frink/files/patch-blocks.h
 create mode 100644 devel/frink/files/patch-config.c
 create mode 100644 devel/frink/files/patch-flagvars.h
 create mode 100644 devel/frink/files/patch-frink.c
 create mode 100644 devel/frink/files/patch-frink.h
 delete mode 100644 devel/frink/files/patch-indent
 create mode 100644 devel/frink/files/patch-output.c
 delete mode 100644 devel/frink/files/patch-strdup
 create mode 100644 devel/frink/files/patch-tcl.c
 create mode 100644 devel/frink/files/patch-token.c
 create mode 100644 devel/frink/files/patch-token.h
 create mode 100644 devel/frink/files/patch-util.c
 create mode 100644 devel/frink/files/patch-util.h
 create mode 100644 devel/frink/files/patch-vars.c
 create mode 100644 devel/frink/files/patch-vars.h
 delete mode 100644 devel/frink/files/patch-warnings
 delete mode 100644 devel/got/files/patch-got_got.c
 delete mode 100644 devel/got/files/patch-lib_object__create.c
 delete mode 100644 devel/got/files/patch-libexec_got-index-pack_got-index-pack.c
 delete mode 100644 devel/got/files/patch-libexec_got-read-gotconfig_parse.y
 delete mode 100644 devel/got/files/patch-tog_tog.c
 delete mode 100644 devel/libevdev/files/patch-libevdev_libevdev-uinput.c
 delete mode 100644 devel/libevdev/files/patch-test_test-libevdev-events.c
 delete mode 100644 devel/libevdev/files/patch-test_test-libevdev-has-event.c
 delete mode 100644 devel/libevdev/files/patch-test_test-libevdev-init.c
 delete mode 100644 devel/libevdev/files/patch-test_test-main.c
 delete mode 100644 devel/libmtdev/files/patch-test_mtdev-test.c
 create mode 100644 devel/llvm11/files/clang/patch-tools_clang_lib_Basic_Targets.cpp
 create mode 100644 dns/gdnsd3/files/patch-src_css.c
 create mode 100644 editors/hexer/files/patch-tio.h
 create mode 100644 multimedia/shotcut/files/patch-src_spatialmedia_constants.h
 create mode 100644 security/modsecurity3/files/patch-src_operators_rx.cc
 create mode 100644 security/modsecurity3/files/patch-src_utils_regex.cc
 create mode 100644 security/modsecurity3/files/patch-src_utils_regex.h
 create mode 100644 security/modsecurity3/files/patch-test_test-cases_regression_variable-TX.json
=============================
HardenedBSD Master git Server
=============================

Please note that connections and activity to this server are logged.
This server, git-01.md.hardenedbsd.org, acts as the source-of-truth
server for the HardenedBSD repositories.

Banner last updated: 10 Feb 2020 09:32 EST

remote: To github.com:HardenedBSD/hardenedbsd-ports.git        
remote:    71df11947732..0dda64a35cdf  master -> master        
remote:    43b789ecedde..71df11947732  github/master -> github/master
remote:  ! [remote rejected]           refs/pull/10/head -> refs/pull/10/head (deny updating a hidden ref)
remote:  ! [remote rejected]           refs/pull/11/head -> refs/pull/11/head (deny updating a hidden ref)
remote:  ! [remote rejected]           refs/pull/2/head -> refs/pull/2/head (deny updating a hidden ref)        
remote:  ! [remote rejected]           refs/pull/9/head -> refs/pull/9/head (deny updating a hidden ref)        
remote: error: failed to push some refs to 'github.com:HardenedBSD/hardenedbsd-ports.git'        
remote: . Processing 1 references        
remote: Processed 1 references in total        
To git-01.md.hardenedbsd.org:HardenedBSD/hardenedbsd-ports.git
   71df11947732..0dda64a35cdf  master -> master
==== END: master ====
