==== BEGIN: master ====
current branch: master
mergeable branch: github/master
==== change branch ====
Already on 'master'
Your branch is up to date with 'origin/master'.
==== show current branch ====
* master
==== check for stale changes ====
==== update to latest origin ====
warning: Pulling without specifying how to reconcile divergent branches is
discouraged. You can squelch this message by running one of the following
commands sometime before your next pull:

  git config pull.rebase false  # merge (the default strategy)
  git config pull.rebase true   # rebase
  git config pull.ff only       # fast-forward only

You can replace "git config" with "git config --global" to set a default
preference for all repositories. You can also pass --rebase, --no-rebase,
or --ff-only on the command line to override the configured default per
invocation.

=============================
HardenedBSD Master git Server
=============================

Please note that connections and activity to this server are logged.
This server, git-01.md.hardenedbsd.org, acts as the source-of-truth
server for the HardenedBSD repositories.

Banner last updated: 10 Feb 2020 09:32 EST

Already up to date.
==== merge branches ====
==== merge github/master branch ====
Already up to date.
=============================
HardenedBSD Master git Server
=============================

Please note that connections and activity to this server are logged.
This server, git-01.md.hardenedbsd.org, acts as the source-of-truth
server for the HardenedBSD repositories.

Banner last updated: 10 Feb 2020 09:32 EST

Everything up-to-date
==== END: master ====
==== BEGIN: master ====
current branch: master
mergeable branch: freebsd/master
==== change branch ====
Already on 'master'
Your branch is up to date with 'origin/master'.
==== show current branch ====
* master
==== check for stale changes ====
==== update to latest origin ====
warning: Pulling without specifying how to reconcile divergent branches is
discouraged. You can squelch this message by running one of the following
commands sometime before your next pull:

  git config pull.rebase false  # merge (the default strategy)
  git config pull.rebase true   # rebase
  git config pull.ff only       # fast-forward only

You can replace "git config" with "git config --global" to set a default
preference for all repositories. You can also pass --rebase, --no-rebase,
or --ff-only on the command line to override the configured default per
invocation.

=============================
HardenedBSD Master git Server
=============================

Please note that connections and activity to this server are logged.
This server, git-01.md.hardenedbsd.org, acts as the source-of-truth
server for the HardenedBSD repositories.

Banner last updated: 10 Feb 2020 09:32 EST

Already up to date.
==== merge branches ====
==== merge freebsd/master branch ====
Removing net/socat/files/patch-compat.h
Auto-merging net/socat/Makefile
Removing devel/py-python-dtrace/files/patch-setup.py
Removing devel/py-python-dtrace/files/patch-dtrace__cython_dtrace__h.pxd
Removing devel/py-python-dtrace/files/patch-dtrace__cython_consumer.pyx
Merge made by the 'recursive' strategy.
 Mk/Uses/python.mk                                  |   2 -
 UPDATING                                           |   4 +-
 astro/mkgmap/Makefile                              |   2 +-
 astro/mkgmap/distinfo                              |   6 +-
 audio/beets/Makefile                               |   6 +-
 audio/milkytracker/Makefile                        |   3 +
 audio/py-eyed3/Makefile                            |   3 +-
 comms/py-qt5-sensors/Makefile                      |   3 -
 comms/py-qt5-serialport/Makefile                   |   3 -
 databases/py-qt5-sql/Makefile                      |   3 -
 devel/Makefile                                     |   1 +
 devel/linux_libusb/Makefile                        |   6 +-
 devel/llvm10/Makefile                              |   3 +-
 devel/llvm11/Makefile                              |   3 +-
 devel/llvm80/Makefile                              |   3 +-
 devel/llvm90/Makefile                              |   3 +-
 devel/py-aws-sam-translator/Makefile               |   3 +-
 devel/py-b2sdk/Makefile                            |   3 +-
 devel/py-bsd/Makefile                              |   3 +-
 devel/py-click-completion/Makefile                 |   1 -
 devel/py-cmd208/Makefile                           |   3 +-
 devel/py-ddt/Makefile                              |   2 -
 devel/py-flake8/Makefile                           |   3 +-
 devel/py-fs2/Makefile                              |   3 +-
 devel/py-grpcio/Makefile                           |   1 -
 devel/py-libzfs/Makefile                           |   2 -
 devel/py-llvmlite/Makefile                         |   6 +-
 devel/py-msal-extensions/Makefile                  |   3 +-
 devel/py-natsort/Makefile                          |   1 -
 devel/py-numba/Makefile                            |   3 +-
 devel/py-openstacksdk043/Makefile                  |   1 -
 devel/py-oslo.concurrency3/Makefile                |   3 +-
 devel/py-oslo.config7/Makefile                     |   1 -
 devel/py-oslo.privsep1/Makefile                    |   1 -
 devel/py-pip/Makefile                              |   1 -
 devel/py-python-dtrace/Makefile                    |  19 ++-
 devel/py-python-dtrace/distinfo                    |   6 +-
 .../files/patch-dtrace__cython_consumer.pyx        |  35 ------
 .../files/patch-dtrace__cython_dtrace__h.pxd       |  43 -------
 devel/py-python-dtrace/files/patch-setup.py        |  18 ---
 devel/py-pytz/Makefile                             |   2 +-
 devel/py-pytz/distinfo                             |   6 +-
 devel/py-qt5-core/Makefile                         |   3 -
 devel/py-qt5-dbus/Makefile                         |   3 -
 devel/py-qt5-dbussupport/Makefile                  |   6 +-
 devel/py-qt5-designer/Makefile                     |   3 -
 devel/py-qt5-designerplugin/Makefile               |   3 -
 devel/py-qt5-help/Makefile                         |   3 -
 devel/py-qt5-location/Makefile                     |   3 -
 devel/py-qt5-remoteobjects/Makefile                |   3 -
 devel/py-qt5-test/Makefile                         |   3 -
 devel/py-taskflow3/Makefile                        |   3 +-
 devel/py-testpath/Makefile                         |   3 +-
 devel/py-tooz1/Makefile                            |   3 +-
 devel/py-traitlets/Makefile                        |   1 -
 devel/rubygem-json_schema/Makefile                 |  20 +++
 devel/rubygem-json_schema/distinfo                 |   3 +
 devel/rubygem-json_schema/pkg-descr                |   3 +
 emulators/i386-wine-devel/pkg-descr                |   2 +-
 emulators/i386-wine/pkg-descr                      |   2 +-
 emulators/wine-devel/pkg-descr                     |   2 +-
 emulators/wine-proton/pkg-descr                    |   2 +-
 emulators/wine/pkg-descr                           |   2 +-
 games/DDNet/Makefile                               |   2 +-
 games/DDNet/distinfo                               |   6 +-
 games/hypatia_engine/Makefile                      |   1 -
 graphics/py-fiona/Makefile                         |   3 +-
 graphics/py-qt5-svg/Makefile                       |   3 -
 lang/angelscript/Makefile                          |   1 -
 lang/py-qt5-qml/Makefile                           |   3 -
 multimedia/py-qt5-multimedia/Makefile              |   3 -
 multimedia/py-qt5-multimediawidgets/Makefile       |   3 -
 net-im/nextcloud-talk/Makefile                     |   2 +-
 net-im/nextcloud-talk/distinfo                     |   6 +-
 net-im/nextcloud-talk/pkg-plist                    |  16 ++-
 net-mgmt/py-aggregate6/Makefile                    |   9 +-
 net-p2p/go-ethereum/Makefile                       | 140 +++++++++++----------
 net-p2p/go-ethereum/distinfo                       |  76 +++++------
 net/exabgp4/Makefile                               |   2 -
 net/gobgp/Makefile                                 |  24 ++--
 net/gobgp/distinfo                                 |  46 +++----
 net/openmpi/Makefile                               |   8 +-
 net/openmpi/pkg-plist                              |   4 +-
 net/py-confluent-kafka/Makefile                    |   2 -
 net/py-ifaddr/Makefile                             |   2 -
 net/py-maxminddb/Makefile                          |   1 -
 net/py-netif/Makefile                              |   3 +-
 net/py-pyfixbuf/Makefile                           |   1 -
 net/py-qt5-network/Makefile                        |   3 -
 net/py-qt5-networkauth/Makefile                    |   3 -
 net/py-urllib3/Makefile                            |   3 +-
 net/socat/Makefile                                 |   2 +-
 net/socat/distinfo                                 |   6 +-
 net/socat/files/patch-compat.h                     |  40 ------
 print/py-fonttools3/Makefile                       |   3 +-
 print/py-qt5-printsupport/Makefile                 |   3 -
 security/go-cve-dictionary/Makefile                |  91 +++++++-------
 security/go-cve-dictionary/distinfo                | 124 ++++++++++--------
 security/py-argon2-cffi/Makefile                   |   1 -
 security/py-cryptography/Makefile                  |   2 -
 security/py-fido2/Makefile                         |   1 -
 security/py-gssapi/Makefile                        |   3 +-
 security/py-service_identity/Makefile              |   1 -
 security/py-txtorcon/Makefile                      |   1 -
 security/py-yubikey-manager/Makefile               |   3 +-
 sysutils/bpytop/Makefile                           |   2 +-
 sysutils/bpytop/distinfo                           |   6 +-
 sysutils/docker-compose/Makefile                   |   2 -
 sysutils/jadm/Makefile                             |   6 +-
 sysutils/pipemeter/Makefile                        |   4 +-
 sysutils/pipemeter/distinfo                        |   6 +-
 sysutils/py-docker/Makefile                        |   3 +-
 sysutils/py-salt-2019/Makefile                     |   1 -
 sysutils/xfce4-settings/Makefile                   |   1 +
 ...gs_appearance-settings_appearance-install-theme |  10 ++
 .../files/patch-dialogs_appearance-settings_main.c |  11 ++
 textproc/py-elasticsearch-dsl/Makefile             |   1 -
 textproc/py-pyscss/Makefile                        |   3 +-
 textproc/py-qt5-xml/Makefile                       |   3 -
 textproc/py-qt5-xmlpatterns/Makefile               |   3 -
 textproc/py-rst2html5/Makefile                     |   1 -
 textproc/py-sphinx/Makefile                        |   2 +-
 textproc/py-sphinx/distinfo                        |   6 +-
 textproc/py-sphinxcontrib-programoutput/Makefile   |   2 +-
 www/Makefile                                       |   4 +
 www/py-flask-restx/Makefile                        |   3 +-
 www/py-h2/Makefile                                 |   3 +-
 www/py-hyper/Makefile                              |   2 -
 www/py-qt5-webchannel/Makefile                     |   3 -
 www/py-qt5-webengine/Makefile                      |   3 -
 www/py-qt5-webkit/Makefile                         |   3 -
 www/py-qt5-webkitwidgets/Makefile                  |   3 -
 www/py-qt5-websockets/Makefile                     |   3 -
 www/rubygem-nanoc-checking/Makefile                |  20 +++
 www/rubygem-nanoc-checking/distinfo                |   3 +
 www/rubygem-nanoc-checking/pkg-descr               |   3 +
 www/rubygem-nanoc-cli/Makefile                     |  22 ++++
 www/rubygem-nanoc-cli/distinfo                     |   3 +
 www/rubygem-nanoc-cli/pkg-descr                    |   3 +
 www/rubygem-nanoc-core/Makefile                    |  28 +++++
 www/rubygem-nanoc-core/distinfo                    |   3 +
 www/rubygem-nanoc-core/pkg-descr                   |   3 +
 www/rubygem-nanoc-deploying/Makefile               |  20 +++
 www/rubygem-nanoc-deploying/distinfo               |   3 +
 www/rubygem-nanoc-deploying/pkg-descr              |   3 +
 www/rubygem-nanoc/Makefile                         |  20 +--
 www/rubygem-nanoc/distinfo                         |   6 +-
 www/webhook/Makefile                               |   5 +-
 www/webhook/distinfo                               |   6 +-
 x11-fonts/py-ufo2ft/Makefile                       |   3 +-
 x11-toolkits/py-qt5-chart/Makefile                 |   3 -
 x11-toolkits/py-qt5-gui/Makefile                   |   3 -
 x11-toolkits/py-qt5-quick/Makefile                 |   3 -
 x11-toolkits/py-qt5-quick3d/Makefile               |   3 -
 x11-toolkits/py-qt5-quickwidgets/Makefile          |   3 -
 x11-toolkits/py-qt5-widgets/Makefile               |   3 -
 x11/py-qt5-opengl/Makefile                         |   3 -
 157 files changed, 580 insertions(+), 655 deletions(-)
 delete mode 100644 devel/py-python-dtrace/files/patch-dtrace__cython_consumer.pyx
 delete mode 100644 devel/py-python-dtrace/files/patch-dtrace__cython_dtrace__h.pxd
 delete mode 100644 devel/py-python-dtrace/files/patch-setup.py
 create mode 100644 devel/rubygem-json_schema/Makefile
 create mode 100644 devel/rubygem-json_schema/distinfo
 create mode 100644 devel/rubygem-json_schema/pkg-descr
 delete mode 100644 net/socat/files/patch-compat.h
 create mode 100644 sysutils/xfce4-settings/files/patch-dialogs_appearance-settings_appearance-install-theme
 create mode 100644 sysutils/xfce4-settings/files/patch-dialogs_appearance-settings_main.c
 create mode 100644 www/rubygem-nanoc-checking/Makefile
 create mode 100644 www/rubygem-nanoc-checking/distinfo
 create mode 100644 www/rubygem-nanoc-checking/pkg-descr
 create mode 100644 www/rubygem-nanoc-cli/Makefile
 create mode 100644 www/rubygem-nanoc-cli/distinfo
 create mode 100644 www/rubygem-nanoc-cli/pkg-descr
 create mode 100644 www/rubygem-nanoc-core/Makefile
 create mode 100644 www/rubygem-nanoc-core/distinfo
 create mode 100644 www/rubygem-nanoc-core/pkg-descr
 create mode 100644 www/rubygem-nanoc-deploying/Makefile
 create mode 100644 www/rubygem-nanoc-deploying/distinfo
 create mode 100644 www/rubygem-nanoc-deploying/pkg-descr
=============================
HardenedBSD Master git Server
=============================

Please note that connections and activity to this server are logged.
This server, git-01.md.hardenedbsd.org, acts as the source-of-truth
server for the HardenedBSD repositories.

Banner last updated: 10 Feb 2020 09:32 EST

remote: To github.com:HardenedBSD/hardenedbsd-ports.git        
remote:    e854f7d57bdd..bd0939688fec  master -> master        
remote:    17bfdc0a0429..e854f7d57bdd  github/master -> github/master        
remote:  ! [remote rejected]           refs/pull/10/head -> refs/pull/10/head (deny updating a hidden ref)
remote:  ! [remote rejected]           refs/pull/11/head -> refs/pull/11/head (deny updating a hidden ref)
remote:  ! [remote rejected]           refs/pull/12/head -> refs/pull/12/head (deny updating a hidden ref)
remote:  ! [remote rejected]           refs/pull/14/head -> refs/pull/14/head (deny updating a hidden ref)        
remote:  ! [remote rejected]           refs/pull/15/head -> refs/pull/15/head (deny updating a hidden ref)        
remote:  ! [remote rejected]           refs/pull/17/head -> refs/pull/17/head (deny updating a hidden ref)        
remote:  ! [remote rejected]           refs/pull/2/head -> refs/pull/2/head (deny updating a hidden ref)        
remote:  ! [remote rejected]           refs/pull/9/head -> refs/pull/9/head (deny updating a hidden ref)
remote: error: failed to push some refs to 'github.com:HardenedBSD/hardenedbsd-ports.git'        
remote: . Processing 1 references        
remote: Processed 1 references in total        
To git-01.md.hardenedbsd.org:HardenedBSD/hardenedbsd-ports.git
   e854f7d57bdd..bd0939688fec  master -> master
==== END: master ====
