==== BEGIN: master ====
current branch: master
mergeable branch: github/master
==== change branch ====
Already on 'master'
Your branch is up to date with 'origin/master'.
==== show current branch ====
* master
==== check for stale changes ====
==== update to latest origin ====
warning: Pulling without specifying how to reconcile divergent branches is
discouraged. You can squelch this message by running one of the following
commands sometime before your next pull:

  git config pull.rebase false  # merge (the default strategy)
  git config pull.rebase true   # rebase
  git config pull.ff only       # fast-forward only

You can replace "git config" with "git config --global" to set a default
preference for all repositories. You can also pass --rebase, --no-rebase,
or --ff-only on the command line to override the configured default per
invocation.

=============================
HardenedBSD Master git Server
=============================

Please note that connections and activity to this server are logged.
This server, git-01.md.hardenedbsd.org, acts as the source-of-truth
server for the HardenedBSD repositories.

Banner last updated: 10 Feb 2020 09:32 EST

Already up to date.
==== merge branches ====
==== merge github/master branch ====
Already up to date.
=============================
HardenedBSD Master git Server
=============================

Please note that connections and activity to this server are logged.
This server, git-01.md.hardenedbsd.org, acts as the source-of-truth
server for the HardenedBSD repositories.

Banner last updated: 10 Feb 2020 09:32 EST

Everything up-to-date
==== END: master ====
==== BEGIN: master ====
current branch: master
mergeable branch: freebsd/master
==== change branch ====
Already on 'master'
Your branch is up to date with 'origin/master'.
==== show current branch ====
* master
==== check for stale changes ====
==== update to latest origin ====
warning: Pulling without specifying how to reconcile divergent branches is
discouraged. You can squelch this message by running one of the following
commands sometime before your next pull:

  git config pull.rebase false  # merge (the default strategy)
  git config pull.rebase true   # rebase
  git config pull.ff only       # fast-forward only

You can replace "git config" with "git config --global" to set a default
preference for all repositories. You can also pass --rebase, --no-rebase,
or --ff-only on the command line to override the configured default per
invocation.

=============================
HardenedBSD Master git Server
=============================

Please note that connections and activity to this server are logged.
This server, git-01.md.hardenedbsd.org, acts as the source-of-truth
server for the HardenedBSD repositories.

Banner last updated: 10 Feb 2020 09:32 EST

Already up to date.
==== merge branches ====
==== merge freebsd/master branch ====
Removing sysutils/btsixad/files/patch-test_Makefile
Removing sysutils/btsixad/files/patch-btsixad_vuhid.c
Removing sysutils/btsixad/files/patch-btsixad_rc.sh.in
Removing sysutils/btsixad/files/patch-btsixad_btsixad.8
Removing sysutils/btsixad/files/patch-btsixad_Makefile
Removing graphics/alembic/files/patch-lib_Alembic_Util_Murmur3.cpp
Removing devel/log4cxx/files/patch-src_examples_cpp_console.cpp
Removing devel/log4cxx/files/patch-include-clocale-and-cstdlib
Removing databases/sql-workbench/files/patch-SQLWorkbench.desktop
Merge made by the 'recursive' strategy.
 Mk/Uses/qt.mk                                      |   4 +-
 Tools/scripts/bump_revision.pl                     |   2 +-
 audio/squash/Makefile                              |  15 +-
 cad/sweethome3d/Makefile                           |   2 +-
 cad/sweethome3d/distinfo                           |   6 +-
 databases/sql-workbench/Makefile                   |   7 +-
 databases/sql-workbench/distinfo                   |   5 +-
 .../sql-workbench/files/patch-SQLWorkbench.desktop |  11 -
 databases/sql-workbench/pkg-descr                  |   2 +-
 databases/sql-workbench/pkg-plist                  |   1 -
 deskutils/py-khard/Makefile                        |   2 +-
 deskutils/py-khard/distinfo                        |   6 +-
 devel/log4cxx/Makefile                             |   6 +-
 devel/log4cxx/distinfo                             |   5 +-
 .../files/patch-include-clocale-and-cstdlib        |  23 -
 .../files/patch-src_examples_cpp_console.cpp       |  12 -
 devel/log4cxx/pkg-plist                            |  10 +-
 finance/Makefile                                   |   2 +
 finance/hs-hledger-ui/Makefile                     | 123 ++++++
 finance/hs-hledger-ui/distinfo                     | 277 ++++++++++++
 finance/hs-hledger-ui/pkg-descr                    |   4 +
 finance/hs-hledger-web/Makefile                    | 202 +++++++++
 finance/hs-hledger-web/distinfo                    | 463 +++++++++++++++++++++
 finance/hs-hledger-web/pkg-descr                   |   4 +
 graphics/alembic/Makefile                          |   3 +-
 graphics/alembic/distinfo                          |   6 +-
 .../files/patch-lib_Alembic_Util_Murmur3.cpp       |  11 -
 lang/gcc10-devel/Makefile                          |   2 +-
 lang/gcc10-devel/distinfo                          |   6 +-
 math/onednn/Makefile                               |   2 +-
 print/py-frescobaldi/pkg-descr                     |   2 +-
 sysutils/btsixad/Makefile                          |   3 +-
 sysutils/btsixad/distinfo                          |   5 +-
 sysutils/btsixad/files/patch-btsixad_Makefile      |  11 -
 sysutils/btsixad/files/patch-btsixad_btsixad.8     |  11 -
 sysutils/btsixad/files/patch-btsixad_rc.sh.in      |  11 -
 sysutils/btsixad/files/patch-btsixad_vuhid.c       |  24 --
 sysutils/btsixad/files/patch-test_Makefile         |  10 -
 x11-toolkits/qt5-quick3d/pkg-plist                 |  13 +
 x11-toolkits/qt5-quicktimeline/pkg-plist           |   1 +
 40 files changed, 1142 insertions(+), 173 deletions(-)
 delete mode 100644 databases/sql-workbench/files/patch-SQLWorkbench.desktop
 delete mode 100644 devel/log4cxx/files/patch-include-clocale-and-cstdlib
 delete mode 100644 devel/log4cxx/files/patch-src_examples_cpp_console.cpp
 create mode 100644 finance/hs-hledger-ui/Makefile
 create mode 100644 finance/hs-hledger-ui/distinfo
 create mode 100644 finance/hs-hledger-ui/pkg-descr
 create mode 100644 finance/hs-hledger-web/Makefile
 create mode 100644 finance/hs-hledger-web/distinfo
 create mode 100644 finance/hs-hledger-web/pkg-descr
 delete mode 100644 graphics/alembic/files/patch-lib_Alembic_Util_Murmur3.cpp
 delete mode 100644 sysutils/btsixad/files/patch-btsixad_Makefile
 delete mode 100644 sysutils/btsixad/files/patch-btsixad_btsixad.8
 delete mode 100644 sysutils/btsixad/files/patch-btsixad_rc.sh.in
 delete mode 100644 sysutils/btsixad/files/patch-btsixad_vuhid.c
 delete mode 100644 sysutils/btsixad/files/patch-test_Makefile
=============================
HardenedBSD Master git Server
=============================

Please note that connections and activity to this server are logged.
This server, git-01.md.hardenedbsd.org, acts as the source-of-truth
server for the HardenedBSD repositories.

Banner last updated: 10 Feb 2020 09:32 EST

remote: To github.com:HardenedBSD/hardenedbsd-ports.git        
remote:    ca271b6a92c7..63ed7f9f3082  master -> master        
remote:    413564ace575..ca271b6a92c7  github/master -> github/master        
remote:  ! [remote rejected]           refs/pull/2/head -> refs/pull/2/head (deny updating a hidden ref)
remote: error: failed to push some refs to 'github.com:HardenedBSD/hardenedbsd-ports.git'        
remote: . Processing 1 references        
remote: Processed 1 references in total        
To git-01.md.hardenedbsd.org:HardenedBSD/hardenedbsd-ports.git
   ca271b6a92c7..63ed7f9f3082  master -> master
==== END: master ====
