==== BEGIN: master ====
current branch: master
mergeable branch: github/master
==== change branch ====
Already on 'master'
Your branch is up to date with 'origin/master'.
==== show current branch ====
* master
==== check for stale changes ====
==== update to latest origin ====
warning: Pulling without specifying how to reconcile divergent branches is
discouraged. You can squelch this message by running one of the following
commands sometime before your next pull:

  git config pull.rebase false  # merge (the default strategy)
  git config pull.rebase true   # rebase
  git config pull.ff only       # fast-forward only

You can replace "git config" with "git config --global" to set a default
preference for all repositories. You can also pass --rebase, --no-rebase,
or --ff-only on the command line to override the configured default per
invocation.

=============================
HardenedBSD Master git Server
=============================

Please note that connections and activity to this server are logged.
This server, git-01.md.hardenedbsd.org, acts as the source-of-truth
server for the HardenedBSD repositories.

Banner last updated: 10 Feb 2020 09:32 EST

Already up to date.
==== merge branches ====
==== merge github/master branch ====
Already up to date.
=============================
HardenedBSD Master git Server
=============================

Please note that connections and activity to this server are logged.
This server, git-01.md.hardenedbsd.org, acts as the source-of-truth
server for the HardenedBSD repositories.

Banner last updated: 10 Feb 2020 09:32 EST

Everything up-to-date
==== END: master ====
==== BEGIN: master ====
current branch: master
mergeable branch: freebsd/master
==== change branch ====
Already on 'master'
Your branch is up to date with 'origin/master'.
==== show current branch ====
* master
==== check for stale changes ====
==== update to latest origin ====
warning: Pulling without specifying how to reconcile divergent branches is
discouraged. You can squelch this message by running one of the following
commands sometime before your next pull:

  git config pull.rebase false  # merge (the default strategy)
  git config pull.rebase true   # rebase
  git config pull.ff only       # fast-forward only

You can replace "git config" with "git config --global" to set a default
preference for all repositories. You can also pass --rebase, --no-rebase,
or --ff-only on the command line to override the configured default per
invocation.

=============================
HardenedBSD Master git Server
=============================

Please note that connections and activity to this server are logged.
This server, git-01.md.hardenedbsd.org, acts as the source-of-truth
server for the HardenedBSD repositories.

Banner last updated: 10 Feb 2020 09:32 EST

Already up to date.
==== merge branches ====
==== merge freebsd/master branch ====
Auto-merging net/Makefile
Merge made by the 'recursive' strategy.
 audio/Makefile                                     |  1 +
 audio/mpz/Makefile                                 | 30 +++++++++++++++++++
 audio/mpz/distinfo                                 |  3 ++
 audio/mpz/files/patch-app_app.pro                  | 35 ++++++++++++++++++++++
 audio/mpz/files/patch-mpz.pro                      | 22 ++++++++++++++
 audio/mpz/pkg-descr                                | 18 +++++++++++
 biology/gmap/Makefile                              |  2 +-
 cad/netgen-lvs/Makefile                            |  2 +-
 cad/netgen-lvs/distinfo                            |  6 ++--
 devel/Makefile                                     |  1 +
 devel/libindicator/Makefile                        | 10 +------
 devel/p5-Alien-LibGumbo/Makefile                   |  2 ++
 devel/rubygem-gapic-common/Makefile                | 25 ++++++++++++++++
 devel/rubygem-gapic-common/distinfo                |  3 ++
 devel/rubygem-gapic-common/pkg-descr               |  3 ++
 devel/rubygem-googleapis-common-protos/Makefile    |  8 ++---
 devel/rubygem-googleapis-common-protos/distinfo    |  6 ++--
 devel/rubygem-grpc-google-iam-v1/Makefile          |  8 ++---
 devel/rubygem-grpc-google-iam-v1/distinfo          |  6 ++--
 emulators/Makefile                                 |  2 +-
 lang/intel-compute-runtime/Makefile                |  3 +-
 lang/intel-compute-runtime/distinfo                |  6 ++--
 mail/getmail6/Makefile                             |  2 +-
 mail/getmail6/distinfo                             |  6 ++--
 math/R-cran-igraph/Makefile                        |  3 +-
 math/R-cran-igraph/distinfo                        |  6 ++--
 net-mgmt/zabbix4-server/Makefile                   |  2 +-
 net-mgmt/zabbix4-server/distinfo                   |  6 ++--
 net-mgmt/zabbix5-server/Makefile                   |  2 +-
 net-mgmt/zabbix5-server/distinfo                   |  6 ++--
 net-mgmt/zabbix5-server/pkg-plist.frontend         |  1 +
 net/Makefile                                       |  7 +++++
 .../Makefile                                       | 24 +++++++++++++++
 .../distinfo                                       |  3 ++
 .../pkg-descr                                      |  7 +++++
 net/rubygem-google-cloud-bigtable-v2/Makefile      | 23 ++++++++++++++
 net/rubygem-google-cloud-bigtable-v2/distinfo      |  3 ++
 net/rubygem-google-cloud-bigtable-v2/pkg-descr     |  7 +++++
 net/rubygem-google-cloud-bigtable/Makefile         | 10 +++----
 net/rubygem-google-cloud-bigtable/distinfo         |  6 ++--
 net/rubygem-google-cloud-logging-v2/Makefile       | 23 ++++++++++++++
 net/rubygem-google-cloud-logging-v2/distinfo       |  3 ++
 net/rubygem-google-cloud-logging-v2/pkg-descr      |  7 +++++
 net/rubygem-google-cloud-logging/Makefile          |  8 ++---
 net/rubygem-google-cloud-logging/distinfo          |  6 ++--
 net/rubygem-google-cloud-pubsub-v1/Makefile        | 24 +++++++++++++++
 net/rubygem-google-cloud-pubsub-v1/distinfo        |  3 ++
 net/rubygem-google-cloud-pubsub-v1/pkg-descr       |  7 +++++
 net/rubygem-google-cloud-pubsub/Makefile           |  9 ++----
 net/rubygem-google-cloud-pubsub/distinfo           |  6 ++--
 .../Makefile                                       | 24 +++++++++++++++
 .../distinfo                                       |  3 ++
 .../pkg-descr                                      |  7 +++++
 .../Makefile                                       | 24 +++++++++++++++
 .../distinfo                                       |  3 ++
 .../pkg-descr                                      |  7 +++++
 net/rubygem-google-cloud-spanner-v1/Makefile       | 23 ++++++++++++++
 net/rubygem-google-cloud-spanner-v1/distinfo       |  3 ++
 net/rubygem-google-cloud-spanner-v1/pkg-descr      |  7 +++++
 net/rubygem-google-cloud-spanner/Makefile          | 11 ++++---
 net/rubygem-google-cloud-spanner/distinfo          |  6 ++--
 www/R-cran-servr/Makefile                          |  2 +-
 www/R-cran-servr/distinfo                          |  6 ++--
 www/deno/Makefile                                  | 16 +++++-----
 www/deno/distinfo                                  | 30 +++++++++----------
 www/deno/files/extrapatch-clang10                  |  4 +--
 .../files/patch-cargo-crates_rusty__v8_build.rs    |  4 +--
 ...ch-cargo-crates_rusty__v8_build_config_BUILD.gn |  4 +--
 ...go-crates_rusty__v8_build_config_BUILDCONFIG.gn |  4 +--
 ...crates_rusty__v8_build_config_compiler_BUILD.gn |  4 +--
 ...es_rusty__v8_build_config_compiler_compiler.gni |  4 +--
 ...argo-crates_rusty__v8_build_config_features.gni |  4 +--
 ...es_rusty__v8_build_config_freetype_freetype.gni |  4 +--
 ...go-crates_rusty__v8_build_config_linux_BUILD.gn |  4 +--
 ...ates_rusty__v8_build_config_linux_pkg-config.py |  4 +--
 ...cargo-crates_rusty__v8_build_config_sysroot.gni |  4 +--
 ...go-crates_rusty__v8_build_detect__host__arch.py |  4 +--
 ...cargo-crates_rusty__v8_build_gn__run__binary.py |  4 +--
 ...h-cargo-crates_rusty__v8_build_linux_chrome.map |  4 +--
 ...go-crates_rusty__v8_build_linux_libpci_BUILD.gn |  4 +--
 ...crates_rusty__v8_build_linux_unbundle_libusb.gn |  4 +--
 ...__v8_build_linux_unbundle_replace__gn__files.py |  4 +--
 ...es_rusty__v8_build_toolchain_gcc__toolchain.gni |  4 +--
 ...y__v8_build_toolchain_get__concurrent__links.py |  4 +--
 ...crates_rusty__v8_build_toolchain_linux_BUILD.gn |  4 +--
 ...sty__v8_buildtools_third__party_libc++_BUILD.gn |  4 +--
 .../files/patch-cargo-crates_rusty__v8_v8_BUILD.gn | 18 +++++------
 ...ch-cargo-crates_rusty__v8_v8_include_v8config.h |  4 +--
 .../patch-cargo-crates_rusty__v8_v8_src_api_api.cc |  4 +--
 ...patch-cargo-crates_rusty__v8_v8_src_base_cpu.cc |  4 +--
 ...ty__v8_v8_src_base_platform_platform-freebsd.cc |  4 +--
 ...usty__v8_v8_src_base_platform_platform-posix.cc |  4 +--
 ...tch-crates_rusty__v8_third__party_zlib_BUILD.gn |  4 +--
 ...tes_rusty__v8_third__party_zlib_cpu__features.c |  4 +--
 www/rt44/Makefile                                  |  2 +-
 www/rt44/Makefile.cpan                             |  1 +
 www/rt50/Makefile                                  |  2 ++
 www/rt50/Makefile.cpan                             |  1 +
 www/rt50/files/patch-sbin_rt-test-dependencies.in  | 11 +++++++
 99 files changed, 562 insertions(+), 179 deletions(-)
 create mode 100644 audio/mpz/Makefile
 create mode 100644 audio/mpz/distinfo
 create mode 100644 audio/mpz/files/patch-app_app.pro
 create mode 100644 audio/mpz/files/patch-mpz.pro
 create mode 100644 audio/mpz/pkg-descr
 create mode 100644 devel/rubygem-gapic-common/Makefile
 create mode 100644 devel/rubygem-gapic-common/distinfo
 create mode 100644 devel/rubygem-gapic-common/pkg-descr
 create mode 100644 net/rubygem-google-cloud-bigtable-admin-v2/Makefile
 create mode 100644 net/rubygem-google-cloud-bigtable-admin-v2/distinfo
 create mode 100644 net/rubygem-google-cloud-bigtable-admin-v2/pkg-descr
 create mode 100644 net/rubygem-google-cloud-bigtable-v2/Makefile
 create mode 100644 net/rubygem-google-cloud-bigtable-v2/distinfo
 create mode 100644 net/rubygem-google-cloud-bigtable-v2/pkg-descr
 create mode 100644 net/rubygem-google-cloud-logging-v2/Makefile
 create mode 100644 net/rubygem-google-cloud-logging-v2/distinfo
 create mode 100644 net/rubygem-google-cloud-logging-v2/pkg-descr
 create mode 100644 net/rubygem-google-cloud-pubsub-v1/Makefile
 create mode 100644 net/rubygem-google-cloud-pubsub-v1/distinfo
 create mode 100644 net/rubygem-google-cloud-pubsub-v1/pkg-descr
 create mode 100644 net/rubygem-google-cloud-spanner-admin-database-v1/Makefile
 create mode 100644 net/rubygem-google-cloud-spanner-admin-database-v1/distinfo
 create mode 100644 net/rubygem-google-cloud-spanner-admin-database-v1/pkg-descr
 create mode 100644 net/rubygem-google-cloud-spanner-admin-instance-v1/Makefile
 create mode 100644 net/rubygem-google-cloud-spanner-admin-instance-v1/distinfo
 create mode 100644 net/rubygem-google-cloud-spanner-admin-instance-v1/pkg-descr
 create mode 100644 net/rubygem-google-cloud-spanner-v1/Makefile
 create mode 100644 net/rubygem-google-cloud-spanner-v1/distinfo
 create mode 100644 net/rubygem-google-cloud-spanner-v1/pkg-descr
 create mode 100644 www/rt50/files/patch-sbin_rt-test-dependencies.in
=============================
HardenedBSD Master git Server
=============================

Please note that connections and activity to this server are logged.
This server, git-01.md.hardenedbsd.org, acts as the source-of-truth
server for the HardenedBSD repositories.

Banner last updated: 10 Feb 2020 09:32 EST

remote: To github.com:HardenedBSD/hardenedbsd-ports.git        
remote:    9d7ec378ff9a..48fd08740a75  master -> master        
remote:    361f58aada4a..9d7ec378ff9a  github/master -> github/master        
remote:  ! [remote rejected]           refs/pull/10/head -> refs/pull/10/head (deny updating a hidden ref)
remote:  ! [remote rejected]           refs/pull/11/head -> refs/pull/11/head (deny updating a hidden ref)
remote:  ! [remote rejected]           refs/pull/2/head -> refs/pull/2/head (deny updating a hidden ref)
remote:  ! [remote rejected]           refs/pull/9/head -> refs/pull/9/head (deny updating a hidden ref)        
remote: error: failed to push some refs to 'github.com:HardenedBSD/hardenedbsd-ports.git'        
remote: . Processing 1 references        
remote: Processed 1 references in total        
To git-01.md.hardenedbsd.org:HardenedBSD/hardenedbsd-ports.git
   9d7ec378ff9a..48fd08740a75  master -> master
==== END: master ====
