==== BEGIN: master ====
current branch: master
mergeable branch: github/master
==== change branch ====
Already on 'master'
Your branch is up to date with 'origin/master'.
==== show current branch ====
* master
==== check for stale changes ====
==== update to latest origin ====
=============================
HardenedBSD Master git Server
=============================

Please note that connections and activity to this server are logged.
This server, git-01.md.hardenedbsd.org, acts as the source-of-truth
server for the HardenedBSD repositories.

Banner last updated: 10 Feb 2020 09:32 EST

Already up to date.
==== merge branches ====
==== merge github/master branch ====
Updating 96321b9ddd26..e61d9306f407
Fast-forward
 devel/cpputest/Makefile                            |   6 +-
 devel/cpputest/distinfo                            |   4 +-
 devel/cpputest/pkg-plist                           |   9 +
 mail/exim/Makefile                                 |   8 +-
 mail/exim/distinfo                                 |   6 +-
 ...x-result-for-case-of-only-non-spf-TXT-RRs.patch |  34 ---
 ...or-logging-for-dynamically-loaded-modules.patch |  70 -----
 ...-auth-fix-the-increase-of-big_buffer-size.patch | 116 --------
 .../files/74_22-Taint-hybrid-checking-mode.patch   | 330 ---------------------
 .../74_23-Fix-taint-hybrid-checking-on-BSD.patch   |  83 ------
 ...-binary-built-for-modern-Linux-handle-err.patch |  70 -----
 .../74_25-Taint-slow-mode-checking-only.patch      | 127 --------
 ...uths-fix-cyrus-sasl-driver-for-gssapi-use.patch |  50 ----
 ...27-GnuTLS-fix-hanging-callout-connections.patch |  70 -----
 mail/exim/files/POST-INSTALL-NOTES                 |   6 +
 mail/exim/files/POST-INSTALL-NOTES.clamd           |   6 +
 mail/exim/files/patch-src-auths-call_radius.c      |  76 ++---
 multimedia/mkvtoolnix/Makefile                     |   8 +-
 multimedia/mkvtoolnix/distinfo                     |   6 +-
 19 files changed, 81 insertions(+), 1004 deletions(-)
 delete mode 100644 mail/exim/files/74_19-SPF-fix-result-for-case-of-only-non-spf-TXT-RRs.patch
 delete mode 100644 mail/exim/files/74_20-Fix-error-logging-for-dynamically-loaded-modules.patch
 delete mode 100644 mail/exim/files/74_21-heimdal-auth-fix-the-increase-of-big_buffer-size.patch
 delete mode 100644 mail/exim/files/74_22-Taint-hybrid-checking-mode.patch
 delete mode 100644 mail/exim/files/74_23-Fix-taint-hybrid-checking-on-BSD.patch
 delete mode 100644 mail/exim/files/74_24-TFO-even-in-binary-built-for-modern-Linux-handle-err.patch
 delete mode 100644 mail/exim/files/74_25-Taint-slow-mode-checking-only.patch
 delete mode 100644 mail/exim/files/74_26-Auths-fix-cyrus-sasl-driver-for-gssapi-use.patch
 delete mode 100644 mail/exim/files/74_27-GnuTLS-fix-hanging-callout-connections.patch
=============================
HardenedBSD Master git Server
=============================

Please note that connections and activity to this server are logged.
This server, git-01.md.hardenedbsd.org, acts as the source-of-truth
server for the HardenedBSD repositories.

Banner last updated: 10 Feb 2020 09:32 EST

remote: From github.com:HardenedBSD/hardenedbsd-ports        
remote:    19fff4d0a7c0..e61d9306f407  master     -> github/master        
remote: To github.com:HardenedBSD/hardenedbsd-ports.git        
remote:  ! [rejected]                  master -> master (atomic push failed)        
remote:  ! [rejected]                  github/master -> github/master (atomic push failed)        
remote:  ! [remote rejected]           refs/pull/2/head -> refs/pull/2/head (deny updating a hidden ref)        
remote: error: failed to push some refs to 'git@github.com:HardenedBSD/hardenedbsd-ports.git'        
To git-01.md.hardenedbsd.org:HardenedBSD/hardenedbsd-ports.git
   96321b9ddd26..e61d9306f407  master -> master
==== END: master ====
==== BEGIN: master ====
current branch: master
mergeable branch: freebsd/master
==== change branch ====
Already on 'master'
Your branch is up to date with 'origin/master'.
==== show current branch ====
* master
==== check for stale changes ====
==== update to latest origin ====
=============================
HardenedBSD Master git Server
=============================

Please note that connections and activity to this server are logged.
This server, git-01.md.hardenedbsd.org, acts as the source-of-truth
server for the HardenedBSD repositories.

Banner last updated: 10 Feb 2020 09:32 EST

Already up to date.
==== merge branches ====
==== merge freebsd/master branch ====
Auto-merging security/lasso/Makefile
Removing graphics/libdrm/files/patch-xf86drmMode.c
Removing graphics/libdrm/files/patch-xf86drm.h
Removing graphics/libdrm/files/patch-xf86drm.c
Removing graphics/libdrm/files/patch-meson.build
Removing graphics/libdrm/files/extra-xf86drm.c
Auto-merging Mk/bsd.sites.mk
Merge made by the 'recursive' strategy.
 Mk/bsd.gcc.mk                             |   4 +-
 Mk/bsd.sites.mk                           |  27 +-
 graphics/libdrm/Makefile                  |  31 +-
 graphics/libdrm/distinfo                  |   6 +-
 graphics/libdrm/files/extra-xf86drm.c     |  19 -
 graphics/libdrm/files/patch-meson.build   |  23 -
 graphics/libdrm/files/patch-xf86drm.c     | 749 ------------------------------
 graphics/libdrm/files/patch-xf86drm.h     |  36 --
 graphics/libdrm/files/patch-xf86drmMode.c | 100 ----
 graphics/libdrm/pkg-plist                 |  11 +-
 lang/perl5.28/distinfo                    |   6 +-
 lang/perl5.28/pkg-plist                   |   2 +
 lang/perl5.28/version.mk                  |   2 +-
 lang/perl5.30/distinfo                    |   6 +-
 lang/perl5.30/pkg-plist                   |   2 +
 lang/perl5.30/version.mk                  |   2 +-
 security/lasso/Makefile                   |   5 +-
 security/lasso/pkg-descr                  |   2 +-
 www/nginx/Makefile.extmod                 |   2 +-
 www/nginx/distinfo                        |   6 +-
 x11/Makefile                              |   1 +
 x11/jgmenu/Makefile                       |  62 +++
 x11/jgmenu/distinfo                       |   3 +
 x11/jgmenu/pkg-descr                      |   4 +
 x11/jgmenu/pkg-plist                      |  26 ++
 25 files changed, 162 insertions(+), 975 deletions(-)
 delete mode 100644 graphics/libdrm/files/extra-xf86drm.c
 delete mode 100644 graphics/libdrm/files/patch-meson.build
 delete mode 100644 graphics/libdrm/files/patch-xf86drm.c
 delete mode 100644 graphics/libdrm/files/patch-xf86drm.h
 delete mode 100644 graphics/libdrm/files/patch-xf86drmMode.c
 create mode 100644 x11/jgmenu/Makefile
 create mode 100644 x11/jgmenu/distinfo
 create mode 100644 x11/jgmenu/pkg-descr
 create mode 100644 x11/jgmenu/pkg-plist
=============================
HardenedBSD Master git Server
=============================

Please note that connections and activity to this server are logged.
This server, git-01.md.hardenedbsd.org, acts as the source-of-truth
server for the HardenedBSD repositories.

Banner last updated: 10 Feb 2020 09:32 EST

remote: To github.com:HardenedBSD/hardenedbsd-ports.git        
remote:  ! [rejected]                  master -> master (atomic push failed)        
remote:  ! [rejected]                  github/master -> github/master (atomic push failed)        
remote:  ! [remote rejected]           refs/pull/2/head -> refs/pull/2/head (deny updating a hidden ref)        
remote: error: failed to push some refs to 'git@github.com:HardenedBSD/hardenedbsd-ports.git'        
To git-01.md.hardenedbsd.org:HardenedBSD/hardenedbsd-ports.git
   e61d9306f407..3642aabe4ee4  master -> master
==== END: master ====
