==== BEGIN: master ====
current branch: master
mergeable branch: github/master
==== change branch ====
Already on 'master'
Your branch is up to date with 'origin/master'.
==== show current branch ====
* master
==== check for stale changes ====
==== update to latest origin ====
warning: Pulling without specifying how to reconcile divergent branches is
discouraged. You can squelch this message by running one of the following
commands sometime before your next pull:

  git config pull.rebase false  # merge (the default strategy)
  git config pull.rebase true   # rebase
  git config pull.ff only       # fast-forward only

You can replace "git config" with "git config --global" to set a default
preference for all repositories. You can also pass --rebase, --no-rebase,
or --ff-only on the command line to override the configured default per
invocation.

=============================
HardenedBSD Master git Server
=============================

Please note that connections and activity to this server are logged.
This server, git-01.md.hardenedbsd.org, acts as the source-of-truth
server for the HardenedBSD repositories.

Banner last updated: 10 Feb 2020 09:32 EST

Already up to date.
==== merge branches ====
==== merge github/master branch ====
Already up to date.
=============================
HardenedBSD Master git Server
=============================

Please note that connections and activity to this server are logged.
This server, git-01.md.hardenedbsd.org, acts as the source-of-truth
server for the HardenedBSD repositories.

Banner last updated: 10 Feb 2020 09:32 EST

Everything up-to-date
==== END: master ====
==== BEGIN: master ====
current branch: master
mergeable branch: freebsd/master
==== change branch ====
Already on 'master'
Your branch is up to date with 'origin/master'.
==== show current branch ====
* master
==== check for stale changes ====
==== update to latest origin ====
warning: Pulling without specifying how to reconcile divergent branches is
discouraged. You can squelch this message by running one of the following
commands sometime before your next pull:

  git config pull.rebase false  # merge (the default strategy)
  git config pull.rebase true   # rebase
  git config pull.ff only       # fast-forward only

You can replace "git config" with "git config --global" to set a default
preference for all repositories. You can also pass --rebase, --no-rebase,
or --ff-only on the command line to override the configured default per
invocation.

=============================
HardenedBSD Master git Server
=============================

Please note that connections and activity to this server are logged.
This server, git-01.md.hardenedbsd.org, acts as the source-of-truth
server for the HardenedBSD repositories.

Banner last updated: 10 Feb 2020 09:32 EST

Already up to date.
==== merge branches ====
==== merge freebsd/master branch ====
Auto-merging devel/git/Makefile
Merge made by the 'recursive' strategy.
 comms/predict/Makefile                             |    4 +-
 comms/predict/files/predict.h                      |    2 +-
 comms/predict/files/vocalizer.h                    |    2 +-
 devel/catch/Makefile                               |    2 +-
 devel/catch/distinfo                               |    6 +-
 devel/git/Makefile                                 |    7 +-
 devel/liblnk/Makefile                              |    2 +-
 devel/liblnk/distinfo                              |    6 +-
 devel/libolecf/Makefile                            |    2 +-
 devel/libolecf/distinfo                            |    6 +-
 devel/nspr/files/patch-pr_include_md___freebsd.cfg |   16 +
 devel/sonarqube-community/Makefile                 |   42 +-
 devel/sonarqube-community/distinfo                 |   26 +-
 devel/sonarqube-community/pkg-plist                | 3059 ++++++++++----------
 graphics/libosmesa/Makefile                        |    1 +
 graphics/mesa-dri/Makefile                         |    5 +-
 graphics/mesa-dri/Makefile.common                  |    2 +-
 graphics/mesa-dri/pkg-plist                        |    1 +
 graphics/mesa-gallium-va/Makefile                  |    1 +
 graphics/mesa-gallium-vdpau/Makefile               |    1 +
 graphics/mesa-gallium-xa/Makefile                  |    1 +
 graphics/mesa-libs/Makefile                        |    1 +
 lang/clover/Makefile                               |    1 +
 net-mgmt/cacti-spine/Makefile                      |    2 +-
 net-mgmt/cacti-spine/distinfo                      |    6 +-
 net/croc/Makefile                                  |   12 +-
 net/croc/distinfo                                  |   26 +-
 security/nss/Makefile                              |    3 +-
 security/nss/files/patch-coreconf_FreeBSD.mk       |    2 +-
 security/py-dfdatetime/Makefile                    |    6 +-
 security/py-dfdatetime/distinfo                    |    6 +-
 security/py-dfvfs/Makefile                         |    3 +-
 security/py-dfvfs/distinfo                         |    6 +-
 security/py-dfwinreg/Makefile                      |    5 +-
 security/py-dfwinreg/distinfo                      |    6 +-
 security/py-plaso/Makefile                         |    2 +-
 security/py-plaso/distinfo                         |    6 +-
 sysutils/iocage-devel/Makefile                     |    4 +-
 sysutils/iocage/Makefile                           |    4 +-
 textproc/re-flex/Makefile                          |    2 +-
 textproc/re-flex/distinfo                          |    6 +-
 www/nextcloud-appointments/Makefile                |    2 +-
 www/nextcloud-appointments/distinfo                |    6 +-
 43 files changed, 1637 insertions(+), 1674 deletions(-)
 create mode 100644 devel/nspr/files/patch-pr_include_md___freebsd.cfg
=============================
HardenedBSD Master git Server
=============================

Please note that connections and activity to this server are logged.
This server, git-01.md.hardenedbsd.org, acts as the source-of-truth
server for the HardenedBSD repositories.

Banner last updated: 10 Feb 2020 09:32 EST

remote: To github.com:HardenedBSD/hardenedbsd-ports.git        
remote:    752e91380c9f..54f92486a6e4  master -> master        
remote:    ecf2fc3efeb2..752e91380c9f  github/master -> github/master        
remote:  ! [remote rejected]           refs/pull/10/head -> refs/pull/10/head (deny updating a hidden ref)        
remote:  ! [remote rejected]           refs/pull/11/head -> refs/pull/11/head (deny updating a hidden ref)        
remote:  ! [remote rejected]           refs/pull/12/head -> refs/pull/12/head (deny updating a hidden ref)        
remote:  ! [remote rejected]           refs/pull/2/head -> refs/pull/2/head (deny updating a hidden ref)        
remote:  ! [remote rejected]           refs/pull/9/head -> refs/pull/9/head (deny updating a hidden ref)        
remote: error: failed to push some refs to 'github.com:HardenedBSD/hardenedbsd-ports.git'        
remote: . Processing 1 references        
remote: Processed 1 references in total        
To git-01.md.hardenedbsd.org:HardenedBSD/hardenedbsd-ports.git
   752e91380c9f..54f92486a6e4  master -> master
==== END: master ====
