==== BEGIN: master ====
current branch: master
mergeable branch: github/master
==== change branch ====
Already on 'master'
Your branch is up to date with 'origin/master'.
==== show current branch ====
* master
==== check for stale changes ====
==== update to latest origin ====
warning: Pulling without specifying how to reconcile divergent branches is
discouraged. You can squelch this message by running one of the following
commands sometime before your next pull:

  git config pull.rebase false  # merge (the default strategy)
  git config pull.rebase true   # rebase
  git config pull.ff only       # fast-forward only

You can replace "git config" with "git config --global" to set a default
preference for all repositories. You can also pass --rebase, --no-rebase,
or --ff-only on the command line to override the configured default per
invocation.

=============================
HardenedBSD Master git Server
=============================

Please note that connections and activity to this server are logged.
This server, git-01.md.hardenedbsd.org, acts as the source-of-truth
server for the HardenedBSD repositories.

Banner last updated: 10 Feb 2020 09:32 EST

Already up to date.
==== merge branches ====
==== merge github/master branch ====
Already up to date.
=============================
HardenedBSD Master git Server
=============================

Please note that connections and activity to this server are logged.
This server, git-01.md.hardenedbsd.org, acts as the source-of-truth
server for the HardenedBSD repositories.

Banner last updated: 10 Feb 2020 09:32 EST

Everything up-to-date
==== END: master ====
==== BEGIN: master ====
current branch: master
mergeable branch: freebsd/master
==== change branch ====
Already on 'master'
Your branch is up to date with 'origin/master'.
==== show current branch ====
* master
==== check for stale changes ====
==== update to latest origin ====
warning: Pulling without specifying how to reconcile divergent branches is
discouraged. You can squelch this message by running one of the following
commands sometime before your next pull:

  git config pull.rebase false  # merge (the default strategy)
  git config pull.rebase true   # rebase
  git config pull.ff only       # fast-forward only

You can replace "git config" with "git config --global" to set a default
preference for all repositories. You can also pass --rebase, --no-rebase,
or --ff-only on the command line to override the configured default per
invocation.

=============================
HardenedBSD Master git Server
=============================

Please note that connections and activity to this server are logged.
This server, git-01.md.hardenedbsd.org, acts as the source-of-truth
server for the HardenedBSD repositories.

Banner last updated: 10 Feb 2020 09:32 EST

Already up to date.
==== merge branches ====
==== merge freebsd/master branch ====
Auto-merging multimedia/ffmpeg/Makefile
Merge made by the 'recursive' strategy.
 astro/gpsbabel/Makefile                        |  8 ++--
 devel/fp16/Makefile                            |  4 +-
 devel/fp16/distinfo                            |  6 +--
 devel/jenkins/Makefile                         |  2 +-
 devel/jenkins/distinfo                         |  6 +--
 devel/py-flynt/Makefile                        |  2 +-
 devel/py-flynt/distinfo                        |  6 +--
 devel/py-oci/Makefile                          |  2 +-
 devel/py-oci/distinfo                          |  6 +--
 games/powwow/Makefile                          |  3 +-
 games/rubygem-lolcat/Makefile                  |  2 +-
 irc/smuxi/Makefile                             |  2 +-
 math/or-tools/Makefile                         |  1 -
 misc/glow/Makefile                             | 19 +++++++---
 misc/glow/distinfo                             |  8 ++--
 misc/glow/files/patch-CMakeLists.txt           | 51 +++++++++++++++++++++++++-
 misc/glow/pkg-plist                            | 32 ++++++++++++++--
 misc/valentina/Makefile                        |  2 +-
 multimedia/ffmpeg/Makefile                     |  3 +-
 multimedia/ffmpeg/distinfo                     |  4 +-
 multimedia/gstreamer1-plugins-svt-vp9/Makefile |  2 +-
 multimedia/gstreamer1-plugins-svt-vp9/distinfo |  6 +--
 multimedia/shotcut/Makefile                    |  2 +-
 multimedia/shotcut/distinfo                    |  6 +--
 multimedia/svt-vp9/Makefile                    |  2 +-
 multimedia/svt-vp9/distinfo                    |  6 +--
 net-mgmt/flow-tools/Makefile                   | 41 ++++++++++++---------
 net/libdaq/Makefile                            |  6 ++-
 net/libdaq/distinfo                            |  6 +--
 science/afni/Makefile                          |  2 +-
 science/afni/distinfo                          |  6 +--
 science/afni/files/patch-Makefile.INCLUDE      |  8 ++--
 security/snort3/Makefile                       |  2 +-
 security/snort3/distinfo                       |  6 +--
 security/snort3/pkg-plist                      |  1 +
 sysutils/mate-settings-daemon/Makefile         |  2 +-
 sysutils/mate-settings-daemon/pkg-descr        |  2 +-
 sysutils/tmate-ssh-server/Makefile             |  2 +-
 textproc/Makefile                              |  2 +-
 39 files changed, 184 insertions(+), 95 deletions(-)
=============================
HardenedBSD Master git Server
=============================

Please note that connections and activity to this server are logged.
This server, git-01.md.hardenedbsd.org, acts as the source-of-truth
server for the HardenedBSD repositories.

Banner last updated: 10 Feb 2020 09:32 EST

remote: To github.com:HardenedBSD/hardenedbsd-ports.git        
remote:    3c62f0c2bf3b..f70fcf129be4  master -> master        
remote:    05a9ba146e17..3c62f0c2bf3b  github/master -> github/master
remote:  ! [remote rejected]           refs/pull/2/head -> refs/pull/2/head (deny updating a hidden ref)        
remote: error: failed to push some refs to 'github.com:HardenedBSD/hardenedbsd-ports.git'        
To git-01.md.hardenedbsd.org:HardenedBSD/hardenedbsd-ports.git
   3c62f0c2bf3b..f70fcf129be4  master -> master
==== END: master ====
