==== BEGIN: master ====
current branch: master
mergeable branch: github/master
==== change branch ====
Already on 'master'
Your branch is up to date with 'origin/master'.
==== show current branch ====
* master
==== check for stale changes ====
==== update to latest origin ====
warning: Pulling without specifying how to reconcile divergent branches is
discouraged. You can squelch this message by running one of the following
commands sometime before your next pull:

  git config pull.rebase false  # merge (the default strategy)
  git config pull.rebase true   # rebase
  git config pull.ff only       # fast-forward only

You can replace "git config" with "git config --global" to set a default
preference for all repositories. You can also pass --rebase, --no-rebase,
or --ff-only on the command line to override the configured default per
invocation.

=============================
HardenedBSD Master git Server
=============================

Please note that connections and activity to this server are logged.
This server, git-01.md.hardenedbsd.org, acts as the source-of-truth
server for the HardenedBSD repositories.

Banner last updated: 10 Feb 2020 09:32 EST

Already up to date.
==== merge branches ====
==== merge github/master branch ====
Already up to date.
=============================
HardenedBSD Master git Server
=============================

Please note that connections and activity to this server are logged.
This server, git-01.md.hardenedbsd.org, acts as the source-of-truth
server for the HardenedBSD repositories.

Banner last updated: 10 Feb 2020 09:32 EST

Everything up-to-date
==== END: master ====
==== BEGIN: master ====
current branch: master
mergeable branch: freebsd/master
==== change branch ====
Already on 'master'
Your branch is up to date with 'origin/master'.
==== show current branch ====
* master
==== check for stale changes ====
==== update to latest origin ====
warning: Pulling without specifying how to reconcile divergent branches is
discouraged. You can squelch this message by running one of the following
commands sometime before your next pull:

  git config pull.rebase false  # merge (the default strategy)
  git config pull.rebase true   # rebase
  git config pull.ff only       # fast-forward only

You can replace "git config" with "git config --global" to set a default
preference for all repositories. You can also pass --rebase, --no-rebase,
or --ff-only on the command line to override the configured default per
invocation.

=============================
HardenedBSD Master git Server
=============================

Please note that connections and activity to this server are logged.
This server, git-01.md.hardenedbsd.org, acts as the source-of-truth
server for the HardenedBSD repositories.

Banner last updated: 10 Feb 2020 09:32 EST

Already up to date.
==== merge branches ====
==== merge freebsd/master branch ====
Removing security/vault/files/patch-gopsutil_aarch64
Auto-merging multimedia/ffmpeg/Makefile
Auto-merging dns/powerdns-recursor/Makefile
Merge made by the 'recursive' strategy.
 accessibility/redshift/Makefile                    |   2 +-
 databases/py-aiosqlite/Makefile                    |   2 +-
 databases/py-aiosqlite/distinfo                    |   6 +-
 devel/Makefile                                     |   1 +
 devel/gh/Makefile                                  |  20 +-
 devel/gh/distinfo                                  |  22 +-
 devel/golangci-lint/Makefile                       |  17 +-
 devel/golangci-lint/distinfo                       |  32 +-
 devel/jetbrains-phpstorm/Makefile                  |   4 +-
 devel/jetbrains-phpstorm/distinfo                  |   6 +-
 devel/py-identify/Makefile                         |   2 +-
 devel/py-identify/distinfo                         |   6 +-
 devel/py-mac-vendor-lookup/Makefile                |  23 ++
 devel/py-mac-vendor-lookup/distinfo                |   3 +
 devel/py-mac-vendor-lookup/files/patch-setup.py    |  10 +
 devel/py-mac-vendor-lookup/pkg-descr               |   6 +
 dns/powerdns-recursor/Makefile                     |  18 +-
 dns/powerdns-recursor/distinfo                     |   6 +-
 editors/micro/Makefile                             |   2 +-
 french/py-grammalecte-fr/Makefile                  |   2 +-
 french/py-grammalecte-fr/distinfo                  |   6 +-
 games/burrtools/Makefile                           |  10 +-
 games/burrtools/files/burricons.png.uu             | 133 +++++++
 games/minecraft-server/distinfo                    |   6 +-
 lang/intel-compute-runtime/files/patch-max_freq    |   4 +-
 mail/py-postfix-mta-sts-resolver/Makefile          |   2 +-
 mail/py-postfix-mta-sts-resolver/distinfo          |   6 +-
 multimedia/ffmpeg/Makefile                         |  31 +-
 multimedia/ffmpeg/distinfo                         |   4 +-
 net-im/tut/Makefile                                |   2 +-
 net-im/tut/distinfo                                |   6 +-
 net-p2p/transmission-daemon/pkg-descr              |   6 +-
 net-p2p/transmission-utils/pkg-descr               |   2 +-
 net/google-cloud-sdk/Makefile                      |   2 +-
 net/google-cloud-sdk/distinfo                      |   6 +-
 net/rubygem-net-ping/Makefile                      |   2 +-
 net/rubygem-net-ping/distinfo                      |   6 +-
 .../ktls_isa-l_crypto-kmod/files/intelisa_kern.c   |   8 +
 security/vault/Makefile                            |   2 +-
 security/vault/distinfo                            |  10 +-
 security/vault/files/patch-gopsutil_aarch64        | 407 ---------------------
 sysutils/password-store/Makefile                   |  11 +-
 .../files/extra-patch-wayland-copy-paste.diff      | 110 ++++++
 www/annie/Makefile                                 |   2 +-
 www/annie/distinfo                                 |   6 +-
 www/oneshot/Makefile                               |   7 +-
 www/oneshot/distinfo                               |   8 +-
 x11-fonts/py-QtAwesome/Makefile                    |   4 +-
 x11-fonts/py-QtAwesome/distinfo                    |   6 +-
 x11-fonts/victor-mono-ttf/Makefile                 |   2 +-
 x11-fonts/victor-mono-ttf/distinfo                 |   6 +-
 x11/xlockmore/Makefile                             |   4 +-
 x11/xlockmore/distinfo                             |   6 +-
 53 files changed, 465 insertions(+), 558 deletions(-)
 create mode 100644 devel/py-mac-vendor-lookup/Makefile
 create mode 100644 devel/py-mac-vendor-lookup/distinfo
 create mode 100644 devel/py-mac-vendor-lookup/files/patch-setup.py
 create mode 100644 devel/py-mac-vendor-lookup/pkg-descr
 create mode 100644 games/burrtools/files/burricons.png.uu
 delete mode 100644 security/vault/files/patch-gopsutil_aarch64
 create mode 100644 sysutils/password-store/files/extra-patch-wayland-copy-paste.diff
=============================
HardenedBSD Master git Server
=============================

Please note that connections and activity to this server are logged.
This server, git-01.md.hardenedbsd.org, acts as the source-of-truth
server for the HardenedBSD repositories.

Banner last updated: 10 Feb 2020 09:32 EST

remote: To github.com:HardenedBSD/hardenedbsd-ports.git        
remote:    29bfa4c6a4a4..4f5af2f9224f  master -> master        
remote:    e9dcb58a87ac..29bfa4c6a4a4  github/master -> github/master        
remote:  ! [remote rejected]           refs/pull/2/head -> refs/pull/2/head (deny updating a hidden ref)        
remote: error: failed to push some refs to 'github.com:HardenedBSD/hardenedbsd-ports.git'        
To git-01.md.hardenedbsd.org:HardenedBSD/hardenedbsd-ports.git
   29bfa4c6a4a4..4f5af2f9224f  master -> master
==== END: master ====
