==== BEGIN: master ====
current branch: master
mergeable branch: github/master
==== change branch ====
Already on 'master'
Your branch is up to date with 'origin/master'.
==== show current branch ====
* master
==== check for stale changes ====
==== update to latest origin ====
warning: Pulling without specifying how to reconcile divergent branches is
discouraged. You can squelch this message by running one of the following
commands sometime before your next pull:

  git config pull.rebase false  # merge (the default strategy)
  git config pull.rebase true   # rebase
  git config pull.ff only       # fast-forward only

You can replace "git config" with "git config --global" to set a default
preference for all repositories. You can also pass --rebase, --no-rebase,
or --ff-only on the command line to override the configured default per
invocation.

=============================
HardenedBSD Master git Server
=============================

Please note that connections and activity to this server are logged.
This server, git-01.md.hardenedbsd.org, acts as the source-of-truth
server for the HardenedBSD repositories.

Banner last updated: 10 Feb 2020 09:32 EST

Already up to date.
==== merge branches ====
==== merge github/master branch ====
Already up to date.
=============================
HardenedBSD Master git Server
=============================

Please note that connections and activity to this server are logged.
This server, git-01.md.hardenedbsd.org, acts as the source-of-truth
server for the HardenedBSD repositories.

Banner last updated: 10 Feb 2020 09:32 EST

Everything up-to-date
==== END: master ====
==== BEGIN: master ====
current branch: master
mergeable branch: freebsd/master
==== change branch ====
Already on 'master'
Your branch is up to date with 'origin/master'.
==== show current branch ====
* master
==== check for stale changes ====
==== update to latest origin ====
warning: Pulling without specifying how to reconcile divergent branches is
discouraged. You can squelch this message by running one of the following
commands sometime before your next pull:

  git config pull.rebase false  # merge (the default strategy)
  git config pull.rebase true   # rebase
  git config pull.ff only       # fast-forward only

You can replace "git config" with "git config --global" to set a default
preference for all repositories. You can also pass --rebase, --no-rebase,
or --ff-only on the command line to override the configured default per
invocation.

=============================
HardenedBSD Master git Server
=============================

Please note that connections and activity to this server are logged.
This server, git-01.md.hardenedbsd.org, acts as the source-of-truth
server for the HardenedBSD repositories.

Banner last updated: 10 Feb 2020 09:32 EST

Already up to date.
==== merge branches ====
==== merge freebsd/master branch ====
Auto-merging www/chromium/Makefile
Auto-merging multimedia/mpv/Makefile
Auto-merging multimedia/ffmpeg/Makefile
Removing audio/sndio/files/patch-libsndio_Makefile.in
Auto-merging audio/madplay/Makefile
Removing audio/aucatctl/pkg-descr
Removing audio/aucatctl/files/patch-aucatctl.c
Removing audio/aucatctl/distinfo
Removing audio/aucatctl/Makefile
Merge made by the 'recursive' strategy.
 MOVED                                        |  1 +
 audio/Makefile                               |  1 -
 audio/alsa-sndio/Makefile                    |  1 +
 audio/aqualung/Makefile                      |  2 +-
 audio/aucatctl/Makefile                      | 30 ------------
 audio/aucatctl/distinfo                      |  3 --
 audio/aucatctl/files/patch-aucatctl.c        | 10 ----
 audio/aucatctl/pkg-descr                     |  4 --
 audio/cava/Makefile                          |  1 +
 audio/cmus/Makefile                          |  2 +-
 audio/fluidsynth/Makefile                    |  1 +
 audio/gstreamer-plugins-sndio/Makefile       |  1 +
 audio/gstreamer1-plugins-sndio/Makefile      |  1 +
 audio/jack/Makefile                          |  2 +-
 audio/libao/Makefile                         |  2 +-
 audio/lmms/Makefile                          |  1 +
 audio/madplay/Makefile                       |  2 +-
 audio/mio2jack/Makefile                      |  1 +
 audio/mous/Makefile                          |  2 +-
 audio/mpg123/Makefile                        |  1 +
 audio/musicpd/Makefile                       |  1 +
 audio/openal-soft/Makefile                   |  2 +-
 audio/portaudio/Makefile                     |  2 +-
 audio/pulseaudio-module-sndio/Makefile       |  1 +
 audio/rsynth/Makefile                        |  2 +-
 audio/shairport-sync/Makefile                |  2 +-
 audio/siren/Makefile                         |  2 +-
 audio/sndio/Makefile                         | 12 ++---
 audio/sndio/distinfo                         |  6 +--
 audio/sndio/files/patch-libsndio_Makefile.in | 13 -----
 audio/sndio/files/sndiod.in                  |  1 -
 audio/sndio/pkg-plist                        | 71 ++++++++++++++++------------
 audio/sox/Makefile                           |  2 +-
 audio/spectrogram/Makefile                   |  1 +
 audio/xmp/Makefile                           |  2 +-
 databases/Makefile                           |  2 +-
 devel/R-cran-pillar/Makefile                 |  4 +-
 devel/R-cran-pillar/distinfo                 |  6 +--
 devel/allegro/Makefile                       |  1 +
 devel/sdl12/Makefile                         |  2 +-
 devel/sdl20/Makefile                         |  1 +
 emulators/dolphin-emu/Makefile               |  1 +
 games/scummvm/Makefile                       |  1 +
 graphics/alembic/Makefile                    |  3 +-
 graphics/alembic/distinfo                    |  6 +--
 graphics/alembic/files/patch-CMakeLists.txt  | 31 ------------
 java/openjfx8-devel/Makefile                 |  2 +-
 math/Makefile                                |  2 +-
 multimedia/audacious-plugins/Makefile        |  1 +
 multimedia/ffmpeg/Makefile                   |  2 +-
 multimedia/kodi-devel/Makefile               |  2 +-
 multimedia/kodi/Makefile                     |  2 +-
 multimedia/libxine/Makefile                  |  2 +-
 multimedia/mencoder/Makefile                 |  2 +-
 multimedia/mplayer/Makefile                  |  2 +-
 multimedia/mpv/Makefile                      |  2 +-
 multimedia/musikcube/Makefile                |  1 +
 multimedia/vlc/Makefile                      |  2 +-
 net-mgmt/nrpe3/Makefile                      |  3 +-
 net-mgmt/nrpe3/pkg-descr                     |  2 +-
 security/libssh2/Makefile                    | 11 +++++
 sysutils/rsyslog8/Makefile                   |  2 +-
 sysutils/rsyslog8/distinfo                   |  6 +--
 www/chromium/Makefile                        |  1 +
 www/iridium/Makefile                         |  2 +-
 www/qt5-webengine/Makefile                   |  1 +
 x11-wm/e16/Makefile                          |  2 +-
 67 files changed, 124 insertions(+), 175 deletions(-)
 delete mode 100644 audio/aucatctl/Makefile
 delete mode 100644 audio/aucatctl/distinfo
 delete mode 100644 audio/aucatctl/files/patch-aucatctl.c
 delete mode 100644 audio/aucatctl/pkg-descr
 delete mode 100644 audio/sndio/files/patch-libsndio_Makefile.in
=============================
HardenedBSD Master git Server
=============================

Please note that connections and activity to this server are logged.
This server, git-01.md.hardenedbsd.org, acts as the source-of-truth
server for the HardenedBSD repositories.

Banner last updated: 10 Feb 2020 09:32 EST

remote: To github.com:HardenedBSD/hardenedbsd-ports.git        
remote:    e02d3e12aa36..0dc08b8ff5c9  master -> master        
remote:    7ff157f10e93..e02d3e12aa36  github/master -> github/master
remote:  ! [remote rejected]           refs/pull/2/head -> refs/pull/2/head (deny updating a hidden ref)
remote: error: failed to push some refs to 'github.com:HardenedBSD/hardenedbsd-ports.git'        
To git-01.md.hardenedbsd.org:HardenedBSD/hardenedbsd-ports.git
   e02d3e12aa36..0dc08b8ff5c9  master -> master
==== END: master ====
