==== BEGIN: master ====
current branch: master
mergeable branch: github/master
==== change branch ====
Already on 'master'
Your branch is up to date with 'origin/master'.
==== show current branch ====
* master
==== check for stale changes ====
==== update to latest origin ====
=============================
HardenedBSD Master git Server
=============================

Please note that connections and activity to this server are logged.
This server, git-01.md.hardenedbsd.org, acts as the source-of-truth
server for the HardenedBSD repositories.

Banner last updated: 10 Feb 2020 09:32 EST

Already up to date.
==== merge branches ====
==== merge github/master branch ====
Already up to date.
=============================
HardenedBSD Master git Server
=============================

Please note that connections and activity to this server are logged.
This server, git-01.md.hardenedbsd.org, acts as the source-of-truth
server for the HardenedBSD repositories.

Banner last updated: 10 Feb 2020 09:32 EST

Everything up-to-date
==== END: master ====
==== BEGIN: master ====
current branch: master
mergeable branch: freebsd/master
==== change branch ====
Already on 'master'
Your branch is up to date with 'origin/master'.
==== show current branch ====
* master
==== check for stale changes ====
==== update to latest origin ====
=============================
HardenedBSD Master git Server
=============================

Please note that connections and activity to this server are logged.
This server, git-01.md.hardenedbsd.org, acts as the source-of-truth
server for the HardenedBSD repositories.

Banner last updated: 10 Feb 2020 09:32 EST

Already up to date.
==== merge branches ====
==== merge freebsd/master branch ====
Removing www/minio/files/patch-vendor_golang.org_x_net_ipv6_zsys__freebsd__arm64.go
Removing www/minio/files/patch-vendor_golang.org_x_net_ipv4_zsys__freebsd__arm64.go
Removing net/pjsip-extsrtp/Makefile
Auto-merging net/asterisk13/Makefile
Merge made by the 'recursive' strategy.
 MOVED                                              |     3 +
 audio/libumidi/Makefile                            |     2 +-
 audio/libumidi/distinfo                            |     6 +-
 audio/midipp/Makefile                              |     4 +-
 audio/midipp/distinfo                              |     6 +-
 audio/midipp/pkg-descr                             |     1 +
 deskutils/ydotool/Makefile                         |     5 +-
 devel/Makefile                                     |     4 +-
 devel/{libevdevPlus => libevdevplus}/Makefile      |     3 +-
 devel/{libevdevPlus => libevdevplus}/distinfo      |     0
 devel/{libevdevPlus => libevdevplus}/pkg-descr     |     0
 devel/{libevdevPlus => libevdevplus}/pkg-plist     |     0
 devel/{libuInputPlus => libuinputplus}/Makefile    |     3 +-
 devel/{libuInputPlus => libuinputplus}/distinfo    |     0
 devel/{libuInputPlus => libuinputplus}/pkg-descr   |     0
 devel/{libuInputPlus => libuinputplus}/pkg-plist   |     0
 devel/py-pp/Makefile                               |     2 +
 devel/py-pp/pkg-descr                              |     2 +-
 math/py-matplotlib/Makefile                        |    33 +-
 math/py-matplotlib/files/patch-setup.cfg           |     6 +-
 net/Makefile                                       |     1 -
 net/asterisk13/Makefile                            |    26 +-
 net/asterisk13/distinfo                            |     4 +-
 .../files/patch-third-party_pjproject_Makefile     |    11 +
 .../patch-third-party_pjproject_Makefile.rules     |    11 +
 net/asterisk13/pkg-plist                           |     3 +
 net/asterisk16/Makefile                            |    26 +-
 net/asterisk16/distinfo                            |     4 +-
 .../files/patch-third-party_pjproject_Makefile     |    11 +
 .../patch-third-party_pjproject_Makefile.rules     |    11 +
 net/asterisk16/pkg-plist                           |     3 +
 net/pjsip-extsrtp/Makefile                         |    10 -
 science/p5-Geo-WebService-Elevation-USGS/Makefile  |     2 +-
 science/p5-Geo-WebService-Elevation-USGS/distinfo  |     6 +-
 security/p5-Dancer2-Plugin-Passphrase/Makefile     |     2 +-
 security/p5-Dancer2-Plugin-Passphrase/distinfo     |     6 +-
 sysutils/getssl/Makefile                           |     2 +-
 sysutils/getssl/distinfo                           |     6 +-
 sysutils/rshim-user-space/files/patch-configure.ac |    14 +
 textproc/py-pikepdf/Makefile                       |     2 +-
 textproc/py-pikepdf/distinfo                       |     6 +-
 www/Makefile                                       |     1 +
 www/bacula-web/Makefile                            |     2 +-
 www/dolibarr/Makefile                              |    36 +
 www/dolibarr/distinfo                              |     3 +
 www/dolibarr/files/pkg-message.in                  |    21 +
 www/dolibarr/pkg-descr                             |    13 +
 www/dolibarr/pkg-plist                             | 12934 +++++++++++++++++++
 www/drupal8/Makefile                               |     2 +-
 www/drupal8/distinfo                               |     6 +-
 www/drupal8/pkg-plist                              |    10 +
 ...r_golang.org_x_net_ipv4_zsys__freebsd__arm64.go |    96 -
 ...r_golang.org_x_net_ipv6_zsys__freebsd__arm64.go |   125 -
 www/py-boto3/Makefile                              |     6 +-
 www/py-boto3/distinfo                              |     6 +-
 www/py-django-markdownx/Makefile                   |    19 +-
 www/py-django-markdownx/distinfo                   |     6 +-
 x11/dmenu-wayland/Makefile                         |     1 +
 58 files changed, 13188 insertions(+), 346 deletions(-)
 rename devel/{libevdevPlus => libevdevplus}/Makefile (87%)
 rename devel/{libevdevPlus => libevdevplus}/distinfo (100%)
 rename devel/{libevdevPlus => libevdevplus}/pkg-descr (100%)
 rename devel/{libevdevPlus => libevdevplus}/pkg-plist (100%)
 rename devel/{libuInputPlus => libuinputplus}/Makefile (87%)
 rename devel/{libuInputPlus => libuinputplus}/distinfo (100%)
 rename devel/{libuInputPlus => libuinputplus}/pkg-descr (100%)
 rename devel/{libuInputPlus => libuinputplus}/pkg-plist (100%)
 create mode 100644 net/asterisk13/files/patch-third-party_pjproject_Makefile
 create mode 100644 net/asterisk13/files/patch-third-party_pjproject_Makefile.rules
 create mode 100644 net/asterisk16/files/patch-third-party_pjproject_Makefile
 create mode 100644 net/asterisk16/files/patch-third-party_pjproject_Makefile.rules
 delete mode 100644 net/pjsip-extsrtp/Makefile
 create mode 100644 sysutils/rshim-user-space/files/patch-configure.ac
 create mode 100644 www/dolibarr/Makefile
 create mode 100644 www/dolibarr/distinfo
 create mode 100644 www/dolibarr/files/pkg-message.in
 create mode 100644 www/dolibarr/pkg-descr
 create mode 100644 www/dolibarr/pkg-plist
 delete mode 100644 www/minio/files/patch-vendor_golang.org_x_net_ipv4_zsys__freebsd__arm64.go
 delete mode 100644 www/minio/files/patch-vendor_golang.org_x_net_ipv6_zsys__freebsd__arm64.go
=============================
HardenedBSD Master git Server
=============================

Please note that connections and activity to this server are logged.
This server, git-01.md.hardenedbsd.org, acts as the source-of-truth
server for the HardenedBSD repositories.

Banner last updated: 10 Feb 2020 09:32 EST

remote: From github.com:HardenedBSD/hardenedbsd-ports        
remote:    723022bdaaa6..e78605f071bb  master     -> github/master        
remote: To github.com:HardenedBSD/hardenedbsd-ports.git        
remote:  ! [rejected]                  master -> master (atomic push failed)        
remote:  ! [rejected]                  github/master -> github/master (atomic push failed)
remote:  ! [remote rejected]           refs/pull/2/head -> refs/pull/2/head (deny updating a hidden ref)
remote: error: failed to push some refs to 'git@github.com:HardenedBSD/hardenedbsd-ports.git'        
To git-01.md.hardenedbsd.org:HardenedBSD/hardenedbsd-ports.git
   e78605f071bb..fb35a0283139  master -> master
==== END: master ====
