==== BEGIN: master ====
current branch: master
mergeable branch: github/master
==== change branch ====
Already on 'master'
Your branch is up to date with 'origin/master'.
==== show current branch ====
* master
==== check for stale changes ====
==== update to latest origin ====
warning: Pulling without specifying how to reconcile divergent branches is
discouraged. You can squelch this message by running one of the following
commands sometime before your next pull:

  git config pull.rebase false  # merge (the default strategy)
  git config pull.rebase true   # rebase
  git config pull.ff only       # fast-forward only

You can replace "git config" with "git config --global" to set a default
preference for all repositories. You can also pass --rebase, --no-rebase,
or --ff-only on the command line to override the configured default per
invocation.

=============================
HardenedBSD Master git Server
=============================

Please note that connections and activity to this server are logged.
This server, git-01.md.hardenedbsd.org, acts as the source-of-truth
server for the HardenedBSD repositories.

Banner last updated: 10 Feb 2020 09:32 EST

Already up to date.
==== merge branches ====
==== merge github/master branch ====
Already up to date.
=============================
HardenedBSD Master git Server
=============================

Please note that connections and activity to this server are logged.
This server, git-01.md.hardenedbsd.org, acts as the source-of-truth
server for the HardenedBSD repositories.

Banner last updated: 10 Feb 2020 09:32 EST

Everything up-to-date
==== END: master ====
==== BEGIN: master ====
current branch: master
mergeable branch: freebsd/master
==== change branch ====
Already on 'master'
Your branch is up to date with 'origin/master'.
==== show current branch ====
* master
==== check for stale changes ====
==== update to latest origin ====
warning: Pulling without specifying how to reconcile divergent branches is
discouraged. You can squelch this message by running one of the following
commands sometime before your next pull:

  git config pull.rebase false  # merge (the default strategy)
  git config pull.rebase true   # rebase
  git config pull.ff only       # fast-forward only

You can replace "git config" with "git config --global" to set a default
preference for all repositories. You can also pass --rebase, --no-rebase,
or --ff-only on the command line to override the configured default per
invocation.

=============================
HardenedBSD Master git Server
=============================

Please note that connections and activity to this server are logged.
This server, git-01.md.hardenedbsd.org, acts as the source-of-truth
server for the HardenedBSD repositories.

Banner last updated: 10 Feb 2020 09:32 EST

Already up to date.
==== merge branches ====
==== merge freebsd/master branch ====
Auto-merging www/apache24/Makefile
Auto-merging mail/mutt/Makefile
Merge made by the 'recursive' strategy.
 Mk/Uses/apache.mk                                  |  6 +++++-
 audio/musicpd/Makefile                             |  3 +--
 audio/musicpd/distinfo                             |  6 +++---
 cad/ngspice_rework/Makefile                        |  2 +-
 comms/fldigi/Makefile                              |  2 +-
 comms/fldigi/distinfo                              |  6 +++---
 databases/mariadb104-server/Makefile               | 10 ++++++---
 databases/mariadb104-server/files/my.cnf.sample.in |  2 +-
 databases/mariadb104-server/files/mysql-server.in  | 21 +++++++++++++------
 .../mariadb104-server/files/server.cnf.sample.in   |  4 ++--
 devel/bmake/Makefile                               |  2 +-
 devel/bmake/distinfo                               |  6 +++---
 devel/libftdi1/Makefile                            | 24 ++++++++++++----------
 devel/libftdi1/distinfo                            |  6 +++---
 devel/libftdi1/files/patch-CMakeLists.txt          |  8 ++++----
 devel/libftdi1/files/patch-cmake__FindUSB1.cmake   | 10 ++++-----
 .../libftdi1/files/patch-examples__CMakeLists.txt  | 24 +++++++++++-----------
 devel/libftdi1/files/patch-test_CMakeLists.txt     | 14 ++++++-------
 devel/libftdi1/pkg-plist                           |  8 ++++----
 games/lolcat/Makefile                              |  3 ++-
 graphics/swappy/Makefile                           |  2 +-
 graphics/swappy/distinfo                           |  6 +++---
 mail/mutt/Makefile                                 |  2 +-
 mail/mutt/distinfo                                 |  6 +++---
 net/udpxy/Makefile                                 |  2 ++
 sysutils/rtsx-kmod/Makefile                        |  2 +-
 sysutils/rtsx-kmod/distinfo                        |  6 +++---
 www/apache24/Makefile                              |  1 +
 www/apache24/Makefile.options                      |  3 ++-
 www/apache24/Makefile.options.desc                 |  1 +
 30 files changed, 111 insertions(+), 87 deletions(-)
=============================
HardenedBSD Master git Server
=============================

Please note that connections and activity to this server are logged.
This server, git-01.md.hardenedbsd.org, acts as the source-of-truth
server for the HardenedBSD repositories.

Banner last updated: 10 Feb 2020 09:32 EST

remote: To github.com:HardenedBSD/hardenedbsd-ports.git        
remote:    0dc08b8ff5c9..f1960d587820  master -> master        
remote:    e02d3e12aa36..0dc08b8ff5c9  github/master -> github/master
remote:  ! [remote rejected]           refs/pull/2/head -> refs/pull/2/head (deny updating a hidden ref)        
remote: error: failed to push some refs to 'github.com:HardenedBSD/hardenedbsd-ports.git'        
To git-01.md.hardenedbsd.org:HardenedBSD/hardenedbsd-ports.git
   0dc08b8ff5c9..f1960d587820  master -> master
==== END: master ====
