==== BEGIN: master ====
current branch: master
mergeable branch: github/master
==== change branch ====
Already on 'master'
Your branch is up to date with 'origin/master'.
==== show current branch ====
* master
==== check for stale changes ====
==== update to latest origin ====
warning: Pulling without specifying how to reconcile divergent branches is
discouraged. You can squelch this message by running one of the following
commands sometime before your next pull:

  git config pull.rebase false  # merge (the default strategy)
  git config pull.rebase true   # rebase
  git config pull.ff only       # fast-forward only

You can replace "git config" with "git config --global" to set a default
preference for all repositories. You can also pass --rebase, --no-rebase,
or --ff-only on the command line to override the configured default per
invocation.

=============================
HardenedBSD Master git Server
=============================

Please note that connections and activity to this server are logged.
This server, git-01.md.hardenedbsd.org, acts as the source-of-truth
server for the HardenedBSD repositories.

Banner last updated: 10 Feb 2020 09:32 EST

Already up to date.
==== merge branches ====
==== merge github/master branch ====
Updating bcaca905ad7d..bed995a4e326
Fast-forward
=============================
HardenedBSD Master git Server
=============================

Please note that connections and activity to this server are logged.
This server, git-01.md.hardenedbsd.org, acts as the source-of-truth
server for the HardenedBSD repositories.

Banner last updated: 10 Feb 2020 09:32 EST

remote: From github.com:HardenedBSD/hardenedbsd-ports        
remote:    bcaca905ad7d..bed995a4e326  master     -> github/master        
remote: To github.com:HardenedBSD/hardenedbsd-ports.git        
remote:    6a1ddee72209..bed995a4e326  github/master -> github/master        
remote:  ! [remote rejected]           refs/pull/2/head -> refs/pull/2/head (deny updating a hidden ref)        
remote: error: failed to push some refs to 'github.com:HardenedBSD/hardenedbsd-ports.git'        
To git-01.md.hardenedbsd.org:HardenedBSD/hardenedbsd-ports.git
   bcaca905ad7d..bed995a4e326  master -> master
==== END: master ====
==== BEGIN: master ====
current branch: master
mergeable branch: freebsd/master
==== change branch ====
Already on 'master'
Your branch is up to date with 'origin/master'.
==== show current branch ====
* master
==== check for stale changes ====
==== update to latest origin ====
warning: Pulling without specifying how to reconcile divergent branches is
discouraged. You can squelch this message by running one of the following
commands sometime before your next pull:

  git config pull.rebase false  # merge (the default strategy)
  git config pull.rebase true   # rebase
  git config pull.ff only       # fast-forward only

You can replace "git config" with "git config --global" to set a default
preference for all repositories. You can also pass --rebase, --no-rebase,
or --ff-only on the command line to override the configured default per
invocation.

=============================
HardenedBSD Master git Server
=============================

Please note that connections and activity to this server are logged.
This server, git-01.md.hardenedbsd.org, acts as the source-of-truth
server for the HardenedBSD repositories.

Banner last updated: 10 Feb 2020 09:32 EST

Already up to date.
==== merge branches ====
==== merge freebsd/master branch ====
Auto-merging x11/dmenu/Makefile
Removing lang/ghc/files/patch-utils_iserv_ghc.mk
Auto-merging lang/ghc/Makefile
Auto-merging lang/gcc9-devel/Makefile
Merge made by the 'recursive' strategy.
 Templates/config.site                          |   4 +-
 databases/casstcl/Makefile                     |   2 +-
 databases/casstcl/distinfo                     |   6 +-
 devel/gettext-runtime/pkg-plist                |   2 +-
 devel/gettext-tools/pkg-plist                  |  32 ++-
 devel/gettext/Makefile.common                  |   2 +-
 devel/gettext/distinfo                         |   6 +-
 devel/libtextstyle/pkg-plist                   |   2 +-
 devel/pecl-ev/Makefile                         |   2 +-
 devel/pecl-ev/distinfo                         |   6 +-
 devel/py-pyshapelib/Makefile                   |   7 +-
 devel/py-pyshapelib/pkg-descr                  |   2 +-
 devel/universal-ctags/Makefile                 |   4 +-
 devel/universal-ctags/distinfo                 |   6 +-
 games/eduke32/Makefile                         |   2 +-
 games/eduke32/distinfo                         |   8 +-
 lang/gcc9-devel/Makefile                       |   2 +-
 lang/gcc9-devel/distinfo                       |   6 +-
 lang/ghc/Makefile                              |   3 +-
 lang/ghc/distinfo                              |   6 +-
 lang/ghc/files/patch-utils_iserv_ghc.mk        |  11 -
 mail/py-fuglu/Makefile                         |   2 +-
 multimedia/py-subliminal/Makefile              |   2 +-
 net/haproxy18/Makefile                         |   2 +-
 net/haproxy18/distinfo                         |   6 +-
 net/ip2location/Makefile                       |   1 +
 net/ip2location/files/patch-memleak            | 369 +++++++++++++++++++++++++
 net/ip2proxy/Makefile                          |   7 +-
 net/ip2proxy/distinfo                          |   6 +-
 security/vuxml/vuln.xml                        |  50 ++++
 textproc/fzf/Makefile                          |   2 +-
 textproc/fzf/distinfo                          |   6 +-
 textproc/fzf/files/patch-shell_completion.bash |  16 +-
 textproc/fzf/files/patch-shell_completion.zsh  |  20 +-
 textproc/re-flex/Makefile                      |   2 +-
 textproc/re-flex/distinfo                      |   6 +-
 www/py-django-photologue/Makefile              |   2 +-
 www/py-django-photologue/distinfo              |   6 +-
 www/py-django-sortedm2m/Makefile               |   2 +-
 www/py-django-sortedm2m/distinfo               |   6 +-
 www/tt-rss/Makefile                            |   4 +-
 www/tt-rss/distinfo                            |   6 +-
 www/typo3-10/Makefile                          |   2 +-
 www/typo3-10/distinfo                          |   6 +-
 www/typo3-9/Makefile                           |   2 +-
 www/typo3-9/distinfo                           |   6 +-
 x11-wm/bspwm/Makefile                          |   2 +-
 x11-wm/bspwm/distinfo                          |   6 +-
 x11/dmenu/Makefile                             |   1 +
 x11/libX11/Makefile                            |   5 +-
 x11/libX11/distinfo                            |   4 +-
 x11/sxhkd/Makefile                             |   2 +-
 x11/sxhkd/distinfo                             |   6 +-
 53 files changed, 563 insertions(+), 123 deletions(-)
 delete mode 100644 lang/ghc/files/patch-utils_iserv_ghc.mk
 create mode 100644 net/ip2location/files/patch-memleak
=============================
HardenedBSD Master git Server
=============================

Please note that connections and activity to this server are logged.
This server, git-01.md.hardenedbsd.org, acts as the source-of-truth
server for the HardenedBSD repositories.

Banner last updated: 10 Feb 2020 09:32 EST

remote: To github.com:HardenedBSD/hardenedbsd-ports.git        
remote:    bed995a4e326..df8f3c343ed4  master -> master
remote:  ! [remote rejected]           refs/pull/2/head -> refs/pull/2/head (deny updating a hidden ref)        
remote: error: failed to push some refs to 'github.com:HardenedBSD/hardenedbsd-ports.git'        
To git-01.md.hardenedbsd.org:HardenedBSD/hardenedbsd-ports.git
   bed995a4e326..df8f3c343ed4  master -> master
==== END: master ====
