==== BEGIN: master ====
current branch: master
mergeable branch: github/master
==== change branch ====
Already on 'master'
Your branch is up to date with 'origin/master'.
==== show current branch ====
* master
==== check for stale changes ====
==== update to latest origin ====
warning: Pulling without specifying how to reconcile divergent branches is
discouraged. You can squelch this message by running one of the following
commands sometime before your next pull:

  git config pull.rebase false  # merge (the default strategy)
  git config pull.rebase true   # rebase
  git config pull.ff only       # fast-forward only

You can replace "git config" with "git config --global" to set a default
preference for all repositories. You can also pass --rebase, --no-rebase,
or --ff-only on the command line to override the configured default per
invocation.

=============================
HardenedBSD Master git Server
=============================

Please note that connections and activity to this server are logged.
This server, git-01.md.hardenedbsd.org, acts as the source-of-truth
server for the HardenedBSD repositories.

Banner last updated: 10 Feb 2020 09:32 EST

Already up to date.
==== merge branches ====
==== merge github/master branch ====
Already up to date.
=============================
HardenedBSD Master git Server
=============================

Please note that connections and activity to this server are logged.
This server, git-01.md.hardenedbsd.org, acts as the source-of-truth
server for the HardenedBSD repositories.

Banner last updated: 10 Feb 2020 09:32 EST

Everything up-to-date
==== END: master ====
==== BEGIN: master ====
current branch: master
mergeable branch: freebsd/master
==== change branch ====
Already on 'master'
Your branch is up to date with 'origin/master'.
==== show current branch ====
* master
==== check for stale changes ====
==== update to latest origin ====
warning: Pulling without specifying how to reconcile divergent branches is
discouraged. You can squelch this message by running one of the following
commands sometime before your next pull:

  git config pull.rebase false  # merge (the default strategy)
  git config pull.rebase true   # rebase
  git config pull.ff only       # fast-forward only

You can replace "git config" with "git config --global" to set a default
preference for all repositories. You can also pass --rebase, --no-rebase,
or --ff-only on the command line to override the configured default per
invocation.

=============================
HardenedBSD Master git Server
=============================

Please note that connections and activity to this server are logged.
This server, git-01.md.hardenedbsd.org, acts as the source-of-truth
server for the HardenedBSD repositories.

Banner last updated: 10 Feb 2020 09:32 EST

Already up to date.
==== merge branches ====
==== merge freebsd/master branch ====
Merge made by the 'recursive' strategy.
 astro/Makefile                           |  1 +
 astro/py-astropy-helpers/Makefile        | 21 ++++++++++++++++
 astro/py-astropy-helpers/distinfo        |  3 +++
 astro/py-astropy-helpers/pkg-descr       |  7 ++++++
 audio/zrythm/Makefile                    |  2 +-
 audio/zrythm/distinfo                    |  6 ++---
 cad/qflow/Makefile                       |  2 +-
 cad/qflow/distinfo                       |  6 ++---
 databases/py-pg8000/Makefile             |  2 +-
 databases/py-pg8000/distinfo             |  6 ++---
 dns/subfinder/Makefile                   |  2 +-
 dns/subfinder/distinfo                   |  6 ++---
 lang/opencoarrays/Makefile               |  5 ++--
 lang/opencoarrays/distinfo               |  6 ++---
 math/casadi/Makefile                     |  3 +--
 math/casadi/distinfo                     |  6 ++---
 math/casadi/pkg-plist                    |  2 ++
 net/realtek-re-kmod/files/patch-if__re.c | 42 ++++++++++++++++++++++++++++++--
 ports-mgmt/pkg-devel/Makefile            |  4 +--
 ports-mgmt/pkg-devel/distinfo            |  6 ++---
 security/vuxml/vuln.xml                  | 33 +++++++++++++++++++++++--
 sysutils/daa2iso/Makefile                |  5 ++--
 textproc/qr/Makefile                     |  2 +-
 www/p5-Dancer2-Plugin-Deferred/Makefile  |  5 ++--
 www/p5-Dancer2-Plugin-Deferred/distinfo  |  6 ++---
 www/py-asgiref/Makefile                  |  2 +-
 www/py-asgiref/distinfo                  |  6 ++---
 www/py-beautifulsoup/Makefile            |  2 +-
 www/py-beautifulsoup/distinfo            |  6 ++---
 29 files changed, 153 insertions(+), 52 deletions(-)
 create mode 100644 astro/py-astropy-helpers/Makefile
 create mode 100644 astro/py-astropy-helpers/distinfo
 create mode 100644 astro/py-astropy-helpers/pkg-descr
=============================
HardenedBSD Master git Server
=============================

Please note that connections and activity to this server are logged.
This server, git-01.md.hardenedbsd.org, acts as the source-of-truth
server for the HardenedBSD repositories.

Banner last updated: 10 Feb 2020 09:32 EST

remote: To github.com:HardenedBSD/hardenedbsd-ports.git        
remote:    8c87f940b6eb..b6211cf659ea  master -> master        
remote:    a6dd4aefded9..8c87f940b6eb  github/master -> github/master        
remote:  ! [remote rejected]           refs/pull/2/head -> refs/pull/2/head (deny updating a hidden ref)        
remote: error: failed to push some refs to 'github.com:HardenedBSD/hardenedbsd-ports.git'        
To git-01.md.hardenedbsd.org:HardenedBSD/hardenedbsd-ports.git
   8c87f940b6eb..b6211cf659ea  master -> master
==== END: master ====
