==== BEGIN: master ====
current branch: master
mergeable branch: github/master
==== change branch ====
Already on 'master'
Your branch is up to date with 'origin/master'.
==== show current branch ====
* master
==== check for stale changes ====
==== update to latest origin ====
warning: Pulling without specifying how to reconcile divergent branches is
discouraged. You can squelch this message by running one of the following
commands sometime before your next pull:

  git config pull.rebase false  # merge (the default strategy)
  git config pull.rebase true   # rebase
  git config pull.ff only       # fast-forward only

You can replace "git config" with "git config --global" to set a default
preference for all repositories. You can also pass --rebase, --no-rebase,
or --ff-only on the command line to override the configured default per
invocation.

=============================
HardenedBSD Master git Server
=============================

Please note that connections and activity to this server are logged.
This server, git-01.md.hardenedbsd.org, acts as the source-of-truth
server for the HardenedBSD repositories.

Banner last updated: 10 Feb 2020 09:32 EST

Already up to date.
==== merge branches ====
==== merge github/master branch ====
Already up to date.
=============================
HardenedBSD Master git Server
=============================

Please note that connections and activity to this server are logged.
This server, git-01.md.hardenedbsd.org, acts as the source-of-truth
server for the HardenedBSD repositories.

Banner last updated: 10 Feb 2020 09:32 EST

Everything up-to-date
==== END: master ====
==== BEGIN: master ====
current branch: master
mergeable branch: freebsd/master
==== change branch ====
Already on 'master'
Your branch is up to date with 'origin/master'.
==== show current branch ====
* master
==== check for stale changes ====
==== update to latest origin ====
warning: Pulling without specifying how to reconcile divergent branches is
discouraged. You can squelch this message by running one of the following
commands sometime before your next pull:

  git config pull.rebase false  # merge (the default strategy)
  git config pull.rebase true   # rebase
  git config pull.ff only       # fast-forward only

You can replace "git config" with "git config --global" to set a default
preference for all repositories. You can also pass --rebase, --no-rebase,
or --ff-only on the command line to override the configured default per
invocation.

=============================
HardenedBSD Master git Server
=============================

Please note that connections and activity to this server are logged.
This server, git-01.md.hardenedbsd.org, acts as the source-of-truth
server for the HardenedBSD repositories.

Banner last updated: 10 Feb 2020 09:32 EST

Already up to date.
==== merge branches ====
==== merge freebsd/master branch ====
Removing www/py-webhelpers/pkg-descr
Removing www/py-webhelpers/distinfo
Removing www/py-webhelpers/Makefile
Removing www/py-pastescript/pkg-descr
Removing www/py-pastescript/distinfo
Removing www/py-pastescript/Makefile
Removing textproc/py-hypua2jamo/pkg-descr
Removing textproc/py-hypua2jamo/distinfo
Removing textproc/py-hypua2jamo/Makefile
Removing security/py-pyptlib/pkg-descr
Removing security/py-pyptlib/distinfo
Removing security/py-pyptlib/Makefile
Auto-merging security/Makefile
Removing net/py-libfte/pkg-descr
Removing net/py-libfte/distinfo
Removing net/py-libfte/Makefile
Auto-merging net/Makefile
Removing multimedia/py-kaa-base/pkg-descr
Removing multimedia/py-kaa-base/files/patch-base-src-process.py
Removing multimedia/py-kaa-base/files/patch-base-src-extensions-shmmodule.c
Removing multimedia/py-kaa-base/files/patch-base-src-extensions-inotify-fallback-inotify.h
Removing multimedia/py-kaa-base/distinfo
Removing multimedia/py-kaa-base/Makefile
Removing math/slepc/pkg-plist
Removing math/slepc/pkg-descr
Removing math/slepc/files/patch-config_install.py
Removing math/slepc/distinfo
Removing math/slepc/Makefile
Removing math/py-slepc4py/pkg-descr
Removing math/py-slepc4py/distinfo
Removing math/py-slepc4py/Makefile
Removing japanese/py-zinnia/pkg-plist
Removing japanese/py-zinnia/pkg-descr
Removing japanese/py-zinnia/distinfo
Removing japanese/py-zinnia/Makefile
Removing finance/ktoblzcheck/files/pkg-message.in
Removing finance/ktoblzcheck/files/pkg-deinstall.in
Removing finance/ktoblzcheck/files/patch-src_bankdata_online__update.pl.in
Removing devel/py-ydbf/pkg-descr
Removing devel/py-ydbf/distinfo
Removing devel/py-ydbf/Makefile
Removing devel/py-noseofyeti/pkg-descr
Removing devel/py-noseofyeti/files/patch-docs___ext_show__tests.py
Removing devel/py-noseofyeti/files/patch-docs___ext_options.py
Removing devel/py-noseofyeti/distinfo
Removing devel/py-noseofyeti/Makefile
Removing devel/py-fusefs/pkg-descr
Removing devel/py-fusefs/distinfo
Removing devel/py-fusefs/Makefile
Removing devel/py-delfick_error/pkg-descr
Removing devel/py-delfick_error/files/patch-docs_build.sh
Removing devel/py-delfick_error/distinfo
Removing devel/py-delfick_error/Makefile
Removing devel/py-SymbolType/pkg-descr
Removing devel/py-SymbolType/distinfo
Removing devel/py-SymbolType/Makefile
Removing databases/py-bsddb/pkg-descr
Removing databases/py-bsddb/files/setup.py
Removing databases/py-bsddb/files/patch-_bsddb.c
Removing databases/py-bsddb/Makefile
Removing databases/py-MySQLdb/pkg-descr
Removing databases/py-MySQLdb/files/patch-_mysql.c
Removing databases/py-MySQLdb/distinfo
Removing databases/py-MySQLdb/Makefile
Removing databases/ldb14/pkg-descr
Removing databases/ldb14/files/patch-third_party__waf__wafadmin__Tools__cc.py
Removing databases/ldb14/files/patch-mdb_ldb__mdb.c
Removing databases/ldb14/files/patch-lib__replace__wscript
Removing databases/ldb14/files/patch-ldb_mod_op_test.c
Removing databases/ldb14/files/patch-ldb_cache.c
Removing databases/ldb14/files/patch-buildtools__wafsamba__wscript
Removing databases/ldb14/files/patch-buildtools__wafsamba__samba_python.py
Removing databases/ldb14/files/patch-buildtools__wafsamba__samba_install.py
Removing databases/ldb14/files/patch-buildtools__wafsamba__samba_autoconf.py
Removing databases/ldb14/files/ldbsearch.1
Removing databases/ldb14/files/ldbrename.1
Removing databases/ldb14/files/ldbmodify.1
Removing databases/ldb14/files/ldbedit.1
Removing databases/ldb14/files/ldbdel.1
Removing databases/ldb14/files/ldbadd.1
Removing databases/ldb14/files/ldb.3
Removing databases/ldb14/distinfo
Removing databases/ldb14/Makefile
Merge made by the 'recursive' strategy.
 MOVED                                              |  18 +-
 audio/gogglesmm/Makefile                           |  13 +-
 audio/gogglesmm/pkg-plist                          |   3 -
 audio/virtual_oss/Makefile                         |   2 +-
 audio/virtual_oss/files/virtual_oss.in             |   1 +
 cad/kicad-devel/Makefile                           |   2 +-
 cad/kicad-devel/pkg-plist                          | 150 ++++----
 cad/openfpgaloader/files/patch-src_anlogic.cpp     |  13 +
 cad/openfpgaloader/files/patch-src_ftdispi.cpp     |  13 +
 cad/openfpgaloader/files/patch-src_lattice.cpp     |   6 +-
 cad/openfpgaloader/files/patch-src_xilinx.cpp      |   4 +-
 chinese/Makefile                                   |  17 +
 chinese/fcitx-rime/Makefile                        |  22 +-
 chinese/fcitx-rime/distinfo                        |   4 +-
 chinese/fcitx/Makefile                             |   2 +-
 chinese/fcitx5-chewing/Makefile                    |  24 ++
 chinese/fcitx5-chewing/distinfo                    |   3 +
 chinese/fcitx5-chewing/pkg-descr                   |   4 +
 chinese/fcitx5-chewing/pkg-plist                   |  16 +
 chinese/fcitx5-rime/Makefile                       |  33 ++
 chinese/fcitx5-rime/distinfo                       |   3 +
 chinese/fcitx5-rime/pkg-descr                      |   3 +
 chinese/fcitx5-rime/pkg-plist                      |  39 ++
 chinese/rime-array/Makefile                        |  56 +++
 chinese/rime-array/distinfo                        |   3 +
 chinese/rime-array/pkg-descr                       |   3 +
 chinese/rime-array/pkg-plist                       |   8 +
 chinese/rime-bopomofo/Makefile                     |   3 +-
 chinese/rime-cangjie/Makefile                      |   3 +-
 chinese/rime-cantonese/Makefile                    |   3 +-
 chinese/rime-combo-pinyin/Makefile                 |  63 +++
 chinese/rime-combo-pinyin/distinfo                 |   3 +
 chinese/rime-combo-pinyin/pkg-descr                |   3 +
 chinese/rime-combo-pinyin/pkg-plist                |  10 +
 chinese/rime-data-full/Makefile                    |  39 ++
 chinese/rime-data-full/pkg-descr                   |   5 +
 chinese/rime-double-pinyin/Makefile                |  66 ++++
 chinese/rime-double-pinyin/distinfo                |   3 +
 chinese/rime-double-pinyin/pkg-descr               |   3 +
 chinese/rime-double-pinyin/pkg-plist               |  20 +
 chinese/rime-emoji/Makefile                        |  36 ++
 chinese/rime-emoji/distinfo                        |   3 +
 chinese/rime-emoji/pkg-descr                       |   3 +
 chinese/rime-emoji/pkg-plist                       |   4 +
 chinese/rime-ipa/Makefile                          |  57 +++
 chinese/rime-ipa/distinfo                          |   3 +
 chinese/rime-ipa/pkg-descr                         |   3 +
 chinese/rime-ipa/pkg-plist                         |  14 +
 chinese/rime-jyutping/Makefile                     |  57 +++
 chinese/rime-jyutping/distinfo                     |   3 +
 chinese/rime-jyutping/pkg-descr                    |   3 +
 chinese/rime-jyutping/pkg-plist                    |  16 +
 chinese/rime-luna-pinyin/Makefile                  |   3 +-
 chinese/rime-middle-chinese/Makefile               |  57 +++
 chinese/rime-middle-chinese/distinfo               |   3 +
 chinese/rime-middle-chinese/pkg-descr              |   3 +
 chinese/rime-middle-chinese/pkg-plist              |  12 +
 chinese/rime-pinyin-simp/Makefile                  |  57 +++
 chinese/rime-pinyin-simp/distinfo                  |   3 +
 chinese/rime-pinyin-simp/pkg-descr                 |   3 +
 chinese/rime-pinyin-simp/pkg-plist                 |   8 +
 chinese/rime-quick/Makefile                        |  57 +++
 chinese/rime-quick/distinfo                        |   3 +
 chinese/rime-quick/pkg-descr                       |   3 +
 chinese/rime-quick/pkg-plist                       |   8 +
 chinese/rime-scj/Makefile                          |  57 +++
 chinese/rime-scj/distinfo                          |   3 +
 chinese/rime-scj/pkg-descr                         |   3 +
 chinese/rime-scj/pkg-plist                         |   7 +
 chinese/rime-soutzoe/Makefile                      |  57 +++
 chinese/rime-soutzoe/distinfo                      |   3 +
 chinese/rime-soutzoe/pkg-descr                     |   3 +
 chinese/rime-soutzoe/pkg-plist                     |   8 +
 chinese/rime-stenotype/Makefile                    |  62 +++
 chinese/rime-stenotype/distinfo                    |   3 +
 chinese/rime-stenotype/pkg-descr                   |   3 +
 chinese/rime-stenotype/pkg-plist                   |   4 +
 chinese/rime-stroke/Makefile                       |   3 +-
 chinese/rime-terra-pinyin/Makefile                 |   3 +-
 chinese/rime-wubi/Makefile                         |  62 +++
 chinese/rime-wubi/distinfo                         |   3 +
 chinese/rime-wubi/pkg-descr                        |   3 +
 chinese/rime-wubi/pkg-plist                        |  13 +
 chinese/rime-wugniu/Makefile                       |  57 +++
 chinese/rime-wugniu/distinfo                       |   3 +
 chinese/rime-wugniu/pkg-descr                      |   3 +
 chinese/rime-wugniu/pkg-plist                      |  12 +
 databases/Makefile                                 |   3 -
 databases/ldb14/Makefile                           | 198 ----------
 databases/ldb14/distinfo                           |   3 -
 databases/ldb14/files/ldb.3                        | 427 ---------------------
 databases/ldb14/files/ldbadd.1                     |  78 ----
 databases/ldb14/files/ldbdel.1                     |  80 ----
 databases/ldb14/files/ldbedit.1                    | 111 ------
 databases/ldb14/files/ldbmodify.1                  |  73 ----
 databases/ldb14/files/ldbrename.1                  |  81 ----
 databases/ldb14/files/ldbsearch.1                  |  91 -----
 .../patch-buildtools__wafsamba__samba_autoconf.py  |  52 ---
 .../patch-buildtools__wafsamba__samba_install.py   |  11 -
 .../patch-buildtools__wafsamba__samba_python.py    |  40 --
 .../files/patch-buildtools__wafsamba__wscript      |  22 --
 databases/ldb14/files/patch-ldb_cache.c            |  13 -
 databases/ldb14/files/patch-ldb_mod_op_test.c      |  11 -
 databases/ldb14/files/patch-lib__replace__wscript  |  11 -
 databases/ldb14/files/patch-mdb_ldb__mdb.c         |  21 -
 .../patch-third_party__waf__wafadmin__Tools__cc.py |  11 -
 databases/ldb14/pkg-descr                          |   9 -
 databases/py-MySQLdb/Makefile                      |  47 ---
 databases/py-MySQLdb/distinfo                      |   2 -
 databases/py-MySQLdb/files/patch-_mysql.c          |  24 --
 databases/py-MySQLdb/pkg-descr                     |  17 -
 databases/py-bsddb/Makefile                        |  41 --
 databases/py-bsddb/files/patch-_bsddb.c            |  11 -
 databases/py-bsddb/files/setup.py                  |  32 --
 databases/py-bsddb/pkg-descr                       |   1 -
 databases/py-peewee/Makefile                       |   3 +-
 databases/py-peewee/pkg-descr                      |   2 +-
 devel/Makefile                                     |   6 +-
 devel/got/Makefile                                 |   3 +-
 devel/got/files/patch-Makefile.inc                 |  10 +-
 devel/jenkins/Makefile                             |   2 +-
 devel/jenkins/distinfo                             |   6 +-
 devel/myrepos/Makefile                             |  36 ++
 devel/myrepos/distinfo                             |   3 +
 devel/myrepos/pkg-descr                            |  10 +
 devel/myrepos/pkg-plist                            |  19 +
 devel/py-SymbolType/Makefile                       |  21 -
 devel/py-SymbolType/distinfo                       |   2 -
 devel/py-SymbolType/pkg-descr                      |   4 -
 devel/py-colorama/Makefile                         |   2 +-
 devel/py-delfick_error/Makefile                    |  50 ---
 devel/py-delfick_error/distinfo                    |   2 -
 devel/py-delfick_error/files/patch-docs_build.sh   |  11 -
 devel/py-delfick_error/pkg-descr                   |   5 -
 devel/py-fudge/Makefile                            |   2 +-
 devel/py-fusefs/Makefile                           |  47 ---
 devel/py-fusefs/distinfo                           |   2 -
 devel/py-fusefs/pkg-descr                          |   3 -
 devel/py-game/Makefile                             |   2 +-
 devel/py-nose/Makefile                             |   2 +-
 devel/py-noseofyeti/Makefile                       |  56 ---
 devel/py-noseofyeti/distinfo                       |   3 -
 .../files/patch-docs___ext_options.py              |   8 -
 .../files/patch-docs___ext_show__tests.py          |  10 -
 devel/py-noseofyeti/pkg-descr                      |   7 -
 devel/py-pbr/Makefile                              |   2 +-
 devel/py-pinocchio/Makefile                        |   2 +-
 devel/py-repoze.lru/Makefile                       |   2 +-
 devel/py-wsgiutils/Makefile                        |   2 +-
 devel/py-ydbf/Makefile                             |  22 --
 devel/py-ydbf/distinfo                             |   2 -
 devel/py-ydbf/pkg-descr                            |   3 -
 devel/viewvc-devel/Makefile                        |   4 +-
 devel/viewvc/Makefile                              |   4 +-
 dns/knot3/Makefile                                 |  11 +-
 dns/knot3/distinfo                                 |   6 +-
 finance/kmymoney/Makefile                          |   3 +-
 finance/kmymoney/distinfo                          |   6 +-
 finance/kmymoney/pkg-plist                         |  27 +-
 finance/ktoblzcheck/Makefile                       |  36 +-
 finance/ktoblzcheck/distinfo                       |   8 +-
 finance/ktoblzcheck/files/patch-src_CMakeLists.txt |  12 +
 .../files/patch-src_bankdata_online__update.pl.in  |  44 ---
 finance/ktoblzcheck/files/pkg-deinstall.in         |  14 -
 finance/ktoblzcheck/files/pkg-message.in           |  17 -
 finance/ktoblzcheck/pkg-plist                      |  72 +++-
 japanese/Makefile                                  |   2 +-
 japanese/fcitx5-anthy/Makefile                     |  24 ++
 japanese/fcitx5-anthy/distinfo                     |   3 +
 japanese/fcitx5-anthy/pkg-descr                    |   3 +
 japanese/fcitx5-anthy/pkg-plist                    |  42 ++
 japanese/py-zinnia/Makefile                        |  33 --
 japanese/py-zinnia/distinfo                        |   2 -
 japanese/py-zinnia/pkg-descr                       |  10 -
 japanese/py-zinnia/pkg-plist                       |   4 -
 java/aparapi/Makefile                              |   2 +-
 lang/nim/Makefile                                  |   1 +
 mail/Makefile                                      |   1 +
 math/Makefile                                      |   2 -
 math/deal.ii/Makefile                              |   7 +-
 math/py-slepc4py/Makefile                          |  30 --
 math/py-slepc4py/distinfo                          |   3 -
 math/py-slepc4py/pkg-descr                         |   4 -
 math/slepc/Makefile                                |  50 ---
 math/slepc/distinfo                                |   3 -
 math/slepc/files/patch-config_install.py           |  22 --
 math/slepc/pkg-descr                               |   9 -
 math/slepc/pkg-plist                               |  95 -----
 multimedia/Makefile                                |   1 -
 multimedia/mythtv/Makefile                         |   6 +-
 ...ternal_FFmpeg_libswscale_ppc_swscale__altivec.c |  55 +++
 multimedia/py-kaa-base/Makefile                    |  26 --
 multimedia/py-kaa-base/distinfo                    |   2 -
 ...-base-src-extensions-inotify-fallback-inotify.h |  13 -
 .../files/patch-base-src-extensions-shmmodule.c    |  17 -
 .../py-kaa-base/files/patch-base-src-process.py    |  11 -
 multimedia/py-kaa-base/pkg-descr                   |  23 --
 multimedia/webcamd/Makefile                        |   1 +
 multimedia/webcamd/files/webcamd.in                |   2 +-
 net-mgmt/unifi6/Makefile                           |  53 ++-
 net-mgmt/unifi6/distinfo                           |  10 +-
 net/Makefile                                       |   2 +-
 net/croc/Makefile                                  |  19 +-
 net/croc/distinfo                                  |  40 +-
 net/gitup/Makefile                                 |  45 +++
 net/gitup/distinfo                                 |   3 +
 net/gitup/pkg-descr                                |   8 +
 net/gitup/pkg-message                              |  10 +
 net/gitup/pkg-plist                                |   4 +
 net/py-libfte/Makefile                             |  33 --
 net/py-libfte/distinfo                             |   3 -
 net/py-libfte/pkg-descr                            |  11 -
 net/radsecproxy/Makefile                           |   2 +-
 security/Makefile                                  |   1 -
 security/py-pycrypto/Makefile                      |   2 +-
 security/py-pyptlib/Makefile                       |  27 --
 security/py-pyptlib/distinfo                       |   3 -
 security/py-pyptlib/pkg-descr                      |   4 -
 textproc/Makefile                                  |   5 +-
 textproc/fcitx5-configtool/Makefile                |  35 ++
 textproc/fcitx5-configtool/distinfo                |   3 +
 textproc/fcitx5-configtool/pkg-descr               |   4 +
 textproc/fcitx5-configtool/pkg-plist               |  53 +++
 textproc/fcitx5-gtk/Makefile                       |  28 ++
 textproc/fcitx5-gtk/distinfo                       |   3 +
 textproc/fcitx5-gtk/pkg-descr                      |   3 +
 textproc/fcitx5-gtk/pkg-plist                      |  14 +
 textproc/fcitx5-qt/Makefile                        |  31 ++
 textproc/fcitx5-qt/distinfo                        |   3 +
 textproc/fcitx5-qt/pkg-descr                       |   3 +
 textproc/fcitx5-qt/pkg-plist                       |  42 ++
 textproc/fcitx5/Makefile                           |  78 ++++
 textproc/fcitx5/distinfo                           |   5 +
 ...tch-src_lib_fcitx-utils_Fcitx5Download.cmake.in |  25 ++
 textproc/fcitx5/files/pkg-message.in               |  25 ++
 textproc/fcitx5/pkg-descr                          |   3 +
 textproc/fcitx5/pkg-plist                          | 277 +++++++++++++
 textproc/ibus-typing-booster/Makefile              |   7 +-
 textproc/py-cloud_sptheme/Makefile                 |   2 +-
 textproc/py-hypua2jamo/Makefile                    |  19 -
 textproc/py-hypua2jamo/distinfo                    |   2 -
 textproc/py-hypua2jamo/pkg-descr                   |   3 -
 textproc/py-libxml2/Makefile                       |   2 +-
 textproc/py-sphinxcontrib-fulltoc/Makefile         |   2 +-
 www/Makefile                                       |   2 -
 www/py-flup6/Makefile                              |   2 +-
 www/py-paste/Makefile                              |   2 +-
 www/py-pastedeploy/Makefile                        |   2 +-
 www/py-pastescript/Makefile                        |  34 --
 www/py-pastescript/distinfo                        |   3 -
 www/py-pastescript/pkg-descr                       |  15 -
 www/py-routes/Makefile                             |   2 +-
 www/py-webhelpers/Makefile                         |  26 --
 www/py-webhelpers/distinfo                         |   2 -
 www/py-webhelpers/pkg-descr                        |   9 -
 x11/Makefile                                       |   1 +
 x11/xcb-imdkit/Makefile                            |  27 ++
 x11/xcb-imdkit/distinfo                            |   3 +
 x11/xcb-imdkit/pkg-descr                           |   3 +
 x11/xcb-imdkit/pkg-plist                           |  14 +
 260 files changed, 2562 insertions(+), 2696 deletions(-)
 create mode 100644 cad/openfpgaloader/files/patch-src_anlogic.cpp
 create mode 100644 cad/openfpgaloader/files/patch-src_ftdispi.cpp
 create mode 100644 chinese/fcitx5-chewing/Makefile
 create mode 100644 chinese/fcitx5-chewing/distinfo
 create mode 100644 chinese/fcitx5-chewing/pkg-descr
 create mode 100644 chinese/fcitx5-chewing/pkg-plist
 create mode 100644 chinese/fcitx5-rime/Makefile
 create mode 100644 chinese/fcitx5-rime/distinfo
 create mode 100644 chinese/fcitx5-rime/pkg-descr
 create mode 100644 chinese/fcitx5-rime/pkg-plist
 create mode 100644 chinese/rime-array/Makefile
 create mode 100644 chinese/rime-array/distinfo
 create mode 100644 chinese/rime-array/pkg-descr
 create mode 100644 chinese/rime-array/pkg-plist
 create mode 100644 chinese/rime-combo-pinyin/Makefile
 create mode 100644 chinese/rime-combo-pinyin/distinfo
 create mode 100644 chinese/rime-combo-pinyin/pkg-descr
 create mode 100644 chinese/rime-combo-pinyin/pkg-plist
 create mode 100644 chinese/rime-data-full/Makefile
 create mode 100644 chinese/rime-data-full/pkg-descr
 create mode 100644 chinese/rime-double-pinyin/Makefile
 create mode 100644 chinese/rime-double-pinyin/distinfo
 create mode 100644 chinese/rime-double-pinyin/pkg-descr
 create mode 100644 chinese/rime-double-pinyin/pkg-plist
 create mode 100644 chinese/rime-emoji/Makefile
 create mode 100644 chinese/rime-emoji/distinfo
 create mode 100644 chinese/rime-emoji/pkg-descr
 create mode 100644 chinese/rime-emoji/pkg-plist
 create mode 100644 chinese/rime-ipa/Makefile
 create mode 100644 chinese/rime-ipa/distinfo
 create mode 100644 chinese/rime-ipa/pkg-descr
 create mode 100644 chinese/rime-ipa/pkg-plist
 create mode 100644 chinese/rime-jyutping/Makefile
 create mode 100644 chinese/rime-jyutping/distinfo
 create mode 100644 chinese/rime-jyutping/pkg-descr
 create mode 100644 chinese/rime-jyutping/pkg-plist
 create mode 100644 chinese/rime-middle-chinese/Makefile
 create mode 100644 chinese/rime-middle-chinese/distinfo
 create mode 100644 chinese/rime-middle-chinese/pkg-descr
 create mode 100644 chinese/rime-middle-chinese/pkg-plist
 create mode 100644 chinese/rime-pinyin-simp/Makefile
 create mode 100644 chinese/rime-pinyin-simp/distinfo
 create mode 100644 chinese/rime-pinyin-simp/pkg-descr
 create mode 100644 chinese/rime-pinyin-simp/pkg-plist
 create mode 100644 chinese/rime-quick/Makefile
 create mode 100644 chinese/rime-quick/distinfo
 create mode 100644 chinese/rime-quick/pkg-descr
 create mode 100644 chinese/rime-quick/pkg-plist
 create mode 100644 chinese/rime-scj/Makefile
 create mode 100644 chinese/rime-scj/distinfo
 create mode 100644 chinese/rime-scj/pkg-descr
 create mode 100644 chinese/rime-scj/pkg-plist
 create mode 100644 chinese/rime-soutzoe/Makefile
 create mode 100644 chinese/rime-soutzoe/distinfo
 create mode 100644 chinese/rime-soutzoe/pkg-descr
 create mode 100644 chinese/rime-soutzoe/pkg-plist
 create mode 100644 chinese/rime-stenotype/Makefile
 create mode 100644 chinese/rime-stenotype/distinfo
 create mode 100644 chinese/rime-stenotype/pkg-descr
 create mode 100644 chinese/rime-stenotype/pkg-plist
 create mode 100644 chinese/rime-wubi/Makefile
 create mode 100644 chinese/rime-wubi/distinfo
 create mode 100644 chinese/rime-wubi/pkg-descr
 create mode 100644 chinese/rime-wubi/pkg-plist
 create mode 100644 chinese/rime-wugniu/Makefile
 create mode 100644 chinese/rime-wugniu/distinfo
 create mode 100644 chinese/rime-wugniu/pkg-descr
 create mode 100644 chinese/rime-wugniu/pkg-plist
 delete mode 100644 databases/ldb14/Makefile
 delete mode 100644 databases/ldb14/distinfo
 delete mode 100644 databases/ldb14/files/ldb.3
 delete mode 100644 databases/ldb14/files/ldbadd.1
 delete mode 100644 databases/ldb14/files/ldbdel.1
 delete mode 100644 databases/ldb14/files/ldbedit.1
 delete mode 100644 databases/ldb14/files/ldbmodify.1
 delete mode 100644 databases/ldb14/files/ldbrename.1
 delete mode 100644 databases/ldb14/files/ldbsearch.1
 delete mode 100644 databases/ldb14/files/patch-buildtools__wafsamba__samba_autoconf.py
 delete mode 100644 databases/ldb14/files/patch-buildtools__wafsamba__samba_install.py
 delete mode 100644 databases/ldb14/files/patch-buildtools__wafsamba__samba_python.py
 delete mode 100644 databases/ldb14/files/patch-buildtools__wafsamba__wscript
 delete mode 100644 databases/ldb14/files/patch-ldb_cache.c
 delete mode 100644 databases/ldb14/files/patch-ldb_mod_op_test.c
 delete mode 100644 databases/ldb14/files/patch-lib__replace__wscript
 delete mode 100644 databases/ldb14/files/patch-mdb_ldb__mdb.c
 delete mode 100644 databases/ldb14/files/patch-third_party__waf__wafadmin__Tools__cc.py
 delete mode 100644 databases/ldb14/pkg-descr
 delete mode 100644 databases/py-MySQLdb/Makefile
 delete mode 100644 databases/py-MySQLdb/distinfo
 delete mode 100644 databases/py-MySQLdb/files/patch-_mysql.c
 delete mode 100644 databases/py-MySQLdb/pkg-descr
 delete mode 100644 databases/py-bsddb/Makefile
 delete mode 100644 databases/py-bsddb/files/patch-_bsddb.c
 delete mode 100644 databases/py-bsddb/files/setup.py
 delete mode 100644 databases/py-bsddb/pkg-descr
 create mode 100644 devel/myrepos/Makefile
 create mode 100644 devel/myrepos/distinfo
 create mode 100644 devel/myrepos/pkg-descr
 create mode 100644 devel/myrepos/pkg-plist
 delete mode 100644 devel/py-SymbolType/Makefile
 delete mode 100644 devel/py-SymbolType/distinfo
 delete mode 100644 devel/py-SymbolType/pkg-descr
 delete mode 100644 devel/py-delfick_error/Makefile
 delete mode 100644 devel/py-delfick_error/distinfo
 delete mode 100644 devel/py-delfick_error/files/patch-docs_build.sh
 delete mode 100644 devel/py-delfick_error/pkg-descr
 delete mode 100644 devel/py-fusefs/Makefile
 delete mode 100644 devel/py-fusefs/distinfo
 delete mode 100644 devel/py-fusefs/pkg-descr
 delete mode 100644 devel/py-noseofyeti/Makefile
 delete mode 100644 devel/py-noseofyeti/distinfo
 delete mode 100644 devel/py-noseofyeti/files/patch-docs___ext_options.py
 delete mode 100644 devel/py-noseofyeti/files/patch-docs___ext_show__tests.py
 delete mode 100644 devel/py-noseofyeti/pkg-descr
 delete mode 100644 devel/py-ydbf/Makefile
 delete mode 100644 devel/py-ydbf/distinfo
 delete mode 100644 devel/py-ydbf/pkg-descr
 create mode 100644 finance/ktoblzcheck/files/patch-src_CMakeLists.txt
 delete mode 100644 finance/ktoblzcheck/files/patch-src_bankdata_online__update.pl.in
 delete mode 100644 finance/ktoblzcheck/files/pkg-deinstall.in
 delete mode 100644 finance/ktoblzcheck/files/pkg-message.in
 create mode 100644 japanese/fcitx5-anthy/Makefile
 create mode 100644 japanese/fcitx5-anthy/distinfo
 create mode 100644 japanese/fcitx5-anthy/pkg-descr
 create mode 100644 japanese/fcitx5-anthy/pkg-plist
 delete mode 100644 japanese/py-zinnia/Makefile
 delete mode 100644 japanese/py-zinnia/distinfo
 delete mode 100644 japanese/py-zinnia/pkg-descr
 delete mode 100644 japanese/py-zinnia/pkg-plist
 delete mode 100644 math/py-slepc4py/Makefile
 delete mode 100644 math/py-slepc4py/distinfo
 delete mode 100644 math/py-slepc4py/pkg-descr
 delete mode 100644 math/slepc/Makefile
 delete mode 100644 math/slepc/distinfo
 delete mode 100644 math/slepc/files/patch-config_install.py
 delete mode 100644 math/slepc/pkg-descr
 delete mode 100644 math/slepc/pkg-plist
 create mode 100644 multimedia/mythtv/files/patch-external_FFmpeg_libswscale_ppc_swscale__altivec.c
 delete mode 100644 multimedia/py-kaa-base/Makefile
 delete mode 100644 multimedia/py-kaa-base/distinfo
 delete mode 100644 multimedia/py-kaa-base/files/patch-base-src-extensions-inotify-fallback-inotify.h
 delete mode 100644 multimedia/py-kaa-base/files/patch-base-src-extensions-shmmodule.c
 delete mode 100644 multimedia/py-kaa-base/files/patch-base-src-process.py
 delete mode 100644 multimedia/py-kaa-base/pkg-descr
 create mode 100644 net/gitup/Makefile
 create mode 100644 net/gitup/distinfo
 create mode 100644 net/gitup/pkg-descr
 create mode 100644 net/gitup/pkg-message
 create mode 100644 net/gitup/pkg-plist
 delete mode 100644 net/py-libfte/Makefile
 delete mode 100644 net/py-libfte/distinfo
 delete mode 100644 net/py-libfte/pkg-descr
 delete mode 100644 security/py-pyptlib/Makefile
 delete mode 100644 security/py-pyptlib/distinfo
 delete mode 100644 security/py-pyptlib/pkg-descr
 create mode 100644 textproc/fcitx5-configtool/Makefile
 create mode 100644 textproc/fcitx5-configtool/distinfo
 create mode 100644 textproc/fcitx5-configtool/pkg-descr
 create mode 100644 textproc/fcitx5-configtool/pkg-plist
 create mode 100644 textproc/fcitx5-gtk/Makefile
 create mode 100644 textproc/fcitx5-gtk/distinfo
 create mode 100644 textproc/fcitx5-gtk/pkg-descr
 create mode 100644 textproc/fcitx5-gtk/pkg-plist
 create mode 100644 textproc/fcitx5-qt/Makefile
 create mode 100644 textproc/fcitx5-qt/distinfo
 create mode 100644 textproc/fcitx5-qt/pkg-descr
 create mode 100644 textproc/fcitx5-qt/pkg-plist
 create mode 100644 textproc/fcitx5/Makefile
 create mode 100644 textproc/fcitx5/distinfo
 create mode 100644 textproc/fcitx5/files/patch-src_lib_fcitx-utils_Fcitx5Download.cmake.in
 create mode 100644 textproc/fcitx5/files/pkg-message.in
 create mode 100644 textproc/fcitx5/pkg-descr
 create mode 100644 textproc/fcitx5/pkg-plist
 delete mode 100644 textproc/py-hypua2jamo/Makefile
 delete mode 100644 textproc/py-hypua2jamo/distinfo
 delete mode 100644 textproc/py-hypua2jamo/pkg-descr
 delete mode 100644 www/py-pastescript/Makefile
 delete mode 100644 www/py-pastescript/distinfo
 delete mode 100644 www/py-pastescript/pkg-descr
 delete mode 100644 www/py-webhelpers/Makefile
 delete mode 100644 www/py-webhelpers/distinfo
 delete mode 100644 www/py-webhelpers/pkg-descr
 create mode 100644 x11/xcb-imdkit/Makefile
 create mode 100644 x11/xcb-imdkit/distinfo
 create mode 100644 x11/xcb-imdkit/pkg-descr
 create mode 100644 x11/xcb-imdkit/pkg-plist
=============================
HardenedBSD Master git Server
=============================

Please note that connections and activity to this server are logged.
This server, git-01.md.hardenedbsd.org, acts as the source-of-truth
server for the HardenedBSD repositories.

Banner last updated: 10 Feb 2020 09:32 EST

remote: To github.com:HardenedBSD/hardenedbsd-ports.git        
remote:    3a0406e632c2..465060a3f41c  master -> master        
remote:    b763f9bd5605..3a0406e632c2  github/master -> github/master        
remote:  ! [remote rejected]           refs/pull/10/head -> refs/pull/10/head (deny updating a hidden ref)        
remote:  ! [remote rejected]           refs/pull/11/head -> refs/pull/11/head (deny updating a hidden ref)
remote:  ! [remote rejected]           refs/pull/12/head -> refs/pull/12/head (deny updating a hidden ref)        
remote:  ! [remote rejected]           refs/pull/14/head -> refs/pull/14/head (deny updating a hidden ref)        
remote:  ! [remote rejected]           refs/pull/15/head -> refs/pull/15/head (deny updating a hidden ref)        
remote:  ! [remote rejected]           refs/pull/2/head -> refs/pull/2/head (deny updating a hidden ref)        
remote:  ! [remote rejected]           refs/pull/9/head -> refs/pull/9/head (deny updating a hidden ref)
remote: error: failed to push some refs to 'github.com:HardenedBSD/hardenedbsd-ports.git'        
remote: . Processing 1 references        
remote: Processed 1 references in total        
To git-01.md.hardenedbsd.org:HardenedBSD/hardenedbsd-ports.git
   3a0406e632c2..465060a3f41c  master -> master
==== END: master ====
