==== BEGIN: master ====
current branch: master
mergeable branch: github/master
==== change branch ====
Already on 'master'
Your branch is up to date with 'origin/master'.
==== show current branch ====
* master
==== check for stale changes ====
==== update to latest origin ====
warning: Pulling without specifying how to reconcile divergent branches is
discouraged. You can squelch this message by running one of the following
commands sometime before your next pull:

  git config pull.rebase false  # merge (the default strategy)
  git config pull.rebase true   # rebase
  git config pull.ff only       # fast-forward only

You can replace "git config" with "git config --global" to set a default
preference for all repositories. You can also pass --rebase, --no-rebase,
or --ff-only on the command line to override the configured default per
invocation.

=============================
HardenedBSD Master git Server
=============================

Please note that connections and activity to this server are logged.
This server, git-01.md.hardenedbsd.org, acts as the source-of-truth
server for the HardenedBSD repositories.

Banner last updated: 10 Feb 2020 09:32 EST

Already up to date.
==== merge branches ====
==== merge github/master branch ====
Updating 25f2ed29ade9..651c1cad44df
Fast-forward
 devel/spdlog/Makefile                        |  4 ++--
 devel/spdlog/distinfo                        |  6 +++---
 devel/spdlog/pkg-plist                       |  4 +++-
 graphics/gcolor2/Makefile                    |  4 ++--
 graphics/gcolor2/files/patch-src_callbacks.h | 15 +++++++++++++++
 graphics/gcolor2/files/patch-src_main.c      | 20 ++++++++++++++------
 6 files changed, 39 insertions(+), 14 deletions(-)
 create mode 100644 graphics/gcolor2/files/patch-src_callbacks.h
=============================
HardenedBSD Master git Server
=============================

Please note that connections and activity to this server are logged.
This server, git-01.md.hardenedbsd.org, acts as the source-of-truth
server for the HardenedBSD repositories.

Banner last updated: 10 Feb 2020 09:32 EST

remote: From github.com:HardenedBSD/hardenedbsd-ports        
remote:    25f2ed29ade9..651c1cad44df  master     -> github/master        
remote: To github.com:HardenedBSD/hardenedbsd-ports.git        
remote:    73b25f6007b5..651c1cad44df  github/master -> github/master
remote:  ! [remote rejected]           refs/pull/2/head -> refs/pull/2/head (deny updating a hidden ref)
remote: error: failed to push some refs to 'github.com:HardenedBSD/hardenedbsd-ports.git'        
remote: . Processing 1 references        
remote: Processed 1 references in total        
To git-01.md.hardenedbsd.org:HardenedBSD/hardenedbsd-ports.git
   25f2ed29ade9..651c1cad44df  master -> master
==== END: master ====
==== BEGIN: master ====
current branch: master
mergeable branch: freebsd/master
==== change branch ====
Already on 'master'
Your branch is up to date with 'origin/master'.
==== show current branch ====
* master
==== check for stale changes ====
==== update to latest origin ====
warning: Pulling without specifying how to reconcile divergent branches is
discouraged. You can squelch this message by running one of the following
commands sometime before your next pull:

  git config pull.rebase false  # merge (the default strategy)
  git config pull.rebase true   # rebase
  git config pull.ff only       # fast-forward only

You can replace "git config" with "git config --global" to set a default
preference for all repositories. You can also pass --rebase, --no-rebase,
or --ff-only on the command line to override the configured default per
invocation.

=============================
HardenedBSD Master git Server
=============================

Please note that connections and activity to this server are logged.
This server, git-01.md.hardenedbsd.org, acts as the source-of-truth
server for the HardenedBSD repositories.

Banner last updated: 10 Feb 2020 09:32 EST

Already up to date.
==== merge branches ====
==== merge freebsd/master branch ====
Removing textproc/libnumbertext/files/patch-src_spellout.cxx
Removing textproc/libnumbertext/files/patch-src_Makefile.in
Removing textproc/libnumbertext/files/patch-src_Makefile.am
Auto-merging editors/libreoffice/Makefile
Merge made by the 'recursive' strategy.
 arabic/libreoffice/distinfo                        | 10 ++---
 chinese/libreoffice-zh_CN/distinfo                 | 10 ++---
 chinese/libreoffice-zh_TW/distinfo                 | 10 ++---
 devel/lazygit/Makefile                             | 13 +++---
 devel/lazygit/distinfo                             | 28 +++++++------
 devel/py-python-gitlab/Makefile                    |  2 +-
 devel/py-python-gitlab/distinfo                    |  6 +--
 editors/libreoffice-af/distinfo                    |  6 +--
 editors/libreoffice-am/distinfo                    | 10 ++---
 editors/libreoffice-as/distinfo                    |  6 +--
 editors/libreoffice-ast/distinfo                   | 10 ++---
 editors/libreoffice-be/distinfo                    |  6 +--
 editors/libreoffice-bg/distinfo                    | 10 ++---
 editors/libreoffice-bn/distinfo                    | 10 ++---
 editors/libreoffice-bn_IN/distinfo                 | 10 ++---
 editors/libreoffice-bo/distinfo                    | 10 ++---
 editors/libreoffice-br/distinfo                    |  6 +--
 editors/libreoffice-brx/distinfo                   |  6 +--
 editors/libreoffice-bs/distinfo                    | 10 ++---
 editors/libreoffice-ca/distinfo                    | 10 ++---
 editors/libreoffice-ca_valencia/distinfo           | 10 ++---
 editors/libreoffice-ckb/distinfo                   |  6 +--
 editors/libreoffice-cs/distinfo                    | 10 ++---
 editors/libreoffice-cy/distinfo                    |  6 +--
 editors/libreoffice-da/distinfo                    | 10 ++---
 editors/libreoffice-dgo/distinfo                   |  6 +--
 editors/libreoffice-dsb/distinfo                   |  6 +--
 editors/libreoffice-dz/distinfo                    | 10 ++---
 editors/libreoffice-el/distinfo                    | 10 ++---
 editors/libreoffice-en_GB/distinfo                 | 10 ++---
 editors/libreoffice-en_ZA/distinfo                 | 10 ++---
 editors/libreoffice-eo/distinfo                    | 10 ++---
 editors/libreoffice-es/distinfo                    | 10 ++---
 editors/libreoffice-et/distinfo                    | 10 ++---
 editors/libreoffice-eu/distinfo                    | 10 ++---
 editors/libreoffice-fa/distinfo                    |  6 +--
 editors/libreoffice-fi/distinfo                    | 10 ++---
 editors/libreoffice-fur/distinfo                   |  6 +--
 editors/libreoffice-fy/distinfo                    |  6 +--
 editors/libreoffice-ga/distinfo                    |  6 +--
 editors/libreoffice-gd/distinfo                    |  6 +--
 editors/libreoffice-gl/distinfo                    | 10 ++---
 editors/libreoffice-gu/distinfo                    | 10 ++---
 editors/libreoffice-gug/distinfo                   |  6 +--
 editors/libreoffice-hi/distinfo                    | 10 ++---
 editors/libreoffice-hr/distinfo                    | 10 ++---
 editors/libreoffice-hsb/distinfo                   |  6 +--
 editors/libreoffice-id/distinfo                    | 10 ++---
 editors/libreoffice-is/distinfo                    | 10 ++---
 editors/libreoffice-it/distinfo                    | 10 ++---
 editors/libreoffice-ka/distinfo                    | 10 ++---
 editors/libreoffice-kab/distinfo                   |  6 +--
 editors/libreoffice-kk/distinfo                    |  6 +--
 editors/libreoffice-km/distinfo                    | 10 ++---
 editors/libreoffice-kmr_Latn/distinfo              |  6 +--
 editors/libreoffice-kn/distinfo                    |  6 +--
 editors/libreoffice-kok/distinfo                   |  6 +--
 editors/libreoffice-ks/distinfo                    |  6 +--
 editors/libreoffice-lb/distinfo                    |  6 +--
 editors/libreoffice-lo/distinfo                    | 10 ++---
 editors/libreoffice-lt/distinfo                    | 10 ++---
 editors/libreoffice-lv/distinfo                    | 10 ++---
 editors/libreoffice-mai/distinfo                   |  6 +--
 editors/libreoffice-mk/distinfo                    | 10 ++---
 editors/libreoffice-ml/distinfo                    |  6 +--
 editors/libreoffice-mn/distinfo                    |  6 +--
 editors/libreoffice-mni/distinfo                   |  6 +--
 editors/libreoffice-mr/distinfo                    |  6 +--
 editors/libreoffice-my/distinfo                    |  6 +--
 editors/libreoffice-nb/distinfo                    | 10 ++---
 editors/libreoffice-ne/distinfo                    | 10 ++---
 editors/libreoffice-nl/distinfo                    | 10 ++---
 editors/libreoffice-nn/distinfo                    | 10 ++---
 editors/libreoffice-nr/distinfo                    |  6 +--
 editors/libreoffice-nso/distinfo                   |  6 +--
 editors/libreoffice-oc/distinfo                    |  6 +--
 editors/libreoffice-om/distinfo                    | 10 ++---
 editors/libreoffice-or/distinfo                    |  6 +--
 editors/libreoffice-pa_IN/distinfo                 |  6 +--
 editors/libreoffice-ro/distinfo                    | 10 ++---
 editors/libreoffice-rw/distinfo                    |  6 +--
 editors/libreoffice-sa_IN/distinfo                 |  6 +--
 editors/libreoffice-sat/distinfo                   |  6 +--
 editors/libreoffice-sd/distinfo                    |  6 +--
 editors/libreoffice-si/distinfo                    | 10 ++---
 editors/libreoffice-sid/distinfo                   | 10 ++---
 editors/libreoffice-sk/distinfo                    | 10 ++---
 editors/libreoffice-sl/distinfo                    | 10 ++---
 editors/libreoffice-sq/distinfo                    | 10 ++---
 editors/libreoffice-sr/distinfo                    |  6 +--
 editors/libreoffice-sr_Latn/distinfo               |  6 +--
 editors/libreoffice-ss/distinfo                    |  6 +--
 editors/libreoffice-st/distinfo                    |  6 +--
 editors/libreoffice-sv/distinfo                    | 10 ++---
 editors/libreoffice-sw_TZ/distinfo                 |  6 +--
 editors/libreoffice-szl/distinfo                   |  6 +--
 editors/libreoffice-ta/distinfo                    | 10 ++---
 editors/libreoffice-te/distinfo                    |  6 +--
 editors/libreoffice-tg/distinfo                    | 10 ++---
 editors/libreoffice-th/distinfo                    |  6 +--
 editors/libreoffice-tn/distinfo                    |  6 +--
 editors/libreoffice-tr/distinfo                    | 10 ++---
 editors/libreoffice-ts/distinfo                    |  6 +--
 editors/libreoffice-tt/distinfo                    |  6 +--
 editors/libreoffice-ug/distinfo                    | 10 ++---
 editors/libreoffice-uz/distinfo                    |  6 +--
 editors/libreoffice-ve/distinfo                    |  6 +--
 editors/libreoffice-vec/distinfo                   |  6 +--
 editors/libreoffice-xh/distinfo                    |  6 +--
 editors/libreoffice-zu/distinfo                    |  6 +--
 editors/libreoffice/Makefile                       |  2 +-
 editors/libreoffice/Makefile.common                |  4 +-
 editors/libreoffice/distinfo                       | 10 ++---
 french/libreoffice/distinfo                        | 10 ++---
 german/libreoffice/distinfo                        | 10 ++---
 graphics/akira/Makefile                            |  2 +-
 graphics/akira/distinfo                            |  6 +--
 hebrew/libreoffice/distinfo                        | 10 ++---
 hungarian/libreoffice/distinfo                     | 10 ++---
 japanese/libreoffice/distinfo                      | 10 ++---
 korean/libreoffice/distinfo                        | 10 ++---
 net-im/telegram-desktop/Makefile                   | 47 +++++++++++++++++-----
 net-im/telegram-desktop/distinfo                   |  8 ++--
 ...ceFiles_chat__helpers_stickers__emoji__pack.cpp |  4 +-
 ..._base_base_platform_linux_base__info__linux.cpp | 31 +++++++-------
 .../patch-cmake_external_webrtc_CMakeLists.txt     | 17 ++++++++
 .../files/patch-tg__owt_CMakeLists.txt             | 26 ++++++++++++
 .../files/patch-tg__owt_cmake_init__target.cmake   | 11 +++++
 .../files/patch-tg__owt_cmake_libevent.cmake       | 26 ++++++++++++
 ...patch-tg__owt_src_media_sctp_sctp__transport.cc | 11 +++++
 .../patch-tg__owt_src_rtc__base_byte__order.h      | 11 +++++
 .../patch-tg__owt_src_rtc__base_ip__address.cc     | 10 +++++
 ...__owt_src_rtc__base_physical__socket__server.cc | 29 +++++++++++++
 ...g__owt_src_rtc__base_physical__socket__server.h | 11 +++++
 ...g__owt_src_rtc__base_platform__thread__types.cc | 43 ++++++++++++++++++++
 net/rdesktop/Makefile                              | 17 ++++++--
 net/rdesktop/distinfo                              |  6 +--
 net/rdesktop/pkg-plist                             |  3 +-
 polish/libreoffice/distinfo                        | 10 ++---
 portuguese/libreoffice-pt_BR/distinfo              | 10 ++---
 portuguese/libreoffice/distinfo                    | 10 ++---
 russian/libreoffice/distinfo                       | 10 ++---
 security/vuxml/vuln.xml                            |  1 +
 sysutils/runit-faster/Makefile                     |  6 +--
 sysutils/runit-faster/distinfo                     |  6 +--
 textproc/libnumbertext/Makefile                    |  5 ++-
 textproc/libnumbertext/distinfo                    |  6 +--
 textproc/libnumbertext/files/patch-src_Makefile.am |  8 ----
 textproc/libnumbertext/files/patch-src_Makefile.in | 11 -----
 .../libnumbertext/files/patch-src_spellout.cxx     | 11 -----
 textproc/libnumbertext/pkg-plist                   |  2 +-
 ukrainian/libreoffice/distinfo                     | 10 ++---
 vietnamese/libreoffice/distinfo                    | 10 ++---
 www/trac-privatetickets/pkg-descr                  |  2 +-
 154 files changed, 803 insertions(+), 603 deletions(-)
 create mode 100644 net-im/telegram-desktop/files/patch-cmake_external_webrtc_CMakeLists.txt
 create mode 100644 net-im/telegram-desktop/files/patch-tg__owt_CMakeLists.txt
 create mode 100644 net-im/telegram-desktop/files/patch-tg__owt_cmake_init__target.cmake
 create mode 100644 net-im/telegram-desktop/files/patch-tg__owt_cmake_libevent.cmake
 create mode 100644 net-im/telegram-desktop/files/patch-tg__owt_src_media_sctp_sctp__transport.cc
 create mode 100644 net-im/telegram-desktop/files/patch-tg__owt_src_rtc__base_byte__order.h
 create mode 100644 net-im/telegram-desktop/files/patch-tg__owt_src_rtc__base_ip__address.cc
 create mode 100644 net-im/telegram-desktop/files/patch-tg__owt_src_rtc__base_physical__socket__server.cc
 create mode 100644 net-im/telegram-desktop/files/patch-tg__owt_src_rtc__base_physical__socket__server.h
 create mode 100644 net-im/telegram-desktop/files/patch-tg__owt_src_rtc__base_platform__thread__types.cc
 delete mode 100644 textproc/libnumbertext/files/patch-src_Makefile.am
 delete mode 100644 textproc/libnumbertext/files/patch-src_Makefile.in
 delete mode 100644 textproc/libnumbertext/files/patch-src_spellout.cxx
=============================
HardenedBSD Master git Server
=============================

Please note that connections and activity to this server are logged.
This server, git-01.md.hardenedbsd.org, acts as the source-of-truth
server for the HardenedBSD repositories.

Banner last updated: 10 Feb 2020 09:32 EST

remote: To github.com:HardenedBSD/hardenedbsd-ports.git        
remote:    651c1cad44df..9ce32ee82280  master -> master        
remote:  ! [remote rejected]           refs/pull/2/head -> refs/pull/2/head (deny updating a hidden ref)        
remote: error: failed to push some refs to 'github.com:HardenedBSD/hardenedbsd-ports.git'        
remote: . Processing 1 references        
remote: Processed 1 references in total        
To git-01.md.hardenedbsd.org:HardenedBSD/hardenedbsd-ports.git
   651c1cad44df..9ce32ee82280  master -> master
==== END: master ====
