==== BEGIN: master ====
current branch: master
mergeable branch: github/master
==== change branch ====
Already on 'master'
Your branch is ahead of 'origin/master' by 185 commits.
  (use "git push" to publish your local commits)
==== show current branch ====
* master
==== check for stale changes ====
==== update to latest origin ====
warning: Pulling without specifying how to reconcile divergent branches is
discouraged. You can squelch this message by running one of the following
commands sometime before your next pull:

  git config pull.rebase false  # merge (the default strategy)
  git config pull.rebase true   # rebase
  git config pull.ff only       # fast-forward only

You can replace "git config" with "git config --global" to set a default
preference for all repositories. You can also pass --rebase, --no-rebase,
or --ff-only on the command line to override the configured default per
invocation.

=============================
HardenedBSD Master git Server
=============================

Please note that connections and activity to this server are logged.
This server, git-01.md.hardenedbsd.org, acts as the source-of-truth
server for the HardenedBSD repositories.

Banner last updated: 10 Feb 2020 09:32 EST

Already up to date.
==== merge branches ====
==== merge github/master branch ====
Already up to date.
=============================
HardenedBSD Master git Server
=============================

Please note that connections and activity to this server are logged.
This server, git-01.md.hardenedbsd.org, acts as the source-of-truth
server for the HardenedBSD repositories.

Banner last updated: 10 Feb 2020 09:32 EST

remote: From github.com:HardenedBSD/hardenedbsd-ports        
remote:    32d9db5de804..dd78cf5de755  master     -> github/master        
remote: To github.com:HardenedBSD/hardenedbsd-ports.git        
remote:    dd78cf5de755..c8651e31cadc  master -> master        
remote:    602cbcc5b7b0..dd78cf5de755  github/master -> github/master
remote:  ! [remote rejected]           refs/pull/10/head -> refs/pull/10/head (deny updating a hidden ref)        
remote:  ! [remote rejected]           refs/pull/11/head -> refs/pull/11/head (deny updating a hidden ref)        
remote:  ! [remote rejected]           refs/pull/12/head -> refs/pull/12/head (deny updating a hidden ref)        
remote:  ! [remote rejected]           refs/pull/2/head -> refs/pull/2/head (deny updating a hidden ref)        
remote:  ! [remote rejected]           refs/pull/9/head -> refs/pull/9/head (deny updating a hidden ref)        
remote: error: failed to push some refs to 'github.com:HardenedBSD/hardenedbsd-ports.git'        
remote: . Processing 1 references        
remote: Processed 1 references in total        
To git-01.md.hardenedbsd.org:HardenedBSD/hardenedbsd-ports.git
   32d9db5de804..c8651e31cadc  master -> master
==== END: master ====
==== BEGIN: master ====
current branch: master
mergeable branch: freebsd/master
==== change branch ====
Already on 'master'
Your branch is up to date with 'origin/master'.
==== show current branch ====
* master
==== check for stale changes ====
==== update to latest origin ====
warning: Pulling without specifying how to reconcile divergent branches is
discouraged. You can squelch this message by running one of the following
commands sometime before your next pull:

  git config pull.rebase false  # merge (the default strategy)
  git config pull.rebase true   # rebase
  git config pull.ff only       # fast-forward only

You can replace "git config" with "git config --global" to set a default
preference for all repositories. You can also pass --rebase, --no-rebase,
or --ff-only on the command line to override the configured default per
invocation.

=============================
HardenedBSD Master git Server
=============================

Please note that connections and activity to this server are logged.
This server, git-01.md.hardenedbsd.org, acts as the source-of-truth
server for the HardenedBSD repositories.

Banner last updated: 10 Feb 2020 09:32 EST

Already up to date.
==== merge branches ====
==== merge freebsd/master branch ====
Auto-merging x11-fm/rodent/Makefile
Auto-merging www/firefox-esr/Makefile
Auto-merging multimedia/ffmpeg/Makefile
Auto-merging mail/neomutt/Makefile
Auto-merging java/openjdk8/Makefile
Auto-merging graphics/gimp-app/Makefile
Removing emulators/riscv-isa-sim/files/patch-riscv_riscv.mk.in
Removing emulators/riscv-isa-sim/files/patch-riscv_insn__template.cc
Removing emulators/riscv-isa-sim/files/patch-Makefile.in
Removing emulators/riscv-fesvr/pkg-plist
Removing emulators/riscv-fesvr/pkg-descr
Removing emulators/riscv-fesvr/distinfo
Removing emulators/riscv-fesvr/Makefile
Auto-merging editors/emacs/Makefile
Auto-merging editors/emacs-devel/Makefile
Merge made by the 'recursive' strategy.
 CHANGES                                            |   6 +-
 MOVED                                              |   1 +
 Mk/Scripts/qa.sh                                   |   1 +
 Mk/Uses/gnome.mk                                   |   9 ++
 audio/denemo/Makefile                              |   2 +-
 audio/exaile/Makefile                              |   2 +-
 audio/fossmixer/Makefile                           |   1 +
 audio/geonkick-lv2/Makefile                        |   9 +-
 cad/horizon-eda/Makefile                           |   1 +
 comms/gqrx/Makefile                                |   8 +-
 comms/gqrx/distinfo                                |   6 +-
 databases/galera26/Makefile                        |   3 -
 .../galera26/files/patch-galerautils_SConscript    |  12 ++
 .../files/patch-galerautils_src_gu__byteswap.h     |  22 +++
 .../patch-galerautils_src_gu__crc32c__arm64.c      |  16 +++
 deskutils/cairo-dock-plugins/Makefile              |   2 +-
 deskutils/cairo-dock/Makefile                      |   2 +-
 deskutils/glabels/Makefile                         |   1 +
 deskutils/mate-notification-daemon/Makefile        |   1 +
 deskutils/shutter/Makefile                         |   1 -
 deskutils/virt-manager/Makefile                    |   1 +
 deskutils/xfce4-tumbler/Makefile                   |   2 +-
 deskutils/xfce4-xkb-plugin/Makefile                |   2 +-
 devel/bazel/Makefile                               |   8 +-
 devel/efl/Makefile                                 |   2 +-
 devel/goffice/Makefile                             |   1 +
 devel/p5-DateTime-TimeZone/Makefile                |   2 +-
 devel/p5-DateTime-TimeZone/distinfo                |   6 +-
 devel/py-sysctl/Makefile                           |   2 +-
 dns/Makefile                                       |   1 +
 dns/bind9-devel/Makefile                           |   4 +-
 dns/bind9-devel/distinfo                           |   6 +-
 .../files/extrapatch-bind-min-override-ttl         |  12 +-
 dns/dog/Makefile                                   | 123 +++++++++++++++++
 dns/dog/distinfo                                   | 151 +++++++++++++++++++++
 dns/dog/pkg-descr                                  |   6 +
 dns/dog/pkg-plist                                  |   4 +
 dns/knot3/Makefile                                 |   1 -
 editors/abiword/Makefile                           |   2 +-
 editors/emacs-devel/Makefile                       |   1 +
 editors/emacs/Makefile                             |   2 +-
 emulators/Makefile                                 |   1 -
 emulators/riscv-fesvr/Makefile                     |  37 -----
 emulators/riscv-fesvr/distinfo                     |   3 -
 emulators/riscv-fesvr/pkg-descr                    |   7 -
 emulators/riscv-fesvr/pkg-plist                    |  17 ---
 emulators/riscv-isa-sim/Makefile                   |  26 ++--
 emulators/riscv-isa-sim/distinfo                   |   6 +-
 emulators/riscv-isa-sim/files/patch-Makefile.in    |  19 ---
 .../files/patch-riscv_insn__template.cc            |  10 --
 .../riscv-isa-sim/files/patch-riscv_riscv.mk.in    |  20 ---
 emulators/riscv-isa-sim/pkg-descr                  |   2 +-
 emulators/riscv-isa-sim/pkg-plist                  |  61 +++------
 games/aisleriot/Makefile                           |   1 +
 games/bombherman/Makefile                          |   2 +-
 games/five-or-more/Makefile                        |   1 +
 games/four-in-a-row/Makefile                       |   1 +
 games/gnome-chess/Makefile                         |   1 +
 games/gnome-klotski/Makefile                       |   1 +
 games/gnome-mahjongg/Makefile                      |   1 +
 games/gnome-mines/Makefile                         |   1 +
 games/gnome-nibbles/Makefile                       |   1 +
 games/gnome-robots/Makefile                        |   1 +
 games/gnome-taquin/Makefile                        |   1 +
 games/gnome-tetravex/Makefile                      |   1 +
 games/hitori/Makefile                              |   1 +
 games/iagno/Makefile                               |   2 +-
 games/lightsoff/Makefile                           |   1 +
 games/pentobi/Makefile                             |   1 +
 games/pioneers/Makefile                            |   2 +-
 games/py-pychess/Makefile                          |   1 +
 games/quadrapassel/Makefile                        |   2 +-
 games/tali/Makefile                                |   1 +
 games/tuxmath/Makefile                             |   2 +-
 games/tuxpaint/Makefile                            |   1 +
 games/tuxtype/Makefile                             |   1 +
 games/xboard/Makefile                              |   2 +-
 graphics/ImageMagick6/Makefile                     |   1 +
 graphics/ImageMagick7/Makefile                     |   1 +
 graphics/darktable/Makefile                        |   2 +-
 graphics/drm-current-kmod/Makefile                 |   4 +-
 graphics/drm-current-kmod/distinfo                 |   6 +-
 graphics/drm-current-kmod/pkg-plist                |  48 -------
 graphics/drm-devel-kmod/Makefile                   |   6 +-
 graphics/drm-devel-kmod/distinfo                   |   6 +-
 graphics/eog/Makefile                              |   2 +-
 graphics/eom/Makefile                              |   1 +
 graphics/fpc-rsvg/Makefile                         |   1 +
 graphics/gegl/Makefile                             |   2 +-
 graphics/gimageview/Makefile                       |   2 +-
 graphics/gimp-app/Makefile                         |   2 +-
 graphics/gscan2pdf/Makefile                        |   1 +
 graphics/gthumb/Makefile                           |   2 +-
 graphics/imv/Makefile                              |   2 +-
 graphics/libafterimage/Makefile                    |   2 +-
 graphics/mypaint/Makefile                          |   2 +-
 graphics/openfx-arena/Makefile                     |   2 +-
 graphics/osg/Makefile                              |   5 +-
 graphics/osg34/Makefile                            |   2 +-
 graphics/pinpoint/Makefile                         |   2 +-
 graphics/py-pyrsgis/Makefile                       |   2 +-
 graphics/py-pyrsgis/distinfo                       |   6 +-
 graphics/rawtherapee/Makefile                      |   2 +-
 graphics/rubygem-rsvg2/Makefile                    |   1 +
 graphics/vips/Makefile                             |   2 +-
 graphics/xviewer/Makefile                          |   1 +
 java/openjdk8/Makefile                             |   5 +-
 lang/ecl/Makefile                                  |   1 -
 lang/perl5-devel/Makefile                          |   2 +-
 lang/perl5-devel/distinfo                          |   6 +-
 .../files/patch-t_porting_customized.dat           |   4 +-
 mail/claws-mail/Makefile                           |   2 +-
 mail/neomutt/Makefile                              |   2 -
 mail/xfce4-mailwatch-plugin/Makefile               |   8 +-
 mail/xfce4-mailwatch-plugin/distinfo               |   5 +-
 mail/xfce4-mailwatch-plugin/pkg-plist              |   6 +
 math/asymptote/Makefile                            |   8 +-
 multimedia/cheese/Makefile                         |   2 +-
 multimedia/ffmpeg/Makefile                         |   2 +-
 multimedia/gstreamer1-plugins/Makefile             |   2 +-
 multimedia/mlt/pkg-plist                           |   2 -
 multimedia/vlc/Makefile                            |   2 +-
 net-p2p/deluge/Makefile                            |   1 +
 net-p2p/mldonkey/Makefile                          |   2 +-
 print/cloudprint/Makefile                          |   3 +
 science/chemical-mime-data/Makefile                |   6 +-
 science/gramps/Makefile                            |   1 +
 security/vuxml/Makefile                            |   2 +-
 security/vuxml/vuln.xml                            |   2 +-
 sysutils/conky/Makefile                            |   1 +
 sysutils/gnome-system-monitor/Makefile             |   1 +
 sysutils/mate-control-center/Makefile              |   1 +
 sysutils/mate-system-monitor/Makefile              |   1 +
 sysutils/u-boot-rpi3-32/Makefile                   |   1 +
 sysutils/u-boot-rpi3/Makefile                      |   2 +-
 textproc/ibus/Makefile                             |   1 +
 textproc/libfo/Makefile                            |   1 +
 textproc/py-rich/Makefile                          |   2 +-
 textproc/py-rich/distinfo                          |   6 +-
 www/Makefile                                       |   1 +
 www/firefox-esr/Makefile                           |   5 +-
 www/firefox-esr/distinfo                           |   6 +-
 www/links/Makefile                                 |   1 +
 www/midori/Makefile                                |   8 +-
 www/moodle310/Makefile                             |  62 +++++++++
 www/moodle310/distinfo                             |   3 +
 www/moodle310/files/pkg-message.in                 |  59 ++++++++
 www/moodle310/pkg-descr                            |   7 +
 www/moodle35/Makefile                              |   3 +-
 www/moodle37/Makefile                              |   6 +-
 www/moodle38/Makefile                              |   3 +-
 www/moodle39/Makefile                              |   3 +-
 www/netsurf/Makefile                               |   1 +
 x11-clocks/cairo-clock/Makefile                    |   1 +
 x11-fm/librfm/Makefile                             |   1 +
 x11-fm/rodent/Makefile                             |   2 +-
 x11-themes/adapta-gtk-theme/Makefile               |   1 +
 x11-themes/gnome-icons-elementary/Makefile         |   1 +
 x11-themes/gnome-icons-gartoon-redux/Makefile      |   6 +-
 x11-themes/gnome-themes-extra/Makefile             |   2 +-
 x11-themes/greybird-theme/Makefile                 |   1 +
 x11-toolkits/gnome-sharp20/Makefile                |   2 +-
 x11-toolkits/gtk30/Makefile                        |   8 +-
 x11-toolkits/ocaml-lablgtk2/Makefile               |   1 +
 x11-wm/afterstep-stable/Makefile                   |   2 +-
 x11-wm/compiz/Makefile                             |   2 +-
 x11-wm/fvwm2/Makefile                              |   1 +
 x11-wm/jwm/Makefile                                |   1 +
 x11-wm/lxappearance-obconf/Makefile                |   1 +
 x11-wm/obconf-qt/Makefile                          |   1 +
 x11-wm/openbox/Makefile                            |   2 +-
 x11/eaglemode/Makefile                             |   2 +-
 x11/florence/Makefile                              |   2 +-
 x11/gnome-pie/Makefile                             |   2 +-
 x11/jgmenu/Makefile                                |   1 +
 x11/lavalauncher/Makefile                          |   5 +-
 x11/mate-panel/Makefile                            |   2 +-
 x11/mate-session-manager/Makefile                  |   1 +
 x11/rofi/Makefile                                  |   1 +
 x11/roxterm/Makefile                               |   1 +
 x11/tint/Makefile                                  |   1 +
 x11/xfce4-conf/Makefile                            |   2 +-
 x11/xfce4-conf/distinfo                            |   6 +-
 x11/xxkb/Makefile                                  |   1 +
 184 files changed, 736 insertions(+), 390 deletions(-)
 create mode 100644 databases/galera26/files/patch-galerautils_SConscript
 create mode 100644 databases/galera26/files/patch-galerautils_src_gu__byteswap.h
 create mode 100644 databases/galera26/files/patch-galerautils_src_gu__crc32c__arm64.c
 create mode 100644 dns/dog/Makefile
 create mode 100644 dns/dog/distinfo
 create mode 100644 dns/dog/pkg-descr
 create mode 100644 dns/dog/pkg-plist
 delete mode 100644 emulators/riscv-fesvr/Makefile
 delete mode 100644 emulators/riscv-fesvr/distinfo
 delete mode 100644 emulators/riscv-fesvr/pkg-descr
 delete mode 100644 emulators/riscv-fesvr/pkg-plist
 delete mode 100644 emulators/riscv-isa-sim/files/patch-Makefile.in
 delete mode 100644 emulators/riscv-isa-sim/files/patch-riscv_insn__template.cc
 delete mode 100644 emulators/riscv-isa-sim/files/patch-riscv_riscv.mk.in
 create mode 100644 www/moodle310/Makefile
 create mode 100644 www/moodle310/distinfo
 create mode 100644 www/moodle310/files/pkg-message.in
 create mode 100644 www/moodle310/pkg-descr
=============================
HardenedBSD Master git Server
=============================

Please note that connections and activity to this server are logged.
This server, git-01.md.hardenedbsd.org, acts as the source-of-truth
server for the HardenedBSD repositories.

Banner last updated: 10 Feb 2020 09:32 EST

remote: To github.com:HardenedBSD/hardenedbsd-ports.git        
remote:    c8651e31cadc..7e9074c186d4  master -> master        
remote:    dd78cf5de755..c8651e31cadc  github/master -> github/master        
remote:  ! [remote rejected]           refs/pull/10/head -> refs/pull/10/head (deny updating a hidden ref)
remote:  ! [remote rejected]           refs/pull/11/head -> refs/pull/11/head (deny updating a hidden ref)        
remote:  ! [remote rejected]           refs/pull/12/head -> refs/pull/12/head (deny updating a hidden ref)        
remote:  ! [remote rejected]           refs/pull/2/head -> refs/pull/2/head (deny updating a hidden ref)        
remote:  ! [remote rejected]           refs/pull/9/head -> refs/pull/9/head (deny updating a hidden ref)        
remote: error: failed to push some refs to 'github.com:HardenedBSD/hardenedbsd-ports.git'        
remote: . Processing 1 references        
remote: Processed 1 references in total        
To git-01.md.hardenedbsd.org:HardenedBSD/hardenedbsd-ports.git
   c8651e31cadc..7e9074c186d4  master -> master
==== END: master ====
