==== BEGIN: master ====
current branch: master
mergeable branch: github/master
==== change branch ====
Already on 'master'
Your branch is up to date with 'origin/master'.
==== show current branch ====
* master
==== check for stale changes ====
==== update to latest origin ====
warning: Pulling without specifying how to reconcile divergent branches is
discouraged. You can squelch this message by running one of the following
commands sometime before your next pull:

  git config pull.rebase false  # merge (the default strategy)
  git config pull.rebase true   # rebase
  git config pull.ff only       # fast-forward only

You can replace "git config" with "git config --global" to set a default
preference for all repositories. You can also pass --rebase, --no-rebase,
or --ff-only on the command line to override the configured default per
invocation.

=============================
HardenedBSD Master git Server
=============================

Please note that connections and activity to this server are logged.
This server, git-01.md.hardenedbsd.org, acts as the source-of-truth
server for the HardenedBSD repositories.

Banner last updated: 10 Feb 2020 09:32 EST

Already up to date.
==== merge branches ====
==== merge github/master branch ====
Already up to date.
=============================
HardenedBSD Master git Server
=============================

Please note that connections and activity to this server are logged.
This server, git-01.md.hardenedbsd.org, acts as the source-of-truth
server for the HardenedBSD repositories.

Banner last updated: 10 Feb 2020 09:32 EST

Everything up-to-date
==== END: master ====
==== BEGIN: master ====
current branch: master
mergeable branch: freebsd/master
==== change branch ====
Already on 'master'
Your branch is up to date with 'origin/master'.
==== show current branch ====
* master
==== check for stale changes ====
==== update to latest origin ====
warning: Pulling without specifying how to reconcile divergent branches is
discouraged. You can squelch this message by running one of the following
commands sometime before your next pull:

  git config pull.rebase false  # merge (the default strategy)
  git config pull.rebase true   # rebase
  git config pull.ff only       # fast-forward only

You can replace "git config" with "git config --global" to set a default
preference for all repositories. You can also pass --rebase, --no-rebase,
or --ff-only on the command line to override the configured default per
invocation.

=============================
HardenedBSD Master git Server
=============================

Please note that connections and activity to this server are logged.
This server, git-01.md.hardenedbsd.org, acts as the source-of-truth
server for the HardenedBSD repositories.

Banner last updated: 10 Feb 2020 09:32 EST

Already up to date.
==== merge branches ====
==== merge freebsd/master branch ====
Removing x11-wm/spectrwm/files/patch-6c1a7ca.c
Removing www/redmine/pkg-plist
Removing www/redmine/pkg-message
Removing www/redmine/pkg-descr
Removing www/redmine/files/thin.rb
Removing www/redmine/files/rmagic.rb
Removing www/redmine/files/redmine.in
Removing www/redmine/files/pg.rb
Removing www/redmine/files/patch-Gemfile
Removing www/redmine/files/mysql.rb
Removing www/redmine/files/markdown.rb
Removing www/redmine/distinfo
Removing www/redmine/bsd.redmine.mk
Removing www/redmine/Makefile
Removing www/redmine-wiki_notes/pkg-descr
Removing www/redmine-wiki_notes/distinfo
Removing www/redmine-wiki_notes/Makefile
Removing www/redmine-single_auth/pkg-descr
Removing www/redmine-single_auth/files/patch-app_helpers_single__auth__helper.rb
Removing www/redmine-single_auth/distinfo
Removing www/redmine-single_auth/Makefile
Removing www/redmine-redcarpet_formatter/pkg-descr
Removing www/redmine-redcarpet_formatter/files/patch-lib_redmine_wiki__formatting_markdown_helper.rb
Removing www/redmine-redcarpet_formatter/files/patch-lib_redmine_wiki__formatting_markdown_formatter.rb
Removing www/redmine-redcarpet_formatter/files/patch-init.rb
Removing www/redmine-redcarpet_formatter/files/patch-Gemfile
Removing www/redmine-redcarpet_formatter/distinfo
Removing www/redmine-redcarpet_formatter/Makefile
Removing www/redmine-qa_contact/pkg-descr
Removing www/redmine-qa_contact/distinfo
Removing www/redmine-qa_contact/Makefile
Removing www/redmine-ldap_sync/pkg-descr
Removing www/redmine-ldap_sync/distinfo
Removing www/redmine-ldap_sync/Makefile
Removing www/redmine-knowledgebase/pkg-descr
Removing www/redmine-knowledgebase/files/patch-Gemfile
Removing www/redmine-knowledgebase/distinfo
Removing www/redmine-knowledgebase/Makefile
Removing www/redmine-issue_templates/pkg-descr
Removing www/redmine-issue_templates/files/patch-Gemfile
Removing www/redmine-issue_templates/distinfo
Removing www/redmine-issue_templates/Makefile
Removing www/redmine-http-auth/pkg-descr
Removing www/redmine-http-auth/distinfo
Removing www/redmine-http-auth/Makefile
Removing www/redmine-graphs/pkg-descr
Removing www/redmine-graphs/distinfo
Removing www/redmine-graphs/Makefile
Removing www/redmine-default_assign/pkg-descr
Removing www/redmine-default_assign/distinfo
Removing www/redmine-default_assign/Makefile
Removing www/redmine-basecamp/pkg-descr
Removing www/redmine-basecamp/distinfo
Removing www/redmine-basecamp/Makefile
Removing www/redmine-a_common_libs/pkg-descr
Removing www/redmine-a_common_libs/distinfo
Removing www/redmine-a_common_libs/Makefile
Removing www/newsboat/files/patch-src-newsblurapi.cpp
Merge made by the 'recursive' strategy.
 MOVED                                              |   13 +
 misc/e2fsprogs-libblkid/Makefile                   |    2 +-
 print/xpp/Makefile                                 |    6 +-
 security/krb5-devel/Makefile                       |    4 +-
 security/krb5-devel/distinfo                       |    6 +-
 security/vuxml/vuln.xml                            |    3 +-
 sysutils/Makefile                                  |    1 +
 sysutils/cfengine-devel/Makefile                   |    6 +-
 sysutils/cfengine-devel/distinfo                   |   10 +-
 sysutils/cfengine-masterfiles-devel/Makefile       |    4 +-
 sysutils/cfengine-masterfiles-devel/distinfo       |    6 +-
 sysutils/e2fsprogs/Makefile                        |    3 +-
 sysutils/e2fsprogs/files/patch-lib_blkid_devname.c |  110 +
 sysutils/e2fsprogs/files/patch-misc_blkid.8.in     |   17 +
 sysutils/syslog-ng328/Makefile                     |  238 +++
 sysutils/syslog-ng328/distinfo                     |    3 +
 sysutils/syslog-ng328/files/patch-configure        |   29 +
 sysutils/syslog-ng328/files/pkg-message.in         |   33 +
 sysutils/syslog-ng328/files/syslog-ng.conf.sample  |  185 ++
 sysutils/syslog-ng328/files/syslog-ng.in           |   46 +
 sysutils/syslog-ng328/pkg-descr                    |   17 +
 sysutils/syslog-ng328/pkg-plist                    |  385 ++++
 www/Makefile                                       |   13 -
 www/firefox/Makefile                               |    4 +-
 www/firefox/distinfo                               |    6 +-
 www/newsboat/Makefile                              |   61 +-
 www/newsboat/distinfo                              |  114 +-
 www/newsboat/files/patch-src-newsblurapi.cpp       |   73 -
 www/newsboat/pkg-plist                             |    3 +-
 www/redmine-a_common_libs/Makefile                 |   25 -
 www/redmine-a_common_libs/distinfo                 |    3 -
 www/redmine-a_common_libs/pkg-descr                |    3 -
 www/redmine-basecamp/Makefile                      |   33 -
 www/redmine-basecamp/distinfo                      |    2 -
 www/redmine-basecamp/pkg-descr                     |    6 -
 www/redmine-default_assign/Makefile                |   22 -
 www/redmine-default_assign/distinfo                |    3 -
 www/redmine-default_assign/pkg-descr               |    4 -
 www/redmine-graphs/Makefile                        |   23 -
 www/redmine-graphs/distinfo                        |    3 -
 www/redmine-graphs/pkg-descr                       |    4 -
 www/redmine-http-auth/Makefile                     |   22 -
 www/redmine-http-auth/distinfo                     |    2 -
 www/redmine-http-auth/pkg-descr                    |    3 -
 www/redmine-issue_templates/Makefile               |   24 -
 www/redmine-issue_templates/distinfo               |    2 -
 www/redmine-issue_templates/files/patch-Gemfile    |   19 -
 www/redmine-issue_templates/pkg-descr              |    4 -
 www/redmine-knowledgebase/Makefile                 |   28 -
 www/redmine-knowledgebase/distinfo                 |    3 -
 www/redmine-knowledgebase/files/patch-Gemfile      |    7 -
 www/redmine-knowledgebase/pkg-descr                |    4 -
 www/redmine-ldap_sync/Makefile                     |   26 -
 www/redmine-ldap_sync/distinfo                     |    3 -
 www/redmine-ldap_sync/pkg-descr                    |    4 -
 www/redmine-qa_contact/Makefile                    |   21 -
 www/redmine-qa_contact/distinfo                    |    2 -
 www/redmine-qa_contact/pkg-descr                   |    3 -
 www/redmine-redcarpet_formatter/Makefile           |   59 -
 www/redmine-redcarpet_formatter/distinfo           |    2 -
 .../files/patch-Gemfile                            |    6 -
 .../files/patch-init.rb                            |   21 -
 ..._redmine_wiki__formatting_markdown_formatter.rb |   11 -
 ...lib_redmine_wiki__formatting_markdown_helper.rb |   11 -
 www/redmine-redcarpet_formatter/pkg-descr          |    8 -
 www/redmine-single_auth/Makefile                   |   26 -
 www/redmine-single_auth/distinfo                   |    3 -
 .../patch-app_helpers_single__auth__helper.rb      |   18 -
 www/redmine-single_auth/pkg-descr                  |    6 -
 www/redmine-wiki_notes/Makefile                    |   23 -
 www/redmine-wiki_notes/distinfo                    |    2 -
 www/redmine-wiki_notes/pkg-descr                   |    3 -
 www/redmine/Makefile                               |  117 --
 www/redmine/bsd.redmine.mk                         |   80 -
 www/redmine/distinfo                               |    3 -
 www/redmine/files/markdown.rb                      |    1 -
 www/redmine/files/mysql.rb                         |    1 -
 www/redmine/files/patch-Gemfile                    |  128 --
 www/redmine/files/pg.rb                            |    1 -
 www/redmine/files/redmine.in                       |   40 -
 www/redmine/files/rmagic.rb                        |    1 -
 www/redmine/files/thin.rb                          |    1 -
 www/redmine/pkg-descr                              |   23 -
 www/redmine/pkg-message                            |   18 -
 www/redmine/pkg-plist                              | 2137 --------------------
 x11-wm/spectrwm/Makefile                           |    2 +-
 x11-wm/spectrwm/distinfo                           |    6 +-
 x11-wm/spectrwm/files/patch-6c1a7ca.c              |   42 -
 88 files changed, 1197 insertions(+), 3312 deletions(-)
 create mode 100644 sysutils/e2fsprogs/files/patch-lib_blkid_devname.c
 create mode 100644 sysutils/e2fsprogs/files/patch-misc_blkid.8.in
 create mode 100644 sysutils/syslog-ng328/Makefile
 create mode 100644 sysutils/syslog-ng328/distinfo
 create mode 100644 sysutils/syslog-ng328/files/patch-configure
 create mode 100644 sysutils/syslog-ng328/files/pkg-message.in
 create mode 100644 sysutils/syslog-ng328/files/syslog-ng.conf.sample
 create mode 100644 sysutils/syslog-ng328/files/syslog-ng.in
 create mode 100644 sysutils/syslog-ng328/pkg-descr
 create mode 100644 sysutils/syslog-ng328/pkg-plist
 delete mode 100644 www/newsboat/files/patch-src-newsblurapi.cpp
 delete mode 100644 www/redmine-a_common_libs/Makefile
 delete mode 100644 www/redmine-a_common_libs/distinfo
 delete mode 100644 www/redmine-a_common_libs/pkg-descr
 delete mode 100644 www/redmine-basecamp/Makefile
 delete mode 100644 www/redmine-basecamp/distinfo
 delete mode 100644 www/redmine-basecamp/pkg-descr
 delete mode 100644 www/redmine-default_assign/Makefile
 delete mode 100644 www/redmine-default_assign/distinfo
 delete mode 100644 www/redmine-default_assign/pkg-descr
 delete mode 100644 www/redmine-graphs/Makefile
 delete mode 100644 www/redmine-graphs/distinfo
 delete mode 100644 www/redmine-graphs/pkg-descr
 delete mode 100644 www/redmine-http-auth/Makefile
 delete mode 100644 www/redmine-http-auth/distinfo
 delete mode 100644 www/redmine-http-auth/pkg-descr
 delete mode 100644 www/redmine-issue_templates/Makefile
 delete mode 100644 www/redmine-issue_templates/distinfo
 delete mode 100644 www/redmine-issue_templates/files/patch-Gemfile
 delete mode 100644 www/redmine-issue_templates/pkg-descr
 delete mode 100644 www/redmine-knowledgebase/Makefile
 delete mode 100644 www/redmine-knowledgebase/distinfo
 delete mode 100644 www/redmine-knowledgebase/files/patch-Gemfile
 delete mode 100644 www/redmine-knowledgebase/pkg-descr
 delete mode 100644 www/redmine-ldap_sync/Makefile
 delete mode 100644 www/redmine-ldap_sync/distinfo
 delete mode 100644 www/redmine-ldap_sync/pkg-descr
 delete mode 100644 www/redmine-qa_contact/Makefile
 delete mode 100644 www/redmine-qa_contact/distinfo
 delete mode 100644 www/redmine-qa_contact/pkg-descr
 delete mode 100644 www/redmine-redcarpet_formatter/Makefile
 delete mode 100644 www/redmine-redcarpet_formatter/distinfo
 delete mode 100644 www/redmine-redcarpet_formatter/files/patch-Gemfile
 delete mode 100644 www/redmine-redcarpet_formatter/files/patch-init.rb
 delete mode 100644 www/redmine-redcarpet_formatter/files/patch-lib_redmine_wiki__formatting_markdown_formatter.rb
 delete mode 100644 www/redmine-redcarpet_formatter/files/patch-lib_redmine_wiki__formatting_markdown_helper.rb
 delete mode 100644 www/redmine-redcarpet_formatter/pkg-descr
 delete mode 100644 www/redmine-single_auth/Makefile
 delete mode 100644 www/redmine-single_auth/distinfo
 delete mode 100644 www/redmine-single_auth/files/patch-app_helpers_single__auth__helper.rb
 delete mode 100644 www/redmine-single_auth/pkg-descr
 delete mode 100644 www/redmine-wiki_notes/Makefile
 delete mode 100644 www/redmine-wiki_notes/distinfo
 delete mode 100644 www/redmine-wiki_notes/pkg-descr
 delete mode 100644 www/redmine/Makefile
 delete mode 100644 www/redmine/bsd.redmine.mk
 delete mode 100644 www/redmine/distinfo
 delete mode 100644 www/redmine/files/markdown.rb
 delete mode 100644 www/redmine/files/mysql.rb
 delete mode 100644 www/redmine/files/patch-Gemfile
 delete mode 100644 www/redmine/files/pg.rb
 delete mode 100644 www/redmine/files/redmine.in
 delete mode 100644 www/redmine/files/rmagic.rb
 delete mode 100644 www/redmine/files/thin.rb
 delete mode 100644 www/redmine/pkg-descr
 delete mode 100644 www/redmine/pkg-message
 delete mode 100644 www/redmine/pkg-plist
 delete mode 100644 x11-wm/spectrwm/files/patch-6c1a7ca.c
=============================
HardenedBSD Master git Server
=============================

Please note that connections and activity to this server are logged.
This server, git-01.md.hardenedbsd.org, acts as the source-of-truth
server for the HardenedBSD repositories.

Banner last updated: 10 Feb 2020 09:32 EST

remote: To github.com:HardenedBSD/hardenedbsd-ports.git        
remote:    a6cc954d1c18..23e76cd01455  master -> master        
remote:    85c8e87a4122..a6cc954d1c18  github/master -> github/master        
remote:  ! [remote rejected]           refs/pull/2/head -> refs/pull/2/head (deny updating a hidden ref)        
remote: error: failed to push some refs to 'github.com:HardenedBSD/hardenedbsd-ports.git'        
To git-01.md.hardenedbsd.org:HardenedBSD/hardenedbsd-ports.git
   a6cc954d1c18..23e76cd01455  master -> master
==== END: master ====
