==== BEGIN: master ====
current branch: master
mergeable branch: github/master
==== change branch ====
Already on 'master'
Your branch is up to date with 'origin/master'.
==== show current branch ====
* master
==== check for stale changes ====
==== update to latest origin ====
Already up to date.
==== merge branches ====
==== merge github/master branch ====
Already up to date.
Everything up-to-date
==== END: master ====
==== BEGIN: master ====
current branch: master
mergeable branch: freebsd/master
==== change branch ====
Already on 'master'
Your branch is up to date with 'origin/master'.
==== show current branch ====
* master
==== check for stale changes ====
==== update to latest origin ====
Already up to date.
==== merge branches ====
==== merge freebsd/master branch ====
Removing security/nmap/files/patch-nping_configure
Removing security/nmap/files/patch-ncat_configure
Auto-merging security/nmap/Makefile
Auto-merging security/keepassxc/Makefile
Removing devel/py-curtsies/files/patch-setup.py
Merge made by the 'recursive' strategy.
 MOVED                                              |   1 -
 cad/Makefile                                       |   1 +
 cad/gerbv/Makefile                                 |  78 +++++++++++
 cad/gerbv/distinfo                                 |   3 +
 cad/gerbv/pkg-descr                                |  19 +++
 cad/gerbv/pkg-plist                                | 148 +++++++++++++++++++++
 comms/wsjtx/Makefile                               |   3 +-
 comms/wsjtx/distinfo                               |   6 +-
 comms/wsjtx/files/wsjtx.patch                      | 116 +---------------
 databases/rubygem-flipper-active_record/Makefile   |   2 +-
 databases/rubygem-flipper-active_record/distinfo   |   6 +-
 databases/sqlitestudio/Makefile                    |  24 ++--
 databases/sqlitestudio/distinfo                    |   6 +-
 devel/ghq/Makefile                                 |  10 +-
 devel/ghq/distinfo                                 |  22 +--
 devel/github-backup-utils/Makefile                 |  32 ++---
 devel/github-backup-utils/distinfo                 |   6 +-
 devel/github-backup-utils/pkg-descr                |   2 +-
 devel/github-backup-utils/pkg-plist                |  43 +++---
 devel/py-curtsies/Makefile                         |   8 +-
 devel/py-curtsies/distinfo                         |   6 +-
 devel/py-curtsies/files/patch-setup.py             |  11 --
 devel/rubygem-aws-sdk-core2/Makefile               |   2 +-
 devel/rubygem-aws-sdk-core2/distinfo               |   6 +-
 devel/rubygem-aws-sdk-resources2/Makefile          |   2 +-
 devel/rubygem-aws-sdk-resources2/distinfo          |   6 +-
 devel/rubygem-aws-sdk2/Makefile                    |   2 +-
 devel/rubygem-aws-sdk2/distinfo                    |   6 +-
 .../Makefile                                       |   2 +-
 .../distinfo                                       |   6 +-
 devel/rubygem-flipper-ui/Makefile                  |   2 +-
 devel/rubygem-flipper-ui/distinfo                  |   6 +-
 devel/rubygem-flipper/Makefile                     |   2 +-
 devel/rubygem-flipper/distinfo                     |   6 +-
 devel/rubygem-parser/Makefile                      |   2 +-
 devel/rubygem-parser/distinfo                      |   6 +-
 dns/py-dns-lexicon/Makefile                        |   2 +-
 dns/py-dns-lexicon/distinfo                        |   6 +-
 graphics/graphene/pkg-plist                        |   1 +
 graphics/py-mapclassify/Makefile                   |   5 +-
 graphics/py-mapclassify/distinfo                   |   6 +-
 multimedia/mkvtoolnix/Makefile                     |   3 +-
 multimedia/mkvtoolnix/distinfo                     |   6 +-
 multimedia/mkvtoolnix/pkg-plist                    |  20 +++
 net/geoipupdate/Makefile                           |   2 +
 net/geoipupdate/files/pkg-message.in               |  28 ++++
 security/keepassxc/Makefile                        |   2 +-
 security/keepassxc/distinfo                        |   6 +-
 security/keepassxc/pkg-plist                       |   2 +
 security/nmap/Makefile                             |   9 ++
 security/nmap/files/patch-configure                |   9 --
 security/nmap/files/patch-ncat_configure           |  11 --
 security/nmap/files/patch-nping_configure          |  11 --
 sysutils/k3b/pkg-message                           |  14 +-
 www/py-instabot/Makefile                           |   2 +-
 www/py-instabot/distinfo                           |   6 +-
 56 files changed, 457 insertions(+), 303 deletions(-)
 create mode 100644 cad/gerbv/Makefile
 create mode 100644 cad/gerbv/distinfo
 create mode 100644 cad/gerbv/pkg-descr
 create mode 100644 cad/gerbv/pkg-plist
 delete mode 100644 devel/py-curtsies/files/patch-setup.py
 create mode 100644 net/geoipupdate/files/pkg-message.in
 delete mode 100644 security/nmap/files/patch-ncat_configure
 delete mode 100644 security/nmap/files/patch-nping_configure
remote: To github.com:HardenedBSD/hardenedbsd-ports.git        
remote:    a2f70d91a64b..6b523eca98a2  master -> master        
remote:    993747afcf0c..a2f70d91a64b  github/master -> github/master
To git-01.md.hardenedbsd.org:HardenedBSD/hardenedbsd-ports.git
   a2f70d91a64b..6b523eca98a2  master -> master
==== END: master ====
