==== BEGIN: master ====
current branch: master
mergeable branch: github/master
==== change branch ====
Already on 'master'
Your branch is up to date with 'origin/master'.
==== show current branch ====
* master
==== check for stale changes ====
==== update to latest origin ====
warning: Pulling without specifying how to reconcile divergent branches is
discouraged. You can squelch this message by running one of the following
commands sometime before your next pull:

  git config pull.rebase false  # merge (the default strategy)
  git config pull.rebase true   # rebase
  git config pull.ff only       # fast-forward only

You can replace "git config" with "git config --global" to set a default
preference for all repositories. You can also pass --rebase, --no-rebase,
or --ff-only on the command line to override the configured default per
invocation.

=============================
HardenedBSD Master git Server
=============================

Please note that connections and activity to this server are logged.
This server, git-01.md.hardenedbsd.org, acts as the source-of-truth
server for the HardenedBSD repositories.

Banner last updated: 10 Feb 2020 09:32 EST

Already up to date.
==== merge branches ====
==== merge github/master branch ====
Already up to date.
=============================
HardenedBSD Master git Server
=============================

Please note that connections and activity to this server are logged.
This server, git-01.md.hardenedbsd.org, acts as the source-of-truth
server for the HardenedBSD repositories.

Banner last updated: 10 Feb 2020 09:32 EST

Everything up-to-date
==== END: master ====
==== BEGIN: master ====
current branch: master
mergeable branch: freebsd/master
==== change branch ====
Already on 'master'
Your branch is up to date with 'origin/master'.
==== show current branch ====
* master
==== check for stale changes ====
==== update to latest origin ====
warning: Pulling without specifying how to reconcile divergent branches is
discouraged. You can squelch this message by running one of the following
commands sometime before your next pull:

  git config pull.rebase false  # merge (the default strategy)
  git config pull.rebase true   # rebase
  git config pull.ff only       # fast-forward only

You can replace "git config" with "git config --global" to set a default
preference for all repositories. You can also pass --rebase, --no-rebase,
or --ff-only on the command line to override the configured default per
invocation.

=============================
HardenedBSD Master git Server
=============================

Please note that connections and activity to this server are logged.
This server, git-01.md.hardenedbsd.org, acts as the source-of-truth
server for the HardenedBSD repositories.

Banner last updated: 10 Feb 2020 09:32 EST

Already up to date.
==== merge branches ====
==== merge freebsd/master branch ====
Auto-merging shells/bash/Makefile
Merge made by the 'recursive' strategy.
 UPDATING                                |  14 +++
 devel/Makefile                          |   1 +
 devel/aml/Makefile                      |  21 ++++
 devel/aml/distinfo                      |   3 +
 devel/aml/pkg-descr                     |  21 ++++
 devel/aml/pkg-plist                     |   5 +
 dns/coredns/Makefile                    |  93 +++++++++--------
 dns/coredns/distinfo                    | 176 +++++++++++++++++---------------
 editors/encryptpad/Makefile             |   9 +-
 editors/o/Makefile                      |   9 +-
 editors/o/distinfo                      |  20 ++--
 mail/sendmail/files/patch-notify.c      |  26 +++++
 math/vampire/Makefile                   |   2 +-
 math/vampire/distinfo                   |   6 +-
 math/vampire/files/patch-Makefile       |   6 +-
 math/zegrapher/Makefile                 |   3 +-
 math/zegrapher/distinfo                 |   6 +-
 misc/cheat/Makefile                     |   2 +-
 misc/cheat/distinfo                     |   6 +-
 multimedia/dtv-scan-tables/Makefile     |   2 +-
 multimedia/dtv-scan-tables/distinfo     |   6 +-
 multimedia/dtv-scan-tables/pkg-plist    |   1 +
 net-p2p/xmrig/Makefile                  |   2 +-
 net-p2p/xmrig/distinfo                  |   6 +-
 net/guacamole-server/Makefile           |   4 +-
 net/guacamole-server/distinfo           |   6 +-
 net/guacamole-server/pkg-plist          |   4 +-
 net/neatvnc/Makefile                    |   8 +-
 net/neatvnc/distinfo                    |   6 +-
 net/neatvnc/files/patch-default-target  |  16 ++-
 net/wayvnc/Makefile                     |  17 ++-
 net/wayvnc/distinfo                     |  10 +-
 science/jmol/Makefile                   |   2 +-
 science/jmol/distinfo                   |   6 +-
 science/plumed/Makefile                 |   2 +-
 science/plumed/distinfo                 |   6 +-
 science/plumed/pkg-plist                |  57 +++++++----
 security/sops/Makefile                  |  51 +++++++--
 security/sops/distinfo                  |  62 +++++++++--
 shells/bash/Makefile                    |   4 +-
 sysutils/Makefile                       |   2 +
 sysutils/conan/Makefile                 |   2 +-
 sysutils/conan/distinfo                 |   6 +-
 sysutils/p5-File-BackupCopy/Makefile    |  19 ++++
 sysutils/p5-File-BackupCopy/distinfo    |   3 +
 sysutils/p5-File-BackupCopy/pkg-descr   |  12 +++
 sysutils/p5-File-BackupCopy/pkg-plist   |   2 +
 sysutils/p5-File-Cmp/Makefile           |  17 +++
 sysutils/p5-File-Cmp/distinfo           |   3 +
 sysutils/p5-File-Cmp/pkg-descr          |   4 +
 sysutils/p5-File-Cmp/pkg-plist          |   2 +
 www/gobuffalo/Makefile                  |   2 +-
 www/gobuffalo/distinfo                  |   6 +-
 www/guacamole-client/Makefile           |   4 +-
 www/guacamole-client/distinfo           |  10 +-
 www/guacamole-client/pkg-plist          |   1 +
 x11-servers/xwayland-devel/Makefile     |  11 +-
 x11-servers/xwayland-devel/distinfo     |  10 +-
 x11-wm/wayfire/files/patch-wlroots-0.11 |   1 +
 59 files changed, 548 insertions(+), 276 deletions(-)
 create mode 100644 devel/aml/Makefile
 create mode 100644 devel/aml/distinfo
 create mode 100644 devel/aml/pkg-descr
 create mode 100644 devel/aml/pkg-plist
 create mode 100644 mail/sendmail/files/patch-notify.c
 create mode 100644 sysutils/p5-File-BackupCopy/Makefile
 create mode 100644 sysutils/p5-File-BackupCopy/distinfo
 create mode 100644 sysutils/p5-File-BackupCopy/pkg-descr
 create mode 100644 sysutils/p5-File-BackupCopy/pkg-plist
 create mode 100644 sysutils/p5-File-Cmp/Makefile
 create mode 100644 sysutils/p5-File-Cmp/distinfo
 create mode 100644 sysutils/p5-File-Cmp/pkg-descr
 create mode 100644 sysutils/p5-File-Cmp/pkg-plist
=============================
HardenedBSD Master git Server
=============================

Please note that connections and activity to this server are logged.
This server, git-01.md.hardenedbsd.org, acts as the source-of-truth
server for the HardenedBSD repositories.

Banner last updated: 10 Feb 2020 09:32 EST

remote: To github.com:HardenedBSD/hardenedbsd-ports.git        
remote:    fe9ad06f1d6e..672f73bf4b2b  master -> master        
remote:    8df17c300b71..fe9ad06f1d6e  github/master -> github/master        
remote:  ! [remote rejected]           refs/pull/2/head -> refs/pull/2/head (deny updating a hidden ref)        
remote: error: failed to push some refs to 'github.com:HardenedBSD/hardenedbsd-ports.git'        
To git-01.md.hardenedbsd.org:HardenedBSD/hardenedbsd-ports.git
   fe9ad06f1d6e..672f73bf4b2b  master -> master
==== END: master ====
