==== BEGIN: master ====
current branch: master
mergeable branch: github/master
==== change branch ====
Already on 'master'
Your branch is up to date with 'origin/master'.
==== show current branch ====
* master
==== check for stale changes ====
==== update to latest origin ====
=============================
HardenedBSD Master git Server
=============================

Please note that connections and activity to this server are logged.
This server, git-01.md.hardenedbsd.org, acts as the source-of-truth
server for the HardenedBSD repositories.

Banner last updated: 10 Feb 2020 09:32 EST

Already up to date.
==== merge branches ====
==== merge github/master branch ====
Already up to date.
=============================
HardenedBSD Master git Server
=============================

Please note that connections and activity to this server are logged.
This server, git-01.md.hardenedbsd.org, acts as the source-of-truth
server for the HardenedBSD repositories.

Banner last updated: 10 Feb 2020 09:32 EST

Everything up-to-date
==== END: master ====
==== BEGIN: master ====
current branch: master
mergeable branch: freebsd/master
==== change branch ====
Already on 'master'
Your branch is up to date with 'origin/master'.
==== show current branch ====
* master
==== check for stale changes ====
==== update to latest origin ====
=============================
HardenedBSD Master git Server
=============================

Please note that connections and activity to this server are logged.
This server, git-01.md.hardenedbsd.org, acts as the source-of-truth
server for the HardenedBSD repositories.

Banner last updated: 10 Feb 2020 09:32 EST

Already up to date.
==== merge branches ====
==== merge freebsd/master branch ====
Merge made by the 'recursive' strategy.
 devel/R-cran-vcd/Makefile                          |    4 +-
 devel/R-cran-vcd/distinfo                          |    6 +-
 mail/mailman/Makefile                              |    5 +-
 mail/mailman/files/patch-bin_check__perms          |   15 +-
 mail/mailman/files/pkg-install.in                  |   39 +-
 mail/mailman/files/pkg-message.in                  |   36 +-
 mail/mailman/files/templates_site_README.txt       |    5 +
 mail/mailman/pkg-plist                             | 3473 ++++++++++----------
 math/R-cran-forcats/Makefile                       |    3 +-
 math/R-cran-forcats/distinfo                       |    6 +-
 math/R-cran-gss/Makefile                           |    5 +-
 math/R-cran-gss/distinfo                           |    6 +-
 math/R-cran-haven/Makefile                         |    8 +-
 math/R-cran-haven/distinfo                         |    6 +-
 math/R-cran-quadprog/Makefile                      |    3 +-
 math/R-cran-quadprog/distinfo                      |    5 +-
 net-im/Makefile                                    |    2 +
 net-im/jicofo/Makefile                             |   64 +
 net-im/jicofo/distinfo                             |    5 +
 net-im/jicofo/files/jicofo.in                      |   87 +
 net-im/jicofo/files/pkg-message.in                 |   30 +
 net-im/jicofo/pkg-descr                            |    4 +
 net-im/jicofo/pkg-plist                            |    3 +
 net-im/jitsi-videobridge/Makefile                  |   68 +
 net-im/jitsi-videobridge/distinfo                  |    5 +
 .../jitsi-videobridge/files/jitsi-videobridge.in   |   83 +
 net-im/jitsi-videobridge/files/pkg-message.in      |   36 +
 net-im/jitsi-videobridge/pkg-descr                 |    5 +
 net-im/jitsi-videobridge/pkg-plist                 |    4 +
 net-p2p/py-tremc/Makefile                          |    2 +-
 net-p2p/py-tremc/files/patch-tremc                 |   14 +
 textproc/Makefile                                  |    1 +
 textproc/py-iso-639/Makefile                       |   24 +
 textproc/py-iso-639/distinfo                       |    3 +
 textproc/py-iso-639/files/patch-setup.py           |   18 +
 textproc/py-iso-639/pkg-descr                      |    3 +
 www/Makefile                                       |    1 +
 www/jitsi-meet/Makefile                            |   27 +
 www/jitsi-meet/distinfo                            |    3 +
 www/jitsi-meet/files/pkg-message.in                |   24 +
 www/jitsi-meet/pkg-descr                           |   11 +
 www/jitsi-meet/pkg-plist                           |  199 ++
 www/nginx-devel/Makefile                           |    2 +-
 www/nginx-devel/Makefile.extmod                    |   13 +-
 .../files/extra-patch-nginx-notice-config          |   13 +
 .../files/extra-patch-nginx_mogilefs_module-config |   13 +
 .../extra-patch-ngx_http_json_status_module-config |   12 +
 www/nginx-devel/pkg-plist                          |    3 +
 www/pomerium/Makefile                              |   10 +-
 www/pomerium/distinfo                              |   10 +-
 www/xoops/Makefile                                 |    4 +-
 www/xoops/distinfo                                 |    6 +-
 www/xoops/files/pkg-message.in                     |   12 -
 www/xoops/pkg-plist                                | 1516 ++++++---
 54 files changed, 3580 insertions(+), 2385 deletions(-)
 create mode 100644 mail/mailman/files/templates_site_README.txt
 create mode 100644 net-im/jicofo/Makefile
 create mode 100644 net-im/jicofo/distinfo
 create mode 100644 net-im/jicofo/files/jicofo.in
 create mode 100644 net-im/jicofo/files/pkg-message.in
 create mode 100644 net-im/jicofo/pkg-descr
 create mode 100644 net-im/jicofo/pkg-plist
 create mode 100644 net-im/jitsi-videobridge/Makefile
 create mode 100644 net-im/jitsi-videobridge/distinfo
 create mode 100644 net-im/jitsi-videobridge/files/jitsi-videobridge.in
 create mode 100644 net-im/jitsi-videobridge/files/pkg-message.in
 create mode 100644 net-im/jitsi-videobridge/pkg-descr
 create mode 100644 net-im/jitsi-videobridge/pkg-plist
 create mode 100644 net-p2p/py-tremc/files/patch-tremc
 create mode 100644 textproc/py-iso-639/Makefile
 create mode 100644 textproc/py-iso-639/distinfo
 create mode 100644 textproc/py-iso-639/files/patch-setup.py
 create mode 100644 textproc/py-iso-639/pkg-descr
 create mode 100644 www/jitsi-meet/Makefile
 create mode 100644 www/jitsi-meet/distinfo
 create mode 100644 www/jitsi-meet/files/pkg-message.in
 create mode 100644 www/jitsi-meet/pkg-descr
 create mode 100644 www/jitsi-meet/pkg-plist
 create mode 100644 www/nginx-devel/files/extra-patch-nginx-notice-config
 create mode 100644 www/nginx-devel/files/extra-patch-nginx_mogilefs_module-config
 create mode 100644 www/nginx-devel/files/extra-patch-ngx_http_json_status_module-config
=============================
HardenedBSD Master git Server
=============================

Please note that connections and activity to this server are logged.
This server, git-01.md.hardenedbsd.org, acts as the source-of-truth
server for the HardenedBSD repositories.

Banner last updated: 10 Feb 2020 09:32 EST

remote: From github.com:HardenedBSD/hardenedbsd-ports        
remote:    e7973a3a4764..9b26a2d673a8  master     -> github/master        
remote: To github.com:HardenedBSD/hardenedbsd-ports.git        
remote:  ! [rejected]                  master -> master (atomic push failed)        
remote:  ! [rejected]                  github/master -> github/master (atomic push failed)        
remote:  ! [remote rejected]           refs/pull/2/head -> refs/pull/2/head (deny updating a hidden ref)
remote: error: failed to push some refs to 'git@github.com:HardenedBSD/hardenedbsd-ports.git'        
To git-01.md.hardenedbsd.org:HardenedBSD/hardenedbsd-ports.git
   9b26a2d673a8..a30a98f7fe3c  master -> master
==== END: master ====
