==== BEGIN: master ====
current branch: master
mergeable branch: github/master
==== change branch ====
Already on 'master'
Your branch is up to date with 'origin/master'.
==== show current branch ====
* master
==== check for stale changes ====
==== update to latest origin ====
Already up to date.
==== merge branches ====
==== merge github/master branch ====
Already up to date.
Everything up-to-date
==== END: master ====
==== BEGIN: master ====
current branch: master
mergeable branch: freebsd/master
==== change branch ====
Already on 'master'
Your branch is up to date with 'origin/master'.
==== show current branch ====
* master
==== check for stale changes ====
==== update to latest origin ====
Already up to date.
==== merge branches ====
==== merge freebsd/master branch ====
Auto-merging sysutils/lsof/Makefile
Removing net/gnatsd/files/gnatsd.sh.in
Removing net/gnatsd/distinfo
Removing net-mgmt/netbox/files/patch-netbox_extras_api_customfields.py
Merge made by the 'recursive' strategy.
 .gitauthors                                        |   1 +
 MOVED                                              |   1 +
 UPDATING                                           |  10 +
 astro/josm/Makefile                                |   2 +-
 astro/josm/distinfo                                |   6 +-
 audio/noson-app/Makefile                           |   2 +-
 audio/noson-app/distinfo                           |   6 +-
 devel/gitlab-runner/Makefile                       | 119 +++++-
 devel/gitlab-runner/distinfo                       | 188 +++++++++-
 devel/p5-Proc-BackOff/Makefile                     |   4 +-
 devel/tbb/Makefile                                 |   2 +-
 devel/tbb/distinfo                                 |   6 +-
 graphics/Makefile                                  |   1 +
 graphics/cptutils/Makefile                         |  44 +++
 graphics/cptutils/distinfo                         |   3 +
 graphics/cptutils/pkg-descr                        |   4 +
 graphics/cptutils/pkg-plist                        |  54 +++
 multimedia/libvpx/Makefile                         |  42 +--
 multimedia/libvpx/pkg-plist                        |   8 +-
 net-mgmt/cacti/Makefile                            |  10 +-
 net-mgmt/cacti/distinfo                            |   6 +-
 net-mgmt/cacti/pkg-plist                           |  27 +-
 net-mgmt/hastmon/Makefile                          |   2 +-
 net-mgmt/hastmon/distinfo                          |   6 +-
 net-mgmt/netbox/Makefile                           |   4 +-
 net-mgmt/netbox/distinfo                           |   6 +-
 .../files/patch-netbox_extras_api_customfields.py  |  18 -
 net-mgmt/netbox/pkg-plist                          |   7 +
 net/Makefile                                       |   2 +-
 net/geoipupdate/files/pkg-message.in               |   2 +-
 net/gnatsd/distinfo                                |   3 -
 net/gnatsd/files/gnatsd.sh.in                      |  28 --
 net/{gnatsd => nats-server}/Makefile               |  16 +-
 net/nats-server/distinfo                           |  15 +
 .../gnatsd.conf => nats-server/files/nats.conf}    |   0
 net/nats-server/files/nats.sh.in                   |  28 ++
 net/{gnatsd => nats-server}/pkg-descr              |   0
 net/{gnatsd => nats-server}/pkg-plist              |  14 +-
 security/regripper/Makefile                        |   4 +-
 security/regripper/distinfo                        |   6 +-
 sysutils/lsof/Makefile                             |   2 +-
 .../lsof/files/patch-dialects_freebsd_dnode2.c     |  17 +
 sysutils/usermin/Makefile                          |   2 +-
 sysutils/usermin/distinfo                          |   6 +-
 sysutils/usermin/pkg-plist                         | 110 +++++-
 sysutils/webmin/Makefile                           |   3 +-
 sysutils/webmin/distinfo                           |   6 +-
 sysutils/webmin/pkg-plist                          | 139 ++-----
 www/minio/Makefile                                 |  78 ++--
 www/minio/distinfo                                 | 152 ++++----
 www/p5-Net-Curl/Makefile                           |   2 +-
 www/p5-Net-Curl/distinfo                           |   6 +-
 www/py-multidict/Makefile                          |   2 +-
 www/py-multidict/distinfo                          |   6 +-
 x11/cde/Makefile                                   |  14 +-
 x11/cde/distinfo                                   |   6 +-
 x11/cde/files/patch-lib_DtHelp_Imakefile           |  11 +
 x11/cde/pkg-plist                                  | 400 ++++++++++++++++++++-
 58 files changed, 1230 insertions(+), 439 deletions(-)
 create mode 100644 graphics/cptutils/Makefile
 create mode 100644 graphics/cptutils/distinfo
 create mode 100644 graphics/cptutils/pkg-descr
 create mode 100644 graphics/cptutils/pkg-plist
 delete mode 100644 net-mgmt/netbox/files/patch-netbox_extras_api_customfields.py
 delete mode 100644 net/gnatsd/distinfo
 delete mode 100644 net/gnatsd/files/gnatsd.sh.in
 rename net/{gnatsd => nats-server}/Makefile (68%)
 create mode 100644 net/nats-server/distinfo
 rename net/{gnatsd/files/gnatsd.conf => nats-server/files/nats.conf} (100%)
 create mode 100644 net/nats-server/files/nats.sh.in
 rename net/{gnatsd => nats-server}/pkg-descr (100%)
 rename net/{gnatsd => nats-server}/pkg-plist (83%)
 create mode 100644 sysutils/lsof/files/patch-dialects_freebsd_dnode2.c
 create mode 100644 x11/cde/files/patch-lib_DtHelp_Imakefile
remote: To github.com:HardenedBSD/hardenedbsd-ports.git        
remote:    d7cff9586380..0b1cebe1ff5c  master -> master        
remote:    5f11d5e6e3a1..d7cff9586380  github/master -> github/master        
To git-01.md.hardenedbsd.org:HardenedBSD/hardenedbsd-ports.git
   d7cff9586380..0b1cebe1ff5c  master -> master
==== END: master ====
