==== BEGIN: master ====
current branch: master
mergeable branch: github/master
==== change branch ====
Already on 'master'
Your branch is up to date with 'origin/master'.
==== show current branch ====
* master
==== check for stale changes ====
==== update to latest origin ====
Already up to date.
==== merge branches ====
==== merge github/master branch ====
Already up to date.
Everything up-to-date
Everything up-to-date
==== END: master ====
==== BEGIN: master ====
current branch: master
mergeable branch: freebsd/master
==== change branch ====
Already on 'master'
Your branch is up to date with 'origin/master'.
==== show current branch ====
* master
==== check for stale changes ====
==== update to latest origin ====
Already up to date.
==== merge branches ====
==== merge freebsd/master branch ====
Auto-merging security/Makefile
Auto-merging net/wireshark/Makefile
Auto-merging multimedia/mpv/Makefile
Removing devel/rubygem-numerizer01/pkg-descr
Removing devel/rubygem-numerizer01/distinfo
Removing devel/rubygem-numerizer01/Makefile
Removing devel/rubygem-gitlab-peek-rails52/pkg-descr
Removing devel/rubygem-gitlab-peek-rails52/distinfo
Removing devel/rubygem-gitlab-peek-rails52/Makefile
Merge made by the 'recursive' strategy.
 MOVED                                       |  2 +
 devel/Makefile                              |  2 -
 devel/cvs/Makefile                          |  5 +++
 devel/cvsbook/Makefile                      |  1 +
 devel/liteide/Makefile                      |  4 +-
 devel/liteide/distinfo                      |  6 +--
 devel/rubygem-gitlab-peek-rails52/Makefile  | 23 ----------
 devel/rubygem-gitlab-peek-rails52/distinfo  |  3 --
 devel/rubygem-gitlab-peek-rails52/pkg-descr | 16 -------
 devel/rubygem-numerizer01/Makefile          | 23 ----------
 devel/rubygem-numerizer01/distinfo          |  3 --
 devel/rubygem-numerizer01/pkg-descr         |  4 --
 mail/postfix-postfwd/Makefile               | 30 ++++++-------
 mail/postfix-postfwd/distinfo               |  5 ++-
 mail/postfix-postfwd/pkg-plist              | 19 +-------
 math/R-cran-miscTools/Makefile              |  2 +-
 math/R-cran-miscTools/distinfo              |  6 +--
 multimedia/aom/Makefile                     |  4 +-
 multimedia/aom/distinfo                     |  6 +--
 multimedia/mencoder/Makefile                |  1 -
 multimedia/mencoder/distinfo                |  6 +--
 multimedia/mplayer/Makefile                 |  1 -
 multimedia/mplayer/Makefile.common          |  2 +-
 multimedia/mplayer/distinfo                 |  6 +--
 multimedia/mpv/Makefile                     | 15 ++-----
 multimedia/mpv/distinfo                     |  6 +--
 multimedia/mpv/pkg-plist                    |  2 +-
 net/wireshark/Makefile                      | 32 +++++++-------
 net/wireshark/distinfo                      |  6 +--
 net/wireshark/pkg-plist                     | 68 +++++++++++++++--------------
 security/Makefile                           |  1 +
 security/age/Makefile                       | 28 ++++++++++++
 security/age/distinfo                       |  7 +++
 security/age/pkg-descr                      |  4 ++
 www/gitlab-ce/Makefile                      |  6 +--
 www/gitlab-ce/distinfo                      |  6 +--
 www/gitlab-ce/pkg-plist                     |  1 +
 www/rss-bridge/Makefile                     | 28 +++++-------
 www/rss-bridge/distinfo                     |  6 +--
 www/rss-bridge/pkg-plist                    | 27 ++++++++++--
 x11/waybar/Makefile                         | 35 ++++++++-------
 x11/waybar/distinfo                         | 50 ++++++++++-----------
 42 files changed, 238 insertions(+), 270 deletions(-)
 delete mode 100644 devel/rubygem-gitlab-peek-rails52/Makefile
 delete mode 100644 devel/rubygem-gitlab-peek-rails52/distinfo
 delete mode 100644 devel/rubygem-gitlab-peek-rails52/pkg-descr
 delete mode 100644 devel/rubygem-numerizer01/Makefile
 delete mode 100644 devel/rubygem-numerizer01/distinfo
 delete mode 100644 devel/rubygem-numerizer01/pkg-descr
 create mode 100644 security/age/Makefile
 create mode 100644 security/age/distinfo
 create mode 100644 security/age/pkg-descr
To git-01.md.hardenedbsd.org:HardenedBSD/hardenedbsd-ports.git
   fc49afb68b8a..dc7333319a16  master -> master
To github.com:HardenedBSD/hardenedbsd-ports.git
   fc49afb68b8a..dc7333319a16  master -> master
==== END: master ====
