==== BEGIN: master ====
current branch: master
mergeable branch: github/master
==== change branch ====
Already on 'master'
Your branch is behind 'origin/master' by 4 commits, and can be fast-forwarded.
  (use "git pull" to update your local branch)
==== show current branch ====
* master
==== check for stale changes ====
==== update to latest origin ====
warning: Pulling without specifying how to reconcile divergent branches is
discouraged. You can squelch this message by running one of the following
commands sometime before your next pull:

  git config pull.rebase false  # merge (the default strategy)
  git config pull.rebase true   # rebase
  git config pull.ff only       # fast-forward only

You can replace "git config" with "git config --global" to set a default
preference for all repositories. You can also pass --rebase, --no-rebase,
or --ff-only on the command line to override the configured default per
invocation.

=============================
HardenedBSD Master git Server
=============================

Please note that connections and activity to this server are logged.
This server, git-01.md.hardenedbsd.org, acts as the source-of-truth
server for the HardenedBSD repositories.

Banner last updated: 10 Feb 2020 09:32 EST

Updating adee195e98dc..2f1ea636d9d4
Fast-forward
 devel/fuzzylite/Makefile   | 2 ++
 games/multimc/Makefile     | 2 ++
 sysutils/myrescue/Makefile | 2 ++
 sysutils/nvme-cli/Makefile | 2 ++
 4 files changed, 8 insertions(+)
==== merge branches ====
==== merge github/master branch ====
Already up to date.
=============================
HardenedBSD Master git Server
=============================

Please note that connections and activity to this server are logged.
This server, git-01.md.hardenedbsd.org, acts as the source-of-truth
server for the HardenedBSD repositories.

Banner last updated: 10 Feb 2020 09:32 EST

Everything up-to-date
==== END: master ====
==== BEGIN: master ====
current branch: master
mergeable branch: freebsd/master
==== change branch ====
Already on 'master'
Your branch is up to date with 'origin/master'.
==== show current branch ====
* master
==== check for stale changes ====
==== update to latest origin ====
warning: Pulling without specifying how to reconcile divergent branches is
discouraged. You can squelch this message by running one of the following
commands sometime before your next pull:

  git config pull.rebase false  # merge (the default strategy)
  git config pull.rebase true   # rebase
  git config pull.ff only       # fast-forward only

You can replace "git config" with "git config --global" to set a default
preference for all repositories. You can also pass --rebase, --no-rebase,
or --ff-only on the command line to override the configured default per
invocation.

=============================
HardenedBSD Master git Server
=============================

Please note that connections and activity to this server are logged.
This server, git-01.md.hardenedbsd.org, acts as the source-of-truth
server for the HardenedBSD repositories.

Banner last updated: 10 Feb 2020 09:32 EST

Already up to date.
==== merge branches ====
==== merge freebsd/master branch ====
Auto-merging sysutils/monit/Makefile
Removing graphics/php-facedetect/files/patch-php__facedetect.h
Removing graphics/php-facedetect/files/patch-facedetect.c
Removing graphics/pecl-imagick/files/patch-php__imagick__defs.h
Removing graphics/pecl-imagick/files/patch-php__imagick.h
Removing graphics/pecl-imagick/files/patch-imagick__helpers.c
Removing graphics/pecl-imagick/files/patch-imagick__class.c
Merge made by the 'recursive' strategy.
 benchmarks/ali/Makefile                            |    2 +-
 benchmarks/ali/distinfo                            |    6 +-
 benchmarks/phoronix-test-suite/Makefile            |   15 +-
 benchmarks/phoronix-test-suite/distinfo            |    6 +-
 cad/gtkwave/Makefile                               |    2 +-
 cad/gtkwave/distinfo                               |    6 +-
 databases/mongodb36/Makefile                       |    4 +-
 databases/mongodb36/files/patch-python3            | 1977 ++++++++++++++++++++
 deskutils/Makefile                                 |    1 +
 {misc => deskutils}/calendar-data/Makefile         |    2 +-
 {misc => deskutils}/calendar-data/distinfo         |    0
 {misc => deskutils}/calendar-data/pkg-descr        |    0
 {misc => deskutils}/calendar-data/pkg-plist        |    0
 deskutils/calendar/Makefile                        |   31 +
 deskutils/calendar/distinfo                        |    3 +
 deskutils/calendar/files/patch-Makefile            |  126 ++
 deskutils/calendar/files/patch-calendar.h          |   11 +
 deskutils/calendar/files/patch-io.c                |   20 +
 deskutils/calendar/files/patch-pathnames.h         |   16 +
 deskutils/calendar/pkg-descr                       |    6 +
 devel/Makefile                                     |    1 +
 devel/bit/Makefile                                 |   64 +
 devel/bit/distinfo                                 |   85 +
 ...dor_github.com_pkg_term_termios_pty__freebsd.go |   10 +
 devel/bit/files/pkg-message.in                     |    9 +
 devel/bit/pkg-descr                                |   17 +
 devel/pecl-xdebug/Makefile                         |    1 +
 devel/py-testfixtures/Makefile                     |    2 +-
 devel/py-testfixtures/distinfo                     |    6 +-
 devel/vcglib/Makefile                              |    6 +-
 devel/vcglib/distinfo                              |    6 +-
 devel/vcglib/pkg-plist                             |    7 +-
 emulators/edumips64/Makefile                       |    6 +-
 emulators/edumips64/distinfo                       |   14 +-
 graphics/pecl-imagick/Makefile                     |    7 +-
 graphics/pecl-imagick/distinfo                     |    8 +-
 graphics/pecl-imagick/files/patch-imagick__class.c |   12 -
 .../pecl-imagick/files/patch-imagick__helpers.c    |   12 -
 graphics/pecl-imagick/files/patch-php__imagick.h   |   23 -
 .../pecl-imagick/files/patch-php__imagick__defs.h  |   13 -
 graphics/php-facedetect/Makefile                   |    4 +-
 graphics/php-facedetect/distinfo                   |    5 +-
 graphics/php-facedetect/files/patch-facedetect.c   |   10 -
 .../php-facedetect/files/patch-php__facedetect.h   |   14 -
 lang/retro12/Makefile                              |    4 +-
 lang/retro12/distinfo                              |    6 +-
 net/croc/Makefile                                  |    8 +-
 net/croc/distinfo                                  |   18 +-
 print/py-reportlab/Makefile                        |   10 +-
 print/py-reportlab/distinfo                        |    6 +-
 print/py-reportlab/pkg-descr                       |    2 +-
 sysutils/bpytop/Makefile                           |    2 +-
 sysutils/bpytop/distinfo                           |    6 +-
 sysutils/fusefs-libs/Makefile                      |   24 +-
 sysutils/fusefs-libs/distinfo                      |    6 +-
 sysutils/fusefs-libs3/Makefile                     |   13 +-
 sysutils/fusefs-libs3/distinfo                     |    6 +-
 sysutils/monit/Makefile                            |    2 +-
 sysutils/monit/distinfo                            |    6 +-
 sysutils/monit/pkg-descr                           |    2 +-
 www/py-css-parser/Makefile                         |    2 +-
 www/py-css-parser/distinfo                         |    6 +-
 x11-fonts/iosevka/Makefile                         |    2 +-
 x11-fonts/iosevka/distinfo                         |  230 +--
 x11-fonts/sudo-font/Makefile                       |    2 +-
 x11-fonts/sudo-font/distinfo                       |    6 +-
 x11/Makefile                                       |    1 +
 x11/gtk-app-menu/Makefile                          |   25 +
 x11/gtk-app-menu/distinfo                          |    3 +
 ...menu-gtk-module_cmake_GLibProgramHandlers.cmake |   17 +
 ...bprojects_appmenu-gtk-module_src_CMakeLists.txt |   22 +
 ...ts_appmenu-gtk-module_src_datastructs-private.h |   11 +
 x11/gtk-app-menu/pkg-descr                         |    5 +
 x11/gtk-app-menu/pkg-plist                         |   11 +
 74 files changed, 2728 insertions(+), 312 deletions(-)
 create mode 100644 databases/mongodb36/files/patch-python3
 rename {misc => deskutils}/calendar-data/Makefile (94%)
 rename {misc => deskutils}/calendar-data/distinfo (100%)
 rename {misc => deskutils}/calendar-data/pkg-descr (100%)
 rename {misc => deskutils}/calendar-data/pkg-plist (100%)
 create mode 100644 deskutils/calendar/Makefile
 create mode 100644 deskutils/calendar/distinfo
 create mode 100644 deskutils/calendar/files/patch-Makefile
 create mode 100644 deskutils/calendar/files/patch-calendar.h
 create mode 100644 deskutils/calendar/files/patch-io.c
 create mode 100644 deskutils/calendar/files/patch-pathnames.h
 create mode 100644 deskutils/calendar/pkg-descr
 create mode 100644 devel/bit/Makefile
 create mode 100644 devel/bit/distinfo
 create mode 100644 devel/bit/files/patch-vendor_github.com_pkg_term_termios_pty__freebsd.go
 create mode 100644 devel/bit/files/pkg-message.in
 create mode 100644 devel/bit/pkg-descr
 delete mode 100644 graphics/pecl-imagick/files/patch-imagick__class.c
 delete mode 100644 graphics/pecl-imagick/files/patch-imagick__helpers.c
 delete mode 100644 graphics/pecl-imagick/files/patch-php__imagick.h
 delete mode 100644 graphics/pecl-imagick/files/patch-php__imagick__defs.h
 delete mode 100644 graphics/php-facedetect/files/patch-facedetect.c
 delete mode 100644 graphics/php-facedetect/files/patch-php__facedetect.h
 create mode 100644 x11/gtk-app-menu/Makefile
 create mode 100644 x11/gtk-app-menu/distinfo
 create mode 100644 x11/gtk-app-menu/files/patch-subprojects_appmenu-gtk-module_cmake_GLibProgramHandlers.cmake
 create mode 100644 x11/gtk-app-menu/files/patch-subprojects_appmenu-gtk-module_src_CMakeLists.txt
 create mode 100644 x11/gtk-app-menu/files/patch-subprojects_appmenu-gtk-module_src_datastructs-private.h
 create mode 100644 x11/gtk-app-menu/pkg-descr
 create mode 100644 x11/gtk-app-menu/pkg-plist
=============================
HardenedBSD Master git Server
=============================

Please note that connections and activity to this server are logged.
This server, git-01.md.hardenedbsd.org, acts as the source-of-truth
server for the HardenedBSD repositories.

Banner last updated: 10 Feb 2020 09:32 EST

remote: To github.com:HardenedBSD/hardenedbsd-ports.git        
remote:    2f1ea636d9d4..24aaa2cc431c  master -> master        
remote:    adee195e98dc..2f1ea636d9d4  github/master -> github/master        
remote:  ! [remote rejected]           refs/pull/10/head -> refs/pull/10/head (deny updating a hidden ref)        
remote:  ! [remote rejected]           refs/pull/11/head -> refs/pull/11/head (deny updating a hidden ref)
remote:  ! [remote rejected]           refs/pull/12/head -> refs/pull/12/head (deny updating a hidden ref)        
remote:  ! [remote rejected]           refs/pull/2/head -> refs/pull/2/head (deny updating a hidden ref)        
remote:  ! [remote rejected]           refs/pull/9/head -> refs/pull/9/head (deny updating a hidden ref)        
remote: error: failed to push some refs to 'github.com:HardenedBSD/hardenedbsd-ports.git'        
remote: . Processing 1 references        
remote: Processed 1 references in total        
To git-01.md.hardenedbsd.org:HardenedBSD/hardenedbsd-ports.git
   2f1ea636d9d4..24aaa2cc431c  master -> master
==== END: master ====
