==== BEGIN: master ====
current branch: master
mergeable branch: freebsd/master
==== change branch ====
Already on 'master'
Your branch is behind 'origin/master' by 7 commits, and can be fast-forwarded.
  (use "git pull" to update your local branch)
==== show current branch ====
* master
==== check for stale changes ====
==== update to latest origin ====
Updating 1b36b34f58f1..c29db161c619
Fast-forward
 astro/mkgmap/Makefile                     |  2 +-
 astro/mkgmap/distinfo                     |  6 +++---
 databases/pspg/Makefile                   |  2 +-
 databases/pspg/distinfo                   |  6 +++---
 devel/fossology-nomos-standalone/Makefile |  2 +-
 devel/fossology-nomos-standalone/distinfo |  6 +++---
 security/wolfssl/Makefile                 | 24 +++++++++++++-----------
 security/wolfssl/distinfo                 |  6 +++---
 security/wolfssl/pkg-plist                | 10 ++++++++--
 www/nift/Makefile                         |  2 +-
 www/nift/distinfo                         |  6 +++---
 www/py-multidict/Makefile                 |  2 +-
 www/py-multidict/distinfo                 |  6 +++---
 13 files changed, 44 insertions(+), 36 deletions(-)
==== merge branches ====
==== merge freebsd/master branch ====
Auto-merging mail/neomutt/Makefile
Merge made by the 'recursive' strategy.
 Mk/Uses/makeinfo.mk                                |  7 +--
 Mk/Uses/ncurses.mk                                 |  4 ++
 editors/dte/Makefile                               |  9 +--
 editors/dte/distinfo                               |  6 +-
 graphics/libgxps/Makefile                          |  9 ++-
 graphics/libgxps/distinfo                          |  6 +-
 graphics/libgxps/pkg-plist                         |  2 +-
 lang/intel-compute-runtime/Makefile                |  3 +-
 lang/intel-compute-runtime/distinfo                |  6 +-
 mail/dovecot-fts-xapian/Makefile                   |  2 +-
 mail/dovecot-pigeonhole/Makefile                   |  1 +
 mail/dovecot/Makefile                              |  2 +-
 mail/dovecot/distinfo                              |  6 +-
 mail/gmime30/Makefile                              |  5 +-
 mail/gmime30/distinfo                              |  6 +-
 mail/gmime30/pkg-plist                             |  2 +-
 mail/neomutt/Makefile                              |  2 +-
 mail/neomutt/distinfo                              |  6 +-
 mail/nextcloud-mail/Makefile                       |  2 +-
 mail/nextcloud-mail/distinfo                       |  6 +-
 mail/nextcloud-mail/pkg-plist                      | 47 ++++++++-------
 math/wxmaxima/Makefile                             |  2 +-
 math/wxmaxima/distinfo                             |  6 +-
 math/wxmaxima/pkg-plist                            |  1 +
 net/py-cloudscraper/Makefile                       |  2 +-
 net/py-cloudscraper/distinfo                       |  6 +-
 net/samba410/Makefile                              |  2 +-
 net/samba410/distinfo                              |  6 +-
 net/wireguard/Makefile                             |  2 +-
 net/wireguard/distinfo                             |  6 +-
 print/cups-filters/Makefile                        |  2 +-
 print/cups-filters/distinfo                        |  6 +-
 .../files/patch-backend-implicitclass.c            | 29 ++++++++++
 security/gnutls/Makefile                           |  6 +-
 security/gnutls/distinfo                           |  6 +-
 security/gnutls/pkg-descr                          |  2 +-
 security/gnutls/pkg-plist                          |  2 +-
 security/vuxml/vuln.xml                            | 66 ++++++++++++++++++++++
 sysutils/acpica-tools/Makefile                     |  2 +-
 sysutils/acpica-tools/distinfo                     |  6 +-
 sysutils/byobu/Makefile                            |  3 +-
 sysutils/byobu/distinfo                            |  6 +-
 sysutils/yadm/Makefile                             |  2 +-
 sysutils/yadm/distinfo                             |  6 +-
 textproc/aspell/Makefile                           |  2 +-
 textproc/gspell/Makefile                           |  2 +-
 textproc/gspell/distinfo                           |  6 +-
 textproc/libcroco/Makefile                         |  2 +-
 textproc/libcroco/distinfo                         |  6 +-
 www/libwpe/Makefile                                |  2 +-
 www/libwpe/distinfo                                |  6 +-
 www/lynx-current/Makefile                          |  2 +-
 www/newsboat/Makefile                              |  2 +-
 www/py-dj21-django-auth-ldap/Makefile              |  3 +
 www/py-dj22-django-auth-ldap/Makefile              |  2 +-
 www/py-dj22-django-auth-ldap/distinfo              |  6 +-
 www/py-django-auth-ldap/Makefile                   |  2 +-
 www/py-django-auth-ldap/distinfo                   |  6 +-
 x11/xlockmore/Makefile                             | 14 +++--
 x11/xlockmore/distinfo                             |  6 +-
 60 files changed, 246 insertions(+), 139 deletions(-)
 create mode 100644 print/cups-filters/files/patch-backend-implicitclass.c
To github.com:HardenedBSD/hardenedbsd-ports.git
   c29db161c619..578220c8d60f  master -> master
==== END: master ====
