==== BEGIN: master ====
current branch: master
mergeable branch: github/master
==== change branch ====
Already on 'master'
Your branch is behind 'origin/master' by 17 commits, and can be fast-forwarded.
  (use "git pull" to update your local branch)
==== show current branch ====
* master
==== check for stale changes ====
==== update to latest origin ====
warning: Pulling without specifying how to reconcile divergent branches is
discouraged. You can squelch this message by running one of the following
commands sometime before your next pull:

  git config pull.rebase false  # merge (the default strategy)
  git config pull.rebase true   # rebase
  git config pull.ff only       # fast-forward only

You can replace "git config" with "git config --global" to set a default
preference for all repositories. You can also pass --rebase, --no-rebase,
or --ff-only on the command line to override the configured default per
invocation.

=============================
HardenedBSD Master git Server
=============================

Please note that connections and activity to this server are logged.
This server, git-01.md.hardenedbsd.org, acts as the source-of-truth
server for the HardenedBSD repositories.

Banner last updated: 10 Feb 2020 09:32 EST

Updating cea2648bf876..f0a12912cbdc
Fast-forward
 cad/openroad/Makefile                  | 2 ++
 comms/tits/Makefile                    | 2 ++
 databases/apq-pgsql/Makefile           | 2 ++
 databases/sqlcipher/Makefile           | 2 ++
 devel/intel-graphics-compiler/Makefile | 2 ++
 games/bsdgames/Makefile                | 2 ++
 mail/dma/Makefile                      | 2 ++
 math/minizinc/Makefile                 | 2 ++
 math/octave-forge-nurbs/Makefile       | 2 ++
 math/octave-forge-octclip/Makefile     | 2 ++
 multimedia/avidemux/Makefile.common    | 2 +-
 net/guacamole-server/Makefile          | 2 ++
 net/ipxe/Makefile                      | 2 ++
 science/openbabel/Makefile             | 2 ++
 security/afl++/Makefile                | 2 +-
 sysutils/pflogx/Makefile               | 2 ++
 www/bozohttpd/Makefile                 | 2 ++
 17 files changed, 32 insertions(+), 2 deletions(-)
==== merge branches ====
==== merge github/master branch ====
Already up to date.
=============================
HardenedBSD Master git Server
=============================

Please note that connections and activity to this server are logged.
This server, git-01.md.hardenedbsd.org, acts as the source-of-truth
server for the HardenedBSD repositories.

Banner last updated: 10 Feb 2020 09:32 EST

Everything up-to-date
==== END: master ====
