==== BEGIN: master ====
current branch: master
mergeable branch: github/master
==== change branch ====
Already on 'master'
Your branch is up to date with 'origin/master'.
==== show current branch ====
* master
==== check for stale changes ====
==== update to latest origin ====
=============================
HardenedBSD Master git Server
=============================

Please note that connections and activity to this server are logged.
This server, git-01.md.hardenedbsd.org, acts as the source-of-truth
server for the HardenedBSD repositories.

Banner last updated: 10 Feb 2020 09:32 EST

Already up to date.
==== merge branches ====
==== merge github/master branch ====
Already up to date.
=============================
HardenedBSD Master git Server
=============================

Please note that connections and activity to this server are logged.
This server, git-01.md.hardenedbsd.org, acts as the source-of-truth
server for the HardenedBSD repositories.

Banner last updated: 10 Feb 2020 09:32 EST

Everything up-to-date
==== END: master ====
==== BEGIN: master ====
current branch: master
mergeable branch: freebsd/master
==== change branch ====
Already on 'master'
Your branch is up to date with 'origin/master'.
==== show current branch ====
* master
==== check for stale changes ====
==== update to latest origin ====
=============================
HardenedBSD Master git Server
=============================

Please note that connections and activity to this server are logged.
This server, git-01.md.hardenedbsd.org, acts as the source-of-truth
server for the HardenedBSD repositories.

Banner last updated: 10 Feb 2020 09:32 EST

Already up to date.
==== merge branches ====
==== merge freebsd/master branch ====
Removing x11-toolkits/nanogui/files/patch-src_common.cpp
Auto-merging www/node/Makefile
Auto-merging www/chromium/Makefile
Removing sysutils/minikube/files/patch-third__party_go9p_ufs__freebsd.go
Removing sysutils/minikube/files/patch-pkg_minikube_driver_driver__freebsd.go
Removing sysutils/minikube/files/patch-pkg_minikube_constants_constants__freebsd.go
Removing security/snort3/files/patch-src_host__tracker_host__cache__allocator.h
Removing security/snort3/files/patch-src_host__tracker_host__cache__allocator.cc
Removing multimedia/vlc/files/patch-modules_codec_aom.c
Removing multimedia/vlc/files/patch-libplacebo-1.18
Auto-merging ftp/uftp/Makefile
Merge made by the 'recursive' strategy.
 devel/aarch64-none-elf-gcc/Makefile                |   2 +
 ftp/uftp/Makefile                                  |   2 +-
 ftp/uftp/distinfo                                  |   6 +-
 misc/netron/Makefile                               |   2 +-
 misc/netron/distinfo                               |  10 +-
 misc/netron/pkg-plist                              |   2 +
 multimedia/vlc/Makefile                            |   3 +-
 multimedia/vlc/distinfo                            |   6 +-
 multimedia/vlc/files/patch-libplacebo-1.18         | 101 ---------
 multimedia/vlc/files/patch-modules_codec_aom.c     |  10 -
 multimedia/vlc/files/patch-share_Makefile.in       |   6 +-
 net-im/prosody/Makefile                            |   1 +
 .../files/patch-plugins_mod__http__files.lua       |  11 +
 net-im/py-matrix-synapse/Makefile                  |   3 +-
 net-mgmt/icinga2/Makefile                          |  10 +-
 net-mgmt/icinga2/distinfo                          |   6 +-
 net-mgmt/icinga2/pkg-plist                         |   5 +-
 print/pdf-tools/Makefile                           |   7 +-
 print/pdf-tools/distinfo                           |   6 +-
 security/highwayhash/Makefile                      |   7 +-
 security/highwayhash/distinfo                      |   6 +-
 security/highwayhash/files/patch-Makefile          |  11 +
 security/snort3/Makefile                           |   2 +-
 security/snort3/distinfo                           |   6 +-
 ...tch-src_host__tracker_host__cache__allocator.cc |  26 ---
 ...atch-src_host__tracker_host__cache__allocator.h |  25 ---
 security/snort3/files/patch-src_main_analyzer.cc   |   6 +-
 ...h-src_network__inspectors_appid_appid__config.h |  13 ++
 security/snort3/pkg-plist                          |   5 +-
 security/vuxml/vuln.xml                            |  38 ++++
 sysutils/minikube/Makefile                         |  16 +-
 sysutils/minikube/distinfo                         |  14 +-
 ...ch-pkg_minikube_constants_constants__freebsd.go |  29 ---
 .../patch-pkg_minikube_driver_driver__freebsd.go   |  37 ----
 .../files/patch-third__party_go9p_ufs__freebsd.go  | 238 ---------------------
 www/chromium/Makefile                              |   3 +-
 www/chromium/distinfo                              |  10 +-
 www/node/Makefile                                  |   3 +-
 www/node/distinfo                                  |   6 +-
 www/py-pywikibot/Makefile                          |   3 +-
 www/py-pywikibot/distinfo                          |   6 +-
 www/py-pywikibot/files/patch-setup.py              |  26 ++-
 x11-toolkits/nanogui/Makefile                      |   7 +-
 x11-toolkits/nanogui/distinfo                      |  10 +-
 x11-toolkits/nanogui/files/patch-src_common.cpp    |  11 -
 x11-toolkits/nanogui/pkg-plist                     |   1 -
 46 files changed, 184 insertions(+), 580 deletions(-)
 delete mode 100644 multimedia/vlc/files/patch-libplacebo-1.18
 delete mode 100644 multimedia/vlc/files/patch-modules_codec_aom.c
 create mode 100644 net-im/prosody/files/patch-plugins_mod__http__files.lua
 create mode 100644 security/highwayhash/files/patch-Makefile
 delete mode 100644 security/snort3/files/patch-src_host__tracker_host__cache__allocator.cc
 delete mode 100644 security/snort3/files/patch-src_host__tracker_host__cache__allocator.h
 create mode 100644 security/snort3/files/patch-src_network__inspectors_appid_appid__config.h
 delete mode 100644 sysutils/minikube/files/patch-pkg_minikube_constants_constants__freebsd.go
 delete mode 100644 sysutils/minikube/files/patch-pkg_minikube_driver_driver__freebsd.go
 delete mode 100644 sysutils/minikube/files/patch-third__party_go9p_ufs__freebsd.go
 delete mode 100644 x11-toolkits/nanogui/files/patch-src_common.cpp
=============================
HardenedBSD Master git Server
=============================

Please note that connections and activity to this server are logged.
This server, git-01.md.hardenedbsd.org, acts as the source-of-truth
server for the HardenedBSD repositories.

Banner last updated: 10 Feb 2020 09:32 EST

remote: From github.com:HardenedBSD/hardenedbsd-ports        
remote:    39b3290c923b..3f642c6d3dfb  master     -> github/master        
remote: To github.com:HardenedBSD/hardenedbsd-ports.git        
remote:  ! [rejected]                  master -> master (atomic push failed)        
remote:  ! [rejected]                  github/master -> github/master (atomic push failed)        
remote:  ! [remote rejected]           refs/pull/2/head -> refs/pull/2/head (deny updating a hidden ref)        
remote: error: failed to push some refs to 'git@github.com:HardenedBSD/hardenedbsd-ports.git'        
To git-01.md.hardenedbsd.org:HardenedBSD/hardenedbsd-ports.git
   3f642c6d3dfb..e5e327224487  master -> master
==== END: master ====
