==== BEGIN: master ====
current branch: master
mergeable branch: github/master
==== change branch ====
Already on 'master'
Your branch is up to date with 'origin/master'.
==== show current branch ====
* master
==== check for stale changes ====
==== update to latest origin ====
Already up to date.
==== merge branches ====
==== merge github/master branch ====
Already up to date.
Everything up-to-date
==== END: master ====
==== BEGIN: master ====
current branch: master
mergeable branch: freebsd/master
==== change branch ====
Already on 'master'
Your branch is up to date with 'origin/master'.
==== show current branch ====
* master
==== check for stale changes ====
==== update to latest origin ====
Already up to date.
==== merge branches ====
==== merge freebsd/master branch ====
Auto-merging security/Makefile
Auto-merging multimedia/mpv/Makefile
Auto-merging lang/sbcl/Makefile
Auto-merging lang/gcc9-devel/Makefile
Auto-merging audio/csound/Makefile
Merge made by the 'recursive' strategy.
 GIDs                                               |  2 +-
 UIDs                                               |  2 +-
 audio/csound/Makefile                              |  3 +-
 audio/csound/distinfo                              |  6 +--
 converters/cl-babel-sbcl/Makefile                  |  2 +-
 devel/cl-alexandria-sbcl/Makefile                  |  2 +-
 devel/cl-infix-sbcl/Makefile                       |  2 +-
 devel/cl-port-sbcl/Makefile                        |  2 +-
 devel/cl-split-sequence-sbcl/Makefile              |  2 +-
 devel/cl-trivial-features-sbcl/Makefile            |  2 +-
 devel/cl-trivial-gray-streams-sbcl/Makefile        |  2 +-
 lang/gcc9-devel/Makefile                           |  2 +-
 lang/gcc9-devel/distinfo                           |  6 +--
 lang/mosml/Makefile                                | 20 +++++-----
 lang/mosml/pkg-descr                               |  2 +-
 lang/rust/Makefile                                 | 11 +++---
 lang/sbcl/Makefile                                 |  2 +-
 lang/sbcl/distinfo                                 | 10 ++---
 math/maxima/Makefile                               |  1 +
 multimedia/mpv/Makefile                            |  2 +-
 multimedia/mpv/distinfo                            |  6 +--
 multimedia/mpv/pkg-plist                           |  1 +
 print/cups-filters/Makefile                        |  2 +-
 print/cups-filters/distinfo                        |  6 +--
 print/pdflib/files/patch-bind_pdflib_perl_Makefile |  6 +--
 print/pdflib/files/patch-configure                 | 19 +++++++---
 security/Makefile                                  |  1 +
 security/cl-md5-sbcl/Makefile                      |  2 +-
 security/imds-filterd/Makefile                     | 44 ++++++++++++++++++++++
 security/imds-filterd/distinfo                     |  3 ++
 security/imds-filterd/pkg-descr                    | 12 ++++++
 security/imds-filterd/pkg-message                  | 14 +++++++
 textproc/cl-meta-sbcl/Makefile                     |  2 +-
 textproc/cl-ppcre-sbcl/Makefile                    |  2 +-
 www/cl-lml-sbcl/Makefile                           |  2 +-
 x11-fonts/croscorefonts-fonts-ttf/Makefile         |  1 +
 x11-fonts/crosextrafonts-caladea-ttf/Makefile      |  3 +-
 x11-fonts/crosextrafonts-carlito-ttf/Makefile      |  3 +-
 x11-wm/stumpwm/Makefile                            |  2 +-
 x11/cl-clx-sbcl/Makefile                           |  2 +-
 40 files changed, 153 insertions(+), 63 deletions(-)
 create mode 100644 security/imds-filterd/Makefile
 create mode 100644 security/imds-filterd/distinfo
 create mode 100644 security/imds-filterd/pkg-descr
 create mode 100644 security/imds-filterd/pkg-message
remote: To github.com:HardenedBSD/hardenedbsd-ports.git        
remote:    30b878e4ee6e..7964cbc81d89  master -> master        
remote:    4f57b9da2c1b..30b878e4ee6e  github/master -> github/master        
To git-01.md.hardenedbsd.org:HardenedBSD/hardenedbsd-ports.git
   30b878e4ee6e..7964cbc81d89  master -> master
==== END: master ====
