==== BEGIN: master ====
current branch: master
mergeable branch: github/master
==== change branch ====
Already on 'master'
Your branch is up to date with 'origin/master'.
==== show current branch ====
* master
==== check for stale changes ====
==== update to latest origin ====
warning: Pulling without specifying how to reconcile divergent branches is
discouraged. You can squelch this message by running one of the following
commands sometime before your next pull:

  git config pull.rebase false  # merge (the default strategy)
  git config pull.rebase true   # rebase
  git config pull.ff only       # fast-forward only

You can replace "git config" with "git config --global" to set a default
preference for all repositories. You can also pass --rebase, --no-rebase,
or --ff-only on the command line to override the configured default per
invocation.

=============================
HardenedBSD Master git Server
=============================

Please note that connections and activity to this server are logged.
This server, git-01.md.hardenedbsd.org, acts as the source-of-truth
server for the HardenedBSD repositories.

Banner last updated: 10 Feb 2020 09:32 EST

Already up to date.
==== merge branches ====
==== merge github/master branch ====
Already up to date.
=============================
HardenedBSD Master git Server
=============================

Please note that connections and activity to this server are logged.
This server, git-01.md.hardenedbsd.org, acts as the source-of-truth
server for the HardenedBSD repositories.

Banner last updated: 10 Feb 2020 09:32 EST

Everything up-to-date
==== END: master ====
==== BEGIN: master ====
current branch: master
mergeable branch: freebsd/master
==== change branch ====
Already on 'master'
Your branch is up to date with 'origin/master'.
==== show current branch ====
* master
==== check for stale changes ====
==== update to latest origin ====
warning: Pulling without specifying how to reconcile divergent branches is
discouraged. You can squelch this message by running one of the following
commands sometime before your next pull:

  git config pull.rebase false  # merge (the default strategy)
  git config pull.rebase true   # rebase
  git config pull.ff only       # fast-forward only

You can replace "git config" with "git config --global" to set a default
preference for all repositories. You can also pass --rebase, --no-rebase,
or --ff-only on the command line to override the configured default per
invocation.

=============================
HardenedBSD Master git Server
=============================

Please note that connections and activity to this server are logged.
This server, git-01.md.hardenedbsd.org, acts as the source-of-truth
server for the HardenedBSD repositories.

Banner last updated: 10 Feb 2020 09:32 EST

Already up to date.
==== merge branches ====
==== merge freebsd/master branch ====
Auto-merging www/firefox/Makefile
Removing emulators/rpcs3/files/patch-libc++8
Removing emulators/rpcs3/files/patch-CMakeLists.txt
Removing astro/py-astropy/files/patch-astropy_modeling_setup__package.py
Merge made by the 'recursive' strategy.
 archivers/libunrar5/Makefile                       |   5 +-
 archivers/libunrar5/distinfo                       |   6 +-
 archivers/libunrar5/pkg-descr                      |   2 +-
 astro/py-astropy/Makefile                          |   5 +-
 astro/py-astropy/distinfo                          |   6 +-
 .../files/patch-astropy_modeling_setup__package.py |  12 -
 audio/picard/Makefile                              |   2 +-
 audio/picard/distinfo                              |   6 +-
 databases/mysql80-server/Makefile                  |   4 +-
 devel/py-python-bugzilla/Makefile                  |   2 +-
 devel/relx/Makefile                                |   5 +-
 devel/relx/distinfo                                |   6 +-
 emulators/citra/Makefile                           |   4 +-
 emulators/citra/distinfo                           |   6 +-
 emulators/rpcs3/Makefile                           |  14 +-
 emulators/rpcs3/distinfo                           |  12 +-
 emulators/rpcs3/files/patch-CMakeLists.txt         |  18 --
 emulators/rpcs3/files/patch-libc++8                | 304 ---------------------
 emulators/yuzu-qt5/Makefile                        |   2 +-
 emulators/yuzu/Makefile                            |  14 +-
 emulators/yuzu/distinfo                            |   8 +-
 graphics/alembic/Makefile                          |   2 +-
 graphics/alembic/distinfo                          |   6 +-
 graphics/mesa-devel/Makefile                       |   4 +-
 graphics/mesa-devel/distinfo                       |   6 +-
 net/intel-em-kmod/Makefile                         |   2 +-
 net/intel-em-kmod/distinfo                         |   6 +-
 security/py-bcrypt/Makefile                        |   3 +
 sysutils/fusefs-rar2fs/Makefile                    |   3 +-
 sysutils/fusefs-rar2fs/distinfo                    |   6 +-
 www/firefox/Makefile                               |   2 +-
 www/firefox/files/patch-bug1664115                 |  82 ++++++
 32 files changed, 169 insertions(+), 396 deletions(-)
 delete mode 100644 astro/py-astropy/files/patch-astropy_modeling_setup__package.py
 delete mode 100644 emulators/rpcs3/files/patch-CMakeLists.txt
 delete mode 100644 emulators/rpcs3/files/patch-libc++8
 create mode 100644 www/firefox/files/patch-bug1664115
=============================
HardenedBSD Master git Server
=============================

Please note that connections and activity to this server are logged.
This server, git-01.md.hardenedbsd.org, acts as the source-of-truth
server for the HardenedBSD repositories.

Banner last updated: 10 Feb 2020 09:32 EST

remote: To github.com:HardenedBSD/hardenedbsd-ports.git        
remote:    a00c997b4637..a23bf9a1096e  master -> master        
remote:    9ab63d8dcc14..a00c997b4637  github/master -> github/master
remote:  ! [remote rejected]           refs/pull/2/head -> refs/pull/2/head (deny updating a hidden ref)        
remote: error: failed to push some refs to 'github.com:HardenedBSD/hardenedbsd-ports.git'        
remote: . Processing 1 references        
remote: Processed 1 references in total        
To git-01.md.hardenedbsd.org:HardenedBSD/hardenedbsd-ports.git
   a00c997b4637..a23bf9a1096e  master -> master
==== END: master ====
