==== BEGIN: master ====
current branch: master
mergeable branch: github/master
==== change branch ====
Already on 'master'
Your branch is up to date with 'origin/master'.
==== show current branch ====
* master
==== check for stale changes ====
==== update to latest origin ====
warning: Pulling without specifying how to reconcile divergent branches is
discouraged. You can squelch this message by running one of the following
commands sometime before your next pull:

  git config pull.rebase false  # merge (the default strategy)
  git config pull.rebase true   # rebase
  git config pull.ff only       # fast-forward only

You can replace "git config" with "git config --global" to set a default
preference for all repositories. You can also pass --rebase, --no-rebase,
or --ff-only on the command line to override the configured default per
invocation.

=============================
HardenedBSD Master git Server
=============================

Please note that connections and activity to this server are logged.
This server, git-01.md.hardenedbsd.org, acts as the source-of-truth
server for the HardenedBSD repositories.

Banner last updated: 10 Feb 2020 09:32 EST

Already up to date.
==== merge branches ====
==== merge github/master branch ====
Already up to date.
=============================
HardenedBSD Master git Server
=============================

Please note that connections and activity to this server are logged.
This server, git-01.md.hardenedbsd.org, acts as the source-of-truth
server for the HardenedBSD repositories.

Banner last updated: 10 Feb 2020 09:32 EST

Everything up-to-date
==== END: master ====
==== BEGIN: master ====
current branch: master
mergeable branch: freebsd/master
==== change branch ====
Already on 'master'
Your branch is up to date with 'origin/master'.
==== show current branch ====
* master
==== check for stale changes ====
==== update to latest origin ====
warning: Pulling without specifying how to reconcile divergent branches is
discouraged. You can squelch this message by running one of the following
commands sometime before your next pull:

  git config pull.rebase false  # merge (the default strategy)
  git config pull.rebase true   # rebase
  git config pull.ff only       # fast-forward only

You can replace "git config" with "git config --global" to set a default
preference for all repositories. You can also pass --rebase, --no-rebase,
or --ff-only on the command line to override the configured default per
invocation.

=============================
HardenedBSD Master git Server
=============================

Please note that connections and activity to this server are logged.
This server, git-01.md.hardenedbsd.org, acts as the source-of-truth
server for the HardenedBSD repositories.

Banner last updated: 10 Feb 2020 09:32 EST

Already up to date.
==== merge branches ====
==== merge freebsd/master branch ====
Auto-merging security/sudo/Makefile
Merge made by the 'recursive' strategy.
 astro/gpsd/Makefile                                |  4 +-
 astro/gpsd/pkg-plist                               |  1 +
 cad/freecad/Makefile                               |  3 +
 cad/freecad/distinfo                               |  4 +-
 ...com_godbus_dbus_transport__unixcred__freebsd.go | 10 +++
 devel/arduino-irremote/Makefile                    | 20 ++---
 devel/arduino-irremote/distinfo                    |  6 +-
 devel/nasm/Makefile                                |  2 +-
 devel/nasm/distinfo                                | 10 +--
 dns/amass/Makefile                                 | 44 +++++------
 dns/amass/distinfo                                 | 90 +++++++++++-----------
 editors/Makefile                                   |  1 +
 editors/cpeditor/Makefile                          | 27 +++++++
 editors/cpeditor/distinfo                          | 13 ++++
 .../files/patch-src_Settings_settings.json         | 18 +++++
 editors/cpeditor/pkg-descr                         |  6 ++
 graphics/Coin/Makefile                             |  4 +
 graphics/Coin/distinfo                             |  4 +-
 ...com_godbus_dbus_transport__unixcred__freebsd.go | 10 +++
 net-im/nextcloud-talk/Makefile                     |  3 +-
 net-im/nextcloud-talk/distinfo                     |  6 +-
 net-im/nextcloud-talk/pkg-plist                    | 26 +------
 net-mgmt/check_nwc_health/Makefile                 |  2 +-
 net-mgmt/check_nwc_health/distinfo                 |  6 +-
 security/sudo/Makefile                             |  2 +-
 security/sudo/distinfo                             |  6 +-
 security/vuxml/vuln.xml                            |  3 +-
 shells/ohmyzsh/Makefile                            |  4 +-
 shells/ohmyzsh/distinfo                            |  6 +-
 shells/ohmyzsh/files/patch-oh-my-zsh.sh            | 12 ++-
 .../files/patch-templates_zshrc.zsh-template       |  2 +
 shells/ohmyzsh/files/pkg-message.in                |  3 -
 shells/ohmyzsh/pkg-descr                           | 12 +--
 shells/ohmyzsh/pkg-plist                           |  1 +
 sysutils/rovclock/Makefile                         |  7 --
 sysutils/rovclock/files/patch-rovclock.c           | 15 ++--
 sysutils/rsyslog8/Makefile                         |  1 +
 sysutils/rsyslog8/files/rsyslogd.in                |  1 +
 textproc/ibus-typing-booster/Makefile              |  2 +-
 textproc/ibus-typing-booster/distinfo              |  6 +-
 textproc/ibus-typing-booster/pkg-plist             |  1 +
 ...romium_base_profiler_thread__delegate__posix.cc | 10 ++-
 x11-toolkits/Makefile                              |  1 +
 x11-toolkits/color-widgets-qt5/Makefile            | 25 ++++++
 x11-toolkits/color-widgets-qt5/distinfo            |  3 +
 .../patch-src_QtColorWidgets_gradient__editor.cpp  | 14 ++++
 x11-toolkits/color-widgets-qt5/pkg-descr           | 22 ++++++
 x11-toolkits/color-widgets-qt5/pkg-plist           | 49 ++++++++++++
 48 files changed, 355 insertions(+), 173 deletions(-)
 create mode 100644 deskutils/noti/files/patch-vendor_github.com_godbus_dbus_transport__unixcred__freebsd.go
 create mode 100644 editors/cpeditor/Makefile
 create mode 100644 editors/cpeditor/distinfo
 create mode 100644 editors/cpeditor/files/patch-src_Settings_settings.json
 create mode 100644 editors/cpeditor/pkg-descr
 create mode 100644 net-im/6cord/files/patch-vendor_github.com_godbus_dbus_transport__unixcred__freebsd.go
 create mode 100644 x11-toolkits/color-widgets-qt5/Makefile
 create mode 100644 x11-toolkits/color-widgets-qt5/distinfo
 create mode 100644 x11-toolkits/color-widgets-qt5/files/patch-src_QtColorWidgets_gradient__editor.cpp
 create mode 100644 x11-toolkits/color-widgets-qt5/pkg-descr
 create mode 100644 x11-toolkits/color-widgets-qt5/pkg-plist
=============================
HardenedBSD Master git Server
=============================

Please note that connections and activity to this server are logged.
This server, git-01.md.hardenedbsd.org, acts as the source-of-truth
server for the HardenedBSD repositories.

Banner last updated: 10 Feb 2020 09:32 EST

remote: To github.com:HardenedBSD/hardenedbsd-ports.git        
remote:    9bb857c0ad89..60d097ba8dcf  master -> master        
remote:    f70fcf129be4..9bb857c0ad89  github/master -> github/master        
remote:  ! [remote rejected]           refs/pull/2/head -> refs/pull/2/head (deny updating a hidden ref)        
remote: error: failed to push some refs to 'github.com:HardenedBSD/hardenedbsd-ports.git'        
To git-01.md.hardenedbsd.org:HardenedBSD/hardenedbsd-ports.git
   9bb857c0ad89..60d097ba8dcf  master -> master
==== END: master ====
