==== BEGIN: master ====
current branch: master
mergeable branch: github/master
==== change branch ====
Already on 'master'
Your branch is up to date with 'origin/master'.
==== show current branch ====
* master
==== check for stale changes ====
==== update to latest origin ====
=============================
HardenedBSD Master git Server
=============================

Please note that connections and activity to this server are logged.
This server, git-01.md.hardenedbsd.org, acts as the source-of-truth
server for the HardenedBSD repositories.

Banner last updated: 10 Feb 2020 09:32 EST

Already up to date.
==== merge branches ====
==== merge github/master branch ====
Already up to date.
=============================
HardenedBSD Master git Server
=============================

Please note that connections and activity to this server are logged.
This server, git-01.md.hardenedbsd.org, acts as the source-of-truth
server for the HardenedBSD repositories.

Banner last updated: 10 Feb 2020 09:32 EST

Everything up-to-date
==== END: master ====
==== BEGIN: master ====
current branch: master
mergeable branch: freebsd/master
==== change branch ====
Already on 'master'
Your branch is up to date with 'origin/master'.
==== show current branch ====
* master
==== check for stale changes ====
==== update to latest origin ====
=============================
HardenedBSD Master git Server
=============================

Please note that connections and activity to this server are logged.
This server, git-01.md.hardenedbsd.org, acts as the source-of-truth
server for the HardenedBSD repositories.

Banner last updated: 10 Feb 2020 09:32 EST

Already up to date.
==== merge branches ====
==== merge freebsd/master branch ====
Removing www/plexwatchweb/pkg-plist
Removing www/plexwatchweb/pkg-descr
Removing www/plexwatchweb/distinfo
Removing www/plexwatchweb/Makefile
Removing multimedia/plexwatch/pkg-plist
Removing multimedia/plexwatch/pkg-descr
Removing multimedia/plexwatch/files/pkg-message.in
Removing multimedia/plexwatch/files/patch-plexWatch.pl
Removing multimedia/plexwatch/distinfo
Removing multimedia/plexwatch/Makefile
Removing devel/racerd/pkg-descr
Removing devel/racerd/files/patch-rust-1.40.0
Removing devel/racerd/distinfo
Removing devel/racerd/Makefile
Removing devel/go-godef/pkg-descr
Removing devel/go-godef/distinfo
Removing devel/go-godef/Makefile
Merge made by the 'recursive' strategy.
 MOVED                                         |    4 +
 audio/teamspeak3-server/Makefile              |    2 +-
 audio/teamspeak3-server/distinfo              |   10 +-
 devel/Makefile                                |    2 -
 devel/go-godef/Makefile                       |   26 -
 devel/go-godef/distinfo                       |    3 -
 devel/go-godef/pkg-descr                      |   11 -
 devel/racerd/Makefile                         |  122 --
 devel/racerd/distinfo                         |  191 ---
 devel/racerd/files/patch-rust-1.40.0          |   55 -
 devel/racerd/pkg-descr                        |   11 -
 games/xlennart/Makefile                       |    2 +-
 misc/Makefile                                 |    1 +
 misc/vxl/Makefile                             |   33 +
 misc/vxl/distinfo                             |    3 +
 misc/vxl/pkg-descr                            |    6 +
 misc/vxl/pkg-plist                            | 1598 +++++++++++++++++++++++++
 multimedia/Makefile                           |    1 -
 multimedia/plexwatch/Makefile                 |   56 -
 multimedia/plexwatch/distinfo                 |    2 -
 multimedia/plexwatch/files/patch-plexWatch.pl |   21 -
 multimedia/plexwatch/files/pkg-message.in     |   14 -
 multimedia/plexwatch/pkg-descr                |    4 -
 multimedia/plexwatch/pkg-plist                |    3 -
 net/tcpkali/Makefile                          |    2 +-
 security/vuxml/vuln.xml                       |   90 ++
 shells/antibody/Makefile                      |   11 +-
 shells/antibody/distinfo                      |   22 +-
 sysutils/odo/Makefile                         |    2 +-
 sysutils/ohmu/Makefile                        |    2 +-
 www/Makefile                                  |    1 -
 www/guile-www/Makefile                        |    9 +-
 www/plexwatchweb/Makefile                     |   31 -
 www/plexwatchweb/distinfo                     |    2 -
 www/plexwatchweb/pkg-descr                    |    3 -
 www/plexwatchweb/pkg-plist                    |  101 --
 www/unit/Makefile                             |    6 +-
 x11/xpra/Makefile                             |    3 +-
 x11/xpra/distinfo                             |    6 +-
 39 files changed, 1774 insertions(+), 698 deletions(-)
 delete mode 100644 devel/go-godef/Makefile
 delete mode 100644 devel/go-godef/distinfo
 delete mode 100644 devel/go-godef/pkg-descr
 delete mode 100644 devel/racerd/Makefile
 delete mode 100644 devel/racerd/distinfo
 delete mode 100644 devel/racerd/files/patch-rust-1.40.0
 delete mode 100644 devel/racerd/pkg-descr
 create mode 100644 misc/vxl/Makefile
 create mode 100644 misc/vxl/distinfo
 create mode 100644 misc/vxl/pkg-descr
 create mode 100644 misc/vxl/pkg-plist
 delete mode 100644 multimedia/plexwatch/Makefile
 delete mode 100644 multimedia/plexwatch/distinfo
 delete mode 100644 multimedia/plexwatch/files/patch-plexWatch.pl
 delete mode 100644 multimedia/plexwatch/files/pkg-message.in
 delete mode 100644 multimedia/plexwatch/pkg-descr
 delete mode 100644 multimedia/plexwatch/pkg-plist
 delete mode 100644 www/plexwatchweb/Makefile
 delete mode 100644 www/plexwatchweb/distinfo
 delete mode 100644 www/plexwatchweb/pkg-descr
 delete mode 100644 www/plexwatchweb/pkg-plist
=============================
HardenedBSD Master git Server
=============================

Please note that connections and activity to this server are logged.
This server, git-01.md.hardenedbsd.org, acts as the source-of-truth
server for the HardenedBSD repositories.

Banner last updated: 10 Feb 2020 09:32 EST

remote: To github.com:HardenedBSD/hardenedbsd-ports.git        
remote:    cfc346e813be..77cc35d458b4  master -> master
remote:    6caae1155211..cfc346e813be  github/master -> github/master        
To git-01.md.hardenedbsd.org:HardenedBSD/hardenedbsd-ports.git
   cfc346e813be..77cc35d458b4  master -> master
==== END: master ====
