==== BEGIN: master ====
current branch: master
mergeable branch: github/master
==== change branch ====
Already on 'master'
Your branch is up to date with 'origin/master'.
==== show current branch ====
* master
==== check for stale changes ====
==== update to latest origin ====
Already up to date.
==== merge branches ====
==== merge github/master branch ====
Already up to date.
Everything up-to-date
==== END: master ====
==== BEGIN: master ====
current branch: master
mergeable branch: freebsd/master
==== change branch ====
Already on 'master'
Your branch is up to date with 'origin/master'.
==== show current branch ====
* master
==== check for stale changes ====
==== update to latest origin ====
Already up to date.
==== merge branches ====
==== merge freebsd/master branch ====
Merge made by the 'recursive' strategy.
 databases/py-mysqlclient/Makefile                  |  3 +-
 databases/py-mysqlclient/distinfo                  |  6 +--
 databases/redis-devel/Makefile                     | 13 +++----
 databases/redis-devel/distinfo                     |  6 +--
 devel/eric6/Makefile                               |  2 -
 devel/py-wcwidth/Makefile                          |  2 +-
 devel/py-wcwidth/distinfo                          |  6 +--
 multimedia/aom/Makefile                            |  4 +-
 multimedia/aom/distinfo                            |  6 +--
 multimedia/aom/files/patch-aom__dsp_vmaf.c         | 20 ++++++++++
 multimedia/wlrobs/Makefile                         |  7 ++--
 multimedia/wlrobs/distinfo                         |  6 +--
 net-mgmt/observium/Makefile                        |  6 +--
 net-mgmt/observium/distinfo                        |  6 +--
 .../files/patch-includes_defaults.inc.php          |  8 ++--
 ports-mgmt/porttools/Makefile                      |  3 +-
 ports-mgmt/porttools/distinfo                      |  6 +--
 x11/squeekboard/Makefile                           | 24 ++++++------
 x11/squeekboard/distinfo                           | 44 +++++++++++-----------
 19 files changed, 98 insertions(+), 80 deletions(-)
 create mode 100644 multimedia/aom/files/patch-aom__dsp_vmaf.c
remote: To github.com:HardenedBSD/hardenedbsd-ports.git        
remote:    b6e6c859d473..9e41478d0dad  master -> master        
remote:    7bcac539b270..b6e6c859d473  github/master -> github/master
To git-01.md.hardenedbsd.org:HardenedBSD/hardenedbsd-ports.git
   b6e6c859d473..9e41478d0dad  master -> master
==== END: master ====
