==== BEGIN: master ====
current branch: master
mergeable branch: github/master
==== change branch ====
Already on 'master'
Your branch is behind 'origin/master' by 30 commits, and can be fast-forwarded.
  (use "git pull" to update your local branch)
==== show current branch ====
* master
==== check for stale changes ====
==== update to latest origin ====
=============================
HardenedBSD Master git Server
=============================

Please note that connections and activity to this server are logged.
This server, git-01.md.hardenedbsd.org, acts as the source-of-truth
server for the HardenedBSD repositories.

Banner last updated: 10 Feb 2020 09:32 EST

Updating 17953436655a..9e880a83c648
Fast-forward
 Mk/bsd.default-versions.mk                         |   2 +
 Mk/bsd.java.mk                                     |   2 +
 UIDs                                               |   2 +-
 databases/pspg/Makefile                            |   2 +-
 databases/pspg/distinfo                            |   6 +-
 devel/Makefile                                     |   1 +
 devel/aarch64-none-elf-gcc/Makefile                |   3 +-
 devel/aarch64-none-elf-gcc/distinfo                |   6 +-
 devel/aarch64-none-elf-gcc/pkg-plist               |  61 +-
 devel/arm-none-eabi-gcc/Makefile                   |   2 +
 devel/arm-none-eabi-gcc/distinfo                   |   3 +
 devel/arm-none-eabi-gcc/pkg-plist                  |  60 +-
 devel/emscripten/Makefile                          |   4 +-
 devel/emscripten/distinfo                          |   6 +-
 devel/emscripten/pkg-plist                         |  16 +-
 devel/mutagen/Makefile                             |   2 +-
 devel/mutagen/distinfo                             |   6 +-
 devel/py-flynt/Makefile                            |  22 +
 devel/py-flynt/distinfo                            |   3 +
 devel/py-flynt/pkg-descr                           |   5 +
 devel/py-json_tricks/Makefile                      |   2 +-
 devel/py-json_tricks/distinfo                      |   6 +-
 devel/riscv32-unknown-elf-gcc/Makefile             |   2 +-
 devel/riscv32-unknown-elf-gcc/distinfo             |   6 +-
 devel/riscv32-unknown-elf-gcc/pkg-plist            | 818 +++++++++++----------
 devel/riscv64-none-elf-gcc/Makefile                |   2 +-
 devel/riscv64-none-elf-gcc/distinfo                |   6 +-
 devel/riscv64-none-elf-gcc/pkg-plist               | 806 ++++++++++----------
 devel/tortoisehg/Makefile                          |   4 +-
 devel/tortoisehg/distinfo                          |   6 +-
 devel/tortoisehg/files/patch-setup.py              |   6 +-
 devel/tortoisehg/files/patch-thg                   |  11 -
 .../files/patch-tortoisehg_util_hgversion.py       |  16 +-
 devel/tortoisehg/pkg-plist                         |   9 +-
 games/emptyepsilon/Makefile                        |   2 +-
 games/emptyepsilon/distinfo                        |  10 +-
 games/emptyepsilon/pkg-plist                       |   3 +-
 graphics/photoflare/Makefile                       |   2 +-
 graphics/photoflare/distinfo                       |   6 +-
 graphics/photoflare/pkg-plist                      |   2 +
 math/Makefile                                      |   1 +
 math/g2o/Makefile                                  |   4 +-
 math/g2o/distinfo                                  |   6 +-
 math/gh-bc/Makefile                                |   2 +-
 math/gh-bc/distinfo                                |   6 +-
 math/libbraiding/Makefile                          |  21 +
 math/libbraiding/distinfo                          |   3 +
 math/libbraiding/pkg-descr                         |   8 +
 math/libbraiding/pkg-plist                         |   8 +
 math/oleo/Makefile                                 |   2 +
 math/suitesparse/Makefile                          |  17 +-
 math/suitesparse/distinfo                          |   6 +-
 math/suitesparse/pkg-descr                         |  11 +-
 math/suitesparse/pkg-plist                         |  14 +-
 multimedia/librav1e/Makefile                       |   1 +
 multimedia/obs-ndi/Makefile                        |   3 +-
 multimedia/obs-ndi/distinfo                        |   6 +-
 multimedia/obs-studio/Makefile                     |  10 +-
 multimedia/py-pretty_midi/Makefile                 |   3 +-
 multimedia/py-pretty_midi/distinfo                 |   6 +-
 net-im/telegram-desktop/Makefile                   |   3 +
 ports-mgmt/portgrep/Makefile                       |   6 +-
 ports-mgmt/portgrep/distinfo                       |  14 +-
 science/erkale/Makefile                            |   6 +-
 science/erkale/distinfo                            |   6 +-
 science/qbox/Makefile                              |   3 +-
 science/qbox/distinfo                              |   6 +-
 sysutils/atf-master/Makefile                       |   2 +-
 www/gobuffalo/Makefile                             |   2 +-
 www/gobuffalo/distinfo                             |   6 +-
 www/gohugo/Makefile                                |   8 +-
 www/gohugo/distinfo                                |  14 +-
 www/py-rfc3986/Makefile                            |   2 +-
 www/py-rfc3986/distinfo                            |   6 +-
 74 files changed, 1173 insertions(+), 988 deletions(-)
 create mode 100644 devel/arm-none-eabi-gcc/distinfo
 create mode 100644 devel/py-flynt/Makefile
 create mode 100644 devel/py-flynt/distinfo
 create mode 100644 devel/py-flynt/pkg-descr
 delete mode 100644 devel/tortoisehg/files/patch-thg
 create mode 100644 math/libbraiding/Makefile
 create mode 100644 math/libbraiding/distinfo
 create mode 100644 math/libbraiding/pkg-descr
 create mode 100644 math/libbraiding/pkg-plist
==== merge branches ====
==== merge github/master branch ====
Already up to date.
=============================
HardenedBSD Master git Server
=============================

Please note that connections and activity to this server are logged.
This server, git-01.md.hardenedbsd.org, acts as the source-of-truth
server for the HardenedBSD repositories.

Banner last updated: 10 Feb 2020 09:32 EST

Everything up-to-date
==== END: master ====
==== BEGIN: master ====
current branch: master
mergeable branch: freebsd/master
==== change branch ====
Already on 'master'
Your branch is up to date with 'origin/master'.
==== show current branch ====
* master
==== check for stale changes ====
==== update to latest origin ====
=============================
HardenedBSD Master git Server
=============================

Please note that connections and activity to this server are logged.
This server, git-01.md.hardenedbsd.org, acts as the source-of-truth
server for the HardenedBSD repositories.

Banner last updated: 10 Feb 2020 09:32 EST

Already up to date.
==== merge branches ====
==== merge freebsd/master branch ====
Removing sysutils/slurm-wlm/files/patch-src_srun_libsrun_srun__job.c
Removing sysutils/slurm-wlm/files/patch-src_common_read__config.h
Removing net/samba410/files/patch-bind14
Removing dns/dnsmasq/files/patch-src_tftp.c
Removing dns/dnsmasq/files/patch-src_crypto.c
Auto-merging dns/dnsmasq/Makefile
CONFLICT (content): Merge conflict in dns/dnsmasq/Makefile
Automatic merge failed; fix conflicts and then commit the result.
==== merge failed at freebsd/master branch ====
diff --cc dns/dnsmasq/Makefile
index af8880fca859,eb317c96f839..000000000000
--- a/dns/dnsmasq/Makefile
+++ b/dns/dnsmasq/Makefile
@@@ -14,12 -15,23 +15,30 @@@ COMMENT=	Lightweight DNS forwarder, DHC
  
  LICENSE=	GPLv2
  
- CONFLICTS_INSTALL=dnsmasq-devel-*
+ USES=		cpe shebangfix tar:xz
+ CPE_VENDOR=	thekelleys
  
++<<<<<<< HEAD
 +USE_HARDENING=	cfi safestack
 +CFI_OVERRIDE=	-fno-sanitize=cfi-icall
 +
 +PORTDOCS=	CHANGELOG CHANGELOG.archive FAQ doc.html setup.html
++=======
+ SHEBANG_FILES=	contrib/dnslist/dnslist.pl \
+ 		contrib/dynamic-dnsmasq/dynamic-dnsmasq.pl
+ 
+ MAKE_ARGS=	CC="${CC}" \
+ 		CFLAGS="${CFLAGS}" \
+ 		COPTS="${CFLAGS}" \
+ 		LIBS="${LDFLAGS}" \
+ 		PREFIX="${PREFIX}" \
+ 		RPM_OPT_FLAGS="${CPPFLAGS}"
+ CFLAGS+=	-Wall -Wno-unused-function -Wno-unused-parameter \
+ 		-Wno-unused-value -Wno-unused-variable
+ CPPFLAGS+=	-I${LOCALBASE}/include
+ 
+ CONFLICTS_INSTALL=	dnsmasq-devel-*
++>>>>>>> freebsd/master
  
  SUB_FILES=	pkg-message
  
On branch master
Your branch is up to date with 'origin/master'.

You have unmerged paths.
  (fix conflicts and run "git commit")
  (use "git merge --abort" to abort the merge)

Changes to be committed:
	modified:   MOVED
	modified:   archivers/py-lzma/Makefile
	modified:   astro/mkgmap/Makefile
	modified:   astro/mkgmap/distinfo
	modified:   devel/py-colorama/Makefile
	modified:   devel/py-colorama/distinfo
	modified:   devel/py-colorama/pkg-descr
	modified:   devel/xtensa-esp32-elf/Makefile
	new file:   devel/xtensa-esp32-elf/files/0001-gdb-7.12.1.patch
	modified:   dns/Makefile
	modified:   dns/dnsmasq-devel/Makefile
	modified:   dns/dnsmasq-devel/files/pkg-message.in
	modified:   dns/dnsmasq/distinfo
	deleted:    dns/dnsmasq/files/patch-src_crypto.c
	deleted:    dns/dnsmasq/files/patch-src_tftp.c
	modified:   dns/dnsmasq/files/pkg-message.in
	modified:   emulators/rpcs3/Makefile
	modified:   emulators/rpcs3/distinfo
	modified:   emulators/yuzu/Makefile
	modified:   emulators/yuzu/distinfo
	modified:   graphics/rawtherapee/Makefile
	modified:   graphics/rawtherapee/pkg-message
	modified:   mail/mailman/Makefile
	modified:   mail/mailman/files/pkg-message.in
	modified:   misc/osinfo-db/Makefile
	modified:   misc/osinfo-db/distinfo
	modified:   misc/osinfo-db/pkg-plist
	modified:   multimedia/aom/Makefile
	modified:   multimedia/aom/distinfo
	modified:   net/Makefile
	modified:   net/samba410/Makefile
	modified:   net/samba410/distinfo
	new file:   net/samba410/files/patch-bind
	deleted:    net/samba410/files/patch-bind14
	modified:   net/samba410/pkg-plist
	new file:   net/samba411/Makefile
	new file:   net/samba411/distinfo
	new file:   net/samba411/files/0001-Zfs-provision-1.patch
	new file:   net/samba411/files/README.FreeBSD.in
	new file:   net/samba411/files/man/ctdb-script.options.5
	new file:   net/samba411/files/man/ctdb-statistics.7
	new file:   net/samba411/files/man/ctdb-tunables.7
	new file:   net/samba411/files/man/ctdb.1
	new file:   net/samba411/files/man/ctdb.7
	new file:   net/samba411/files/man/ctdb.conf.5
	new file:   net/samba411/files/man/ctdb.sysconfig.5
	new file:   net/samba411/files/man/ctdb_diagnostics.1
	new file:   net/samba411/files/man/ctdbd.1
	new file:   net/samba411/files/man/ctdbd_wrapper.1
	new file:   net/samba411/files/man/gentest.1
	new file:   net/samba411/files/man/ldbadd.1
	new file:   net/samba411/files/man/ldbdel.1
	new file:   net/samba411/files/man/ldbedit.1
	new file:   net/samba411/files/man/ldbmodify.1
	new file:   net/samba411/files/man/ldbrename.1
	new file:   net/samba411/files/man/ldbsearch.1
	new file:   net/samba411/files/man/locktest.1
	new file:   net/samba411/files/man/ltdbtool.1
	new file:   net/samba411/files/man/masktest.1
	new file:   net/samba411/files/man/ndrdump.1
	new file:   net/samba411/files/man/nmblookup4.1
	new file:   net/samba411/files/man/ntlm_auth4.1
	new file:   net/samba411/files/man/oLschema2ldif.1
	new file:   net/samba411/files/man/onnode.1
	new file:   net/samba411/files/man/ping_pong.1
	new file:   net/samba411/files/man/regdiff.1
	new file:   net/samba411/files/man/regpatch.1
	new file:   net/samba411/files/man/regshell.1
	new file:   net/samba411/files/man/regtree.1
	new file:   net/samba411/files/man/samba-gpupdate.8
	new file:   net/samba411/files/man/smbtorture.1
	new file:   net/samba411/files/man/talloc.3
	new file:   net/samba411/files/man/tdbbackup.8
	new file:   net/samba411/files/man/tdbdump.8
	new file:   net/samba411/files/man/tdbrestore.8
	new file:   net/samba411/files/man/tdbtool.8
	new file:   net/samba411/files/man/vfs_freebsd.8
	new file:   net/samba411/files/patch-bind
	new file:   net/samba411/files/patch-buildtools_scripts_abi__gen.sh
	new file:   net/samba411/files/patch-buildtools_wafsamba_samba__autoconf.py
	new file:   net/samba411/files/patch-buildtools_wafsamba_samba__install.py
	new file:   net/samba411/files/patch-buildtools_wafsamba_wafsamba.py
	new file:   net/samba411/files/patch-buildtools_wafsamba_wscript
	new file:   net/samba411/files/patch-ctdb_wscript
	new file:   net/samba411/files/patch-dwrap
	new file:   net/samba411/files/patch-dynconfig_wscript
	new file:   net/samba411/files/patch-examples_pdb_wscript__build
	new file:   net/samba411/files/patch-lib_ldb_ldb__key__value_ldb__kv__cache.c
	new file:   net/samba411/files/patch-lib_ldb_ldb__mdb_ldb__mdb.c
	new file:   net/samba411/files/patch-lib_ldb_wscript
	new file:   net/samba411/files/patch-lib_replace_wscript
	new file:   net/samba411/files/patch-lib_talloc_talloc.c
	new file:   net/samba411/files/patch-lib_talloc_wscript
	new file:   net/samba411/files/patch-lib_tdb_wscript
	new file:   net/samba411/files/patch-lib_util_wscript__build
	new file:   net/samba411/files/patch-listen-backlog
	new file:   net/samba411/files/patch-mdns
	new file:   net/samba411/files/patch-nsswitch_wscript__build
	new file:   net/samba411/files/patch-source3_include_includes.h
	new file:   net/samba411/files/patch-source3_lib_sysquotas__4B.c
	new file:   net/samba411/files/patch-source3_lib_util.c
	new file:   net/samba411/files/patch-source3_librpc_crypto_gse.c
	new file:   net/samba411/files/patch-source3_modules_vfs__fruit.c
	new file:   net/samba411/files/patch-source3_modules_vfs__streams__xattr.c
	new file:   net/samba411/files/patch-source3_modules_vfs__virusfilter__utils.c
	new file:   net/samba411/files/patch-source3_registry_tests_test__regfio.c
	new file:   net/samba411/files/patch-source3_smbd_quotas.c
	new file:   net/samba411/files/patch-source3_smbd_utmp.c
	new file:   net/samba411/files/patch-source3_torture_cmd__vfs.c
	new file:   net/samba411/files/patch-source3_utils_net.c
	new file:   net/samba411/files/patch-source3_utils_net__time.c
	new file:   net/samba411/files/patch-source3_winbindd_wscript__build
	new file:   net/samba411/files/patch-source3_wscript
	new file:   net/samba411/files/patch-source3_wscript__build
	new file:   net/samba411/files/patch-source4_dsdb_samdb_ldb__modules_count_attrs.c
	new file:   net/samba411/files/patch-source4_heimdal_lib_roken_rand.c
	new file:   net/samba411/files/patch-source4_kdc_kdc-service-mit.c
	new file:   net/samba411/files/patch-source4_lib_http_http.c
	new file:   net/samba411/files/patch-vfs_freebsd
	new file:   net/samba411/files/pkg-message.in
	new file:   net/samba411/files/samba_server.in
	new file:   net/samba411/pkg-descr
	new file:   net/samba411/pkg-plist
	modified:   sysutils/e2fsprogs/Makefile
	modified:   sysutils/e2fsprogs/pkg-message
	modified:   sysutils/lizardfs/Makefile
	modified:   sysutils/slurm-wlm/Makefile
	modified:   sysutils/slurm-wlm/distinfo
	modified:   sysutils/slurm-wlm/files/patch-etc_slurm.conf.example
	deleted:    sysutils/slurm-wlm/files/patch-src_common_read__config.h
	new file:   sysutils/slurm-wlm/files/patch-src_plugins_cli__filter_user__defaults_cli__filter__user__defaults.c
	new file:   sysutils/slurm-wlm/files/patch-src_plugins_mpi_cray__shasta_mpi__cray__shasta.c
	new file:   sysutils/slurm-wlm/files/patch-src_plugins_proctrack_pgid_proctrack__pgid.c
	new file:   sysutils/slurm-wlm/files/patch-src_slurmctld_prep__slurmctld.c
	deleted:    sysutils/slurm-wlm/files/patch-src_srun_libsrun_srun__job.c
	modified:   sysutils/slurm-wlm/pkg-plist
	modified:   www/pomerium/Makefile
	modified:   www/pomerium/distinfo
	modified:   www/websocketd/Makefile
	modified:   www/websocketd/distinfo

Unmerged paths:
  (use "git add <file>..." to mark resolution)
	both modified:   dns/dnsmasq/Makefile


It took 3.38 seconds to enumerate untracked files. 'status -uno'
may speed it up, but you have to be careful not to forget to add
new files yourself (see 'git help status').
HEAD is now at 9e880a83c648 HBSD: Resolve merge conflict
==== merge failed and clean up after ====
On branch master
Your branch is up to date with 'origin/master'.


It took 3.27 seconds to enumerate untracked files. 'status -uno'
may speed it up, but you have to be careful not to forget to add
new files yourself (see 'git help status').
nothing to commit, working tree clean
HEAD is now at 9e880a83c648 HBSD: Resolve merge conflict
==== END: master ====
