==== BEGIN: master ====
current branch: master
mergeable branch: github/master
==== change branch ====
Already on 'master'
Your branch is up to date with 'origin/master'.
==== show current branch ====
* master
==== check for stale changes ====
==== update to latest origin ====
warning: Pulling without specifying how to reconcile divergent branches is
discouraged. You can squelch this message by running one of the following
commands sometime before your next pull:

  git config pull.rebase false  # merge (the default strategy)
  git config pull.rebase true   # rebase
  git config pull.ff only       # fast-forward only

You can replace "git config" with "git config --global" to set a default
preference for all repositories. You can also pass --rebase, --no-rebase,
or --ff-only on the command line to override the configured default per
invocation.

=============================
HardenedBSD Master git Server
=============================

Please note that connections and activity to this server are logged.
This server, git-01.md.hardenedbsd.org, acts as the source-of-truth
server for the HardenedBSD repositories.

Banner last updated: 10 Feb 2020 09:32 EST

Already up to date.
==== merge branches ====
==== merge github/master branch ====
Already up to date.
=============================
HardenedBSD Master git Server
=============================

Please note that connections and activity to this server are logged.
This server, git-01.md.hardenedbsd.org, acts as the source-of-truth
server for the HardenedBSD repositories.

Banner last updated: 10 Feb 2020 09:32 EST

Everything up-to-date
==== END: master ====
==== BEGIN: master ====
current branch: master
mergeable branch: freebsd/master
==== change branch ====
Already on 'master'
Your branch is up to date with 'origin/master'.
==== show current branch ====
* master
==== check for stale changes ====
==== update to latest origin ====
warning: Pulling without specifying how to reconcile divergent branches is
discouraged. You can squelch this message by running one of the following
commands sometime before your next pull:

  git config pull.rebase false  # merge (the default strategy)
  git config pull.rebase true   # rebase
  git config pull.ff only       # fast-forward only

You can replace "git config" with "git config --global" to set a default
preference for all repositories. You can also pass --rebase, --no-rebase,
or --ff-only on the command line to override the configured default per
invocation.

=============================
HardenedBSD Master git Server
=============================

Please note that connections and activity to this server are logged.
This server, git-01.md.hardenedbsd.org, acts as the source-of-truth
server for the HardenedBSD repositories.

Banner last updated: 10 Feb 2020 09:32 EST

Already up to date.
==== merge branches ====
==== merge freebsd/master branch ====
Auto-merging shells/bash/Makefile
Removing devel/py-packaging/files/setup.py
Removing databases/pecl-memcache/files/patch-php80
Merge made by the 'recursive' strategy.
 Mk/Uses/python.mk                                  |     4 +-
 biology/libsbml/Makefile                           |    15 +-
 databases/kyotocabinet/Makefile                    |     4 +-
 databases/kyotocabinet/distinfo                    |     6 +-
 databases/kyotocabinet/pkg-plist                   |     2 +-
 databases/p5-SQL-Abstract-Limit/Makefile           |    19 +-
 databases/p5-SQL-Abstract-Limit/distinfo           |     5 +-
 databases/p5-SQL-Translator/Makefile               |     6 +-
 databases/pecl-memcache/Makefile                   |     6 +-
 databases/pecl-memcache/distinfo                   |     6 +-
 databases/pecl-memcache/files/patch-php80          |   938 --
 databases/pg_dirtyread/Makefile                    |     2 +-
 databases/pg_dirtyread/distinfo                    |     6 +-
 databases/py-apsw/Makefile                         |     9 +-
 databases/py-apsw/distinfo                         |     6 +-
 databases/py-pgcli/Makefile                        |     5 +
 databases/py-sqlalchemy11/Makefile                 |     2 +-
 databases/py-sqlalchemy12/Makefile                 |     2 +-
 databases/py-sqlalchemy13/Makefile                 |     4 +-
 databases/py-sqlalchemy13/distinfo                 |     6 +-
 databases/py-tiledb/Makefile                       |     2 +-
 databases/py-tiledb/distinfo                       |     6 +-
 devel/Makefile                                     |    14 +
 devel/doctest/Makefile                             |     2 +-
 devel/doctest/distinfo                             |     6 +-
 devel/nuitka/Makefile                              |     2 +-
 devel/nuitka/distinfo                              |     6 +-
 devel/p5-Algorithm-Cron/Makefile                   |     5 +-
 devel/p5-Algorithm-Cron/distinfo                   |     5 +-
 devel/p5-Algorithm-Cron/pkg-plist                  |     2 +-
 devel/p5-Alien-Build/Makefile                      |     2 +-
 devel/p5-Alien-Build/distinfo                      |     6 +-
 devel/p5-App-CLI/Makefile                          |     2 +
 devel/p5-App-GitGot/Makefile                       |     2 +-
 devel/p5-App-GitGot/distinfo                       |     6 +-
 devel/p5-App-Trace/Makefile                        |     6 +-
 devel/p5-App-Trace/files/patch-Makefile.PL         |    11 +
 devel/p5-Class-Autouse/Makefile                    |     4 +-
 devel/p5-Class-XPath/Makefile                      |     2 +
 devel/p5-Data-Hierarchy/Makefile                   |     2 +
 devel/p5-DateTime-Locale/Makefile                  |     2 +-
 devel/p5-DateTime-Locale/distinfo                  |     6 +-
 devel/p5-DateTime-Locale/pkg-plist                 |    37 +-
 devel/p5-Dist-Zilla/Makefile                       |     2 +-
 devel/p5-Dist-Zilla/distinfo                       |     6 +-
 devel/p5-ExtUtils-MakeMaker/Makefile               |     2 +-
 devel/p5-ExtUtils-MakeMaker/distinfo               |     6 +-
 devel/p5-File-Path/Makefile                        |     2 +-
 devel/p5-File-Path/distinfo                        |     6 +-
 devel/p5-Gnome2-GConf/Makefile                     |     3 +-
 devel/p5-Gnome2-GConf/pkg-plist                    |    20 +-
 devel/p5-IO-Digest/Makefile                        |     4 +-
 devel/p5-IO-Tty/Makefile                           |     2 +-
 devel/p5-IO-Tty/distinfo                           |     6 +-
 devel/p5-Log-Message/Makefile                      |     8 +-
 devel/p5-Log-Message/pkg-plist                     |     8 +-
 devel/p5-MRO-Compat/Makefile                       |     5 +-
 devel/p5-Make/Makefile                             |     5 +-
 devel/p5-Make/distinfo                             |     6 +-
 .../Makefile                                       |     4 +-
 devel/p5-Module-Build-Pluggable/Makefile           |     4 +-
 devel/p5-Object-Accessor/Makefile                  |     5 +-
 devel/p5-PAR-Dist/Makefile                         |     4 +-
 devel/p5-PAR-Dist/distinfo                         |     5 +-
 devel/p5-PAR-Dist/pkg-plist                        |     2 +-
 devel/p5-Params-Util/Makefile                      |     5 +-
 devel/p5-Params-Util/distinfo                      |     5 +-
 devel/p5-Params-Util/pkg-plist                     |     2 +
 devel/p5-Perl-Tidy/Makefile                        |     2 +-
 devel/p5-Perl-Tidy/distinfo                        |     6 +-
 devel/p5-PerlIO-via-dynamic/Makefile               |     4 +-
 devel/p5-PerlIO-via-symlink/Makefile               |     2 +
 devel/p5-SVN-Mirror/Makefile                       |     2 +
 devel/p5-SVN-Simple/Makefile                       |     2 +
 devel/p5-SVN-Web/Makefile                          |    34 +-
 devel/p5-SVN-Web/pkg-plist                         |    36 +-
 devel/p5-Test-LongString/Makefile                  |     2 +
 devel/p5-Test-TempDir-Tiny/Makefile                |    16 +-
 devel/p5-Test-WWW-Mechanize/Makefile               |     8 +-
 devel/p5-Test-WWW-Mechanize/distinfo               |     6 +-
 devel/p5-Test2-Suite/Makefile                      |     2 +-
 devel/p5-Test2-Suite/distinfo                      |     6 +-
 devel/p5-Test2-Suite/pkg-plist                     |     2 +
 devel/p5-Tie-Hash-Indexed/Makefile                 |     9 +-
 devel/p5-Tie-Hash-Indexed/distinfo                 |     5 +-
 devel/p5-Tie-Hash-Indexed/pkg-plist                |     2 +-
 devel/p5-Tie-Hash-Regex/Makefile                   |     5 +-
 devel/p5-Tie-Hash-Regex/distinfo                   |     6 +-
 devel/p5-Time-timegm/Makefile                      |     2 +
 devel/p5-VCP-autrijus/Makefile                     |     2 +
 devel/py-capturer/Makefile                         |    23 +
 devel/py-capturer/distinfo                         |     3 +
 devel/py-capturer/pkg-descr                        |     6 +
 devel/py-coloredlogs/Makefile                      |     9 +-
 devel/py-coloredlogs/distinfo                      |     6 +-
 devel/py-coloredlogs/pkg-descr                     |     3 +-
 devel/py-ddt/Makefile                              |     4 +-
 devel/py-ddt/distinfo                              |     6 +-
 devel/py-ddtrace/Makefile                          |    17 +-
 devel/py-ddtrace/distinfo                          |     6 +-
 devel/py-fasteners/Makefile                        |    13 +-
 devel/py-fasteners/distinfo                        |     6 +-
 devel/py-flake8-bugbear/Makefile                   |     4 +-
 devel/py-flake8-bugbear/distinfo                   |     6 +-
 devel/py-flask-babel/Makefile                      |     4 +-
 devel/py-fsspec/Makefile                           |     2 +-
 devel/py-fsspec/distinfo                           |     6 +-
 devel/py-google-crc32c/Makefile                    |     2 +-
 devel/py-google-crc32c/distinfo                    |     6 +-
 devel/py-ijson/Makefile                            |     4 +-
 devel/py-ijson/distinfo                            |     6 +-
 devel/py-importlib-metadata/Makefile               |     9 +-
 devel/py-ipykernel5/Makefile                       |     2 +-
 devel/py-ipykernel5/distinfo                       |     6 +-
 devel/py-jupyter_client/Makefile                   |    15 +-
 devel/py-jupyter_client/distinfo                   |     6 +-
 devel/py-libcst/Makefile                           |     2 +-
 devel/py-libcst/distinfo                           |     6 +-
 devel/py-nbclient/Makefile                         |    27 +
 devel/py-nbclient/distinfo                         |     3 +
 devel/py-nbclient/pkg-descr                        |     5 +
 devel/py-nbconvert/Makefile                        |    14 +-
 devel/py-nbconvert/distinfo                        |     6 +-
 devel/py-nest-asyncio/Makefile                     |    22 +
 devel/py-nest-asyncio/distinfo                     |     3 +
 devel/py-nest-asyncio/pkg-descr                    |    12 +
 devel/py-packaging/Makefile                        |     5 +-
 devel/py-packaging/distinfo                        |     6 +-
 devel/py-packaging/files/setup.py                  |    22 -
 devel/py-pre-commit-hooks/Makefile                 |     2 +-
 devel/py-pre-commit-hooks/distinfo                 |     6 +-
 devel/py-proto-plus/Makefile                       |     4 +-
 devel/py-proto-plus/distinfo                       |     6 +-
 devel/py-pytest-flake8/Makefile                    |     2 +-
 devel/py-pytest-flake8/distinfo                    |     6 +-
 devel/py-pytest-regressions/Makefile               |    26 +
 devel/py-pytest-regressions/distinfo               |     3 +
 devel/py-pytest-regressions/pkg-descr              |     6 +
 devel/py-tartiflette-aiohttp/Makefile              |     4 +-
 devel/py-tartiflette-aiohttp/distinfo              |     6 +-
 devel/py-tenacity/Makefile                         |     2 +-
 devel/py-tenacity/distinfo                         |     6 +-
 devel/py-validators/Makefile                       |     2 +-
 devel/py-validators/distinfo                       |     6 +-
 devel/py-voluptuous/Makefile                       |     2 +-
 devel/py-voluptuous/distinfo                       |     6 +-
 devel/py-xdis/Makefile                             |     2 +-
 devel/py-xdis/distinfo                             |     6 +-
 devel/rubygem-aws-partitions/Makefile              |     2 +-
 devel/rubygem-aws-partitions/distinfo              |     6 +-
 devel/rubygem-aws-sdk-configservice/Makefile       |     2 +-
 devel/rubygem-aws-sdk-configservice/distinfo       |     6 +-
 devel/rubygem-aws-sdk-costexplorer/Makefile        |     2 +-
 devel/rubygem-aws-sdk-costexplorer/distinfo        |     6 +-
 devel/rubygem-aws-sdk-devopsguru/Makefile          |     2 +-
 devel/rubygem-aws-sdk-devopsguru/distinfo          |     6 +-
 devel/rubygem-aws-sdk-dlm/Makefile                 |     2 +-
 devel/rubygem-aws-sdk-dlm/distinfo                 |     6 +-
 devel/rubygem-aws-sdk-ec2/Makefile                 |     2 +-
 devel/rubygem-aws-sdk-ec2/distinfo                 |     6 +-
 devel/rubygem-aws-sdk-globalaccelerator/Makefile   |     2 +-
 devel/rubygem-aws-sdk-globalaccelerator/distinfo   |     6 +-
 devel/rubygem-aws-sdk-greengrassv2/Makefile        |    22 +
 devel/rubygem-aws-sdk-greengrassv2/distinfo        |     3 +
 devel/rubygem-aws-sdk-greengrassv2/pkg-descr       |     4 +
 devel/rubygem-aws-sdk-imagebuilder/Makefile        |     2 +-
 devel/rubygem-aws-sdk-imagebuilder/distinfo        |     6 +-
 devel/rubygem-aws-sdk-iot/Makefile                 |     2 +-
 devel/rubygem-aws-sdk-iot/distinfo                 |     6 +-
 devel/rubygem-aws-sdk-iotanalytics/Makefile        |     2 +-
 devel/rubygem-aws-sdk-iotanalytics/distinfo        |     6 +-
 devel/rubygem-aws-sdk-iotdeviceadvisor/Makefile    |    22 +
 devel/rubygem-aws-sdk-iotdeviceadvisor/distinfo    |     3 +
 devel/rubygem-aws-sdk-iotdeviceadvisor/pkg-descr   |     4 +
 devel/rubygem-aws-sdk-iotfleethub/Makefile         |    22 +
 devel/rubygem-aws-sdk-iotfleethub/distinfo         |     3 +
 devel/rubygem-aws-sdk-iotfleethub/pkg-descr        |     4 +
 devel/rubygem-aws-sdk-iotwireless/Makefile         |    22 +
 devel/rubygem-aws-sdk-iotwireless/distinfo         |     3 +
 devel/rubygem-aws-sdk-iotwireless/pkg-descr        |     4 +
 devel/rubygem-aws-sdk-kendra/Makefile              |     2 +-
 devel/rubygem-aws-sdk-kendra/distinfo              |     6 +-
 devel/rubygem-aws-sdk-kms/Makefile                 |     2 +-
 devel/rubygem-aws-sdk-kms/distinfo                 |     6 +-
 devel/rubygem-aws-sdk-lambda/Makefile              |     2 +-
 devel/rubygem-aws-sdk-lambda/distinfo              |     6 +-
 devel/rubygem-aws-sdk-locationservice/Makefile     |    22 +
 devel/rubygem-aws-sdk-locationservice/distinfo     |     3 +
 devel/rubygem-aws-sdk-locationservice/pkg-descr    |     4 +
 devel/rubygem-aws-sdk-prometheusservice/Makefile   |    22 +
 devel/rubygem-aws-sdk-prometheusservice/distinfo   |     3 +
 devel/rubygem-aws-sdk-prometheusservice/pkg-descr  |     4 +
 devel/rubygem-aws-sdk-quicksight/Makefile          |     2 +-
 devel/rubygem-aws-sdk-quicksight/distinfo          |     6 +-
 devel/rubygem-aws-sdk-resources/Makefile           |     9 +-
 devel/rubygem-aws-sdk-resources/distinfo           |     6 +-
 devel/rubygem-aws-sdk-route53/Makefile             |     2 +-
 devel/rubygem-aws-sdk-route53/distinfo             |     6 +-
 devel/rubygem-aws-sdk-route53resolver/Makefile     |     2 +-
 devel/rubygem-aws-sdk-route53resolver/distinfo     |     6 +-
 devel/rubygem-aws-sdk-s3/Makefile                  |     2 +-
 devel/rubygem-aws-sdk-s3/distinfo                  |     6 +-
 devel/rubygem-aws-sdk-servicecatalog/Makefile      |     2 +-
 devel/rubygem-aws-sdk-servicecatalog/distinfo      |     6 +-
 devel/rubygem-aws-sdk-sqs/Makefile                 |     2 +-
 devel/rubygem-aws-sdk-sqs/distinfo                 |     6 +-
 devel/rubygem-aws-sdk-ssm/Makefile                 |     2 +-
 devel/rubygem-aws-sdk-ssm/distinfo                 |     6 +-
 devel/rubygem-aws-sdk-wellarchitected/Makefile     |    22 +
 devel/rubygem-aws-sdk-wellarchitected/distinfo     |     3 +
 devel/rubygem-aws-sdk-wellarchitected/pkg-descr    |     4 +
 devel/rubygem-erb/Makefile                         |    26 +
 devel/rubygem-erb/distinfo                         |     3 +
 devel/rubygem-erb/pkg-descr                        |     5 +
 devel/rubygem-google-api-client/Makefile           |     2 +-
 devel/rubygem-google-api-client/distinfo           |     6 +-
 devel/rubygem-oj/Makefile                          |     2 +-
 devel/rubygem-oj/distinfo                          |     6 +-
 devel/rubygem-rbs/Makefile                         |    24 +
 devel/rubygem-rbs/distinfo                         |     3 +
 devel/rubygem-rbs/pkg-descr                        |     6 +
 devel/rubygem-tty-prompt/Makefile                  |     2 +-
 devel/rubygem-tty-prompt/distinfo                  |     6 +-
 devel/rubygem-typeprof/Makefile                    |    24 +
 devel/rubygem-typeprof/distinfo                    |     3 +
 devel/rubygem-typeprof/pkg-descr                   |     3 +
 devel/rubygem-tzinfo/Makefile                      |     2 +-
 devel/rubygem-tzinfo/distinfo                      |     6 +-
 devel/rubygem-tzinfo1/Makefile                     |     2 +-
 devel/rubygem-tzinfo1/distinfo                     |     6 +-
 devel/rubygem-xdg/Makefile                         |     2 +-
 devel/rubygem-xdg/distinfo                         |     6 +-
 devel/svk/Makefile                                 |    39 +-
 devel/tevent/Makefile                              |     6 +-
 finance/fava/Makefile                              |     3 +-
 ftp/p5-File-Fetch/Makefile                         |     2 +-
 ftp/p5-File-Fetch/distinfo                         |     6 +-
 games/frozen-bubble/Makefile                       |     2 +-
 german/mythes/Makefile                             |     2 +-
 german/mythes/distinfo                             |     6 +-
 graphics/gdal/Makefile                             |    26 +-
 graphics/geos/Makefile                             |     3 -
 .../geos/files/patch-tests-geostest-Makefile.in    |    14 +
 graphics/geos/files/patch-tests-thread-Makefile.in |    20 +
 graphics/openjph/Makefile                          |     2 +-
 graphics/p5-Graph-ReadWrite/Makefile               |     6 +-
 graphics/p5-Graph-Writer-GraphViz/Makefile         |     7 +-
 graphics/p5-Image-PNG-Libpng/Makefile              |     5 +-
 graphics/p5-Image-PNG-Libpng/distinfo              |     6 +-
 graphics/p5-ming/Makefile                          |    16 +-
 graphics/py-pyproj/Makefile                        |    22 +-
 graphics/py-pyproj/distinfo                        |     6 +-
 graphics/py-pyproj/pkg-plist                       |    57 +
 lang/Makefile                                      |     2 +-
 lang/p5-List-MoreUtils/Makefile                    |     5 +-
 lang/p5-List-MoreUtils/distinfo                    |     6 +-
 lang/pocl/Makefile                                 |    12 +-
 lang/pocl/distinfo                                 |     8 +-
 lang/pocl/files/patch-lib_CL_devices_cpuinfo.c     |    56 +-
 lang/pocl/pkg-plist                                |     5 +-
 lang/ruby30/Makefile                               |     2 +-
 mail/p5-MIME-Types/Makefile                        |     5 +-
 mail/p5-MIME-Types/distinfo                        |     6 +-
 math/p5-Graph/Makefile                             |     2 +-
 math/p5-Graph/distinfo                             |     6 +-
 math/p5-Math-Matrix/Makefile                       |     2 +-
 math/p5-Math-Matrix/distinfo                       |     6 +-
 math/py-iohexperimenter/Makefile                   |     7 +-
 math/py-iohexperimenter/distinfo                   |     6 +-
 misc/p5-Array-Compare/Makefile                     |     5 +-
 misc/p5-Array-Compare/distinfo                     |     6 +-
 multimedia/intel-media-sdk/Makefile                |     6 +-
 multimedia/intel-media-sdk/distinfo                |     2 +
 net-mgmt/p5-SNMP-Info/Makefile                     |     2 +-
 net-mgmt/p5-SNMP-Info/distinfo                     |     6 +-
 net-mgmt/p5-SNMP-Info/pkg-descr                    |     2 +-
 net-mgmt/p5-SNMP-Info/pkg-plist                    |     2 +
 net/asterisk-chan_sccp/Makefile                    |     6 +-
 net/asterisk-chan_sccp/distinfo                    |     6 +-
 net/p5-Net-Blogger/Makefile                        |    19 +-
 net/p5-Net-Blogger/distinfo                        |     5 +-
 net/p5-Net-Blogger/pkg-plist                       |    26 +-
 net/p5-Net-SIP/Makefile                            |     2 +-
 net/p5-Net-SIP/distinfo                            |     6 +-
 net/p5-Net/Makefile                                |    13 +-
 net/p5-Net/distinfo                                |     6 +-
 net/p5-NetAddr-MAC/Makefile                        |     5 +-
 net/p5-NetAddr-MAC/distinfo                        |     6 +-
 net/p5-NetAddr-MAC/pkg-plist                       |     2 +-
 net/p5-URI/Makefile                                |     6 +-
 net/p5-URI/distinfo                                |     6 +-
 net/py-eventlet/Makefile                           |     2 +-
 net/py-eventlet/distinfo                           |     6 +-
 net/rubygem-asset_sync/Makefile                    |     2 +-
 net/rubygem-asset_sync/distinfo                    |     6 +-
 net/rubygem-fog-google/Makefile                    |     3 +-
 net/rubygem-fog-google/distinfo                    |     6 +-
 net/rubygem-fog-ovirt/Makefile                     |     7 +-
 net/rubygem-fog-ovirt/distinfo                     |     6 +-
 net/rubygem-google-cloud-storage/Makefile          |     2 +-
 net/rubygem-google-cloud-storage/distinfo          |     6 +-
 net/rubygem-opennebula/Makefile                    |     2 +-
 net/rubygem-opennebula/distinfo                    |     6 +-
 net/rubygem-qiniu/Makefile                         |     5 +-
 net/rubygem-qiniu/distinfo                         |     6 +-
 portuguese/hunspell/Makefile                       |     2 +-
 portuguese/hunspell/distinfo                       |     6 +-
 print/py-fonttools/Makefile                        |     2 +-
 print/py-fonttools/distinfo                        |     6 +-
 science/Makefile                                   |     1 +
 science/py-eccodes-python/Makefile                 |     3 +
 science/py-eccodes/Makefile                        |    24 +
 science/py-eccodes/distinfo                        |     3 +
 science/py-eccodes/files/patch-gribapi-bindings.py |    19 +
 science/py-eccodes/pkg-descr                       |    15 +
 science/py-pycsw/Makefile                          |     5 +-
 science/py-pycsw/distinfo                          |     6 +-
 science/py-pygeodesy/Makefile                      |     2 +-
 science/py-pygeodesy/distinfo                      |     6 +-
 science/py-pysal/Makefile                          |     5 +-
 science/py-pysal/distinfo                          |     6 +-
 science/py-pysal/pkg-descr                         |     3 +-
 security/p5-Authen-Radius/Makefile                 |     2 +-
 security/p5-Authen-Radius/distinfo                 |     6 +-
 security/p5-Crypt-OpenSSL-X509/Makefile            |     5 +-
 security/p5-Crypt-OpenSSL-X509/distinfo            |     6 +-
 .../p5-Crypt-OpenSSL-X509/files/patch-Makefile.PL  |    16 +
 security/p5-Crypt-Twofish/Makefile                 |     6 +-
 security/p5-Crypt-Twofish/distinfo                 |     5 +-
 security/p5-Crypt-Twofish/pkg-plist                |     2 +-
 security/p5-Filter-Crypto/Makefile                 |     3 +-
 security/p5-Filter-Crypto/distinfo                 |     6 +-
 security/p5-Filter-Crypto/pkg-plist                |     2 +-
 security/py-certifi/Makefile                       |     2 +-
 security/py-certifi/distinfo                       |     6 +-
 security/py-josepy/Makefile                        |     2 +-
 security/py-josepy/distinfo                        |     6 +-
 security/py-m2crypto/files/patch-setup.py          |    20 +
 shells/bash/Makefile                               |    18 +-
 shells/bash/distinfo                               |    10 +-
 shells/bash/files/patch-Makefile.in                |    13 +-
 shells/p5-Bash-Completion/Makefile                 |     5 +-
 sysutils/Makefile                                  |     2 +-
 sysutils/p5-File-Listing/Makefile                  |     2 +-
 sysutils/p5-File-Listing/distinfo                  |     6 +-
 sysutils/puppet5/Makefile                          |    12 +-
 sysutils/puppet6/Makefile                          |    20 +-
 sysutils/puppet7/Makefile                          |    20 +-
 sysutils/rubygem-bolt/Makefile                     |     5 +-
 sysutils/rubygem-bolt/distinfo                     |     6 +-
 sysutils/rubygem-bolt/files/patch-bolt.gemspec     |    23 +-
 textproc/Makefile                                  |     6 +
 textproc/p5-Lingua-EN-Inflect/Makefile             |     5 +-
 textproc/p5-Lingua-EN-Inflect/distinfo             |     6 +-
 textproc/p5-Lingua-EN-NameCase/Makefile            |     7 +-
 textproc/p5-Lingua-EN-NameCase/distinfo            |     5 +-
 textproc/p5-Number-Format/Makefile                 |     2 +
 textproc/p5-Parse-CSV/Makefile                     |     8 +-
 textproc/p5-Parse-CSV/distinfo                     |     6 +-
 textproc/p5-Pod-Markdown/Makefile                  |     2 +-
 textproc/p5-Pod-Markdown/distinfo                  |     6 +-
 textproc/p5-Pod-Simple/Makefile                    |     2 +-
 textproc/p5-Pod-Simple/distinfo                    |     6 +-
 textproc/p5-Text-Balanced/Makefile                 |     8 +-
 textproc/p5-Text-Balanced/distinfo                 |     5 +-
 textproc/p5-Text-Format/Makefile                   |     2 +-
 textproc/p5-Text-Format/distinfo                   |     6 +-
 textproc/p5-URI-Find/Makefile                      |     2 +
 textproc/p5-XML-LibXML-Iterator/Makefile           |     2 +-
 textproc/p5-XML-LibXML-Iterator/distinfo           |     6 +-
 textproc/p5-XML-RSS-Parser/Makefile                |     2 +
 textproc/py-cmarkgfm/Makefile                      |     2 +-
 textproc/py-cmarkgfm/distinfo                      |     6 +-
 textproc/py-furo/Makefile                          |     2 +-
 textproc/py-furo/distinfo                          |     6 +-
 textproc/py-humanfriendly/Makefile                 |     2 +-
 textproc/py-humanfriendly/distinfo                 |     6 +-
 textproc/py-humanfriendly/pkg-descr                |     3 +-
 textproc/py-jupyterlab-pygments/Makefile           |    24 +
 textproc/py-jupyterlab-pygments/distinfo           |     3 +
 textproc/py-jupyterlab-pygments/pkg-descr          |     7 +
 textproc/py-markdown-it-py/Makefile                |    24 +
 textproc/py-markdown-it-py/distinfo                |     3 +
 textproc/py-markdown-it-py/pkg-descr               |     9 +
 textproc/py-mdit-py-plugins/Makefile               |    21 +
 textproc/py-mdit-py-plugins/distinfo               |     3 +
 textproc/py-mdit-py-plugins/files/patch-setup.py   |    10 +
 textproc/py-mdit-py-plugins/pkg-descr              |     3 +
 textproc/py-myst-parser/Makefile                   |    28 +
 textproc/py-myst-parser/distinfo                   |     3 +
 textproc/py-myst-parser/pkg-descr                  |     4 +
 textproc/py-pandocfilters/Makefile                 |     5 +-
 textproc/py-pandocfilters/distinfo                 |     6 +-
 textproc/py-rich/Makefile                          |     2 +-
 textproc/py-rich/distinfo                          |     6 +-
 textproc/py-sphinx-inline-tabs/Makefile            |    22 +
 textproc/py-sphinx-inline-tabs/distinfo            |     3 +
 textproc/py-sphinx-inline-tabs/pkg-descr           |    11 +
 textproc/py-xlrd/Makefile                          |     2 +-
 textproc/py-xlrd/distinfo                          |     6 +-
 textproc/rubygem-psych/Makefile                    |     2 +-
 textproc/rubygem-psych/distinfo                    |     6 +-
 textproc/rubygem-terminal-table/Makefile           |     4 +-
 textproc/rubygem-terminal-table/distinfo           |     6 +-
 textproc/rubygem-terminal-table1/Makefile          |    25 +
 textproc/rubygem-terminal-table1/distinfo          |     3 +
 textproc/rubygem-terminal-table1/pkg-descr         |    10 +
 www/libnghttp2/Makefile                            |     2 +-
 www/libnghttp2/distinfo                            |     6 +-
 www/libnghttp2/pkg-plist                           |     2 +-
 www/nghttp2/Makefile                               |     2 +-
 www/nghttp2/distinfo                               |     6 +-
 www/owncloud/Makefile                              |     2 +-
 www/owncloud/distinfo                              |     6 +-
 www/owncloud/pkg-plist                             |  2062 +++-
 www/p5-Catalyst-Plugin-I18N/Makefile               |     4 +-
 www/p5-Catalyst-Plugin-I18N/pkg-plist              |     4 +-
 www/p5-Dancer-Plugin-RPC/Makefile                  |     5 +-
 www/p5-Dancer-Plugin-RPC/distinfo                  |     6 +-
 www/p5-Feersum/Makefile                            |     3 +-
 www/p5-Feersum/distinfo                            |     6 +-
 www/p5-HTML-SimpleLinkExtor/Makefile               |     5 +-
 www/p5-HTML-SimpleLinkExtor/distinfo               |     6 +-
 www/p5-LWP-Protocol-https/Makefile                 |     2 +-
 www/p5-LWP-Protocol-https/distinfo                 |     6 +-
 www/p5-Template-Plugin-Clickable-Email/Makefile    |     2 +
 www/p5-Template-Plugin-Clickable/Makefile          |     2 +
 www/p5-Template-Plugin-Number-Format/Makefile      |     2 +
 www/p5-Template-Plugin-Subst/Makefile              |     2 +
 www/p5-WWW-Mechanize/Makefile                      |     2 +-
 www/p5-WWW-Mechanize/distinfo                      |     6 +-
 www/p5-WWW-WebArchive/Makefile                     |     6 +-
 www/p5-WWW-WebArchive/files/patch-Makefile.PL      |    11 +
 www/p5-WebService-NoPaste/Makefile                 |     9 +-
 www/p5-WebService-Pushover/Makefile                |     5 +-
 www/p5-libwww/Makefile                             |     2 +-
 www/p5-libwww/distinfo                             |     6 +-
 www/py-dj31-django-debug-toolbar/Makefile          |     2 +-
 www/py-dj31-django-debug-toolbar/distinfo          |     6 +-
 www/py-django-debug-toolbar/Makefile               |     4 +-
 www/py-django-debug-toolbar/distinfo               |     6 +-
 www/py-flask-wtf/Makefile                          |     3 +-
 www/py-google-api-core/Makefile                    |     2 +-
 www/py-google-api-core/distinfo                    |     6 +-
 www/py-google-cloud-core/Makefile                  |     2 +-
 www/py-google-cloud-core/distinfo                  |     6 +-
 www/py-google-cloud-storage/Makefile               |     4 +-
 www/py-google-cloud-storage/distinfo               |     6 +-
 www/py-google-resumable-media/Makefile             |     3 +-
 www/py-google-resumable-media/distinfo             |     6 +-
 www/py-hstspreload/Makefile                        |     2 +-
 www/py-hstspreload/distinfo                        |     6 +-
 www/py-httpretty/Makefile                          |     5 +-
 www/py-httpretty/distinfo                          |     6 +-
 www/py-httpretty/pkg-descr                         |     2 +-
 www/py-uvicorn/Makefile                            |     2 +-
 www/py-uvicorn/distinfo                            |     6 +-
 www/py-wagtail/Makefile                            |     3 +-
 www/py-wagtail/distinfo                            |     6 +-
 www/rubygem-jekyll/Makefile                        |     6 +-
 www/rubygem-jekyll/distinfo                        |     6 +-
 www/rubygem-webmock/Makefile                       |     2 +-
 www/rubygem-webmock/distinfo                       |     6 +-
 www/searx/Makefile                                 |     4 +-
 x11-fonts/gnu-unifont-ttf/distinfo                 |    14 +-
 x11-fonts/gnu-unifont/Makefile                     |     2 +-
 x11-fonts/gnu-unifont/distinfo                     |     6 +-
 x11-fonts/ots/Makefile                             |     2 +-
 x11-fonts/ots/distinfo                             |     6 +-
 x11-fonts/ots/files/patch-meson.build              |    10 +-
 x11-fonts/ots/pkg-plist                            |     1 +
 x11-fonts/sourcecodepro-ttf/Makefile               |    16 +-
 x11-fonts/sourcecodepro-ttf/distinfo               |     6 +-
 x11-fonts/stix-fonts/Makefile                      |    10 +-
 x11-fonts/stix-fonts/distinfo                      |     6 +-
 x11-fonts/stix-fonts/pkg-plist                     |    42 +-
 x11-themes/flat-remix-icon-themes/Makefile         |     2 +-
 x11-themes/flat-remix-icon-themes/distinfo         |     6 +-
 x11-themes/flat-remix-icon-themes/pkg-plist        | 11544 +++++++++++++++++++
 x11-toolkits/p5-Prima/Makefile                     |     2 +-
 x11-toolkits/p5-Prima/distinfo                     |     6 +-
 x11-toolkits/p5-Prima/pkg-descr                    |     1 -
 x11-toolkits/p5-Prima/pkg-plist                    |    16 +
 x11-toolkits/p5-Tk-TableMatrix/Makefile            |    13 +-
 x11-toolkits/p5-Tk-TableMatrix/distinfo            |     5 +-
 485 files changed, 15473 insertions(+), 2304 deletions(-)
 delete mode 100644 databases/pecl-memcache/files/patch-php80
 create mode 100644 devel/p5-App-Trace/files/patch-Makefile.PL
 create mode 100644 devel/py-capturer/Makefile
 create mode 100644 devel/py-capturer/distinfo
 create mode 100644 devel/py-capturer/pkg-descr
 create mode 100644 devel/py-nbclient/Makefile
 create mode 100644 devel/py-nbclient/distinfo
 create mode 100644 devel/py-nbclient/pkg-descr
 create mode 100644 devel/py-nest-asyncio/Makefile
 create mode 100644 devel/py-nest-asyncio/distinfo
 create mode 100644 devel/py-nest-asyncio/pkg-descr
 delete mode 100644 devel/py-packaging/files/setup.py
 create mode 100644 devel/py-pytest-regressions/Makefile
 create mode 100644 devel/py-pytest-regressions/distinfo
 create mode 100644 devel/py-pytest-regressions/pkg-descr
 create mode 100644 devel/rubygem-aws-sdk-greengrassv2/Makefile
 create mode 100644 devel/rubygem-aws-sdk-greengrassv2/distinfo
 create mode 100644 devel/rubygem-aws-sdk-greengrassv2/pkg-descr
 create mode 100644 devel/rubygem-aws-sdk-iotdeviceadvisor/Makefile
 create mode 100644 devel/rubygem-aws-sdk-iotdeviceadvisor/distinfo
 create mode 100644 devel/rubygem-aws-sdk-iotdeviceadvisor/pkg-descr
 create mode 100644 devel/rubygem-aws-sdk-iotfleethub/Makefile
 create mode 100644 devel/rubygem-aws-sdk-iotfleethub/distinfo
 create mode 100644 devel/rubygem-aws-sdk-iotfleethub/pkg-descr
 create mode 100644 devel/rubygem-aws-sdk-iotwireless/Makefile
 create mode 100644 devel/rubygem-aws-sdk-iotwireless/distinfo
 create mode 100644 devel/rubygem-aws-sdk-iotwireless/pkg-descr
 create mode 100644 devel/rubygem-aws-sdk-locationservice/Makefile
 create mode 100644 devel/rubygem-aws-sdk-locationservice/distinfo
 create mode 100644 devel/rubygem-aws-sdk-locationservice/pkg-descr
 create mode 100644 devel/rubygem-aws-sdk-prometheusservice/Makefile
 create mode 100644 devel/rubygem-aws-sdk-prometheusservice/distinfo
 create mode 100644 devel/rubygem-aws-sdk-prometheusservice/pkg-descr
 create mode 100644 devel/rubygem-aws-sdk-wellarchitected/Makefile
 create mode 100644 devel/rubygem-aws-sdk-wellarchitected/distinfo
 create mode 100644 devel/rubygem-aws-sdk-wellarchitected/pkg-descr
 create mode 100644 devel/rubygem-erb/Makefile
 create mode 100644 devel/rubygem-erb/distinfo
 create mode 100644 devel/rubygem-erb/pkg-descr
 create mode 100644 devel/rubygem-rbs/Makefile
 create mode 100644 devel/rubygem-rbs/distinfo
 create mode 100644 devel/rubygem-rbs/pkg-descr
 create mode 100644 devel/rubygem-typeprof/Makefile
 create mode 100644 devel/rubygem-typeprof/distinfo
 create mode 100644 devel/rubygem-typeprof/pkg-descr
 create mode 100644 graphics/geos/files/patch-tests-geostest-Makefile.in
 create mode 100644 graphics/geos/files/patch-tests-thread-Makefile.in
 create mode 100644 graphics/py-pyproj/pkg-plist
 create mode 100644 science/py-eccodes/Makefile
 create mode 100644 science/py-eccodes/distinfo
 create mode 100644 science/py-eccodes/files/patch-gribapi-bindings.py
 create mode 100644 science/py-eccodes/pkg-descr
 create mode 100644 security/p5-Crypt-OpenSSL-X509/files/patch-Makefile.PL
 create mode 100644 textproc/py-jupyterlab-pygments/Makefile
 create mode 100644 textproc/py-jupyterlab-pygments/distinfo
 create mode 100644 textproc/py-jupyterlab-pygments/pkg-descr
 create mode 100644 textproc/py-markdown-it-py/Makefile
 create mode 100644 textproc/py-markdown-it-py/distinfo
 create mode 100644 textproc/py-markdown-it-py/pkg-descr
 create mode 100644 textproc/py-mdit-py-plugins/Makefile
 create mode 100644 textproc/py-mdit-py-plugins/distinfo
 create mode 100644 textproc/py-mdit-py-plugins/files/patch-setup.py
 create mode 100644 textproc/py-mdit-py-plugins/pkg-descr
 create mode 100644 textproc/py-myst-parser/Makefile
 create mode 100644 textproc/py-myst-parser/distinfo
 create mode 100644 textproc/py-myst-parser/pkg-descr
 create mode 100644 textproc/py-sphinx-inline-tabs/Makefile
 create mode 100644 textproc/py-sphinx-inline-tabs/distinfo
 create mode 100644 textproc/py-sphinx-inline-tabs/pkg-descr
 create mode 100644 textproc/rubygem-terminal-table1/Makefile
 create mode 100644 textproc/rubygem-terminal-table1/distinfo
 create mode 100644 textproc/rubygem-terminal-table1/pkg-descr
 create mode 100644 www/p5-WWW-WebArchive/files/patch-Makefile.PL
=============================
HardenedBSD Master git Server
=============================

Please note that connections and activity to this server are logged.
This server, git-01.md.hardenedbsd.org, acts as the source-of-truth
server for the HardenedBSD repositories.

Banner last updated: 10 Feb 2020 09:32 EST

remote: To github.com:HardenedBSD/hardenedbsd-ports.git        
remote:    2bf793c9041b..dd98a200f44c  master -> master        
remote:    39351d2ab8f0..2bf793c9041b  github/master -> github/master
remote:  ! [remote rejected]           refs/pull/10/head -> refs/pull/10/head (deny updating a hidden ref)        
remote:  ! [remote rejected]           refs/pull/11/head -> refs/pull/11/head (deny updating a hidden ref)        
remote:  ! [remote rejected]           refs/pull/12/head -> refs/pull/12/head (deny updating a hidden ref)        
remote:  ! [remote rejected]           refs/pull/14/head -> refs/pull/14/head (deny updating a hidden ref)
remote:  ! [remote rejected]           refs/pull/15/head -> refs/pull/15/head (deny updating a hidden ref)
remote:  ! [remote rejected]           refs/pull/2/head -> refs/pull/2/head (deny updating a hidden ref)        
remote:  ! [remote rejected]           refs/pull/9/head -> refs/pull/9/head (deny updating a hidden ref)        
remote: error: failed to push some refs to 'github.com:HardenedBSD/hardenedbsd-ports.git'        
remote: . Processing 1 references        
remote: Processed 1 references in total        
To git-01.md.hardenedbsd.org:HardenedBSD/hardenedbsd-ports.git
   2bf793c9041b..dd98a200f44c  master -> master
==== END: master ====
