==== BEGIN: master ====
current branch: master
mergeable branch: github/master
==== change branch ====
Already on 'master'
Your branch is up to date with 'origin/master'.
==== show current branch ====
* master
==== check for stale changes ====
==== update to latest origin ====
warning: Pulling without specifying how to reconcile divergent branches is
discouraged. You can squelch this message by running one of the following
commands sometime before your next pull:

  git config pull.rebase false  # merge (the default strategy)
  git config pull.rebase true   # rebase
  git config pull.ff only       # fast-forward only

You can replace "git config" with "git config --global" to set a default
preference for all repositories. You can also pass --rebase, --no-rebase,
or --ff-only on the command line to override the configured default per
invocation.

=============================
HardenedBSD Master git Server
=============================

Please note that connections and activity to this server are logged.
This server, git-01.md.hardenedbsd.org, acts as the source-of-truth
server for the HardenedBSD repositories.

Banner last updated: 10 Feb 2020 09:32 EST

Already up to date.
==== merge branches ====
==== merge github/master branch ====
Already up to date.
=============================
HardenedBSD Master git Server
=============================

Please note that connections and activity to this server are logged.
This server, git-01.md.hardenedbsd.org, acts as the source-of-truth
server for the HardenedBSD repositories.

Banner last updated: 10 Feb 2020 09:32 EST

Everything up-to-date
==== END: master ====
==== BEGIN: master ====
current branch: master
mergeable branch: freebsd/master
==== change branch ====
Already on 'master'
Your branch is up to date with 'origin/master'.
==== show current branch ====
* master
==== check for stale changes ====
==== update to latest origin ====
warning: Pulling without specifying how to reconcile divergent branches is
discouraged. You can squelch this message by running one of the following
commands sometime before your next pull:

  git config pull.rebase false  # merge (the default strategy)
  git config pull.rebase true   # rebase
  git config pull.ff only       # fast-forward only

You can replace "git config" with "git config --global" to set a default
preference for all repositories. You can also pass --rebase, --no-rebase,
or --ff-only on the command line to override the configured default per
invocation.

=============================
HardenedBSD Master git Server
=============================

Please note that connections and activity to this server are logged.
This server, git-01.md.hardenedbsd.org, acts as the source-of-truth
server for the HardenedBSD repositories.

Banner last updated: 10 Feb 2020 09:32 EST

Already up to date.
==== merge branches ====
==== merge freebsd/master branch ====
Auto-merging www/firefox-esr/Makefile
Auto-merging shells/bash/Makefile
Auto-merging security/snort/Makefile
Removing net/grsync/files/patch-src-main.c
Removing net/grsync/files/patch-src-callbacks.h
Merge made by the 'recursive' strategy.
 astro/gpstk/Makefile                               |  2 +-
 astro/gpstk/distinfo                               |  6 +--
 astro/gpstk/pkg-plist                              | 28 +++++++++++-
 ...tch-src_Make.inc_Makefile.inc.i686__pc__freebsd | 33 ++++++++++++++
 ...-src_Make.inc_Makefile.inc.x86-64__pc__freebsd} |  0
 graphics/mapserver/Makefile                        |  3 +-
 graphics/mapserver/distinfo                        |  6 +--
 graphics/mapserver/pkg-plist                       |  2 +-
 net/grsync/Makefile                                |  4 +-
 net/grsync/distinfo                                |  6 +--
 net/grsync/files/patch-src-callbacks.c             | 23 ++++++++++
 net/grsync/files/patch-src-callbacks.h             | 19 --------
 net/grsync/files/patch-src-main.c                  | 15 -------
 security/highwayhash/Makefile                      |  1 +
 .../files/patch-highwayhash_arch__specific.cc      |  9 ----
 security/klee/Makefile                             |  9 ++--
 security/klee/distinfo                             |  6 +--
 security/klee/pkg-plist                            | 52 ++++++++++++++++++++--
 security/snort/Makefile                            |  2 +-
 security/snort/distinfo                            |  6 +--
 security/snort/pkg-plist                           |  4 ++
 shells/bash/Makefile                               | 20 +++++----
 shells/bash/distinfo                               | 42 ++---------------
 shells/bash/pkg-plist                              |  7 +++
 textproc/py-dparse/Makefile                        | 10 ++++-
 textproc/py-dparse/distinfo                        |  6 +--
 www/firefox-esr/Makefile                           |  3 +-
 www/firefox-esr/distinfo                           |  6 +--
 x11/xpra/Makefile                                  |  4 +-
 x11/xpra/distinfo                                  |  6 +--
 x11/xpra/files/patch-xpra_platform_xposix_paths.py | 10 +++++
 x11/xpra/pkg-plist                                 |  7 ++-
 32 files changed, 218 insertions(+), 139 deletions(-)
 create mode 100644 cad/scotch/files/patch-src_Make.inc_Makefile.inc.i686__pc__freebsd
 rename cad/scotch/files/{patch-src_Make.inc_Makefile.inc.x86-64_pc_freebsd => patch-src_Make.inc_Makefile.inc.x86-64__pc__freebsd} (100%)
 create mode 100644 net/grsync/files/patch-src-callbacks.c
 delete mode 100644 net/grsync/files/patch-src-callbacks.h
 delete mode 100644 net/grsync/files/patch-src-main.c
 create mode 100644 x11/xpra/files/patch-xpra_platform_xposix_paths.py
=============================
HardenedBSD Master git Server
=============================

Please note that connections and activity to this server are logged.
This server, git-01.md.hardenedbsd.org, acts as the source-of-truth
server for the HardenedBSD repositories.

Banner last updated: 10 Feb 2020 09:32 EST

remote: To github.com:HardenedBSD/hardenedbsd-ports.git        
remote:    8dd0f0f63e16..5d80527c63bc  master -> master
remote:    1c171fbadbfd..8dd0f0f63e16  github/master -> github/master        
remote:  ! [remote rejected]           refs/pull/10/head -> refs/pull/10/head (deny updating a hidden ref)        
remote:  ! [remote rejected]           refs/pull/11/head -> refs/pull/11/head (deny updating a hidden ref)        
remote:  ! [remote rejected]           refs/pull/12/head -> refs/pull/12/head (deny updating a hidden ref)
remote:  ! [remote rejected]           refs/pull/14/head -> refs/pull/14/head (deny updating a hidden ref)
remote:  ! [remote rejected]           refs/pull/15/head -> refs/pull/15/head (deny updating a hidden ref)
remote:  ! [remote rejected]           refs/pull/2/head -> refs/pull/2/head (deny updating a hidden ref)        
remote:  ! [remote rejected]           refs/pull/9/head -> refs/pull/9/head (deny updating a hidden ref)        
remote: error: failed to push some refs to 'github.com:HardenedBSD/hardenedbsd-ports.git'        
remote: . Processing 1 references        
remote: Processed 1 references in total        
To git-01.md.hardenedbsd.org:HardenedBSD/hardenedbsd-ports.git
   8dd0f0f63e16..5d80527c63bc  master -> master
==== END: master ====
