==== BEGIN: master ====
current branch: master
mergeable branch: github/master
==== change branch ====
Already on 'master'
Your branch is up to date with 'origin/master'.
==== show current branch ====
* master
==== check for stale changes ====
==== update to latest origin ====
warning: Pulling without specifying how to reconcile divergent branches is
discouraged. You can squelch this message by running one of the following
commands sometime before your next pull:

  git config pull.rebase false  # merge (the default strategy)
  git config pull.rebase true   # rebase
  git config pull.ff only       # fast-forward only

You can replace "git config" with "git config --global" to set a default
preference for all repositories. You can also pass --rebase, --no-rebase,
or --ff-only on the command line to override the configured default per
invocation.

=============================
HardenedBSD Master git Server
=============================

Please note that connections and activity to this server are logged.
This server, git-01.md.hardenedbsd.org, acts as the source-of-truth
server for the HardenedBSD repositories.

Banner last updated: 10 Feb 2020 09:32 EST

Already up to date.
==== merge branches ====
==== merge github/master branch ====
Already up to date.
=============================
HardenedBSD Master git Server
=============================

Please note that connections and activity to this server are logged.
This server, git-01.md.hardenedbsd.org, acts as the source-of-truth
server for the HardenedBSD repositories.

Banner last updated: 10 Feb 2020 09:32 EST

Everything up-to-date
==== END: master ====
==== BEGIN: master ====
current branch: master
mergeable branch: freebsd/master
==== change branch ====
Already on 'master'
Your branch is up to date with 'origin/master'.
==== show current branch ====
* master
==== check for stale changes ====
==== update to latest origin ====
warning: Pulling without specifying how to reconcile divergent branches is
discouraged. You can squelch this message by running one of the following
commands sometime before your next pull:

  git config pull.rebase false  # merge (the default strategy)
  git config pull.rebase true   # rebase
  git config pull.ff only       # fast-forward only

You can replace "git config" with "git config --global" to set a default
preference for all repositories. You can also pass --rebase, --no-rebase,
or --ff-only on the command line to override the configured default per
invocation.

=============================
HardenedBSD Master git Server
=============================

Please note that connections and activity to this server are logged.
This server, git-01.md.hardenedbsd.org, acts as the source-of-truth
server for the HardenedBSD repositories.

Banner last updated: 10 Feb 2020 09:32 EST

Already up to date.
==== merge branches ====
==== merge freebsd/master branch ====
Auto-merging www/firefox/Makefile
Merge made by the 'recursive' strategy.
 audio/ardour6/Makefile                             |   2 +-
 audio/audacity/Makefile                            |   2 +-
 audio/gstreamer-plugins-soundtouch/Makefile        |   2 +-
 audio/gstreamer1-plugins-soundtouch/Makefile       |   2 +-
 audio/mixxx/Makefile                               |   4 +-
 audio/mixxx21/Makefile                             |   2 +-
 audio/rezound/Makefile                             |   2 +-
 audio/soundtouch/Makefile                          |   8 +-
 audio/soundtouch/distinfo                          |   5 +-
 cad/zcad/Makefile                                  |  21 +-
 cad/zcad/distinfo                                  |   6 +-
 ...atch-cad__source_components_zebase_uzbpaths.pas |  19 +-
 cad/zcad/files/patch-cad__source_zcad_uzclog.pas   |  31 +--
 cad/zcad/pkg-plist                                 |   4 +-
 games/vitetris/Makefile                            |   2 +-
 games/vitetris/distinfo                            |   6 +-
 graphics/egl-wayland/Makefile                      |   2 +-
 graphics/egl-wayland/distinfo                      |   6 +-
 graphics/egl-wayland/pkg-plist                     |   2 +-
 net-mgmt/netdisco/Makefile                         |   2 +-
 net-mgmt/netdisco/distinfo                         |   6 +-
 net-mgmt/netdisco/pkg-plist                        |   2 +
 net/librdkafka/Makefile                            |   2 +-
 net/librdkafka/distinfo                            |   6 +-
 net/x11vnc/Makefile                                |   2 +-
 sysutils/bacula9-docs/Makefile                     |   2 +-
 sysutils/bacula9-docs/distinfo                     |   6 +-
 sysutils/bacula9-server/Makefile                   |   3 +-
 sysutils/bacula9-server/distinfo                   |   6 +-
 sysutils/pot/Makefile                              |   4 +-
 sysutils/pot/distinfo                              |   6 +-
 www/firefox/Makefile                               |   2 +-
 www/firefox/distinfo                               |   6 +-
 www/lychee/Makefile                                | 153 +++++-----
 www/lychee/distinfo                                | 308 +++++++++++----------
 35 files changed, 330 insertions(+), 314 deletions(-)
=============================
HardenedBSD Master git Server
=============================

Please note that connections and activity to this server are logged.
This server, git-01.md.hardenedbsd.org, acts as the source-of-truth
server for the HardenedBSD repositories.

Banner last updated: 10 Feb 2020 09:32 EST

remote: To github.com:HardenedBSD/hardenedbsd-ports.git        
remote:    26e8e18f9286..d45237572165  master -> master        
remote:    76073abc4b28..26e8e18f9286  github/master -> github/master        
remote:  ! [remote rejected]           refs/pull/10/head -> refs/pull/10/head (deny updating a hidden ref)        
remote:  ! [remote rejected]           refs/pull/11/head -> refs/pull/11/head (deny updating a hidden ref)        
remote:  ! [remote rejected]           refs/pull/12/head -> refs/pull/12/head (deny updating a hidden ref)        
remote:  ! [remote rejected]           refs/pull/14/head -> refs/pull/14/head (deny updating a hidden ref)        
remote:  ! [remote rejected]           refs/pull/15/head -> refs/pull/15/head (deny updating a hidden ref)        
remote:  ! [remote rejected]           refs/pull/2/head -> refs/pull/2/head (deny updating a hidden ref)        
remote:  ! [remote rejected]           refs/pull/9/head -> refs/pull/9/head (deny updating a hidden ref)        
remote: error: failed to push some refs to 'github.com:HardenedBSD/hardenedbsd-ports.git'        
remote: . Processing 1 references        
remote: Processed 1 references in total        
To git-01.md.hardenedbsd.org:HardenedBSD/hardenedbsd-ports.git
   26e8e18f9286..d45237572165  master -> master
==== END: master ====
