==== BEGIN: master ====
current branch: master
mergeable branch: github/master
==== change branch ====
Already on 'master'
Your branch is up to date with 'origin/master'.
==== show current branch ====
* master
==== check for stale changes ====
==== update to latest origin ====
warning: Pulling without specifying how to reconcile divergent branches is
discouraged. You can squelch this message by running one of the following
commands sometime before your next pull:

  git config pull.rebase false  # merge (the default strategy)
  git config pull.rebase true   # rebase
  git config pull.ff only       # fast-forward only

You can replace "git config" with "git config --global" to set a default
preference for all repositories. You can also pass --rebase, --no-rebase,
or --ff-only on the command line to override the configured default per
invocation.

=============================
HardenedBSD Master git Server
=============================

Please note that connections and activity to this server are logged.
This server, git-01.md.hardenedbsd.org, acts as the source-of-truth
server for the HardenedBSD repositories.

Banner last updated: 10 Feb 2020 09:32 EST

Already up to date.
==== merge branches ====
==== merge github/master branch ====
Already up to date.
=============================
HardenedBSD Master git Server
=============================

Please note that connections and activity to this server are logged.
This server, git-01.md.hardenedbsd.org, acts as the source-of-truth
server for the HardenedBSD repositories.

Banner last updated: 10 Feb 2020 09:32 EST

Everything up-to-date
==== END: master ====
==== BEGIN: master ====
current branch: master
mergeable branch: freebsd/master
==== change branch ====
Already on 'master'
Your branch is up to date with 'origin/master'.
==== show current branch ====
* master
==== check for stale changes ====
==== update to latest origin ====
warning: Pulling without specifying how to reconcile divergent branches is
discouraged. You can squelch this message by running one of the following
commands sometime before your next pull:

  git config pull.rebase false  # merge (the default strategy)
  git config pull.rebase true   # rebase
  git config pull.ff only       # fast-forward only

You can replace "git config" with "git config --global" to set a default
preference for all repositories. You can also pass --rebase, --no-rebase,
or --ff-only on the command line to override the configured default per
invocation.

=============================
HardenedBSD Master git Server
=============================

Please note that connections and activity to this server are logged.
This server, git-01.md.hardenedbsd.org, acts as the source-of-truth
server for the HardenedBSD repositories.

Banner last updated: 10 Feb 2020 09:32 EST

Already up to date.
==== merge branches ====
==== merge freebsd/master branch ====
Auto-merging www/firefox/Makefile
Auto-merging shells/bash/Makefile
Merge made by the 'recursive' strategy.
 audio/vsound/Makefile               |   2 +
 benchmarks/libmicro/Makefile        |   1 +
 benchmarks/lzbench/Makefile         |   2 +
 databases/p5-DBD-CSV/Makefile       |   2 +-
 databases/p5-DBD-CSV/distinfo       |   6 +-
 databases/phpliteadmin/Makefile     |   2 +-
 databases/phpliteadmin/distinfo     |   6 +-
 devel/p5-Cache-FastMmap/Makefile    |   2 +-
 devel/p5-Cache-FastMmap/distinfo    |   6 +-
 devel/p5-Class-C3/Makefile          |   2 +-
 devel/p5-Class-C3/distinfo          |   6 +-
 devel/p5-Class-Singleton/Makefile   |   3 +-
 devel/p5-Class-Singleton/distinfo   |   5 +-
 devel/p5-DateTime/Makefile          |   2 +-
 devel/p5-DateTime/distinfo          |   6 +-
 devel/p5-Moo/Makefile               |   2 +-
 devel/p5-Moo/distinfo               |   6 +-
 devel/py-cffi/Makefile              |   2 +-
 devel/py-p4python/Makefile          |   2 +
 games/eduke32/Makefile              |   2 +-
 games/eduke32/distinfo              |   6 +-
 games/tuxpaint/Makefile             |   4 +-
 games/tuxpaint/distinfo             |   6 +-
 games/tuxpaint/files/patch-Makefile |  12 ++--
 games/tuxpaint/pkg-plist            |   1 -
 net/py-ntplib/Makefile              |   2 +-
 net/py-ntplib/distinfo              |   5 +-
 science/py-pydicom/Makefile         |   2 +-
 science/py-pydicom/distinfo         |   6 +-
 security/nss/Makefile               |   2 +-
 security/nss/distinfo               |   6 +-
 shells/bash/Makefile                |   2 +
 sysutils/fselect/Makefile           |  56 +++++++++---------
 sysutils/fselect/distinfo           | 112 ++++++++++++++++++------------------
 sysutils/helm/Makefile              |  20 +++++++
 sysutils/kubectl/Makefile           |  15 +++++
 www/firefox/Makefile                |   4 +-
 www/firefox/distinfo                |   6 +-
 www/youtube_dl/Makefile             |   2 +-
 www/youtube_dl/distinfo             |   6 +-
 x11/rofi/Makefile                   |   3 +-
 x11/rofi/distinfo                   |   6 +-
 42 files changed, 198 insertions(+), 153 deletions(-)
=============================
HardenedBSD Master git Server
=============================

Please note that connections and activity to this server are logged.
This server, git-01.md.hardenedbsd.org, acts as the source-of-truth
server for the HardenedBSD repositories.

Banner last updated: 10 Feb 2020 09:32 EST

remote: To github.com:HardenedBSD/hardenedbsd-ports.git        
remote:    e2e55497dd42..06bfa2c81720  master -> master        
remote:    98166cddf931..e2e55497dd42  github/master -> github/master        
remote:  ! [remote rejected]           refs/pull/10/head -> refs/pull/10/head (deny updating a hidden ref)        
remote:  ! [remote rejected]           refs/pull/11/head -> refs/pull/11/head (deny updating a hidden ref)        
remote:  ! [remote rejected]           refs/pull/12/head -> refs/pull/12/head (deny updating a hidden ref)        
remote:  ! [remote rejected]           refs/pull/14/head -> refs/pull/14/head (deny updating a hidden ref)
remote:  ! [remote rejected]           refs/pull/15/head -> refs/pull/15/head (deny updating a hidden ref)        
remote:  ! [remote rejected]           refs/pull/2/head -> refs/pull/2/head (deny updating a hidden ref)        
remote:  ! [remote rejected]           refs/pull/9/head -> refs/pull/9/head (deny updating a hidden ref)        
remote: error: failed to push some refs to 'github.com:HardenedBSD/hardenedbsd-ports.git'        
remote: . Processing 1 references        
remote: Processed 1 references in total        
To git-01.md.hardenedbsd.org:HardenedBSD/hardenedbsd-ports.git
   e2e55497dd42..06bfa2c81720  master -> master
==== END: master ====
