==== BEGIN: master ====
current branch: master
mergeable branch: github/master
==== change branch ====
Already on 'master'
Your branch is up to date with 'origin/master'.
==== show current branch ====
* master
==== check for stale changes ====
==== update to latest origin ====
warning: Pulling without specifying how to reconcile divergent branches is
discouraged. You can squelch this message by running one of the following
commands sometime before your next pull:

  git config pull.rebase false  # merge (the default strategy)
  git config pull.rebase true   # rebase
  git config pull.ff only       # fast-forward only

You can replace "git config" with "git config --global" to set a default
preference for all repositories. You can also pass --rebase, --no-rebase,
or --ff-only on the command line to override the configured default per
invocation.

=============================
HardenedBSD Master git Server
=============================

Please note that connections and activity to this server are logged.
This server, git-01.md.hardenedbsd.org, acts as the source-of-truth
server for the HardenedBSD repositories.

Banner last updated: 10 Feb 2020 09:32 EST

Already up to date.
==== merge branches ====
==== merge github/master branch ====
Already up to date.
=============================
HardenedBSD Master git Server
=============================

Please note that connections and activity to this server are logged.
This server, git-01.md.hardenedbsd.org, acts as the source-of-truth
server for the HardenedBSD repositories.

Banner last updated: 10 Feb 2020 09:32 EST

Everything up-to-date
==== END: master ====
==== BEGIN: master ====
current branch: master
mergeable branch: freebsd/master
==== change branch ====
Already on 'master'
Your branch is up to date with 'origin/master'.
==== show current branch ====
* master
==== check for stale changes ====
==== update to latest origin ====
warning: Pulling without specifying how to reconcile divergent branches is
discouraged. You can squelch this message by running one of the following
commands sometime before your next pull:

  git config pull.rebase false  # merge (the default strategy)
  git config pull.rebase true   # rebase
  git config pull.ff only       # fast-forward only

You can replace "git config" with "git config --global" to set a default
preference for all repositories. You can also pass --rebase, --no-rebase,
or --ff-only on the command line to override the configured default per
invocation.

=============================
HardenedBSD Master git Server
=============================

Please note that connections and activity to this server are logged.
This server, git-01.md.hardenedbsd.org, acts as the source-of-truth
server for the HardenedBSD repositories.

Banner last updated: 10 Feb 2020 09:32 EST

Already up to date.
==== merge branches ====
==== merge freebsd/master branch ====
Removing multimedia/x265/files/patch-source_encoder_svt.h
Removing multimedia/x265/files/patch-source_encoder_api.cpp
Auto-merging multimedia/x265/Makefile
CONFLICT (content): Merge conflict in multimedia/x265/Makefile
Automatic merge failed; fix conflicts and then commit the result.
==== merge failed at freebsd/master branch ====
diff --cc multimedia/x265/Makefile
index 1c0738a19b27,1ad0be68be0e..000000000000
--- a/multimedia/x265/Makefile
+++ b/multimedia/x265/Makefile
@@@ -18,13 -13,7 +13,17 @@@ COMMENT=	H.265/High Efficiency Video Co
  LICENSE=	GPLv2+
  LICENSE_FILE=	${WRKSRC:H}/COPYING
  
++<<<<<<< HEAD
 +BUILD_DEPENDS=	${BUILD_DEPENDS_${ARCH}}
 +BUILD_DEPENDS_amd64=	nasm:devel/nasm
 +BUILD_DEPENDS_i386=	nasm:devel/nasm
 +
 +USE_HARDENING=	pie:off
 +
 +USES=		cmake compiler:c++14-lang pathfix
++=======
+ USES=		cmake compiler:c++14-lang pathfix dos2unix
++>>>>>>> freebsd/master
  
  OPTIONS_DEFINE=		DEBUG OPTIMIZED_FLAGS VMAF
  OPTIONS_DEFAULT=	OPTIMIZED_FLAGS HI8P HI10P HI12P
On branch master
Your branch is up to date with 'origin/master'.

You have unmerged paths.
  (fix conflicts and run "git commit")
  (use "git merge --abort" to abort the merge)

Changes to be committed:
	modified:   audio/Makefile
	new file:   audio/alo-lv2/Makefile
	new file:   audio/alo-lv2/distinfo
	new file:   audio/alo-lv2/pkg-descr
	new file:   audio/alo-lv2/pkg-plist
	modified:   audio/geonkick-lv2/Makefile
	modified:   audio/geonkick-lv2/distinfo
	renamed:    audio/geonkick-lv2/files/extra-patch-plugin_lv2_CMakeLists.txt -> audio/geonkick-lv2/files/patch-plugin_lv2_CMakeLists.txt
	modified:   audio/geonkick-lv2/pkg-descr
	modified:   audio/geonkick-lv2/pkg-plist
	modified:   audio/stegosaurus-lv2/Makefile
	modified:   audio/stegosaurus-lv2/distinfo
	modified:   audio/stegosaurus-lv2/pkg-descr
	modified:   math/Makefile
	new file:   math/py-numpy-stl/Makefile
	new file:   math/py-numpy-stl/distinfo
	new file:   math/py-numpy-stl/pkg-descr
	modified:   math/visualpolylib/Makefile
	modified:   misc/urbit/files/patch-meson.build
	modified:   multimedia/x265/distinfo
	modified:   multimedia/x265/files/patch-source_CMakeLists.txt
	new file:   multimedia/x265/files/patch-source_abrEncApp.cpp
	new file:   multimedia/x265/files/patch-source_cmake_Findsvthevc.cmake
	new file:   multimedia/x265/files/patch-source_common_version.cpp
	new file:   multimedia/x265/files/patch-source_dynamicHDR10_CMakeLists.txt
	deleted:    multimedia/x265/files/patch-source_encoder_api.cpp
	deleted:    multimedia/x265/files/patch-source_encoder_svt.h
	modified:   multimedia/x265/pkg-plist
	modified:   science/chemtool/Makefile
	modified:   science/xcrysden/Makefile
	modified:   www/gallery-dl/Makefile
	modified:   www/gallery-dl/distinfo
	modified:   x11-toolkits/redkite/Makefile
	modified:   x11-toolkits/redkite/distinfo
	modified:   x11-toolkits/redkite/files/patch-CMakeLists.txt
	modified:   x11-toolkits/redkite/pkg-descr
	modified:   x11-toolkits/redkite/pkg-plist

Unmerged paths:
  (use "git add <file>..." to mark resolution)
	both modified:   multimedia/x265/Makefile


It took 2.99 seconds to enumerate untracked files. 'status -uno'
may speed it up, but you have to be careful not to forget to add
new files yourself (see 'git help status').
HEAD is now at 78ea8ff0f3ae Merge remote-tracking branch 'freebsd/master'
==== merge failed and clean up after ====
On branch master
Your branch is up to date with 'origin/master'.


It took 2.96 seconds to enumerate untracked files. 'status -uno'
may speed it up, but you have to be careful not to forget to add
new files yourself (see 'git help status').
nothing to commit, working tree clean
HEAD is now at 78ea8ff0f3ae Merge remote-tracking branch 'freebsd/master'
==== END: master ====
