==== BEGIN: master ====
current branch: master
mergeable branch: github/master
==== change branch ====
Already on 'master'
Your branch is up to date with 'origin/master'.
==== show current branch ====
* master
==== check for stale changes ====
==== update to latest origin ====
=============================
HardenedBSD Master git Server
=============================

Please note that connections and activity to this server are logged.
This server, git-01.md.hardenedbsd.org, acts as the source-of-truth
server for the HardenedBSD repositories.

Banner last updated: 10 Feb 2020 09:32 EST

Already up to date.
==== merge branches ====
==== merge github/master branch ====
Already up to date.
=============================
HardenedBSD Master git Server
=============================

Please note that connections and activity to this server are logged.
This server, git-01.md.hardenedbsd.org, acts as the source-of-truth
server for the HardenedBSD repositories.

Banner last updated: 10 Feb 2020 09:32 EST

Everything up-to-date
==== END: master ====
==== BEGIN: master ====
current branch: master
mergeable branch: freebsd/master
==== change branch ====
Already on 'master'
Your branch is up to date with 'origin/master'.
==== show current branch ====
* master
==== check for stale changes ====
==== update to latest origin ====
=============================
HardenedBSD Master git Server
=============================

Please note that connections and activity to this server are logged.
This server, git-01.md.hardenedbsd.org, acts as the source-of-truth
server for the HardenedBSD repositories.

Banner last updated: 10 Feb 2020 09:32 EST

Already up to date.
==== merge branches ====
==== merge freebsd/master branch ====
Removing www/firefox-esr/files/patch-bug1580963
Auto-merging www/firefox-esr/Makefile
Auto-merging sysutils/lsof/Makefile
Auto-merging emulators/qemu-sbruno/Makefile
Merge made by the 'recursive' strategy.
 emulators/qemu-sbruno/Makefile                     |   2 +-
 math/Makefile                                      |   1 +
 math/elemental/Makefile                            |  42 +++
 math/elemental/distinfo                            |   3 +
 math/elemental/files/patch-CMakeLists.txt          |  20 ++
 ...patch-cmake_modules_ElCheckFunctionExists.cmake |  10 +
 math/elemental/pkg-descr                           |   4 +
 math/elemental/pkg-plist                           | 359 +++++++++++++++++++++
 net-mgmt/netdata/Makefile                          |   2 +
 security/vuxml/vuln.xml                            |   4 +
 sysutils/helm/Makefile                             |  73 +++--
 sysutils/helm/distinfo                             | 140 ++++----
 sysutils/lsof/Makefile                             |   4 +-
 sysutils/mkdesktop/Makefile                        |   2 +-
 sysutils/mkdesktop/distinfo                        |   6 +-
 www/firefox-esr/Makefile                           |   5 +-
 www/firefox-esr/distinfo                           |   6 +-
 www/firefox-esr/files/patch-bug1580963             |  61 ----
 www/firefox/Makefile                               |   3 +-
 www/firefox/distinfo                               |   6 +-
 x11-toolkits/granite/Makefile                      |   2 +-
 x11-toolkits/granite/distinfo                      |   6 +-
 22 files changed, 589 insertions(+), 172 deletions(-)
 create mode 100644 math/elemental/Makefile
 create mode 100644 math/elemental/distinfo
 create mode 100644 math/elemental/files/patch-CMakeLists.txt
 create mode 100644 math/elemental/files/patch-cmake_modules_ElCheckFunctionExists.cmake
 create mode 100644 math/elemental/pkg-descr
 create mode 100644 math/elemental/pkg-plist
 delete mode 100644 www/firefox-esr/files/patch-bug1580963
=============================
HardenedBSD Master git Server
=============================

Please note that connections and activity to this server are logged.
This server, git-01.md.hardenedbsd.org, acts as the source-of-truth
server for the HardenedBSD repositories.

Banner last updated: 10 Feb 2020 09:32 EST

remote: From github.com:HardenedBSD/hardenedbsd-ports        
remote:    3f642c6d3dfb..e5e327224487  master     -> github/master        
remote: To github.com:HardenedBSD/hardenedbsd-ports.git        
remote:  ! [rejected]                  master -> master (atomic push failed)        
remote:  ! [rejected]                  github/master -> github/master (atomic push failed)        
remote:  ! [remote rejected]           refs/pull/2/head -> refs/pull/2/head (deny updating a hidden ref)        
remote: error: failed to push some refs to 'git@github.com:HardenedBSD/hardenedbsd-ports.git'        
To git-01.md.hardenedbsd.org:HardenedBSD/hardenedbsd-ports.git
   e5e327224487..7f592560304a  master -> master
==== END: master ====
