==== BEGIN: master ====
current branch: master
mergeable branch: github/master
==== change branch ====
Already on 'master'
Your branch is up to date with 'origin/master'.
==== show current branch ====
* master
==== check for stale changes ====
==== update to latest origin ====
warning: Pulling without specifying how to reconcile divergent branches is
discouraged. You can squelch this message by running one of the following
commands sometime before your next pull:

  git config pull.rebase false  # merge (the default strategy)
  git config pull.rebase true   # rebase
  git config pull.ff only       # fast-forward only

You can replace "git config" with "git config --global" to set a default
preference for all repositories. You can also pass --rebase, --no-rebase,
or --ff-only on the command line to override the configured default per
invocation.

=============================
HardenedBSD Master git Server
=============================

Please note that connections and activity to this server are logged.
This server, git-01.md.hardenedbsd.org, acts as the source-of-truth
server for the HardenedBSD repositories.

Banner last updated: 10 Feb 2020 09:32 EST

Auto packing the repository in background for optimum performance.
See "git help gc" for manual housekeeping.
Already up to date.
==== merge branches ====
==== merge github/master branch ====
Already up to date.
=============================
HardenedBSD Master git Server
=============================

Please note that connections and activity to this server are logged.
This server, git-01.md.hardenedbsd.org, acts as the source-of-truth
server for the HardenedBSD repositories.

Banner last updated: 10 Feb 2020 09:32 EST

Everything up-to-date
==== END: master ====
==== BEGIN: master ====
current branch: master
mergeable branch: freebsd/master
==== change branch ====
Already on 'master'
Your branch is up to date with 'origin/master'.
==== show current branch ====
* master
==== check for stale changes ====
==== update to latest origin ====
warning: Pulling without specifying how to reconcile divergent branches is
discouraged. You can squelch this message by running one of the following
commands sometime before your next pull:

  git config pull.rebase false  # merge (the default strategy)
  git config pull.rebase true   # rebase
  git config pull.ff only       # fast-forward only

You can replace "git config" with "git config --global" to set a default
preference for all repositories. You can also pass --rebase, --no-rebase,
or --ff-only on the command line to override the configured default per
invocation.

=============================
HardenedBSD Master git Server
=============================

Please note that connections and activity to this server are logged.
This server, git-01.md.hardenedbsd.org, acts as the source-of-truth
server for the HardenedBSD repositories.

Banner last updated: 10 Feb 2020 09:32 EST

Auto packing the repository in background for optimum performance.
See "git help gc" for manual housekeeping.
Already up to date.
==== merge branches ====
==== merge freebsd/master branch ====
Auto-merging www/firefox/Makefile
Removing textproc/kompare/files/patch-git-68d3eee3.diff
Auto-merging print/tex-luatex/Makefile
Removing net/calendarsupport/files/patch-git-b4193fac.diff
Removing net-p2p/ktorrent/files/patch-plugins_mediaplayer_CMakeLists.txt
Removing math/cantor/files/patch-cmake_FindPythonLibs3.cmake
Removing graphics/okular/files/patch-shell_shell.cpp
Auto-merging graphics/gimp-app/Makefile
Auto-merging editors/libreoffice/Makefile
Removing devel/kio-extras/files/patch-smb_transfer.h
Removing deskutils/kdepim-apps-libs/pkg-plist
Removing deskutils/kdepim-apps-libs/pkg-descr
Removing deskutils/kdepim-apps-libs/distinfo
Removing deskutils/kdepim-apps-libs/Makefile
Removing deskutils/kaddressbook/files/patch-git-8aee8d40ae2a1c920d3520163d550d3b49720226.diff
Removing audio/kmix/files/patch-backends_mixer__oss.cpp
Removing astro/libkgeomap/pkg-plist
Removing astro/libkgeomap/pkg-descr
Removing astro/libkgeomap/distinfo
Removing astro/libkgeomap/Makefile
Merge made by the 'recursive' strategy.
Auto packing the repository in background for optimum performance.
See "git help gc" for manual housekeeping.
 MOVED                                              |   2 +
 Mk/Uses/kde.mk                                     |  20 +-
 accessibility/gammy/Makefile                       |   2 +-
 accessibility/kmag/distinfo                        |   6 +-
 accessibility/kmousetool/distinfo                  |   6 +-
 accessibility/kmouth/distinfo                      |   6 +-
 archivers/ark/Makefile                             |   2 +-
 archivers/ark/distinfo                             |   6 +-
 astro/Makefile                                     |   2 +-
 astro/kosmindoormap/Makefile                       |  19 ++
 astro/kosmindoormap/distinfo                       |   3 +
 astro/kosmindoormap/pkg-descr                      |   5 +
 astro/kosmindoormap/pkg-plist                      |  70 +++++
 astro/libkgeomap/Makefile                          |  36 ---
 astro/libkgeomap/distinfo                          |   3 -
 astro/libkgeomap/pkg-descr                         |   4 -
 astro/libkgeomap/pkg-plist                         | 117 ---------
 astro/marble/Makefile                              |   1 -
 astro/marble/distinfo                              |   6 +-
 astro/marble/pkg-plist                             | 129 +++++-----
 audio/audiocd-kio/distinfo                         |   6 +-
 audio/audiocd-kio/pkg-plist                        |   1 +
 audio/elisa/distinfo                               |   6 +-
 audio/elisa/pkg-plist                              |   1 +
 audio/juk/distinfo                                 |   6 +-
 audio/kmix/distinfo                                |   6 +-
 audio/kmix/files/patch-backends_mixer__oss.cpp     |  39 ---
 audio/kwave/distinfo                               |   6 +-
 audio/libkcddb/distinfo                            |   6 +-
 audio/libkcompactdisc/distinfo                     |   6 +-
 converters/pdf2djvu/Makefile                       |   2 +-
 databases/akonadi/distinfo                         |   6 +-
 databases/akonadi/pkg-plist                        |   1 +
 databases/kbibtex/Makefile                         |   2 +-
 deskutils/Makefile                                 |   2 +-
 deskutils/affiche/distinfo                         |   1 +
 deskutils/akonadi-calendar-tools/distinfo          |   6 +-
 deskutils/akonadi-import-wizard/distinfo           |   6 +-
 deskutils/akonadiconsole/distinfo                  |   6 +-
 deskutils/akregator/distinfo                       |   6 +-
 deskutils/calibre/Makefile                         |   1 +
 deskutils/cfiles/Makefile                          |   2 +-
 deskutils/grantlee-editor/Makefile                 |   2 +-
 deskutils/grantlee-editor/distinfo                 |   6 +-
 deskutils/grantleetheme/distinfo                   |   6 +-
 deskutils/itinerary/Makefile                       |  17 ++
 deskutils/itinerary/distinfo                       |   3 +
 deskutils/itinerary/pkg-descr                      |  22 ++
 deskutils/itinerary/pkg-plist                      |  35 +++
 deskutils/kaddressbook/Makefile                    |   2 +-
 deskutils/kaddressbook/distinfo                    |   6 +-
 ...t-8aee8d40ae2a1c920d3520163d550d3b49720226.diff |  60 -----
 deskutils/kaddressbook/pkg-plist                   |  32 ++-
 deskutils/kalarm/Makefile                          |   4 +-
 deskutils/kalarm/distinfo                          |   6 +-
 deskutils/kalarm/pkg-plist                         |   1 +
 deskutils/kcharselect/distinfo                     |   6 +-
 deskutils/kdeconnect-kde/Makefile                  |   2 +
 deskutils/kdeconnect-kde/distinfo                  |   6 +-
 deskutils/kdeconnect-kde/pkg-plist                 |  36 +--
 deskutils/kdepim-addons/Makefile                   |   2 +-
 deskutils/kdepim-addons/distinfo                   |   6 +-
 deskutils/kdepim-addons/pkg-plist                  |  31 ++-
 deskutils/kdepim-apps-libs/Makefile                |  35 ---
 deskutils/kdepim-apps-libs/distinfo                |   3 -
 deskutils/kdepim-apps-libs/pkg-descr               |  16 --
 deskutils/kdepim-apps-libs/pkg-plist               | 108 --------
 deskutils/kdepim-runtime/distinfo                  |   6 +-
 deskutils/kdepim-runtime/pkg-plist                 |  19 ++
 deskutils/keditbookmarks/distinfo                  |   6 +-
 deskutils/kfind/distinfo                           |   6 +-
 deskutils/kmail-account-wizard/distinfo            |   6 +-
 deskutils/kmail/Makefile                           |   2 +-
 deskutils/kmail/distinfo                           |   6 +-
 deskutils/knotes/distinfo                          |   6 +-
 deskutils/knotes/pkg-plist                         |   1 +
 deskutils/kontact/Makefile                         |   2 +-
 deskutils/kontact/distinfo                         |   6 +-
 deskutils/korganizer/Makefile                      |   2 +-
 deskutils/korganizer/distinfo                      |   6 +-
 deskutils/kruler/distinfo                          |   6 +-
 deskutils/libkdepim/distinfo                       |   6 +-
 deskutils/libkdepim/pkg-plist                      |   6 -
 deskutils/lumina-pdf/Makefile                      |   2 +-
 deskutils/mbox-importer/distinfo                   |   6 +-
 deskutils/pim-data-exporter/distinfo               |   6 +-
 deskutils/pim-sieve-editor/distinfo                |   6 +-
 deskutils/recoll/Makefile                          |   2 +-
 deskutils/xfce4-tumbler/Makefile                   |   2 +-
 devel/Makefile                                     |   1 +
 devel/cervisia/distinfo                            |   6 +-
 devel/dolphin-plugins/distinfo                     |   6 +-
 devel/dolphin-plugins/pkg-plist                    |   2 +-
 devel/efl/Makefile                                 |   2 +-
 devel/kapptemplate/distinfo                        |   6 +-
 devel/kcachegrind/distinfo                         |   6 +-
 devel/kde-dev-scripts/distinfo                     |   6 +-
 devel/kde-dev-utils/distinfo                       |   6 +-
 devel/kdesdk-thumbnailers/distinfo                 |   6 +-
 devel/kdesdk-thumbnailers/pkg-plist                |   1 +
 devel/kf5-kfilemetadata/Makefile                   |   2 +-
 devel/kio-extras/distinfo                          |   6 +-
 devel/kio-extras/files/patch-smb_transfer.h        |  10 -
 devel/kio-extras/pkg-plist                         |   4 +-
 devel/kirigami-gallery/distinfo                    |   6 +-
 devel/kpublictransport/Makefile                    |  19 ++
 devel/kpublictransport/distinfo                    |   3 +
 devel/kpublictransport/pkg-descr                   |   1 +
 devel/kpublictransport/pkg-plist                   |  79 ++++++
 devel/lokalize/distinfo                            |   6 +-
 devel/poxml/distinfo                               |   6 +-
 devel/umbrello/distinfo                            |   6 +-
 devel/umbrello/pkg-plist                           |   1 +
 editors/calligra/Makefile                          |   2 +-
 editors/kate/distinfo                              |   6 +-
 editors/kile/Makefile                              |   2 +-
 editors/libreoffice/Makefile                       |   2 +-
 editors/openoffice-devel/Makefile                  |   2 +-
 editors/texstudio/Makefile                         |   2 +-
 editors/texworks/Makefile                          |   2 +-
 games/blinken/distinfo                             |   6 +-
 games/bomber/distinfo                              |   6 +-
 games/bovo/distinfo                                |   6 +-
 games/granatier/distinfo                           |   6 +-
 games/kanagram/distinfo                            |   6 +-
 games/kapman/distinfo                              |   6 +-
 games/katomic/distinfo                             |   6 +-
 games/katomic/pkg-plist                            |   2 +-
 games/kblackbox/distinfo                           |   6 +-
 games/kblocks/distinfo                             |   6 +-
 games/kblocks/pkg-plist                            |   2 +-
 games/kbounce/distinfo                             |   6 +-
 games/kbreakout/distinfo                           |   6 +-
 games/kdiamond/distinfo                            |   6 +-
 games/kdiamond/pkg-plist                           |   2 +-
 games/kfourinline/distinfo                         |   6 +-
 games/kgoldrunner/distinfo                         |   6 +-
 games/kgoldrunner/pkg-plist                        |   4 +-
 games/khangman/distinfo                            |   6 +-
 games/kigo/distinfo                                |   6 +-
 games/kigo/pkg-plist                               |   5 +-
 games/killbots/distinfo                            |   6 +-
 games/killbots/pkg-plist                           |   1 +
 games/kiriki/distinfo                              |   6 +-
 games/kjumpingcube/distinfo                        |   6 +-
 games/klickety/distinfo                            |   6 +-
 games/klines/distinfo                              |   6 +-
 games/kmahjongg/distinfo                           |   6 +-
 games/kmines/distinfo                              |   6 +-
 games/knavalbattle/distinfo                        |   6 +-
 games/knetwalk/distinfo                            |   6 +-
 games/knights/distinfo                             |   6 +-
 games/knights/pkg-plist                            |   2 +-
 games/kolf/distinfo                                |   6 +-
 games/kollision/distinfo                           |   6 +-
 games/konquest/distinfo                            |   6 +-
 games/kpat/distinfo                                |   6 +-
 games/kpat/pkg-plist                               |   4 +-
 games/kreversi/distinfo                            |   6 +-
 games/kshisen/distinfo                             |   6 +-
 games/ksirk/distinfo                               |   6 +-
 games/ksirk/pkg-plist                              |   2 +-
 games/ksnakeduel/distinfo                          |   6 +-
 games/ksnakeduel/pkg-plist                         |   2 +-
 games/kspaceduel/distinfo                          |   6 +-
 games/ksquares/distinfo                            |   6 +-
 games/ksudoku/distinfo                             |   6 +-
 games/ktuberling/distinfo                          |   6 +-
 games/kubrick/distinfo                             |   6 +-
 games/libkdegames/distinfo                         |   6 +-
 games/libkmahjongg/distinfo                        |   6 +-
 games/lskat/distinfo                               |   6 +-
 games/palapeli/distinfo                            |   6 +-
 games/picmi/distinfo                               |   6 +-
 graphics/Makefile                                  |   1 +
 graphics/atril/Makefile                            |   2 +-
 graphics/diff-pdf/Makefile                         |   2 +-
 graphics/diffpdf/Makefile                          |   2 +-
 graphics/dspdfviewer/Makefile                      |   2 +-
 graphics/engauge-digitizer/Makefile                |   2 +-
 graphics/epdfview/Makefile                         |   2 +-
 graphics/evince/Makefile                           |   1 +
 graphics/gdal/Makefile                             |   2 +-
 graphics/geeqie/Makefile                           |   1 +
 graphics/gegl/Makefile                             |   2 +-
 graphics/gimp-app/Makefile                         |   2 +-
 graphics/graphviz/Makefile                         |   2 +-
 graphics/gwenview/distinfo                         |   6 +-
 graphics/impressive/Makefile                       |   2 +-
 graphics/inkscape/Makefile                         |   2 +-
 graphics/kamera/distinfo                           |   6 +-
 graphics/kcolorchooser/distinfo                    |   6 +-
 graphics/kdegraphics-mobipocket/distinfo           |   6 +-
 graphics/kdegraphics-svgpart/distinfo              |   6 +-
 graphics/kdegraphics-svgpart/pkg-plist             |   1 +
 graphics/kdegraphics-thumbnailers/distinfo         |   6 +-
 graphics/kimagemapeditor/distinfo                  |   6 +-
 graphics/kipi-plugins/distinfo                     |   6 +-
 graphics/kolourpaint/distinfo                      |   6 +-
 graphics/kontrast/Makefile                         |  18 ++
 graphics/kontrast/distinfo                         |   3 +
 graphics/kontrast/pkg-descr                        |   3 +
 graphics/kontrast/pkg-plist                        |  27 ++
 graphics/kqtquickcharts/distinfo                   |   6 +-
 graphics/krita/Makefile                            |   2 +-
 graphics/libkdcraw/distinfo                        |   6 +-
 graphics/libkexiv2/distinfo                        |   6 +-
 graphics/libkipi/distinfo                          |   6 +-
 graphics/libksane/distinfo                         |   6 +-
 graphics/okular/Makefile                           |   1 +
 graphics/okular/distinfo                           |   6 +-
 graphics/okular/files/patch-shell_shell.cpp        |  29 ---
 graphics/okular/pkg-plist                          |  65 +----
 graphics/openfx-arena/Makefile                     |   2 +-
 graphics/osg/Makefile                              |   2 +-
 graphics/pdf2svg/Makefile                          |   2 +-
 graphics/pdfpc/Makefile                            |   2 +-
 graphics/poppler/Makefile                          |   4 +-
 graphics/poppler/distinfo                          |   6 +-
 graphics/poppler/pkg-plist                         |   2 -
 graphics/pqiv/Makefile                             |   2 +-
 graphics/qcomicbook/Makefile                       |   2 +-
 graphics/spectacle/distinfo                        |   6 +-
 graphics/spectacle/pkg-plist                       |   1 +
 graphics/vips/Makefile                             |   2 +-
 graphics/xournal/Makefile                          |   2 +-
 graphics/xournalpp/Makefile                        |   2 +-
 graphics/yacreader/Makefile                        |   2 +-
 graphics/zathura-pdf-mupdf/Makefile                |   2 +-
 irc/konversation/Makefile                          |  13 +-
 irc/konversation/distinfo                          |   6 +-
 irc/konversation/pkg-plist                         | 283 ++++++++-------------
 japanese/kiten/distinfo                            |   6 +-
 lang/gcc10-devel/Makefile                          |   2 +-
 lang/gcc10-devel/distinfo                          |   6 +-
 lang/kross-interpreters/distinfo                   |   6 +-
 lang/kturtle/distinfo                              |   6 +-
 lang/seed7/Makefile                                |   2 +-
 lang/seed7/distinfo                                |   6 +-
 lang/seed7/files/patch-mk_freebsd.mk               |  10 +-
 lang/seed7/pkg-plist                               |   1 +
 mail/claws-mail-pdf_viewer/Makefile                |   2 +-
 mail/textmail/Makefile                             |   2 +-
 math/analitza/distinfo                             |   6 +-
 math/cantor/Makefile                               |   4 +-
 math/cantor/distinfo                               |   6 +-
 .../cantor/files/patch-cmake_FindPythonLibs3.cmake |  18 --
 math/cantor/pkg-plist                              |  26 +-
 math/gh-bc/Makefile                                |   2 +-
 math/gh-bc/distinfo                                |   6 +-
 math/kalgebra/distinfo                             |   6 +-
 math/kbruch/distinfo                               |   6 +-
 math/kcalc/distinfo                                |   6 +-
 math/kig/distinfo                                  |   6 +-
 math/kmplot/distinfo                               |   6 +-
 math/labplot/Makefile                              |   1 +
 math/rocs/distinfo                                 |   6 +-
 misc/artikulate/distinfo                           |   6 +-
 misc/artikulate/pkg-plist                          |   2 +-
 misc/kdeedu-data/distinfo                          |   6 +-
 misc/kgeography/distinfo                           |   6 +-
 misc/klettres/distinfo                             |   6 +-
 misc/klettres/pkg-plist                            |   5 +-
 misc/ktouch/distinfo                               |   6 +-
 misc/kwordquiz/distinfo                            |   6 +-
 misc/kwordquiz/pkg-plist                           |   2 +-
 misc/libkeduvocdocument/distinfo                   |   6 +-
 misc/parley/distinfo                               |   6 +-
 misc/parley/pkg-plist                              |   4 +-
 misc/rubygem-rabbit/Makefile                       |   2 +-
 misc/tellico/Makefile                              |   1 +
 multimedia/arcan/Makefile                          |   8 +-
 multimedia/arcan/pkg-plist                         |   2 +-
 multimedia/dragon/distinfo                         |   6 +-
 multimedia/kamoso/distinfo                         |   6 +-
 multimedia/kdemultimedia-ffmpegthumbs/Makefile     |   3 +-
 multimedia/kdemultimedia-ffmpegthumbs/distinfo     |   6 +-
 multimedia/kdemultimedia-ffmpegthumbs/pkg-plist    |   1 +
 multimedia/kdenlive/distinfo                       |   6 +-
 multimedia/kdenlive/pkg-plist                      | 101 +++++++-
 net-im/kaccounts-integration/distinfo              |   6 +-
 net-im/kaccounts-providers/distinfo                |   6 +-
 net-im/kaccounts-providers/pkg-plist               |   9 +-
 net-im/kopete/distinfo                             |   6 +-
 net-im/ktp-accounts-kcm/distinfo                   |   6 +-
 net-im/ktp-approver/distinfo                       |   6 +-
 net-im/ktp-auth-handler/distinfo                   |   6 +-
 net-im/ktp-call-ui/distinfo                        |   6 +-
 net-im/ktp-common-internals/distinfo               |   6 +-
 net-im/ktp-contact-list/distinfo                   |   6 +-
 net-im/ktp-contact-runner/distinfo                 |   6 +-
 net-im/ktp-contact-runner/pkg-plist                |   3 +-
 net-im/ktp-desktop-applets/distinfo                |   6 +-
 net-im/ktp-filetransfer-handler/distinfo           |   6 +-
 net-im/ktp-kded-module/distinfo                    |   6 +-
 net-im/ktp-send-file/distinfo                      |   6 +-
 net-im/ktp-text-ui/distinfo                        |   6 +-
 net-p2p/ktorrent/Makefile                          |   8 +-
 net-p2p/ktorrent/distinfo                          |   6 +-
 .../files/patch-plugins_mediaplayer_CMakeLists.txt |  11 -
 net-p2p/ktorrent/pkg-plist                         |  38 +--
 net-p2p/libktorrent/Makefile                       |   7 +-
 net-p2p/libktorrent/distinfo                       |   6 +-
 net-p2p/libktorrent/pkg-plist                      |  16 +-
 net/akonadi-calendar/distinfo                      |   6 +-
 net/akonadi-contacts/Makefile                      |   2 +-
 net/akonadi-contacts/distinfo                      |   6 +-
 net/akonadi-contacts/pkg-plist                     |  10 +
 net/akonadi-mime/distinfo                          |   6 +-
 net/akonadi-notes/distinfo                         |   6 +-
 net/akonadi-notes/pkg-plist                        |   1 +
 net/akonadi-search/distinfo                        |   6 +-
 net/calendarsupport/Makefile                       |   2 +-
 net/calendarsupport/distinfo                       |   6 +-
 net/calendarsupport/files/patch-git-b4193fac.diff  | 209 ---------------
 net/eventviews/distinfo                            |   6 +-
 net/incidenceeditor/Makefile                       |   2 +-
 net/incidenceeditor/distinfo                       |   6 +-
 net/kalarmcal/distinfo                             |   6 +-
 net/kcalutils/distinfo                             |   6 +-
 net/kdenetwork-filesharing/Makefile                |   4 +-
 net/kdenetwork-filesharing/distinfo                |   6 +-
 net/kdenetwork-filesharing/pkg-plist               |   4 +
 net/kget/distinfo                                  |   6 +-
 net/kidentitymanagement/distinfo                   |   6 +-
 net/kimap/distinfo                                 |   6 +-
 net/kimap/pkg-plist                                |   7 +-
 net/kio-gdrive/distinfo                            |   6 +-
 net/kio-gdrive/pkg-plist                           |   3 +-
 net/kitinerary/Makefile                            |   1 +
 net/kitinerary/distinfo                            |   6 +-
 net/kldap/distinfo                                 |   6 +-
 net/kmailtransport/distinfo                        |   6 +-
 net/kmbox/distinfo                                 |   6 +-
 net/kmbox/pkg-plist                                |   2 +-
 net/kmime/distinfo                                 |   6 +-
 net/kontactinterface/distinfo                      |   6 +-
 net/kpimtextedit/distinfo                          |   6 +-
 net/krdc/distinfo                                  |   6 +-
 net/krfb/distinfo                                  |   6 +-
 net/krfb/pkg-plist                                 |   1 +
 net/ksmtp/distinfo                                 |   6 +-
 net/ktnef/distinfo                                 |   6 +-
 net/libgravatar/distinfo                           |   6 +-
 net/libgravatar/pkg-plist                          |   1 +
 net/libkgapi/distinfo                              |   6 +-
 net/libkgapi/pkg-plist                             |   8 +-
 net/libksieve/distinfo                             |   6 +-
 net/mailcommon/distinfo                            |   6 +-
 net/mailcommon/pkg-plist                           |  14 +-
 net/mailimporter/distinfo                          |   6 +-
 net/messagelib/Makefile                            |   2 +-
 net/messagelib/distinfo                            |   6 +-
 net/messagelib/pkg-plist                           |   2 +
 net/pimcommon/distinfo                             |   6 +-
 net/zeroconf-ioslave/distinfo                      |   6 +-
 print/cups-filters/Makefile                        |   1 +
 print/deforaos-pdfviewer/Makefile                  |   2 +-
 print/ghostscript9-agpl-base/Makefile              |   2 +-
 print/pdf-tools/Makefile                           |   2 +-
 print/print-manager/distinfo                       |   6 +-
 print/py-frescobaldi/Makefile                      |   2 +-
 print/qpdfview/Makefile                            |   2 +-
 print/scribus-devel/Makefile                       |   2 +-
 print/tex-luatex/Makefile                          |   2 +-
 print/tex-xetex/Makefile                           |   2 +-
 print/texlive-base/Makefile                        |   2 +-
 science/kalzium/distinfo                           |   6 +-
 science/kalzium/pkg-plist                          |   2 +-
 science/step/distinfo                              |   6 +-
 science/step/pkg-plist                             |  51 ++--
 security/kgpg/distinfo                             |   6 +-
 security/kleopatra/distinfo                        |   6 +-
 security/kpkpass/distinfo                          |   6 +-
 security/kwalletmanager/distinfo                   |   6 +-
 security/libkleo/distinfo                          |   6 +-
 security/libkleo/pkg-plist                         |   4 +-
 security/openvpn-devel/Makefile                    |   2 +-
 security/openvpn-devel/distinfo                    |   6 +-
 sysutils/baloo-widgets/Makefile                    |   2 +-
 sysutils/baloo-widgets/distinfo                    |   6 +-
 sysutils/filelight/distinfo                        |   6 +-
 sysutils/k3b/distinfo                              |   6 +-
 sysutils/k3b/pkg-plist                             |   1 +
 sysutils/kbackup/distinfo                          |   6 +-
 sysutils/kbackup/pkg-plist                         |   5 +
 sysutils/kcron/distinfo                            |   6 +-
 sysutils/kdebugsettings/distinfo                   |   6 +-
 sysutils/kdf/distinfo                              |   6 +-
 sysutils/kdialog/distinfo                          |   6 +-
 sysutils/kfloppy/distinfo                          |   6 +-
 sysutils/khelpcenter/distinfo                      |   6 +-
 sysutils/kio-fuse/Makefile                         |   4 +-
 sysutils/ksystemlog/distinfo                       |   6 +-
 sysutils/signon-kwallet-extension/distinfo         |   6 +-
 sysutils/sweeper/distinfo                          |   6 +-
 sysutils/tracker-miners/Makefile                   |   2 +-
 textproc/Makefile                                  |   1 +
 textproc/kompare/distinfo                          |   6 +-
 textproc/kompare/files/patch-git-68d3eee3.diff     |  30 ---
 textproc/libkomparediff2/distinfo                  |   6 +-
 textproc/markdownpart/Makefile                     |  17 ++
 textproc/markdownpart/distinfo                     |   3 +
 textproc/markdownpart/pkg-descr                    |   3 +
 textproc/markdownpart/pkg-plist                    |  26 ++
 textproc/pdfgrep/Makefile                          |   2 +-
 textproc/pdfsandwich/Makefile                      |   2 +-
 textproc/py-pdftotext/Makefile                     |   2 +-
 www/firefox/Makefile                               |   1 +
 www/firefox/files/patch-bug1504834_comment10       |   2 +-
 www/hotcrp/Makefile                                |   2 +-
 x11-clocks/kteatime/distinfo                       |   6 +-
 x11-clocks/ktimer/distinfo                         |   6 +-
 x11-fm/dolphin/distinfo                            |   6 +-
 x11-fm/dolphin/pkg-plist                           |   2 +
 x11-fm/konqueror/distinfo                          |   6 +-
 x11-fm/konqueror/pkg-plist                         |  75 ++++--
 x11/eaglemode/Makefile                             |   2 +-
 x11/konsole/distinfo                               |   6 +-
 x11/konsole/pkg-plist                              |   1 +
 x11/rubygem-gnome/Makefile                         |   2 +-
 x11/yakuake/distinfo                               |   6 +-
 x11/yakuake/pkg-plist                              |   2 +-
 423 files changed, 1722 insertions(+), 2007 deletions(-)
 create mode 100644 astro/kosmindoormap/Makefile
 create mode 100644 astro/kosmindoormap/distinfo
 create mode 100644 astro/kosmindoormap/pkg-descr
 create mode 100644 astro/kosmindoormap/pkg-plist
 delete mode 100644 astro/libkgeomap/Makefile
 delete mode 100644 astro/libkgeomap/distinfo
 delete mode 100644 astro/libkgeomap/pkg-descr
 delete mode 100644 astro/libkgeomap/pkg-plist
 delete mode 100644 audio/kmix/files/patch-backends_mixer__oss.cpp
 create mode 100644 deskutils/itinerary/Makefile
 create mode 100644 deskutils/itinerary/distinfo
 create mode 100644 deskutils/itinerary/pkg-descr
 create mode 100644 deskutils/itinerary/pkg-plist
 delete mode 100644 deskutils/kaddressbook/files/patch-git-8aee8d40ae2a1c920d3520163d550d3b49720226.diff
 delete mode 100644 deskutils/kdepim-apps-libs/Makefile
 delete mode 100644 deskutils/kdepim-apps-libs/distinfo
 delete mode 100644 deskutils/kdepim-apps-libs/pkg-descr
 delete mode 100644 deskutils/kdepim-apps-libs/pkg-plist
 delete mode 100644 devel/kio-extras/files/patch-smb_transfer.h
 create mode 100644 devel/kpublictransport/Makefile
 create mode 100644 devel/kpublictransport/distinfo
 create mode 100644 devel/kpublictransport/pkg-descr
 create mode 100644 devel/kpublictransport/pkg-plist
 create mode 100644 graphics/kontrast/Makefile
 create mode 100644 graphics/kontrast/distinfo
 create mode 100644 graphics/kontrast/pkg-descr
 create mode 100644 graphics/kontrast/pkg-plist
 delete mode 100644 graphics/okular/files/patch-shell_shell.cpp
 delete mode 100644 math/cantor/files/patch-cmake_FindPythonLibs3.cmake
 delete mode 100644 net-p2p/ktorrent/files/patch-plugins_mediaplayer_CMakeLists.txt
 delete mode 100644 net/calendarsupport/files/patch-git-b4193fac.diff
 delete mode 100644 textproc/kompare/files/patch-git-68d3eee3.diff
 create mode 100644 textproc/markdownpart/Makefile
 create mode 100644 textproc/markdownpart/distinfo
 create mode 100644 textproc/markdownpart/pkg-descr
 create mode 100644 textproc/markdownpart/pkg-plist
=============================
HardenedBSD Master git Server
=============================

Please note that connections and activity to this server are logged.
This server, git-01.md.hardenedbsd.org, acts as the source-of-truth
server for the HardenedBSD repositories.

Banner last updated: 10 Feb 2020 09:32 EST

remote: To github.com:HardenedBSD/hardenedbsd-ports.git        
remote:    98166cddf931..e2e55497dd42  master -> master        
remote:    127e1a4b72c7..98166cddf931  github/master -> github/master        
remote:  ! [remote rejected]           refs/pull/10/head -> refs/pull/10/head (deny updating a hidden ref)        
remote:  ! [remote rejected]           refs/pull/11/head -> refs/pull/11/head (deny updating a hidden ref)
remote:  ! [remote rejected]           refs/pull/12/head -> refs/pull/12/head (deny updating a hidden ref)
remote:  ! [remote rejected]           refs/pull/14/head -> refs/pull/14/head (deny updating a hidden ref)
remote:  ! [remote rejected]           refs/pull/15/head -> refs/pull/15/head (deny updating a hidden ref)
remote:  ! [remote rejected]           refs/pull/2/head -> refs/pull/2/head (deny updating a hidden ref)
remote:  ! [remote rejected]           refs/pull/9/head -> refs/pull/9/head (deny updating a hidden ref)        
remote: error: failed to push some refs to 'github.com:HardenedBSD/hardenedbsd-ports.git'        
remote: . Processing 1 references        
remote: Processed 1 references in total        
To git-01.md.hardenedbsd.org:HardenedBSD/hardenedbsd-ports.git
   98166cddf931..e2e55497dd42  master -> master
==== END: master ====
