==== BEGIN: master ====
current branch: master
mergeable branch: github/master
==== change branch ====
Already on 'master'
Your branch is up to date with 'origin/master'.
==== show current branch ====
* master
==== check for stale changes ====
==== update to latest origin ====
warning: Pulling without specifying how to reconcile divergent branches is
discouraged. You can squelch this message by running one of the following
commands sometime before your next pull:

  git config pull.rebase false  # merge (the default strategy)
  git config pull.rebase true   # rebase
  git config pull.ff only       # fast-forward only

You can replace "git config" with "git config --global" to set a default
preference for all repositories. You can also pass --rebase, --no-rebase,
or --ff-only on the command line to override the configured default per
invocation.

=============================
HardenedBSD Master git Server
=============================

Please note that connections and activity to this server are logged.
This server, git-01.md.hardenedbsd.org, acts as the source-of-truth
server for the HardenedBSD repositories.

Banner last updated: 10 Feb 2020 09:32 EST

Already up to date.
==== merge branches ====
==== merge github/master branch ====
Already up to date.
=============================
HardenedBSD Master git Server
=============================

Please note that connections and activity to this server are logged.
This server, git-01.md.hardenedbsd.org, acts as the source-of-truth
server for the HardenedBSD repositories.

Banner last updated: 10 Feb 2020 09:32 EST

Everything up-to-date
==== END: master ====
==== BEGIN: master ====
current branch: master
mergeable branch: freebsd/master
==== change branch ====
Already on 'master'
Your branch is up to date with 'origin/master'.
==== show current branch ====
* master
==== check for stale changes ====
==== update to latest origin ====
warning: Pulling without specifying how to reconcile divergent branches is
discouraged. You can squelch this message by running one of the following
commands sometime before your next pull:

  git config pull.rebase false  # merge (the default strategy)
  git config pull.rebase true   # rebase
  git config pull.ff only       # fast-forward only

You can replace "git config" with "git config --global" to set a default
preference for all repositories. You can also pass --rebase, --no-rebase,
or --ff-only on the command line to override the configured default per
invocation.

=============================
HardenedBSD Master git Server
=============================

Please note that connections and activity to this server are logged.
This server, git-01.md.hardenedbsd.org, acts as the source-of-truth
server for the HardenedBSD repositories.

Banner last updated: 10 Feb 2020 09:32 EST

Already up to date.
==== merge branches ====
==== merge freebsd/master branch ====
Removing games/anki/files/patch-aqt_qt.py
Removing games/anki/files/patch-anki_sound.py
Removing games/anki/files/patch-anki_mpv.py
Removing games/anki/files/patch-anki_lang.py
Merge made by the 'recursive' strategy.
 MOVED                                        |    2 +-
 Mk/Uses/cargo.mk                             |    2 +-
 Mk/bsd.gecko.mk                              |    2 +-
 devel/Makefile                               |    1 +
 devel/gitaly/Makefile                        |    4 +-
 devel/gitaly/distinfo                        |    6 +-
 devel/py-maturin/Makefile                    |  282 +++
 devel/py-maturin/distinfo                    |  461 ++++
 devel/py-maturin/files/patch-setup.py        |   29 +
 devel/py-maturin/pkg-descr                   |    8 +
 devel/universal-ctags/Makefile               |    2 +-
 devel/universal-ctags/distinfo               |    6 +-
 devel/universal-ctags/pkg-plist              |    1 +
 games/anki/Makefile                          |  416 +++-
 games/anki/distinfo                          |  524 ++++-
 games/anki/files/patch-Makefile              |   63 +-
 games/anki/files/patch-anki_lang.py          |   11 -
 games/anki/files/patch-anki_mpv.py           |   21 -
 games/anki/files/patch-anki_sound.py         |   16 -
 games/anki/files/patch-aqt_qt.py             |   19 -
 games/anki/files/patch-pylib_Makefile        |   39 +
 games/anki/files/patch-qt_Makefile           |   45 +
 games/anki/files/patch-qt_runanki            |   10 +
 games/anki/files/patch-rslib_Cargo.toml      |   19 +
 games/anki/files/patch-rspy_Makefile         |   27 +
 games/anki/pkg-plist                         |  951 ++++----
 multimedia/libva-intel-media-driver/Makefile |    2 +-
 multimedia/libva-intel-media-driver/distinfo |    6 +-
 science/R-cran-Epi/Makefile                  |    3 +-
 science/R-cran-Epi/distinfo                  |    6 +-
 shells/switchBashZsh/Makefile                |    2 +-
 shells/switchBashZsh/distinfo                |    6 +-
 shells/switchBashZsh/pkg-descr               |    6 +-
 sysutils/anvil/Makefile                      |    2 +-
 sysutils/anvil/distinfo                      |    6 +-
 sysutils/cbsd/Makefile                       |    2 +-
 sysutils/cbsd/distinfo                       |    6 +-
 sysutils/dua-cli/Makefile                    |   60 +-
 sysutils/dua-cli/distinfo                    |  120 +-
 sysutils/env4801/Makefile                    |    2 +-
 www/Makefile                                 |    1 +
 www/flashplayer/Makefile                     |    2 +-
 www/gitlab-ce/Makefile                       |    6 +-
 www/gitlab-ce/distinfo                       |    6 +-
 www/gitlab-ce/pkg-plist                      |    4 +
 www/linux-flashplayer/Makefile               |    2 +-
 www/linux-flashplayer/distinfo               |    6 +-
 www/lynx-current/Makefile                    |   40 +-
 www/lynx-current/distinfo                    |    6 +-
 www/screego/Makefile                         | 1608 ++++++++++++++
 www/screego/distinfo                         | 3037 ++++++++++++++++++++++++++
 www/screego/files/patch-config_config.go     |   11 +
 www/screego/files/yarn-lock-to-distfiles.awk |   31 +
 www/screego/pkg-descr                        |   11 +
 www/screego/pkg-plist                        |   18 +
 x11-themes/matcha-gtk-themes/Makefile        |    2 +-
 x11-themes/matcha-gtk-themes/distinfo        |    6 +-
 x11-themes/matcha-gtk-themes/pkg-plist       |    9 +
 x11-wm/sway/Makefile                         |    4 +-
 x11-wm/sway/distinfo                         |    8 +-
 60 files changed, 7228 insertions(+), 786 deletions(-)
 create mode 100644 devel/py-maturin/Makefile
 create mode 100644 devel/py-maturin/distinfo
 create mode 100644 devel/py-maturin/files/patch-setup.py
 create mode 100644 devel/py-maturin/pkg-descr
 delete mode 100644 games/anki/files/patch-anki_lang.py
 delete mode 100644 games/anki/files/patch-anki_mpv.py
 delete mode 100644 games/anki/files/patch-anki_sound.py
 delete mode 100644 games/anki/files/patch-aqt_qt.py
 create mode 100644 games/anki/files/patch-pylib_Makefile
 create mode 100644 games/anki/files/patch-qt_Makefile
 create mode 100644 games/anki/files/patch-qt_runanki
 create mode 100644 games/anki/files/patch-rslib_Cargo.toml
 create mode 100644 games/anki/files/patch-rspy_Makefile
 create mode 100644 www/screego/Makefile
 create mode 100644 www/screego/distinfo
 create mode 100644 www/screego/files/patch-config_config.go
 create mode 100644 www/screego/files/yarn-lock-to-distfiles.awk
 create mode 100644 www/screego/pkg-descr
 create mode 100644 www/screego/pkg-plist
=============================
HardenedBSD Master git Server
=============================

Please note that connections and activity to this server are logged.
This server, git-01.md.hardenedbsd.org, acts as the source-of-truth
server for the HardenedBSD repositories.

Banner last updated: 10 Feb 2020 09:32 EST

remote: To github.com:HardenedBSD/hardenedbsd-ports.git        
remote:    eade891213b3..d03f4d5e0398  master -> master        
remote:    a0f882aa58ba..eade891213b3  github/master -> github/master        
remote:  ! [remote rejected]           refs/pull/10/head -> refs/pull/10/head (deny updating a hidden ref)        
remote:  ! [remote rejected]           refs/pull/11/head -> refs/pull/11/head (deny updating a hidden ref)        
remote:  ! [remote rejected]           refs/pull/12/head -> refs/pull/12/head (deny updating a hidden ref)        
remote:  ! [remote rejected]           refs/pull/14/head -> refs/pull/14/head (deny updating a hidden ref)
remote:  ! [remote rejected]           refs/pull/2/head -> refs/pull/2/head (deny updating a hidden ref)        
remote:  ! [remote rejected]           refs/pull/9/head -> refs/pull/9/head (deny updating a hidden ref)        
remote: error: failed to push some refs to 'github.com:HardenedBSD/hardenedbsd-ports.git'        
remote: . Processing 1 references        
remote: Processed 1 references in total        
To git-01.md.hardenedbsd.org:HardenedBSD/hardenedbsd-ports.git
   eade891213b3..d03f4d5e0398  master -> master
==== END: master ====
