==== BEGIN: master ====
current branch: master
mergeable branch: freebsd/master
==== change branch ====
Already on 'master'
Your branch is up to date with 'origin/master'.
==== show current branch ====
* master
==== check for stale changes ====
==== update to latest origin ====
Already up to date.
==== merge branches ====
==== merge freebsd/master branch ====
Removing www/php71-tidy/Makefile
Removing www/php71-session/Makefile
Removing www/php71-opcache/files/patch-zend__file__cache.c
Removing www/php71-opcache/Makefile
Removing www/mod_php71/Makefile
Removing textproc/php71-xsl/files/patch-php_xsl.h
Removing textproc/php71-xsl/Makefile
Removing textproc/php71-xmlwriter/Makefile
Removing textproc/php71-xmlreader/Makefile
Removing textproc/php71-xml/files/patch-compat.c
Removing textproc/php71-xml/Makefile
Removing textproc/php71-wddx/files/patch-wddx.c
Removing textproc/php71-wddx/files/patch-config.m4
Removing textproc/php71-wddx/Makefile
Removing textproc/php71-simplexml/files/patch-config.m4
Removing textproc/php71-simplexml/Makefile
Removing textproc/php71-pspell/Makefile
Removing textproc/php71-enchant/Makefile
Removing textproc/php71-dom/Makefile
Removing textproc/php71-ctype/Makefile
Removing sysutils/py-scandir/files/patch-test_test__scandir.py
Removing sysutils/php71-posix/files/patch-posix.c
Removing sysutils/php71-posix/Makefile
Removing sysutils/php71-fileinfo/files/patch-config.m4
Removing sysutils/php71-fileinfo/Makefile
Removing security/php71-openssl/Makefile
Removing security/php71-mcrypt/Makefile
Removing security/php71-hash/Makefile
Removing security/php71-filter/files/patch-config.m4
Removing security/php71-filter/Makefile
Auto-merging security/Makefile
Removing net/php71-xmlrpc/files/patch-config.m4
Removing net/php71-xmlrpc/Makefile
Removing net/php71-sockets/Makefile
Removing net/php71-soap/Makefile
Removing net/php71-ldap/Makefile
Removing net-mgmt/php71-snmp/Makefile
Auto-merging multimedia/ffmpeg/Makefile
Removing misc/php71-calendar/Makefile
Removing math/php71-gmp/Makefile
Removing math/php71-bcmath/Makefile
Removing mail/php71-imap/files/patch-config.m4
Removing mail/php71-imap/Makefile
Removing lang/php71/pkg-plist.mod
Removing lang/php71/pkg-plist
Removing lang/php71/pkg-message.mod
Removing lang/php71/pkg-descr
Removing lang/php71/files/php-fpm.in
Removing lang/php71/files/patch-sapi_fpm_config.m4
Removing lang/php71/files/patch-sapi_apache2handler_config.m4
Removing lang/php71/files/patch-configure.in
Removing lang/php71/files/patch-acinclude.m4
Removing lang/php71/files/patch-Zend_zend__hash.h
Removing lang/php71/files/patch-Zend_zend__hash.c
Removing lang/php71/files/patch-Makefile.global
Removing lang/php71/distinfo
Removing lang/php71/Makefile.ext
Removing lang/php71/Makefile
Removing lang/php71-extensions/pkg-descr
CONFLICT (modify/delete): lang/php71-extensions/Makefile deleted in freebsd/master and modified in HEAD. Version HEAD of lang/php71-extensions/Makefile left in tree.
Removing graphics/php71-gd/files/patch-gd.c
Removing graphics/php71-gd/files/patch-config.m4
Removing graphics/php71-gd/Makefile
Removing graphics/php71-exif/Makefile
Removing ftp/php71-ftp/Makefile
Removing ftp/php71-curl/Makefile
Removing devel/php71-tokenizer/Makefile
Removing devel/php71-sysvshm/Makefile
Removing devel/php71-sysvsem/Makefile
Removing devel/php71-sysvmsg/Makefile
Removing devel/php71-shmop/Makefile
Removing devel/php71-readline/files/patch-readline_cli.c
Removing devel/php71-readline/files/patch-config.m4
Removing devel/php71-readline/Makefile
Removing devel/php71-pcntl/Makefile
Removing devel/php71-json/Makefile
Removing devel/php71-intl/Makefile
Removing devel/php71-gettext/Makefile
Removing devel/pecl-request/pkg-descr
Removing devel/pecl-request/distinfo
Removing devel/pecl-request/Makefile
Removing databases/php71-sqlite3/Makefile
Removing databases/php71-pgsql/Makefile
Removing databases/php71-pdo_sqlite/Makefile
Removing databases/php71-pdo_pgsql/Makefile
Removing databases/php71-pdo_odbc/Makefile
Removing databases/php71-pdo_mysql/Makefile
Removing databases/php71-pdo_firebird/Makefile
Removing databases/php71-pdo_dblib/Makefile
Removing databases/php71-pdo/Makefile
Removing databases/php71-odbc/files/patch-config.m4
Removing databases/php71-odbc/Makefile
Removing databases/php71-mysqli/files/patch-php_mysqli_structs.h
Removing databases/php71-mysqli/files/patch-mysqli.c
Removing databases/php71-mysqli/Makefile
Removing databases/php71-interbase/files/patch-interbase.c
Removing databases/php71-interbase/Makefile
Removing databases/php71-dba/files/patch-config.m4
Removing databases/php71-dba/Makefile
Removing converters/php71-recode/Makefile
Removing converters/php71-mbstring/files/patch-config.m4
Removing converters/php71-mbstring/Makefile
Removing converters/php71-iconv/Makefile
Removing archivers/php71-zlib/files/patch-zlib.c
Removing archivers/php71-zlib/Makefile
Removing archivers/php71-zip/Makefile
Removing archivers/php71-phar/files/patch-phar.c
Removing archivers/php71-phar/files/patch-config.m4
Removing archivers/php71-phar/Makefile
Removing archivers/php71-bz2/Makefile
Automatic merge failed; fix conflicts and then commit the result.
==== merge failed at freebsd/master branch ====
* Unmerged path lang/php71-extensions/Makefile
On branch master
Your branch is up to date with 'origin/master'.

You have unmerged paths.
  (fix conflicts and run "git commit")
  (use "git merge --abort" to abort the merge)

Changes to be committed:
	modified:   MOVED
	modified:   archivers/Makefile
	deleted:    archivers/php71-bz2/Makefile
	deleted:    archivers/php71-phar/Makefile
	deleted:    archivers/php71-phar/files/patch-config.m4
	deleted:    archivers/php71-phar/files/patch-phar.c
	deleted:    archivers/php71-zip/Makefile
	deleted:    archivers/php71-zlib/Makefile
	deleted:    archivers/php71-zlib/files/patch-zlib.c
	modified:   converters/Makefile
	deleted:    converters/php71-iconv/Makefile
	deleted:    converters/php71-mbstring/Makefile
	deleted:    converters/php71-mbstring/files/patch-config.m4
	deleted:    converters/php71-recode/Makefile
	modified:   databases/Makefile
	modified:   databases/cassandra3/Makefile
	modified:   databases/cassandra3/distinfo
	modified:   databases/cassandra3/files/patch-bin_cassandra
	modified:   databases/cassandra3/files/patch-build.xml
	modified:   databases/cassandra3/files/patch-src_java_org_apache_cassandra_config_Config.java
	modified:   databases/pear-Horde_Memcache/Makefile
	deleted:    databases/php71-dba/Makefile
	deleted:    databases/php71-dba/files/patch-config.m4
	deleted:    databases/php71-interbase/Makefile
	deleted:    databases/php71-interbase/files/patch-interbase.c
	deleted:    databases/php71-mysqli/Makefile
	deleted:    databases/php71-mysqli/files/patch-mysqli.c
	deleted:    databases/php71-mysqli/files/patch-php_mysqli_structs.h
	deleted:    databases/php71-odbc/Makefile
	deleted:    databases/php71-odbc/files/patch-config.m4
	deleted:    databases/php71-pdo/Makefile
	deleted:    databases/php71-pdo_dblib/Makefile
	deleted:    databases/php71-pdo_firebird/Makefile
	deleted:    databases/php71-pdo_mysql/Makefile
	deleted:    databases/php71-pdo_odbc/Makefile
	deleted:    databases/php71-pdo_pgsql/Makefile
	deleted:    databases/php71-pdo_sqlite/Makefile
	deleted:    databases/php71-pgsql/Makefile
	deleted:    databases/php71-sqlite3/Makefile
	modified:   devel/Makefile
	modified:   devel/bazel/Makefile
	modified:   devel/bazel029/Makefile
	deleted:    devel/pecl-request/Makefile
	deleted:    devel/pecl-request/distinfo
	deleted:    devel/pecl-request/pkg-descr
	deleted:    devel/php71-gettext/Makefile
	deleted:    devel/php71-intl/Makefile
	deleted:    devel/php71-json/Makefile
	deleted:    devel/php71-pcntl/Makefile
	deleted:    devel/php71-readline/Makefile
	deleted:    devel/php71-readline/files/patch-config.m4
	deleted:    devel/php71-readline/files/patch-readline_cli.c
	deleted:    devel/php71-shmop/Makefile
	deleted:    devel/php71-sysvmsg/Makefile
	deleted:    devel/php71-sysvsem/Makefile
	deleted:    devel/php71-sysvshm/Makefile
	deleted:    devel/php71-tokenizer/Makefile
	modified:   devel/racer/Makefile
	modified:   ftp/Makefile
	deleted:    ftp/php71-curl/Makefile
	deleted:    ftp/php71-ftp/Makefile
	modified:   graphics/Makefile
	modified:   graphics/drm-current-kmod/Makefile
	modified:   graphics/drm-current-kmod/distinfo
	modified:   graphics/drm-devel-kmod/Makefile
	modified:   graphics/drm-devel-kmod/distinfo
	modified:   graphics/drm-legacy-kmod/Makefile
	modified:   graphics/drm-legacy-kmod/distinfo
	deleted:    graphics/php71-exif/Makefile
	deleted:    graphics/php71-gd/Makefile
	deleted:    graphics/php71-gd/files/patch-config.m4
	deleted:    graphics/php71-gd/files/patch-gd.c
	modified:   lang/Makefile
	deleted:    lang/php71-extensions/pkg-descr
	deleted:    lang/php71/Makefile
	deleted:    lang/php71/Makefile.ext
	deleted:    lang/php71/distinfo
	deleted:    lang/php71/files/patch-Makefile.global
	deleted:    lang/php71/files/patch-Zend_zend__hash.c
	deleted:    lang/php71/files/patch-Zend_zend__hash.h
	deleted:    lang/php71/files/patch-acinclude.m4
	deleted:    lang/php71/files/patch-configure.in
	deleted:    lang/php71/files/patch-sapi_apache2handler_config.m4
	deleted:    lang/php71/files/patch-sapi_fpm_config.m4
	deleted:    lang/php71/files/php-fpm.in
	deleted:    lang/php71/pkg-descr
	deleted:    lang/php71/pkg-message.mod
	deleted:    lang/php71/pkg-plist
	deleted:    lang/php71/pkg-plist.mod
	modified:   lang/php72-extensions/Makefile
	modified:   lang/php72/Makefile.ext
	modified:   lang/php73-extensions/Makefile
	modified:   lang/php73/Makefile.ext
	modified:   lang/php74-extensions/Makefile
	modified:   lang/php74/Makefile.ext
	modified:   mail/Makefile
	deleted:    mail/php71-imap/Makefile
	deleted:    mail/php71-imap/files/patch-config.m4
	modified:   math/Makefile
	deleted:    math/php71-bcmath/Makefile
	deleted:    math/php71-gmp/Makefile
	modified:   misc/Makefile
	deleted:    misc/php71-calendar/Makefile
	modified:   misc/tvm/Makefile
	modified:   misc/tvm/distinfo
	modified:   multimedia/Makefile
	modified:   multimedia/ffmpeg/Makefile
	new file:   multimedia/gstreamer1-plugins-msdk/Makefile
	modified:   multimedia/gstreamer1-plugins/Makefile.common
	new file:   multimedia/intel-media-sdk/Makefile
	new file:   multimedia/intel-media-sdk/distinfo
	new file:   multimedia/intel-media-sdk/files/patch-includes
	new file:   multimedia/intel-media-sdk/files/patch-libc++
	new file:   multimedia/intel-media-sdk/files/patch-memalign
	new file:   multimedia/intel-media-sdk/files/patch-sched
	new file:   multimedia/intel-media-sdk/files/patch-sysinfo
	new file:   multimedia/intel-media-sdk/files/patch-unix
	new file:   multimedia/intel-media-sdk/pkg-descr
	new file:   multimedia/intel-media-sdk/pkg-plist
	modified:   multimedia/kodi-devel/Makefile
	new file:   multimedia/kodi-devel/files/patch-neon
	modified:   net-mgmt/Makefile
	deleted:    net-mgmt/php71-snmp/Makefile
	modified:   net/Makefile
	deleted:    net/php71-ldap/Makefile
	deleted:    net/php71-soap/Makefile
	deleted:    net/php71-sockets/Makefile
	deleted:    net/php71-xmlrpc/Makefile
	deleted:    net/php71-xmlrpc/files/patch-config.m4
	modified:   security/Makefile
	modified:   security/pecl-mcrypt/Makefile
	deleted:    security/php71-filter/Makefile
	deleted:    security/php71-filter/files/patch-config.m4
	deleted:    security/php71-hash/Makefile
	deleted:    security/php71-mcrypt/Makefile
	deleted:    security/php71-openssl/Makefile
	modified:   sysutils/Makefile
	deleted:    sysutils/php71-fileinfo/Makefile
	deleted:    sysutils/php71-fileinfo/files/patch-config.m4
	deleted:    sysutils/php71-posix/Makefile
	deleted:    sysutils/php71-posix/files/patch-posix.c
	modified:   sysutils/py-scandir/Makefile
	new file:   sysutils/py-scandir/files/patch-scandir.py
	deleted:    sysutils/py-scandir/files/patch-test_test__scandir.py
	modified:   textproc/Makefile
	deleted:    textproc/php71-ctype/Makefile
	deleted:    textproc/php71-dom/Makefile
	deleted:    textproc/php71-enchant/Makefile
	deleted:    textproc/php71-pspell/Makefile
	deleted:    textproc/php71-simplexml/Makefile
	deleted:    textproc/php71-simplexml/files/patch-config.m4
	deleted:    textproc/php71-wddx/Makefile
	deleted:    textproc/php71-wddx/files/patch-config.m4
	deleted:    textproc/php71-wddx/files/patch-wddx.c
	deleted:    textproc/php71-xml/Makefile
	deleted:    textproc/php71-xml/files/patch-compat.c
	deleted:    textproc/php71-xmlreader/Makefile
	deleted:    textproc/php71-xmlwriter/Makefile
	deleted:    textproc/php71-xsl/Makefile
	deleted:    textproc/php71-xsl/files/patch-php_xsl.h
	modified:   textproc/py-chardet/Makefile
	new file:   textproc/py-chardet/files/patch-test.py
	modified:   www/Makefile
	modified:   www/matomo/Makefile
	deleted:    www/mod_php71/Makefile
	modified:   www/phalcon4/Makefile
	deleted:    www/php71-opcache/Makefile
	deleted:    www/php71-opcache/files/patch-zend__file__cache.c
	deleted:    www/php71-session/Makefile
	deleted:    www/php71-tidy/Makefile
	modified:   www/py-httmock/Makefile
	modified:   www/py-httmock/distinfo
	modified:   www/py-slimit/Makefile
	modified:   www/typo3-9/Makefile

Unmerged paths:
  (use "git add/rm <file>..." as appropriate to mark resolution)
	deleted by them: lang/php71-extensions/Makefile


It took 3.17 seconds to enumerate untracked files. 'status -uno'
may speed it up, but you have to be careful not to forget to add
new files yourself (see 'git help status').
HEAD is now at 112c913637ee Merge remote-tracking branch 'freebsd/master'
==== merge failed and clean up after ====
On branch master
Your branch is up to date with 'origin/master'.


It took 3.08 seconds to enumerate untracked files. 'status -uno'
may speed it up, but you have to be careful not to forget to add
new files yourself (see 'git help status').
nothing to commit, working tree clean
HEAD is now at 112c913637ee Merge remote-tracking branch 'freebsd/master'
==== END: master ====
