==== BEGIN: master ====
current branch: master
mergeable branch: github/master
==== change branch ====
Already on 'master'
Your branch is up to date with 'origin/master'.
==== show current branch ====
* master
==== check for stale changes ====
==== update to latest origin ====
warning: Pulling without specifying how to reconcile divergent branches is
discouraged. You can squelch this message by running one of the following
commands sometime before your next pull:

  git config pull.rebase false  # merge (the default strategy)
  git config pull.rebase true   # rebase
  git config pull.ff only       # fast-forward only

You can replace "git config" with "git config --global" to set a default
preference for all repositories. You can also pass --rebase, --no-rebase,
or --ff-only on the command line to override the configured default per
invocation.

=============================
HardenedBSD Master git Server
=============================

Please note that connections and activity to this server are logged.
This server, git-01.md.hardenedbsd.org, acts as the source-of-truth
server for the HardenedBSD repositories.

Banner last updated: 10 Feb 2020 09:32 EST

Already up to date.
==== merge branches ====
==== merge github/master branch ====
Already up to date.
=============================
HardenedBSD Master git Server
=============================

Please note that connections and activity to this server are logged.
This server, git-01.md.hardenedbsd.org, acts as the source-of-truth
server for the HardenedBSD repositories.

Banner last updated: 10 Feb 2020 09:32 EST

Everything up-to-date
==== END: master ====
==== BEGIN: master ====
current branch: master
mergeable branch: freebsd/master
==== change branch ====
Already on 'master'
Your branch is up to date with 'origin/master'.
==== show current branch ====
* master
==== check for stale changes ====
==== update to latest origin ====
warning: Pulling without specifying how to reconcile divergent branches is
discouraged. You can squelch this message by running one of the following
commands sometime before your next pull:

  git config pull.rebase false  # merge (the default strategy)
  git config pull.rebase true   # rebase
  git config pull.ff only       # fast-forward only

You can replace "git config" with "git config --global" to set a default
preference for all repositories. You can also pass --rebase, --no-rebase,
or --ff-only on the command line to override the configured default per
invocation.

=============================
HardenedBSD Master git Server
=============================

Please note that connections and activity to this server are logged.
This server, git-01.md.hardenedbsd.org, acts as the source-of-truth
server for the HardenedBSD repositories.

Banner last updated: 10 Feb 2020 09:32 EST

Already up to date.
==== merge branches ====
==== merge freebsd/master branch ====
Auto-merging security/Makefile
Removing misc/freebsd-release-manifests/files/MANIFESTS/sparc64-sparc64-12.2-BETA1
Removing misc/freebsd-release-manifests/files/MANIFESTS/powerpc-powerpcspe-12.2-BETA1
Removing misc/freebsd-release-manifests/files/MANIFESTS/powerpc-powerpc64-12.2-BETA1
Removing misc/freebsd-release-manifests/files/MANIFESTS/powerpc-powerpc-12.2-BETA1
Removing misc/freebsd-release-manifests/files/MANIFESTS/i386-i386-12.2-BETA1
Removing misc/freebsd-release-manifests/files/MANIFESTS/arm64-aarch64-12.2-BETA1
Removing misc/freebsd-release-manifests/files/MANIFESTS/amd64-amd64-12.2-BETA1
Merge made by the 'recursive' strategy.
 cad/astk-serveur/Makefile                          |  2 +-
 devel/love/Makefile                                |  2 +-
 emulators/ppsspp/Makefile                          |  2 +-
 emulators/rpcs3/Makefile                           |  4 ++--
 emulators/rpcs3/distinfo                           |  6 +++---
 emulators/yuzu/Makefile                            |  4 ++--
 emulators/yuzu/distinfo                            |  6 +++---
 graphics/mesa-devel/Makefile                       |  6 +++---
 graphics/mesa-devel/distinfo                       | 10 ++++-----
 math/mlpack/Makefile                               |  2 +-
 math/mlpack/distinfo                               |  6 +++---
 math/mlpack/pkg-plist                              |  1 +
 math/py-spot/Makefile                              |  2 +-
 math/py-spot/distinfo                              |  6 +++---
 math/spot/Makefile                                 |  2 +-
 math/spot/distinfo                                 |  6 +++---
 misc/freebsd-release-manifests/Makefile            |  2 +-
 .../files/MANIFESTS/amd64-amd64-12.2-BETA1         |  9 --------
 .../files/MANIFESTS/amd64-amd64-12.2-BETA2         |  9 ++++++++
 .../files/MANIFESTS/arm64-aarch64-12.2-BETA1       |  7 -------
 .../files/MANIFESTS/arm64-aarch64-12.2-BETA2       |  7 +++++++
 .../files/MANIFESTS/i386-i386-12.2-BETA1           |  7 -------
 .../files/MANIFESTS/i386-i386-12.2-BETA2           |  7 +++++++
 .../files/MANIFESTS/powerpc-powerpc-12.2-BETA1     |  7 -------
 .../files/MANIFESTS/powerpc-powerpc-12.2-BETA2     |  7 +++++++
 .../files/MANIFESTS/powerpc-powerpc64-12.2-BETA1   |  9 --------
 .../files/MANIFESTS/powerpc-powerpc64-12.2-BETA2   |  9 ++++++++
 .../files/MANIFESTS/powerpc-powerpcspe-12.2-BETA1  |  7 -------
 .../files/MANIFESTS/powerpc-powerpcspe-12.2-BETA2  |  7 +++++++
 .../files/MANIFESTS/sparc64-sparc64-12.2-BETA1     |  7 -------
 .../files/MANIFESTS/sparc64-sparc64-12.2-BETA2     |  7 +++++++
 misc/freebsd-release-manifests/pkg-plist           | 14 ++++++-------
 net-im/openfire/Makefile                           |  7 ++++---
 net-im/openfire/distinfo                           | 10 ++++-----
 net-im/openfire/pkg-plist                          |  6 +++---
 net-im/zoom/Makefile                               |  3 ++-
 net-im/zoom/pkg-message                            |  3 +++
 print/lilypond-devel/Makefile                      | 10 +++++----
 print/lilypond-devel/distinfo                      |  6 +++---
 science/lammps/Makefile                            |  2 +-
 science/lammps/distinfo                            |  6 +++---
 security/Makefile                                  |  1 +
 security/stegify/Makefile                          | 24 ++++++++++++++++++++++
 security/stegify/distinfo                          |  3 +++
 security/stegify/pkg-descr                         |  5 +++++
 45 files changed, 158 insertions(+), 117 deletions(-)
 delete mode 100644 misc/freebsd-release-manifests/files/MANIFESTS/amd64-amd64-12.2-BETA1
 create mode 100644 misc/freebsd-release-manifests/files/MANIFESTS/amd64-amd64-12.2-BETA2
 delete mode 100644 misc/freebsd-release-manifests/files/MANIFESTS/arm64-aarch64-12.2-BETA1
 create mode 100644 misc/freebsd-release-manifests/files/MANIFESTS/arm64-aarch64-12.2-BETA2
 delete mode 100644 misc/freebsd-release-manifests/files/MANIFESTS/i386-i386-12.2-BETA1
 create mode 100644 misc/freebsd-release-manifests/files/MANIFESTS/i386-i386-12.2-BETA2
 delete mode 100644 misc/freebsd-release-manifests/files/MANIFESTS/powerpc-powerpc-12.2-BETA1
 create mode 100644 misc/freebsd-release-manifests/files/MANIFESTS/powerpc-powerpc-12.2-BETA2
 delete mode 100644 misc/freebsd-release-manifests/files/MANIFESTS/powerpc-powerpc64-12.2-BETA1
 create mode 100644 misc/freebsd-release-manifests/files/MANIFESTS/powerpc-powerpc64-12.2-BETA2
 delete mode 100644 misc/freebsd-release-manifests/files/MANIFESTS/powerpc-powerpcspe-12.2-BETA1
 create mode 100644 misc/freebsd-release-manifests/files/MANIFESTS/powerpc-powerpcspe-12.2-BETA2
 delete mode 100644 misc/freebsd-release-manifests/files/MANIFESTS/sparc64-sparc64-12.2-BETA1
 create mode 100644 misc/freebsd-release-manifests/files/MANIFESTS/sparc64-sparc64-12.2-BETA2
 create mode 100644 security/stegify/Makefile
 create mode 100644 security/stegify/distinfo
 create mode 100644 security/stegify/pkg-descr
=============================
HardenedBSD Master git Server
=============================

Please note that connections and activity to this server are logged.
This server, git-01.md.hardenedbsd.org, acts as the source-of-truth
server for the HardenedBSD repositories.

Banner last updated: 10 Feb 2020 09:32 EST

remote: To github.com:HardenedBSD/hardenedbsd-ports.git        
remote:    6284814a39d3..c9d85fea360a  master -> master        
remote:    04226dfa56b3..6284814a39d3  github/master -> github/master        
remote:  ! [remote rejected]           refs/pull/10/head -> refs/pull/10/head (deny updating a hidden ref)        
remote:  ! [remote rejected]           refs/pull/11/head -> refs/pull/11/head (deny updating a hidden ref)        
remote:  ! [remote rejected]           refs/pull/2/head -> refs/pull/2/head (deny updating a hidden ref)        
remote:  ! [remote rejected]           refs/pull/9/head -> refs/pull/9/head (deny updating a hidden ref)        
remote: error: failed to push some refs to 'github.com:HardenedBSD/hardenedbsd-ports.git'        
remote: . Processing 1 references        
remote: Processed 1 references in total        
To git-01.md.hardenedbsd.org:HardenedBSD/hardenedbsd-ports.git
   6284814a39d3..c9d85fea360a  master -> master
==== END: master ====
