==== BEGIN: master ====
current branch: master
mergeable branch: github/master
==== change branch ====
Already on 'master'
Your branch is up to date with 'origin/master'.
==== show current branch ====
* master
==== check for stale changes ====
==== update to latest origin ====
warning: Pulling without specifying how to reconcile divergent branches is
discouraged. You can squelch this message by running one of the following
commands sometime before your next pull:

  git config pull.rebase false  # merge (the default strategy)
  git config pull.rebase true   # rebase
  git config pull.ff only       # fast-forward only

You can replace "git config" with "git config --global" to set a default
preference for all repositories. You can also pass --rebase, --no-rebase,
or --ff-only on the command line to override the configured default per
invocation.

=============================
HardenedBSD Master git Server
=============================

Please note that connections and activity to this server are logged.
This server, git-01.md.hardenedbsd.org, acts as the source-of-truth
server for the HardenedBSD repositories.

Banner last updated: 10 Feb 2020 09:32 EST

Already up to date.
==== merge branches ====
==== merge github/master branch ====
Already up to date.
=============================
HardenedBSD Master git Server
=============================

Please note that connections and activity to this server are logged.
This server, git-01.md.hardenedbsd.org, acts as the source-of-truth
server for the HardenedBSD repositories.

Banner last updated: 10 Feb 2020 09:32 EST

Everything up-to-date
==== END: master ====
==== BEGIN: master ====
current branch: master
mergeable branch: freebsd/master
==== change branch ====
Already on 'master'
Your branch is up to date with 'origin/master'.
==== show current branch ====
* master
==== check for stale changes ====
==== update to latest origin ====
warning: Pulling without specifying how to reconcile divergent branches is
discouraged. You can squelch this message by running one of the following
commands sometime before your next pull:

  git config pull.rebase false  # merge (the default strategy)
  git config pull.rebase true   # rebase
  git config pull.ff only       # fast-forward only

You can replace "git config" with "git config --global" to set a default
preference for all repositories. You can also pass --rebase, --no-rebase,
or --ff-only on the command line to override the configured default per
invocation.

=============================
HardenedBSD Master git Server
=============================

Please note that connections and activity to this server are logged.
This server, git-01.md.hardenedbsd.org, acts as the source-of-truth
server for the HardenedBSD repositories.

Banner last updated: 10 Feb 2020 09:32 EST

Already up to date.
==== merge branches ====
==== merge freebsd/master branch ====
Removing www/webkit2-gtk3/files/patch-icu68
Removing textproc/gtk-doc/files/patch-help_manual_LINGUAS
Merge made by the 'recursive' strategy.
 audio/Makefile                                     |   1 +
 audio/cmus/Makefile                                |   2 +-
 audio/cmus/distinfo                                |   6 +-
 audio/tiatracker/Makefile                          |  54 +++++++
 audio/tiatracker/distinfo                          |   5 +
 audio/tiatracker/files/patch-emulation_TIASnd.h    |  11 ++
 audio/tiatracker/files/patch-emulation_player.cpp  |  23 +++
 .../files/patch-player_k65_tt__player.k65          |  11 ++
 audio/tiatracker/pkg-descr                         |   7 +
 audio/tiatracker/pkg-plist                         |   8 +
 databases/tile38/Makefile                          |   2 +-
 deskutils/gnome-tweaks/Makefile                    |  12 +-
 deskutils/gnome-tweaks/distinfo                    |   6 +-
 devel/gvfs/Makefile                                |   3 +-
 devel/gvfs/distinfo                                |   6 +-
 dns/dnscrypt-proxy2/Makefile                       |   2 +-
 dns/dnscrypt-proxy2/distinfo                       |   6 +-
 games/klavaro/Makefile                             |   7 +-
 games/klavaro/distinfo                             |   5 +-
 games/klavaro/pkg-plist                            |  38 ++++-
 graphics/eog-plugins/Makefile                      |   5 +-
 graphics/eog-plugins/distinfo                      |   6 +-
 graphics/eog-plugins/pkg-plist                     |   1 +
 graphics/eog/Makefile                              |  25 +--
 graphics/eog/distinfo                              |   6 +-
 graphics/eog/pkg-plist                             |   6 +-
 graphics/pngcheck/Makefile                         |  17 +-
 graphics/pngcheck/distinfo                         |   5 +-
 security/vuxml/vuln.xml                            |  86 ++++++++++
 textproc/R-cran-htmltools/Makefile                 |   2 +-
 textproc/R-cran-htmltools/distinfo                 |   6 +-
 textproc/gtk-doc/Makefile                          |   2 +-
 textproc/gtk-doc/distinfo                          |   6 +-
 textproc/gtk-doc/files/patch-help_manual_LINGUAS   |  21 ---
 www/webkit2-gtk3/Makefile                          |   2 +-
 www/webkit2-gtk3/distinfo                          |   6 +-
 www/webkit2-gtk3/files/patch-icu68                 | 173 ---------------------
 www/webkit2-gtk3/pkg-plist                         |   4 +-
 x11/foot/Makefile                                  |  34 ++--
 x11/foot/distinfo                                  |  62 ++++----
 40 files changed, 365 insertions(+), 325 deletions(-)
 create mode 100644 audio/tiatracker/Makefile
 create mode 100644 audio/tiatracker/distinfo
 create mode 100644 audio/tiatracker/files/patch-emulation_TIASnd.h
 create mode 100644 audio/tiatracker/files/patch-emulation_player.cpp
 create mode 100644 audio/tiatracker/files/patch-player_k65_tt__player.k65
 create mode 100644 audio/tiatracker/pkg-descr
 create mode 100644 audio/tiatracker/pkg-plist
 delete mode 100644 textproc/gtk-doc/files/patch-help_manual_LINGUAS
 delete mode 100644 www/webkit2-gtk3/files/patch-icu68
=============================
HardenedBSD Master git Server
=============================

Please note that connections and activity to this server are logged.
This server, git-01.md.hardenedbsd.org, acts as the source-of-truth
server for the HardenedBSD repositories.

Banner last updated: 10 Feb 2020 09:32 EST

remote: To github.com:HardenedBSD/hardenedbsd-ports.git        
remote:    f810571d94e4..c2a4bd863825  master -> master        
remote:    814c9d57cd82..f810571d94e4  github/master -> github/master        
remote:  ! [remote rejected]           refs/pull/10/head -> refs/pull/10/head (deny updating a hidden ref)        
remote:  ! [remote rejected]           refs/pull/11/head -> refs/pull/11/head (deny updating a hidden ref)        
remote:  ! [remote rejected]           refs/pull/12/head -> refs/pull/12/head (deny updating a hidden ref)
remote:  ! [remote rejected]           refs/pull/14/head -> refs/pull/14/head (deny updating a hidden ref)
remote:  ! [remote rejected]           refs/pull/15/head -> refs/pull/15/head (deny updating a hidden ref)        
remote:  ! [remote rejected]           refs/pull/17/head -> refs/pull/17/head (deny updating a hidden ref)        
remote:  ! [remote rejected]           refs/pull/2/head -> refs/pull/2/head (deny updating a hidden ref)        
remote:  ! [remote rejected]           refs/pull/9/head -> refs/pull/9/head (deny updating a hidden ref)        
remote: error: failed to push some refs to 'github.com:HardenedBSD/hardenedbsd-ports.git'        
remote: . Processing 1 references        
remote: Processed 1 references in total        
To git-01.md.hardenedbsd.org:HardenedBSD/hardenedbsd-ports.git
   f810571d94e4..c2a4bd863825  master -> master
==== END: master ====
