==== BEGIN: master ====
current branch: master
mergeable branch: github/master
==== change branch ====
Already on 'master'
Your branch is up to date with 'origin/master'.
==== show current branch ====
* master
==== check for stale changes ====
==== update to latest origin ====
warning: Pulling without specifying how to reconcile divergent branches is
discouraged. You can squelch this message by running one of the following
commands sometime before your next pull:

  git config pull.rebase false  # merge (the default strategy)
  git config pull.rebase true   # rebase
  git config pull.ff only       # fast-forward only

You can replace "git config" with "git config --global" to set a default
preference for all repositories. You can also pass --rebase, --no-rebase,
or --ff-only on the command line to override the configured default per
invocation.

=============================
HardenedBSD Master git Server
=============================

Please note that connections and activity to this server are logged.
This server, git-01.md.hardenedbsd.org, acts as the source-of-truth
server for the HardenedBSD repositories.

Banner last updated: 10 Feb 2020 09:32 EST

Already up to date.
==== merge branches ====
==== merge github/master branch ====
Already up to date.
=============================
HardenedBSD Master git Server
=============================

Please note that connections and activity to this server are logged.
This server, git-01.md.hardenedbsd.org, acts as the source-of-truth
server for the HardenedBSD repositories.

Banner last updated: 10 Feb 2020 09:32 EST

Everything up-to-date
==== END: master ====
==== BEGIN: master ====
current branch: master
mergeable branch: freebsd/master
==== change branch ====
Already on 'master'
Your branch is up to date with 'origin/master'.
==== show current branch ====
* master
==== check for stale changes ====
==== update to latest origin ====
warning: Pulling without specifying how to reconcile divergent branches is
discouraged. You can squelch this message by running one of the following
commands sometime before your next pull:

  git config pull.rebase false  # merge (the default strategy)
  git config pull.rebase true   # rebase
  git config pull.ff only       # fast-forward only

You can replace "git config" with "git config --global" to set a default
preference for all repositories. You can also pass --rebase, --no-rebase,
or --ff-only on the command line to override the configured default per
invocation.

=============================
HardenedBSD Master git Server
=============================

Please note that connections and activity to this server are logged.
This server, git-01.md.hardenedbsd.org, acts as the source-of-truth
server for the HardenedBSD repositories.

Banner last updated: 10 Feb 2020 09:32 EST

Already up to date.
==== merge branches ====
==== merge freebsd/master branch ====
Removing www/beehive/pkg-plist
Removing graphics/cimg/files/patch-CImg.h
Auto-merging graphics/cimg/Makefile
Merge made by the 'recursive' strategy.
 MOVED                                              |   1 -
 audio/pianobar/Makefile                            |   7 +-
 audio/pianobar/distinfo                            |   6 +-
 audio/rhvoice/Makefile                             |   3 +-
 audio/rhvoice/distinfo                             |   6 +-
 audio/rhvoice/pkg-plist                            |  54 ++++-
 cad/qflow/Makefile                                 |   2 +-
 cad/qflow/distinfo                                 |   6 +-
 databases/redisdesktopmanager/Makefile             |   4 +-
 databases/redisdesktopmanager/distinfo             |  10 +-
 devel/Makefile                                     |   3 +
 devel/aws-sdk-cpp/Makefile                         |   2 +-
 devel/aws-sdk-cpp/distinfo                         |   6 +-
 devel/aws-sdk-cpp/pkg-plist                        | 158 +++++++++++++
 devel/benchmark/Makefile                           |   2 +-
 devel/benchmark/distinfo                           |   6 +-
 devel/ispc/Makefile                                |   2 +-
 devel/ispc/distinfo                                |   6 +-
 devel/py-azure-cosmos/Makefile                     |   2 +-
 devel/py-azure-cosmos/distinfo                     |   6 +-
 devel/py-azure-datalake-store/Makefile             |   2 +-
 devel/py-azure-datalake-store/distinfo             |   6 +-
 devel/py-azure-mgmt-core/Makefile                  |   4 +-
 devel/py-azure-mgmt-core/distinfo                  |   6 +-
 devel/py-azure-mgmt-hdinsight/Makefile             |   2 +-
 devel/py-azure-mgmt-hdinsight/distinfo             |   6 +-
 devel/py-azure-mgmt-keyvault/Makefile              |   6 +-
 devel/py-azure-mgmt-keyvault/distinfo              |   6 +-
 devel/py-azure-mgmt-netapp/Makefile                |   2 +-
 devel/py-azure-mgmt-netapp/distinfo                |   6 +-
 devel/py-azure-mgmt-resource/Makefile              |   2 +-
 devel/py-azure-mgmt-resource/distinfo              |   6 +-
 devel/py-azure-mgmt-synapse/Makefile               |  23 ++
 devel/py-azure-mgmt-synapse/distinfo               |   3 +
 devel/py-azure-mgmt-synapse/pkg-descr              |   6 +
 devel/py-azure-multiapi-storage/Makefile           |   2 +-
 devel/py-azure-multiapi-storage/distinfo           |   6 +-
 devel/py-azure-synapse-accesscontrol/Makefile      |  23 ++
 devel/py-azure-synapse-accesscontrol/distinfo      |   3 +
 devel/py-azure-synapse-accesscontrol/pkg-descr     |   6 +
 devel/py-azure-synapse-spark/Makefile              |  23 ++
 devel/py-azure-synapse-spark/distinfo              |   3 +
 devel/py-azure-synapse-spark/pkg-descr             |   6 +
 finance/electrum/Makefile                          |   3 +-
 finance/electrum/distinfo                          |   6 +-
 graphics/cimg/Makefile                             |   3 +-
 graphics/cimg/distinfo                             |   6 +-
 graphics/cimg/files/patch-CImg.h                   |  20 --
 graphics/py-s2/Makefile                            |   1 +
 math/onednn/Makefile                               |   2 +-
 math/onednn/distinfo                               |   6 +-
 math/pdal/Makefile                                 |   2 +
 misc/freebsd-release-manifests/Makefile            |   2 +-
 .../files/MANIFESTS/amd64-amd64-12.2-BETA1         |   9 +
 .../files/MANIFESTS/arm64-aarch64-12.2-BETA1       |   7 +
 .../files/MANIFESTS/i386-i386-12.2-BETA1           |   7 +
 .../files/MANIFESTS/powerpc-powerpc-12.2-BETA1     |   7 +
 .../files/MANIFESTS/powerpc-powerpc64-12.2-BETA1   |   9 +
 .../files/MANIFESTS/powerpc-powerpcspe-12.2-BETA1  |   7 +
 .../files/MANIFESTS/sparc64-sparc64-12.2-BETA1     |   7 +
 misc/freebsd-release-manifests/pkg-plist           |   7 +
 net-mgmt/networkmgr/Makefile                       |   2 +-
 net-mgmt/networkmgr/distinfo                       |   6 +-
 net/py-zeroconf/Makefile                           |   2 +-
 net/py-zeroconf/distinfo                           |   6 +-
 science/simgrid/Makefile                           |   2 +
 security/snort2pfcd/Makefile                       |   2 +-
 security/snort2pfcd/distinfo                       |   6 +-
 sysutils/diskonaut/Makefile                        |   2 +-
 sysutils/diskonaut/distinfo                        |   6 +-
 sysutils/nomad/Makefile                            |   2 +-
 sysutils/nomad/distinfo                            |   6 +-
 sysutils/pot/Makefile                              |   2 +-
 sysutils/pot/distinfo                              |   6 +-
 sysutils/py-azure-cli-core/Makefile                |   7 +-
 sysutils/py-azure-cli-core/distinfo                |   6 +-
 sysutils/py-azure-cli-telemetry/Makefile           |   4 +-
 sysutils/py-azure-cli-telemetry/distinfo           |   6 +-
 sysutils/py-azure-cli/Makefile                     |  17 +-
 sysutils/py-azure-cli/distinfo                     |   6 +-
 www/beehive/Makefile                               |   5 +-
 www/beehive/files/beehive.in                       |  40 +---
 www/beehive/pkg-plist                              |   2 -
 www/minio-client/Makefile                          |  18 +-
 www/minio-client/distinfo                          |  26 +--
 .../files/patch-cmd__client-fs_freebsd.go          |  90 ++++++++
 .../files/patch-pkg_disk_stat__freebsd.go          |  68 ++++++
 www/py-webargs/Makefile                            |   4 +-
 www/py-webargs/distinfo                            |   6 +-
 x11-clocks/Makefile                                |   1 +
 x11-clocks/cairo-clock/Makefile                    |  27 +++
 x11-clocks/cairo-clock/distinfo                    |   3 +
 x11-clocks/cairo-clock/files/patch-src_Makefile.in |  11 +
 .../cairo-clock/files/patch-src_cairo-clock.c      |  20 ++
 x11-clocks/cairo-clock/pkg-descr                   |   3 +
 x11-clocks/cairo-clock/pkg-message                 |   7 +
 x11-clocks/cairo-clock/pkg-plist                   | 252 +++++++++++++++++++++
 x11-drivers/xf86-video-vesa/Makefile               |   3 +-
 x11-drivers/xf86-video-vesa/distinfo               |   6 +-
 99 files changed, 1028 insertions(+), 221 deletions(-)
 create mode 100644 devel/py-azure-mgmt-synapse/Makefile
 create mode 100644 devel/py-azure-mgmt-synapse/distinfo
 create mode 100644 devel/py-azure-mgmt-synapse/pkg-descr
 create mode 100644 devel/py-azure-synapse-accesscontrol/Makefile
 create mode 100644 devel/py-azure-synapse-accesscontrol/distinfo
 create mode 100644 devel/py-azure-synapse-accesscontrol/pkg-descr
 create mode 100644 devel/py-azure-synapse-spark/Makefile
 create mode 100644 devel/py-azure-synapse-spark/distinfo
 create mode 100644 devel/py-azure-synapse-spark/pkg-descr
 delete mode 100644 graphics/cimg/files/patch-CImg.h
 create mode 100644 misc/freebsd-release-manifests/files/MANIFESTS/amd64-amd64-12.2-BETA1
 create mode 100644 misc/freebsd-release-manifests/files/MANIFESTS/arm64-aarch64-12.2-BETA1
 create mode 100644 misc/freebsd-release-manifests/files/MANIFESTS/i386-i386-12.2-BETA1
 create mode 100644 misc/freebsd-release-manifests/files/MANIFESTS/powerpc-powerpc-12.2-BETA1
 create mode 100644 misc/freebsd-release-manifests/files/MANIFESTS/powerpc-powerpc64-12.2-BETA1
 create mode 100644 misc/freebsd-release-manifests/files/MANIFESTS/powerpc-powerpcspe-12.2-BETA1
 create mode 100644 misc/freebsd-release-manifests/files/MANIFESTS/sparc64-sparc64-12.2-BETA1
 delete mode 100644 www/beehive/pkg-plist
 create mode 100644 www/minio-client/files/patch-cmd__client-fs_freebsd.go
 create mode 100644 www/minio-client/files/patch-pkg_disk_stat__freebsd.go
 create mode 100644 x11-clocks/cairo-clock/Makefile
 create mode 100644 x11-clocks/cairo-clock/distinfo
 create mode 100644 x11-clocks/cairo-clock/files/patch-src_Makefile.in
 create mode 100644 x11-clocks/cairo-clock/files/patch-src_cairo-clock.c
 create mode 100644 x11-clocks/cairo-clock/pkg-descr
 create mode 100644 x11-clocks/cairo-clock/pkg-message
 create mode 100644 x11-clocks/cairo-clock/pkg-plist
=============================
HardenedBSD Master git Server
=============================

Please note that connections and activity to this server are logged.
This server, git-01.md.hardenedbsd.org, acts as the source-of-truth
server for the HardenedBSD repositories.

Banner last updated: 10 Feb 2020 09:32 EST

remote: To github.com:HardenedBSD/hardenedbsd-ports.git        
remote:    f6a63cef7367..6bf0f7e3e278  master -> master        
remote:    e6e262ddb006..f6a63cef7367  github/master -> github/master        
remote:  ! [remote rejected]           refs/pull/2/head -> refs/pull/2/head (deny updating a hidden ref)        
remote: error: failed to push some refs to 'github.com:HardenedBSD/hardenedbsd-ports.git'        
remote: . Processing 1 references        
remote: Processed 1 references in total        
To git-01.md.hardenedbsd.org:HardenedBSD/hardenedbsd-ports.git
   f6a63cef7367..6bf0f7e3e278  master -> master
==== END: master ====
