==== BEGIN: master ====
current branch: master
mergeable branch: github/master
==== change branch ====
Already on 'master'
Your branch is up to date with 'origin/master'.
==== show current branch ====
* master
==== check for stale changes ====
==== update to latest origin ====
warning: Pulling without specifying how to reconcile divergent branches is
discouraged. You can squelch this message by running one of the following
commands sometime before your next pull:

  git config pull.rebase false  # merge (the default strategy)
  git config pull.rebase true   # rebase
  git config pull.ff only       # fast-forward only

You can replace "git config" with "git config --global" to set a default
preference for all repositories. You can also pass --rebase, --no-rebase,
or --ff-only on the command line to override the configured default per
invocation.

=============================
HardenedBSD Master git Server
=============================

Please note that connections and activity to this server are logged.
This server, git-01.md.hardenedbsd.org, acts as the source-of-truth
server for the HardenedBSD repositories.

Banner last updated: 10 Feb 2020 09:32 EST

Already up to date.
==== merge branches ====
==== merge github/master branch ====
Already up to date.
=============================
HardenedBSD Master git Server
=============================

Please note that connections and activity to this server are logged.
This server, git-01.md.hardenedbsd.org, acts as the source-of-truth
server for the HardenedBSD repositories.

Banner last updated: 10 Feb 2020 09:32 EST

Everything up-to-date
==== END: master ====
==== BEGIN: master ====
current branch: master
mergeable branch: freebsd/master
==== change branch ====
Already on 'master'
Your branch is up to date with 'origin/master'.
==== show current branch ====
* master
==== check for stale changes ====
==== update to latest origin ====
warning: Pulling without specifying how to reconcile divergent branches is
discouraged. You can squelch this message by running one of the following
commands sometime before your next pull:

  git config pull.rebase false  # merge (the default strategy)
  git config pull.rebase true   # rebase
  git config pull.ff only       # fast-forward only

You can replace "git config" with "git config --global" to set a default
preference for all repositories. You can also pass --rebase, --no-rebase,
or --ff-only on the command line to override the configured default per
invocation.

=============================
HardenedBSD Master git Server
=============================

Please note that connections and activity to this server are logged.
This server, git-01.md.hardenedbsd.org, acts as the source-of-truth
server for the HardenedBSD repositories.

Banner last updated: 10 Feb 2020 09:32 EST

Already up to date.
==== merge branches ====
==== merge freebsd/master branch ====
Removing x11/alacritty/files/patch-winit-pr1534
Auto-merging lang/gcc8/Makefile
CONFLICT (content): Merge conflict in lang/gcc8/Makefile
Automatic merge failed; fix conflicts and then commit the result.
==== merge failed at freebsd/master branch ====
diff --cc lang/gcc8/Makefile
index 423d37258581,ec9237aeeabb..000000000000
--- a/lang/gcc8/Makefile
+++ b/lang/gcc8/Makefile
@@@ -38,12 -38,9 +38,15 @@@ SSP_UNSAFE=	ye
  CFLAGS:=	${CFLAGS:N-mretpoline}
  CXXFLAGS:=	${CXXFLAGS:N-mretpoline}
  
++<<<<<<< HEAD
 +USE_HARDENING=	retpoline:off relro:off pie:off
 +
 +OPTIONS_DEFINE=		BOOTSTRAP GRAPHITE
++=======
+ OPTIONS_DEFINE=		BOOTSTRAP
++>>>>>>> freebsd/master
  OPTIONS_DEFAULT=	BOOTSTRAP
  BOOTSTRAP_DESC=		Build using a full bootstrap
- GRAPHITE_DESC=		Support for Graphite loop optimizations
  
  .if exists(/usr/lib32/libc.so)
  OPTIONS_DEFINE_amd64+=		MULTILIB
On branch master
Your branch is up to date with 'origin/master'.

You have unmerged paths.
  (fix conflicts and run "git commit")
  (use "git merge --abort" to abort the merge)

Changes to be committed:
	modified:   astro/xearth/files/freebsd.committers.markers
	modified:   databases/libcouchbase/Makefile
	modified:   devel/R-cran-cli/Makefile
	modified:   devel/R-cran-cli/distinfo
	modified:   devel/antlr4/Makefile
	modified:   devel/antlr4/distinfo
	modified:   devel/libantlr4/Makefile
	modified:   devel/libantlr4/distinfo
	new file:   devel/libantlr4/files/patch-runtime_CMakeLists.txt
	modified:   devel/libantlr4/pkg-plist
	modified:   devel/mill/Makefile
	modified:   devel/mill/distinfo
	modified:   devel/py-antlr4-python3-runtime/Makefile
	modified:   devel/py-antlr4-python3-runtime/distinfo
	modified:   math/gh-bc/Makefile
	modified:   math/gh-bc/distinfo
	new file:   math/gh-bc/files/patch-gen_strgen.sh
	modified:   math/gh-bc/files/patch-locale__install.sh
	modified:   math/gh-bc/pkg-plist
	modified:   math/nauty/Makefile
	new file:   math/nauty/pkg-plist
	modified:   net-p2p/xmrig/Makefile
	modified:   net-p2p/xmrig/distinfo
	modified:   security/lego/Makefile
	modified:   security/lego/distinfo
	modified:   shells/ammonite/Makefile
	modified:   shells/ammonite/distinfo
	modified:   sysutils/puppet5/Makefile
	modified:   sysutils/puppet6/Makefile
	modified:   www/threejs/Makefile
	modified:   www/threejs/distinfo
	modified:   www/threejs/pkg-plist
	modified:   www/tt-rss/Makefile
	modified:   www/tt-rss/distinfo
	modified:   x11/alacritty/Makefile
	modified:   x11/alacritty/distinfo
	deleted:    x11/alacritty/files/patch-winit-pr1534

Unmerged paths:
  (use "git add <file>..." to mark resolution)
	both modified:   lang/gcc8/Makefile


It took 3.29 seconds to enumerate untracked files. 'status -uno'
may speed it up, but you have to be careful not to forget to add
new files yourself (see 'git help status').
HEAD is now at 6d0a85828f1d Merge remote-tracking branch 'freebsd/master'
==== merge failed and clean up after ====
On branch master
Your branch is up to date with 'origin/master'.


It took 2.97 seconds to enumerate untracked files. 'status -uno'
may speed it up, but you have to be careful not to forget to add
new files yourself (see 'git help status').
nothing to commit, working tree clean
HEAD is now at 6d0a85828f1d Merge remote-tracking branch 'freebsd/master'
==== END: master ====
