==== BEGIN: master ====
current branch: master
mergeable branch: github/master
==== change branch ====
Already on 'master'
Your branch is up to date with 'origin/master'.
==== show current branch ====
* master
==== check for stale changes ====
==== update to latest origin ====
Already up to date.
==== merge branches ====
==== merge github/master branch ====
Already up to date.
Everything up-to-date
==== END: master ====
==== BEGIN: master ====
current branch: master
mergeable branch: freebsd/master
==== change branch ====
Already on 'master'
Your branch is up to date with 'origin/master'.
==== show current branch ====
* master
==== check for stale changes ====
==== update to latest origin ====
Already up to date.
==== merge branches ====
==== merge freebsd/master branch ====
Auto-merging multimedia/ffmpeg/Makefile
Auto-merging misc/gnu-watch/Makefile
Removing java/eclipse/files/patch-eclipse.platform.releng.prereqs.sdk
Auto-merging editors/nano/Makefile
Removing astro/kstars/files/patch-git_b7d677a
Merge made by the 'recursive' strategy.
 Mk/Uses/qt-dist.mk                                 |   2 +
 Mk/Uses/qt.mk                                      |   2 +
 Mk/bsd.default-versions.mk                         |   2 +-
 astro/kstars/Makefile                              |   2 +-
 astro/kstars/distinfo                              |   6 +-
 astro/kstars/files/patch-git_b7d677a               |  61 ------
 astro/kstars/pkg-plist                             |   2 +
 audio/faudio/Makefile                              |   2 +-
 audio/faudio/distinfo                              |   6 +-
 deskutils/dfshow/Makefile                          |   3 +
 devel/Makefile                                     |   1 +
 devel/cdialog/Makefile                             |   2 +-
 devel/linux_libusb/Makefile                        |  19 +-
 devel/py-Products.ATContentTypes/Makefile          |   3 +
 .../py-Products.ATReferenceBrowserWidget/Makefile  |   3 +
 devel/py-Products.Archetypes/Makefile              |   3 +
 devel/py-Products.CMFTestCase/Makefile             |   3 +
 devel/py-Products.Marshall/Makefile                |   3 +
 devel/py-Products.PasswordResetTool/Makefile       |   3 +
 devel/py-Products.PloneTestCase/Makefile           |   3 +
 devel/py-Products.PortalTransforms/Makefile        |   3 +
 devel/py-Products.ResourceRegistries/Makefile      |   3 +
 devel/py-archetypes.querywidget/Makefile           |   3 +
 .../py-archetypes.referencebrowserwidget/Makefile  |   3 +
 devel/py-archetypes.schemaextender/Makefile        |   3 +
 devel/py-five.customerize/Makefile                 |   3 +
 devel/py-python-dbusmock/Makefile                  |  23 +++
 devel/py-python-dbusmock/distinfo                  |   3 +
 devel/py-python-dbusmock/pkg-descr                 |   7 +
 devel/stfl/Makefile                                |   3 +-
 editors/nano/Makefile                              |   2 +-
 finance/tryton28/Makefile                          |   3 +
 finance/trytond28/Makefile                         |   3 +
 finance/trytond28_account/Makefile                 |   3 +
 finance/trytond28_account_asset/Makefile           |   3 +
 finance/trytond28_account_be/Makefile              |   3 +
 finance/trytond28_account_invoice/Makefile         |   3 +
 finance/trytond28_account_invoice_history/Makefile |   3 +
 .../Makefile                                       |   3 +
 finance/trytond28_account_product/Makefile         |   3 +
 finance/trytond28_account_statement/Makefile       |   3 +
 .../trytond28_account_stock_anglo_saxon/Makefile   |   3 +
 .../trytond28_account_stock_continental/Makefile   |   3 +
 finance/trytond28_analytic_account/Makefile        |   3 +
 finance/trytond28_analytic_invoice/Makefile        |   3 +
 finance/trytond28_analytic_purchase/Makefile       |   3 +
 finance/trytond28_analytic_sale/Makefile           |   3 +
 finance/trytond28_calendar/Makefile                |   3 +
 finance/trytond28_calendar_classification/Makefile |   3 +
 finance/trytond28_calendar_scheduling/Makefile     |   3 +
 finance/trytond28_calendar_todo/Makefile           |   3 +
 finance/trytond28_carrier/Makefile                 |   3 +
 finance/trytond28_carrier_percentage/Makefile      |   3 +
 finance/trytond28_carrier_weight/Makefile          |   3 +
 finance/trytond28_company/Makefile                 |   3 +
 finance/trytond28_company_work_time/Makefile       |   3 +
 finance/trytond28_country/Makefile                 |   3 +
 finance/trytond28_currency/Makefile                |   3 +
 finance/trytond28_dashboard/Makefile               |   3 +
 finance/trytond28_ldap_authentication/Makefile     |   3 +
 finance/trytond28_ldap_connection/Makefile         |   3 +
 finance/trytond28_party/Makefile                   |   3 +
 finance/trytond28_party_siret/Makefile             |   3 +
 finance/trytond28_party_vcarddav/Makefile          |   3 +
 finance/trytond28_product/Makefile                 |   3 +
 finance/trytond28_product_attribute/Makefile       |   3 +
 finance/trytond28_product_cost_fifo/Makefile       |   3 +
 finance/trytond28_product_cost_history/Makefile    |   3 +
 finance/trytond28_product_measurements/Makefile    |   3 +
 finance/trytond28_product_price_list/Makefile      |   3 +
 finance/trytond28_production/Makefile              |   3 +
 finance/trytond28_project/Makefile                 |   3 +
 finance/trytond28_project_invoice/Makefile         |   3 +
 finance/trytond28_project_plan/Makefile            |   3 +
 finance/trytond28_project_revenue/Makefile         |   3 +
 finance/trytond28_purchase/Makefile                |   3 +
 .../Makefile                                       |   3 +
 finance/trytond28_purchase_shipment_cost/Makefile  |   3 +
 finance/trytond28_sale/Makefile                    |   3 +
 finance/trytond28_sale_opportunity/Makefile        |   3 +
 finance/trytond28_sale_price_list/Makefile         |   3 +
 finance/trytond28_sale_shipment_cost/Makefile      |   3 +
 finance/trytond28_sale_supply/Makefile             |   3 +
 .../trytond28_sale_supply_drop_shipment/Makefile   |   3 +
 finance/trytond28_stock/Makefile                   |   3 +
 finance/trytond28_stock_forecast/Makefile          |   3 +
 .../trytond28_stock_inventory_location/Makefile    |   3 +
 finance/trytond28_stock_location_sequence/Makefile |   3 +
 finance/trytond28_stock_lot/Makefile               |   3 +
 finance/trytond28_stock_product_location/Makefile  |   3 +
 finance/trytond28_stock_split/Makefile             |   3 +
 finance/trytond28_stock_supply/Makefile            |   3 +
 finance/trytond28_stock_supply_day/Makefile        |   3 +
 finance/trytond28_stock_supply_forecast/Makefile   |   3 +
 finance/trytond28_stock_supply_production/Makefile |   3 +
 finance/trytond28_timesheet/Makefile               |   3 +
 french/trytond28_account_fr/Makefile               |   3 +
 ftp/lftp/Makefile                                  |   3 +-
 games/gtypist/Makefile                             |   1 +
 games/tty-solitaire/Makefile                       |   2 +
 games/tty-solitaire/files/patch-Makefile           |  16 ++
 german/trytond28_account_de_skr03/Makefile         |   3 +
 graphics/gegl/Makefile                             |   2 +
 graphics/gegl/files/cpu-detection.patch            |  48 +++++
 graphics/libxatracker/pkg-descr                    |   2 +-
 java/eclipse/Makefile                              |  12 +-
 java/eclipse/distinfo                              | 106 +++++-----
 java/eclipse/files/patch-eclipse-platform-parent   |  25 +--
 java/eclipse/files/patch-eclipse.pde.ui            |   2 +-
 java/eclipse/files/patch-eclipse.platform.releng   |   6 +-
 .../patch-eclipse.platform.releng.prereqs.sdk      |  12 --
 ...tch-eclipse.platform.releng.tychoeclipsebuilder |  50 ++---
 .../eclipse/files/patch-eclipse.platform.resources |  69 +------
 java/eclipse/files/patch-eclipse.platform.runtime  |   2 +-
 java/eclipse/files/patch-eclipse.platform.swt      |  16 +-
 .../files/patch-eclipse.platform.swt.binaries      |   8 +-
 java/eclipse/files/patch-eclipse.platform.team     |  10 +-
 java/eclipse/files/patch-eclipse.platform.text     |  12 ++
 java/eclipse/files/patch-eclipse.platform.ua       |   6 +-
 java/eclipse/files/patch-eclipse.platform.ui       |  32 ++-
 java/eclipse/files/patch-rt.equinox.bundles        |  34 ++-
 java/eclipse/files/patch-rt.equinox.framework      | 228 +++------------------
 java/eclipse/files/patch-rt.equinox.p2             |   2 +-
 java/eclipse/scripts/pre-patch                     |   1 -
 mail/junkfilter/Makefile                           |   9 +-
 mail/junkfilter/files/patch-junkfilter.three       |  11 +
 mail/opensmtpd-devel/Makefile                      |   6 +-
 math/libxlsxwriter/Makefile                        |   2 +-
 math/libxlsxwriter/distinfo                        |   6 +-
 misc/gnu-watch/Makefile                            |   3 +
 misc/ipbt/Makefile                                 |   2 +-
 misc/ipbt/files/patch-Makefile                     |  17 ++
 misc/mdp/Makefile                                  |   1 +
 misc/mnn/Makefile                                  |   2 +
 multimedia/ffmpeg/Makefile                         |   3 +-
 multimedia/ffmpeg/distinfo                         |   6 +-
 net/httping/Makefile                               |   3 +
 net/liveMedia/Makefile                             |   9 +-
 net/liveMedia/distinfo                             |   6 +-
 net/liveMedia/pkg-plist                            |   2 +
 security/py-Products.PlonePAS/Makefile             |   3 +
 security/py-borg.localrole/Makefile                |   3 +
 security/py-plone.app.openid/Makefile              |   3 +
 security/py-plone.keyring/Makefile                 |   3 +
 security/py-plone.openid/Makefile                  |   3 +
 security/py-plone.protect/Makefile                 |   3 +
 security/py-plone.session/Makefile                 |   3 +
 sysutils/catfish/Makefile                          |   2 +-
 sysutils/catfish/distinfo                          |   6 +-
 .../catfish/files/patch-catfish_CatfishWindow.py   |  12 +-
 .../catfish/files/patch-catfish__lib_SudoDialog.py |  12 +-
 .../files/patch-catfish__lib_catfishconfig.py      |   8 +-
 sysutils/catfish/pkg-plist                         |   9 -
 sysutils/kshutdown/Makefile                        |   7 +-
 sysutils/kshutdown/distinfo                        |   6 +-
 www/plone/Makefile                                 |   3 +
 www/py-Products.CMFPlone/Makefile                  |   3 +
 www/py-Products.PloneLDAP/Makefile                 |   3 +
 www/py-Products.TinyMCE/Makefile                   |   3 +
 www/py-collective.easytemplate/Makefile            |   3 +
 www/py-plone.alterego/Makefile                     |   3 +
 www/py-plone.app.blob/Makefile                     |   3 +
 www/py-plone.app.caching/Makefile                  |   3 +
 www/py-plone.app.collection/Makefile               |   3 +
 www/py-plone.app.content/Makefile                  |   3 +
 www/py-plone.app.contentlisting/Makefile           |   3 +
 www/py-plone.app.contentmenu/Makefile              |   3 +
 www/py-plone.app.contentrules/Makefile             |   3 +
 www/py-plone.app.controlpanel/Makefile             |   3 +
 www/py-plone.app.customerize/Makefile              |   3 +
 www/py-plone.app.dexterity/Makefile                |   3 +
 www/py-plone.app.discussion/Makefile               |   3 +
 www/py-plone.app.folder/Makefile                   |   3 +
 www/py-plone.app.form/Makefile                     |   3 +
 www/py-plone.app.i18n/Makefile                     |   3 +
 www/py-plone.app.imaging/Makefile                  |   3 +
 www/py-plone.app.iterate/Makefile                  |   3 +
 www/py-plone.app.jquery/Makefile                   |   3 +
 www/py-plone.app.jquerytools/Makefile              |   3 +
 www/py-plone.app.layout/Makefile                   |   3 +
 www/py-plone.app.ldap/Makefile                     |   3 +
 www/py-plone.app.linkintegrity/Makefile            |   3 +
 www/py-plone.app.locales/Makefile                  |   3 +
 www/py-plone.app.portlets/Makefile                 |   3 +
 www/py-plone.app.querystring/Makefile              |   3 +
 www/py-plone.app.redirector/Makefile               |   3 +
 www/py-plone.app.registry/Makefile                 |   3 +
 www/py-plone.app.search/Makefile                   |   3 +
 www/py-plone.app.testing/Makefile                  |   3 +
 www/py-plone.app.textfield/Makefile                |   3 +
 www/py-plone.app.theming/Makefile                  |   3 +
 www/py-plone.app.upgrade/Makefile                  |   3 +
 www/py-plone.app.users/Makefile                    |   3 +
 www/py-plone.app.uuid/Makefile                     |   3 +
 www/py-plone.app.viewletmanager/Makefile           |   3 +
 www/py-plone.app.vocabularies/Makefile             |   3 +
 www/py-plone.app.workflow/Makefile                 |   3 +
 www/py-plone.app.z3cform/Makefile                  |   3 +
 www/py-plone.autoform/Makefile                     |   3 +
 www/py-plone.batching/Makefile                     |   3 +
 www/py-plone.behavior/Makefile                     |   3 +
 www/py-plone.browserlayer/Makefile                 |   3 +
 www/py-plone.cachepurging/Makefile                 |   3 +
 www/py-plone.caching/Makefile                      |   3 +
 www/py-plone.contentrules/Makefile                 |   3 +
 www/py-plone.dexterity/Makefile                    |   3 +
 www/py-plone.fieldsets/Makefile                    |   3 +
 www/py-plone.folder/Makefile                       |   3 +
 www/py-plone.formwidget.namedfile/Makefile         |   3 +
 www/py-plone.i18n/Makefile                         |   3 +
 www/py-plone.indexer/Makefile                      |   3 +
 www/py-plone.intelligenttext/Makefile              |   3 +
 www/py-plone.locking/Makefile                      |   3 +
 www/py-plone.memoize/Makefile                      |   3 +
 www/py-plone.namedfile/Makefile                    |   3 +
 www/py-plone.outputfilters/Makefile                |   3 +
 www/py-plone.portlet.collection/Makefile           |   3 +
 www/py-plone.portlet.static/Makefile               |   3 +
 www/py-plone.portlets/Makefile                     |   3 +
 www/py-plone.registry/Makefile                     |   3 +
 www/py-plone.resource/Makefile                     |   3 +
 www/py-plone.resourceeditor/Makefile               |   3 +
 www/py-plone.rfc822/Makefile                       |   3 +
 www/py-plone.scale/Makefile                        |   3 +
 www/py-plone.schemaeditor/Makefile                 |   3 +
 www/py-plone.stringinterp/Makefile                 |   3 +
 www/py-plone.subrequest/Makefile                   |   3 +
 www/py-plone.supermodel/Makefile                   |   3 +
 www/py-plone.synchronize/Makefile                  |   3 +
 www/py-plone.testing/Makefile                      |   3 +
 www/py-plone.theme/Makefile                        |   3 +
 www/py-plone.transformchain/Makefile               |   3 +
 www/py-plone.uuid/Makefile                         |   3 +
 www/py-plone.z3cform/Makefile                      |   3 +
 www/py-plonetheme.classic/Makefile                 |   3 +
 www/py-plonetheme.sunburst/Makefile                |   3 +
 www/trytond28_google_maps/Makefile                 |   3 +
 237 files changed, 923 insertions(+), 589 deletions(-)
 delete mode 100644 astro/kstars/files/patch-git_b7d677a
 create mode 100644 devel/py-python-dbusmock/Makefile
 create mode 100644 devel/py-python-dbusmock/distinfo
 create mode 100644 devel/py-python-dbusmock/pkg-descr
 create mode 100644 games/tty-solitaire/files/patch-Makefile
 create mode 100644 graphics/gegl/files/cpu-detection.patch
 delete mode 100644 java/eclipse/files/patch-eclipse.platform.releng.prereqs.sdk
 create mode 100644 java/eclipse/files/patch-eclipse.platform.text
 create mode 100644 mail/junkfilter/files/patch-junkfilter.three
 create mode 100644 misc/ipbt/files/patch-Makefile
remote: To github.com:HardenedBSD/hardenedbsd-ports.git        
remote:    3caf40eaa595..ccf41a8289e0  master -> master
remote:    31b71dd21051..3caf40eaa595  github/master -> github/master        
To git-01.md.hardenedbsd.org:HardenedBSD/hardenedbsd-ports.git
   3caf40eaa595..ccf41a8289e0  master -> master
==== END: master ====
