==== BEGIN: master ====
current branch: master
mergeable branch: github/master
==== change branch ====
Already on 'master'
Your branch is up to date with 'origin/master'.
==== show current branch ====
* master
==== check for stale changes ====
==== update to latest origin ====
=============================
HardenedBSD Master git Server
=============================

Please note that connections and activity to this server are logged.
This server, git-01.md.hardenedbsd.org, acts as the source-of-truth
server for the HardenedBSD repositories.

Banner last updated: 10 Feb 2020 09:32 EST

Already up to date.
==== merge branches ====
==== merge github/master branch ====
Already up to date.
=============================
HardenedBSD Master git Server
=============================

Please note that connections and activity to this server are logged.
This server, git-01.md.hardenedbsd.org, acts as the source-of-truth
server for the HardenedBSD repositories.

Banner last updated: 10 Feb 2020 09:32 EST

Everything up-to-date
==== END: master ====
==== BEGIN: master ====
current branch: master
mergeable branch: freebsd/master
==== change branch ====
Already on 'master'
Your branch is up to date with 'origin/master'.
==== show current branch ====
* master
==== check for stale changes ====
==== update to latest origin ====
=============================
HardenedBSD Master git Server
=============================

Please note that connections and activity to this server are logged.
This server, git-01.md.hardenedbsd.org, acts as the source-of-truth
server for the HardenedBSD repositories.

Banner last updated: 10 Feb 2020 09:32 EST

Already up to date.
==== merge branches ====
==== merge freebsd/master branch ====
Auto-merging security/lasso/Makefile
Merge made by the 'recursive' strategy.
 devel/ccls/files/patch-src_indexer.cc              |  22 +++
 devel/chromium-gn/Makefile                         |   1 +
 editors/calligra/Makefile                          |   1 +
 editors/calligra/files/patch-git_f155131           |  99 ++++++++++
 editors/ne/Makefile                                |   4 +-
 editors/ne/distinfo                                |   6 +-
 emulators/wine-devel/Makefile                      |   4 +-
 emulators/wine-devel/distinfo                      |   8 +-
 emulators/wine-devel/pkg-plist                     |   5 +-
 emulators/wine-mono-devel/Makefile                 |   7 +-
 emulators/wine-mono-devel/distinfo                 |   6 +-
 graphics/Makefile                                  |   2 +
 graphics/geoserver/Makefile                        |  16 +-
 graphics/geoserver/distinfo                        |   6 +-
 graphics/geoserver/pkg-plist                       |  40 ++--
 graphics/py-pymaging-png/Makefile                  |  27 +++
 graphics/py-pymaging-png/distinfo                  |   3 +
 graphics/py-pymaging-png/pkg-descr                 |   4 +
 graphics/py-pymaging/Makefile                      |  24 +++
 graphics/py-pymaging/distinfo                      |   3 +
 graphics/py-pymaging/pkg-descr                     |   4 +
 math/nlopt/Makefile                                |   3 +-
 math/nlopt/distinfo                                |   6 +-
 math/py-cvxopt/Makefile                            |   2 +-
 math/py-cvxopt/distinfo                            |   6 +-
 misc/kf5-purpose/Makefile                          |   2 +
 multimedia/gstreamer1-plugins-svt-av1/distinfo     |   6 +-
 multimedia/obs-streamfx/Makefile                   |   2 +-
 multimedia/obs-streamfx/distinfo                   |   6 +-
 multimedia/obs-streamfx/pkg-plist                  |   2 +
 multimedia/svt-av1/Makefile                        |   1 +
 multimedia/svt-av1/distinfo                        |   6 +-
 net-p2p/qbittorrent/Makefile                       |   2 +-
 net-p2p/qbittorrent/distinfo                       |   6 +-
 science/qiskit-aer/Makefile                        |   2 +-
 science/qiskit-aer/distinfo                        |   6 +-
 security/cloak/files/patch-ring-aarch64            | 202 +++++++++++++++++++++
 security/lasso/Makefile                            |   3 +-
 security/lasso/distinfo                            |   6 +-
 security/lasso/pkg-plist                           |   2 +-
 sysutils/Makefile                                  |   1 +
 sysutils/accounts-qml-module/Makefile              |  26 +++
 sysutils/accounts-qml-module/distinfo              |   3 +
 .../files/patch-common-project-config.pri          |  11 ++
 sysutils/accounts-qml-module/pkg-descr             |   6 +
 sysutils/accounts-qml-module/pkg-plist             |  25 +++
 www/mitmproxy/pkg-descr                            |   2 +-
 x11/terminator/Makefile                            |   4 +-
 48 files changed, 560 insertions(+), 81 deletions(-)
 create mode 100644 devel/ccls/files/patch-src_indexer.cc
 create mode 100644 editors/calligra/files/patch-git_f155131
 create mode 100644 graphics/py-pymaging-png/Makefile
 create mode 100644 graphics/py-pymaging-png/distinfo
 create mode 100644 graphics/py-pymaging-png/pkg-descr
 create mode 100644 graphics/py-pymaging/Makefile
 create mode 100644 graphics/py-pymaging/distinfo
 create mode 100644 graphics/py-pymaging/pkg-descr
 create mode 100644 security/cloak/files/patch-ring-aarch64
 create mode 100644 sysutils/accounts-qml-module/Makefile
 create mode 100644 sysutils/accounts-qml-module/distinfo
 create mode 100644 sysutils/accounts-qml-module/files/patch-common-project-config.pri
 create mode 100644 sysutils/accounts-qml-module/pkg-descr
 create mode 100644 sysutils/accounts-qml-module/pkg-plist
=============================
HardenedBSD Master git Server
=============================

Please note that connections and activity to this server are logged.
This server, git-01.md.hardenedbsd.org, acts as the source-of-truth
server for the HardenedBSD repositories.

Banner last updated: 10 Feb 2020 09:32 EST

remote: From github.com:HardenedBSD/hardenedbsd-ports        
remote:    8cca63bfe0a5..cc95da96ef82  master     -> github/master        
remote: To github.com:HardenedBSD/hardenedbsd-ports.git        
remote:  ! [rejected]                  master -> master (atomic push failed)        
remote:  ! [rejected]                  github/master -> github/master (atomic push failed)        
remote:  ! [remote rejected]           refs/pull/2/head -> refs/pull/2/head (deny updating a hidden ref)        
remote: error: failed to push some refs to 'git@github.com:HardenedBSD/hardenedbsd-ports.git'        
To git-01.md.hardenedbsd.org:HardenedBSD/hardenedbsd-ports.git
   cc95da96ef82..67dacff05d5e  master -> master
==== END: master ====
