==== BEGIN: master ====
current branch: master
mergeable branch: github/master
==== change branch ====
Already on 'master'
Your branch is behind 'origin/master' by 113 commits, and can be fast-forwarded.
  (use "git pull" to update your local branch)
==== show current branch ====
* master
==== check for stale changes ====
==== update to latest origin ====
=============================
HardenedBSD Master git Server
=============================

Please note that connections and activity to this server are logged.
This server, git-01.md.hardenedbsd.org, acts as the source-of-truth
server for the HardenedBSD repositories.

Banner last updated: 10 Feb 2020 09:32 EST

Updating 4cea097fbbb0..6dab8453d3c9
Fast-forward
 MOVED                                              |   2 +-
 Mk/bsd.ruby.mk                                     |   8 +-
 archivers/rar/Makefile                             |   2 +-
 archivers/rar/distinfo                             |  10 +-
 archivers/unrar/Makefile                           |   5 +-
 archivers/unrar/distinfo                           |   6 +-
 astro/qmapshack/Makefile                           |  12 +-
 astro/qmapshack/distinfo                           |   6 +-
 astro/qmapshack/files/patch-CMakeLists.txt         |   8 +-
 ...tch-cmake_Modules_DefineInstallationPaths.cmake |  11 +-
 .../files/patch-src_qmapshack_CMakeLists.txt       |   6 +-
 .../files/patch-src_qmaptool_CMakeLists.txt        |   6 +-
 .../files/patch-src_qmt__map2jnx_CMakeLists.txt    |   8 +-
 .../files/patch-src_qmt__rgb2pct_CMakeLists.txt    |   4 +-
 astro/qmapshack/pkg-plist                          |   6 +
 audio/libfishsound/Makefile                        |   8 +-
 audio/libfishsound/pkg-plist                       |  99 +++++++++
 audio/liblo/Makefile                               |  11 +-
 audio/liblo/pkg-plist                              |  80 +++++++
 benchmarks/p5-Dumbbench/Makefile                   |   5 +-
 biology/p5-Bio-Coordinate/Makefile                 |   5 +-
 biology/p5-Bio-FeatureIO/Makefile                  |   5 +-
 cad/k40-whisperer/Makefile                         |   3 +-
 cad/k40-whisperer/distinfo                         |   6 +-
 chinese/p5-Lingua-ZH-HanDetect/Makefile            |   5 +-
 chinese/p5-Lingua-ZH-WordSegmenter/Makefile        |   5 +-
 comms/fldigi/Makefile                              |   2 +-
 comms/fldigi/distinfo                              |   6 +-
 comms/flrig/Makefile                               |   2 +-
 comms/flrig/distinfo                               |   6 +-
 comms/gnuradio/Makefile                            |  51 ++---
 comms/gnuradio/distinfo                            |   6 +-
 comms/gnuradio/files/patch-CMakeLists.txt          |   4 +-
 .../files/patch-cmake_Modules_FindQwt.cmake        |  18 +-
 .../files/patch-cmake_Modules_GrPython.cmake       |  23 --
 .../gnuradio/files/patch-docs_doxygen_Doxyfile.in  |   2 +-
 ...atch-gr-vocoder_lib_gsm__fr__decode__ps__impl.h |   2 +-
 ...atch-gr-vocoder_lib_gsm__fr__encode__sp__impl.h |   2 +-
 comms/gnuradio/pkg-plist                           | 245 +++------------------
 comms/openzwave-devel/Makefile                     |  24 +-
 comms/openzwave-devel/distinfo                     |   6 +-
 .../openzwave-devel/files/patch-cpp_build_Makefile |  15 +-
 .../files/patch-cpp_build_support.mk               |   8 +-
 comms/openzwave-devel/pkg-descr                    |   7 +-
 comms/openzwave-devel/pkg-plist                    |  91 ++++++++
 converters/p5-Convert-NLS_DATE_FORMAT/Makefile     |   5 +-
 converters/p5-Encode-Detect-CJK/Makefile           |   5 +-
 converters/p5-JSON-MaybeXS/Makefile                |   5 +-
 converters/p5-JSON-Tiny/Makefile                   |   5 +-
 databases/foundationdb-devel/Makefile              |   2 +-
 databases/foundationdb/Makefile                    |   5 +-
 databases/libzdb/Makefile                          |   2 +-
 databases/libzdb/distinfo                          |   6 +-
 databases/libzdb/pkg-plist                         |   5 +-
 databases/pgFormatter/Makefile                     |   2 +-
 databases/pgFormatter/distinfo                     |   6 +-
 databases/plpgsql_check/Makefile                   |   2 +-
 databases/plpgsql_check/distinfo                   |   6 +-
 databases/py-fakeredis/Makefile                    |   2 +-
 databases/py-fakeredis/distinfo                    |   6 +-
 databases/py-tiledb/Makefile                       |   2 +-
 databases/py-tiledb/distinfo                       |   6 +-
 databases/tiledb/Makefile                          |   3 +-
 databases/tiledb/distinfo                          |   6 +-
 devel/Makefile                                     |   3 +
 devel/byacc/Makefile                               |   2 +-
 devel/byacc/distinfo                               |   6 +-
 devel/libmaa/Makefile                              |   2 +-
 devel/libmaa/distinfo                              |   6 +-
 devel/p5-Term-Choose-Util/Makefile                 |   2 +-
 devel/p5-Term-Choose-Util/distinfo                 |   6 +-
 devel/p5-Test-Simple/Makefile                      |   2 +-
 devel/p5-Test-Simple/distinfo                      |   6 +-
 devel/p5-Test2-Harness/Makefile                    |  20 ++
 devel/p5-Test2-Plugin-IOEvents/Makefile            |  27 +++
 devel/p5-Test2-Plugin-IOEvents/distinfo            |   3 +
 devel/p5-Test2-Plugin-IOEvents/pkg-descr           |   4 +
 devel/p5-Test2-Plugin-IOEvents/pkg-plist           |   4 +
 devel/py-castellan/Makefile                        |   2 +-
 devel/py-castellan/distinfo                        |   6 +-
 devel/py-clikit/Makefile                           |   2 +-
 devel/py-clikit/distinfo                           |   6 +-
 devel/py-distributed/Makefile                      |   4 +-
 devel/py-distributed/distinfo                      |   6 +-
 devel/py-fsspec/Makefile                           |   2 +-
 devel/py-fsspec/distinfo                           |   6 +-
 devel/py-json5/Makefile                            |   3 -
 devel/py-lark-parser/Makefile                      |   2 +-
 devel/py-lark-parser/distinfo                      |   6 +-
 devel/py-logfury/Makefile                          |   4 +-
 devel/py-logfury/distinfo                          |   6 +-
 devel/py-notify/Makefile                           |   3 +
 devel/py-openstacksdk/Makefile                     |   2 +-
 devel/py-openstacksdk/distinfo                     |   6 +-
 devel/py-vulture/Makefile                          |   2 +-
 devel/py-vulture/distinfo                          |   6 +-
 devel/rubygem-async-io/Makefile                    |   2 +-
 devel/rubygem-async-io/distinfo                    |   6 +-
 devel/rubygem-aws-sdk-accessanalyzer/Makefile      |   2 +-
 devel/rubygem-aws-sdk-accessanalyzer/distinfo      |   6 +-
 devel/rubygem-aws-sdk-apigatewayv2/Makefile        |   2 +-
 devel/rubygem-aws-sdk-apigatewayv2/distinfo        |   6 +-
 devel/rubygem-aws-sdk-core2/Makefile               |   2 +-
 devel/rubygem-aws-sdk-core2/distinfo               |   6 +-
 devel/rubygem-aws-sdk-detective/Makefile           |   2 +-
 devel/rubygem-aws-sdk-detective/distinfo           |   6 +-
 devel/rubygem-aws-sdk-ec2/Makefile                 |   2 +-
 devel/rubygem-aws-sdk-ec2/distinfo                 |   6 +-
 devel/rubygem-aws-sdk-eks/Makefile                 |   2 +-
 devel/rubygem-aws-sdk-eks/distinfo                 |   6 +-
 devel/rubygem-aws-sdk-elasticinference/Makefile    |   2 +-
 devel/rubygem-aws-sdk-elasticinference/distinfo    |   6 +-
 devel/rubygem-aws-sdk-fms/Makefile                 |   2 +-
 devel/rubygem-aws-sdk-fms/distinfo                 |   6 +-
 devel/rubygem-aws-sdk-glue/Makefile                |   2 +-
 devel/rubygem-aws-sdk-glue/distinfo                |   6 +-
 devel/rubygem-aws-sdk-guardduty/Makefile           |   2 +-
 devel/rubygem-aws-sdk-guardduty/distinfo           |   6 +-
 devel/rubygem-aws-sdk-lambda/Makefile              |   2 +-
 devel/rubygem-aws-sdk-lambda/distinfo              |   6 +-
 devel/rubygem-aws-sdk-mediastore/Makefile          |   2 +-
 devel/rubygem-aws-sdk-mediastore/distinfo          |   6 +-
 devel/rubygem-aws-sdk-opsworkscm/Makefile          |   2 +-
 devel/rubygem-aws-sdk-opsworkscm/distinfo          |   6 +-
 devel/rubygem-aws-sdk-organizations/Makefile       |   2 +-
 devel/rubygem-aws-sdk-organizations/distinfo       |   6 +-
 devel/rubygem-aws-sdk-pinpoint/Makefile            |   2 +-
 devel/rubygem-aws-sdk-pinpoint/distinfo            |   6 +-
 devel/rubygem-aws-sdk-rekognition/Makefile         |   2 +-
 devel/rubygem-aws-sdk-rekognition/distinfo         |   6 +-
 devel/rubygem-aws-sdk-resources2/Makefile          |   2 +-
 devel/rubygem-aws-sdk-resources2/distinfo          |   6 +-
 devel/rubygem-aws-sdk-servicecatalog/Makefile      |   2 +-
 devel/rubygem-aws-sdk-servicecatalog/distinfo      |   6 +-
 devel/rubygem-aws-sdk-storagegateway/Makefile      |   2 +-
 devel/rubygem-aws-sdk-storagegateway/distinfo      |   6 +-
 devel/rubygem-aws-sdk-wafv2/Makefile               |   2 +-
 devel/rubygem-aws-sdk-wafv2/distinfo               |   6 +-
 devel/rubygem-aws-sdk2/Makefile                    |   2 +-
 devel/rubygem-aws-sdk2/distinfo                    |   6 +-
 devel/rubygem-ddtrace/Makefile                     |   2 +-
 devel/rubygem-ddtrace/distinfo                     |   6 +-
 devel/rubygem-os/Makefile                          |   2 +-
 devel/rubygem-os/distinfo                          |   6 +-
 devel/rubygem-sidekiq-unique-jobs/Makefile         |   2 +-
 devel/rubygem-sidekiq-unique-jobs/distinfo         |   6 +-
 devel/rubygem-webpacker-rails5/Makefile            |   3 +
 devel/rubygem-webpacker-rails50/Makefile           |   3 +
 devel/rubygem-webpacker-rails60/Makefile           |   7 +-
 devel/rubygem-webpacker-rails60/distinfo           |   6 +-
 devel/rubygem-webpacker4-rails60/Makefile          |  27 +++
 devel/rubygem-webpacker4-rails60/distinfo          |   3 +
 devel/rubygem-webpacker4-rails60/pkg-descr         |   9 +
 devel/volk/Makefile                                |  25 +++
 devel/volk/distinfo                                |   3 +
 devel/volk/pkg-descr                               |  19 ++
 devel/volk/pkg-plist                               | 169 ++++++++++++++
 ftp/curl/Makefile                                  |   1 +
 ftp/curl/files/patch-lib-easy.c                    |  38 ++++
 german/mythes/Makefile                             |   2 +-
 german/mythes/distinfo                             |   6 +-
 graphics/alembic/Makefile                          |   7 +-
 graphics/alembic/distinfo                          |   6 +-
 graphics/gpxsee/Makefile                           |   2 +-
 graphics/gpxsee/distinfo                           |   6 +-
 graphics/py-PyOpenGL-accelerate/Makefile           |   2 +-
 lang/ruby25/distinfo                               |   6 +-
 lang/ruby25/pkg-plist                              |   1 +
 lang/ruby26/distinfo                               |   6 +-
 lang/ruby26/pkg-plist                              |   1 +
 lang/ruby27/distinfo                               |   6 +-
 lang/ruby27/pkg-plist                              |  41 +++-
 mail/dbmail/Makefile                               |   2 +-
 mail/p5-Mail-AuthenticationResults/Makefile        |   2 +-
 mail/p5-Mail-AuthenticationResults/distinfo        |   6 +-
 mail/rspamd-devel/Makefile                         |   5 +-
 mail/rspamd-devel/distinfo                         |   6 +-
 mail/rspamd-devel/pkg-plist                        |   2 +
 mail/rspamd/Makefile                               |   3 +-
 mail/rspamd/distinfo                               |   6 +-
 mail/rspamd/pkg-plist                              |   1 +
 mail/spmfilter/Makefile                            |   2 +-
 math/Makefile                                      |   1 +
 math/mpfi/Makefile                                 |  26 +++
 math/mpfi/distinfo                                 |   3 +
 math/mpfi/files/patch-tests_mpfi-tests.h           |  10 +
 math/mpfi/pkg-descr                                |  17 ++
 math/mpfi/pkg-plist                                |   6 +
 misc/py-cinder/Makefile                            |   2 +
 net-mgmt/ccnet-server/Makefile                     |   1 +
 net-mgmt/seafile-server/Makefile                   |   2 +-
 net/Makefile                                       |   2 +-
 net/haproxy/Makefile                               |   2 +-
 net/haproxy/distinfo                               |   6 +-
 net/haproxy18/Makefile                             |   2 +-
 net/haproxy18/distinfo                             |   6 +-
 net/haproxy19/Makefile                             |   2 +-
 net/haproxy19/distinfo                             |   6 +-
 net/haproxy21/Makefile                             |   2 +-
 net/haproxy21/distinfo                             |   6 +-
 net/{librsync2 => librsync}/Makefile               |   4 -
 net/{librsync2 => librsync}/distinfo               |   0
 .../files/patch-CMakeLists.txt                     |   0
 net/{librsync2 => librsync}/pkg-descr              |   0
 net/{librsync2 => librsync}/pkg-plist              |   0
 net/py-python-openstackclient/Makefile             |   6 +-
 net/py-python-openstackclient/distinfo             |   6 +-
 net/rubygem-fog-aliyun/Makefile                    |   2 +-
 net/rubygem-fog-aliyun/distinfo                    |   6 +-
 polish/hunspell/Makefile                           |   2 +-
 polish/hunspell/distinfo                           |   6 +-
 ports-mgmt/pkg/Makefile                            |   9 +-
 ports-mgmt/pkg/distinfo                            |   6 +-
 ports-mgmt/pkg/pkg-plist                           |   3 +-
 print/libraqm/files/patch-src_raqm.c               |  19 +-
 print/py-font-v/Makefile                           |   2 +-
 print/py-font-v/distinfo                           |   6 +-
 print/py-fonttools/Makefile                        |  13 +-
 print/py-fonttools/distinfo                        |   6 +-
 security/keybase/Makefile                          |   2 +-
 security/keybase/distinfo                          |   6 +-
 security/py-keystone/Makefile                      |   2 +
 security/py-trezor/Makefile                        |   2 +-
 security/py-trezor/distinfo                        |   6 +-
 security/vuxml/vuln.xml                            |   3 +-
 sysutils/burp-devel/Makefile                       |   2 +-
 sysutils/burp/Makefile                             |   4 +-
 sysutils/checkrestart/Makefile                     |  11 +-
 sysutils/checkrestart/distinfo                     |   6 +-
 sysutils/checkrestart/files/checkrestart.in        |  70 ++++++
 sysutils/checkrestart/pkg-message                  |  16 ++
 sysutils/duplicity/Makefile                        |   3 +-
 sysutils/duplicity07/Makefile                      |   4 +-
 sysutils/rdiff-backup/Makefile                     |   4 +-
 textproc/p5-PPIx-QuoteLike/Makefile                |   5 +-
 textproc/p5-PPIx-QuoteLike/distinfo                |   6 +-
 www/apache24/Makefile                              |   2 +-
 www/apache24/distinfo                              |   6 +-
 www/py-werkzeug/Makefile                           |   2 +-
 www/py-werkzeug/distinfo                           |   6 +-
 www/rubygem-async-http/Makefile                    |   6 +-
 www/rubygem-async-http/distinfo                    |   6 +-
 www/rubygem-http/Makefile                          |   2 +-
 www/rubygem-http/distinfo                          |   6 +-
 www/rubygem-protocol-http2/Makefile                |   4 +-
 www/rubygem-protocol-http2/distinfo                |   6 +-
 www/rubygem-rails60/Makefile                       |   3 +-
 247 files changed, 1395 insertions(+), 744 deletions(-)
 delete mode 100644 comms/gnuradio/files/patch-cmake_Modules_GrPython.cmake
 create mode 100644 devel/p5-Test2-Plugin-IOEvents/Makefile
 create mode 100644 devel/p5-Test2-Plugin-IOEvents/distinfo
 create mode 100644 devel/p5-Test2-Plugin-IOEvents/pkg-descr
 create mode 100644 devel/p5-Test2-Plugin-IOEvents/pkg-plist
 create mode 100644 devel/rubygem-webpacker4-rails60/Makefile
 create mode 100644 devel/rubygem-webpacker4-rails60/distinfo
 create mode 100644 devel/rubygem-webpacker4-rails60/pkg-descr
 create mode 100644 devel/volk/Makefile
 create mode 100644 devel/volk/distinfo
 create mode 100644 devel/volk/pkg-descr
 create mode 100644 devel/volk/pkg-plist
 create mode 100644 ftp/curl/files/patch-lib-easy.c
 create mode 100644 math/mpfi/Makefile
 create mode 100644 math/mpfi/distinfo
 create mode 100644 math/mpfi/files/patch-tests_mpfi-tests.h
 create mode 100644 math/mpfi/pkg-descr
 create mode 100644 math/mpfi/pkg-plist
 rename net/{librsync2 => librsync}/Makefile (88%)
 rename net/{librsync2 => librsync}/distinfo (100%)
 rename net/{librsync2 => librsync}/files/patch-CMakeLists.txt (100%)
 rename net/{librsync2 => librsync}/pkg-descr (100%)
 rename net/{librsync2 => librsync}/pkg-plist (100%)
 create mode 100644 sysutils/checkrestart/files/checkrestart.in
 create mode 100644 sysutils/checkrestart/pkg-message
==== merge branches ====
==== merge github/master branch ====
Already up to date.
=============================
HardenedBSD Master git Server
=============================

Please note that connections and activity to this server are logged.
This server, git-01.md.hardenedbsd.org, acts as the source-of-truth
server for the HardenedBSD repositories.

Banner last updated: 10 Feb 2020 09:32 EST

Everything up-to-date
==== END: master ====
