==== BEGIN: master ====
current branch: master
mergeable branch: github/master
==== change branch ====
Already on 'master'
Your branch is up to date with 'origin/master'.
==== show current branch ====
* master
==== check for stale changes ====
==== update to latest origin ====
warning: Pulling without specifying how to reconcile divergent branches is
discouraged. You can squelch this message by running one of the following
commands sometime before your next pull:

  git config pull.rebase false  # merge (the default strategy)
  git config pull.rebase true   # rebase
  git config pull.ff only       # fast-forward only

You can replace "git config" with "git config --global" to set a default
preference for all repositories. You can also pass --rebase, --no-rebase,
or --ff-only on the command line to override the configured default per
invocation.

=============================
HardenedBSD Master git Server
=============================

Please note that connections and activity to this server are logged.
This server, git-01.md.hardenedbsd.org, acts as the source-of-truth
server for the HardenedBSD repositories.

Banner last updated: 10 Feb 2020 09:32 EST

Already up to date.
==== merge branches ====
==== merge github/master branch ====
Already up to date.
=============================
HardenedBSD Master git Server
=============================

Please note that connections and activity to this server are logged.
This server, git-01.md.hardenedbsd.org, acts as the source-of-truth
server for the HardenedBSD repositories.

Banner last updated: 10 Feb 2020 09:32 EST

Everything up-to-date
==== END: master ====
==== BEGIN: master ====
current branch: master
mergeable branch: freebsd/master
==== change branch ====
Already on 'master'
Your branch is up to date with 'origin/master'.
==== show current branch ====
* master
==== check for stale changes ====
==== update to latest origin ====
warning: Pulling without specifying how to reconcile divergent branches is
discouraged. You can squelch this message by running one of the following
commands sometime before your next pull:

  git config pull.rebase false  # merge (the default strategy)
  git config pull.rebase true   # rebase
  git config pull.ff only       # fast-forward only

You can replace "git config" with "git config --global" to set a default
preference for all repositories. You can also pass --rebase, --no-rebase,
or --ff-only on the command line to override the configured default per
invocation.

=============================
HardenedBSD Master git Server
=============================

Please note that connections and activity to this server are logged.
This server, git-01.md.hardenedbsd.org, acts as the source-of-truth
server for the HardenedBSD repositories.

Banner last updated: 10 Feb 2020 09:32 EST

Already up to date.
==== merge branches ====
==== merge freebsd/master branch ====
Merge made by the 'recursive' strategy.
 .../file-roller/files/patch-src_fr-application.c   | 10 +++++
 .../psiconv/files/patch-program_psiconv_psiconv.c  | 11 +++++
 .../psiconv/files/patch-program_psiconv_psiconv.h  | 11 +++++
 deskutils/glabels/files/patch-src_font-history.h   | 11 +++++
 .../glabels/files/patch-src_template-history.h     | 11 +++++
 deskutils/just/Makefile                            | 19 +++++----
 deskutils/just/distinfo                            | 38 ++++++++---------
 devel/libffi/files/patch-configure.host            | 16 ++++----
 devel/py-blessed/Makefile                          |  6 +--
 devel/py-blessed/distinfo                          |  6 +--
 emulators/simh-hp2100/files/patch-SCP_makefile     | 17 ++++++++
 emulators/simh-hp3000/Makefile                     |  4 +-
 emulators/simh-hp3000/files/patch-SCP_makefile     | 17 ++++++++
 ...ce_shared__lib_include_feathery__ftp_ftpTypes.h | 28 +++++++++++++
 ..._shared__lib_sources_feathery__ftp_ftpRuntime.c | 16 ++++++++
 graphics/Makefile                                  |  1 +
 graphics/libavif/Makefile                          |  6 ++-
 graphics/mesa-devel/Makefile                       |  4 +-
 graphics/mesa-devel/distinfo                       |  6 +--
 graphics/qt-avif-image-plugin/Makefile             | 26 ++++++++++++
 graphics/qt-avif-image-plugin/distinfo             |  3 ++
 graphics/qt-avif-image-plugin/pkg-descr            |  3 ++
 lang/intel-compute-runtime/Makefile                |  2 +-
 lang/intel-compute-runtime/distinfo                |  6 +--
 multimedia/Makefile                                |  1 +
 multimedia/libgav1/Makefile                        | 22 ++++++++++
 multimedia/libgav1/distinfo                        |  3 ++
 multimedia/libgav1/files/patch-CMakeLists.txt      | 16 ++++++++
 .../patch-cmake_libgav1__cpu__detection.cmake      | 13 ++++++
 multimedia/libgav1/pkg-descr                       |  3 ++
 multimedia/libgav1/pkg-plist                       | 13 ++++++
 net/packetdrill/Makefile                           |  4 +-
 net/packetdrill/distinfo                           |  6 +--
 print/gtklp/files/patch-gtklp_gtklp.c              | 10 +++++
 print/gtklp/files/patch-gtklp_gtklp__functions.c   | 20 +++++++++
 print/gtklp/files/patch-gtklpq_gtklpq.c            | 23 +++++++++++
 print/gtklp/files/patch-libgtklp_libgtklp.h        | 11 +++++
 print/harfbuzz/Makefile                            |  4 +-
 print/harfbuzz/distinfo                            |  6 +--
 sysutils/seatd/Makefile                            |  2 +-
 sysutils/seatd/distinfo                            |  6 +--
 sysutils/zbackup/Makefile                          |  2 +-
 sysutils/zbackup/files/patch-sptr.hh               | 47 ++++++++++++++++++++++
 www/Makefile                                       |  1 +
 www/gallery-dl/Makefile                            | 36 +++++++++++++++++
 www/gallery-dl/distinfo                            |  3 ++
 www/gallery-dl/pkg-descr                           |  6 +++
 www/py-flexget/Makefile                            |  2 +-
 www/py-flexget/distinfo                            |  6 +--
 www/slowhttptest/Makefile                          |  2 +-
 www/slowhttptest/distinfo                          |  6 +--
 x11-toolkits/wlroots/Makefile                      |  1 +
 x11-toolkits/wlroots/distinfo                      |  2 +
 x11/lavalauncher/Makefile                          | 33 ++++++++++-----
 x11/lavalauncher/distinfo                          |  8 ++--
 55 files changed, 505 insertions(+), 91 deletions(-)
 create mode 100644 archivers/file-roller/files/patch-src_fr-application.c
 create mode 100644 converters/psiconv/files/patch-program_psiconv_psiconv.c
 create mode 100644 converters/psiconv/files/patch-program_psiconv_psiconv.h
 create mode 100644 deskutils/glabels/files/patch-src_font-history.h
 create mode 100644 deskutils/glabels/files/patch-src_template-history.h
 create mode 100644 emulators/simh-hp2100/files/patch-SCP_makefile
 create mode 100644 emulators/simh-hp3000/files/patch-SCP_makefile
 create mode 100644 games/megaglest/files/patch-source_shared__lib_include_feathery__ftp_ftpTypes.h
 create mode 100644 games/megaglest/files/patch-source_shared__lib_sources_feathery__ftp_ftpRuntime.c
 create mode 100644 graphics/qt-avif-image-plugin/Makefile
 create mode 100644 graphics/qt-avif-image-plugin/distinfo
 create mode 100644 graphics/qt-avif-image-plugin/pkg-descr
 create mode 100644 multimedia/libgav1/Makefile
 create mode 100644 multimedia/libgav1/distinfo
 create mode 100644 multimedia/libgav1/files/patch-CMakeLists.txt
 create mode 100644 multimedia/libgav1/files/patch-cmake_libgav1__cpu__detection.cmake
 create mode 100644 multimedia/libgav1/pkg-descr
 create mode 100644 multimedia/libgav1/pkg-plist
 create mode 100644 print/gtklp/files/patch-gtklp_gtklp.c
 create mode 100644 print/gtklp/files/patch-gtklp_gtklp__functions.c
 create mode 100644 print/gtklp/files/patch-gtklpq_gtklpq.c
 create mode 100644 print/gtklp/files/patch-libgtklp_libgtklp.h
 create mode 100644 sysutils/zbackup/files/patch-sptr.hh
 create mode 100644 www/gallery-dl/Makefile
 create mode 100644 www/gallery-dl/distinfo
 create mode 100644 www/gallery-dl/pkg-descr
=============================
HardenedBSD Master git Server
=============================

Please note that connections and activity to this server are logged.
This server, git-01.md.hardenedbsd.org, acts as the source-of-truth
server for the HardenedBSD repositories.

Banner last updated: 10 Feb 2020 09:32 EST

remote: To github.com:HardenedBSD/hardenedbsd-ports.git        
remote:    fa6c963098b0..d88a68cd304c  master -> master        
remote:    fc7ef17f798e..fa6c963098b0  github/master -> github/master
remote:  ! [remote rejected]           refs/pull/2/head -> refs/pull/2/head (deny updating a hidden ref)        
remote: error: failed to push some refs to 'github.com:HardenedBSD/hardenedbsd-ports.git'        
remote: . Processing 1 references        
remote: Processed 1 references in total        
To git-01.md.hardenedbsd.org:HardenedBSD/hardenedbsd-ports.git
   fa6c963098b0..d88a68cd304c  master -> master
==== END: master ====
