==== BEGIN: master ====
current branch: master
mergeable branch: freebsd/master
==== change branch ====
Already on 'master'
Your branch is behind 'origin/master' by 30 commits, and can be fast-forwarded.
  (use "git pull" to update your local branch)
==== show current branch ====
* master
==== check for stale changes ====
==== update to latest origin ====
Updating 404869ed3369..07bc45ba7874
Fast-forward
 devel/Makefile                                     |   2 +
 devel/creduce/Makefile                             |   5 +-
 devel/git-lfs/Makefile                             |   3 +-
 devel/git-lfs/distinfo                             |   6 +-
 devel/gocheese/Makefile                            |  28 ++++++
 devel/gocheese/distinfo                            |   3 +
 devel/gocheese/files/patch-Makefile                |  11 +++
 devel/gocheese/pkg-descr                           |  10 ++
 devel/osc/Makefile                                 |   2 +-
 devel/osc/distinfo                                 |   6 +-
 devel/termcolor/Makefile                           |  26 +++++
 devel/termcolor/distinfo                           |   3 +
 devel/termcolor/pkg-descr                          |   7 ++
 dns/bind9-devel/Makefile                           |   4 +-
 dns/bind9-devel/distinfo                           |   6 +-
 .../files/extrapatch-bind-min-override-ttl         |  14 +--
 dns/bind9-devel/files/patch-configure              |   8 +-
 dns/dnscrypt-proxy2/Makefile                       |   2 +-
 dns/dnscrypt-proxy2/distinfo                       |   6 +-
 games/avp/Makefile                                 |   2 +-
 games/tome4/Makefile                               |   4 +-
 graphics/vapoursynth-fmtconv/Makefile              |   3 +-
 graphics/vapoursynth-fmtconv/distinfo              |   6 +-
 lang/perl5-devel/Makefile                          |   2 +-
 lang/perl5-devel/distinfo                          |   6 +-
 lang/perl5-devel/files/patch-Configure             |   8 +-
 lang/perl5-devel/files/patch-perl.c                |   4 +-
 .../files/patch-t_porting_customized.dat           |   6 +-
 lang/perl5-devel/pkg-plist                         |   6 +-
 lang/perl5-devel/version.mk                        |   2 +-
 multimedia/ffmpeg/Makefile                         |   2 +-
 multimedia/ffmpeg/distinfo                         |   4 +-
 multimedia/gstreamer1-plugins-svt-hevc/Makefile    |   2 +-
 multimedia/gstreamer1-plugins-svt-hevc/distinfo    |   6 +-
 multimedia/svt-hevc/Makefile                       |   9 +-
 multimedia/svt-hevc/distinfo                       |   6 +-
 .../files/patch-Source_Lib_Codec_EbThreads.h       |  25 -----
 net-mgmt/nagios-plugins/Makefile                   |   5 +-
 net-mgmt/nagios-plugins/distinfo                   |   6 +-
 net-mgmt/nagios-plugins/files/patch-configure      |  13 +--
 .../files/patch-plugins-check_ntp_time.c           |  15 ---
 .../files/patch-plugins-scripts_check__mailq.pl    |  57 -----------
 .../files/patch-plugins-scripts_check__ntp.pl      |  16 +--
 .../files/patch-plugins_check__http.c              |  17 ----
 .../files/patch-plugins_check__load.c              |  10 ++
 .../files/patch-plugins_check__nagios.c            |  10 --
 .../files/patch-plugins_check__procs.c             | 107 ---------------------
 .../nagios-plugins/files/patch-plugins_common.h    |  24 -----
 .../nagios-plugins/files/patch-plugins_sslutils.c  |  21 ----
 net-mgmt/nagios-plugins/pkg-plist                  |   2 +
 net/Makefile                                       |   1 +
 net/opentracker/Makefile                           |  21 ++--
 net/opentracker/files/opentracker-ipv6.in          |  33 +++++++
 net/opentracker/files/opentracker.in               |  24 +++--
 net/opentracker/pkg-message                        |   8 ++
 net/opentracker/pkg-plist                          |   2 +
 net/py-pyenet/Makefile                             |  24 +++++
 net/py-pyenet/distinfo                             |   3 +
 net/py-pyenet/files/patch-README.rst               |  11 +++
 net/py-pyenet/pkg-descr                            |   4 +
 news/nn/Makefile                                   |   7 +-
 news/nn/pkg-descr                                  |   3 +-
 ports-mgmt/create-rb-port/Makefile                 |   2 -
 science/simbody/Makefile                           |   7 +-
 science/simbody/distinfo                           |  10 +-
 science/simbody/pkg-plist                          |   7 +-
 security/cracklib/Makefile                         |  96 ++++--------------
 security/cracklib/distinfo                         |   9 +-
 security/cracklib/files/patch-util_Makefile.in     |  11 +++
 .../cracklib/files/patch-util__cracklib-format     |  10 --
 security/cracklib/files/patch-util_cracklib-format |  11 +++
 security/cracklib/pkg-plist                        |  61 ++++++++++++
 security/dsvpn/Makefile                            |   3 +-
 security/dsvpn/distinfo                            |   6 +-
 security/onionscan/Makefile                        |   4 +-
 security/onionscan/distinfo                        |   6 +-
 security/py-cracklib/Makefile                      |   1 +
 security/py-cracklib/pkg-plist                     |   8 ++
 security/sqlmap/Makefile                           |   5 +-
 security/sqlmap/distinfo                           |   6 +-
 sysutils/Makefile                                  |   1 +
 sysutils/bareos-server/Makefile                    |   2 +-
 sysutils/munin-common/distinfo                     |   6 +-
 sysutils/munin-common/files/patch-Makefile         |  15 ++-
 sysutils/munin-common/munin.mk                     |   2 +-
 sysutils/munin-node/Makefile                       |   2 +-
 sysutils/munin-node/pkg-plist                      |   4 +-
 sysutils/virt-what/Makefile                        |  21 ++++
 sysutils/virt-what/distinfo                        |   3 +
 sysutils/virt-what/pkg-descr                       |  10 ++
 www/firefox/files/patch-bug1602358                 |  45 +++++++++
 www/node/Makefile                                  |   1 -
 x11-wm/piewm/Makefile                              |   4 +-
 93 files changed, 540 insertions(+), 538 deletions(-)
 create mode 100644 devel/gocheese/Makefile
 create mode 100644 devel/gocheese/distinfo
 create mode 100644 devel/gocheese/files/patch-Makefile
 create mode 100644 devel/gocheese/pkg-descr
 create mode 100644 devel/termcolor/Makefile
 create mode 100644 devel/termcolor/distinfo
 create mode 100644 devel/termcolor/pkg-descr
 delete mode 100644 multimedia/svt-hevc/files/patch-Source_Lib_Codec_EbThreads.h
 delete mode 100644 net-mgmt/nagios-plugins/files/patch-plugins-check_ntp_time.c
 delete mode 100644 net-mgmt/nagios-plugins/files/patch-plugins-scripts_check__mailq.pl
 delete mode 100644 net-mgmt/nagios-plugins/files/patch-plugins_check__http.c
 create mode 100644 net-mgmt/nagios-plugins/files/patch-plugins_check__load.c
 delete mode 100644 net-mgmt/nagios-plugins/files/patch-plugins_check__nagios.c
 delete mode 100644 net-mgmt/nagios-plugins/files/patch-plugins_check__procs.c
 delete mode 100644 net-mgmt/nagios-plugins/files/patch-plugins_common.h
 delete mode 100644 net-mgmt/nagios-plugins/files/patch-plugins_sslutils.c
 create mode 100644 net/opentracker/files/opentracker-ipv6.in
 create mode 100644 net/py-pyenet/Makefile
 create mode 100644 net/py-pyenet/distinfo
 create mode 100644 net/py-pyenet/files/patch-README.rst
 create mode 100644 net/py-pyenet/pkg-descr
 create mode 100644 security/cracklib/files/patch-util_Makefile.in
 delete mode 100644 security/cracklib/files/patch-util__cracklib-format
 create mode 100644 security/cracklib/files/patch-util_cracklib-format
 create mode 100644 security/cracklib/pkg-plist
 create mode 100644 security/py-cracklib/pkg-plist
 create mode 100644 sysutils/virt-what/Makefile
 create mode 100644 sysutils/virt-what/distinfo
 create mode 100644 sysutils/virt-what/pkg-descr
 create mode 100644 www/firefox/files/patch-bug1602358
==== merge branches ====
==== merge freebsd/master branch ====
Merge made by the 'recursive' strategy.
 devel/doxygen/Makefile                             |  2 +-
 devel/doxygen/files/patch-src_formula.cpp          | 15 ++++++
 devel/simgear/Makefile                             |  3 +-
 games/flightgear/Makefile                          |  3 +-
 games/openmw/Makefile                              |  4 +-
 games/palomino/Makefile                            |  4 +-
 games/solarus/Makefile                             | 18 ++++++-
 games/solarus/pkg-plist                            |  4 +-
 graphics/Makefile                                  |  2 +-
 graphics/{osg => osg34}/Makefile                   |  3 +-
 graphics/{osg => osg34}/distinfo                   |  0
 graphics/{osg => osg34}/files/patch-CMakeLists.txt |  0
 .../files/patch-CMakeModules-FindGTA.cmake         |  0
 .../files/patch-CMakeModules_FindGStreamer.cmake   |  0
 graphics/{osg => osg34}/files/patch-shift-key-fix  |  0
 .../files/patch-src-OpenThreads-CMakeLists.txt     |  0
 .../patch-src-OpenThreads-pthreads-PThread.cpp     |  0
 .../patch-src_osgPlugins_ffmpeg_CMakeLists.txt     |  0
 .../files/patch-src_osgPlugins_gdal_CMakeLists.txt |  0
 .../files/patch-src_osgPlugins_nvtt_CMakeLists.txt |  0
 .../files/patch-src_osgPlugins_ogr_CMakeLists.txt  |  0
 graphics/{osg => osg34}/pkg-descr                  |  0
 graphics/{osg => osg34}/pkg-plist                  |  0
 graphics/osgearth/Makefile                         |  4 +-
 graphics/ossim/Makefile                            |  3 +-
 misc/dartsim/Makefile                              |  4 +-
 print/foomatic-db/Makefile                         |  2 +-
 print/foomatic-db/distinfo                         |  6 +--
 print/foomatic-db/pkg-plist                        |  7 +++
 print/ghostscript9-agpl-base/Makefile              | 13 +++--
 print/ghostscript9-agpl-base/distinfo              |  6 +--
 print/ghostscript9-agpl-x11/Makefile               | 12 ++---
 security/vuxml/vuln.xml                            | 58 ++++++++++++++++++++++
 sysutils/kubectl/Makefile                          | 12 ++---
 sysutils/kubectl/distinfo                          |  6 +--
 www/sogo4/Makefile                                 |  1 +
 ...UI-MailPartViewers_UIxMailPartEncryptedViewer.m | 18 +++++++
 37 files changed, 164 insertions(+), 46 deletions(-)
 create mode 100644 devel/doxygen/files/patch-src_formula.cpp
 rename graphics/{osg => osg34}/Makefile (99%)
 rename graphics/{osg => osg34}/distinfo (100%)
 rename graphics/{osg => osg34}/files/patch-CMakeLists.txt (100%)
 rename graphics/{osg => osg34}/files/patch-CMakeModules-FindGTA.cmake (100%)
 rename graphics/{osg => osg34}/files/patch-CMakeModules_FindGStreamer.cmake (100%)
 rename graphics/{osg => osg34}/files/patch-shift-key-fix (100%)
 rename graphics/{osg => osg34}/files/patch-src-OpenThreads-CMakeLists.txt (100%)
 rename graphics/{osg => osg34}/files/patch-src-OpenThreads-pthreads-PThread.cpp (100%)
 rename graphics/{osg => osg34}/files/patch-src_osgPlugins_ffmpeg_CMakeLists.txt (100%)
 rename graphics/{osg => osg34}/files/patch-src_osgPlugins_gdal_CMakeLists.txt (100%)
 rename graphics/{osg => osg34}/files/patch-src_osgPlugins_nvtt_CMakeLists.txt (100%)
 rename graphics/{osg => osg34}/files/patch-src_osgPlugins_ogr_CMakeLists.txt (100%)
 rename graphics/{osg => osg34}/pkg-descr (100%)
 rename graphics/{osg => osg34}/pkg-plist (100%)
 create mode 100644 www/sogo4/files/patch-UI-MailPartViewers_UIxMailPartEncryptedViewer.m
To github.com:HardenedBSD/hardenedbsd-ports.git
   07bc45ba7874..124ae4e650e6  master -> master
==== END: master ====
