==== BEGIN: master ====
current branch: master
mergeable branch: github/master
==== change branch ====
Already on 'master'
Your branch is up to date with 'origin/master'.
==== show current branch ====
* master
==== check for stale changes ====
==== update to latest origin ====
=============================
HardenedBSD Master git Server
=============================

Please note that connections and activity to this server are logged.
This server, git-01.md.hardenedbsd.org, acts as the source-of-truth
server for the HardenedBSD repositories.

Banner last updated: 10 Feb 2020 09:32 EST

Already up to date.
==== merge branches ====
==== merge github/master branch ====
Already up to date.
=============================
HardenedBSD Master git Server
=============================

Please note that connections and activity to this server are logged.
This server, git-01.md.hardenedbsd.org, acts as the source-of-truth
server for the HardenedBSD repositories.

Banner last updated: 10 Feb 2020 09:32 EST

Everything up-to-date
==== END: master ====
==== BEGIN: master ====
current branch: master
mergeable branch: freebsd/master
==== change branch ====
Already on 'master'
Your branch is up to date with 'origin/master'.
==== show current branch ====
* master
==== check for stale changes ====
==== update to latest origin ====
=============================
HardenedBSD Master git Server
=============================

Please note that connections and activity to this server are logged.
This server, git-01.md.hardenedbsd.org, acts as the source-of-truth
server for the HardenedBSD repositories.

Banner last updated: 10 Feb 2020 09:32 EST

Already up to date.
==== merge branches ====
==== merge freebsd/master branch ====
Auto-merging lang/gcc8-devel/Makefile
Merge made by the 'recursive' strategy.
 archivers/urbackup-client/Makefile                 |   5 +-
 archivers/urbackup-client/distinfo                 |   6 +-
 archivers/urbackup-server/Makefile                 |   7 +-
 archivers/urbackup-server/distinfo                 |   6 +-
 archivers/urbackup-server/pkg-plist                |   3 +-
 audio/faudio/Makefile                              |   1 +
 .../files/patch-src_FAudio__platform__sdl2.c       |  23 ++
 databases/redis-devel/Makefile                     |   4 +-
 databases/redis-devel/distinfo                     |   6 +-
 devel/py-portalocker/Makefile                      |   2 +-
 devel/py-portalocker/distinfo                      |   6 +-
 emulators/rpcs3/Makefile                           |   4 +-
 ...ch-3rdparty_FAudio_src_FAudio__platform__sdl2.c |  23 ++
 lang/gcc8-devel/Makefile                           |   2 +-
 lang/gcc8-devel/distinfo                           |   6 +-
 misc/exercism/Makefile                             |   2 +-
 misc/exercism/distinfo                             |   6 +-
 multimedia/mps-youtube/Makefile                    |   7 +-
 multimedia/mps-youtube/distinfo                    |   6 +-
 multimedia/zoneminder/Makefile                     |   2 +-
 multimedia/zoneminder/distinfo                     |   6 +-
 multimedia/zoneminder/pkg-plist                    |   1 +
 net-mgmt/ocsinventory-ocsreports/Makefile          |  14 +-
 net-mgmt/ocsinventory-ocsreports/distinfo          |   6 +-
 .../ocsinventory-ocsreports/files/pkg-message.in   |   2 +-
 net-mgmt/ocsinventory-ocsreports/pkg-plist         | 385 ++++++++-----------
 net-mgmt/ocsinventory-server/Makefile              |   2 +-
 net-mgmt/ocsinventory-server/distinfo              |   6 +-
 net/libcoap/Makefile                               |   2 +-
 net/syncthing/files/patch-gopsutil_aarch64         | 407 +++++++++++++++++++++
 ...r_golang.org_x_net_ipv4_zsys__freebsd__arm64.go |  96 +++++
 ...r_golang.org_x_net_ipv6_zsys__freebsd__arm64.go | 125 +++++++
 .../patch-lxqt-config-input_touchpaddevice.cpp     |  10 +
 www/minio/files/patch-gopsutil_aarch64             | 407 +++++++++++++++++++++
 ...r_golang.org_x_net_ipv4_zsys__freebsd__arm64.go |  96 +++++
 ...r_golang.org_x_net_ipv6_zsys__freebsd__arm64.go | 125 +++++++
 ...golang.org_x_sys_unix_ztypes__freebsd__arm64.go |  24 ++
 x11/libinput/Makefile                              |   2 +-
 x11/libinput/distinfo                              |   6 +-
 x11/lxqt-globalkeys/files/patch-daemon_core.cpp    |  10 +
 x11/waybar/Makefile                                |  32 +-
 x11/waybar/distinfo                                |  52 +--
 42 files changed, 1616 insertions(+), 327 deletions(-)
 create mode 100644 audio/faudio/files/patch-src_FAudio__platform__sdl2.c
 create mode 100644 emulators/rpcs3/files/patch-3rdparty_FAudio_src_FAudio__platform__sdl2.c
 create mode 100644 net/syncthing/files/patch-gopsutil_aarch64
 create mode 100644 net/syncthing/files/patch-vendor_golang.org_x_net_ipv4_zsys__freebsd__arm64.go
 create mode 100644 net/syncthing/files/patch-vendor_golang.org_x_net_ipv6_zsys__freebsd__arm64.go
 create mode 100644 sysutils/lxqt-config/files/patch-lxqt-config-input_touchpaddevice.cpp
 create mode 100644 www/minio/files/patch-gopsutil_aarch64
 create mode 100644 www/minio/files/patch-vendor_golang.org_x_net_ipv4_zsys__freebsd__arm64.go
 create mode 100644 www/minio/files/patch-vendor_golang.org_x_net_ipv6_zsys__freebsd__arm64.go
 create mode 100644 www/minio/files/patch-vendor_golang.org_x_sys_unix_ztypes__freebsd__arm64.go
 create mode 100644 x11/lxqt-globalkeys/files/patch-daemon_core.cpp
=============================
HardenedBSD Master git Server
=============================

Please note that connections and activity to this server are logged.
This server, git-01.md.hardenedbsd.org, acts as the source-of-truth
server for the HardenedBSD repositories.

Banner last updated: 10 Feb 2020 09:32 EST

remote: From github.com:HardenedBSD/hardenedbsd-ports        
remote:    060822d6d9e1..9afe20e3d712  master     -> github/master        
remote: To github.com:HardenedBSD/hardenedbsd-ports.git        
remote:  ! [rejected]                  master -> master (atomic push failed)
remote:  ! [rejected]                  github/master -> github/master (atomic push failed)        
remote:  ! [remote rejected]           refs/pull/2/head -> refs/pull/2/head (deny updating a hidden ref)        
remote: error: failed to push some refs to 'git@github.com:HardenedBSD/hardenedbsd-ports.git'        
To git-01.md.hardenedbsd.org:HardenedBSD/hardenedbsd-ports.git
   9afe20e3d712..17953436655a  master -> master
==== END: master ====
