==== BEGIN: master ====
current branch: master
mergeable branch: github/master
==== change branch ====
Already on 'master'
Your branch is up to date with 'origin/master'.
==== show current branch ====
* master
==== check for stale changes ====
==== update to latest origin ====
=============================
HardenedBSD Master git Server
=============================

Please note that connections and activity to this server are logged.
This server, git-01.md.hardenedbsd.org, acts as the source-of-truth
server for the HardenedBSD repositories.

Banner last updated: 10 Feb 2020 09:32 EST

Already up to date.
==== merge branches ====
==== merge github/master branch ====
Already up to date.
=============================
HardenedBSD Master git Server
=============================

Please note that connections and activity to this server are logged.
This server, git-01.md.hardenedbsd.org, acts as the source-of-truth
server for the HardenedBSD repositories.

Banner last updated: 10 Feb 2020 09:32 EST

Everything up-to-date
==== END: master ====
==== BEGIN: master ====
current branch: master
mergeable branch: freebsd/master
==== change branch ====
Already on 'master'
Your branch is up to date with 'origin/master'.
==== show current branch ====
* master
==== check for stale changes ====
==== update to latest origin ====
=============================
HardenedBSD Master git Server
=============================

Please note that connections and activity to this server are logged.
This server, git-01.md.hardenedbsd.org, acts as the source-of-truth
server for the HardenedBSD repositories.

Banner last updated: 10 Feb 2020 09:32 EST

Already up to date.
==== merge branches ====
==== merge freebsd/master branch ====
Removing www/node/files/patch-deps_v8_src_objects_js-number-format.cc
Auto-merging www/node/Makefile
Merge made by the 'recursive' strategy.
 ...e_vstgui_lib_platform_linux_x11fileselector.cpp |   10 +
 devel/py-apispec/Makefile                          |    2 +-
 devel/py-apispec/distinfo                          |    6 +-
 games/linux-steam-utils/Makefile                   |    7 +-
 games/linux-steam-utils/distinfo                   |    6 +-
 games/linux-steam-utils/pkg-plist                  |    3 +
 lang/gcc11-devel/Makefile                          |    2 +-
 lang/gcc11-devel/distinfo                          |    6 +-
 sysutils/graylog/Makefile                          |    2 +-
 sysutils/graylog/distinfo                          |   10 +-
 sysutils/jdupes/Makefile                           |   11 +-
 sysutils/jdupes/distinfo                           |    6 +-
 sysutils/p5-BackupPC-XS/Makefile                   |    2 +-
 sysutils/p5-BackupPC-XS/distinfo                   |    6 +-
 www/node/Makefile                                  |    2 +-
 www/node/distinfo                                  |    6 +-
 .../patch-deps_v8_src_objects_js-number-format.cc  |  143 -
 www/py-django-tagging/Makefile                     |   10 +-
 www/py-django-tagging/distinfo                     |    6 +-
 www/py-graphite-web/Makefile                       |   27 +-
 www/py-graphite-web/distinfo                       |    6 +-
 www/py-graphite-web/files/patch-setup.py           |   11 +-
 www/py-graphite-web/pkg-plist                      |  422 +-
 www/xsp/pkg-descr                                  |    2 +-
 x11-themes/Makefile                                |    1 +
 x11-themes/matcha-gtk-themes/Makefile              |   34 +
 x11-themes/matcha-gtk-themes/distinfo              |    3 +
 x11-themes/matcha-gtk-themes/pkg-descr             |    3 +
 x11-themes/matcha-gtk-themes/pkg-plist             | 5720 ++++++++++++++++++++
 29 files changed, 6062 insertions(+), 413 deletions(-)
 create mode 100644 audio/surge-synthesizer-lv2/files/patch-vstgui.surge_vstgui_lib_platform_linux_x11fileselector.cpp
 delete mode 100644 www/node/files/patch-deps_v8_src_objects_js-number-format.cc
 create mode 100644 x11-themes/matcha-gtk-themes/Makefile
 create mode 100644 x11-themes/matcha-gtk-themes/distinfo
 create mode 100644 x11-themes/matcha-gtk-themes/pkg-descr
 create mode 100644 x11-themes/matcha-gtk-themes/pkg-plist
=============================
HardenedBSD Master git Server
=============================

Please note that connections and activity to this server are logged.
This server, git-01.md.hardenedbsd.org, acts as the source-of-truth
server for the HardenedBSD repositories.

Banner last updated: 10 Feb 2020 09:32 EST

remote: From github.com:HardenedBSD/hardenedbsd-ports        
remote:    06e799982b30..b179fd6fda3b  master     -> github/master        
remote: To github.com:HardenedBSD/hardenedbsd-ports.git        
remote:  ! [rejected]                  master -> master (atomic push failed)        
remote:  ! [rejected]                  github/master -> github/master (atomic push failed)        
remote:  ! [remote rejected]           refs/pull/2/head -> refs/pull/2/head (deny updating a hidden ref)
remote: error: failed to push some refs to 'git@github.com:HardenedBSD/hardenedbsd-ports.git'        
To git-01.md.hardenedbsd.org:HardenedBSD/hardenedbsd-ports.git
   b179fd6fda3b..2fb42fc5cd1e  master -> master
==== END: master ====
