==== BEGIN: master ====
current branch: master
mergeable branch: github/master
==== change branch ====
Already on 'master'
Your branch is up to date with 'origin/master'.
==== show current branch ====
* master
==== check for stale changes ====
==== update to latest origin ====
warning: Pulling without specifying how to reconcile divergent branches is
discouraged. You can squelch this message by running one of the following
commands sometime before your next pull:

  git config pull.rebase false  # merge (the default strategy)
  git config pull.rebase true   # rebase
  git config pull.ff only       # fast-forward only

You can replace "git config" with "git config --global" to set a default
preference for all repositories. You can also pass --rebase, --no-rebase,
or --ff-only on the command line to override the configured default per
invocation.

=============================
HardenedBSD Master git Server
=============================

Please note that connections and activity to this server are logged.
This server, git-01.md.hardenedbsd.org, acts as the source-of-truth
server for the HardenedBSD repositories.

Banner last updated: 10 Feb 2020 09:32 EST

Already up to date.
==== merge branches ====
==== merge github/master branch ====
Already up to date.
=============================
HardenedBSD Master git Server
=============================

Please note that connections and activity to this server are logged.
This server, git-01.md.hardenedbsd.org, acts as the source-of-truth
server for the HardenedBSD repositories.

Banner last updated: 10 Feb 2020 09:32 EST

Everything up-to-date
==== END: master ====
==== BEGIN: master ====
current branch: master
mergeable branch: freebsd/master
==== change branch ====
Already on 'master'
Your branch is up to date with 'origin/master'.
==== show current branch ====
* master
==== check for stale changes ====
==== update to latest origin ====
warning: Pulling without specifying how to reconcile divergent branches is
discouraged. You can squelch this message by running one of the following
commands sometime before your next pull:

  git config pull.rebase false  # merge (the default strategy)
  git config pull.rebase true   # rebase
  git config pull.ff only       # fast-forward only

You can replace "git config" with "git config --global" to set a default
preference for all repositories. You can also pass --rebase, --no-rebase,
or --ff-only on the command line to override the configured default per
invocation.

=============================
HardenedBSD Master git Server
=============================

Please note that connections and activity to this server are logged.
This server, git-01.md.hardenedbsd.org, acts as the source-of-truth
server for the HardenedBSD repositories.

Banner last updated: 10 Feb 2020 09:32 EST

Already up to date.
==== merge branches ====
==== merge freebsd/master branch ====
Removing net-mgmt/telegraf/files/patch-scripts_build_py
Removing emulators/wine-devel/files/extrapatch-dlls-ntdll-unix-registry.c
Removing devel/rubygem-grape11/pkg-descr
Removing devel/rubygem-grape11/distinfo
Removing devel/rubygem-grape11/Makefile
Merge made by the 'recursive' strategy.
 MOVED                                              |   1 +
 astro/xearth/files/freebsd.committers.markers      |  10 +-
 audio/surge-synthesizer-lv2/Makefile               |   7 +-
 audio/surge-synthesizer-lv2/distinfo               |  12 +-
 databases/pgbadger/Makefile                        |   2 +-
 databases/pgbadger/distinfo                        |   6 +-
 databases/postgresql-libpqxx/Makefile              |   6 +-
 databases/postgresql-libpqxx/distinfo              |   6 +-
 databases/postgresql-libpqxx/pkg-plist             |  43 +++----
 devel/Makefile                                     |   1 -
 devel/py-pathlib/Makefile                          |   2 +-
 devel/rubygem-grape11/Makefile                     |  30 -----
 devel/rubygem-grape11/distinfo                     |   3 -
 devel/rubygem-grape11/pkg-descr                    |   3 -
 devel/simgear/Makefile                             |   4 +-
 devel/simgear/pkg-descr                            |   2 +-
 emulators/wine-devel/Makefile                      |   6 +-
 emulators/wine-devel/distinfo                      |  10 +-
 .../files/extrapatch-dlls-ntdll-unix-registry.c    |  42 -------
 emulators/wine-devel/pkg-plist                     |   4 +
 games/pachi-game-engine/Makefile                   |   3 +
 graphics/caffe/Makefile                            |   3 +
 graphics/py-mayavi/Makefile                        |   3 +
 graphics/zint/Makefile                             |   4 +-
 graphics/zint/distinfo                             |   6 +-
 graphics/zint/pkg-plist                            |   8 +-
 lang/erlang-runtime22/Makefile                     |   2 +-
 lang/erlang-runtime22/distinfo                     |   6 +-
 math/gretl/Makefile                                |   2 +-
 math/gretl/distinfo                                |   6 +-
 math/gretl/pkg-plist                               |  39 +++++-
 math/py-pdal/Makefile                              |   2 +-
 misc/Makefile                                      |   1 +
 misc/hxtools/Makefile                              |  52 ++++++++
 misc/hxtools/distinfo                              |   3 +
 misc/hxtools/files/patch-sadmin_hxnetload          |  23 ++++
 misc/hxtools/files/patch-sadmin_ofl.c              |  57 +++++++++
 misc/hxtools/files/patch-sadmin_pmap__dirty        |  32 +++++
 .../files/patch-sadmin_proc__iomem__count.c        |  20 +++
 misc/hxtools/files/patch-sadmin_psthreads.c        |  41 +++++++
 misc/hxtools/files/patch-sadmin_utmp__register.c   |  50 ++++++++
 misc/hxtools/files/patch-sadmin_xfs__irecover.c    |  11 ++
 misc/hxtools/files/patch-sdevel_cctypeinfo.c       |  30 +++++
 misc/hxtools/files/patch-sdevel_paddrspacesize     |  11 ++
 misc/hxtools/files/patch-smm_hcdplay.c             | 115 +++++++++++++++++
 misc/hxtools/files/patch-smm_vfalib.hpp            |  11 ++
 misc/hxtools/files/patch-smm_vfontas.cpp           |  10 ++
 misc/hxtools/files/patch-suser_sysinfo.c           |  42 +++++++
 misc/hxtools/pkg-descr                             |   8 ++
 misc/hxtools/pkg-plist                             | 136 +++++++++++++++++++++
 net-mgmt/telegraf/Makefile                         |  28 +++--
 net-mgmt/telegraf/distinfo                         |  58 +++++----
 net-mgmt/telegraf/files/patch-scripts_build_py     |  19 ---
 net/py-aiohttp-socks/Makefile                      |   2 +-
 net/py-aiohttp-socks/distinfo                      |   6 +-
 net/storj/Makefile                                 |   2 +-
 net/storj/Makefile.deps                            |  40 +++---
 net/storj/distinfo                                 |  82 +++++++------
 science/py-spglib/Makefile                         |   2 +-
 science/py-spglib/distinfo                         |   6 +-
 science/spglib/Makefile                            |   2 +-
 science/spglib/distinfo                            |   6 +-
 sysutils/conan/Makefile                            |   2 +-
 sysutils/conan/distinfo                            |   6 +-
 sysutils/fluent-bit/Makefile                       |   2 +-
 sysutils/fluent-bit/distinfo                       |   6 +-
 sysutils/neofetch/Makefile                         |   2 +-
 sysutils/neofetch/distinfo                         |   6 +-
 sysutils/py-glances/Makefile                       |   2 +-
 textproc/pdfresurrect/Makefile                     |   2 +-
 textproc/pdfresurrect/distinfo                     |   6 +-
 textproc/py-libxslt/Makefile                       |   3 +
 72 files changed, 918 insertions(+), 309 deletions(-)
 delete mode 100644 devel/rubygem-grape11/Makefile
 delete mode 100644 devel/rubygem-grape11/distinfo
 delete mode 100644 devel/rubygem-grape11/pkg-descr
 delete mode 100644 emulators/wine-devel/files/extrapatch-dlls-ntdll-unix-registry.c
 create mode 100644 misc/hxtools/Makefile
 create mode 100644 misc/hxtools/distinfo
 create mode 100644 misc/hxtools/files/patch-sadmin_hxnetload
 create mode 100644 misc/hxtools/files/patch-sadmin_ofl.c
 create mode 100644 misc/hxtools/files/patch-sadmin_pmap__dirty
 create mode 100644 misc/hxtools/files/patch-sadmin_proc__iomem__count.c
 create mode 100644 misc/hxtools/files/patch-sadmin_psthreads.c
 create mode 100644 misc/hxtools/files/patch-sadmin_utmp__register.c
 create mode 100644 misc/hxtools/files/patch-sadmin_xfs__irecover.c
 create mode 100644 misc/hxtools/files/patch-sdevel_cctypeinfo.c
 create mode 100644 misc/hxtools/files/patch-sdevel_paddrspacesize
 create mode 100644 misc/hxtools/files/patch-smm_hcdplay.c
 create mode 100644 misc/hxtools/files/patch-smm_vfalib.hpp
 create mode 100644 misc/hxtools/files/patch-smm_vfontas.cpp
 create mode 100644 misc/hxtools/files/patch-suser_sysinfo.c
 create mode 100644 misc/hxtools/pkg-descr
 create mode 100644 misc/hxtools/pkg-plist
 delete mode 100644 net-mgmt/telegraf/files/patch-scripts_build_py
=============================
HardenedBSD Master git Server
=============================

Please note that connections and activity to this server are logged.
This server, git-01.md.hardenedbsd.org, acts as the source-of-truth
server for the HardenedBSD repositories.

Banner last updated: 10 Feb 2020 09:32 EST

remote: To github.com:HardenedBSD/hardenedbsd-ports.git        
remote:    0df811d520e3..93d0d742ff6e  master -> master        
remote:    7ada3f28b63a..0df811d520e3  github/master -> github/master
remote:  ! [remote rejected]           refs/pull/2/head -> refs/pull/2/head (deny updating a hidden ref)        
remote: error: failed to push some refs to 'github.com:HardenedBSD/hardenedbsd-ports.git'        
To git-01.md.hardenedbsd.org:HardenedBSD/hardenedbsd-ports.git
   0df811d520e3..93d0d742ff6e  master -> master
==== END: master ====
