==== BEGIN: master ====
current branch: master
mergeable branch: freebsd/master
==== change branch ====
Already on 'master'
Your branch is up to date with 'origin/master'.
==== show current branch ====
* master
==== check for stale changes ====
==== update to latest origin ====
Already up to date.
==== merge branches ====
==== merge freebsd/master branch ====
Auto-merging www/netrik/Makefile
Auto-merging net/tigervnc-server/Makefile.common.mk
Removing devel/lua51-cjson/pkg-descr
Removing devel/lua51-cjson/distinfo
Removing audio/qsynth/files/patch-Makefile.in
Merge made by the 'recursive' strategy.
 astro/stellarium/Makefile              |   2 +-
 astro/stellarium/distinfo              |  10 +--
 astro/stellarium/pkg-plist             | 130 +++++++++++++++++++++++++++------
 audio/qsynth/Makefile                  |   2 +-
 audio/qsynth/distinfo                  |   6 +-
 audio/qsynth/files/patch-Makefile.in   |  18 -----
 devel/libsmdev/Makefile                |   2 +-
 devel/libsmdev/distinfo                |   6 +-
 devel/libsmraw/Makefile                |  17 +----
 devel/libsmraw/distinfo                |   6 +-
 devel/libsmraw/pkg-plist               |   6 +-
 devel/libvmdk/Makefile                 |  17 +----
 devel/libvmdk/distinfo                 |   6 +-
 devel/libvmdk/pkg-plist                |   6 +-
 devel/lua51-cjson/Makefile             |   1 -
 devel/lua51-cjson/distinfo             |   2 -
 devel/lua51-cjson/pkg-descr            |  12 ---
 devel/py-cookiecutter/Makefile         |   5 +-
 devel/py-cookiecutter/distinfo         |   6 +-
 lang/gcc10-devel/Makefile              |   2 +-
 lang/gcc10-devel/distinfo              |   6 +-
 lang/gcc10-devel/pkg-plist             |   1 +
 lang/janet/Makefile                    |   2 +-
 lang/janet/distinfo                    |   6 +-
 net/haproxy/Makefile                   |   2 +-
 net/haproxy/distinfo                   |   6 +-
 net/haproxy21/Makefile                 |   2 +-
 net/haproxy21/distinfo                 |   6 +-
 net/tigervnc-server/Makefile.common.mk |   2 +-
 net/tigervnc-server/distinfo           |   6 +-
 net/tigervnc-viewer/pkg-plist          |   1 +
 print/hplip-plugin/Makefile            |   4 +-
 print/hplip-plugin/distinfo            |   6 +-
 print/hplip/Makefile                   |   2 +-
 print/hplip/distinfo                   |   6 +-
 print/hplip/pkg-plist                  |   4 +
 sysutils/powermon/Makefile             |   5 +-
 sysutils/tty-clock/Makefile            |   2 +-
 www/netrik/Makefile                    |   1 +
 39 files changed, 187 insertions(+), 145 deletions(-)
 delete mode 100644 audio/qsynth/files/patch-Makefile.in
 delete mode 100644 devel/lua51-cjson/distinfo
 delete mode 100644 devel/lua51-cjson/pkg-descr
To github.com:HardenedBSD/hardenedbsd-ports.git
   6b2eb41433a5..7e9bbdfe3613  master -> master
To git-01.md.hardenedbsd.org:HardenedBSD/hardenedbsd-ports.git
   6b2eb41433a5..7e9bbdfe3613  master -> master
==== END: master ====
