==== BEGIN: master ====
current branch: master
mergeable branch: github/master
==== change branch ====
Already on 'master'
Your branch is behind 'origin/master' by 83 commits, and can be fast-forwarded.
  (use "git pull" to update your local branch)
==== show current branch ====
* master
==== check for stale changes ====
==== update to latest origin ====
warning: Pulling without specifying how to reconcile divergent branches is
discouraged. You can squelch this message by running one of the following
commands sometime before your next pull:

  git config pull.rebase false  # merge (the default strategy)
  git config pull.rebase true   # rebase
  git config pull.ff only       # fast-forward only

You can replace "git config" with "git config --global" to set a default
preference for all repositories. You can also pass --rebase, --no-rebase,
or --ff-only on the command line to override the configured default per
invocation.

=============================
HardenedBSD Master git Server
=============================

Please note that connections and activity to this server are logged.
This server, git-01.md.hardenedbsd.org, acts as the source-of-truth
server for the HardenedBSD repositories.

Banner last updated: 10 Feb 2020 09:32 EST

Updating 49ed53d5b227..a0d7bf0de333
Fast-forward
 COPYRIGHT                                          |   2 +-
 GIDs                                               |   1 -
 MOVED                                              |  90 ++++
 Mk/Uses/php.mk                                     |  10 +-
 Mk/bsd.default-versions.mk                         |   2 +-
 UIDs                                               |   1 -
 archivers/Makefile                                 |   4 -
 archivers/php72-bz2/Makefile                       |  11 -
 archivers/php72-phar/Makefile                      |  11 -
 archivers/php72-phar/files/patch-config.m4         |  41 --
 archivers/php72-phar/files/patch-phar.c            |  11 -
 archivers/php72-zip/Makefile                       |  11 -
 archivers/php72-zlib/Makefile                      |  11 -
 archivers/php72-zlib/files/patch-zlib.c            |  10 -
 astro/stellarium/Makefile                          |   2 +-
 astro/stellarium/distinfo                          |  10 +-
 astro/stellarium/pkg-plist                         | 172 +++++-
 biology/ugene/Makefile                             |  23 +-
 biology/ugene/distinfo                             |   6 +-
 ...rc_corelibs_U2Designer_src_WorkflowGUIUtils.cpp |  10 -
 .../patch-src_corelibs_U2Gui_src_util_GUIUtils.cpp |  10 -
 ...c_corelibs_U2View_src_ov__sequence_Overview.cpp |   6 +-
 ...rty_QSpec_src_drivers_GTKeyboardDriverLinux.cpp |  14 +-
 ...dparty_QSpec_src_drivers_GTMouseDriverLinux.cpp |   8 +-
 .../files/patch-src_plugins__checker_src_Main.cpp  |   4 +-
 biology/ugene/files/patch-src_ugenecl_src_Main.cpp |   8 +-
 biology/ugene/files/patch-src_ugeneui_src_Main.cpp |  25 +-
 biology/ugene/files/patch-ugene.pro                |  19 -
 biology/ugene/pkg-descr                            |   2 +-
 biology/ugene/pkg-plist                            | 169 +-----
 comms/Makefile                                     |   1 +
 comms/limesuite/Makefile                           |  93 ++++
 comms/limesuite/distinfo                           |   3 +
 comms/limesuite/files/patch-CMakeLists.txt         |  14 +
 comms/limesuite/files/patch-Desktop_CMakeLists.txt |  19 +
 ...patch-src_ConnectionRemote_ConnectionRemote.cpp |  13 +
 ...ectionSTREAM__UNITE_ConnectionSTREAM__UNITE.cpp |  10 +
 ...nSTREAM__UNITE_ConnectionSTREAM__UNITEEntry.cpp |  11 +
 ...src_FPGAcontrols__wxgui_FPGAcontrols__wxgui.cpp |  11 +
 comms/limesuite/pkg-descr                          |   7 +
 comms/limesuite/pkg-plist                          | 270 ++++++++++
 converters/Makefile                                |   3 -
 converters/cl-babel-sbcl/Makefile                  |   2 +-
 converters/php72-iconv/Makefile                    |  11 -
 converters/php72-mbstring/Makefile                 |  11 -
 converters/php72-mbstring/files/patch-config.m4    |  51 --
 converters/php72-recode/Makefile                   |  11 -
 databases/Makefile                                 |  13 -
 databases/php72-dba/Makefile                       |  11 -
 databases/php72-dba/files/patch-config.m4          |  50 --
 databases/php72-interbase/Makefile                 |  11 -
 databases/php72-mysqli/Makefile                    |  11 -
 databases/php72-mysqli/files/patch-mysqli.c        |  11 -
 databases/php72-mysqli/files/patch-mysqli__api.c   |  13 -
 .../php72-mysqli/files/patch-php_mysqli_structs.h  |  19 -
 databases/php72-odbc/Makefile                      |  11 -
 databases/php72-odbc/files/patch-config.m4         | 128 -----
 databases/php72-pdo/Makefile                       |  11 -
 databases/php72-pdo_dblib/Makefile                 |  11 -
 databases/php72-pdo_firebird/Makefile              |  11 -
 databases/php72-pdo_mysql/Makefile                 |  11 -
 databases/php72-pdo_odbc/Makefile                  |  11 -
 databases/php72-pdo_pgsql/Makefile                 |  11 -
 databases/php72-pdo_sqlite/Makefile                |  11 -
 databases/php72-pgsql/Makefile                     |  11 -
 databases/php72-sqlite3/Makefile                   |  11 -
 databases/rrdtool12/Makefile                       |  15 +-
 databases/rrdtool12/pkg-plist                      |   2 -
 devel/Makefile                                     |  15 +-
 devel/R-cran-remotes/Makefile                      |  25 +
 devel/R-cran-remotes/distinfo                      |   3 +
 devel/R-cran-remotes/pkg-descr                     |   6 +
 devel/aml/Makefile                                 |   4 +-
 devel/aml/distinfo                                 |   6 +-
 devel/aml/files/patch-freebsd11                    |  57 ++
 devel/arm-none-eabi-gdb/Makefile                   |  34 --
 devel/arm-none-eabi-gdb/distinfo                   |   2 -
 devel/arm-none-eabi-gdb/pkg-descr                  |   8 -
 devel/arm-none-eabi-gdb/pkg-plist                  |   1 -
 devel/ccls/Makefile                                |  10 +-
 devel/ccls/distinfo                                |   6 +-
 devel/ccls/files/patch-src_indexer.cc              |  22 -
 devel/cl-alexandria-sbcl/Makefile                  |   2 +-
 devel/cl-infix-sbcl/Makefile                       |   2 +-
 devel/cl-port-sbcl/Makefile                        |   2 +-
 devel/cl-split-sequence-sbcl/Makefile              |   2 +-
 devel/cl-trivial-features-sbcl/Makefile            |   2 +-
 devel/cl-trivial-gray-streams-sbcl/Makefile        |   2 +-
 devel/git-cinnabar/Makefile                        |   1 +
 devel/git-cinnabar/files/patch-git-2.30            |  49 ++
 devel/git/Makefile                                 |   4 +-
 devel/git/distinfo                                 |  14 +-
 devel/git/pkg-plist                                |  10 +-
 devel/hs-cabal-install/Makefile                    |   1 +
 devel/nexus2-oss/Makefile                          |   2 -
 devel/notcurses/Makefile                           |   2 +-
 devel/notcurses/distinfo                           |   6 +-
 devel/notcurses/pkg-plist                          |   4 +-
 devel/pecl-runkit7/Makefile                        |  14 +
 devel/pecl-runkit7/distinfo                        |   3 +
 devel/pecl-runkit7/pkg-descr                       |   8 +
 devel/pecl-weakref2/Makefile                       |  25 -
 devel/pecl-weakref2/distinfo                       |   3 -
 devel/pecl-weakref2/pkg-descr                      |   4 -
 devel/php72-gettext/Makefile                       |  11 -
 devel/php72-intl/Makefile                          |  17 -
 devel/php72-intl/files/patch-icu68                 | 201 -------
 devel/php72-json/Makefile                          |  11 -
 devel/php72-pcntl/Makefile                         |  11 -
 devel/php72-readline/Makefile                      |  11 -
 devel/php72-readline/files/patch-config.m4         |  30 --
 devel/php72-readline/files/patch-readline_cli.c    |  13 -
 devel/php72-shmop/Makefile                         |  11 -
 devel/php72-sysvmsg/Makefile                       |  11 -
 devel/php72-sysvsem/Makefile                       |  11 -
 devel/php72-sysvshm/Makefile                       |  11 -
 devel/php72-tokenizer/Makefile                     |  11 -
 devel/py-colorama/files/patch-setup.py             |  26 +
 devel/py-helpdev/Makefile                          |  24 +
 devel/py-helpdev/distinfo                          |   3 +
 devel/py-helpdev/pkg-descr                         |   3 +
 devel/py-jedi/Makefile                             |   2 +-
 devel/py-jedi/distinfo                             |   6 +-
 devel/rust-cbindgen/Makefile                       |  12 +-
 devel/rust-cbindgen/distinfo                       |  24 +-
 devel/util-linux/Makefile                          |  17 +-
 devel/util-linux/pkg-plist                         |  22 +-
 dns/yadifa/Makefile                                |  75 +--
 dns/yadifa/distinfo                                |   6 +-
 dns/yadifa/pkg-plist                               |  66 ++-
 editors/xed/Makefile                               |   3 +-
 emulators/citra/Makefile                           |   6 +-
 emulators/citra/distinfo                           |  10 +-
 emulators/edumips64/Makefile                       |   2 +-
 emulators/edumips64/distinfo                       |  14 +-
 emulators/mame/Makefile                            |   4 +-
 emulators/mame/distinfo                            |   6 +-
 emulators/mame/files/patch-makefile                |  36 +-
 .../files/patch-src_osd_modules_file_posixptty.cpp |  11 -
 emulators/mame/pkg-plist                           | 135 ++---
 emulators/mess/pkg-plist                           | 129 ++---
 emulators/rpcs3/Makefile                           |   4 +-
 emulators/rpcs3/distinfo                           |   6 +-
 emulators/wine-devel/Makefile                      |   2 +-
 emulators/wine-devel/distinfo                      |  10 +-
 ftp/Makefile                                       |   2 -
 ftp/php72-curl/Makefile                            |  11 -
 ftp/php72-ftp/Makefile                             |  15 -
 ftp/vsftpd-ext/Makefile                            |   1 +
 ftp/vsftpd-ext/pkg-descr                           |   2 +-
 games/mrboom/Makefile                              |   2 +-
 games/mrboom/distinfo                              |   6 +-
 games/mrboom/files/patch-Makefile                  |  25 +-
 graphics/Makefile                                  |   4 -
 graphics/drm-kmod/Makefile                         |   8 +-
 graphics/drm-legacy-kmod/Makefile                  |  50 --
 graphics/drm-legacy-kmod/distinfo                  |   3 -
 graphics/drm-legacy-kmod/pkg-descr                 |   7 -
 graphics/drm-legacy-kmod/pkg-message               |  18 -
 graphics/drm-legacy-kmod/pkg-plist                 |  11 -
 graphics/mesa-devel/Makefile                       |   4 +-
 graphics/mesa-devel/distinfo                       |   6 +-
 graphics/php72-exif/Makefile                       |  11 -
 graphics/php72-gd/Makefile                         |  13 -
 graphics/php72-gd/files/patch-config.m4            |  28 -
 graphics/php72-gd/files/patch-gd.c                 |  83 ---
 graphics/py-imageio24/Makefile                     |  34 --
 graphics/py-imageio24/distinfo                     |   3 -
 .../py-imageio24/files/patch-imageio-core-util.py  |  11 -
 graphics/py-imageio24/pkg-descr                    |   5 -
 lang/Makefile                                      |   2 -
 lang/ghc/Makefile                                  |   6 +
 lang/gnu-cobol/Makefile                            |   2 +-
 lang/gnu-cobol/distinfo                            |   6 +-
 lang/kross-interpreters/Makefile                   |   7 +-
 lang/kross-interpreters/pkg-plist                  |   1 -
 lang/php72-extensions/Makefile                     | 117 -----
 lang/php72-extensions/pkg-descr                    |   7 -
 lang/php72/Makefile                                | 193 -------
 lang/php72/Makefile.ext                            | 576 ---------------------
 lang/php72/distinfo                                |   3 -
 lang/php72/files/patch-Makefile.global             |  19 -
 lang/php72/files/patch-Zend_zend__hash.c           |  11 -
 lang/php72/files/patch-Zend_zend__hash.h           |  11 -
 lang/php72/files/patch-acinclude.m4                |  68 ---
 lang/php72/files/patch-configure.in                |  61 ---
 lang/php72/files/patch-ext_mysqli_mysqli__api.c    |  13 -
 .../files/patch-ext_mysqli_php__mysqli__structs.h  |  11 -
 .../files/patch-sapi_apache2handler_config.m4      |  11 -
 lang/php72/files/patch-sapi_fpm_config.m4          |  19 -
 lang/php72/files/patch-sapi_fpm_www.conf.in        |  17 -
 lang/php72/files/php-fpm.in                        |  69 ---
 lang/php72/pkg-descr                               |   8 -
 lang/php72/pkg-message.mod                         |  19 -
 lang/php72/pkg-plist                               | 258 ---------
 lang/php72/pkg-plist.mod                           |   3 -
 lang/sbcl/Makefile                                 |   2 +-
 lang/sbcl/distinfo                                 |  10 +-
 mail/Makefile                                      |   3 -
 mail/bogofilter-tc/Makefile                        |  26 -
 mail/claws-mail-bogofilter/Makefile                |   5 +-
 mail/milter-regex/Makefile                         |   2 +-
 mail/milter-regex/files/patch-foreground           |  39 ++
 mail/opensmtpd-extras-table-python/Makefile        |  18 -
 mail/opensmtpd-extras/Makefile                     |   4 +-
 mail/php72-imap/Makefile                           |  11 -
 mail/php72-imap/files/patch-config.m4              |  42 --
 mail/thunderbird/files/patch-bug1684180            |  34 ++
 math/Makefile                                      |   2 -
 math/maxima/Makefile                               |   2 +-
 math/php72-bcmath/Makefile                         |  11 -
 math/php72-gmp/Makefile                            |  11 -
 math/py-matplotlib/pkg-plist                       |  18 +-
 math/sound-of-sorting/Makefile                     |   4 +-
 misc/Makefile                                      |   1 -
 misc/php72-calendar/Makefile                       |  11 -
 .../files/patch-extlib_tlx_tlx_math_bswap.hpp      |  19 +-
 misc/zoneinfo/Makefile                             |   2 +-
 misc/zoneinfo/distinfo                             |   6 +-
 multimedia/gmmlib/Makefile                         |   2 +-
 multimedia/gmmlib/distinfo                         |   6 +-
 multimedia/intel-media-sdk/Makefile                |   2 +-
 multimedia/intel-media-sdk/distinfo                |   6 +-
 multimedia/librav1e/Makefile                       |   2 +-
 .../files/patch-utils_v4l2-ctl_v4l2-ctl-vidcap.cpp |  10 +
 multimedia/libva-intel-media-driver/Makefile       |   2 +-
 multimedia/libva-intel-media-driver/distinfo       |   6 +-
 multimedia/rav1e/Makefile                          | 141 ++---
 multimedia/rav1e/distinfo                          | 280 +++++-----
 multimedia/vmaf/Makefile                           |   2 +-
 multimedia/vmaf/distinfo                           |   6 +-
 multimedia/vmaf/pkg-plist                          |   2 +-
 net-mgmt/Makefile                                  |   1 -
 net-mgmt/check_mk_agent/Makefile                   |   2 +-
 net-mgmt/check_mk_agent/distinfo                   |  14 +-
 net-mgmt/php72-snmp/Makefile                       |  11 -
 net/Makefile                                       |   6 -
 net/mediatomb/Makefile                             | 124 -----
 net/mediatomb/distinfo                             |   2 -
 net/mediatomb/files/config.xml.dist.in             | 147 ------
 net/mediatomb/files/mediatomb.in                   |  43 --
 net/mediatomb/files/patch-clang                    | 134 -----
 net/mediatomb/files/patch-livav7                   |  64 ---
 net/mediatomb/files/patch-livav9                   |  51 --
 net/mediatomb/files/patch-timer.cc                 |  20 -
 net/mediatomb/files/patch-youtube_video_url.cc     |  11 -
 net/mediatomb/files/pkg-deinstall.in               |  50 --
 net/mediatomb/files/pkg-install.in                 |  39 --
 net/mediatomb/pkg-descr                            |  14 -
 net/mediatomb/pkg-plist                            | 100 ----
 net/pecl-yaz/Makefile                              |  24 -
 net/pecl-yaz/distinfo                              |   3 -
 net/pecl-yaz/pkg-descr                             |   4 -
 net/php72-ldap/Makefile                            |  11 -
 net/php72-soap/Makefile                            |  11 -
 net/php72-sockets/Makefile                         |  11 -
 net/php72-xmlrpc/Makefile                          |  11 -
 net/php72-xmlrpc/files/patch-config.m4             |  23 -
 print/Makefile                                     |   1 -
 print/cloudprint/Makefile                          |  45 --
 print/cloudprint/distinfo                          |   3 -
 print/cloudprint/files/cloudprint.in               |  46 --
 print/cloudprint/pkg-descr                         |   4 -
 print/xreader/Makefile                             |   4 +-
 science/Makefile                                   |   1 -
 science/py-eccodes-python/Makefile                 |  27 -
 science/py-eccodes-python/distinfo                 |   3 -
 science/py-eccodes-python/pkg-descr                |  15 -
 science/pynn/Makefile                              |   2 +-
 science/pynn/distinfo                              |   6 +-
 security/Makefile                                  |   4 -
 security/bitwarden_rs/Makefile                     | 231 +++++----
 security/bitwarden_rs/distinfo                     | 452 ++++++++--------
 security/cl-md5-sbcl/Makefile                      |   2 +-
 security/php72-filter/Makefile                     |  11 -
 security/php72-filter/files/patch-config.m4        |  10 -
 security/php72-hash/Makefile                       |  11 -
 security/php72-openssl/Makefile                    |  11 -
 security/php72-sodium/Makefile                     |  11 -
 security/php72-sodium/files/patch-config.m4        |  17 -
 security/py-gtts-token/Makefile                    |   5 +-
 security/py-gtts-token/distinfo                    |   6 +-
 security/softether/Makefile                        |   1 -
 security/step-certificates/Makefile                |  44 +-
 security/step-certificates/distinfo                |  90 ++--
 sysutils/Makefile                                  |  12 +-
 sysutils/R-cran-processx/Makefile                  |  24 +
 sysutils/R-cran-processx/distinfo                  |   3 +
 sysutils/R-cran-processx/pkg-descr                 |   8 +
 sysutils/cfengine-masterfiles312/Makefile          |  38 --
 sysutils/cfengine-masterfiles312/distinfo          |   3 -
 sysutils/cfengine-masterfiles312/pkg-descr         |  10 -
 sysutils/cfengine-masterfiles312/pkg-plist         | 101 ----
 sysutils/cfengine-masterfiles313/Makefile          |  38 --
 sysutils/cfengine-masterfiles313/distinfo          |   3 -
 sysutils/cfengine-masterfiles313/pkg-descr         |  10 -
 sysutils/cfengine-masterfiles313/pkg-plist         | 101 ----
 sysutils/cfengine312/Makefile                      |  74 ---
 sysutils/cfengine312/distinfo                      |   3 -
 sysutils/cfengine312/files/cf-execd.in             |  28 -
 sysutils/cfengine312/files/cf-monitord.in          |  28 -
 sysutils/cfengine312/files/cf-serverd.in           |  28 -
 sysutils/cfengine312/pkg-descr                     |  10 -
 sysutils/cfengine312/pkg-plist                     | 406 ---------------
 sysutils/cfengine313/Makefile                      |  75 ---
 sysutils/cfengine313/distinfo                      |   3 -
 sysutils/cfengine313/files/cf-execd.in             |  28 -
 sysutils/cfengine313/files/cf-monitord.in          |  28 -
 sysutils/cfengine313/files/cf-serverd.in           |  28 -
 sysutils/cfengine313/pkg-descr                     |  10 -
 sysutils/cfengine313/pkg-plist                     | 406 ---------------
 sysutils/php72-fileinfo/Makefile                   |  11 -
 sysutils/php72-fileinfo/files/patch-config.m4      |  21 -
 sysutils/php72-posix/Makefile                      |  11 -
 sysutils/php72-posix/files/patch-posix.c           |  38 --
 sysutils/rubygem-chef-zero5/Makefile               |  36 --
 sysutils/rubygem-chef-zero5/distinfo               |   3 -
 sysutils/rubygem-chef-zero5/pkg-descr              |   4 -
 sysutils/rubygem-chef12/Makefile                   |   4 +-
 sysutils/synergy/Makefile                          |  25 +-
 sysutils/synergy/distinfo                          |   8 +-
 sysutils/synergy/files/patch-CMakeLists.txt        |  11 -
 .../files/patch-src_lib_arch_CMakeLists.txt        |   9 -
 .../files/patch-src_lib_net_SecureSocket.cpp       |  11 -
 sysutils/synergy/pkg-plist                         |   1 -
 sysutils/syslog-ng325/Makefile                     | 238 ---------
 sysutils/syslog-ng325/distinfo                     |   3 -
 sysutils/syslog-ng325/files/patch-configure        |  29 --
 sysutils/syslog-ng325/files/pkg-message.in         |  33 --
 sysutils/syslog-ng325/files/syslog-ng.conf.sample  | 185 -------
 sysutils/syslog-ng325/files/syslog-ng.in           |  46 --
 sysutils/syslog-ng325/pkg-descr                    |  17 -
 sysutils/syslog-ng325/pkg-plist                    | 370 -------------
 sysutils/syslog-ng326/Makefile                     | 238 ---------
 sysutils/syslog-ng326/distinfo                     |   3 -
 sysutils/syslog-ng326/files/patch-configure        |  29 --
 sysutils/syslog-ng326/files/pkg-message.in         |  33 --
 sysutils/syslog-ng326/files/syslog-ng.conf.sample  | 185 -------
 sysutils/syslog-ng326/files/syslog-ng.in           |  46 --
 sysutils/syslog-ng326/pkg-descr                    |  17 -
 sysutils/syslog-ng326/pkg-plist                    | 377 --------------
 sysutils/syslog-ng328/Makefile                     | 241 ---------
 sysutils/syslog-ng328/distinfo                     |   3 -
 sysutils/syslog-ng328/files/patch-configure        |  29 --
 sysutils/syslog-ng328/files/pkg-message.in         |  41 --
 sysutils/syslog-ng328/files/syslog-ng.conf.sample  | 185 -------
 sysutils/syslog-ng328/files/syslog-ng.in           |  58 ---
 sysutils/syslog-ng328/pkg-descr                    |  17 -
 sysutils/syslog-ng328/pkg-plist                    | 385 --------------
 sysutils/syslog-ng329/Makefile                     | 240 ---------
 sysutils/syslog-ng329/distinfo                     |   3 -
 sysutils/syslog-ng329/files/patch-configure        |  29 --
 .../files/patch-modules_afsocket_socket-options.c  |  20 -
 sysutils/syslog-ng329/files/pkg-message.in         |  41 --
 sysutils/syslog-ng329/files/syslog-ng.conf.sample  | 185 -------
 sysutils/syslog-ng329/files/syslog-ng.in           |  58 ---
 sysutils/syslog-ng329/pkg-descr                    |  17 -
 sysutils/syslog-ng329/pkg-plist                    | 391 --------------
 sysutils/usbhotkey/Makefile                        |   9 +-
 textproc/Makefile                                  |  11 +-
 textproc/R-cran-xmlparsedata/Makefile              |  20 +
 textproc/R-cran-xmlparsedata/distinfo              |   3 +
 textproc/R-cran-xmlparsedata/pkg-descr             |   4 +
 textproc/cl-meta-sbcl/Makefile                     |   2 +-
 textproc/cl-ppcre-sbcl/Makefile                    |   1 +
 textproc/php72-ctype/Makefile                      |  11 -
 textproc/php72-dom/Makefile                        |  11 -
 textproc/php72-enchant/Makefile                    |  11 -
 textproc/php72-pspell/Makefile                     |  11 -
 textproc/php72-simplexml/Makefile                  |  11 -
 textproc/php72-simplexml/files/patch-config.m4     |  43 --
 textproc/php72-wddx/Makefile                       |  11 -
 textproc/php72-wddx/files/patch-config.m4          |  22 -
 textproc/php72-wddx/files/patch-wddx.c             |  40 --
 textproc/php72-xml/Makefile                        |  11 -
 textproc/php72-xml/files/patch-compat.c            |  13 -
 textproc/php72-xmlreader/Makefile                  |  11 -
 textproc/php72-xmlwriter/Makefile                  |  11 -
 textproc/php72-xsl/Makefile                        |  11 -
 textproc/php72-xsl/files/patch-php_xsl.h           |  11 -
 textproc/py-QDarkStyle/Makefile                    |   7 +-
 textproc/py-QDarkStyle/distinfo                    |   6 +-
 textproc/py-rich/Makefile                          |   2 +-
 textproc/py-rich/distinfo                          |   6 +-
 www/Makefile                                       |   9 -
 www/cl-lml-sbcl/Makefile                           |   2 +-
 www/firefox-esr/files/patch-bug1684180             |  34 ++
 www/flashplayer/Makefile                           |  26 -
 www/flashplayer/pkg-descr                          |   4 -
 www/flexget/Makefile                               |   2 +-
 www/flexget/distinfo                               |   6 +-
 www/gitea/Makefile                                 |   2 +-
 www/gitea/distinfo                                 |   6 +-
 www/linux-flashplayer/Makefile                     |  42 --
 www/linux-flashplayer/distinfo                     |   3 -
 www/linux-flashplayer/pkg-descr                    |   5 -
 www/linux-flashplayer/pkg-message                  |  12 -
 www/linux-flashplayer/pkg-plist                    |   8 -
 www/mediawiki133/Makefile                          |  73 ---
 www/mediawiki133/distinfo                          |   3 -
 www/mediawiki133/files/pkg-message.in              |  15 -
 www/mediawiki133/pkg-descr                         |   6 -
 www/mediawiki134/Makefile                          |  73 ---
 www/mediawiki134/distinfo                          |   3 -
 www/mediawiki134/files/pkg-message.in              |  15 -
 www/mediawiki134/pkg-descr                         |   6 -
 www/mod_php72/Makefile                             |  15 -
 www/nextcloud-appointments/Makefile                |   2 +-
 www/nextcloud-appointments/distinfo                |   6 +-
 www/nextcloud-notes/Makefile                       |   2 +-
 www/nextcloud-notes/distinfo                       |   6 +-
 www/nextcloud-notes/pkg-plist                      |   3 -
 www/php72-opcache/Makefile                         |  13 -
 www/php72-opcache/files/patch-zend__file__cache.c  |  14 -
 www/php72-session/Makefile                         |  11 -
 www/php72-tidy/Makefile                            |  11 -
 www/py-aiohttp2/Makefile                           |  38 --
 www/py-aiohttp2/distinfo                           |   3 -
 www/py-aiohttp2/pkg-descr                          |  12 -
 www/py-django-tinymce/Makefile                     |   2 +-
 www/py-django-tinymce/distinfo                     |   6 +-
 www/youtube_dl/Makefile                            |   2 +-
 www/youtube_dl/distinfo                            |   6 +-
 x11-wm/river/Makefile                              |  12 +-
 x11-wm/river/distinfo                              |   6 +-
 x11-wm/stumpwm/Makefile                            |   2 +-
 x11/Makefile                                       |   2 +-
 x11/cl-clx-sbcl/Makefile                           |   2 +-
 x11/xapp/Makefile                                  |  48 ++
 x11/xapp/distinfo                                  |   3 +
 x11/xapp/pkg-descr                                 |   5 +
 x11/{xapps => xapp}/pkg-plist                      |  67 ++-
 x11/xapps/Makefile                                 |  41 --
 x11/xapps/distinfo                                 |   3 -
 x11/xapps/pkg-descr                                |   4 -
 435 files changed, 2506 insertions(+), 11646 deletions(-)
 delete mode 100644 archivers/php72-bz2/Makefile
 delete mode 100644 archivers/php72-phar/Makefile
 delete mode 100644 archivers/php72-phar/files/patch-config.m4
 delete mode 100644 archivers/php72-phar/files/patch-phar.c
 delete mode 100644 archivers/php72-zip/Makefile
 delete mode 100644 archivers/php72-zlib/Makefile
 delete mode 100644 archivers/php72-zlib/files/patch-zlib.c
 delete mode 100644 biology/ugene/files/patch-src_corelibs_U2Designer_src_WorkflowGUIUtils.cpp
 delete mode 100644 biology/ugene/files/patch-src_corelibs_U2Gui_src_util_GUIUtils.cpp
 create mode 100644 comms/limesuite/Makefile
 create mode 100644 comms/limesuite/distinfo
 create mode 100644 comms/limesuite/files/patch-CMakeLists.txt
 create mode 100644 comms/limesuite/files/patch-Desktop_CMakeLists.txt
 create mode 100644 comms/limesuite/files/patch-src_ConnectionRemote_ConnectionRemote.cpp
 create mode 100644 comms/limesuite/files/patch-src_ConnectionSTREAM__UNITE_ConnectionSTREAM__UNITE.cpp
 create mode 100644 comms/limesuite/files/patch-src_ConnectionSTREAM__UNITE_ConnectionSTREAM__UNITEEntry.cpp
 create mode 100644 comms/limesuite/files/patch-src_FPGAcontrols__wxgui_FPGAcontrols__wxgui.cpp
 create mode 100644 comms/limesuite/pkg-descr
 create mode 100644 comms/limesuite/pkg-plist
 delete mode 100644 converters/php72-iconv/Makefile
 delete mode 100644 converters/php72-mbstring/Makefile
 delete mode 100644 converters/php72-mbstring/files/patch-config.m4
 delete mode 100644 converters/php72-recode/Makefile
 delete mode 100644 databases/php72-dba/Makefile
 delete mode 100644 databases/php72-dba/files/patch-config.m4
 delete mode 100644 databases/php72-interbase/Makefile
 delete mode 100644 databases/php72-mysqli/Makefile
 delete mode 100644 databases/php72-mysqli/files/patch-mysqli.c
 delete mode 100644 databases/php72-mysqli/files/patch-mysqli__api.c
 delete mode 100644 databases/php72-mysqli/files/patch-php_mysqli_structs.h
 delete mode 100644 databases/php72-odbc/Makefile
 delete mode 100644 databases/php72-odbc/files/patch-config.m4
 delete mode 100644 databases/php72-pdo/Makefile
 delete mode 100644 databases/php72-pdo_dblib/Makefile
 delete mode 100644 databases/php72-pdo_firebird/Makefile
 delete mode 100644 databases/php72-pdo_mysql/Makefile
 delete mode 100644 databases/php72-pdo_odbc/Makefile
 delete mode 100644 databases/php72-pdo_pgsql/Makefile
 delete mode 100644 databases/php72-pdo_sqlite/Makefile
 delete mode 100644 databases/php72-pgsql/Makefile
 delete mode 100644 databases/php72-sqlite3/Makefile
 create mode 100644 devel/R-cran-remotes/Makefile
 create mode 100644 devel/R-cran-remotes/distinfo
 create mode 100644 devel/R-cran-remotes/pkg-descr
 create mode 100644 devel/aml/files/patch-freebsd11
 delete mode 100644 devel/arm-none-eabi-gdb/Makefile
 delete mode 100644 devel/arm-none-eabi-gdb/distinfo
 delete mode 100644 devel/arm-none-eabi-gdb/pkg-descr
 delete mode 100644 devel/arm-none-eabi-gdb/pkg-plist
 delete mode 100644 devel/ccls/files/patch-src_indexer.cc
 create mode 100644 devel/git-cinnabar/files/patch-git-2.30
 create mode 100644 devel/pecl-runkit7/Makefile
 create mode 100644 devel/pecl-runkit7/distinfo
 create mode 100644 devel/pecl-runkit7/pkg-descr
 delete mode 100644 devel/pecl-weakref2/Makefile
 delete mode 100644 devel/pecl-weakref2/distinfo
 delete mode 100644 devel/pecl-weakref2/pkg-descr
 delete mode 100644 devel/php72-gettext/Makefile
 delete mode 100644 devel/php72-intl/Makefile
 delete mode 100644 devel/php72-intl/files/patch-icu68
 delete mode 100644 devel/php72-json/Makefile
 delete mode 100644 devel/php72-pcntl/Makefile
 delete mode 100644 devel/php72-readline/Makefile
 delete mode 100644 devel/php72-readline/files/patch-config.m4
 delete mode 100644 devel/php72-readline/files/patch-readline_cli.c
 delete mode 100644 devel/php72-shmop/Makefile
 delete mode 100644 devel/php72-sysvmsg/Makefile
 delete mode 100644 devel/php72-sysvsem/Makefile
 delete mode 100644 devel/php72-sysvshm/Makefile
 delete mode 100644 devel/php72-tokenizer/Makefile
 create mode 100644 devel/py-colorama/files/patch-setup.py
 create mode 100644 devel/py-helpdev/Makefile
 create mode 100644 devel/py-helpdev/distinfo
 create mode 100644 devel/py-helpdev/pkg-descr
 delete mode 100644 emulators/mame/files/patch-src_osd_modules_file_posixptty.cpp
 delete mode 100644 ftp/php72-curl/Makefile
 delete mode 100644 ftp/php72-ftp/Makefile
 delete mode 100644 graphics/drm-legacy-kmod/Makefile
 delete mode 100644 graphics/drm-legacy-kmod/distinfo
 delete mode 100644 graphics/drm-legacy-kmod/pkg-descr
 delete mode 100644 graphics/drm-legacy-kmod/pkg-message
 delete mode 100644 graphics/drm-legacy-kmod/pkg-plist
 delete mode 100644 graphics/php72-exif/Makefile
 delete mode 100644 graphics/php72-gd/Makefile
 delete mode 100644 graphics/php72-gd/files/patch-config.m4
 delete mode 100644 graphics/php72-gd/files/patch-gd.c
 delete mode 100644 graphics/py-imageio24/Makefile
 delete mode 100644 graphics/py-imageio24/distinfo
 delete mode 100644 graphics/py-imageio24/files/patch-imageio-core-util.py
 delete mode 100644 graphics/py-imageio24/pkg-descr
 delete mode 100644 lang/php72-extensions/Makefile
 delete mode 100644 lang/php72-extensions/pkg-descr
 delete mode 100644 lang/php72/Makefile
 delete mode 100644 lang/php72/Makefile.ext
 delete mode 100644 lang/php72/distinfo
 delete mode 100644 lang/php72/files/patch-Makefile.global
 delete mode 100644 lang/php72/files/patch-Zend_zend__hash.c
 delete mode 100644 lang/php72/files/patch-Zend_zend__hash.h
 delete mode 100644 lang/php72/files/patch-acinclude.m4
 delete mode 100644 lang/php72/files/patch-configure.in
 delete mode 100644 lang/php72/files/patch-ext_mysqli_mysqli__api.c
 delete mode 100644 lang/php72/files/patch-ext_mysqli_php__mysqli__structs.h
 delete mode 100644 lang/php72/files/patch-sapi_apache2handler_config.m4
 delete mode 100644 lang/php72/files/patch-sapi_fpm_config.m4
 delete mode 100644 lang/php72/files/patch-sapi_fpm_www.conf.in
 delete mode 100644 lang/php72/files/php-fpm.in
 delete mode 100644 lang/php72/pkg-descr
 delete mode 100644 lang/php72/pkg-message.mod
 delete mode 100644 lang/php72/pkg-plist
 delete mode 100644 lang/php72/pkg-plist.mod
 delete mode 100644 mail/bogofilter-tc/Makefile
 create mode 100644 mail/milter-regex/files/patch-foreground
 delete mode 100644 mail/opensmtpd-extras-table-python/Makefile
 delete mode 100644 mail/php72-imap/Makefile
 delete mode 100644 mail/php72-imap/files/patch-config.m4
 create mode 100644 mail/thunderbird/files/patch-bug1684180
 delete mode 100644 math/php72-bcmath/Makefile
 delete mode 100644 math/php72-gmp/Makefile
 delete mode 100644 misc/php72-calendar/Makefile
 create mode 100644 multimedia/libv4l/files/patch-utils_v4l2-ctl_v4l2-ctl-vidcap.cpp
 delete mode 100644 net-mgmt/php72-snmp/Makefile
 delete mode 100644 net/mediatomb/Makefile
 delete mode 100644 net/mediatomb/distinfo
 delete mode 100644 net/mediatomb/files/config.xml.dist.in
 delete mode 100644 net/mediatomb/files/mediatomb.in
 delete mode 100644 net/mediatomb/files/patch-clang
 delete mode 100644 net/mediatomb/files/patch-livav7
 delete mode 100644 net/mediatomb/files/patch-livav9
 delete mode 100644 net/mediatomb/files/patch-timer.cc
 delete mode 100644 net/mediatomb/files/patch-youtube_video_url.cc
 delete mode 100644 net/mediatomb/files/pkg-deinstall.in
 delete mode 100644 net/mediatomb/files/pkg-install.in
 delete mode 100644 net/mediatomb/pkg-descr
 delete mode 100644 net/mediatomb/pkg-plist
 delete mode 100644 net/pecl-yaz/Makefile
 delete mode 100644 net/pecl-yaz/distinfo
 delete mode 100644 net/pecl-yaz/pkg-descr
 delete mode 100644 net/php72-ldap/Makefile
 delete mode 100644 net/php72-soap/Makefile
 delete mode 100644 net/php72-sockets/Makefile
 delete mode 100644 net/php72-xmlrpc/Makefile
 delete mode 100644 net/php72-xmlrpc/files/patch-config.m4
 delete mode 100644 print/cloudprint/Makefile
 delete mode 100644 print/cloudprint/distinfo
 delete mode 100644 print/cloudprint/files/cloudprint.in
 delete mode 100644 print/cloudprint/pkg-descr
 delete mode 100644 science/py-eccodes-python/Makefile
 delete mode 100644 science/py-eccodes-python/distinfo
 delete mode 100644 science/py-eccodes-python/pkg-descr
 delete mode 100644 security/php72-filter/Makefile
 delete mode 100644 security/php72-filter/files/patch-config.m4
 delete mode 100644 security/php72-hash/Makefile
 delete mode 100644 security/php72-openssl/Makefile
 delete mode 100644 security/php72-sodium/Makefile
 delete mode 100644 security/php72-sodium/files/patch-config.m4
 create mode 100644 sysutils/R-cran-processx/Makefile
 create mode 100644 sysutils/R-cran-processx/distinfo
 create mode 100644 sysutils/R-cran-processx/pkg-descr
 delete mode 100644 sysutils/cfengine-masterfiles312/Makefile
 delete mode 100644 sysutils/cfengine-masterfiles312/distinfo
 delete mode 100644 sysutils/cfengine-masterfiles312/pkg-descr
 delete mode 100644 sysutils/cfengine-masterfiles312/pkg-plist
 delete mode 100644 sysutils/cfengine-masterfiles313/Makefile
 delete mode 100644 sysutils/cfengine-masterfiles313/distinfo
 delete mode 100644 sysutils/cfengine-masterfiles313/pkg-descr
 delete mode 100644 sysutils/cfengine-masterfiles313/pkg-plist
 delete mode 100644 sysutils/cfengine312/Makefile
 delete mode 100644 sysutils/cfengine312/distinfo
 delete mode 100644 sysutils/cfengine312/files/cf-execd.in
 delete mode 100644 sysutils/cfengine312/files/cf-monitord.in
 delete mode 100644 sysutils/cfengine312/files/cf-serverd.in
 delete mode 100644 sysutils/cfengine312/pkg-descr
 delete mode 100644 sysutils/cfengine312/pkg-plist
 delete mode 100644 sysutils/cfengine313/Makefile
 delete mode 100644 sysutils/cfengine313/distinfo
 delete mode 100644 sysutils/cfengine313/files/cf-execd.in
 delete mode 100644 sysutils/cfengine313/files/cf-monitord.in
 delete mode 100644 sysutils/cfengine313/files/cf-serverd.in
 delete mode 100644 sysutils/cfengine313/pkg-descr
 delete mode 100644 sysutils/cfengine313/pkg-plist
 delete mode 100644 sysutils/php72-fileinfo/Makefile
 delete mode 100644 sysutils/php72-fileinfo/files/patch-config.m4
 delete mode 100644 sysutils/php72-posix/Makefile
 delete mode 100644 sysutils/php72-posix/files/patch-posix.c
 delete mode 100644 sysutils/rubygem-chef-zero5/Makefile
 delete mode 100644 sysutils/rubygem-chef-zero5/distinfo
 delete mode 100644 sysutils/rubygem-chef-zero5/pkg-descr
 delete mode 100644 sysutils/synergy/files/patch-CMakeLists.txt
 delete mode 100644 sysutils/synergy/files/patch-src_lib_arch_CMakeLists.txt
 delete mode 100644 sysutils/synergy/files/patch-src_lib_net_SecureSocket.cpp
 delete mode 100644 sysutils/syslog-ng325/Makefile
 delete mode 100644 sysutils/syslog-ng325/distinfo
 delete mode 100644 sysutils/syslog-ng325/files/patch-configure
 delete mode 100644 sysutils/syslog-ng325/files/pkg-message.in
 delete mode 100644 sysutils/syslog-ng325/files/syslog-ng.conf.sample
 delete mode 100644 sysutils/syslog-ng325/files/syslog-ng.in
 delete mode 100644 sysutils/syslog-ng325/pkg-descr
 delete mode 100644 sysutils/syslog-ng325/pkg-plist
 delete mode 100644 sysutils/syslog-ng326/Makefile
 delete mode 100644 sysutils/syslog-ng326/distinfo
 delete mode 100644 sysutils/syslog-ng326/files/patch-configure
 delete mode 100644 sysutils/syslog-ng326/files/pkg-message.in
 delete mode 100644 sysutils/syslog-ng326/files/syslog-ng.conf.sample
 delete mode 100644 sysutils/syslog-ng326/files/syslog-ng.in
 delete mode 100644 sysutils/syslog-ng326/pkg-descr
 delete mode 100644 sysutils/syslog-ng326/pkg-plist
 delete mode 100644 sysutils/syslog-ng328/Makefile
 delete mode 100644 sysutils/syslog-ng328/distinfo
 delete mode 100644 sysutils/syslog-ng328/files/patch-configure
 delete mode 100644 sysutils/syslog-ng328/files/pkg-message.in
 delete mode 100644 sysutils/syslog-ng328/files/syslog-ng.conf.sample
 delete mode 100644 sysutils/syslog-ng328/files/syslog-ng.in
 delete mode 100644 sysutils/syslog-ng328/pkg-descr
 delete mode 100644 sysutils/syslog-ng328/pkg-plist
 delete mode 100644 sysutils/syslog-ng329/Makefile
 delete mode 100644 sysutils/syslog-ng329/distinfo
 delete mode 100644 sysutils/syslog-ng329/files/patch-configure
 delete mode 100644 sysutils/syslog-ng329/files/patch-modules_afsocket_socket-options.c
 delete mode 100644 sysutils/syslog-ng329/files/pkg-message.in
 delete mode 100644 sysutils/syslog-ng329/files/syslog-ng.conf.sample
 delete mode 100644 sysutils/syslog-ng329/files/syslog-ng.in
 delete mode 100644 sysutils/syslog-ng329/pkg-descr
 delete mode 100644 sysutils/syslog-ng329/pkg-plist
 create mode 100644 textproc/R-cran-xmlparsedata/Makefile
 create mode 100644 textproc/R-cran-xmlparsedata/distinfo
 create mode 100644 textproc/R-cran-xmlparsedata/pkg-descr
 delete mode 100644 textproc/php72-ctype/Makefile
 delete mode 100644 textproc/php72-dom/Makefile
 delete mode 100644 textproc/php72-enchant/Makefile
 delete mode 100644 textproc/php72-pspell/Makefile
 delete mode 100644 textproc/php72-simplexml/Makefile
 delete mode 100644 textproc/php72-simplexml/files/patch-config.m4
 delete mode 100644 textproc/php72-wddx/Makefile
 delete mode 100644 textproc/php72-wddx/files/patch-config.m4
 delete mode 100644 textproc/php72-wddx/files/patch-wddx.c
 delete mode 100644 textproc/php72-xml/Makefile
 delete mode 100644 textproc/php72-xml/files/patch-compat.c
 delete mode 100644 textproc/php72-xmlreader/Makefile
 delete mode 100644 textproc/php72-xmlwriter/Makefile
 delete mode 100644 textproc/php72-xsl/Makefile
 delete mode 100644 textproc/php72-xsl/files/patch-php_xsl.h
 create mode 100644 www/firefox-esr/files/patch-bug1684180
 delete mode 100644 www/flashplayer/Makefile
 delete mode 100644 www/flashplayer/pkg-descr
 delete mode 100644 www/linux-flashplayer/Makefile
 delete mode 100644 www/linux-flashplayer/distinfo
 delete mode 100644 www/linux-flashplayer/pkg-descr
 delete mode 100644 www/linux-flashplayer/pkg-message
 delete mode 100644 www/linux-flashplayer/pkg-plist
 delete mode 100644 www/mediawiki133/Makefile
 delete mode 100644 www/mediawiki133/distinfo
 delete mode 100644 www/mediawiki133/files/pkg-message.in
 delete mode 100644 www/mediawiki133/pkg-descr
 delete mode 100644 www/mediawiki134/Makefile
 delete mode 100644 www/mediawiki134/distinfo
 delete mode 100644 www/mediawiki134/files/pkg-message.in
 delete mode 100644 www/mediawiki134/pkg-descr
 delete mode 100644 www/mod_php72/Makefile
 delete mode 100644 www/php72-opcache/Makefile
 delete mode 100644 www/php72-opcache/files/patch-zend__file__cache.c
 delete mode 100644 www/php72-session/Makefile
 delete mode 100644 www/php72-tidy/Makefile
 delete mode 100644 www/py-aiohttp2/Makefile
 delete mode 100644 www/py-aiohttp2/distinfo
 delete mode 100644 www/py-aiohttp2/pkg-descr
 create mode 100644 x11/xapp/Makefile
 create mode 100644 x11/xapp/distinfo
 create mode 100644 x11/xapp/pkg-descr
 rename x11/{xapps => xapp}/pkg-plist (53%)
 delete mode 100644 x11/xapps/Makefile
 delete mode 100644 x11/xapps/distinfo
 delete mode 100644 x11/xapps/pkg-descr
==== merge branches ====
==== merge github/master branch ====
Already up to date.
=============================
HardenedBSD Master git Server
=============================

Please note that connections and activity to this server are logged.
This server, git-01.md.hardenedbsd.org, acts as the source-of-truth
server for the HardenedBSD repositories.

Banner last updated: 10 Feb 2020 09:32 EST

Everything up-to-date
==== END: master ====
