==== BEGIN: master ====
current branch: master
mergeable branch: freebsd/master
==== change branch ====
Already on 'master'
Your branch is behind 'origin/master' by 10 commits, and can be fast-forwarded.
  (use "git pull" to update your local branch)
==== show current branch ====
* master
==== check for stale changes ====
==== update to latest origin ====
Updating 2ca5e8fa7de8..eb12b37cec0f
Fast-forward
 audio/gsequencer/Makefile                 | 2 +-
 audio/gsequencer/distinfo                 | 6 +++---
 databases/tiledb/Makefile                 | 2 +-
 devel/flang/pkg-plist                     | 1 -
 devel/libfmt/Makefile                     | 2 +-
 devel/libfmt/distinfo                     | 6 +++---
 devel/rubygem-google-gax/Makefile         | 2 ++
 devel/rubygem-grpc-google-iam-v1/Makefile | 2 ++
 devel/spdlog/Makefile                     | 1 +
 graphics/drawpile/Makefile                | 2 +-
 graphics/drawpile/distinfo                | 6 +++---
 math/curv/Makefile                        | 6 +++---
 math/curv/distinfo                        | 6 +++---
 misc/osinfo-db/Makefile                   | 2 +-
 misc/osinfo-db/distinfo                   | 6 +++---
 misc/osinfo-db/pkg-plist                  | 5 +++++
 multimedia/kodi-devel/Makefile            | 2 +-
 net-im/mtxclient/Makefile                 | 2 +-
 net-im/nheko/Makefile                     | 2 +-
 net/knxd/Makefile                         | 2 +-
 sysutils/lizardfs/Makefile                | 2 +-
 www/envoy/Makefile                        | 2 +-
 www/glassfish/pkg-plist                   | 1 -
 x11/waybar/Makefile                       | 2 +-
 24 files changed, 40 insertions(+), 32 deletions(-)
==== merge branches ====
==== merge freebsd/master branch ====
Removing multimedia/openshot/files/patch-openshot__language__Language_Init.py
Auto-merging Mk/bsd.port.mk
Merge made by the 'recursive' strategy.
 Mk/bsd.port.mk                                     |    9 +-
 audio/libopenshot-audio/Makefile                   |   10 +-
 audio/libopenshot-audio/distinfo                   |    6 +-
 audio/libopenshot-audio/files/patch-CMakeLists.txt |   34 +-
 .../files/patch-src_CMakeLists.txt                 |   16 +
 databases/freetds-devel/Makefile                   |    2 +-
 databases/freetds-devel/distinfo                   |    6 +-
 databases/freetds/Makefile                         |    2 +-
 databases/freetds/distinfo                         |    6 +-
 deskutils/latte-dock/Makefile                      |    2 +-
 deskutils/latte-dock/distinfo                      |    6 +-
 deskutils/latte-dock/pkg-plist                     |    3 +
 devel/libosinfo/Makefile                           |   29 +-
 devel/libosinfo/distinfo                           |    6 +-
 devel/libosinfo/files/patch-tools_meson.build      |   11 +
 devel/libosinfo/pkg-plist                          |  306 +-
 devel/maven/Makefile                               |    3 +-
 devel/maven/distinfo                               |    6 +-
 devel/maven/pkg-plist                              |   54 +-
 devel/universal-ctags/Makefile                     |    4 +-
 devel/universal-ctags/distinfo                     |    6 +-
 graphics/py-OWSLib/Makefile                        |    4 +-
 graphics/py-OWSLib/distinfo                        |    6 +-
 multimedia/libopenshot/Makefile                    |   16 +-
 multimedia/libopenshot/distinfo                    |    6 +-
 .../libopenshot/files/patch-src_CMakeLists.txt     |   43 +-
 .../libopenshot/files/patch-src_FFmpegReader.cpp   |   10 +-
 .../libopenshot/files/patch-src_FFmpegWriter.cpp   |   29 +-
 multimedia/libopenshot/pkg-plist                   |    6 +-
 multimedia/openshot/Makefile                       |   46 +-
 multimedia/openshot/distinfo                       |    5 +-
 .../patch-openshot__language__Language_Init.py     |   13 -
 multimedia/openshot/files/patch-setup.py           |   81 +-
 .../openshot/files/patch-src_classes_info.py       |   10 +
 .../openshot/files/patch-src_classes_metrics.py    |   14 +
 .../files/patch-src_windows_main__window.py        |   11 +
 .../files/patch-src_windows_preferences.py         |   11 +
 multimedia/openshot/pkg-descr                      |   13 +-
 multimedia/openshot/pkg-plist                      | 4168 ++++++++++----------
 net-mgmt/collectd5/Makefile                        |    3 +-
 net-mgmt/collectd5/distinfo                        |    6 +-
 net-mgmt/netdisco/Makefile                         |    5 +-
 net-mgmt/netdisco/distinfo                         |    6 +-
 net-mgmt/netdisco/pkg-plist                        |    9 +-
 security/libscep/Makefile                          |    2 +-
 security/libscep/distinfo                          |    6 +-
 security/p5-Crypt-LibSCEP/Makefile                 |    6 +-
 security/p5-Crypt-LibSCEP/distinfo                 |    6 +-
 sysutils/immortal/Makefile                         |    3 +
 sysutils/immortal/distinfo                         |    4 +-
 sysutils/osinfo-db-tools/Makefile                  |   11 +-
 sysutils/osinfo-db-tools/distinfo                  |    6 +-
 sysutils/osinfo-db-tools/files/patch-meson.build   |   11 +
 .../osinfo-db-tools/files/patch-tests_meson.build  |   11 +
 .../osinfo-db-tools/files/patch-tools_meson.build  |   11 +
 sysutils/osinfo-db-tools/pkg-plist                 |  190 +-
 www/Makefile                                       |    1 +
 www/nginx-vts-exporter/Makefile                    |   54 +
 www/nginx-vts-exporter/distinfo                    |    3 +
 www/nginx-vts-exporter/files/newsyslog.conf.in     |    4 +
 www/nginx-vts-exporter/files/nginx_vts_exporter.in |   52 +
 www/nginx-vts-exporter/files/syslog.d.conf.in      |    6 +
 www/nginx-vts-exporter/pkg-descr                   |    4 +
 www/nginx-vts-exporter/pkg-message                 |   13 +
 x11/xcb-util-wm/Makefile                           |    1 +
 x11/xcb-util-wm/pkg-descr                          |    2 +-
 66 files changed, 2838 insertions(+), 2617 deletions(-)
 create mode 100644 audio/libopenshot-audio/files/patch-src_CMakeLists.txt
 create mode 100644 devel/libosinfo/files/patch-tools_meson.build
 delete mode 100644 multimedia/openshot/files/patch-openshot__language__Language_Init.py
 create mode 100644 multimedia/openshot/files/patch-src_classes_info.py
 create mode 100644 multimedia/openshot/files/patch-src_classes_metrics.py
 create mode 100644 multimedia/openshot/files/patch-src_windows_main__window.py
 create mode 100644 multimedia/openshot/files/patch-src_windows_preferences.py
 create mode 100644 sysutils/osinfo-db-tools/files/patch-meson.build
 create mode 100644 sysutils/osinfo-db-tools/files/patch-tests_meson.build
 create mode 100644 sysutils/osinfo-db-tools/files/patch-tools_meson.build
 create mode 100644 www/nginx-vts-exporter/Makefile
 create mode 100644 www/nginx-vts-exporter/distinfo
 create mode 100644 www/nginx-vts-exporter/files/newsyslog.conf.in
 create mode 100644 www/nginx-vts-exporter/files/nginx_vts_exporter.in
 create mode 100644 www/nginx-vts-exporter/files/syslog.d.conf.in
 create mode 100644 www/nginx-vts-exporter/pkg-descr
 create mode 100644 www/nginx-vts-exporter/pkg-message
To github.com:HardenedBSD/hardenedbsd-ports.git
   eb12b37cec0f..3bb86bceaad2  master -> master
==== END: master ====
