==== BEGIN: master ====
current branch: master
mergeable branch: github/master
==== change branch ====
Already on 'master'
Your branch is up to date with 'origin/master'.
==== show current branch ====
* master
==== check for stale changes ====
==== update to latest origin ====
Already up to date.
==== merge branches ====
==== merge github/master branch ====
Already up to date.
Everything up-to-date
==== END: master ====
==== BEGIN: master ====
current branch: master
mergeable branch: freebsd/master
==== change branch ====
Already on 'master'
Your branch is up to date with 'origin/master'.
==== show current branch ====
* master
==== check for stale changes ====
==== update to latest origin ====
Already up to date.
==== merge branches ====
==== merge freebsd/master branch ====
Auto-merging x11/xterm/Makefile
Auto-merging net/dhcpcd/Makefile
Merge made by the 'recursive' strategy.
 MOVED                                   |  1 -
 audio/gsequencer/Makefile               |  2 +-
 audio/gsequencer/distinfo               |  6 +++---
 databases/mysql-connector-java/Makefile |  4 ++--
 databases/mysql-connector-java/distinfo |  6 +++---
 math/Makefile                           |  1 +
 math/octave-forge-audio/Makefile        | 29 +++++++++++++++++++++++++++++
 math/octave-forge-audio/distinfo        |  3 +++
 math/octave-forge-audio/pkg-descr       | 10 ++++++++++
 math/octave-forge-audio/pkg-message     |  1 +
 math/octave-forge/Makefile              |  4 ++--
 misc/glow/Makefile                      |  5 ++++-
 net/dhcpcd-devel/Makefile               |  4 ++--
 net/dhcpcd-devel/distinfo               |  6 +++---
 net/dhcpcd/Makefile                     |  2 +-
 net/dhcpcd/distinfo                     |  6 +++---
 science/erkale/Makefile                 |  4 ++--
 science/erkale/distinfo                 |  6 +++---
 science/py-chainer/Makefile             |  2 +-
 science/py-chainer/distinfo             |  6 +++---
 sysutils/digdag/Makefile                |  2 +-
 sysutils/digdag/distinfo                |  6 +++---
 x11/xterm/Makefile                      |  2 +-
 x11/xterm/distinfo                      |  6 +++---
 24 files changed, 85 insertions(+), 39 deletions(-)
 create mode 100644 math/octave-forge-audio/Makefile
 create mode 100644 math/octave-forge-audio/distinfo
 create mode 100644 math/octave-forge-audio/pkg-descr
 create mode 100644 math/octave-forge-audio/pkg-message
remote: To github.com:HardenedBSD/hardenedbsd-ports.git        
remote:    362499fdd03c..0fb5361205d4  master -> master        
remote:    e9a7110b1207..362499fdd03c  github/master -> github/master        
To git-01.md.hardenedbsd.org:HardenedBSD/hardenedbsd-ports.git
   362499fdd03c..0fb5361205d4  master -> master
==== END: master ====
