==== BEGIN: master ====
current branch: master
mergeable branch: github/master
==== change branch ====
Already on 'master'
Your branch is up to date with 'origin/master'.
==== show current branch ====
* master
==== check for stale changes ====
==== update to latest origin ====
warning: Pulling without specifying how to reconcile divergent branches is
discouraged. You can squelch this message by running one of the following
commands sometime before your next pull:

  git config pull.rebase false  # merge (the default strategy)
  git config pull.rebase true   # rebase
  git config pull.ff only       # fast-forward only

You can replace "git config" with "git config --global" to set a default
preference for all repositories. You can also pass --rebase, --no-rebase,
or --ff-only on the command line to override the configured default per
invocation.

=============================
HardenedBSD Master git Server
=============================

Please note that connections and activity to this server are logged.
This server, git-01.md.hardenedbsd.org, acts as the source-of-truth
server for the HardenedBSD repositories.

Banner last updated: 10 Feb 2020 09:32 EST

Already up to date.
==== merge branches ====
==== merge github/master branch ====
Already up to date.
=============================
HardenedBSD Master git Server
=============================

Please note that connections and activity to this server are logged.
This server, git-01.md.hardenedbsd.org, acts as the source-of-truth
server for the HardenedBSD repositories.

Banner last updated: 10 Feb 2020 09:32 EST

Everything up-to-date
==== END: master ====
==== BEGIN: master ====
current branch: master
mergeable branch: freebsd/master
==== change branch ====
Already on 'master'
Your branch is up to date with 'origin/master'.
==== show current branch ====
* master
==== check for stale changes ====
==== update to latest origin ====
warning: Pulling without specifying how to reconcile divergent branches is
discouraged. You can squelch this message by running one of the following
commands sometime before your next pull:

  git config pull.rebase false  # merge (the default strategy)
  git config pull.rebase true   # rebase
  git config pull.ff only       # fast-forward only

You can replace "git config" with "git config --global" to set a default
preference for all repositories. You can also pass --rebase, --no-rebase,
or --ff-only on the command line to override the configured default per
invocation.

=============================
HardenedBSD Master git Server
=============================

Please note that connections and activity to this server are logged.
This server, git-01.md.hardenedbsd.org, acts as the source-of-truth
server for the HardenedBSD repositories.

Banner last updated: 10 Feb 2020 09:32 EST

Already up to date.
==== merge branches ====
==== merge freebsd/master branch ====
Merge made by the 'recursive' strategy.
 archivers/nfpm/Makefile                            |  68 +++++-----
 archivers/nfpm/distinfo                            | 138 +++++++++++----------
 ...ge_temptable_include_temptable_lock_free_type.h |   2 +-
 ...ge_temptable_include_temptable_lock_free_type.h |   2 +-
 devel/Makefile                                     |   1 +
 devel/cscope/Makefile                              |  12 --
 devel/cscope/pkg-plist                             |   2 -
 devel/xcscope.el/Makefile                          |  30 +++++
 devel/xcscope.el/distinfo                          |   3 +
 devel/xcscope.el/pkg-descr                         |   4 +
 math/minizinc-ide/Makefile                         |   2 +-
 math/minizinc-ide/distinfo                         |   6 +-
 math/minizinc/Makefile                             |   2 +-
 math/minizinc/distinfo                             |   6 +-
 math/minizinc/files/patch-lib_file__utils.cpp      |  10 +-
 math/minizinc/pkg-plist                            |   1 +
 math/py-chaospy/Makefile                           |   2 +-
 math/py-chaospy/distinfo                           |   6 +-
 science/qmcpack/Makefile                           |   3 +-
 science/qmcpack/distinfo                           |   6 +-
 security/py-ecdsa/Makefile                         |  19 +--
 security/py-ecdsa/distinfo                         |   6 +-
 www/cpp-httplib/Makefile                           |   2 +-
 www/cpp-httplib/distinfo                           |   6 +-
 24 files changed, 193 insertions(+), 146 deletions(-)
 create mode 100644 devel/xcscope.el/Makefile
 create mode 100644 devel/xcscope.el/distinfo
 create mode 100644 devel/xcscope.el/pkg-descr
=============================
HardenedBSD Master git Server
=============================

Please note that connections and activity to this server are logged.
This server, git-01.md.hardenedbsd.org, acts as the source-of-truth
server for the HardenedBSD repositories.

Banner last updated: 10 Feb 2020 09:32 EST

remote: To github.com:HardenedBSD/hardenedbsd-ports.git        
remote:    ac1bcd8aa9aa..d7f9bcae9071  master -> master        
remote:    68c4c3652243..ac1bcd8aa9aa  github/master -> github/master        
remote:  ! [remote rejected]           refs/pull/10/head -> refs/pull/10/head (deny updating a hidden ref)        
remote:  ! [remote rejected]           refs/pull/11/head -> refs/pull/11/head (deny updating a hidden ref)        
remote:  ! [remote rejected]           refs/pull/12/head -> refs/pull/12/head (deny updating a hidden ref)        
remote:  ! [remote rejected]           refs/pull/14/head -> refs/pull/14/head (deny updating a hidden ref)
remote:  ! [remote rejected]           refs/pull/2/head -> refs/pull/2/head (deny updating a hidden ref)        
remote:  ! [remote rejected]           refs/pull/9/head -> refs/pull/9/head (deny updating a hidden ref)        
remote: error: failed to push some refs to 'github.com:HardenedBSD/hardenedbsd-ports.git'        
remote: . Processing 1 references        
remote: Processed 1 references in total        
To git-01.md.hardenedbsd.org:HardenedBSD/hardenedbsd-ports.git
   ac1bcd8aa9aa..d7f9bcae9071  master -> master
==== END: master ====
