==== BEGIN: master ====
current branch: master
mergeable branch: github/master
==== change branch ====
Already on 'master'
Your branch is ahead of 'origin/master' by 31 commits.
  (use "git push" to publish your local commits)
==== show current branch ====
* master
==== check for stale changes ====
==== update to latest origin ====
warning: Pulling without specifying how to reconcile divergent branches is
discouraged. You can squelch this message by running one of the following
commands sometime before your next pull:

  git config pull.rebase false  # merge (the default strategy)
  git config pull.rebase true   # rebase
  git config pull.ff only       # fast-forward only

You can replace "git config" with "git config --global" to set a default
preference for all repositories. You can also pass --rebase, --no-rebase,
or --ff-only on the command line to override the configured default per
invocation.

=============================
HardenedBSD Master git Server
=============================

Please note that connections and activity to this server are logged.
This server, git-01.md.hardenedbsd.org, acts as the source-of-truth
server for the HardenedBSD repositories.

Banner last updated: 10 Feb 2020 09:32 EST

Already up to date.
==== merge branches ====
==== merge github/master branch ====
Already up to date.
=============================
HardenedBSD Master git Server
=============================

Please note that connections and activity to this server are logged.
This server, git-01.md.hardenedbsd.org, acts as the source-of-truth
server for the HardenedBSD repositories.

Banner last updated: 10 Feb 2020 09:32 EST

remote: To github.com:HardenedBSD/hardenedbsd-ports.git        
remote:    d3fe9bfe3c58..4972aa570e08  master -> master        
remote:    43be2cd105c9..d3fe9bfe3c58  github/master -> github/master        
remote:  ! [remote rejected]           refs/pull/10/head -> refs/pull/10/head (deny updating a hidden ref)        
remote:  ! [remote rejected]           refs/pull/11/head -> refs/pull/11/head (deny updating a hidden ref)        
remote:  ! [remote rejected]           refs/pull/12/head -> refs/pull/12/head (deny updating a hidden ref)        
remote:  ! [remote rejected]           refs/pull/14/head -> refs/pull/14/head (deny updating a hidden ref)        
remote:  ! [remote rejected]           refs/pull/15/head -> refs/pull/15/head (deny updating a hidden ref)        
remote:  ! [remote rejected]           refs/pull/17/head -> refs/pull/17/head (deny updating a hidden ref)
remote:  ! [remote rejected]           refs/pull/2/head -> refs/pull/2/head (deny updating a hidden ref)
remote:  ! [remote rejected]           refs/pull/9/head -> refs/pull/9/head (deny updating a hidden ref)        
remote: error: failed to push some refs to 'github.com:HardenedBSD/hardenedbsd-ports.git'        
remote: . Processing 1 references        
remote: Processed 1 references in total        
To git-01.md.hardenedbsd.org:HardenedBSD/hardenedbsd-ports.git
   d3fe9bfe3c58..4972aa570e08  master -> master
==== END: master ====
==== BEGIN: master ====
current branch: master
mergeable branch: freebsd/master
==== change branch ====
Already on 'master'
Your branch is up to date with 'origin/master'.
==== show current branch ====
* master
==== check for stale changes ====
==== update to latest origin ====
warning: Pulling without specifying how to reconcile divergent branches is
discouraged. You can squelch this message by running one of the following
commands sometime before your next pull:

  git config pull.rebase false  # merge (the default strategy)
  git config pull.rebase true   # rebase
  git config pull.ff only       # fast-forward only

You can replace "git config" with "git config --global" to set a default
preference for all repositories. You can also pass --rebase, --no-rebase,
or --ff-only on the command line to override the configured default per
invocation.

=============================
HardenedBSD Master git Server
=============================

Please note that connections and activity to this server are logged.
This server, git-01.md.hardenedbsd.org, acts as the source-of-truth
server for the HardenedBSD repositories.

Banner last updated: 10 Feb 2020 09:32 EST

Already up to date.
==== merge branches ====
==== merge freebsd/master branch ====
Removing devel/ipython/files/patch-autocompletion-fix
Merge made by the 'recursive' strategy.
 audio/lame/Makefile                                |  2 +
 audio/timidity++/Makefile                          |  2 +
 databases/mariadb103-server/Makefile               |  2 +
 databases/mariadb104-server/Makefile               |  3 +-
 databases/mariadb105-server/Makefile               |  2 +
 devel/ipython/Makefile                             |  2 +-
 .../ipython/files/patch-IPython_core_completer.py  | 41 ++++++++++
 .../files/patch-IPython_terminal_ptutils.py        | 11 +++
 devel/ipython/files/patch-autocompletion-fix       | 74 ------------------
 devel/tla/Makefile                                 | 21 +----
 .../tla/files/patch-src_libneon_src_ne__openssl.c  | 60 ++++++++++++++
 devel/tla/files/patch-src_tla_libarch_archive.c    | 12 +++
 devel/vitables/Makefile                            | 20 ++---
 mail/thunderbird/Makefile                          |  3 +-
 mail/thunderbird/distinfo                          |  6 +-
 net-mgmt/pushgateway/Makefile                      | 13 +++-
 net-mgmt/pushgateway/distinfo                      | 20 ++++-
 www/Makefile                                       |  1 +
 www/amfora/Makefile                                | 86 ++++++++++++++++++++
 www/amfora/distinfo                                | 91 ++++++++++++++++++++++
 www/amfora/pkg-descr                               | 10 +++
 21 files changed, 366 insertions(+), 116 deletions(-)
 create mode 100644 devel/ipython/files/patch-IPython_core_completer.py
 create mode 100644 devel/ipython/files/patch-IPython_terminal_ptutils.py
 delete mode 100644 devel/ipython/files/patch-autocompletion-fix
 create mode 100644 devel/tla/files/patch-src_libneon_src_ne__openssl.c
 create mode 100644 devel/tla/files/patch-src_tla_libarch_archive.c
 create mode 100644 www/amfora/Makefile
 create mode 100644 www/amfora/distinfo
 create mode 100644 www/amfora/pkg-descr
=============================
HardenedBSD Master git Server
=============================

Please note that connections and activity to this server are logged.
This server, git-01.md.hardenedbsd.org, acts as the source-of-truth
server for the HardenedBSD repositories.

Banner last updated: 10 Feb 2020 09:32 EST

remote: To github.com:HardenedBSD/hardenedbsd-ports.git        
remote:    4972aa570e08..e8fee2cebb05  master -> master        
remote:    d3fe9bfe3c58..4972aa570e08  github/master -> github/master        
remote:  ! [remote rejected]           refs/pull/10/head -> refs/pull/10/head (deny updating a hidden ref)        
remote:  ! [remote rejected]           refs/pull/11/head -> refs/pull/11/head (deny updating a hidden ref)
remote:  ! [remote rejected]           refs/pull/12/head -> refs/pull/12/head (deny updating a hidden ref)
remote:  ! [remote rejected]           refs/pull/14/head -> refs/pull/14/head (deny updating a hidden ref)        
remote:  ! [remote rejected]           refs/pull/15/head -> refs/pull/15/head (deny updating a hidden ref)        
remote:  ! [remote rejected]           refs/pull/17/head -> refs/pull/17/head (deny updating a hidden ref)        
remote:  ! [remote rejected]           refs/pull/2/head -> refs/pull/2/head (deny updating a hidden ref)        
remote:  ! [remote rejected]           refs/pull/9/head -> refs/pull/9/head (deny updating a hidden ref)        
remote: error: failed to push some refs to 'github.com:HardenedBSD/hardenedbsd-ports.git'        
remote: . Processing 1 references        
remote: Processed 1 references in total        
To git-01.md.hardenedbsd.org:HardenedBSD/hardenedbsd-ports.git
   4972aa570e08..e8fee2cebb05  master -> master
==== END: master ====
