==== BEGIN: master ====
current branch: master
mergeable branch: github/master
==== change branch ====
Already on 'master'
Your branch is up to date with 'origin/master'.
==== show current branch ====
* master
==== check for stale changes ====
==== update to latest origin ====
warning: Pulling without specifying how to reconcile divergent branches is
discouraged. You can squelch this message by running one of the following
commands sometime before your next pull:

  git config pull.rebase false  # merge (the default strategy)
  git config pull.rebase true   # rebase
  git config pull.ff only       # fast-forward only

You can replace "git config" with "git config --global" to set a default
preference for all repositories. You can also pass --rebase, --no-rebase,
or --ff-only on the command line to override the configured default per
invocation.

=============================
HardenedBSD Master git Server
=============================

Please note that connections and activity to this server are logged.
This server, git-01.md.hardenedbsd.org, acts as the source-of-truth
server for the HardenedBSD repositories.

Banner last updated: 10 Feb 2020 09:32 EST

Already up to date.
==== merge branches ====
==== merge github/master branch ====
Already up to date.
=============================
HardenedBSD Master git Server
=============================

Please note that connections and activity to this server are logged.
This server, git-01.md.hardenedbsd.org, acts as the source-of-truth
server for the HardenedBSD repositories.

Banner last updated: 10 Feb 2020 09:32 EST

Everything up-to-date
==== END: master ====
==== BEGIN: master ====
current branch: master
mergeable branch: freebsd/master
==== change branch ====
Already on 'master'
Your branch is up to date with 'origin/master'.
==== show current branch ====
* master
==== check for stale changes ====
==== update to latest origin ====
warning: Pulling without specifying how to reconcile divergent branches is
discouraged. You can squelch this message by running one of the following
commands sometime before your next pull:

  git config pull.rebase false  # merge (the default strategy)
  git config pull.rebase true   # rebase
  git config pull.ff only       # fast-forward only

You can replace "git config" with "git config --global" to set a default
preference for all repositories. You can also pass --rebase, --no-rebase,
or --ff-only on the command line to override the configured default per
invocation.

=============================
HardenedBSD Master git Server
=============================

Please note that connections and activity to this server are logged.
This server, git-01.md.hardenedbsd.org, acts as the source-of-truth
server for the HardenedBSD repositories.

Banner last updated: 10 Feb 2020 09:32 EST

Already up to date.
==== merge branches ====
==== merge freebsd/master branch ====
Auto-merging x11-servers/xorg-server/Makefile
Removing sysutils/slurm-wlm/files/patch-c8be6ceb.c
Removing science/datawarrior/pkg-descr
Removing science/datawarrior/distinfo
Removing science/datawarrior/Makefile
Removing print/jabref/pkg-plist
Removing print/jabref/pkg-descr
Removing print/jabref/files/jabref.sh.in
Removing print/jabref/files/jabref.desktop.in
Removing print/jabref/files/JabRef-icon-48.png
Removing print/jabref/distinfo
Removing print/jabref/Makefile
Removing net-mgmt/zabbix44-server/pkg-plist.java
Removing net-mgmt/zabbix44-server/pkg-plist.frontend
Removing net-mgmt/zabbix44-server/pkg-plist.agent
Removing net-mgmt/zabbix44-server/pkg-plist
Removing net-mgmt/zabbix44-server/pkg-descr
Removing net-mgmt/zabbix44-server/files/zabbix_server.in
Removing net-mgmt/zabbix44-server/files/zabbix_proxy.in
Removing net-mgmt/zabbix44-server/files/zabbix_java.in
Removing net-mgmt/zabbix44-server/files/zabbix_agentd.in
Removing net-mgmt/zabbix44-server/files/pkg-message.in
Removing net-mgmt/zabbix44-server/distinfo
Removing net-mgmt/zabbix44-server/Makefile
Removing net-mgmt/zabbix44-proxy/Makefile
Removing net-mgmt/zabbix44-java/Makefile
Removing net-mgmt/zabbix44-frontend/Makefile
Removing net-mgmt/zabbix44-agent/Makefile
Removing net-im/py-sleekxmpp/pkg-descr
Removing net-im/py-sleekxmpp/distinfo
Removing net-im/py-sleekxmpp/Makefile
Removing java/openjfx8-scenebuilder/pkg-descr
Removing java/openjfx8-scenebuilder/files/scenebuilder.in
Removing java/openjfx8-scenebuilder/distinfo
Removing java/openjfx8-scenebuilder/Makefile
Removing java/openjfx8-devel/pkg-plist
Removing java/openjfx8-devel/pkg-descr
Removing java/openjfx8-devel/files/sndiosink.h
Removing java/openjfx8-devel/files/sndiosink.c
Removing java/openjfx8-devel/files/patch-modules_web_src_main_native_Tools_Scripts_webkitdirs.pm
Removing java/openjfx8-devel/files/patch-modules_web_src_main_native_Tools_DumpRenderTree_java_CMakeLists.txt
Removing java/openjfx8-devel/files/patch-modules_web_src_main_native_Tools_DumpRenderTree_TestRunner.cpp
Removing java/openjfx8-devel/files/patch-modules_web_src_main_native_Source_cmake_WebKitCompilerFlags.cmake
Removing java/openjfx8-devel/files/patch-modules_web_src_main_native_Source_cmake_OptionsJava.cmake
Removing java/openjfx8-devel/files/patch-modules_web_src_main_native_Source_WebCore_dom_Document.cpp
Removing java/openjfx8-devel/files/patch-modules_web_src_main_native_Source_WTF_wtf_unicode_java_UnicodeJava.h
Removing java/openjfx8-devel/files/patch-modules_web_src_main_native_Source_WTF_wtf_Optional.h
Removing java/openjfx8-devel/files/patch-modules_web_src_main_native_Source_WTF_wtf_CMakeLists.txt
Removing java/openjfx8-devel/files/patch-modules_web_src_main_native_Source_PlatformJava.cmake
Removing java/openjfx8-devel/files/patch-modules_swing_src_main_java_javafx_embed_swing_SwingNode.java
Removing java/openjfx8-devel/files/patch-modules_swing_src_main_java_javafx_embed_swing_JFXPanel.java
Removing java/openjfx8-devel/files/patch-modules_media_src_main_native_jfxmedia_projects_bsd_Makefile
Removing java/openjfx8-devel/files/patch-modules_media_src_main_native_jfxmedia_platform_gstreamer_GstPipelineFactory.cpp
Removing java/openjfx8-devel/files/patch-modules_media_src_main_native_gstreamer_projects_bsd_gstreamer-lite_Makefile
Removing java/openjfx8-devel/files/patch-modules_media_src_main_native_gstreamer_projects_bsd_fxplugins_Makefile
Removing java/openjfx8-devel/files/patch-modules_media_src_main_native_gstreamer_projects_bsd_avplugin_Makefile
Removing java/openjfx8-devel/files/patch-modules_media_src_main_native_gstreamer_gstreamer-lite_projects_build_linux_common_config.h
Removing java/openjfx8-devel/files/patch-modules_media_src_main_native_gstreamer_gstreamer-lite_gstreamer_gst_gstregistry.c
Removing java/openjfx8-devel/files/patch-modules_media_src_main_java_com_sun_media_jfxmediaimpl_NativeMediaManager.java
Removing java/openjfx8-devel/files/patch-modules_media_src_main_java_com_sun_media_jfxmediaimpl_HostUtils.java
Removing java/openjfx8-devel/files/patch-modules_graphics_src_main_native-prism-es2_PrismES2Defs.h
Removing java/openjfx8-devel/files/patch-modules_graphics_src_main_native-glass_gtk_wrapped.c
Removing java/openjfx8-devel/files/patch-modules_graphics_src_main_native-glass_gtk_launcher.c
Removing java/openjfx8-devel/files/patch-modules_graphics_src_main_native-glass_gtk_glass__window.h
Removing java/openjfx8-devel/files/patch-modules_graphics_src_main_native-glass_gtk_glass__evloop.cpp
Removing java/openjfx8-devel/files/patch-modules_graphics_src_main_native-glass_gtk_GlassApplication.cpp
Removing java/openjfx8-devel/files/patch-modules_graphics_src_main_native-font_pango.c
Removing java/openjfx8-devel/files/patch-modules_graphics_src_main_native-font_freetype.c
Removing java/openjfx8-devel/files/patch-modules_graphics_src_main_native-font_fontpath__linux.c
Removing java/openjfx8-devel/files/patch-modules_graphics_src_main_java_com_sun_prism_impl_PrismSettings.java
Removing java/openjfx8-devel/files/patch-modules_graphics_src_main_java_com_sun_javafx_tk_quantum_WindowStage.java
Removing java/openjfx8-devel/files/patch-modules_graphics_src_main_java_com_sun_javafx_tk_quantum_GlassSystemMenu.java
Removing java/openjfx8-devel/files/patch-modules_graphics_src_main_java_com_sun_javafx_tk_Toolkit.java
Removing java/openjfx8-devel/files/patch-modules_graphics_src_main_java_com_sun_javafx_font_PrismFontFactory.java
Removing java/openjfx8-devel/files/patch-modules_graphics_src_main_java_com_sun_javafx_font_LogicalFont.java
Removing java/openjfx8-devel/files/patch-modules_graphics_src_main_java_com_sun_glass_utils_NativeLibLoader.java
Removing java/openjfx8-devel/files/patch-modules_graphics_src_main_java_com_sun_glass_ui_Platform.java
Removing java/openjfx8-devel/files/patch-modules_fxpackager_src_main_native_library_common_PosixPlatform.cpp
Removing java/openjfx8-devel/files/patch-modules_controls_src_main_java_com_sun_javafx_scene_control_behavior_TextInputControlBindings.java
Removing java/openjfx8-devel/files/patch-modules_controls_src_main_java_com_sun_javafx_scene_control_behavior_TextInputControlBehavior.java
Removing java/openjfx8-devel/files/patch-modules_base_src_main_java_com_sun_javafx_PlatformUtil.java
Removing java/openjfx8-devel/files/patch-git_c3cf651
Removing java/openjfx8-devel/files/patch-buildSrc_build.gradle
Removing java/openjfx8-devel/files/patch-build.gradle
Removing java/openjfx8-devel/files/gstsndio.h
Removing java/openjfx8-devel/files/gstsndio.c
Removing java/openjfx8-devel/distinfo
Removing java/openjfx8-devel/Makefile
Removing graphics/jpeg/pkg-plist
Removing graphics/jpeg/pkg-descr
Removing graphics/jpeg/files/patch-transupp.h
Removing graphics/jpeg/files/patch-transupp.c
Removing graphics/jpeg/files/patch-rdjpgcom.c
Removing graphics/jpeg/files/patch-jpegtran.c
Removing graphics/jpeg/files/patch-jpegtran.1
Removing graphics/jpeg/files/patch-jmorecfg.h
Removing graphics/jpeg/files/patch-jconfig.cfg
Removing graphics/jpeg/files/patch-exifautotran
Removing graphics/jpeg/files/patch-djpeg.c
Removing graphics/jpeg/distinfo
Removing graphics/jpeg/Makefile
Removing german/mediathekview/pkg-plist
Removing german/mediathekview/pkg-descr
Removing german/mediathekview/files/mediathekview.in
Removing german/mediathekview/distinfo
Removing german/mediathekview/Makefile
Auto-merging emulators/mednafen/Makefile
Auto-merging editors/emacs-devel/Makefile
Removing devel/pylint1/pkg-plist
Removing devel/pylint1/pkg-descr
Removing devel/pylint1/distinfo
Removing devel/pylint1/Makefile
Removing devel/py-astroid1/pkg-descr
Removing devel/py-astroid1/distinfo
Removing devel/py-astroid1/Makefile
Removing devel/gradle4/pkg-plist
Removing devel/gradle4/pkg-descr
Removing devel/gradle4/files/gradle.in
Removing devel/gradle4/distinfo
Removing devel/gradle4/Makefile
Removing databases/mongodb40/files/patch-asio-libc++7
Removing databases/datamodeler/pkg-plist
Removing databases/datamodeler/pkg-descr
Removing databases/datamodeler/files/datamodeler.script.sh.in
Removing databases/datamodeler/distinfo
Removing databases/datamodeler/Makefile
Auto-merging biology/diamond/Makefile
Merge made by the 'recursive' strategy.
 LEGAL                                              |    1 -
 MOVED                                              |   16 +
 Mk/Scripts/qa.sh                                   |    2 +-
 Mk/Uses/jpeg.mk                                    |    2 +-
 Mk/Uses/kde.mk                                     |    2 +-
 UPDATING                                           |   11 +
 audio/libopenmpt/Makefile                          |    2 +-
 audio/libopenmpt/distinfo                          |    6 +-
 audio/plasma5-plasma-pa/distinfo                   |    6 +-
 biology/diamond/Makefile                           |    2 +-
 biology/diamond/distinfo                           |    6 +-
 databases/Makefile                                 |    1 -
 databases/datamodeler/Makefile                     |   92 -
 databases/datamodeler/distinfo                     |    3 -
 .../datamodeler/files/datamodeler.script.sh.in     |    7 -
 databases/datamodeler/pkg-descr                    |    6 -
 databases/datamodeler/pkg-plist                    | 1795 --------------------
 databases/mongodb-tools/Makefile                   |    2 +-
 databases/mongodb-tools/distinfo                   |    6 +-
 databases/mongodb40-tools/Makefile                 |    4 +-
 databases/mongodb40-tools/distinfo                 |    6 +-
 databases/mongodb40/Makefile                       |    7 +-
 databases/mongodb40/distinfo                       |    6 +-
 databases/mongodb40/files/patch-asio-libc++7       |   15 -
 databases/mongodb40/pkg-descr                      |    2 +-
 deskutils/plasma5-milou/distinfo                   |    6 +-
 deskutils/plasma5-sddm-kcm/distinfo                |    6 +-
 devel/Makefile                                     |    3 -
 devel/gradle4/Makefile                             |   35 -
 devel/gradle4/distinfo                             |    3 -
 devel/gradle4/files/gradle.in                      |    2 -
 devel/gradle4/pkg-descr                            |   16 -
 devel/gradle4/pkg-plist                            |  198 ---
 devel/plasma5-khotkeys/distinfo                    |    6 +-
 devel/plasma5-kwrited/distinfo                     |    6 +-
 devel/plasma5-plasma-sdk/distinfo                  |    6 +-
 devel/py-astroid1/Makefile                         |   39 -
 devel/py-astroid1/distinfo                         |    3 -
 devel/py-astroid1/pkg-descr                        |   14 -
 devel/pylint1/Makefile                             |   46 -
 devel/pylint1/distinfo                             |    3 -
 devel/pylint1/pkg-descr                            |   12 -
 devel/pylint1/pkg-plist                            | 1088 ------------
 editors/emacs-devel/Makefile                       |    4 +-
 editors/emacs-devel/distinfo                       |    6 +-
 emulators/mednafen/Makefile                        |    3 +-
 emulators/mednafen/distinfo                        |    6 +-
 .../mednafen/files/patch-src-drivers_Joystick.cpp  |   20 +
 emulators/wine/Makefile                            |    8 +-
 games/pentobi/Makefile                             |    3 +-
 games/pentobi/distinfo                             |    6 +-
 .../files/patch-pentobi_unix_CMakeLists.txt        |    8 +-
 games/pentobi/pkg-plist                            |   15 +
 german/Makefile                                    |    1 -
 german/mediathekview/Makefile                      |   62 -
 german/mediathekview/distinfo                      |    3 -
 german/mediathekview/files/mediathekview.in        |    6 -
 german/mediathekview/pkg-descr                     |   10 -
 german/mediathekview/pkg-plist                     |  282 ---
 graphics/Makefile                                  |    1 -
 graphics/jpeg/Makefile                             |   59 -
 graphics/jpeg/distinfo                             |    6 -
 graphics/jpeg/files/patch-djpeg.c                  |   20 -
 graphics/jpeg/files/patch-exifautotran             |    7 -
 graphics/jpeg/files/patch-jconfig.cfg              |   15 -
 graphics/jpeg/files/patch-jmorecfg.h               |   15 -
 graphics/jpeg/files/patch-jpegtran.1               |   44 -
 graphics/jpeg/files/patch-jpegtran.c               |  248 ---
 graphics/jpeg/files/patch-rdjpgcom.c               |  202 ---
 graphics/jpeg/files/patch-transupp.c               |  560 ------
 graphics/jpeg/files/patch-transupp.h               |   42 -
 graphics/jpeg/pkg-descr                            |   19 -
 graphics/jpeg/pkg-plist                            |   31 -
 java/Makefile                                      |    2 -
 java/openjfx8-devel/Makefile                       |  151 --
 java/openjfx8-devel/distinfo                       |    3 -
 java/openjfx8-devel/files/gstsndio.c               |  396 -----
 java/openjfx8-devel/files/gstsndio.h               |   78 -
 java/openjfx8-devel/files/patch-build.gradle       |  337 ----
 .../files/patch-buildSrc_build.gradle              |   18 -
 java/openjfx8-devel/files/patch-git_c3cf651        |   77 -
 ..._src_main_java_com_sun_javafx_PlatformUtil.java |   37 -
 ..._control_behavior_TextInputControlBehavior.java |   20 -
 ..._control_behavior_TextInputControlBindings.java |   11 -
 ...rc_main_native_library_common_PosixPlatform.cpp |   18 -
 ...cs_src_main_java_com_sun_glass_ui_Platform.java |   20 -
 ...n_java_com_sun_glass_utils_NativeLibLoader.java |   20 -
 ..._main_java_com_sun_javafx_font_LogicalFont.java |   11 -
 ..._java_com_sun_javafx_font_PrismFontFactory.java |   54 -
 ...cs_src_main_java_com_sun_javafx_tk_Toolkit.java |   11 -
 ..._com_sun_javafx_tk_quantum_GlassSystemMenu.java |   35 -
 ...java_com_sun_javafx_tk_quantum_WindowStage.java |   11 -
 ...main_java_com_sun_prism_impl_PrismSettings.java |   20 -
 ...graphics_src_main_native-font_fontpath__linux.c |   11 -
 ...odules_graphics_src_main_native-font_freetype.c |   15 -
 ...h-modules_graphics_src_main_native-font_pango.c |   15 -
 ..._src_main_native-glass_gtk_GlassApplication.cpp |   10 -
 ...ics_src_main_native-glass_gtk_glass__evloop.cpp |   17 -
 ...phics_src_main_native-glass_gtk_glass__window.h |   16 -
 ...s_graphics_src_main_native-glass_gtk_launcher.c |   10 -
 ...es_graphics_src_main_native-glass_gtk_wrapped.c |   10 -
 ...aphics_src_main_native-prism-es2_PrismES2Defs.h |   11 -
 ..._java_com_sun_media_jfxmediaimpl_HostUtils.java |   13 -
 ..._sun_media_jfxmediaimpl_NativeMediaManager.java |   11 -
 ...amer_gstreamer-lite_gstreamer_gst_gstregistry.c |   11 -
 ...eamer-lite_projects_build_linux_common_config.h |   18 -
 ...native_gstreamer_projects_bsd_avplugin_Makefile |   29 -
 ...ative_gstreamer_projects_bsd_fxplugins_Makefile |   28 -
 ..._gstreamer_projects_bsd_gstreamer-lite_Makefile |   42 -
 ...media_platform_gstreamer_GstPipelineFactory.cpp |   11 -
 ..._src_main_native_jfxmedia_projects_bsd_Makefile |   50 -
 ..._src_main_java_javafx_embed_swing_JFXPanel.java |   20 -
 ...src_main_java_javafx_embed_swing_SwingNode.java |   11 -
 ...s_web_src_main_native_Source_PlatformJava.cmake |    8 -
 ...b_src_main_native_Source_WTF_wtf_CMakeLists.txt |   10 -
 ...s_web_src_main_native_Source_WTF_wtf_Optional.h |   17 -
 ...ative_Source_WTF_wtf_unicode_java_UnicodeJava.h |   24 -
 ...src_main_native_Source_WebCore_dom_Document.cpp |   42 -
 ..._src_main_native_Source_cmake_OptionsJava.cmake |   21 -
 ...n_native_Source_cmake_WebKitCompilerFlags.cmake |   13 -
 ...main_native_Tools_DumpRenderTree_TestRunner.cpp |   11 -
 ...native_Tools_DumpRenderTree_java_CMakeLists.txt |   12 -
 ...web_src_main_native_Tools_Scripts_webkitdirs.pm |   11 -
 java/openjfx8-devel/files/sndiosink.c              |  226 ---
 java/openjfx8-devel/files/sndiosink.h              |   57 -
 java/openjfx8-devel/pkg-descr                      |    6 -
 java/openjfx8-devel/pkg-plist                      |   24 -
 java/openjfx8-scenebuilder/Makefile                |   41 -
 java/openjfx8-scenebuilder/distinfo                |    3 -
 java/openjfx8-scenebuilder/files/scenebuilder.in   |    2 -
 java/openjfx8-scenebuilder/pkg-descr               |   12 -
 mail/getmail6/Makefile                             |    2 +-
 mail/getmail6/distinfo                             |    6 +-
 mail/getmail6/files/patch-setup.py                 |    4 +-
 mail/thunderbird/Makefile                          |    5 +-
 mail/thunderbird/distinfo                          |    6 +-
 math/gfanlib/Makefile                              |    4 +-
 math/gfanlib/pkg-descr                             |   18 +-
 multimedia/plexmediaserver-plexpass/Makefile       |    4 +-
 multimedia/plexmediaserver-plexpass/distinfo       |    6 +-
 multimedia/plexmediaserver/Makefile                |    4 +-
 multimedia/plexmediaserver/distinfo                |    6 +-
 net-im/Makefile                                    |    1 -
 net-im/py-sleekxmpp/Makefile                       |   26 -
 net-im/py-sleekxmpp/distinfo                       |    3 -
 net-im/py-sleekxmpp/pkg-descr                      |    5 -
 net-mgmt/Makefile                                  |    5 -
 net-mgmt/zabbix44-agent/Makefile                   |   14 -
 net-mgmt/zabbix44-frontend/Makefile                |   34 -
 net-mgmt/zabbix44-java/Makefile                    |   15 -
 net-mgmt/zabbix44-proxy/Makefile                   |   12 -
 net-mgmt/zabbix44-server/Makefile                  |  221 ---
 net-mgmt/zabbix44-server/distinfo                  |    3 -
 net-mgmt/zabbix44-server/files/pkg-message.in      |   45 -
 net-mgmt/zabbix44-server/files/zabbix_agentd.in    |   64 -
 net-mgmt/zabbix44-server/files/zabbix_java.in      |   47 -
 net-mgmt/zabbix44-server/files/zabbix_proxy.in     |   65 -
 net-mgmt/zabbix44-server/files/zabbix_server.in    |   66 -
 net-mgmt/zabbix44-server/pkg-descr                 |   10 -
 net-mgmt/zabbix44-server/pkg-plist                 |   24 -
 net-mgmt/zabbix44-server/pkg-plist.agent           |    9 -
 net-mgmt/zabbix44-server/pkg-plist.frontend        | 1015 -----------
 net-mgmt/zabbix44-server/pkg-plist.java            |   11 -
 print/Makefile                                     |    1 -
 print/jabref/Makefile                              |   47 -
 print/jabref/distinfo                              |    3 -
 print/jabref/files/JabRef-icon-48.png              |  Bin 2028 -> 0 bytes
 print/jabref/files/jabref.desktop.in               |   11 -
 print/jabref/files/jabref.sh.in                    |    5 -
 print/jabref/pkg-descr                             |   16 -
 print/jabref/pkg-plist                             |    4 -
 print/lilypond-devel/Makefile                      |    2 +-
 print/lilypond-devel/distinfo                      |    6 +-
 science/Makefile                                   |    1 -
 science/datawarrior/Makefile                       |   54 -
 science/datawarrior/distinfo                       |    3 -
 science/datawarrior/pkg-descr                      |   15 -
 security/acme.sh/Makefile                          |    2 +-
 security/acme.sh/distinfo                          |    6 +-
 security/acme.sh/pkg-plist                         |    7 +
 security/plasma5-kscreenlocker/distinfo            |    6 +-
 security/plasma5-ksshaskpass/distinfo              |    6 +-
 security/plasma5-kwallet-pam/distinfo              |    6 +-
 security/vuxml/vuln.xml                            |   52 +
 sysutils/doctl/Makefile                            |    2 +-
 sysutils/doctl/distinfo                            |    6 +-
 sysutils/fluent-bit/Makefile                       |    7 +-
 sysutils/plasma5-discover/distinfo                 |    6 +-
 sysutils/plasma5-drkonqi/distinfo                  |    6 +-
 sysutils/plasma5-kde-cli-tools/distinfo            |    6 +-
 sysutils/plasma5-kinfocenter/distinfo              |    6 +-
 sysutils/plasma5-kinfocenter/pkg-plist             |    1 -
 sysutils/plasma5-kmenuedit/distinfo                |    6 +-
 sysutils/plasma5-ksysguard/distinfo                |    6 +-
 sysutils/plasma5-libksysguard/distinfo             |    6 +-
 sysutils/plasma5-libksysguard/pkg-plist            |    2 +
 sysutils/plasma5-plasma-disks/distinfo             |    6 +-
 sysutils/plasma5-polkit-kde-agent-1/distinfo       |    6 +-
 sysutils/plasma5-powerdevil/distinfo               |    6 +-
 sysutils/plasma5-systemsettings/distinfo           |    6 +-
 sysutils/radmind/Makefile                          |    1 -
 sysutils/rubygem-vagrant_cloud/Makefile            |    2 +-
 sysutils/rubygem-vagrant_cloud/distinfo            |    6 +-
 sysutils/slurm-wlm/Makefile                        |    2 +-
 sysutils/slurm-wlm/files/patch-c8be6ceb.c          |   25 -
 sysutils/slurm-wlm/files/patch-configure           |   38 +
 .../slurm-wlm/files/patch-src_scancel_scancel.c    |   10 +
 .../slurm-wlm/files/patch-src_scancel_scancel.h    |   11 +
 sysutils/vagrant/Makefile                          |   13 +-
 sysutils/vagrant/distinfo                          |    6 +-
 sysutils/vagrant/files/patch-gemspec               |   26 +-
 sysutils/vagrant/pkg-plist                         |   56 +-
 textproc/csvq/Makefile                             |    2 +-
 textproc/csvq/distinfo                             |    6 +-
 www/plasma5-plasma-browser-integration/distinfo    |    6 +-
 www/youtube_dl/Makefile                            |    2 +-
 www/youtube_dl/distinfo                            |    6 +-
 x11-servers/xorg-server/Makefile                   |    6 +-
 x11-servers/xorg-server/distinfo                   |    6 +-
 x11-servers/xwayland/Makefile                      |    2 +-
 x11-themes/plasma5-breeze-gtk/distinfo             |    6 +-
 x11-themes/plasma5-breeze/distinfo                 |    6 +-
 x11-themes/plasma5-kde-gtk-config/distinfo         |    6 +-
 x11-themes/plasma5-oxygen/distinfo                 |    6 +-
 .../plasma5-plasma-workspace-wallpapers/distinfo   |    6 +-
 x11-toolkits/plasma5-kdeplasma-addons/distinfo     |    6 +-
 x11-toolkits/plasma5-kdeplasma-addons/pkg-plist    |    2 +
 x11-wm/plasma5-kdecoration/distinfo                |    6 +-
 x11-wm/plasma5-kwin/distinfo                       |    6 +-
 x11/plasma5-kactivitymanagerd/distinfo             |    6 +-
 x11/plasma5-kgamma5/distinfo                       |    6 +-
 x11/plasma5-kscreen/distinfo                       |    6 +-
 x11/plasma5-kwayland-integration/distinfo          |    6 +-
 x11/plasma5-kwayland-server/distinfo               |    6 +-
 x11/plasma5-libkscreen/distinfo                    |    6 +-
 x11/plasma5-plasma-desktop/distinfo                |    6 +-
 x11/plasma5-plasma-integration/distinfo            |    6 +-
 x11/plasma5-plasma-workspace/distinfo              |    6 +-
 x11/plasma5-plasma-workspace/pkg-plist             |    3 +
 x11/xmenu/Makefile                                 |    4 +-
 x11/xmenu/distinfo                                 |    6 +-
 x11/xmenu/files/patch-Makefile                     |   13 +-
 242 files changed, 499 insertions(+), 9401 deletions(-)
 delete mode 100644 databases/datamodeler/Makefile
 delete mode 100644 databases/datamodeler/distinfo
 delete mode 100644 databases/datamodeler/files/datamodeler.script.sh.in
 delete mode 100644 databases/datamodeler/pkg-descr
 delete mode 100644 databases/datamodeler/pkg-plist
 delete mode 100644 databases/mongodb40/files/patch-asio-libc++7
 delete mode 100644 devel/gradle4/Makefile
 delete mode 100644 devel/gradle4/distinfo
 delete mode 100644 devel/gradle4/files/gradle.in
 delete mode 100644 devel/gradle4/pkg-descr
 delete mode 100644 devel/gradle4/pkg-plist
 delete mode 100644 devel/py-astroid1/Makefile
 delete mode 100644 devel/py-astroid1/distinfo
 delete mode 100644 devel/py-astroid1/pkg-descr
 delete mode 100644 devel/pylint1/Makefile
 delete mode 100644 devel/pylint1/distinfo
 delete mode 100644 devel/pylint1/pkg-descr
 delete mode 100644 devel/pylint1/pkg-plist
 create mode 100644 emulators/mednafen/files/patch-src-drivers_Joystick.cpp
 delete mode 100644 german/mediathekview/Makefile
 delete mode 100644 german/mediathekview/distinfo
 delete mode 100644 german/mediathekview/files/mediathekview.in
 delete mode 100644 german/mediathekview/pkg-descr
 delete mode 100644 german/mediathekview/pkg-plist
 delete mode 100644 graphics/jpeg/Makefile
 delete mode 100644 graphics/jpeg/distinfo
 delete mode 100644 graphics/jpeg/files/patch-djpeg.c
 delete mode 100644 graphics/jpeg/files/patch-exifautotran
 delete mode 100644 graphics/jpeg/files/patch-jconfig.cfg
 delete mode 100644 graphics/jpeg/files/patch-jmorecfg.h
 delete mode 100644 graphics/jpeg/files/patch-jpegtran.1
 delete mode 100644 graphics/jpeg/files/patch-jpegtran.c
 delete mode 100644 graphics/jpeg/files/patch-rdjpgcom.c
 delete mode 100644 graphics/jpeg/files/patch-transupp.c
 delete mode 100644 graphics/jpeg/files/patch-transupp.h
 delete mode 100644 graphics/jpeg/pkg-descr
 delete mode 100644 graphics/jpeg/pkg-plist
 delete mode 100644 java/openjfx8-devel/Makefile
 delete mode 100644 java/openjfx8-devel/distinfo
 delete mode 100644 java/openjfx8-devel/files/gstsndio.c
 delete mode 100644 java/openjfx8-devel/files/gstsndio.h
 delete mode 100644 java/openjfx8-devel/files/patch-build.gradle
 delete mode 100644 java/openjfx8-devel/files/patch-buildSrc_build.gradle
 delete mode 100644 java/openjfx8-devel/files/patch-git_c3cf651
 delete mode 100644 java/openjfx8-devel/files/patch-modules_base_src_main_java_com_sun_javafx_PlatformUtil.java
 delete mode 100644 java/openjfx8-devel/files/patch-modules_controls_src_main_java_com_sun_javafx_scene_control_behavior_TextInputControlBehavior.java
 delete mode 100644 java/openjfx8-devel/files/patch-modules_controls_src_main_java_com_sun_javafx_scene_control_behavior_TextInputControlBindings.java
 delete mode 100644 java/openjfx8-devel/files/patch-modules_fxpackager_src_main_native_library_common_PosixPlatform.cpp
 delete mode 100644 java/openjfx8-devel/files/patch-modules_graphics_src_main_java_com_sun_glass_ui_Platform.java
 delete mode 100644 java/openjfx8-devel/files/patch-modules_graphics_src_main_java_com_sun_glass_utils_NativeLibLoader.java
 delete mode 100644 java/openjfx8-devel/files/patch-modules_graphics_src_main_java_com_sun_javafx_font_LogicalFont.java
 delete mode 100644 java/openjfx8-devel/files/patch-modules_graphics_src_main_java_com_sun_javafx_font_PrismFontFactory.java
 delete mode 100644 java/openjfx8-devel/files/patch-modules_graphics_src_main_java_com_sun_javafx_tk_Toolkit.java
 delete mode 100644 java/openjfx8-devel/files/patch-modules_graphics_src_main_java_com_sun_javafx_tk_quantum_GlassSystemMenu.java
 delete mode 100644 java/openjfx8-devel/files/patch-modules_graphics_src_main_java_com_sun_javafx_tk_quantum_WindowStage.java
 delete mode 100644 java/openjfx8-devel/files/patch-modules_graphics_src_main_java_com_sun_prism_impl_PrismSettings.java
 delete mode 100644 java/openjfx8-devel/files/patch-modules_graphics_src_main_native-font_fontpath__linux.c
 delete mode 100644 java/openjfx8-devel/files/patch-modules_graphics_src_main_native-font_freetype.c
 delete mode 100644 java/openjfx8-devel/files/patch-modules_graphics_src_main_native-font_pango.c
 delete mode 100644 java/openjfx8-devel/files/patch-modules_graphics_src_main_native-glass_gtk_GlassApplication.cpp
 delete mode 100644 java/openjfx8-devel/files/patch-modules_graphics_src_main_native-glass_gtk_glass__evloop.cpp
 delete mode 100644 java/openjfx8-devel/files/patch-modules_graphics_src_main_native-glass_gtk_glass__window.h
 delete mode 100644 java/openjfx8-devel/files/patch-modules_graphics_src_main_native-glass_gtk_launcher.c
 delete mode 100644 java/openjfx8-devel/files/patch-modules_graphics_src_main_native-glass_gtk_wrapped.c
 delete mode 100644 java/openjfx8-devel/files/patch-modules_graphics_src_main_native-prism-es2_PrismES2Defs.h
 delete mode 100644 java/openjfx8-devel/files/patch-modules_media_src_main_java_com_sun_media_jfxmediaimpl_HostUtils.java
 delete mode 100644 java/openjfx8-devel/files/patch-modules_media_src_main_java_com_sun_media_jfxmediaimpl_NativeMediaManager.java
 delete mode 100644 java/openjfx8-devel/files/patch-modules_media_src_main_native_gstreamer_gstreamer-lite_gstreamer_gst_gstregistry.c
 delete mode 100644 java/openjfx8-devel/files/patch-modules_media_src_main_native_gstreamer_gstreamer-lite_projects_build_linux_common_config.h
 delete mode 100644 java/openjfx8-devel/files/patch-modules_media_src_main_native_gstreamer_projects_bsd_avplugin_Makefile
 delete mode 100644 java/openjfx8-devel/files/patch-modules_media_src_main_native_gstreamer_projects_bsd_fxplugins_Makefile
 delete mode 100644 java/openjfx8-devel/files/patch-modules_media_src_main_native_gstreamer_projects_bsd_gstreamer-lite_Makefile
 delete mode 100644 java/openjfx8-devel/files/patch-modules_media_src_main_native_jfxmedia_platform_gstreamer_GstPipelineFactory.cpp
 delete mode 100644 java/openjfx8-devel/files/patch-modules_media_src_main_native_jfxmedia_projects_bsd_Makefile
 delete mode 100644 java/openjfx8-devel/files/patch-modules_swing_src_main_java_javafx_embed_swing_JFXPanel.java
 delete mode 100644 java/openjfx8-devel/files/patch-modules_swing_src_main_java_javafx_embed_swing_SwingNode.java
 delete mode 100644 java/openjfx8-devel/files/patch-modules_web_src_main_native_Source_PlatformJava.cmake
 delete mode 100644 java/openjfx8-devel/files/patch-modules_web_src_main_native_Source_WTF_wtf_CMakeLists.txt
 delete mode 100644 java/openjfx8-devel/files/patch-modules_web_src_main_native_Source_WTF_wtf_Optional.h
 delete mode 100644 java/openjfx8-devel/files/patch-modules_web_src_main_native_Source_WTF_wtf_unicode_java_UnicodeJava.h
 delete mode 100644 java/openjfx8-devel/files/patch-modules_web_src_main_native_Source_WebCore_dom_Document.cpp
 delete mode 100644 java/openjfx8-devel/files/patch-modules_web_src_main_native_Source_cmake_OptionsJava.cmake
 delete mode 100644 java/openjfx8-devel/files/patch-modules_web_src_main_native_Source_cmake_WebKitCompilerFlags.cmake
 delete mode 100644 java/openjfx8-devel/files/patch-modules_web_src_main_native_Tools_DumpRenderTree_TestRunner.cpp
 delete mode 100644 java/openjfx8-devel/files/patch-modules_web_src_main_native_Tools_DumpRenderTree_java_CMakeLists.txt
 delete mode 100644 java/openjfx8-devel/files/patch-modules_web_src_main_native_Tools_Scripts_webkitdirs.pm
 delete mode 100644 java/openjfx8-devel/files/sndiosink.c
 delete mode 100644 java/openjfx8-devel/files/sndiosink.h
 delete mode 100644 java/openjfx8-devel/pkg-descr
 delete mode 100644 java/openjfx8-devel/pkg-plist
 delete mode 100644 java/openjfx8-scenebuilder/Makefile
 delete mode 100644 java/openjfx8-scenebuilder/distinfo
 delete mode 100644 java/openjfx8-scenebuilder/files/scenebuilder.in
 delete mode 100644 java/openjfx8-scenebuilder/pkg-descr
 delete mode 100644 net-im/py-sleekxmpp/Makefile
 delete mode 100644 net-im/py-sleekxmpp/distinfo
 delete mode 100644 net-im/py-sleekxmpp/pkg-descr
 delete mode 100644 net-mgmt/zabbix44-agent/Makefile
 delete mode 100644 net-mgmt/zabbix44-frontend/Makefile
 delete mode 100644 net-mgmt/zabbix44-java/Makefile
 delete mode 100644 net-mgmt/zabbix44-proxy/Makefile
 delete mode 100644 net-mgmt/zabbix44-server/Makefile
 delete mode 100644 net-mgmt/zabbix44-server/distinfo
 delete mode 100644 net-mgmt/zabbix44-server/files/pkg-message.in
 delete mode 100644 net-mgmt/zabbix44-server/files/zabbix_agentd.in
 delete mode 100644 net-mgmt/zabbix44-server/files/zabbix_java.in
 delete mode 100644 net-mgmt/zabbix44-server/files/zabbix_proxy.in
 delete mode 100644 net-mgmt/zabbix44-server/files/zabbix_server.in
 delete mode 100644 net-mgmt/zabbix44-server/pkg-descr
 delete mode 100644 net-mgmt/zabbix44-server/pkg-plist
 delete mode 100644 net-mgmt/zabbix44-server/pkg-plist.agent
 delete mode 100644 net-mgmt/zabbix44-server/pkg-plist.frontend
 delete mode 100644 net-mgmt/zabbix44-server/pkg-plist.java
 delete mode 100644 print/jabref/Makefile
 delete mode 100644 print/jabref/distinfo
 delete mode 100644 print/jabref/files/JabRef-icon-48.png
 delete mode 100644 print/jabref/files/jabref.desktop.in
 delete mode 100644 print/jabref/files/jabref.sh.in
 delete mode 100644 print/jabref/pkg-descr
 delete mode 100644 print/jabref/pkg-plist
 delete mode 100644 science/datawarrior/Makefile
 delete mode 100644 science/datawarrior/distinfo
 delete mode 100644 science/datawarrior/pkg-descr
 delete mode 100644 sysutils/slurm-wlm/files/patch-c8be6ceb.c
 create mode 100644 sysutils/slurm-wlm/files/patch-configure
 create mode 100644 sysutils/slurm-wlm/files/patch-src_scancel_scancel.c
 create mode 100644 sysutils/slurm-wlm/files/patch-src_scancel_scancel.h
=============================
HardenedBSD Master git Server
=============================

Please note that connections and activity to this server are logged.
This server, git-01.md.hardenedbsd.org, acts as the source-of-truth
server for the HardenedBSD repositories.

Banner last updated: 10 Feb 2020 09:32 EST

remote: To github.com:HardenedBSD/hardenedbsd-ports.git        
remote:    192976d8614e..4ccd36d8d01f  master -> master        
remote:    f9bcabdd16e4..192976d8614e  github/master -> github/master        
remote:  ! [remote rejected]           refs/pull/10/head -> refs/pull/10/head (deny updating a hidden ref)        
remote:  ! [remote rejected]           refs/pull/11/head -> refs/pull/11/head (deny updating a hidden ref)        
remote:  ! [remote rejected]           refs/pull/12/head -> refs/pull/12/head (deny updating a hidden ref)
remote:  ! [remote rejected]           refs/pull/14/head -> refs/pull/14/head (deny updating a hidden ref)
remote:  ! [remote rejected]           refs/pull/15/head -> refs/pull/15/head (deny updating a hidden ref)
remote:  ! [remote rejected]           refs/pull/2/head -> refs/pull/2/head (deny updating a hidden ref)        
remote:  ! [remote rejected]           refs/pull/9/head -> refs/pull/9/head (deny updating a hidden ref)        
remote: error: failed to push some refs to 'github.com:HardenedBSD/hardenedbsd-ports.git'        
remote: . Processing 1 references        
remote: Processed 1 references in total        
To git-01.md.hardenedbsd.org:HardenedBSD/hardenedbsd-ports.git
   192976d8614e..4ccd36d8d01f  master -> master
==== END: master ====
