==== BEGIN: master ====
current branch: master
mergeable branch: github/master
==== change branch ====
Already on 'master'
Your branch is up to date with 'origin/master'.
==== show current branch ====
* master
==== check for stale changes ====
==== update to latest origin ====
warning: Pulling without specifying how to reconcile divergent branches is
discouraged. You can squelch this message by running one of the following
commands sometime before your next pull:

  git config pull.rebase false  # merge (the default strategy)
  git config pull.rebase true   # rebase
  git config pull.ff only       # fast-forward only

You can replace "git config" with "git config --global" to set a default
preference for all repositories. You can also pass --rebase, --no-rebase,
or --ff-only on the command line to override the configured default per
invocation.

=============================
HardenedBSD Master git Server
=============================

Please note that connections and activity to this server are logged.
This server, git-01.md.hardenedbsd.org, acts as the source-of-truth
server for the HardenedBSD repositories.

Banner last updated: 10 Feb 2020 09:32 EST

Already up to date.
==== merge branches ====
==== merge github/master branch ====
Already up to date.
=============================
HardenedBSD Master git Server
=============================

Please note that connections and activity to this server are logged.
This server, git-01.md.hardenedbsd.org, acts as the source-of-truth
server for the HardenedBSD repositories.

Banner last updated: 10 Feb 2020 09:32 EST

Everything up-to-date
==== END: master ====
==== BEGIN: master ====
current branch: master
mergeable branch: freebsd/master
==== change branch ====
Already on 'master'
Your branch is up to date with 'origin/master'.
==== show current branch ====
* master
==== check for stale changes ====
==== update to latest origin ====
warning: Pulling without specifying how to reconcile divergent branches is
discouraged. You can squelch this message by running one of the following
commands sometime before your next pull:

  git config pull.rebase false  # merge (the default strategy)
  git config pull.rebase true   # rebase
  git config pull.ff only       # fast-forward only

You can replace "git config" with "git config --global" to set a default
preference for all repositories. You can also pass --rebase, --no-rebase,
or --ff-only on the command line to override the configured default per
invocation.

=============================
HardenedBSD Master git Server
=============================

Please note that connections and activity to this server are logged.
This server, git-01.md.hardenedbsd.org, acts as the source-of-truth
server for the HardenedBSD repositories.

Banner last updated: 10 Feb 2020 09:32 EST

Already up to date.
==== merge branches ====
==== merge freebsd/master branch ====
Removing x11/polybar/files/patch-lib_xpp_CMakeLists.txt
Removing sysutils/datadog/pkg-plist
Removing sysutils/datadog/files/pkg-message.in
Removing sysutils/datadog/files/patch-cmd_agent_common_common__nix.go
Removing sysutils/datadog/Makefile
Auto-merging security/sudo/Makefile
Removing net/cloud-init/files/patch-cloudinit_util.py
Removing net/cloud-init/files/patch-cloudinit_config_cc__resizefs.py
Auto-merging net/Makefile
Removing net-im/neochat/files/patch-CMakeLists.txt
Auto-merging multimedia/x265/Makefile
Auto-merging multimedia/obs-studio/Makefile
Removing multimedia/obs-streamfx/files/patch-source_util_util-curl.hpp
Auto-merging multimedia/mpv/Makefile
Auto-merging multimedia/ffmpeg/Makefile
Removing lang/angelscript/files/patch-as_config.h
Auto-merging irc/irssi/Makefile
Auto-merging graphics/gimp-app/Makefile
Removing devel/pecl-grpc/files/patch-src_php_ext_grpc_php__grpc.h
Removing devel/pecl-grpc/files/patch-src_php_ext_grpc_completion__queue.h
Removing devel/pecl-grpc/files/patch-src_php_ext_grpc_channel.c
Removing devel/libvirt/files/patch-src-network-meson.build
Removing devel/libpeas/files/patch-loaders_python_Makefile.in
Removing devel/libpeas/files/patch-loaders_python3_Makefile.in
Removing devel/libpeas/files/patch-Makefile.in
Auto-merging databases/tarantool/Makefile
Removing biology/viennarna/files/patch-src_bin_Makefile.in
Removing audio/praat/files/patch-external_portaudio_pa__unix__hostapis.c
Removing audio/praat/files/patch-external_portaudio_Makefile
Merge made by the 'recursive' strategy.
 MOVED                                              |   4 +
 archivers/unarr/Makefile                           |   2 +
 audio/ecasound/Makefile                            |  15 +-
 audio/ecasound/distinfo                            |   5 +-
 audio/ecasound/pkg-plist                           |   4 +-
 audio/musicpd/Makefile                             |   9 +-
 audio/praat/Makefile                               |  43 +--
 audio/praat/distinfo                               |   6 +-
 audio/praat/files/makefile.defs.freebsd.alsa       |  33 +-
 .../praat/files/patch-external_portaudio_Makefile  |  14 -
 .../patch-external_portaudio_pa__unix__hostapis.c  |  11 -
 audio/rhythmbox/pkg-plist                          |   2 +
 benchmarks/stress-ng/Makefile                      |   2 +-
 benchmarks/stress-ng/distinfo                      |   6 +-
 biology/viennarna/Makefile                         |   2 +-
 biology/viennarna/distinfo                         |   6 +-
 biology/viennarna/files/patch-src_bin_Makefile.in  |  13 -
 biology/viennarna/pkg-plist                        |   2 +
 cad/netgen-lvs/Makefile                            |   2 +-
 cad/netgen-lvs/distinfo                            |   6 +-
 cad/verilator/Makefile                             |   2 +-
 cad/verilator/distinfo                             |   6 +-
 comms/dcf77pi/Makefile                             |   2 +-
 comms/linrad/Makefile                              |  15 +-
 converters/p5-Convert-Binary-C/Makefile            |   2 +-
 converters/p5-Convert-Binary-C/distinfo            |   6 +-
 converters/p5-LaTeXML/Makefile                     |   5 +-
 converters/p5-LaTeXML/distinfo                     |   6 +-
 converters/p5-LaTeXML/pkg-plist                    |  15 +-
 databases/arrow/Makefile                           |   2 +
 databases/cego/Makefile                            |   2 +-
 databases/cego/distinfo                            |   6 +-
 databases/galera/Makefile                          |   1 +
 databases/galera26/Makefile                        |   1 +
 databases/libpg_query/Makefile                     |   2 +-
 .../patch-src_postgres_include_port_atomics.h      |  11 +
 databases/mariadb103-client/Makefile               |   1 +
 databases/mariadb103-client/pkg-plist              |   2 +-
 databases/mariadb103-server/Makefile               |   1 +
 .../files/patch-mysys_CMakeLists.txt               |  11 +
 .../files/patch-mysys_crc32_crc32c.cc              |  24 ++
 databases/memcached/Makefile                       |   3 +-
 databases/memcached/distinfo                       |   6 +-
 databases/memcached/files/patch-configure.ac       |   6 +-
 databases/memcached/files/patch-memcached.c        |  18 +-
 databases/p5-DBIx-AnyDBD/Makefile                  |   3 +-
 databases/p5-DBIx-AnyDBD/distinfo                  |   5 +-
 databases/p5-Tie-LevelDB/Makefile                  |   2 +-
 databases/pecl-mongodb/Makefile                    |   6 +-
 databases/pecl-mongodb/distinfo                    |   6 +-
 databases/pgmetrics/Makefile                       |   2 +-
 databases/pgmetrics/distinfo                       |   6 +-
 databases/py-pglast/Makefile                       |   1 +
 databases/tarantool/Makefile                       |   1 +
 databases/tile38/Makefile                          |   2 +-
 databases/tile38/pkg-descr                         |   2 +-
 deskutils/foliate/pkg-plist                        |   3 +
 devel/Makefile                                     |   5 +-
 devel/appstream-glib/Makefile                      |   3 +-
 devel/appstream-glib/distinfo                      |   6 +-
 devel/appstream-glib/pkg-plist                     |  11 +-
 devel/byaccj/Makefile                              |   2 +-
 devel/cligen/Makefile                              |   2 +-
 devel/cpu_features/Makefile                        |   4 +-
 devel/csmith/Makefile                              |   2 +-
 devel/dragon/Makefile                              |   2 +-
 devel/dragon/distinfo                              |   6 +-
 devel/elf/Makefile                                 |   2 +-
 devel/frama-c/Makefile                             |   2 +-
 devel/gdb/files/kgdb/fbsd-kvm.c                    |  19 +-
 devel/gitlab-runner/Makefile                       |  71 ++--
 devel/gitlab-runner/distinfo                       | 124 +++---
 devel/gitleaks/Makefile                            |  14 +-
 devel/gitleaks/distinfo                            |  30 +-
 devel/gocheese/Makefile                            |   2 +-
 devel/gocheese/distinfo                            |   6 +-
 devel/grex/Makefile                                | 125 ++++++
 devel/grex/distinfo                                | 197 ++++++++++
 devel/grex/pkg-descr                               |   7 +
 devel/kiwix-lib/Makefile                           |   1 +
 devel/lfcxml/Makefile                              |   2 +-
 devel/lfcxml/distinfo                              |   6 +-
 devel/libccid/Makefile                             |   2 +-
 devel/libjitterentropy/Makefile                    |   4 +-
 devel/libjitterentropy/distinfo                    |   6 +-
 devel/libjitterentropy/files/patch-Makefile        |  16 +-
 devel/libjitterentropy/pkg-plist                   |   4 +-
 devel/libpeas/Makefile                             |  45 ++-
 devel/libpeas/distinfo                             |   6 +-
 devel/libpeas/files/patch-Makefile.in              |  11 -
 .../files/patch-loaders_python3_Makefile.in        |  20 -
 .../libpeas/files/patch-loaders_python_Makefile.in |  20 -
 devel/libpeas/pkg-plist                            | 209 +++++-----
 devel/libtuntap/Makefile                           |   2 +-
 devel/libvirt/Makefile                             |   4 +-
 devel/libvirt/distinfo                             |   6 +-
 devel/libvirt/files/patch-src-network-meson.build  |  24 --
 devel/libvirt/files/patch-src_network_meson.build  |  17 +
 devel/libvirt/pkg-plist                            |   2 +
 devel/libzim/Makefile                              |   3 +-
 devel/libzim/distinfo                              |   6 +-
 devel/ncurses/Makefile                             |   2 +-
 devel/ncurses/distinfo                             |   6 +-
 devel/p5-Algorithm-C3/Makefile                     |   3 +-
 devel/p5-Algorithm-C3/distinfo                     |   5 +-
 devel/p5-Cache-FastMmap/Makefile                   |   2 +-
 devel/p5-Cache-FastMmap/distinfo                   |   6 +-
 devel/p5-Date-Manip/Makefile                       |   2 +-
 devel/p5-Date-Manip/distinfo                       |   6 +-
 devel/pcre2/Makefile                               |   2 +-
 devel/pcre2/distinfo                               |   6 +-
 devel/pcre2/pkg-plist                              |   6 +-
 devel/pcsc-lite/Makefile                           |   2 +-
 devel/pecl-grpc/Makefile                           |   2 +-
 devel/pecl-grpc/distinfo                           |   6 +-
 .../files/patch-src_php_ext_grpc_channel.c         |  20 -
 .../patch-src_php_ext_grpc_completion__queue.h     |  13 -
 .../files/patch-src_php_ext_grpc_php__grpc.h       |  17 -
 devel/pecl-xdebug/Makefile                         |   3 +-
 devel/pecl-xdebug/distinfo                         |   6 +-
 devel/pecl-xdebug/files/pkg-message.in             |   7 +-
 devel/py-enlighten/Makefile                        |   4 +-
 devel/py-enlighten/distinfo                        |   6 +-
 devel/py-enum-compat/Makefile                      |   2 +-
 devel/{py-git_semver => py-git-semver}/Makefile    |   3 +-
 devel/{py-git_semver => py-git-semver}/distinfo    |   0
 devel/{py-git_semver => py-git-semver}/pkg-descr   |   0
 devel/py-grpcio-tools/Makefile                     |   2 +-
 devel/py-grpcio-tools/distinfo                     |   6 +-
 devel/py-grpcio/Makefile                           |   2 +-
 devel/py-grpcio/distinfo                           |   6 +-
 devel/py-libpeas/pkg-plist                         |   3 +-
 devel/py-libvirt/Makefile                          |   2 +-
 devel/py-libvirt/distinfo                          |   6 +-
 devel/py-medikit/Makefile                          |   4 +-
 devel/py-preshed/Makefile                          |   5 +-
 devel/py-preshed/distinfo                          |   6 +-
 devel/py-pygdbmi/Makefile                          |   2 +-
 devel/py-pypugjs/Makefile                          |   2 +-
 devel/py-python-engineio/Makefile                  |   2 +-
 devel/py-python-socketio/Makefile                  |   2 +-
 .../Makefile                                       |   3 +-
 .../distinfo                                       |   0
 .../pkg-descr                                      |   0
 devel/py-twine/Makefile                            |   3 +-
 devel/py-twine1/Makefile                           |   3 +-
 devel/simgear/Makefile                             |   2 +-
 devel/simgear/distinfo                             |   6 +-
 devel/simgear/pkg-plist                            |   4 +-
 devel/tex-libtexluajit/Makefile                    |   1 +
 devel/xa65/Makefile                                |   1 -
 dns/dnscontrol/Makefile                            |  89 ++---
 dns/dnscontrol/distinfo                            | 180 ++++-----
 editors/codelite/Makefile                          |   2 +-
 editors/fpc-ide/Makefile                           |   2 +-
 editors/gedit-plugins/Makefile                     |   2 +-
 editors/mg/Makefile                                |   2 +-
 editors/mg/distinfo                                |   6 +-
 editors/neovim/Makefile                            |   1 +
 emulators/Makefile                                 |   1 +
 emulators/bochs/Makefile                           |   2 +-
 emulators/cemu/Makefile                            |  43 +++
 emulators/cemu/distinfo                            |   5 +
 emulators/cemu/files/patch-gui_qt_CEmu.pro         |  63 +++
 emulators/cemu/pkg-descr                           |   8 +
 emulators/cemu/pkg-plist                           |  21 +
 emulators/citra-qt5/Makefile                       |   2 +-
 emulators/citra/Makefile                           |   8 +-
 emulators/citra/distinfo                           |  10 +-
 emulators/wine-devel/Makefile                      |   7 +-
 emulators/wine-devel/distinfo                      |   4 +-
 .../files/extrapatch-staging-server-fd.c           |  15 +
 emulators/wine-devel/pkg-plist                     |  22 ++
 emulators/yuzu-qt5/Makefile                        |   2 +-
 emulators/yuzu/Makefile                            |   8 +-
 emulators/yuzu/distinfo                            |  10 +-
 finance/electrum/Makefile                          |   2 +-
 finance/electrum/distinfo                          |   6 +-
 finance/skrooge/Makefile                           |   2 +-
 finance/skrooge/distinfo                           |   6 +-
 ftp/yafc/Makefile                                  |  10 +-
 ftp/yafc/pkg-descr                                 |   3 +-
 games/DDNet/Makefile                               |  71 ++++
 games/DDNet/distinfo                               |   3 +
 games/DDNet/files/patch-cmake_FindNotify.cmake     |  13 +
 games/DDNet/pkg-descr                              |  11 +
 games/DDNet/pkg-plist                              |  24 ++
 games/Makefile                                     |   1 +
 games/flightgear-data/Makefile                     |   2 +-
 games/flightgear-data/distinfo                     |   6 +-
 games/flightgear/Makefile                          |   2 +-
 games/flightgear/distinfo                          |   6 +-
 games/glest/Makefile                               |   2 +-
 games/lincity-ng/Makefile                          |   2 +-
 games/mari0/Makefile                               |   2 +-
 games/rlvm/Makefile                                |  16 +-
 games/rlvm/distinfo                                |   8 +-
 games/rlvm/files/patch-SConstruct                  |   2 +-
 games/xtux/Makefile                                |   2 +-
 graphics/gimp-app/Makefile                         |   2 +-
 graphics/librsvg2-rust/Makefile                    |   6 +-
 graphics/p5-Cairo/Makefile                         |   2 +-
 graphics/p5-Cairo/distinfo                         |   6 +-
 irc/irssi/Makefile                                 |   4 +-
 lang/angelscript/Makefile                          |   1 +
 lang/angelscript/files/patch-as_config.h           |  15 -
 lang/bf2c/Makefile                                 |   2 +-
 lang/cling/Makefile                                |   2 +-
 lang/f2c/Makefile                                  |  35 +-
 lang/f2c/distinfo                                  |  23 +-
 lang/f2c/files/patch-better-security               |  21 +-
 lang/f2c/files/patch-f2c.h                         |  39 +-
 lang/f2c/files/patch-libf2c_MAIN.c                 |   4 +-
 lang/f2c/files/patch-libf2c_Makefile               |  22 +-
 lang/gauche/Makefile                               |   1 +
 lang/gcc11-devel/Makefile                          |   2 +-
 lang/gcc11-devel/distinfo                          |   6 +-
 lang/groovy/Makefile                               |   2 +-
 lang/groovy/distinfo                               |  10 +-
 lang/libobjc2/Makefile                             |   2 +
 lang/perl5-devel/Makefile                          |   2 +-
 lang/perl5.28/Makefile                             |   2 +-
 lang/perl5.30/Makefile                             |   2 +-
 lang/perl5.32/Makefile                             |   2 +-
 lang/racket-minimal/Makefile                       |   2 +-
 mail/nextcloud-mail/Makefile                       |   2 +-
 mail/nextcloud-mail/distinfo                       |   6 +-
 mail/phpmailer6/Makefile                           |   2 +-
 mail/phpmailer6/distinfo                           |   6 +-
 math/arb/Makefile                                  |  11 +-
 math/arb/distinfo                                  |   6 +-
 math/arb/pkg-plist                                 |   2 +-
 math/fplll/Makefile                                |   9 +-
 math/fplll/distinfo                                |   6 +-
 math/fplll/pkg-plist                               |  10 +-
 math/linbox/Makefile                               |   2 +-
 math/lis/Makefile                                  |   2 +-
 math/lis/distinfo                                  |   6 +-
 math/py-fpylll/Makefile                            |   5 +-
 math/py-fpylll/distinfo                            |   6 +-
 math/py-fpylll/pkg-plist                           |   4 -
 math/py-mip/Makefile                               |   5 +-
 math/py-mip/distinfo                               |   6 +-
 math/py-numpoly/Makefile                           |   2 +-
 math/py-numpoly/distinfo                           |   6 +-
 math/sage/Makefile                                 |   2 +-
 misc/biosfont-demos/Makefile                       |   2 +-
 misc/concourse/Makefile                            |   2 +-
 misc/concourse/distinfo                            |   6 +-
 misc/xd-rust/Makefile                              |   7 +-
 misc/xd-rust/distinfo                              |   8 +-
 multimedia/Bento4/Makefile                         |   2 +-
 multimedia/aom/Makefile                            |   1 +
 multimedia/ffmpeg/Makefile                         |   2 +-
 multimedia/mpv/Makefile                            |   2 +-
 multimedia/mpv/distinfo                            |   4 +-
 multimedia/mpvpaper/Makefile                       |   5 +-
 multimedia/mpvpaper/distinfo                       |   6 +-
 multimedia/musikcube/Makefile                      |   2 +-
 multimedia/musikcube/distinfo                      |   6 +-
 multimedia/obs-streamfx/Makefile                   |   2 +-
 multimedia/obs-streamfx/distinfo                   |   6 +-
 .../files/patch-source_util_util-curl.hpp          |  10 -
 multimedia/obs-studio/Makefile                     |   7 +-
 multimedia/obs-studio/distinfo                     |   8 +-
 multimedia/obs-studio/pkg-plist                    |  43 +++
 multimedia/totem/Makefile                          |   3 +-
 multimedia/vapoursynth-vmaf/Makefile               |   2 +-
 multimedia/vmaf/Makefile                           |   6 +-
 multimedia/vmaf/distinfo                           |   8 +-
 multimedia/vmaf/pkg-plist                          | 214 +----------
 multimedia/x265/Makefile                           |   1 +
 net-im/matterbridge/Makefile                       |   2 +-
 net-im/matterbridge/distinfo                       |   6 +-
 net-im/neochat/Makefile                            |   4 +-
 net-im/neochat/distinfo                            |   6 +-
 net-im/neochat/files/patch-CMakeLists.txt          |  11 -
 net-mgmt/netdata-go/Makefile                       |   2 +-
 net-mgmt/netdata-go/distinfo                       |   6 +-
 net-mgmt/unifi6/Makefile                           |   4 +-
 net-mgmt/unifi6/distinfo                           |  10 +-
 net-mgmt/unifi6/pkg-descr                          |   2 +-
 net/Makefile                                       |   1 +
 net/cloud-init/Makefile                            |   9 +-
 net/cloud-init/distinfo                            |   6 +-
 .../files/patch-cloudinit_config_cc__resizefs.py   |  11 -
 net/cloud-init/files/patch-cloudinit_util.py       |  16 -
 net/google-cloud-sdk/Makefile                      |   2 +-
 net/google-cloud-sdk/distinfo                      |   6 +-
 net/neatvnc/Makefile                               |   2 +-
 net/neatvnc/distinfo                               |   6 +-
 net/pacemaker1/Makefile                            |   2 +-
 net/pacemaker1/distinfo                            |   6 +-
 net/pvm/Makefile                                   |   1 +
 net/py-eventlet/Makefile                           |   2 +-
 net/rubygem-nats-pure/Makefile                     |  16 +
 net/rubygem-nats-pure/distinfo                     |   3 +
 net/rubygem-nats-pure/pkg-descr                    |   3 +
 net/syncthing/Makefile                             |   2 +-
 net/syncthing/distinfo                             |   6 +-
 net/usockets/Makefile                              |   1 +
 print/cups-filters/Makefile                        |   3 +-
 print/cups-filters/distinfo                        |   6 +-
 science/nest/Makefile                              |   3 +-
 science/nest/distinfo                              |   6 +-
 science/nest/pkg-plist                             |   3 +-
 science/py-chempy/Makefile                         |   2 +-
 science/py-chempy/distinfo                         |   6 +-
 science/tfel/Makefile                              |   2 +-
 science/yoda/Makefile                              |   2 +-
 science/yoda/distinfo                              |   6 +-
 security/botan110/Makefile                         |   2 +
 security/pecl-mcrypt/Makefile                      |   4 +-
 security/pecl-mcrypt/distinfo                      |   6 +-
 security/pgpin/Makefile                            |   5 +-
 security/py-acme/distinfo                          |   6 +-
 security/py-acme/version.mk                        |   2 +-
 security/py-certbot-apache/distinfo                |   6 +-
 security/py-certbot-dns-cloudflare/distinfo        |   6 +-
 security/py-certbot-dns-cloudxns/distinfo          |   6 +-
 security/py-certbot-dns-digitalocean/distinfo      |   6 +-
 security/py-certbot-dns-dnsimple/distinfo          |   6 +-
 security/py-certbot-dns-dnsmadeeasy/distinfo       |   6 +-
 security/py-certbot-dns-gehirn/distinfo            |   6 +-
 security/py-certbot-dns-google/distinfo            |   6 +-
 security/py-certbot-dns-linode/distinfo            |   6 +-
 security/py-certbot-dns-luadns/distinfo            |   6 +-
 security/py-certbot-dns-nsone/distinfo             |   6 +-
 security/py-certbot-dns-ovh/distinfo               |   6 +-
 security/py-certbot-dns-rfc2136/distinfo           |   6 +-
 security/py-certbot-dns-route53/distinfo           |   6 +-
 security/py-certbot-dns-sakuracloud/distinfo       |   6 +-
 security/py-certbot-nginx/distinfo                 |   6 +-
 security/py-certbot/distinfo                       |   6 +-
 security/sudo/Makefile                             |   1 +
 .../sudo/files/patch-fix_build_without_sendmail    |  45 +++
 security/vault/Makefile                            |   2 +-
 security/vault/distinfo                            |  10 +-
 security/vuxml/vuln.xml                            |  30 ++
 sysutils/Makefile                                  |   3 +-
 sysutils/biosfont/Makefile                         |   2 +-
 sysutils/bsdisks/Makefile                          |  13 +-
 sysutils/bsdisks/distinfo                          |   6 +-
 sysutils/cdrdao/Makefile                           |   2 +
 sysutils/consul/Makefile                           |   3 +-
 sysutils/consul/distinfo                           |   6 +-
 sysutils/consul/pkg-message                        |  12 +
 sysutils/datadog-agent/Makefile                    | 421 +++++++++++++++++++++
 sysutils/{datadog => datadog-agent}/distinfo       |  22 +-
 .../files/datadog-agent.in                         |   0
 sysutils/datadog-agent/files/datadog-dogstatsd.in  |  65 ++++
 .../files/datadog-process-agent.in                 |   0
 .../files/datadog-trace-agent.in                   |   0
 .../files/patch-cmd_agent_common_common__nix.go    |  22 ++
 ...atch-pkg_collector_corechecks_embed_apm__nix.go |  11 +
 ...kg_collector_corechecks_embed_process__agent.go |  11 +
 ...kg_collector_corechecks_system_file__handles.go |   0
 ...tor_corechecks_system_file__handles__freebsd.go |  11 +-
 ...rechecks_system_file__handles__freebsd__test.go |  20 +-
 .../datadog-agent/files/patch-pkg_config_log.go    |  22 ++
 .../files/patch-pkg_metadata_v5_v5__other.go       |   0
 .../files/patch-pkg_secrets_check__rights__nix.go  |  28 ++
 .../files/patch-rtloader_common_rtloader__mem.h    |   0
 .../files/patch-rtloader_rtloader_CMakeLists.txt   |   0
 .../files/patch-rtloader_rtloader_api.cpp          |   0
 ...thub.com_DataDog_gopsutil_disk_disk__freebsd.go |  22 ++
 ...ithub.com_shirou_gopsutil_disk_disk__freebsd.go |  22 ++
 sysutils/datadog-agent/files/pkg-message.in        |  22 ++
 sysutils/{datadog => datadog-agent}/pkg-descr      |   2 -
 sysutils/datadog-agent/pkg-plist                   |  36 ++
 sysutils/datadog/Makefile                          | 401 --------------------
 .../files/patch-cmd_agent_common_common__nix.go    |  10 -
 sysutils/datadog/files/pkg-message.in              |  23 --
 sysutils/datadog/pkg-plist                         |  74 ----
 sysutils/direnv/Makefile                           |   2 +-
 sysutils/direnv/distinfo                           |   6 +-
 sysutils/envconsul/Makefile                        |  21 +-
 sysutils/envconsul/distinfo                        |  34 +-
 sysutils/libdnf/Makefile                           |   2 +-
 sysutils/libdnf/distinfo                           |   6 +-
 sysutils/lttng-tools/Makefile                      |   2 +-
 sysutils/lttng-ust/Makefile                        |   2 +-
 sysutils/rubygem-bolt/Makefile                     |  17 +-
 sysutils/rubygem-bolt/distinfo                     |   6 +-
 sysutils/rubygem-bolt/files/patch-bolt.gemspec     |   8 +-
 sysutils/rubygem-choria-mcorpc-support/Makefile    |  21 +
 sysutils/rubygem-choria-mcorpc-support/distinfo    |   3 +
 sysutils/rubygem-choria-mcorpc-support/pkg-descr   |  13 +
 sysutils/webjob/Makefile                           |   1 +
 textproc/Makefile                                  |   1 +
 textproc/dasel/Makefile                            |  40 ++
 textproc/dasel/distinfo                            |  15 +
 textproc/dasel/pkg-descr                           |   9 +
 textproc/kibana7/Makefile                          |   1 +
 textproc/kibana7/files/kibana.in                   |   2 +-
 textproc/p5-Algorithm-CheckDigits/Makefile         |   3 +-
 textproc/p5-Algorithm-CheckDigits/distinfo         |   6 +-
 textproc/p5-Spreadsheet-ReadSXC/Makefile           |   5 +-
 textproc/p5-Spreadsheet-ReadSXC/distinfo           |   6 +-
 textproc/p5-Spreadsheet-ReadSXC/pkg-plist          |  14 +
 textproc/pecl-yaml/Makefile                        |   5 +-
 textproc/pecl-yaml/distinfo                        |   8 +-
 textproc/py-elementpath/Makefile                   |   2 +-
 textproc/py-elementpath/distinfo                   |   6 +-
 textproc/rubygem-puppet-strings/Makefile           |  15 +-
 textproc/sigil/Makefile                            |   2 +-
 textproc/sigil/distinfo                            |   6 +-
 www/authelia/Makefile                              |   2 +-
 www/authelia/distinfo                              |   6 +-
 www/e107/Makefile                                  |   5 +-
 www/e107/distinfo                                  |   6 +-
 www/groupoffice/Makefile                           |   2 +-
 www/groupoffice/distinfo                           |   6 +-
 www/groupoffice/pkg-plist                          |   2 +
 www/lighttpd/Makefile                              |   9 +-
 www/lighttpd/distinfo                              |   6 +-
 www/lighttpd/pkg-plist                             |   2 -
 www/miniflux/Makefile                              |   2 +-
 www/miniflux/distinfo                              |   6 +-
 www/minio/Makefile                                 |  22 +-
 www/minio/distinfo                                 |  42 +-
 www/nextcloud-circles/Makefile                     |   2 +-
 www/nextcloud-circles/distinfo                     |   6 +-
 www/nginx-devel/Makefile                           |   4 +-
 www/nginx-devel/files/PR-251664.patch              |  72 ++++
 www/py-flask-socketio/Makefile                     |   2 +-
 www/py-postorius/Makefile                          |   3 +-
 www/uwebsockets/Makefile                           |   2 +-
 www/uwebsockets/distinfo                           |   6 +-
 www/uwebsockets/pkg-plist                          |   2 +
 www/youtube_dl/Makefile                            |   2 +-
 www/youtube_dl/distinfo                            |   6 +-
 x11-toolkits/wxgtk31/Makefile                      |   2 +-
 x11-wm/river/Makefile                              |   7 +-
 x11-wm/river/distinfo                              |   6 +-
 x11-wm/stumpwm/Makefile                            |  13 +-
 x11/grabc/Makefile                                 |   2 +-
 x11/polybar/Makefile                               |   3 +-
 x11/polybar/distinfo                               |   6 +-
 x11/polybar/files/patch-include_common.hpp         |  12 +
 x11/polybar/files/patch-lib_xpp_CMakeLists.txt     |  11 -
 441 files changed, 3124 insertions(+), 2208 deletions(-)
 delete mode 100644 audio/praat/files/patch-external_portaudio_Makefile
 delete mode 100644 audio/praat/files/patch-external_portaudio_pa__unix__hostapis.c
 delete mode 100644 biology/viennarna/files/patch-src_bin_Makefile.in
 create mode 100644 databases/libpg_query/files/patch-src_postgres_include_port_atomics.h
 create mode 100644 databases/mariadb105-server/files/patch-mysys_CMakeLists.txt
 create mode 100644 databases/mariadb105-server/files/patch-mysys_crc32_crc32c.cc
 create mode 100644 devel/grex/Makefile
 create mode 100644 devel/grex/distinfo
 create mode 100644 devel/grex/pkg-descr
 delete mode 100644 devel/libpeas/files/patch-Makefile.in
 delete mode 100644 devel/libpeas/files/patch-loaders_python3_Makefile.in
 delete mode 100644 devel/libpeas/files/patch-loaders_python_Makefile.in
 delete mode 100644 devel/libvirt/files/patch-src-network-meson.build
 create mode 100644 devel/libvirt/files/patch-src_network_meson.build
 delete mode 100644 devel/pecl-grpc/files/patch-src_php_ext_grpc_channel.c
 delete mode 100644 devel/pecl-grpc/files/patch-src_php_ext_grpc_completion__queue.h
 delete mode 100644 devel/pecl-grpc/files/patch-src_php_ext_grpc_php__grpc.h
 rename devel/{py-git_semver => py-git-semver}/Makefile (90%)
 rename devel/{py-git_semver => py-git-semver}/distinfo (100%)
 rename devel/{py-git_semver => py-git-semver}/pkg-descr (100%)
 rename devel/{py-readme_renderer => py-readme-renderer}/Makefile (90%)
 rename devel/{py-readme_renderer => py-readme-renderer}/distinfo (100%)
 rename devel/{py-readme_renderer => py-readme-renderer}/pkg-descr (100%)
 create mode 100644 emulators/cemu/Makefile
 create mode 100644 emulators/cemu/distinfo
 create mode 100644 emulators/cemu/files/patch-gui_qt_CEmu.pro
 create mode 100644 emulators/cemu/pkg-descr
 create mode 100644 emulators/cemu/pkg-plist
 create mode 100644 emulators/wine-devel/files/extrapatch-staging-server-fd.c
 create mode 100644 games/DDNet/Makefile
 create mode 100644 games/DDNet/distinfo
 create mode 100644 games/DDNet/files/patch-cmake_FindNotify.cmake
 create mode 100644 games/DDNet/pkg-descr
 create mode 100644 games/DDNet/pkg-plist
 delete mode 100644 lang/angelscript/files/patch-as_config.h
 delete mode 100644 multimedia/obs-streamfx/files/patch-source_util_util-curl.hpp
 delete mode 100644 net-im/neochat/files/patch-CMakeLists.txt
 delete mode 100644 net/cloud-init/files/patch-cloudinit_config_cc__resizefs.py
 delete mode 100644 net/cloud-init/files/patch-cloudinit_util.py
 create mode 100644 net/rubygem-nats-pure/Makefile
 create mode 100644 net/rubygem-nats-pure/distinfo
 create mode 100644 net/rubygem-nats-pure/pkg-descr
 create mode 100644 security/sudo/files/patch-fix_build_without_sendmail
 create mode 100644 sysutils/consul/pkg-message
 create mode 100644 sysutils/datadog-agent/Makefile
 rename sysutils/{datadog => datadog-agent}/distinfo (97%)
 rename sysutils/{datadog => datadog-agent}/files/datadog-agent.in (100%)
 create mode 100644 sysutils/datadog-agent/files/datadog-dogstatsd.in
 rename sysutils/{datadog => datadog-agent}/files/datadog-process-agent.in (100%)
 rename sysutils/{datadog => datadog-agent}/files/datadog-trace-agent.in (100%)
 create mode 100644 sysutils/datadog-agent/files/patch-cmd_agent_common_common__nix.go
 create mode 100644 sysutils/datadog-agent/files/patch-pkg_collector_corechecks_embed_apm__nix.go
 create mode 100644 sysutils/datadog-agent/files/patch-pkg_collector_corechecks_embed_process__agent.go
 rename sysutils/{datadog => datadog-agent}/files/patch-pkg_collector_corechecks_system_file__handles.go (100%)
 rename sysutils/{datadog => datadog-agent}/files/patch-pkg_collector_corechecks_system_file__handles__freebsd.go (89%)
 rename sysutils/{datadog => datadog-agent}/files/patch-pkg_collector_corechecks_system_file__handles__freebsd__test.go (81%)
 create mode 100644 sysutils/datadog-agent/files/patch-pkg_config_log.go
 rename sysutils/{datadog => datadog-agent}/files/patch-pkg_metadata_v5_v5__other.go (100%)
 create mode 100644 sysutils/datadog-agent/files/patch-pkg_secrets_check__rights__nix.go
 rename sysutils/{datadog => datadog-agent}/files/patch-rtloader_common_rtloader__mem.h (100%)
 rename sysutils/{datadog => datadog-agent}/files/patch-rtloader_rtloader_CMakeLists.txt (100%)
 rename sysutils/{datadog => datadog-agent}/files/patch-rtloader_rtloader_api.cpp (100%)
 create mode 100644 sysutils/datadog-agent/files/patch-vendor_github.com_DataDog_gopsutil_disk_disk__freebsd.go
 create mode 100644 sysutils/datadog-agent/files/patch-vendor_github.com_shirou_gopsutil_disk_disk__freebsd.go
 create mode 100644 sysutils/datadog-agent/files/pkg-message.in
 rename sysutils/{datadog => datadog-agent}/pkg-descr (89%)
 create mode 100644 sysutils/datadog-agent/pkg-plist
 delete mode 100644 sysutils/datadog/Makefile
 delete mode 100644 sysutils/datadog/files/patch-cmd_agent_common_common__nix.go
 delete mode 100644 sysutils/datadog/files/pkg-message.in
 delete mode 100644 sysutils/datadog/pkg-plist
 create mode 100644 sysutils/rubygem-choria-mcorpc-support/Makefile
 create mode 100644 sysutils/rubygem-choria-mcorpc-support/distinfo
 create mode 100644 sysutils/rubygem-choria-mcorpc-support/pkg-descr
 create mode 100644 textproc/dasel/Makefile
 create mode 100644 textproc/dasel/distinfo
 create mode 100644 textproc/dasel/pkg-descr
 create mode 100644 www/nginx-devel/files/PR-251664.patch
 create mode 100644 x11/polybar/files/patch-include_common.hpp
 delete mode 100644 x11/polybar/files/patch-lib_xpp_CMakeLists.txt
=============================
HardenedBSD Master git Server
=============================

Please note that connections and activity to this server are logged.
This server, git-01.md.hardenedbsd.org, acts as the source-of-truth
server for the HardenedBSD repositories.

Banner last updated: 10 Feb 2020 09:32 EST

remote: To github.com:HardenedBSD/hardenedbsd-ports.git        
remote:    4e1a37ea643a..f67e3117d33b  master -> master        
remote:    bfaef443dbbc..4e1a37ea643a  github/master -> github/master
remote:  ! [remote rejected]           refs/pull/10/head -> refs/pull/10/head (deny updating a hidden ref)        
remote:  ! [remote rejected]           refs/pull/11/head -> refs/pull/11/head (deny updating a hidden ref)        
remote:  ! [remote rejected]           refs/pull/12/head -> refs/pull/12/head (deny updating a hidden ref)        
remote:  ! [remote rejected]           refs/pull/14/head -> refs/pull/14/head (deny updating a hidden ref)        
remote:  ! [remote rejected]           refs/pull/15/head -> refs/pull/15/head (deny updating a hidden ref)        
remote:  ! [remote rejected]           refs/pull/2/head -> refs/pull/2/head (deny updating a hidden ref)
remote:  ! [remote rejected]           refs/pull/9/head -> refs/pull/9/head (deny updating a hidden ref)        
remote: error: failed to push some refs to 'github.com:HardenedBSD/hardenedbsd-ports.git'        
remote: . Processing 1 references        
remote: Processed 1 references in total        
To git-01.md.hardenedbsd.org:HardenedBSD/hardenedbsd-ports.git
   4e1a37ea643a..f67e3117d33b  master -> master
==== END: master ====
