==== BEGIN: master ====
current branch: master
mergeable branch: freebsd/master
==== change branch ====
Already on 'master'
Your branch is up to date with 'origin/master'.
==== show current branch ====
* master
==== check for stale changes ====
==== update to latest origin ====
Already up to date.
==== merge branches ====
==== merge freebsd/master branch ====
Removing irc/weechat/files/patch-cmake_FindTCL.cmake
Auto-merging irc/weechat/Makefile
Removing games/jinput/files/patch-openjdk7
Removing games/doomlegacy/files/patch-src_i__tcp.c
Removing audio/bsequencer-lv2/files/patch-src_BSEQuencer.cpp
Merge made by the 'recursive' strategy.
 archivers/p5-Compress-Raw-Bzip2/Makefile           |   2 +-
 archivers/p5-Compress-Raw-Bzip2/distinfo           |   6 +-
 archivers/p5-Compress-Raw-Lzma/Makefile            |   2 +-
 archivers/p5-Compress-Raw-Lzma/distinfo            |   6 +-
 archivers/p5-Compress-Raw-Zlib/Makefile            |   2 +-
 archivers/p5-Compress-Raw-Zlib/distinfo            |   6 +-
 archivers/p5-IO-Compress-Lzf/Makefile              |   2 +-
 archivers/p5-IO-Compress-Lzf/distinfo              |   6 +-
 archivers/p5-IO-Compress-Lzma/Makefile             |   2 +-
 archivers/p5-IO-Compress-Lzma/distinfo             |   6 +-
 archivers/p5-IO-Compress-Lzop/Makefile             |   2 +-
 archivers/p5-IO-Compress-Lzop/distinfo             |   6 +-
 archivers/p5-IO-Compress/Makefile                  |   2 +-
 archivers/p5-IO-Compress/distinfo                  |   6 +-
 archivers/py-zopfli/Makefile                       |   2 +-
 archivers/py-zopfli/distinfo                       |   6 +-
 archivers/zopfli/Makefile                          |  41 ++--
 archivers/zopfli/pkg-descr                         |  14 +-
 archivers/zopfli/pkg-plist                         |   6 +-
 astro/py-astLib/Makefile                           |   3 +-
 astro/py-astLib/distinfo                           |   6 +-
 astro/py-metpy/Makefile                            |   4 +-
 audio/bsequencer-lv2/Makefile                      |   3 +-
 audio/bsequencer-lv2/distinfo                      |   6 +-
 .../bsequencer-lv2/files/patch-src_BSEQuencer.cpp  |  11 -
 audio/libmpdclient/Makefile                        |   5 +-
 audio/libmpdclient/distinfo                        |   6 +-
 audio/libmpdclient/pkg-plist                       | 263 +++++++++++----------
 biology/Makefile                                   |   3 +
 biology/p5-Bio-ASN1-EntrezGene/Makefile            |   7 +-
 biology/p5-Bio-ASN1-EntrezGene/pkg-plist           |   2 +
 biology/p5-Bio-Cluster/Makefile                    |   5 +-
 biology/p5-Bio-DB-EMBL/Makefile                    |  27 +++
 biology/p5-Bio-DB-EMBL/distinfo                    |   3 +
 biology/p5-Bio-DB-EMBL/pkg-descr                   |  11 +
 biology/p5-Bio-DB-EMBL/pkg-plist                   |   2 +
 biology/p5-Bio-DB-NCBIHelper/Makefile              |  36 +++
 biology/p5-Bio-DB-NCBIHelper/distinfo              |   3 +
 biology/p5-Bio-DB-NCBIHelper/pkg-descr             |   6 +
 biology/p5-Bio-DB-NCBIHelper/pkg-plist             |  18 ++
 biology/p5-Bio-Variation/Makefile                  |  30 +++
 biology/p5-Bio-Variation/distinfo                  |   3 +
 biology/p5-Bio-Variation/pkg-descr                 |   3 +
 biology/p5-Bio-Variation/pkg-plist                 |  27 +++
 biology/p5-BioPerl/Makefile                        |   4 +-
 biology/p5-BioPerl/distinfo                        |   6 +-
 biology/p5-BioPerl/pkg-plist                       |   2 -
 databases/lua-xapian/Makefile                      |   2 +-
 databases/lua-xapian/distinfo                      |   6 +-
 databases/p5-BSON-XS/Makefile                      |   2 +-
 databases/p5-BSON-XS/distinfo                      |   6 +-
 databases/p5-Xapian/Makefile                       |   2 +-
 databases/p5-Xapian/distinfo                       |   6 +-
 databases/pecl-memcached/Makefile                  |   3 +-
 databases/pecl-memcached/distinfo                  |   6 +-
 databases/php-xapian/Makefile                      |   2 +-
 databases/php-xapian/distinfo                      |   6 +-
 databases/py-marshmallow-sqlalchemy/Makefile       |   4 +-
 databases/py-marshmallow-sqlalchemy/distinfo       |   6 +-
 databases/py-pgcli/Makefile                        |   3 +-
 databases/py-pgcli/distinfo                        |   6 +-
 databases/py-pgspecial/Makefile                    |   2 +-
 databases/py-pgspecial/distinfo                    |   6 +-
 databases/py-tableschema/Makefile                  |   2 +-
 databases/py-tableschema/distinfo                  |   6 +-
 databases/py-tiledb/Makefile                       |   2 +-
 databases/py-tiledb/distinfo                       |   6 +-
 databases/py-xapian/Makefile                       |   2 +-
 databases/py-xapian/distinfo                       |   6 +-
 databases/redis-devel/Makefile                     |  17 +-
 databases/redis-devel/distinfo                     |   6 +-
 .../files/extra-patch-deps_lua_src_lua__cjson.c    |  11 +
 .../files/extra-patch-src-Makefile.luajit-or       |  58 +++++
 databases/ruby-xapian/Makefile                     |   2 +-
 databases/ruby-xapian/distinfo                     |   6 +-
 .../rubygem-state_machines-activerecord/Makefile   |   3 +-
 databases/tiledb/Makefile                          |  13 +-
 databases/tiledb/distinfo                          |   6 +-
 databases/xapian-bindings/Makefile                 |   2 +-
 databases/xapian-core/Makefile                     |   2 +-
 databases/xapian-core/distinfo                     |   6 +-
 databases/xapian-core/pkg-plist                    |   2 +-
 devel/Makefile                                     |   1 +
 devel/blitz/Makefile                               |   8 +-
 devel/blitz/distinfo                               |   6 +-
 devel/blitz/pkg-plist                              |  17 +-
 devel/byacc/Makefile                               |   2 +-
 devel/byacc/distinfo                               |   6 +-
 devel/p5-CPAN-Perl-Releases/Makefile               |   2 +-
 devel/p5-CPAN-Perl-Releases/distinfo               |   6 +-
 devel/p5-Cache-Cache/Makefile                      |   2 +
 devel/p5-Cache/Makefile                            |   2 +
 devel/p5-Devel-PPPort/Makefile                     |   2 +-
 devel/p5-Devel-PPPort/distinfo                     |   6 +-
 devel/p5-Devel-PatchPerl/Makefile                  |   2 +-
 devel/p5-Devel-PatchPerl/distinfo                  |   6 +-
 devel/p5-FFI-Platypus/Makefile                     |   2 +-
 devel/p5-FFI-Platypus/distinfo                     |   6 +-
 devel/p5-IO-Async/Makefile                         |   2 +-
 devel/p5-IO-Async/distinfo                         |   6 +-
 devel/p5-MCE-Shared/Makefile                       |   2 +-
 devel/p5-MCE-Shared/distinfo                       |   6 +-
 devel/p5-MCE/Makefile                              |   2 +-
 devel/p5-MCE/distinfo                              |   6 +-
 devel/p5-Module-CoreList/Makefile                  |   2 +-
 devel/p5-Module-CoreList/distinfo                  |   6 +-
 devel/p5-Perl-PrereqScanner-NotQuiteLite/Makefile  |   2 +-
 devel/p5-Perl-PrereqScanner-NotQuiteLite/distinfo  |   6 +-
 devel/p5-Pithub/Makefile                           |   7 +-
 devel/p5-Pithub/distinfo                           |   6 +-
 devel/p5-Specio/Makefile                           |   2 +-
 devel/p5-Specio/distinfo                           |   6 +-
 devel/p5-Term-Choose-Util/Makefile                 |   2 +-
 devel/p5-Term-Choose-Util/distinfo                 |   6 +-
 devel/p5-Term-Choose/Makefile                      |   2 +-
 devel/p5-Term-Choose/distinfo                      |   6 +-
 devel/p5-Term-Form/Makefile                        |   2 +-
 devel/p5-Term-Form/distinfo                        |   6 +-
 devel/p5-Term-Table/Makefile                       |   2 +-
 devel/p5-Term-Table/distinfo                       |   6 +-
 devel/p5-Test-Simple/Makefile                      |   2 +-
 devel/p5-Test-Simple/distinfo                      |   6 +-
 devel/pecl-mustache/Makefile                       |   1 -
 devel/pecl-mustache/files/patch-mustache_data.cpp  |  29 +++
 .../files/patch-mustache_mustache.cpp              |  11 +
 devel/pecl-protobuf/Makefile                       |   2 +-
 devel/pecl-protobuf/distinfo                       |   6 +-
 devel/pecl-zookeeper/Makefile                      |   1 -
 devel/pecl-zookeeper/files/patch-php_zookeeper.c   |  11 +
 .../files/patch-php_zookeeper_callback.h           |  18 ++
 devel/py-argcomplete/Makefile                      |   2 +-
 devel/py-argcomplete/distinfo                      |   6 +-
 devel/py-aws-xray-sdk/Makefile                     |   2 +-
 devel/py-aws-xray-sdk/distinfo                     |   6 +-
 devel/py-backports.csv/Makefile                    |   5 +-
 devel/py-dj22-django-rq/Makefile                   |   5 +-
 devel/py-dj22-django-rq/distinfo                   |   6 +-
 devel/py-envisage/Makefile                         |   2 +-
 devel/py-envisage/distinfo                         |   6 +-
 devel/py-futurist/Makefile                         |   2 +-
 devel/py-futurist/distinfo                         |   6 +-
 devel/py-graphene-django/Makefile                  |   2 +-
 devel/py-graphene-django/distinfo                  |   6 +-
 devel/py-ipdb/Makefile                             |   2 +-
 devel/py-ipdb/distinfo                             |   6 +-
 devel/py-logilab-common/Makefile                   |   7 +-
 devel/py-logilab-common/distinfo                   |   6 +-
 devel/py-marshmallow/Makefile                      |   2 +-
 devel/py-marshmallow/distinfo                      |   6 +-
 devel/py-more-itertools/Makefile                   |   4 +-
 devel/py-more-itertools/distinfo                   |   6 +-
 devel/py-mypy/Makefile                             |   5 +-
 devel/py-mypy/distinfo                             |   6 +-
 devel/py-oslo.cache/Makefile                       |   2 +-
 devel/py-oslo.cache/distinfo                       |   6 +-
 devel/py-oslo.concurrency/Makefile                 |   2 +-
 devel/py-oslo.concurrency/distinfo                 |   6 +-
 devel/py-oslo.config/Makefile                      |   2 +-
 devel/py-oslo.config/distinfo                      |   6 +-
 devel/py-oslo.i18n/Makefile                        |   2 +-
 devel/py-oslo.i18n/distinfo                        |   6 +-
 devel/py-oslo.log/Makefile                         |   2 +-
 devel/py-oslo.log/distinfo                         |   6 +-
 devel/py-oslo.policy/Makefile                      |   2 +-
 devel/py-oslo.policy/distinfo                      |   6 +-
 devel/py-oslo.utils/Makefile                       |   2 +-
 devel/py-oslo.utils/distinfo                       |   6 +-
 devel/py-pip-tools/Makefile                        |   2 +-
 devel/py-pip-tools/distinfo                        |   6 +-
 devel/py-pooch/Makefile                            |  15 +-
 devel/py-pooch/distinfo                            |   6 +-
 devel/py-pudb/Makefile                             |   2 +-
 devel/py-pudb/distinfo                             |   6 +-
 devel/py-responses/Makefile                        |   2 +-
 devel/py-responses/distinfo                        |   6 +-
 devel/py-tabulator/Makefile                        |   2 +-
 devel/py-tabulator/distinfo                        |   6 +-
 devel/py-vulture/Makefile                          |   2 +-
 devel/py-vulture/distinfo                          |   6 +-
 devel/py-xarray/Makefile                           |   2 +-
 devel/py-xarray/distinfo                           |   6 +-
 devel/py-xdis/Makefile                             |   2 +-
 devel/py-xdis/distinfo                             |   6 +-
 devel/rubygem-CFPropertyList/Makefile              |   2 +-
 devel/rubygem-CFPropertyList/distinfo              |   6 +-
 devel/rubygem-async-io/Makefile                    |   2 +-
 devel/rubygem-async-io/distinfo                    |   6 +-
 devel/rubygem-aws-partitions/Makefile              |   2 +-
 devel/rubygem-aws-partitions/distinfo              |   6 +-
 devel/rubygem-aws-sdk-acm/Makefile                 |   2 +-
 devel/rubygem-aws-sdk-acm/distinfo                 |   6 +-
 devel/rubygem-aws-sdk-alexaforbusiness/Makefile    |   2 +-
 devel/rubygem-aws-sdk-alexaforbusiness/distinfo    |   6 +-
 devel/rubygem-aws-sdk-amplify/Makefile             |   2 +-
 devel/rubygem-aws-sdk-amplify/distinfo             |   6 +-
 devel/rubygem-aws-sdk-apigatewayv2/Makefile        |   2 +-
 devel/rubygem-aws-sdk-apigatewayv2/distinfo        |   6 +-
 .../Makefile                                       |   2 +-
 .../distinfo                                       |   6 +-
 .../Makefile                                       |   2 +-
 .../distinfo                                       |   6 +-
 devel/rubygem-aws-sdk-applicationinsights/Makefile |   2 +-
 devel/rubygem-aws-sdk-applicationinsights/distinfo |   6 +-
 devel/rubygem-aws-sdk-appsync/Makefile             |   2 +-
 devel/rubygem-aws-sdk-appsync/distinfo             |   6 +-
 devel/rubygem-aws-sdk-athena/Makefile              |   2 +-
 devel/rubygem-aws-sdk-athena/distinfo              |   6 +-
 devel/rubygem-aws-sdk-autoscaling/Makefile         |   2 +-
 devel/rubygem-aws-sdk-autoscaling/distinfo         |   6 +-
 devel/rubygem-aws-sdk-autoscalingplans/Makefile    |   2 +-
 devel/rubygem-aws-sdk-autoscalingplans/distinfo    |   6 +-
 devel/rubygem-aws-sdk-chime/Makefile               |   2 +-
 devel/rubygem-aws-sdk-chime/distinfo               |   6 +-
 devel/rubygem-aws-sdk-cloudformation/Makefile      |   2 +-
 devel/rubygem-aws-sdk-cloudformation/distinfo      |   6 +-
 devel/rubygem-aws-sdk-cloudtrail/Makefile          |   2 +-
 devel/rubygem-aws-sdk-cloudtrail/distinfo          |   6 +-
 devel/rubygem-aws-sdk-cloudwatch/Makefile          |   2 +-
 devel/rubygem-aws-sdk-cloudwatch/distinfo          |   6 +-
 devel/rubygem-aws-sdk-codebuild/Makefile           |   2 +-
 devel/rubygem-aws-sdk-codebuild/distinfo           |   6 +-
 devel/rubygem-aws-sdk-codecommit/Makefile          |   2 +-
 devel/rubygem-aws-sdk-codecommit/distinfo          |   6 +-
 .../Makefile                                       |   2 +-
 .../distinfo                                       |   6 +-
 devel/rubygem-aws-sdk-comprehend/Makefile          |   2 +-
 devel/rubygem-aws-sdk-comprehend/distinfo          |   6 +-
 devel/rubygem-aws-sdk-configservice/Makefile       |   2 +-
 devel/rubygem-aws-sdk-configservice/distinfo       |   6 +-
 devel/rubygem-aws-sdk-connect/Makefile             |   2 +-
 devel/rubygem-aws-sdk-connect/distinfo             |   6 +-
 devel/rubygem-aws-sdk-core/Makefile                |   2 +-
 devel/rubygem-aws-sdk-core/distinfo                |   6 +-
 devel/rubygem-aws-sdk-core2/Makefile               |   2 +-
 devel/rubygem-aws-sdk-core2/distinfo               |   6 +-
 devel/rubygem-aws-sdk-costexplorer/Makefile        |   2 +-
 devel/rubygem-aws-sdk-costexplorer/distinfo        |   6 +-
 devel/rubygem-aws-sdk-datasync/Makefile            |   2 +-
 devel/rubygem-aws-sdk-datasync/distinfo            |   6 +-
 devel/rubygem-aws-sdk-directoryservice/Makefile    |   2 +-
 devel/rubygem-aws-sdk-directoryservice/distinfo    |   6 +-
 devel/rubygem-aws-sdk-dlm/Makefile                 |   2 +-
 devel/rubygem-aws-sdk-dlm/distinfo                 |   6 +-
 devel/rubygem-aws-sdk-dynamodb/Makefile            |   2 +-
 devel/rubygem-aws-sdk-dynamodb/distinfo            |   6 +-
 devel/rubygem-aws-sdk-ec2/Makefile                 |   2 +-
 devel/rubygem-aws-sdk-ec2/distinfo                 |   6 +-
 devel/rubygem-aws-sdk-ecs/Makefile                 |   2 +-
 devel/rubygem-aws-sdk-ecs/distinfo                 |   6 +-
 devel/rubygem-aws-sdk-eks/Makefile                 |   2 +-
 devel/rubygem-aws-sdk-eks/distinfo                 |   6 +-
 .../Makefile                                       |   2 +-
 .../distinfo                                       |   6 +-
 .../rubygem-aws-sdk-elasticsearchservice/Makefile  |   2 +-
 .../rubygem-aws-sdk-elasticsearchservice/distinfo  |   6 +-
 devel/rubygem-aws-sdk-emr/Makefile                 |   2 +-
 devel/rubygem-aws-sdk-emr/distinfo                 |   6 +-
 devel/rubygem-aws-sdk-firehose/Makefile            |   2 +-
 devel/rubygem-aws-sdk-firehose/distinfo            |   6 +-
 devel/rubygem-aws-sdk-forecastservice/Makefile     |   2 +-
 devel/rubygem-aws-sdk-forecastservice/distinfo     |   6 +-
 devel/rubygem-aws-sdk-fsx/Makefile                 |   2 +-
 devel/rubygem-aws-sdk-fsx/distinfo                 |   6 +-
 devel/rubygem-aws-sdk-glue/Makefile                |   2 +-
 devel/rubygem-aws-sdk-glue/distinfo                |   6 +-
 devel/rubygem-aws-sdk-greengrass/Makefile          |   2 +-
 devel/rubygem-aws-sdk-greengrass/distinfo          |   6 +-
 devel/rubygem-aws-sdk-iam/Makefile                 |   2 +-
 devel/rubygem-aws-sdk-iam/distinfo                 |   6 +-
 devel/rubygem-aws-sdk-iot/Makefile                 |   2 +-
 devel/rubygem-aws-sdk-iot/distinfo                 |   6 +-
 devel/rubygem-aws-sdk-kinesisanalyticsv2/Makefile  |   2 +-
 devel/rubygem-aws-sdk-kinesisanalyticsv2/distinfo  |   6 +-
 devel/rubygem-aws-sdk-kinesisvideo/Makefile        |   2 +-
 devel/rubygem-aws-sdk-kinesisvideo/distinfo        |   6 +-
 devel/rubygem-aws-sdk-kms/Makefile                 |   2 +-
 devel/rubygem-aws-sdk-kms/distinfo                 |   6 +-
 devel/rubygem-aws-sdk-lambda/Makefile              |   2 +-
 devel/rubygem-aws-sdk-lambda/distinfo              |   6 +-
 devel/rubygem-aws-sdk-lex/Makefile                 |   2 +-
 devel/rubygem-aws-sdk-lex/distinfo                 |   6 +-
 .../Makefile                                       |   2 +-
 .../distinfo                                       |   6 +-
 devel/rubygem-aws-sdk-licensemanager/Makefile      |   2 +-
 devel/rubygem-aws-sdk-licensemanager/distinfo      |   6 +-
 devel/rubygem-aws-sdk-marketplacemetering/Makefile |   2 +-
 devel/rubygem-aws-sdk-marketplacemetering/distinfo |   6 +-
 devel/rubygem-aws-sdk-mediaconvert/Makefile        |   2 +-
 devel/rubygem-aws-sdk-mediaconvert/distinfo        |   6 +-
 devel/rubygem-aws-sdk-medialive/Makefile           |   2 +-
 devel/rubygem-aws-sdk-medialive/distinfo           |   6 +-
 devel/rubygem-aws-sdk-mediapackagevod/Makefile     |   2 +-
 devel/rubygem-aws-sdk-mediapackagevod/distinfo     |   6 +-
 devel/rubygem-aws-sdk-mediastore/Makefile          |   2 +-
 devel/rubygem-aws-sdk-mediastore/distinfo          |   6 +-
 devel/rubygem-aws-sdk-mediatailor/Makefile         |   2 +-
 devel/rubygem-aws-sdk-mediatailor/distinfo         |   6 +-
 devel/rubygem-aws-sdk-migrationhub/Makefile        |   2 +-
 devel/rubygem-aws-sdk-migrationhub/distinfo        |   6 +-
 devel/rubygem-aws-sdk-migrationhubconfig/Makefile  |  22 ++
 devel/rubygem-aws-sdk-migrationhubconfig/distinfo  |   3 +
 devel/rubygem-aws-sdk-migrationhubconfig/pkg-descr |   4 +
 devel/rubygem-aws-sdk-organizations/Makefile       |   2 +-
 devel/rubygem-aws-sdk-organizations/distinfo       |   6 +-
 devel/rubygem-aws-sdk-pinpoint/Makefile            |   2 +-
 devel/rubygem-aws-sdk-pinpoint/distinfo            |   6 +-
 devel/rubygem-aws-sdk-quicksight/Makefile          |   2 +-
 devel/rubygem-aws-sdk-quicksight/distinfo          |   6 +-
 devel/rubygem-aws-sdk-ram/Makefile                 |   2 +-
 devel/rubygem-aws-sdk-ram/distinfo                 |   6 +-
 devel/rubygem-aws-sdk-rds/Makefile                 |   2 +-
 devel/rubygem-aws-sdk-rds/distinfo                 |   6 +-
 devel/rubygem-aws-sdk-rdsdataservice/Makefile      |   2 +-
 devel/rubygem-aws-sdk-rdsdataservice/distinfo      |   6 +-
 devel/rubygem-aws-sdk-redshift/Makefile            |   2 +-
 devel/rubygem-aws-sdk-redshift/distinfo            |   6 +-
 devel/rubygem-aws-sdk-rekognition/Makefile         |   2 +-
 devel/rubygem-aws-sdk-rekognition/distinfo         |   6 +-
 .../Makefile                                       |   2 +-
 .../distinfo                                       |   6 +-
 devel/rubygem-aws-sdk-resources/Makefile           |   3 +-
 devel/rubygem-aws-sdk-resources/distinfo           |   6 +-
 devel/rubygem-aws-sdk-resources2/Makefile          |   2 +-
 devel/rubygem-aws-sdk-resources2/distinfo          |   6 +-
 devel/rubygem-aws-sdk-s3/Makefile                  |   2 +-
 devel/rubygem-aws-sdk-s3/distinfo                  |   6 +-
 devel/rubygem-aws-sdk-s3control/Makefile           |   2 +-
 devel/rubygem-aws-sdk-s3control/distinfo           |   6 +-
 devel/rubygem-aws-sdk-sagemaker/Makefile           |   2 +-
 devel/rubygem-aws-sdk-sagemaker/distinfo           |   6 +-
 devel/rubygem-aws-sdk-sagemakerruntime/Makefile    |   2 +-
 devel/rubygem-aws-sdk-sagemakerruntime/distinfo    |   6 +-
 .../Makefile                                       |   2 +-
 .../distinfo                                       |   6 +-
 devel/rubygem-aws-sdk-sesv2/Makefile               |   2 +-
 devel/rubygem-aws-sdk-sesv2/distinfo               |   6 +-
 devel/rubygem-aws-sdk-sns/Makefile                 |   2 +-
 devel/rubygem-aws-sdk-sns/distinfo                 |   6 +-
 devel/rubygem-aws-sdk-ssm/Makefile                 |   2 +-
 devel/rubygem-aws-sdk-ssm/distinfo                 |   6 +-
 devel/rubygem-aws-sdk-states/Makefile              |   2 +-
 devel/rubygem-aws-sdk-states/distinfo              |   6 +-
 devel/rubygem-aws-sdk-storagegateway/Makefile      |   2 +-
 devel/rubygem-aws-sdk-storagegateway/distinfo      |   6 +-
 devel/rubygem-aws-sdk-textract/Makefile            |   2 +-
 devel/rubygem-aws-sdk-textract/distinfo            |   6 +-
 devel/rubygem-aws-sdk-transcribeservice/Makefile   |   2 +-
 devel/rubygem-aws-sdk-transcribeservice/distinfo   |   6 +-
 devel/rubygem-aws-sdk-workspaces/Makefile          |   2 +-
 devel/rubygem-aws-sdk-workspaces/distinfo          |   6 +-
 devel/rubygem-aws-sdk2/Makefile                    |   2 +-
 devel/rubygem-aws-sdk2/distinfo                    |   6 +-
 devel/rubygem-capybara-screenshot/Makefile         |   2 +-
 devel/rubygem-capybara-screenshot/distinfo         |   6 +-
 devel/rubygem-console/Makefile                     |   2 +-
 devel/rubygem-console/distinfo                     |   6 +-
 devel/rubygem-ddtrace/Makefile                     |   2 +-
 devel/rubygem-ddtrace/distinfo                     |   6 +-
 devel/rubygem-excon/Makefile                       |   2 +-
 devel/rubygem-excon/distinfo                       |   6 +-
 devel/rubygem-faker/Makefile                       |   2 +-
 devel/rubygem-faker/distinfo                       |   6 +-
 devel/rubygem-ffi/Makefile                         |   2 +-
 devel/rubygem-ffi/distinfo                         |   6 +-
 devel/rubygem-google-api-client/Makefile           |   2 +-
 devel/rubygem-google-api-client/distinfo           |   6 +-
 devel/rubygem-google-gax/Makefile                  |   5 +-
 devel/rubygem-google-protobuf/Makefile             |   2 +-
 devel/rubygem-google-protobuf/distinfo             |   6 +-
 devel/rubygem-grape/Makefile                       |   3 +-
 devel/rubygem-grape/distinfo                       |   6 +-
 devel/rubygem-grpc-google-iam-v1/Makefile          |   5 +-
 devel/rubygem-listen/Makefile                      |   2 +-
 devel/rubygem-listen/distinfo                      |   6 +-
 devel/rubygem-necromancer/Makefile                 |   2 +-
 devel/rubygem-necromancer/distinfo                 |   6 +-
 devel/rubygem-newrelic-grape/Makefile              |   7 +-
 devel/rubygem-oj/Makefile                          |   2 +-
 devel/rubygem-oj/distinfo                          |   6 +-
 devel/rubygem-strings/Makefile                     |   2 +-
 devel/rubygem-strings/distinfo                     |   6 +-
 devel/rubygem-trollop/Makefile                     |   2 +-
 devel/rubygem-trollop/distinfo                     |   6 +-
 devel/rubygem-tty-prompt/Makefile                  |   4 +-
 devel/rubygem-tty-prompt/distinfo                  |   6 +-
 devel/rubygem-tty-reader/Makefile                  |   2 +-
 devel/rubygem-tty-reader/distinfo                  |   6 +-
 devel/rubygem-zeitwerk/Makefile                    |   2 +-
 devel/rubygem-zeitwerk/distinfo                    |   6 +-
 dns/py-dns-lexicon/Makefile                        |   2 +-
 dns/py-dns-lexicon/distinfo                        |   6 +-
 games/diaspora/Makefile                            |   3 +-
 games/doomlegacy/Makefile                          |  10 +-
 games/doomlegacy/distinfo                          |  10 +-
 games/doomlegacy/files/patch-src_Makefile          |  27 ++-
 games/doomlegacy/files/patch-src_d__main.c         |  41 ++--
 games/doomlegacy/files/patch-src_i__tcp.c          |  15 --
 games/excido/Makefile                              |   2 +-
 games/jinput/Makefile                              |  49 ++--
 games/jinput/distinfo                              |   5 +-
 games/jinput/files/patch-openjdk7                  |  10 -
 games/jinput/pkg-descr                             |   2 +-
 games/jutils/Makefile                              |   6 +-
 games/jutils/distinfo                              |   6 +-
 graphics/azpainter/Makefile                        |   2 +
 graphics/azpainter/files/git-2564ee5               | 136 +++++++++++
 graphics/gdal/Makefile                             |   3 +-
 graphics/gdal/distinfo                             |   6 +-
 graphics/jhead/Makefile                            |   2 +-
 graphics/jhead/distinfo                            |   6 +-
 graphics/p5-Geo-GDAL/Makefile                      |   3 +-
 graphics/p5-Geo-GDAL/distinfo                      |   6 +-
 graphics/php-geos/Makefile                         |   1 -
 graphics/php-geos/files/patch-geos.c               |  20 ++
 graphics/py-gdal/Makefile                          |   3 +-
 graphics/py-gdal/distinfo                          |   6 +-
 irc/weechat/Makefile                               |   4 +-
 irc/weechat/distinfo                               |   6 +-
 irc/weechat/files/patch-cmake_FindTCL.cmake        |  18 --
 irc/weechat/pkg-plist                              |   6 +
 lang/Makefile                                      |   1 +
 lang/compute-runtime/Makefile                      |   3 +-
 lang/compute-runtime/files/patch-userptr           |   6 +-
 lang/fasm/Makefile                                 |   2 +-
 lang/fasm/distinfo                                 |   6 +-
 lang/v/Makefile                                    |  30 +++
 lang/v/distinfo                                    |   5 +
 lang/v/pkg-descr                                   |   5 +
 mail/rubygem-roadie/Makefile                       |   6 +-
 mail/rubygem-roadie/pkg-descr                      |   4 +-
 math/Makefile                                      |   1 +
 math/ascent/Makefile                               |   2 +-
 math/ascent/distinfo                               |   6 +-
 math/ascent/pkg-plist                              |   3 +
 math/py-bottleneck/Makefile                        |   2 +-
 math/py-bottleneck/distinfo                        |   6 +-
 math/py-statsmodels/Makefile                       |   3 +-
 math/py-statsmodels/distinfo                       |   6 +-
 math/sisl/Makefile                                 |  26 ++
 math/sisl/distinfo                                 |   3 +
 math/sisl/files/patch-CMakeLists.txt               |  11 +
 math/sisl/pkg-descr                                |   7 +
 misc/iio-oscilloscope/Makefile                     |   4 +-
 misc/iio-oscilloscope/distinfo                     |   6 +-
 misc/iio-oscilloscope/files/patch-plugins_scpi.c   |  11 +
 misc/iio-oscilloscope/pkg-plist                    |   2 +
 misc/py-tqdm/Makefile                              |   2 +-
 misc/py-tqdm/distinfo                              |   6 +-
 multimedia/mkvtoolnix/Makefile                     |   2 +-
 multimedia/mkvtoolnix/distinfo                     |   6 +-
 net-mgmt/unbound_exporter/Makefile                 |   4 +-
 net-mgmt/unbound_exporter/distinfo                 |   6 +-
 net/p5-XML-Compile-SOAP/Makefile                   |   2 +-
 net/p5-XML-Compile-SOAP/distinfo                   |   6 +-
 net/py-softlayer/Makefile                          |  16 +-
 net/py-softlayer/distinfo                          |   6 +-
 net/rubygem-fog-ovirt/Makefile                     |   2 +-
 net/rubygem-fog-ovirt/distinfo                     |   6 +-
 net/rubygem-google-cloud-bigtable/Makefile         |   2 +-
 net/rubygem-google-cloud-bigtable/distinfo         |   6 +-
 net/rubygem-google-cloud-pubsub/Makefile           |   2 +-
 net/rubygem-google-cloud-pubsub/distinfo           |   6 +-
 ports-mgmt/bsdadminscripts2/Makefile               |   2 +-
 ports-mgmt/bsdadminscripts2/distinfo               |   6 +-
 ports-mgmt/bsdadminscripts2/pkg-plist              |   4 +
 print/Makefile                                     |   3 +
 print/freetype/Makefile                            |   1 -
 print/py-fontaine/Makefile                         |  35 +++
 print/py-fontaine/distinfo                         |   5 +
 print/py-fontaine/files/patch-setup.py             |  11 +
 print/py-fontaine/pkg-descr                        |  12 +
 print/py-fonttools/Makefile                        |  20 +-
 print/py-ttfautohint-py/Makefile                   |  30 +++
 print/py-ttfautohint-py/distinfo                   |   3 +
 print/py-ttfautohint-py/files/patch-setup.py       |  45 ++++
 print/py-ttfautohint-py/pkg-descr                  |   7 +
 print/rubygem-prawn-svg/Makefile                   |   9 +-
 print/ttfautohint/Makefile                         |  30 +++
 print/ttfautohint/distinfo                         |   3 +
 print/ttfautohint/files/patch-lib-llrb.h           |  11 +
 print/ttfautohint/pkg-descr                        |   5 +
 print/ttfautohint/pkg-plist                        |  10 +
 science/netcdf/Makefile                            |   2 +-
 science/netcdf/distinfo                            |   6 +-
 science/netcdf/pkg-plist                           |   2 +-
 science/py-eccodes-python/Makefile                 |   2 +-
 science/py-eccodes-python/distinfo                 |   6 +-
 security/pecl-libsodium/Makefile                   |   7 +-
 security/pecl-libsodium/distinfo                   |   6 +-
 security/py-google-auth/Makefile                   |   2 +-
 security/py-google-auth/distinfo                   |   6 +-
 shells/bash-completion/Makefile                    |   2 +-
 shells/bash-completion/distinfo                    |   6 +-
 shells/bash-completion/pkg-plist                   |  10 +
 sysutils/debhelper/Makefile                        |   2 +-
 sysutils/debhelper/distinfo                        |   6 +-
 sysutils/py-psutil/Makefile                        |   2 +-
 sysutils/py-psutil/distinfo                        |   6 +-
 sysutils/rubygem-parallel/Makefile                 |   2 +-
 sysutils/rubygem-parallel/distinfo                 |   6 +-
 textproc/minify/Makefile                           |   5 +-
 textproc/minify/distinfo                           |  10 +-
 textproc/p5-Text-Table-Any/Makefile                |   2 +-
 textproc/p5-Text-Table-Any/distinfo                |   6 +-
 textproc/p5-Text-Table-CSV/Makefile                |   2 +-
 textproc/p5-Text-Table-CSV/distinfo                |   6 +-
 textproc/py-cchardet/Makefile                      |   2 +-
 textproc/py-cchardet/distinfo                      |   6 +-
 textproc/py-cloud_sptheme/Makefile                 |   7 +-
 textproc/py-cloud_sptheme/distinfo                 |   6 +-
 textproc/rubygem-autoprefixer-rails/Makefile       |   2 +-
 textproc/rubygem-autoprefixer-rails/distinfo       |   6 +-
 textproc/rubygem-css_parser/Makefile               |   2 +-
 textproc/rubygem-css_parser/distinfo               |   6 +-
 textproc/rubygem-jekyll-sitemap/Makefile           |   2 +-
 textproc/rubygem-jekyll-sitemap/distinfo           |   6 +-
 textproc/rubygem-loofah/Makefile                   |   2 +-
 textproc/rubygem-loofah/distinfo                   |   6 +-
 textproc/rubygem-tomlrb/Makefile                   |   2 +-
 textproc/rubygem-tomlrb/distinfo                   |   6 +-
 textproc/xerces-c3/Makefile                        |   4 +-
 www/gobuffalo/Makefile                             |   2 +-
 www/gobuffalo/distinfo                             |   6 +-
 www/p5-HTTP-Cookies/Makefile                       |   2 +-
 www/p5-HTTP-Cookies/distinfo                       |   6 +-
 www/p5-HTTP-Date/Makefile                          |  11 +-
 www/p5-HTTP-Date/distinfo                          |   6 +-
 www/p5-Net-Async-HTTP/Makefile                     |   2 +-
 www/p5-Net-Async-HTTP/distinfo                     |   6 +-
 www/p5-libwww/Makefile                             |   2 +-
 www/p5-libwww/distinfo                             |   6 +-
 www/py-dj21-django-crispy-forms/Makefile           |   2 +-
 www/py-dj21-django-crispy-forms/distinfo           |   6 +-
 www/py-dj22-django-crispy-forms/Makefile           |   2 +-
 www/py-dj22-django-crispy-forms/distinfo           |   6 +-
 www/py-dj22-django-jsonfield2/Makefile             |   4 +-
 www/py-dj22-django-jsonfield2/distinfo             |   6 +-
 www/py-django-crispy-forms/Makefile                |   2 +-
 www/py-django-crispy-forms/distinfo                |   6 +-
 www/py-django-jsonfield2/Makefile                  |   5 +-
 www/py-django-modern-rpc/Makefile                  |   2 +-
 www/py-django-modern-rpc/distinfo                  |   6 +-
 www/py-flask-marshmallow/Makefile                  |   2 +-
 www/py-folium/Makefile                             |   2 +-
 www/py-folium/distinfo                             |   6 +-
 www/py-google-cloud-core/Makefile                  |   2 +-
 www/py-google-cloud-core/distinfo                  |   6 +-
 www/py-instabot/Makefile                           |   2 +-
 www/py-instabot/distinfo                           |   6 +-
 www/rubygem-async-http/Makefile                    |   2 +-
 www/rubygem-async-http/distinfo                    |   6 +-
 www/rubygem-faraday/Makefile                       |   2 +-
 www/rubygem-faraday/distinfo                       |   6 +-
 www/rubygem-feedjira/Makefile                      |   4 +-
 www/rubygem-feedjira/distinfo                      |   6 +-
 www/rubygem-rails52/Makefile                       |   2 +-
 www/tinymce/Makefile                               |   2 +-
 www/tinymce/distinfo                               |   6 +-
 www/xapian-omega/Makefile                          |   2 +-
 www/xapian-omega/distinfo                          |   6 +-
 x11-toolkits/v/Makefile                            |   1 +
 561 files changed, 2136 insertions(+), 1330 deletions(-)
 delete mode 100644 audio/bsequencer-lv2/files/patch-src_BSEQuencer.cpp
 create mode 100644 biology/p5-Bio-DB-EMBL/Makefile
 create mode 100644 biology/p5-Bio-DB-EMBL/distinfo
 create mode 100644 biology/p5-Bio-DB-EMBL/pkg-descr
 create mode 100644 biology/p5-Bio-DB-EMBL/pkg-plist
 create mode 100644 biology/p5-Bio-DB-NCBIHelper/Makefile
 create mode 100644 biology/p5-Bio-DB-NCBIHelper/distinfo
 create mode 100644 biology/p5-Bio-DB-NCBIHelper/pkg-descr
 create mode 100644 biology/p5-Bio-DB-NCBIHelper/pkg-plist
 create mode 100644 biology/p5-Bio-Variation/Makefile
 create mode 100644 biology/p5-Bio-Variation/distinfo
 create mode 100644 biology/p5-Bio-Variation/pkg-descr
 create mode 100644 biology/p5-Bio-Variation/pkg-plist
 create mode 100644 databases/redis-devel/files/extra-patch-deps_lua_src_lua__cjson.c
 create mode 100644 databases/redis-devel/files/extra-patch-src-Makefile.luajit-or
 create mode 100644 devel/pecl-mustache/files/patch-mustache_data.cpp
 create mode 100644 devel/pecl-mustache/files/patch-mustache_mustache.cpp
 create mode 100644 devel/pecl-zookeeper/files/patch-php_zookeeper.c
 create mode 100644 devel/pecl-zookeeper/files/patch-php_zookeeper_callback.h
 create mode 100644 devel/rubygem-aws-sdk-migrationhubconfig/Makefile
 create mode 100644 devel/rubygem-aws-sdk-migrationhubconfig/distinfo
 create mode 100644 devel/rubygem-aws-sdk-migrationhubconfig/pkg-descr
 delete mode 100644 games/doomlegacy/files/patch-src_i__tcp.c
 delete mode 100644 games/jinput/files/patch-openjdk7
 create mode 100644 graphics/azpainter/files/git-2564ee5
 create mode 100644 graphics/php-geos/files/patch-geos.c
 delete mode 100644 irc/weechat/files/patch-cmake_FindTCL.cmake
 create mode 100644 lang/v/Makefile
 create mode 100644 lang/v/distinfo
 create mode 100644 lang/v/pkg-descr
 create mode 100644 math/sisl/Makefile
 create mode 100644 math/sisl/distinfo
 create mode 100644 math/sisl/files/patch-CMakeLists.txt
 create mode 100644 math/sisl/pkg-descr
 create mode 100644 misc/iio-oscilloscope/files/patch-plugins_scpi.c
 create mode 100644 print/py-fontaine/Makefile
 create mode 100644 print/py-fontaine/distinfo
 create mode 100644 print/py-fontaine/files/patch-setup.py
 create mode 100644 print/py-fontaine/pkg-descr
 create mode 100644 print/py-ttfautohint-py/Makefile
 create mode 100644 print/py-ttfautohint-py/distinfo
 create mode 100644 print/py-ttfautohint-py/files/patch-setup.py
 create mode 100644 print/py-ttfautohint-py/pkg-descr
 create mode 100644 print/ttfautohint/Makefile
 create mode 100644 print/ttfautohint/distinfo
 create mode 100644 print/ttfautohint/files/patch-lib-llrb.h
 create mode 100644 print/ttfautohint/pkg-descr
 create mode 100644 print/ttfautohint/pkg-plist
To github.com:HardenedBSD/hardenedbsd-ports.git
   3bb86bceaad2..b6ad279efb8f  master -> master
==== END: master ====
