==== BEGIN: master ====
current branch: master
mergeable branch: github/master
==== change branch ====
Already on 'master'
Your branch is behind 'origin/master' by 326 commits, and can be fast-forwarded.
  (use "git pull" to update your local branch)
==== show current branch ====
* master
==== check for stale changes ====
==== update to latest origin ====
warning: Pulling without specifying how to reconcile divergent branches is
discouraged. You can squelch this message by running one of the following
commands sometime before your next pull:

  git config pull.rebase false  # merge (the default strategy)
  git config pull.rebase true   # rebase
  git config pull.ff only       # fast-forward only

You can replace "git config" with "git config --global" to set a default
preference for all repositories. You can also pass --rebase, --no-rebase,
or --ff-only on the command line to override the configured default per
invocation.

=============================
HardenedBSD Master git Server
=============================

Please note that connections and activity to this server are logged.
This server, git-01.md.hardenedbsd.org, acts as the source-of-truth
server for the HardenedBSD repositories.

Banner last updated: 10 Feb 2020 09:32 EST

Updating 0514a06cb62d..01a5b2b7d287
Fast-forward
 Keywords/sample.ucl                                |  24 +++--
 Mk/bsd.port.mk                                     |   2 +-
 audio/lvtk/Makefile                                |   2 +-
 benchmarks/ali/Makefile                            |   2 +-
 benchmarks/ali/distinfo                            |   6 +-
 benchmarks/iperf/Makefile                          |  10 +-
 benchmarks/iperf/distinfo                          |   6 +-
 benchmarks/iperf/files/patch-include-Listener.hpp  |  11 ++
 devel/Makefile                                     |   5 +
 devel/gitaly/Makefile                              |   4 +-
 devel/gitaly/distinfo                              |   6 +-
 devel/google-styleguide/Makefile                   |   4 +-
 devel/google-styleguide/distinfo                   |   6 +-
 devel/p5-DateTime-Astro/Makefile                   |   9 +-
 devel/p5-DateTime-Astro/distinfo                   |   6 +-
 devel/p5-Rinci/Makefile                            |   2 +-
 devel/p5-Rinci/distinfo                            |   6 +-
 devel/py-cmd2/Makefile                             |   2 +-
 devel/py-cmd2/distinfo                             |   6 +-
 devel/py-dpcontracts/Makefile                      |  20 ++++
 devel/py-dpcontracts/distinfo                      |   3 +
 devel/py-dpcontracts/pkg-descr                     |  23 +++++
 devel/py-gevent/Makefile                           |   4 +-
 devel/py-gevent/distinfo                           |   6 +-
 devel/py-hypothesis/Makefile                       |  25 +++++
 devel/py-ipdb/Makefile                             |   2 +-
 devel/py-ipdb/distinfo                             |   6 +-
 devel/py-pytest-twisted/Makefile                   |  25 +++++
 devel/py-pytest-twisted/distinfo                   |   3 +
 devel/py-pytest-twisted/pkg-descr                  |   5 +
 devel/py-pyvisa-py/Makefile                        |   2 +-
 devel/py-pyvisa-py/distinfo                        |   6 +-
 devel/py-pyvisa/Makefile                           |   2 +-
 devel/py-pyvisa/distinfo                           |   6 +-
 devel/pyside2-tools/Makefile                       |   2 +-
 devel/pyside2-tools/distinfo                       |   6 +-
 devel/pyside2/Makefile                             |   2 +-
 devel/pyside2/distinfo                             |   6 +-
 devel/pyside2/pkg-plist                            |   2 +
 devel/rubygem-aws-partitions/Makefile              |   2 +-
 devel/rubygem-aws-partitions/distinfo              |   6 +-
 devel/rubygem-aws-sdk-accessanalyzer/Makefile      |   4 +-
 devel/rubygem-aws-sdk-accessanalyzer/distinfo      |   6 +-
 devel/rubygem-aws-sdk-acm/Makefile                 |   4 +-
 devel/rubygem-aws-sdk-acm/distinfo                 |   6 +-
 devel/rubygem-aws-sdk-acmpca/Makefile              |   4 +-
 devel/rubygem-aws-sdk-acmpca/distinfo              |   6 +-
 devel/rubygem-aws-sdk-alexaforbusiness/Makefile    |   4 +-
 devel/rubygem-aws-sdk-alexaforbusiness/distinfo    |   6 +-
 devel/rubygem-aws-sdk-amplify/Makefile             |   4 +-
 devel/rubygem-aws-sdk-amplify/distinfo             |   6 +-
 devel/rubygem-aws-sdk-apigateway/Makefile          |   4 +-
 devel/rubygem-aws-sdk-apigateway/distinfo          |   6 +-
 .../Makefile                                       |   4 +-
 .../distinfo                                       |   6 +-
 devel/rubygem-aws-sdk-apigatewayv2/Makefile        |   4 +-
 devel/rubygem-aws-sdk-apigatewayv2/distinfo        |   6 +-
 devel/rubygem-aws-sdk-appconfig/Makefile           |   4 +-
 devel/rubygem-aws-sdk-appconfig/distinfo           |   6 +-
 devel/rubygem-aws-sdk-appflow/Makefile             |   4 +-
 devel/rubygem-aws-sdk-appflow/distinfo             |   6 +-
 .../Makefile                                       |   4 +-
 .../distinfo                                       |   6 +-
 .../Makefile                                       |   4 +-
 .../distinfo                                       |   6 +-
 devel/rubygem-aws-sdk-applicationinsights/Makefile |   4 +-
 devel/rubygem-aws-sdk-applicationinsights/distinfo |   6 +-
 devel/rubygem-aws-sdk-appmesh/Makefile             |   4 +-
 devel/rubygem-aws-sdk-appmesh/distinfo             |   6 +-
 devel/rubygem-aws-sdk-appstream/Makefile           |   4 +-
 devel/rubygem-aws-sdk-appstream/distinfo           |   6 +-
 devel/rubygem-aws-sdk-appsync/Makefile             |   4 +-
 devel/rubygem-aws-sdk-appsync/distinfo             |   6 +-
 devel/rubygem-aws-sdk-athena/Makefile              |   4 +-
 devel/rubygem-aws-sdk-athena/distinfo              |   6 +-
 devel/rubygem-aws-sdk-augmentedairuntime/Makefile  |   4 +-
 devel/rubygem-aws-sdk-augmentedairuntime/distinfo  |   6 +-
 devel/rubygem-aws-sdk-autoscaling/Makefile         |   4 +-
 devel/rubygem-aws-sdk-autoscaling/distinfo         |   6 +-
 devel/rubygem-aws-sdk-autoscalingplans/Makefile    |   4 +-
 devel/rubygem-aws-sdk-autoscalingplans/distinfo    |   6 +-
 devel/rubygem-aws-sdk-backup/Makefile              |   4 +-
 devel/rubygem-aws-sdk-backup/distinfo              |   6 +-
 devel/rubygem-aws-sdk-batch/Makefile               |   4 +-
 devel/rubygem-aws-sdk-batch/distinfo               |   6 +-
 devel/rubygem-aws-sdk-braket/Makefile              |   4 +-
 devel/rubygem-aws-sdk-braket/distinfo              |   6 +-
 devel/rubygem-aws-sdk-budgets/Makefile             |   4 +-
 devel/rubygem-aws-sdk-budgets/distinfo             |   6 +-
 devel/rubygem-aws-sdk-chime/Makefile               |   4 +-
 devel/rubygem-aws-sdk-chime/distinfo               |   6 +-
 devel/rubygem-aws-sdk-cloud9/Makefile              |   4 +-
 devel/rubygem-aws-sdk-cloud9/distinfo              |   6 +-
 devel/rubygem-aws-sdk-clouddirectory/Makefile      |   4 +-
 devel/rubygem-aws-sdk-clouddirectory/distinfo      |   6 +-
 devel/rubygem-aws-sdk-cloudformation/Makefile      |   4 +-
 devel/rubygem-aws-sdk-cloudformation/distinfo      |   6 +-
 devel/rubygem-aws-sdk-cloudfront/Makefile          |   4 +-
 devel/rubygem-aws-sdk-cloudfront/distinfo          |   6 +-
 devel/rubygem-aws-sdk-cloudhsm/Makefile            |   4 +-
 devel/rubygem-aws-sdk-cloudhsm/distinfo            |   6 +-
 devel/rubygem-aws-sdk-cloudhsmv2/Makefile          |   4 +-
 devel/rubygem-aws-sdk-cloudhsmv2/distinfo          |   6 +-
 devel/rubygem-aws-sdk-cloudsearch/Makefile         |   4 +-
 devel/rubygem-aws-sdk-cloudsearch/distinfo         |   6 +-
 devel/rubygem-aws-sdk-cloudsearchdomain/Makefile   |   4 +-
 devel/rubygem-aws-sdk-cloudsearchdomain/distinfo   |   6 +-
 devel/rubygem-aws-sdk-cloudtrail/Makefile          |   4 +-
 devel/rubygem-aws-sdk-cloudtrail/distinfo          |   6 +-
 devel/rubygem-aws-sdk-cloudwatch/Makefile          |   4 +-
 devel/rubygem-aws-sdk-cloudwatch/distinfo          |   6 +-
 devel/rubygem-aws-sdk-cloudwatchevents/Makefile    |   4 +-
 devel/rubygem-aws-sdk-cloudwatchevents/distinfo    |   6 +-
 devel/rubygem-aws-sdk-cloudwatchlogs/Makefile      |   4 +-
 devel/rubygem-aws-sdk-cloudwatchlogs/distinfo      |   6 +-
 devel/rubygem-aws-sdk-codeartifact/Makefile        |   4 +-
 devel/rubygem-aws-sdk-codeartifact/distinfo        |   6 +-
 devel/rubygem-aws-sdk-codebuild/Makefile           |   4 +-
 devel/rubygem-aws-sdk-codebuild/distinfo           |   6 +-
 devel/rubygem-aws-sdk-codecommit/Makefile          |   4 +-
 devel/rubygem-aws-sdk-codecommit/distinfo          |   6 +-
 devel/rubygem-aws-sdk-codedeploy/Makefile          |   4 +-
 devel/rubygem-aws-sdk-codedeploy/distinfo          |   6 +-
 devel/rubygem-aws-sdk-codeguruprofiler/Makefile    |   4 +-
 devel/rubygem-aws-sdk-codeguruprofiler/distinfo    |   6 +-
 devel/rubygem-aws-sdk-codegurureviewer/Makefile    |   4 +-
 devel/rubygem-aws-sdk-codegurureviewer/distinfo    |   6 +-
 devel/rubygem-aws-sdk-codepipeline/Makefile        |   4 +-
 devel/rubygem-aws-sdk-codepipeline/distinfo        |   6 +-
 devel/rubygem-aws-sdk-codestar/Makefile            |   4 +-
 devel/rubygem-aws-sdk-codestar/distinfo            |   6 +-
 devel/rubygem-aws-sdk-codestarconnections/Makefile |   4 +-
 devel/rubygem-aws-sdk-codestarconnections/distinfo |   6 +-
 .../rubygem-aws-sdk-codestarnotifications/Makefile |   4 +-
 .../rubygem-aws-sdk-codestarnotifications/distinfo |   6 +-
 devel/rubygem-aws-sdk-cognitoidentity/Makefile     |   4 +-
 devel/rubygem-aws-sdk-cognitoidentity/distinfo     |   6 +-
 .../Makefile                                       |   4 +-
 .../distinfo                                       |   6 +-
 devel/rubygem-aws-sdk-cognitosync/Makefile         |   4 +-
 devel/rubygem-aws-sdk-cognitosync/distinfo         |   6 +-
 devel/rubygem-aws-sdk-comprehend/Makefile          |   4 +-
 devel/rubygem-aws-sdk-comprehend/distinfo          |   6 +-
 devel/rubygem-aws-sdk-comprehendmedical/Makefile   |   4 +-
 devel/rubygem-aws-sdk-comprehendmedical/distinfo   |   6 +-
 devel/rubygem-aws-sdk-computeoptimizer/Makefile    |   4 +-
 devel/rubygem-aws-sdk-computeoptimizer/distinfo    |   6 +-
 devel/rubygem-aws-sdk-configservice/Makefile       |   4 +-
 devel/rubygem-aws-sdk-configservice/distinfo       |   6 +-
 devel/rubygem-aws-sdk-connect/Makefile             |   4 +-
 devel/rubygem-aws-sdk-connect/distinfo             |   6 +-
 devel/rubygem-aws-sdk-connectparticipant/Makefile  |   4 +-
 devel/rubygem-aws-sdk-connectparticipant/distinfo  |   6 +-
 devel/rubygem-aws-sdk-core/Makefile                |   2 +-
 devel/rubygem-aws-sdk-core/distinfo                |   6 +-
 devel/rubygem-aws-sdk-core2/Makefile               |   2 +-
 devel/rubygem-aws-sdk-core2/distinfo               |   6 +-
 .../Makefile                                       |   4 +-
 .../distinfo                                       |   6 +-
 devel/rubygem-aws-sdk-costexplorer/Makefile        |   4 +-
 devel/rubygem-aws-sdk-costexplorer/distinfo        |   6 +-
 .../Makefile                                       |   4 +-
 .../distinfo                                       |   6 +-
 devel/rubygem-aws-sdk-dataexchange/Makefile        |   4 +-
 devel/rubygem-aws-sdk-dataexchange/distinfo        |   6 +-
 devel/rubygem-aws-sdk-datapipeline/Makefile        |   4 +-
 devel/rubygem-aws-sdk-datapipeline/distinfo        |   6 +-
 devel/rubygem-aws-sdk-datasync/Makefile            |   4 +-
 devel/rubygem-aws-sdk-datasync/distinfo            |   6 +-
 devel/rubygem-aws-sdk-dax/Makefile                 |   4 +-
 devel/rubygem-aws-sdk-dax/distinfo                 |   6 +-
 devel/rubygem-aws-sdk-detective/Makefile           |   4 +-
 devel/rubygem-aws-sdk-detective/distinfo           |   6 +-
 devel/rubygem-aws-sdk-devicefarm/Makefile          |   4 +-
 devel/rubygem-aws-sdk-devicefarm/distinfo          |   6 +-
 devel/rubygem-aws-sdk-directconnect/Makefile       |   4 +-
 devel/rubygem-aws-sdk-directconnect/distinfo       |   6 +-
 devel/rubygem-aws-sdk-directoryservice/Makefile    |   4 +-
 devel/rubygem-aws-sdk-directoryservice/distinfo    |   6 +-
 devel/rubygem-aws-sdk-dlm/Makefile                 |   4 +-
 devel/rubygem-aws-sdk-dlm/distinfo                 |   6 +-
 devel/rubygem-aws-sdk-dynamodb/Makefile            |   4 +-
 devel/rubygem-aws-sdk-dynamodb/distinfo            |   6 +-
 devel/rubygem-aws-sdk-dynamodbstreams/Makefile     |   4 +-
 devel/rubygem-aws-sdk-dynamodbstreams/distinfo     |   6 +-
 devel/rubygem-aws-sdk-ebs/Makefile                 |   4 +-
 devel/rubygem-aws-sdk-ebs/distinfo                 |   6 +-
 devel/rubygem-aws-sdk-ec2instanceconnect/Makefile  |   4 +-
 devel/rubygem-aws-sdk-ec2instanceconnect/distinfo  |   6 +-
 devel/rubygem-aws-sdk-ecr/Makefile                 |   4 +-
 devel/rubygem-aws-sdk-ecr/distinfo                 |   6 +-
 devel/rubygem-aws-sdk-ecs/Makefile                 |   4 +-
 devel/rubygem-aws-sdk-ecs/distinfo                 |   6 +-
 devel/rubygem-aws-sdk-efs/Makefile                 |   4 +-
 devel/rubygem-aws-sdk-efs/distinfo                 |   6 +-
 devel/rubygem-aws-sdk-eks/Makefile                 |   4 +-
 devel/rubygem-aws-sdk-eks/distinfo                 |   6 +-
 devel/rubygem-aws-sdk-elasticache/Makefile         |   4 +-
 devel/rubygem-aws-sdk-elasticache/distinfo         |   6 +-
 devel/rubygem-aws-sdk-elasticbeanstalk/Makefile    |   4 +-
 devel/rubygem-aws-sdk-elasticbeanstalk/distinfo    |   6 +-
 devel/rubygem-aws-sdk-elasticinference/Makefile    |   4 +-
 devel/rubygem-aws-sdk-elasticinference/distinfo    |   6 +-
 .../rubygem-aws-sdk-elasticloadbalancing/Makefile  |   4 +-
 .../rubygem-aws-sdk-elasticloadbalancing/distinfo  |   6 +-
 .../Makefile                                       |   4 +-
 .../distinfo                                       |   6 +-
 .../rubygem-aws-sdk-elasticsearchservice/Makefile  |   4 +-
 .../rubygem-aws-sdk-elasticsearchservice/distinfo  |   6 +-
 devel/rubygem-aws-sdk-elastictranscoder/Makefile   |   4 +-
 devel/rubygem-aws-sdk-elastictranscoder/distinfo   |   6 +-
 devel/rubygem-aws-sdk-emr/Makefile                 |   4 +-
 devel/rubygem-aws-sdk-emr/distinfo                 |   6 +-
 devel/rubygem-aws-sdk-eventbridge/Makefile         |   4 +-
 devel/rubygem-aws-sdk-eventbridge/distinfo         |   6 +-
 devel/rubygem-aws-sdk-firehose/Makefile            |   4 +-
 devel/rubygem-aws-sdk-firehose/distinfo            |   6 +-
 devel/rubygem-aws-sdk-fms/Makefile                 |   4 +-
 devel/rubygem-aws-sdk-fms/distinfo                 |   6 +-
 .../rubygem-aws-sdk-forecastqueryservice/Makefile  |   4 +-
 .../rubygem-aws-sdk-forecastqueryservice/distinfo  |   6 +-
 devel/rubygem-aws-sdk-forecastservice/Makefile     |   4 +-
 devel/rubygem-aws-sdk-forecastservice/distinfo     |   6 +-
 devel/rubygem-aws-sdk-frauddetector/Makefile       |   4 +-
 devel/rubygem-aws-sdk-frauddetector/distinfo       |   6 +-
 devel/rubygem-aws-sdk-fsx/Makefile                 |   4 +-
 devel/rubygem-aws-sdk-fsx/distinfo                 |   6 +-
 devel/rubygem-aws-sdk-gamelift/Makefile            |   4 +-
 devel/rubygem-aws-sdk-gamelift/distinfo            |   6 +-
 devel/rubygem-aws-sdk-glacier/Makefile             |   4 +-
 devel/rubygem-aws-sdk-glacier/distinfo             |   6 +-
 devel/rubygem-aws-sdk-globalaccelerator/Makefile   |   4 +-
 devel/rubygem-aws-sdk-globalaccelerator/distinfo   |   6 +-
 devel/rubygem-aws-sdk-glue/Makefile                |   4 +-
 devel/rubygem-aws-sdk-glue/distinfo                |   6 +-
 devel/rubygem-aws-sdk-greengrass/Makefile          |   4 +-
 devel/rubygem-aws-sdk-greengrass/distinfo          |   6 +-
 devel/rubygem-aws-sdk-groundstation/Makefile       |   4 +-
 devel/rubygem-aws-sdk-groundstation/distinfo       |   6 +-
 devel/rubygem-aws-sdk-guardduty/Makefile           |   4 +-
 devel/rubygem-aws-sdk-guardduty/distinfo           |   6 +-
 devel/rubygem-aws-sdk-health/Makefile              |   4 +-
 devel/rubygem-aws-sdk-health/distinfo              |   6 +-
 devel/rubygem-aws-sdk-honeycode/Makefile           |   4 +-
 devel/rubygem-aws-sdk-honeycode/distinfo           |   6 +-
 devel/rubygem-aws-sdk-iam/Makefile                 |   4 +-
 devel/rubygem-aws-sdk-iam/distinfo                 |   6 +-
 devel/rubygem-aws-sdk-identitystore/Makefile       |   4 +-
 devel/rubygem-aws-sdk-identitystore/distinfo       |   6 +-
 devel/rubygem-aws-sdk-imagebuilder/Makefile        |   4 +-
 devel/rubygem-aws-sdk-imagebuilder/distinfo        |   6 +-
 devel/rubygem-aws-sdk-importexport/Makefile        |   4 +-
 devel/rubygem-aws-sdk-importexport/distinfo        |   6 +-
 devel/rubygem-aws-sdk-inspector/Makefile           |   4 +-
 devel/rubygem-aws-sdk-inspector/distinfo           |   6 +-
 devel/rubygem-aws-sdk-iot/Makefile                 |   4 +-
 devel/rubygem-aws-sdk-iot/distinfo                 |   6 +-
 .../Makefile                                       |   4 +-
 .../distinfo                                       |   6 +-
 devel/rubygem-aws-sdk-iot1clickprojects/Makefile   |   4 +-
 devel/rubygem-aws-sdk-iot1clickprojects/distinfo   |   6 +-
 devel/rubygem-aws-sdk-iotanalytics/Makefile        |   4 +-
 devel/rubygem-aws-sdk-iotanalytics/distinfo        |   6 +-
 devel/rubygem-aws-sdk-iotdataplane/Makefile        |   4 +-
 devel/rubygem-aws-sdk-iotdataplane/distinfo        |   6 +-
 devel/rubygem-aws-sdk-iotevents/Makefile           |   4 +-
 devel/rubygem-aws-sdk-iotevents/distinfo           |   6 +-
 devel/rubygem-aws-sdk-ioteventsdata/Makefile       |   4 +-
 devel/rubygem-aws-sdk-ioteventsdata/distinfo       |   6 +-
 devel/rubygem-aws-sdk-iotjobsdataplane/Makefile    |   4 +-
 devel/rubygem-aws-sdk-iotjobsdataplane/distinfo    |   6 +-
 devel/rubygem-aws-sdk-iotsecuretunneling/Makefile  |   4 +-
 devel/rubygem-aws-sdk-iotsecuretunneling/distinfo  |   6 +-
 devel/rubygem-aws-sdk-iotsitewise/Makefile         |   4 +-
 devel/rubygem-aws-sdk-iotsitewise/distinfo         |   6 +-
 devel/rubygem-aws-sdk-iotthingsgraph/Makefile      |   4 +-
 devel/rubygem-aws-sdk-iotthingsgraph/distinfo      |   6 +-
 devel/rubygem-aws-sdk-ivs/Makefile                 |   4 +-
 devel/rubygem-aws-sdk-ivs/distinfo                 |   6 +-
 devel/rubygem-aws-sdk-kafka/Makefile               |   4 +-
 devel/rubygem-aws-sdk-kafka/distinfo               |   6 +-
 devel/rubygem-aws-sdk-kendra/Makefile              |   4 +-
 devel/rubygem-aws-sdk-kendra/distinfo              |   6 +-
 devel/rubygem-aws-sdk-kinesis/Makefile             |   4 +-
 devel/rubygem-aws-sdk-kinesis/distinfo             |   6 +-
 devel/rubygem-aws-sdk-kinesisanalytics/Makefile    |   4 +-
 devel/rubygem-aws-sdk-kinesisanalytics/distinfo    |   6 +-
 devel/rubygem-aws-sdk-kinesisanalyticsv2/Makefile  |   4 +-
 devel/rubygem-aws-sdk-kinesisanalyticsv2/distinfo  |   6 +-
 devel/rubygem-aws-sdk-kinesisvideo/Makefile        |   4 +-
 devel/rubygem-aws-sdk-kinesisvideo/distinfo        |   6 +-
 .../Makefile                                       |   4 +-
 .../distinfo                                       |   6 +-
 devel/rubygem-aws-sdk-kinesisvideomedia/Makefile   |   4 +-
 devel/rubygem-aws-sdk-kinesisvideomedia/distinfo   |   6 +-
 .../Makefile                                       |   4 +-
 .../distinfo                                       |   6 +-
 devel/rubygem-aws-sdk-kms/Makefile                 |   4 +-
 devel/rubygem-aws-sdk-kms/distinfo                 |   6 +-
 devel/rubygem-aws-sdk-lakeformation/Makefile       |   4 +-
 devel/rubygem-aws-sdk-lakeformation/distinfo       |   6 +-
 devel/rubygem-aws-sdk-lambda/Makefile              |   4 +-
 devel/rubygem-aws-sdk-lambda/distinfo              |   6 +-
 devel/rubygem-aws-sdk-lambdapreview/Makefile       |   4 +-
 devel/rubygem-aws-sdk-lambdapreview/distinfo       |   6 +-
 devel/rubygem-aws-sdk-lex/Makefile                 |   4 +-
 devel/rubygem-aws-sdk-lex/distinfo                 |   6 +-
 .../Makefile                                       |   4 +-
 .../distinfo                                       |   6 +-
 devel/rubygem-aws-sdk-licensemanager/Makefile      |   4 +-
 devel/rubygem-aws-sdk-licensemanager/distinfo      |   6 +-
 devel/rubygem-aws-sdk-lightsail/Makefile           |   4 +-
 devel/rubygem-aws-sdk-lightsail/distinfo           |   6 +-
 devel/rubygem-aws-sdk-machinelearning/Makefile     |   4 +-
 devel/rubygem-aws-sdk-machinelearning/distinfo     |   6 +-
 devel/rubygem-aws-sdk-macie/Makefile               |   4 +-
 devel/rubygem-aws-sdk-macie/distinfo               |   6 +-
 devel/rubygem-aws-sdk-macie2/Makefile              |   4 +-
 devel/rubygem-aws-sdk-macie2/distinfo              |   6 +-
 devel/rubygem-aws-sdk-marketplacecatalog/Makefile  |   4 +-
 devel/rubygem-aws-sdk-marketplacecatalog/distinfo  |   6 +-
 .../Makefile                                       |   4 +-
 .../distinfo                                       |   6 +-
 .../Makefile                                       |   4 +-
 .../distinfo                                       |   6 +-
 devel/rubygem-aws-sdk-marketplacemetering/Makefile |   4 +-
 devel/rubygem-aws-sdk-marketplacemetering/distinfo |   6 +-
 devel/rubygem-aws-sdk-mediaconnect/Makefile        |   4 +-
 devel/rubygem-aws-sdk-mediaconnect/distinfo        |   6 +-
 devel/rubygem-aws-sdk-mediaconvert/Makefile        |   4 +-
 devel/rubygem-aws-sdk-mediaconvert/distinfo        |   6 +-
 devel/rubygem-aws-sdk-medialive/Makefile           |   4 +-
 devel/rubygem-aws-sdk-medialive/distinfo           |   6 +-
 devel/rubygem-aws-sdk-mediapackage/Makefile        |   4 +-
 devel/rubygem-aws-sdk-mediapackage/distinfo        |   6 +-
 devel/rubygem-aws-sdk-mediapackagevod/Makefile     |   4 +-
 devel/rubygem-aws-sdk-mediapackagevod/distinfo     |   6 +-
 devel/rubygem-aws-sdk-mediastore/Makefile          |   4 +-
 devel/rubygem-aws-sdk-mediastore/distinfo          |   6 +-
 devel/rubygem-aws-sdk-mediastoredata/Makefile      |   4 +-
 devel/rubygem-aws-sdk-mediastoredata/distinfo      |   6 +-
 devel/rubygem-aws-sdk-mediatailor/Makefile         |   4 +-
 devel/rubygem-aws-sdk-mediatailor/distinfo         |   6 +-
 devel/rubygem-aws-sdk-migrationhub/Makefile        |   4 +-
 devel/rubygem-aws-sdk-migrationhub/distinfo        |   6 +-
 devel/rubygem-aws-sdk-migrationhubconfig/Makefile  |   4 +-
 devel/rubygem-aws-sdk-migrationhubconfig/distinfo  |   6 +-
 devel/rubygem-aws-sdk-mobile/Makefile              |   4 +-
 devel/rubygem-aws-sdk-mobile/distinfo              |   6 +-
 devel/rubygem-aws-sdk-mq/Makefile                  |   4 +-
 devel/rubygem-aws-sdk-mq/distinfo                  |   6 +-
 devel/rubygem-aws-sdk-mturk/Makefile               |   4 +-
 devel/rubygem-aws-sdk-mturk/distinfo               |   6 +-
 devel/rubygem-aws-sdk-neptune/Makefile             |   4 +-
 devel/rubygem-aws-sdk-neptune/distinfo             |   6 +-
 devel/rubygem-aws-sdk-networkmanager/Makefile      |   4 +-
 devel/rubygem-aws-sdk-networkmanager/distinfo      |   6 +-
 devel/rubygem-aws-sdk-opsworks/Makefile            |   4 +-
 devel/rubygem-aws-sdk-opsworks/distinfo            |   6 +-
 devel/rubygem-aws-sdk-opsworkscm/Makefile          |   4 +-
 devel/rubygem-aws-sdk-opsworkscm/distinfo          |   6 +-
 devel/rubygem-aws-sdk-organizations/Makefile       |   4 +-
 devel/rubygem-aws-sdk-organizations/distinfo       |   6 +-
 devel/rubygem-aws-sdk-outposts/Makefile            |   4 +-
 devel/rubygem-aws-sdk-outposts/distinfo            |   6 +-
 devel/rubygem-aws-sdk-personalize/Makefile         |   4 +-
 devel/rubygem-aws-sdk-personalize/distinfo         |   6 +-
 devel/rubygem-aws-sdk-personalizeevents/Makefile   |   4 +-
 devel/rubygem-aws-sdk-personalizeevents/distinfo   |   6 +-
 devel/rubygem-aws-sdk-personalizeruntime/Makefile  |   4 +-
 devel/rubygem-aws-sdk-personalizeruntime/distinfo  |   6 +-
 devel/rubygem-aws-sdk-pi/Makefile                  |   4 +-
 devel/rubygem-aws-sdk-pi/distinfo                  |   6 +-
 devel/rubygem-aws-sdk-pinpoint/Makefile            |   4 +-
 devel/rubygem-aws-sdk-pinpoint/distinfo            |   6 +-
 devel/rubygem-aws-sdk-pinpointemail/Makefile       |   4 +-
 devel/rubygem-aws-sdk-pinpointemail/distinfo       |   6 +-
 devel/rubygem-aws-sdk-pinpointsmsvoice/Makefile    |   4 +-
 devel/rubygem-aws-sdk-pinpointsmsvoice/distinfo    |   6 +-
 devel/rubygem-aws-sdk-polly/Makefile               |   4 +-
 devel/rubygem-aws-sdk-polly/distinfo               |   6 +-
 devel/rubygem-aws-sdk-pricing/Makefile             |   4 +-
 devel/rubygem-aws-sdk-pricing/distinfo             |   6 +-
 devel/rubygem-aws-sdk-qldb/Makefile                |   4 +-
 devel/rubygem-aws-sdk-qldb/distinfo                |   6 +-
 devel/rubygem-aws-sdk-qldbsession/Makefile         |   4 +-
 devel/rubygem-aws-sdk-qldbsession/distinfo         |   6 +-
 devel/rubygem-aws-sdk-quicksight/Makefile          |   4 +-
 devel/rubygem-aws-sdk-quicksight/distinfo          |   6 +-
 devel/rubygem-aws-sdk-ram/Makefile                 |   4 +-
 devel/rubygem-aws-sdk-ram/distinfo                 |   6 +-
 devel/rubygem-aws-sdk-rds/Makefile                 |   4 +-
 devel/rubygem-aws-sdk-rds/distinfo                 |   6 +-
 devel/rubygem-aws-sdk-rdsdataservice/Makefile      |   4 +-
 devel/rubygem-aws-sdk-rdsdataservice/distinfo      |   6 +-
 devel/rubygem-aws-sdk-redshift/Makefile            |   4 +-
 devel/rubygem-aws-sdk-redshift/distinfo            |   6 +-
 .../Makefile                                       |   4 +-
 .../distinfo                                       |   6 +-
 devel/rubygem-aws-sdk-rekognition/Makefile         |   4 +-
 devel/rubygem-aws-sdk-rekognition/distinfo         |   6 +-
 devel/rubygem-aws-sdk-resourcegroups/Makefile      |   4 +-
 devel/rubygem-aws-sdk-resourcegroups/distinfo      |   6 +-
 .../Makefile                                       |   4 +-
 .../distinfo                                       |   6 +-
 devel/rubygem-aws-sdk-resources/Makefile           |   5 +-
 devel/rubygem-aws-sdk-resources/distinfo           |   6 +-
 devel/rubygem-aws-sdk-resources2/Makefile          |   2 +-
 devel/rubygem-aws-sdk-resources2/distinfo          |   6 +-
 devel/rubygem-aws-sdk-robomaker/Makefile           |   4 +-
 devel/rubygem-aws-sdk-robomaker/distinfo           |   6 +-
 devel/rubygem-aws-sdk-route53/Makefile             |   4 +-
 devel/rubygem-aws-sdk-route53/distinfo             |   6 +-
 devel/rubygem-aws-sdk-route53domains/Makefile      |   4 +-
 devel/rubygem-aws-sdk-route53domains/distinfo      |   6 +-
 devel/rubygem-aws-sdk-route53resolver/Makefile     |   4 +-
 devel/rubygem-aws-sdk-route53resolver/distinfo     |   6 +-
 devel/rubygem-aws-sdk-s3/Makefile                  |   4 +-
 devel/rubygem-aws-sdk-s3/distinfo                  |   6 +-
 devel/rubygem-aws-sdk-s3control/Makefile           |   4 +-
 devel/rubygem-aws-sdk-s3control/distinfo           |   6 +-
 devel/rubygem-aws-sdk-s3outposts/Makefile          |  22 ++++
 devel/rubygem-aws-sdk-s3outposts/distinfo          |   3 +
 devel/rubygem-aws-sdk-s3outposts/pkg-descr         |   4 +
 devel/rubygem-aws-sdk-sagemaker/Makefile           |   4 +-
 devel/rubygem-aws-sdk-sagemaker/distinfo           |   6 +-
 devel/rubygem-aws-sdk-sagemakerruntime/Makefile    |   4 +-
 devel/rubygem-aws-sdk-sagemakerruntime/distinfo    |   6 +-
 devel/rubygem-aws-sdk-savingsplans/Makefile        |   4 +-
 devel/rubygem-aws-sdk-savingsplans/distinfo        |   6 +-
 devel/rubygem-aws-sdk-schemas/Makefile             |   4 +-
 devel/rubygem-aws-sdk-schemas/distinfo             |   6 +-
 devel/rubygem-aws-sdk-secretsmanager/Makefile      |   4 +-
 devel/rubygem-aws-sdk-secretsmanager/distinfo      |   6 +-
 devel/rubygem-aws-sdk-securityhub/Makefile         |   4 +-
 devel/rubygem-aws-sdk-securityhub/distinfo         |   6 +-
 .../Makefile                                       |   4 +-
 .../distinfo                                       |   6 +-
 devel/rubygem-aws-sdk-servicecatalog/Makefile      |   4 +-
 devel/rubygem-aws-sdk-servicecatalog/distinfo      |   6 +-
 devel/rubygem-aws-sdk-servicediscovery/Makefile    |   4 +-
 devel/rubygem-aws-sdk-servicediscovery/distinfo    |   6 +-
 devel/rubygem-aws-sdk-servicequotas/Makefile       |   4 +-
 devel/rubygem-aws-sdk-servicequotas/distinfo       |   6 +-
 devel/rubygem-aws-sdk-ses/Makefile                 |   4 +-
 devel/rubygem-aws-sdk-ses/distinfo                 |   6 +-
 devel/rubygem-aws-sdk-sesv2/Makefile               |   4 +-
 devel/rubygem-aws-sdk-sesv2/distinfo               |   6 +-
 devel/rubygem-aws-sdk-shield/Makefile              |   4 +-
 devel/rubygem-aws-sdk-shield/distinfo              |   6 +-
 devel/rubygem-aws-sdk-signer/Makefile              |   4 +-
 devel/rubygem-aws-sdk-signer/distinfo              |   6 +-
 devel/rubygem-aws-sdk-simpledb/Makefile            |   4 +-
 devel/rubygem-aws-sdk-simpledb/distinfo            |   6 +-
 devel/rubygem-aws-sdk-sms/Makefile                 |   4 +-
 devel/rubygem-aws-sdk-sms/distinfo                 |   6 +-
 devel/rubygem-aws-sdk-snowball/Makefile            |   4 +-
 devel/rubygem-aws-sdk-snowball/distinfo            |   6 +-
 devel/rubygem-aws-sdk-sns/Makefile                 |   4 +-
 devel/rubygem-aws-sdk-sns/distinfo                 |   6 +-
 devel/rubygem-aws-sdk-sqs/Makefile                 |   4 +-
 devel/rubygem-aws-sdk-sqs/distinfo                 |   6 +-
 devel/rubygem-aws-sdk-ssm/Makefile                 |   4 +-
 devel/rubygem-aws-sdk-ssm/distinfo                 |   6 +-
 devel/rubygem-aws-sdk-ssoadmin/Makefile            |   4 +-
 devel/rubygem-aws-sdk-ssoadmin/distinfo            |   6 +-
 devel/rubygem-aws-sdk-ssooidc/Makefile             |   4 +-
 devel/rubygem-aws-sdk-ssooidc/distinfo             |   6 +-
 devel/rubygem-aws-sdk-storagegateway/Makefile      |   4 +-
 devel/rubygem-aws-sdk-storagegateway/distinfo      |   6 +-
 devel/rubygem-aws-sdk-support/Makefile             |   4 +-
 devel/rubygem-aws-sdk-support/distinfo             |   6 +-
 devel/rubygem-aws-sdk-swf/Makefile                 |   4 +-
 devel/rubygem-aws-sdk-swf/distinfo                 |   6 +-
 devel/rubygem-aws-sdk-synthetics/Makefile          |   4 +-
 devel/rubygem-aws-sdk-synthetics/distinfo          |   6 +-
 devel/rubygem-aws-sdk-textract/Makefile            |   4 +-
 devel/rubygem-aws-sdk-textract/distinfo            |   6 +-
 devel/rubygem-aws-sdk-timestreamquery/Makefile     |  22 ++++
 devel/rubygem-aws-sdk-timestreamquery/distinfo     |   3 +
 devel/rubygem-aws-sdk-timestreamquery/pkg-descr    |   4 +
 devel/rubygem-aws-sdk-timestreamwrite/Makefile     |  22 ++++
 devel/rubygem-aws-sdk-timestreamwrite/distinfo     |   3 +
 devel/rubygem-aws-sdk-timestreamwrite/pkg-descr    |   4 +
 devel/rubygem-aws-sdk-transcribeservice/Makefile   |   4 +-
 devel/rubygem-aws-sdk-transcribeservice/distinfo   |   6 +-
 .../Makefile                                       |   4 +-
 .../distinfo                                       |   6 +-
 devel/rubygem-aws-sdk-transfer/Makefile            |   4 +-
 devel/rubygem-aws-sdk-transfer/distinfo            |   6 +-
 devel/rubygem-aws-sdk-translate/Makefile           |   4 +-
 devel/rubygem-aws-sdk-translate/distinfo           |   6 +-
 devel/rubygem-aws-sdk-waf/Makefile                 |   4 +-
 devel/rubygem-aws-sdk-waf/distinfo                 |   6 +-
 devel/rubygem-aws-sdk-wafregional/Makefile         |   4 +-
 devel/rubygem-aws-sdk-wafregional/distinfo         |   6 +-
 devel/rubygem-aws-sdk-wafv2/Makefile               |   4 +-
 devel/rubygem-aws-sdk-wafv2/distinfo               |   6 +-
 devel/rubygem-aws-sdk-workdocs/Makefile            |   4 +-
 devel/rubygem-aws-sdk-workdocs/distinfo            |   6 +-
 devel/rubygem-aws-sdk-worklink/Makefile            |   4 +-
 devel/rubygem-aws-sdk-worklink/distinfo            |   6 +-
 devel/rubygem-aws-sdk-workmail/Makefile            |   4 +-
 devel/rubygem-aws-sdk-workmail/distinfo            |   6 +-
 devel/rubygem-aws-sdk-workmailmessageflow/Makefile |   4 +-
 devel/rubygem-aws-sdk-workmailmessageflow/distinfo |   6 +-
 devel/rubygem-aws-sdk-workspaces/Makefile          |   4 +-
 devel/rubygem-aws-sdk-workspaces/distinfo          |   6 +-
 devel/rubygem-aws-sdk-xray/Makefile                |   4 +-
 devel/rubygem-aws-sdk-xray/distinfo                |   6 +-
 devel/rubygem-aws-sdk2/Makefile                    |   2 +-
 devel/rubygem-aws-sdk2/distinfo                    |   6 +-
 devel/rubygem-ddtrace/Makefile                     |   2 +-
 devel/rubygem-ddtrace/distinfo                     |   6 +-
 devel/rubygem-rspec-core/Makefile                  |   2 +-
 devel/rubygem-rspec-core/distinfo                  |   6 +-
 devel/rubygem-rubocop-ast/Makefile                 |   2 +-
 devel/rubygem-rubocop-ast/distinfo                 |   6 +-
 devel/shiboken2/Makefile                           |   2 +-
 devel/shiboken2/distinfo                           |   6 +-
 devel/shiboken2/pkg-plist                          |   1 +
 dns/p5-Mozilla-PublicSuffix/Makefile               |   2 +-
 dns/public_suffix_list/Makefile                    |   4 +-
 dns/public_suffix_list/distinfo                    |   6 +-
 dns/py-publicsuffix/Makefile                       |   2 +-
 dns/py-publicsuffix2/Makefile                      |   2 +-
 dns/rubygem-public_suffix/Makefile                 |   1 +
 dns/rubygem-public_suffix_service/Makefile         |   2 +-
 editors/cpeditor/Makefile                          |   6 +-
 editors/cpeditor/distinfo                          |  14 +--
 editors/emacs-devel/Makefile                       |   4 +-
 editors/emacs-devel/distinfo                       |   6 +-
 graphics/h3/Makefile                               |   2 +-
 graphics/h3/distinfo                               |   6 +-
 graphics/py-rasterio/Makefile                      |   2 +-
 graphics/py-rasterio/distinfo                      |   6 +-
 lang/erlang-runtime21/Makefile                     |   2 +-
 lang/erlang-runtime21/distinfo                     |   6 +-
 lang/erlang-runtime22/Makefile                     |   2 +-
 lang/erlang-runtime22/distinfo                     |   6 +-
 lang/erlang-runtime23/Makefile                     |   2 +-
 lang/erlang-runtime23/distinfo                     |   6 +-
 lang/gcc8-devel/Makefile                           |   2 +-
 lang/gcc8-devel/distinfo                           |   6 +-
 lang/intel-compute-runtime/Makefile                |   2 +-
 lang/intel-compute-runtime/distinfo                |   6 +-
 lang/luajit-openresty/Makefile                     |   4 +-
 lang/luajit-openresty/distinfo                     |  10 +-
 lang/luajit-openresty/files/patch-Makefile         |   2 +-
 lang/owl-lisp/Makefile                             |  20 ++--
 lang/owl-lisp/distinfo                             |   6 +-
 mail/libvmime/Makefile                             |   8 +-
 mail/mailx/Makefile                                |   8 +-
 mail/mailx/files/patch-glob.h                      | 111 +++++++++++++++++++++
 mail/mailx/files/patch-main.c                      |  11 ++
 mail/mailx/pkg-plist                               |   2 +-
 math/onednn/Makefile                               |   2 +-
 math/onednn/distinfo                               |   6 +-
 math/py-flax/Makefile                              |   2 +-
 math/py-flax/distinfo                              |   6 +-
 math/py-gym/Makefile                               |   5 +-
 math/py-gym/distinfo                               |   6 +-
 misc/openhantek/Makefile                           |   3 +-
 misc/openhantek/distinfo                           |   6 +-
 misc/pciids/Makefile                               |   4 +-
 misc/pciids/distinfo                               |   6 +-
 misc/py-xgboost/Makefile                           |   8 +-
 multimedia/libmediainfo/Makefile                   |   7 --
 multimedia/libmediainfo/files/patch-configure      |  36 +++++++
 net-mgmt/ettercap/Makefile                         |  16 +--
 net-mgmt/ocsinventory-agent/Makefile               |  28 +++---
 net-mgmt/ocsinventory-agent/distinfo               |   6 +-
 net-mgmt/ocsinventory-agent/pkg-plist              |  14 ++-
 net-mgmt/ocsinventory-ocsreports/Makefile          |   4 +-
 net-mgmt/ocsinventory-ocsreports/distinfo          |   6 +-
 .../files/dbconfig.inc.php.sample                  |   5 +
 net-mgmt/ocsinventory-ocsreports/pkg-plist         |  24 ++++-
 net-mgmt/ocsinventory-server/Makefile              |   2 +-
 net-mgmt/ocsinventory-server/distinfo              |   6 +-
 net-mgmt/ocsinventory-server/pkg-plist             |   4 +-
 net-mgmt/portmon/Makefile                          |   7 +-
 ...ch-extras__portmon.8 => patch-extras_portmon.8} |   4 +-
 net-mgmt/portmon/files/patch-src_portmon.c         |  21 ++++
 net-mgmt/portmon/files/patch-src_portmon.h         |  37 +++++++
 net/bwping/Makefile                                |   2 +-
 net/bwping/distinfo                                |   6 +-
 net/libngtcp2/Makefile                             |   4 +-
 net/libngtcp2/distinfo                             |   6 +-
 net/ntopng/Makefile                                |   4 +-
 net/ntopng/distinfo                                |   6 +-
 net/ntopng/pkg-plist                               |  29 +++++-
 net/py-GeoIP2/Makefile                             |   2 +-
 net/py-GeoIP2/distinfo                             |   6 +-
 net/py-smart-open/Makefile                         |   2 +-
 net/py-smart-open/distinfo                         |   6 +-
 net/py-urlextract/Makefile                         |   2 +-
 net/py-urlextract/distinfo                         |   6 +-
 net/rubygem-aws-ses/Makefile                       |   2 +-
 net/rubygem-aws-ses/distinfo                       |   6 +-
 ports-mgmt/pkg/Makefile                            |   5 +-
 ports-mgmt/pkg/distinfo                            |   6 +-
 print/py-fonttools/Makefile                        |   2 +-
 print/py-fonttools/distinfo                        |   6 +-
 science/py-pyteomics/Makefile                      |   2 +-
 science/py-pyteomics/distinfo                      |   6 +-
 security/vuxml/vuln.xml                            |  44 ++++++++
 shells/ibsh/Makefile                               |   3 +-
 shells/ibsh/files/patch-ibsh.h                     |  28 ++++++
 shells/ibsh/files/patch-main.c                     |  20 ++++
 sysutils/Makefile                                  |   1 +
 sysutils/py-python-consul2/Makefile                |  26 +++++
 sysutils/py-python-consul2/distinfo                |   3 +
 sysutils/py-python-consul2/pkg-descr               |   3 +
 textproc/minify/Makefile                           |   4 +-
 textproc/minify/distinfo                           |  10 +-
 textproc/py-pyjade/Makefile                        |   2 +
 textproc/rubygem-autoprefixer-rails/Makefile       |   2 +-
 textproc/rubygem-autoprefixer-rails/distinfo       |   6 +-
 textproc/translate-toolkit/Makefile                |   3 +
 www/gitlab-ce/Makefile                             |   4 +-
 www/gitlab-ce/distinfo                             |   6 +-
 www/gitlab-ce/pkg-plist                            |  12 +++
 www/libnghttp3/Makefile                            |   4 +-
 www/libnghttp3/distinfo                            |   6 +-
 www/npm/Makefile                                   |   1 -
 www/py-httpx/Makefile                              |   2 +-
 www/py-httpx/distinfo                              |   6 +-
 www/py-uvicorn/Makefile                            |   6 +-
 www/py-uvicorn/distinfo                            |   6 +-
 www/py-uvicorn/files/patch-setup.py                |  11 --
 www/tinymce/Makefile                               |   2 +-
 www/tinymce/distinfo                               |   6 +-
 x11-toolkits/p5-Prima/Makefile                     |  11 +-
 x11/xterm/Makefile                                 |   5 +
 634 files changed, 2140 insertions(+), 1493 deletions(-)
 create mode 100644 benchmarks/iperf/files/patch-include-Listener.hpp
 create mode 100644 devel/py-dpcontracts/Makefile
 create mode 100644 devel/py-dpcontracts/distinfo
 create mode 100644 devel/py-dpcontracts/pkg-descr
 create mode 100644 devel/py-pytest-twisted/Makefile
 create mode 100644 devel/py-pytest-twisted/distinfo
 create mode 100644 devel/py-pytest-twisted/pkg-descr
 create mode 100644 devel/rubygem-aws-sdk-s3outposts/Makefile
 create mode 100644 devel/rubygem-aws-sdk-s3outposts/distinfo
 create mode 100644 devel/rubygem-aws-sdk-s3outposts/pkg-descr
 create mode 100644 devel/rubygem-aws-sdk-timestreamquery/Makefile
 create mode 100644 devel/rubygem-aws-sdk-timestreamquery/distinfo
 create mode 100644 devel/rubygem-aws-sdk-timestreamquery/pkg-descr
 create mode 100644 devel/rubygem-aws-sdk-timestreamwrite/Makefile
 create mode 100644 devel/rubygem-aws-sdk-timestreamwrite/distinfo
 create mode 100644 devel/rubygem-aws-sdk-timestreamwrite/pkg-descr
 create mode 100644 mail/mailx/files/patch-glob.h
 create mode 100644 mail/mailx/files/patch-main.c
 create mode 100644 multimedia/libmediainfo/files/patch-configure
 create mode 100644 net-mgmt/ocsinventory-ocsreports/files/dbconfig.inc.php.sample
 rename net-mgmt/portmon/files/{patch-extras__portmon.8 => patch-extras_portmon.8} (68%)
 create mode 100644 net-mgmt/portmon/files/patch-src_portmon.c
 create mode 100644 net-mgmt/portmon/files/patch-src_portmon.h
 create mode 100644 shells/ibsh/files/patch-ibsh.h
 create mode 100644 shells/ibsh/files/patch-main.c
 create mode 100644 sysutils/py-python-consul2/Makefile
 create mode 100644 sysutils/py-python-consul2/distinfo
 create mode 100644 sysutils/py-python-consul2/pkg-descr
 delete mode 100644 www/py-uvicorn/files/patch-setup.py
==== merge branches ====
==== merge github/master branch ====
Already up to date.
=============================
HardenedBSD Master git Server
=============================

Please note that connections and activity to this server are logged.
This server, git-01.md.hardenedbsd.org, acts as the source-of-truth
server for the HardenedBSD repositories.

Banner last updated: 10 Feb 2020 09:32 EST

Everything up-to-date
==== END: master ====
==== BEGIN: master ====
current branch: master
mergeable branch: freebsd/master
==== change branch ====
Already on 'master'
Your branch is up to date with 'origin/master'.
==== show current branch ====
* master
==== check for stale changes ====
==== update to latest origin ====
warning: Pulling without specifying how to reconcile divergent branches is
discouraged. You can squelch this message by running one of the following
commands sometime before your next pull:

  git config pull.rebase false  # merge (the default strategy)
  git config pull.rebase true   # rebase
  git config pull.ff only       # fast-forward only

You can replace "git config" with "git config --global" to set a default
preference for all repositories. You can also pass --rebase, --no-rebase,
or --ff-only on the command line to override the configured default per
invocation.

=============================
HardenedBSD Master git Server
=============================

Please note that connections and activity to this server are logged.
This server, git-01.md.hardenedbsd.org, acts as the source-of-truth
server for the HardenedBSD repositories.

Banner last updated: 10 Feb 2020 09:32 EST

Already up to date.
==== merge branches ====
==== merge freebsd/master branch ====
Removing sysutils/modules/files/patch-init__Makefile.in
Removing sysutils/modules/files/patch-etc__Makefile.in
Removing sysutils/modules/files/patch-doc__modulefile.5.in
Removing sysutils/modules/files/patch-doc__module.1.in
Removing sysutils/modules/files/patch-doc__Makefile.in
Removing sysutils/modules/files/patch-configure
Removing sysutils/modules/files/patch-cmdModule.c
Removing sysutils/modules/files/patch-Makefile.in
Removing emulators/qemu-sbruno/pkg-plist
Removing emulators/qemu-sbruno/pkg-message
Removing emulators/qemu-sbruno/pkg-descr
Removing emulators/qemu-sbruno/files/qemu_user_static.in
Removing emulators/qemu-sbruno/files/qemu-ifup.sample
Removing emulators/qemu-sbruno/files/qemu-ifdown.sample
Removing emulators/qemu-sbruno/files/patch-qemu-doc.texi
Removing emulators/qemu-sbruno/files/patch-include_net_net.h
Removing emulators/qemu-sbruno/files/patch-configure
Removing emulators/qemu-sbruno/files/patch-Makefile
Removing emulators/qemu-sbruno/files/cdrom-dma-patch
Removing emulators/qemu-sbruno/distinfo
CONFLICT (modify/delete): emulators/qemu-sbruno/Makefile deleted in freebsd/master and modified in HEAD. Version HEAD of emulators/qemu-sbruno/Makefile left in tree.
Removing audio/zinf/pkg-plist
Removing audio/zinf/pkg-descr
Removing audio/zinf/files/sdr2.plugin.S100.audio.rtp.mpa.zinf
Removing audio/zinf/files/patch-ui_zinf_unix_src_ThemeManager.cpp
Removing audio/zinf/files/patch-ui_zinf_unix_src_GTKUtility.cpp
Removing audio/zinf/files/patch-ui_zinf_unix_src_GTKPreferenceWindow.cpp
Removing audio/zinf/files/patch-ui_zinf_unix_src_GTKFileSelector.cpp
Removing audio/zinf/files/patch-ui_zinf_tools_Makefile.in
Removing audio/zinf/files/patch-ui_zinf_src_ZinfTheme.cpp
Removing audio/zinf/files/patch-ui_zinf_src_ThemeZip.cpp
Removing audio/zinf/files/patch-ui_zinf_src_Headlines.cpp
Removing audio/zinf/files/patch-ui_zinf_include_PixFontControl.h
Removing audio/zinf/files/patch-ui_zinf_include_DialControl.h
Removing audio/zinf/files/patch-ui_musicbrowser_unix_src_gtkmusicbrowser.cpp
Removing audio/zinf/files/patch-ui_musicbrowser_unix_src_fileselector.cpp
Removing audio/zinf/files/patch-plm_metadata_vorbis_vorbis.cpp
Removing audio/zinf/files/patch-plm_metadata_misc_misc.cpp
Removing audio/zinf/files/patch-plm_metadata_id3lib_id3lib.cpp
Removing audio/zinf/files/patch-lib_xml_src_Parse.cpp
Removing audio/zinf/files/patch-lib_xml_include_Parse.h
Removing audio/zinf/files/patch-lib_unzip_src_zip_wrapper.cpp
Removing audio/zinf/files/patch-lib_http_src_Http.cpp
Removing audio/zinf/files/patch-io_wavout_src_wavoutpmo.cpp
Removing audio/zinf/files/patch-io_src_pullbuffer.cpp
Removing audio/zinf/files/patch-io_obs_obsinput.cpp
Removing audio/zinf/files/patch-io_cd_unix_src_cdpmo.cpp
Removing audio/zinf/files/patch-ftc_kjofol_kjofol.cpp
Removing audio/zinf/files/patch-configure
Removing audio/zinf/files/patch-base_unix_src_win32impl.cpp
Removing audio/zinf/files/patch-base_unix_src_browser.cpp
Removing audio/zinf/files/patch-base_unix_include_win32impl.h
Removing audio/zinf/files/patch-base_src_utility.cpp
Removing audio/zinf/files/patch-base_src_registrar.cpp
Removing audio/zinf/files/patch-base_src_properties.cpp
Removing audio/zinf/files/patch-base_src_prefixprefs.cpp
Removing audio/zinf/files/patch-base_src_preferences.cpp
Removing audio/zinf/files/patch-base_src_playlist.cpp
Removing audio/zinf/files/patch-base_src_player.cpp
Removing audio/zinf/files/patch-base_src_downloadmanager.cpp
Removing audio/zinf/files/patch-base_include_thread.h
Removing audio/zinf/files/patch-base_include_swab.h
Removing audio/zinf/files/patch-base_include_queue.h
Removing audio/zinf/files/patch-base_include_preferences.h
Removing audio/zinf/files/patch-base_include_metadata.h
Removing audio/zinf/files/patch-base_include_facontext.h
Removing audio/zinf/files/patch-base_include_event.h
Removing audio/zinf/files/patch-base_Makefile.in
Removing audio/zinf/distinfo
Removing audio/zinf/Makefile
Automatic merge failed; fix conflicts and then commit the result.
==== merge failed at freebsd/master branch ====
* Unmerged path emulators/qemu-sbruno/Makefile
On branch master
Your branch is up to date with 'origin/master'.

You have unmerged paths.
  (fix conflicts and run "git commit")
  (use "git merge --abort" to abort the merge)

Changes to be committed:
	modified:   MOVED
	modified:   UPDATING
	modified:   audio/Makefile
	deleted:    audio/zinf/Makefile
	deleted:    audio/zinf/distinfo
	deleted:    audio/zinf/files/patch-base_Makefile.in
	deleted:    audio/zinf/files/patch-base_include_event.h
	deleted:    audio/zinf/files/patch-base_include_facontext.h
	deleted:    audio/zinf/files/patch-base_include_metadata.h
	deleted:    audio/zinf/files/patch-base_include_preferences.h
	deleted:    audio/zinf/files/patch-base_include_queue.h
	deleted:    audio/zinf/files/patch-base_include_swab.h
	deleted:    audio/zinf/files/patch-base_include_thread.h
	deleted:    audio/zinf/files/patch-base_src_downloadmanager.cpp
	deleted:    audio/zinf/files/patch-base_src_player.cpp
	deleted:    audio/zinf/files/patch-base_src_playlist.cpp
	deleted:    audio/zinf/files/patch-base_src_preferences.cpp
	deleted:    audio/zinf/files/patch-base_src_prefixprefs.cpp
	deleted:    audio/zinf/files/patch-base_src_properties.cpp
	deleted:    audio/zinf/files/patch-base_src_registrar.cpp
	deleted:    audio/zinf/files/patch-base_src_utility.cpp
	deleted:    audio/zinf/files/patch-base_unix_include_win32impl.h
	deleted:    audio/zinf/files/patch-base_unix_src_browser.cpp
	deleted:    audio/zinf/files/patch-base_unix_src_win32impl.cpp
	deleted:    audio/zinf/files/patch-configure
	deleted:    audio/zinf/files/patch-ftc_kjofol_kjofol.cpp
	deleted:    audio/zinf/files/patch-io_cd_unix_src_cdpmo.cpp
	deleted:    audio/zinf/files/patch-io_obs_obsinput.cpp
	deleted:    audio/zinf/files/patch-io_src_pullbuffer.cpp
	deleted:    audio/zinf/files/patch-io_wavout_src_wavoutpmo.cpp
	deleted:    audio/zinf/files/patch-lib_http_src_Http.cpp
	deleted:    audio/zinf/files/patch-lib_unzip_src_zip_wrapper.cpp
	deleted:    audio/zinf/files/patch-lib_xml_include_Parse.h
	deleted:    audio/zinf/files/patch-lib_xml_src_Parse.cpp
	deleted:    audio/zinf/files/patch-plm_metadata_id3lib_id3lib.cpp
	deleted:    audio/zinf/files/patch-plm_metadata_misc_misc.cpp
	deleted:    audio/zinf/files/patch-plm_metadata_vorbis_vorbis.cpp
	deleted:    audio/zinf/files/patch-ui_musicbrowser_unix_src_fileselector.cpp
	deleted:    audio/zinf/files/patch-ui_musicbrowser_unix_src_gtkmusicbrowser.cpp
	deleted:    audio/zinf/files/patch-ui_zinf_include_DialControl.h
	deleted:    audio/zinf/files/patch-ui_zinf_include_PixFontControl.h
	deleted:    audio/zinf/files/patch-ui_zinf_src_Headlines.cpp
	deleted:    audio/zinf/files/patch-ui_zinf_src_ThemeZip.cpp
	deleted:    audio/zinf/files/patch-ui_zinf_src_ZinfTheme.cpp
	deleted:    audio/zinf/files/patch-ui_zinf_tools_Makefile.in
	deleted:    audio/zinf/files/patch-ui_zinf_unix_src_GTKFileSelector.cpp
	deleted:    audio/zinf/files/patch-ui_zinf_unix_src_GTKPreferenceWindow.cpp
	deleted:    audio/zinf/files/patch-ui_zinf_unix_src_GTKUtility.cpp
	deleted:    audio/zinf/files/patch-ui_zinf_unix_src_ThemeManager.cpp
	deleted:    audio/zinf/files/sdr2.plugin.S100.audio.rtp.mpa.zinf
	deleted:    audio/zinf/pkg-descr
	deleted:    audio/zinf/pkg-plist
	modified:   devel/termbox/Makefile
	modified:   devel/termbox/distinfo
	modified:   devel/termbox/pkg-descr
	modified:   devel/xxl/Makefile
	modified:   devel/xxl/pkg-descr
	modified:   emulators/Makefile
	modified:   emulators/citra-qt5/Makefile
	modified:   emulators/citra/Makefile
	modified:   emulators/citra/distinfo
	deleted:    emulators/qemu-sbruno/distinfo
	deleted:    emulators/qemu-sbruno/files/cdrom-dma-patch
	deleted:    emulators/qemu-sbruno/files/patch-Makefile
	deleted:    emulators/qemu-sbruno/files/patch-configure
	deleted:    emulators/qemu-sbruno/files/patch-include_net_net.h
	deleted:    emulators/qemu-sbruno/files/patch-qemu-doc.texi
	deleted:    emulators/qemu-sbruno/files/qemu-ifdown.sample
	deleted:    emulators/qemu-sbruno/files/qemu-ifup.sample
	deleted:    emulators/qemu-sbruno/files/qemu_user_static.in
	deleted:    emulators/qemu-sbruno/pkg-descr
	deleted:    emulators/qemu-sbruno/pkg-message
	deleted:    emulators/qemu-sbruno/pkg-plist
	modified:   graphics/drm-current-kmod/Makefile
	modified:   graphics/drm-current-kmod/distinfo
	modified:   graphics/drm-current-kmod/pkg-plist
	modified:   graphics/drm-devel-kmod/Makefile
	modified:   graphics/drm-devel-kmod/distinfo
	modified:   lang/luajit-openresty/Makefile
	new file:   lang/luajit-openresty/files/patch-src_lj__prng.c
	modified:   security/palisade/Makefile
	modified:   security/palisade/distinfo
	modified:   security/palisade/pkg-plist
	modified:   sysutils/Makefile
	modified:   sysutils/modules/Makefile
	modified:   sysutils/modules/distinfo
	deleted:    sysutils/modules/files/patch-Makefile.in
	deleted:    sysutils/modules/files/patch-cmdModule.c
	deleted:    sysutils/modules/files/patch-configure
	new file:   sysutils/modules/files/patch-doc__Makefile
	deleted:    sysutils/modules/files/patch-doc__Makefile.in
	deleted:    sysutils/modules/files/patch-doc__module.1.in
	deleted:    sysutils/modules/files/patch-doc__modulefile.5.in
	deleted:    sysutils/modules/files/patch-etc__Makefile.in
	deleted:    sysutils/modules/files/patch-init__Makefile.in
	modified:   sysutils/modules/pkg-plist
	new file:   sysutils/terraform-docs/Makefile
	new file:   sysutils/terraform-docs/distinfo
	new file:   sysutils/terraform-docs/pkg-descr
	modified:   www/deno/Makefile
	modified:   www/deno/distinfo
	modified:   www/p5-Mojolicious/Makefile
	modified:   www/p5-Mojolicious/distinfo
	modified:   x11/j4-dmenu-desktop/Makefile
	modified:   x11/j4-dmenu-desktop/distinfo

Unmerged paths:
  (use "git add/rm <file>..." as appropriate to mark resolution)
	deleted by them: emulators/qemu-sbruno/Makefile


It took 3.12 seconds to enumerate untracked files. 'status -uno'
may speed it up, but you have to be careful not to forget to add
new files yourself (see 'git help status').
HEAD is now at 01a5b2b7d287 Merge remote-tracking branch 'upstream/master' into master
==== merge failed and clean up after ====
On branch master
Your branch is up to date with 'origin/master'.


It took 3.12 seconds to enumerate untracked files. 'status -uno'
may speed it up, but you have to be careful not to forget to add
new files yourself (see 'git help status').
nothing to commit, working tree clean
HEAD is now at 01a5b2b7d287 Merge remote-tracking branch 'upstream/master' into master
==== END: master ====
