==== BEGIN: master ====
current branch: master
mergeable branch: github/master
==== change branch ====
Already on 'master'
Your branch is behind 'origin/master' by 24 commits, and can be fast-forwarded.
  (use "git pull" to update your local branch)
==== show current branch ====
* master
==== check for stale changes ====
==== update to latest origin ====
warning: Pulling without specifying how to reconcile divergent branches is
discouraged. You can squelch this message by running one of the following
commands sometime before your next pull:

  git config pull.rebase false  # merge (the default strategy)
  git config pull.rebase true   # rebase
  git config pull.ff only       # fast-forward only

You can replace "git config" with "git config --global" to set a default
preference for all repositories. You can also pass --rebase, --no-rebase,
or --ff-only on the command line to override the configured default per
invocation.

=============================
HardenedBSD Master git Server
=============================

Please note that connections and activity to this server are logged.
This server, git-01.md.hardenedbsd.org, acts as the source-of-truth
server for the HardenedBSD repositories.

Banner last updated: 10 Feb 2020 09:32 EST

Updating 2cf70f17f9ff..db2ff814a037
Fast-forward
 comms/flrig/Makefile                               |  2 +-
 comms/flrig/distinfo                               |  6 ++--
 comms/flrig/files/patch-configure                  | 11 --------
 deskutils/go-for-it/Makefile                       |  2 +-
 deskutils/go-for-it/distinfo                       |  6 ++--
 emulators/qemu-user-static-devel/Makefile          | 15 ++--------
 emulators/qemu-user-static-devel/distinfo          |  6 ++--
 emulators/qemu-user-static/Makefile                |  4 +--
 emulators/qemu-user-static/distinfo                |  6 ++--
 games/opensfx/Makefile                             |  6 +---
 graphics/partio/Makefile                           | 21 ++++++++++----
 graphics/partio/distinfo                           |  6 ++--
 graphics/radiance/Makefile                         |  2 ++
 java/bootstrap-openjdk11/Makefile                  |  9 ++++--
 java/bootstrap-openjdk11/distinfo                  |  4 ++-
 java/bootstrap-openjdk11/pkg-plist                 |  4 +--
 java/openjdk11/Makefile                            |  6 ++--
 .../files/patch-make_autoconf_flags-cflags.m4      |  6 +++-
 ...pot_os__cpu_bsd__ppc_bytes__bsd__ppc.inline.hpp | 20 +++++++++++++
 ...t.agent_bsd_native_libsaproc_BsdDebuggerLocal.c | 20 +++++++++++++
 .../openjdk11/files/patch-src_utils_hsdis_Makefile | 10 +++++++
 java/openjdk8/Makefile                             |  9 ++++--
 .../patch-hotspot_make_bsd_makefiles_ppc64.make    |  9 ++++++
 ..._os__cpu_bsd__ppc_vm_bytes__bsd__ppc.inline.hpp | 20 +++++++++++++
 lang/gravity/Makefile                              |  6 ++--
 lang/gravity/distinfo                              |  6 ++--
 mail/mpop/Makefile                                 |  4 +--
 mail/mpop/distinfo                                 |  6 ++--
 mail/mpop/pkg-plist                                |  2 ++
 math/libnormaliz/Makefile                          | 33 ++++++++++++++--------
 math/libnormaliz/distinfo                          |  6 ++--
 math/libnormaliz/pkg-descr                         | 14 ---------
 math/libnormaliz/pkg-plist                         |  2 +-
 math/py-spot/Makefile                              |  2 +-
 math/py-spot/distinfo                              |  6 ++--
 math/py-spot/pkg-plist                             |  6 ++--
 math/spot/Makefile                                 |  2 +-
 math/spot/distinfo                                 |  6 ++--
 misc/openhantek/Makefile                           |  2 +-
 misc/openhantek/distinfo                           |  6 ++--
 misc/skyutils/Makefile                             | 12 +++-----
 misc/skyutils/distinfo                             |  5 ++--
 .../{patch-configure.in => patch-configure.ac}     |  4 +--
 misc/skyutils/pkg-descr                            |  2 +-
 misc/skyutils/pkg-plist                            |  4 +--
 misc/smssend/Makefile                              | 15 ++++------
 misc/smssend/distinfo                              |  5 ++--
 misc/smssend/pkg-descr                             |  8 +++---
 misc/urh/Makefile                                  |  3 +-
 misc/urh/distinfo                                  |  6 ++--
 multimedia/gtk-youtube-viewer/Makefile             |  8 +++---
 multimedia/gtk-youtube-viewer/distinfo             |  6 ++--
 multimedia/gtk-youtube-viewer/pkg-plist            | 10 +------
 multimedia/libva-intel-media-driver/Makefile       |  2 +-
 multimedia/libva-intel-media-driver/distinfo       |  6 ++--
 net/radsecproxy/Makefile                           | 17 ++++++-----
 net/radsecproxy/distinfo                           |  6 ++--
 security/1password-client/Makefile                 |  2 +-
 security/1password-client/distinfo                 | 14 ++++-----
 59 files changed, 260 insertions(+), 194 deletions(-)
 delete mode 100644 comms/flrig/files/patch-configure
 create mode 100644 java/openjdk11/files/patch-src_hotspot_os__cpu_bsd__ppc_bytes__bsd__ppc.inline.hpp
 create mode 100644 java/openjdk11/files/patch-src_jdk.hotspot.agent_bsd_native_libsaproc_BsdDebuggerLocal.c
 create mode 100644 java/openjdk11/files/patch-src_utils_hsdis_Makefile
 create mode 100644 java/openjdk8/files/patch-hotspot_make_bsd_makefiles_ppc64.make
 create mode 100644 java/openjdk8/files/patch-hotspot_src_os__cpu_bsd__ppc_vm_bytes__bsd__ppc.inline.hpp
 rename misc/skyutils/files/{patch-configure.in => patch-configure.ac} (78%)
==== merge branches ====
==== merge github/master branch ====
Already up to date.
=============================
HardenedBSD Master git Server
=============================

Please note that connections and activity to this server are logged.
This server, git-01.md.hardenedbsd.org, acts as the source-of-truth
server for the HardenedBSD repositories.

Banner last updated: 10 Feb 2020 09:32 EST

Everything up-to-date
==== END: master ====
