==== BEGIN: master ====
current branch: master
mergeable branch: github/master
==== change branch ====
Already on 'master'
Your branch is up to date with 'origin/master'.
==== show current branch ====
* master
==== check for stale changes ====
==== update to latest origin ====
warning: Pulling without specifying how to reconcile divergent branches is
discouraged. You can squelch this message by running one of the following
commands sometime before your next pull:

  git config pull.rebase false  # merge (the default strategy)
  git config pull.rebase true   # rebase
  git config pull.ff only       # fast-forward only

You can replace "git config" with "git config --global" to set a default
preference for all repositories. You can also pass --rebase, --no-rebase,
or --ff-only on the command line to override the configured default per
invocation.

=============================
HardenedBSD Master git Server
=============================

Please note that connections and activity to this server are logged.
This server, git-01.md.hardenedbsd.org, acts as the source-of-truth
server for the HardenedBSD repositories.

Banner last updated: 10 Feb 2020 09:32 EST

Already up to date.
==== merge branches ====
==== merge github/master branch ====
Already up to date.
=============================
HardenedBSD Master git Server
=============================

Please note that connections and activity to this server are logged.
This server, git-01.md.hardenedbsd.org, acts as the source-of-truth
server for the HardenedBSD repositories.

Banner last updated: 10 Feb 2020 09:32 EST

Everything up-to-date
==== END: master ====
==== BEGIN: master ====
current branch: master
mergeable branch: freebsd/master
==== change branch ====
Already on 'master'
Your branch is up to date with 'origin/master'.
==== show current branch ====
* master
==== check for stale changes ====
==== update to latest origin ====
warning: Pulling without specifying how to reconcile divergent branches is
discouraged. You can squelch this message by running one of the following
commands sometime before your next pull:

  git config pull.rebase false  # merge (the default strategy)
  git config pull.rebase true   # rebase
  git config pull.ff only       # fast-forward only

You can replace "git config" with "git config --global" to set a default
preference for all repositories. You can also pass --rebase, --no-rebase,
or --ff-only on the command line to override the configured default per
invocation.

=============================
HardenedBSD Master git Server
=============================

Please note that connections and activity to this server are logged.
This server, git-01.md.hardenedbsd.org, acts as the source-of-truth
server for the HardenedBSD repositories.

Banner last updated: 10 Feb 2020 09:32 EST

Already up to date.
==== merge branches ====
==== merge freebsd/master branch ====
Removing net-mgmt/librenms/files/patch-html_install.php
Auto-merging lang/gcc9-devel/Makefile
Removing emulators/yuzu/files/patch-fmt
Merge made by the 'recursive' strategy.
 Mk/Scripts/qa.sh                                   |   7 +-
 UPDATING                                           |  33 ++++-
 audio/zam-plugins-lv2/Makefile                     |   2 +-
 audio/zam-plugins-lv2/distinfo                     |   6 +-
 audio/zam-plugins-lv2/files/patch-Makefile         |  11 +-
 databases/rrdtool/Makefile                         |   2 +-
 databases/rrdtool/files/rrdcached.in               |  16 ++-
 databases/tiledb/Makefile                          |   2 +-
 devel/bazel/Makefile                               |   4 +-
 devel/bazel/distinfo                               |   6 +-
 ...ib_bazel_rules_python_BazelPythonSemantics.java |  21 ++--
 devel/folly/Makefile                               |   1 +
 devel/libevent/Makefile                            |   9 +-
 devel/libevent/distinfo                            |   6 +-
 devel/libevent/pkg-plist                           |  10 +-
 devel/libfmt/Makefile                              |   2 +-
 devel/libfmt/distinfo                              |   6 +-
 devel/nasm/Makefile                                |   2 +-
 devel/nasm/distinfo                                |  10 +-
 devel/nasm/files/patch-output_outelf.c             |  11 ++
 devel/rust-analyzer/Makefile                       |  68 ++++++-----
 devel/rust-analyzer/distinfo                       | 136 +++++++++++----------
 devel/spdlog/Makefile                              |   1 +
 emulators/yuzu-qt5/Makefile                        |   2 +-
 emulators/yuzu/Makefile                            |   2 +-
 emulators/yuzu/files/patch-fmt                     |  13 --
 emulators/yuzu/files/patch-openssl                 |   2 +-
 graphics/openimageio/Makefile                      |   2 +-
 graphics/py-openimageio/Makefile                   |   2 +-
 graphics/yafaray/Makefile                          |   3 +-
 graphics/yafaray/distinfo                          |   6 +-
 graphics/yafaray/pkg-plist                         |  17 +--
 lang/gcc9-devel/Makefile                           |   2 +-
 lang/gcc9-devel/distinfo                           |   6 +-
 .../files/patch-src_bootstrap_install.rs           |  20 +++
 math/cocoalib/Makefile                             |   2 +-
 math/libsemigroups/Makefile                        |   1 +
 multimedia/kodi-devel/Makefile                     |   2 +-
 multimedia/kodi/Makefile                           |   1 +
 net-im/mtxclient/Makefile                          |   1 +
 net-im/nheko/Makefile                              |   1 +
 net-mgmt/librenms/Makefile                         |  42 ++-----
 net-mgmt/librenms/distinfo                         |  10 +-
 .../librenms/files/patch-LibreNMS_Util_Version.php |  11 ++
 .../files/patch-LibreNMS_Validations_Php.php       |  29 +++++
 .../files/patch-LibreNMS_Validations_Programs.php  |  10 +-
 .../files/patch-LibreNMS_Validations_Python.php    |  13 ++
 .../files/patch-LibreNMS_Validations_User.php      |  14 +--
 net-mgmt/librenms/files/patch-config.php.default   |  12 +-
 net-mgmt/librenms/files/patch-html_install.php     |  28 -----
 net-mgmt/librenms/files/patch-includes_common.php  |  12 +-
 net-mgmt/librenms/files/patch-poller-wrapper.py    |  12 +-
 net-mgmt/librenms/files/pkg-message.in             |  74 ++++-------
 net/knxd/Makefile                                  |   2 +-
 net/rsocket-cpp/Makefile                           |   1 +
 ports-mgmt/pkg_replace/Makefile                    |   2 +-
 ports-mgmt/pkg_replace/distinfo                    |   6 +-
 print/lilypond-devel/Makefile                      |   2 +-
 print/lilypond-devel/distinfo                      |   6 +-
 .../files/patch-Documentation_GNUmakefile          |   4 +-
 print/lilypond-devel/files/patch-config.make.in    |   4 +-
 print/lilypond-devel/files/patch-configure         |  26 +---
 science/agrum/Makefile                             |   4 +-
 science/agrum/distinfo                             |   6 +-
 science/agrum/pkg-plist                            |   2 +-
 science/qiskit-aer/Makefile                        |   1 +
 science/vipster/Makefile                           |   1 +
 security/fizz/Makefile                             |   1 +
 security/wazuh-agent/Makefile                      |   2 +-
 security/wazuh-agent/distinfo                      |  54 ++++----
 sysutils/lizardfs/Makefile                         |   2 +-
 www/envoy/Makefile                                 |   2 +-
 www/librtcdcpp/Makefile                            |   2 +-
 x11-toolkits/swt/Makefile                          |   3 +-
 x11/waybar/Makefile                                |   2 +-
 x11/xkeyboard-config/Makefile                      |   3 +-
 x11/xkeyboard-config/distinfo                      |   6 +-
 x11/xkeyboard-config/pkg-plist                     |   1 +
 78 files changed, 445 insertions(+), 424 deletions(-)
 create mode 100644 devel/nasm/files/patch-output_outelf.c
 delete mode 100644 emulators/yuzu/files/patch-fmt
 create mode 100644 lang/rust-nightly/files/patch-src_bootstrap_install.rs
 create mode 100644 net-mgmt/librenms/files/patch-LibreNMS_Util_Version.php
 create mode 100644 net-mgmt/librenms/files/patch-LibreNMS_Validations_Php.php
 create mode 100644 net-mgmt/librenms/files/patch-LibreNMS_Validations_Python.php
 delete mode 100644 net-mgmt/librenms/files/patch-html_install.php
=============================
HardenedBSD Master git Server
=============================

Please note that connections and activity to this server are logged.
This server, git-01.md.hardenedbsd.org, acts as the source-of-truth
server for the HardenedBSD repositories.

Banner last updated: 10 Feb 2020 09:32 EST

remote: To github.com:HardenedBSD/hardenedbsd-ports.git        
remote:    c290b391557d..443cf5a1d692  master -> master        
remote:    b6211cf659ea..c290b391557d  github/master -> github/master        
remote:  ! [remote rejected]           refs/pull/2/head -> refs/pull/2/head (deny updating a hidden ref)        
remote: error: failed to push some refs to 'github.com:HardenedBSD/hardenedbsd-ports.git'        
To git-01.md.hardenedbsd.org:HardenedBSD/hardenedbsd-ports.git
   c290b391557d..443cf5a1d692  master -> master
==== END: master ====
