==== BEGIN: master ====
current branch: master
mergeable branch: github/master
==== change branch ====
Already on 'master'
Your branch is up to date with 'origin/master'.
==== show current branch ====
* master
==== check for stale changes ====
==== update to latest origin ====
warning: Pulling without specifying how to reconcile divergent branches is
discouraged. You can squelch this message by running one of the following
commands sometime before your next pull:

  git config pull.rebase false  # merge (the default strategy)
  git config pull.rebase true   # rebase
  git config pull.ff only       # fast-forward only

You can replace "git config" with "git config --global" to set a default
preference for all repositories. You can also pass --rebase, --no-rebase,
or --ff-only on the command line to override the configured default per
invocation.

=============================
HardenedBSD Master git Server
=============================

Please note that connections and activity to this server are logged.
This server, git-01.md.hardenedbsd.org, acts as the source-of-truth
server for the HardenedBSD repositories.

Banner last updated: 10 Feb 2020 09:32 EST

Already up to date.
==== merge branches ====
==== merge github/master branch ====
Already up to date.
=============================
HardenedBSD Master git Server
=============================

Please note that connections and activity to this server are logged.
This server, git-01.md.hardenedbsd.org, acts as the source-of-truth
server for the HardenedBSD repositories.

Banner last updated: 10 Feb 2020 09:32 EST

Everything up-to-date
==== END: master ====
==== BEGIN: master ====
current branch: master
mergeable branch: freebsd/master
==== change branch ====
Already on 'master'
Your branch is up to date with 'origin/master'.
==== show current branch ====
* master
==== check for stale changes ====
==== update to latest origin ====
warning: Pulling without specifying how to reconcile divergent branches is
discouraged. You can squelch this message by running one of the following
commands sometime before your next pull:

  git config pull.rebase false  # merge (the default strategy)
  git config pull.rebase true   # rebase
  git config pull.ff only       # fast-forward only

You can replace "git config" with "git config --global" to set a default
preference for all repositories. You can also pass --rebase, --no-rebase,
or --ff-only on the command line to override the configured default per
invocation.

=============================
HardenedBSD Master git Server
=============================

Please note that connections and activity to this server are logged.
This server, git-01.md.hardenedbsd.org, acts as the source-of-truth
server for the HardenedBSD repositories.

Banner last updated: 10 Feb 2020 09:32 EST

Already up to date.
==== merge branches ====
==== merge freebsd/master branch ====
Auto-merging print/pdftk/Makefile
Auto-merging net/nfsshell/Makefile
Removing databases/py-mysqlclient/files/patch-gitc67dbd41f
Merge made by the 'recursive' strategy.
 astro/weather/Makefile                             |    3 +-
 astro/weather/distinfo                             |    6 +-
 biology/seaview/Makefile                           |    2 +-
 biology/seaview/distinfo                           |    6 +-
 databases/py-mysqlclient/Makefile                  |    2 +-
 databases/py-mysqlclient/files/patch-gitc67dbd41f  |   32 -
 devel/Makefile                                     |    1 +
 devel/check/Makefile                               |    2 +-
 devel/check/distinfo                               |    6 +-
 devel/ghq/Makefile                                 |   16 +-
 devel/ghq/distinfo                                 |   34 +-
 devel/gitaly/Makefile                              |    6 +-
 devel/gitaly/distinfo                              |    6 +-
 .../gitaly/files/patch-__support_Makefile.template |    4 +-
 devel/gitaly/files/patch-config.toml.example       |   22 +-
 devel/p5-CPAN-Perl-Releases/Makefile               |    2 +-
 devel/p5-CPAN-Perl-Releases/distinfo               |    6 +-
 devel/p5-Module-CoreList/Makefile                  |    2 +-
 devel/p5-Module-CoreList/distinfo                  |    6 +-
 devel/p5-Progress-Any/Makefile                     |    2 +-
 devel/p5-Progress-Any/distinfo                     |    6 +-
 devel/py-Pint/Makefile                             |   11 +-
 devel/py-Pint/distinfo                             |    6 +-
 devel/py-arrow/Makefile                            |    2 +-
 devel/py-arrow/distinfo                            |    6 +-
 devel/py-dask/Makefile                             |    2 +-
 devel/py-dask/distinfo                             |    6 +-
 devel/py-ddtrace/Makefile                          |   13 +-
 devel/py-ddtrace/distinfo                          |    6 +-
 devel/py-gevent/Makefile                           |    6 +-
 devel/py-gevent/distinfo                           |    6 +-
 devel/py-lark-parser/Makefile                      |    2 +-
 devel/py-lark-parser/distinfo                      |    6 +-
 devel/py-mypy/Makefile                             |    2 +-
 devel/py-mypy/distinfo                             |    6 +-
 devel/py-python-distutils-extra/Makefile           |    4 +-
 devel/py-python-distutils-extra/distinfo           |    6 +-
 devel/py-rush/Makefile                             |   20 +
 devel/py-rush/distinfo                             |    3 +
 devel/py-rush/pkg-descr                            |    7 +
 devel/py-xxhash/Makefile                           |    2 +-
 devel/py-xxhash/distinfo                           |    6 +-
 devel/rubygem-ast/Makefile                         |    9 +-
 devel/rubygem-ast/distinfo                         |    6 +-
 devel/rubygem-aws-partitions/Makefile              |    2 +-
 devel/rubygem-aws-partitions/distinfo              |    6 +-
 devel/rubygem-aws-sdk-apigateway/Makefile          |    2 +-
 devel/rubygem-aws-sdk-apigateway/distinfo          |    6 +-
 devel/rubygem-aws-sdk-core2/Makefile               |    2 +-
 devel/rubygem-aws-sdk-core2/distinfo               |    6 +-
 devel/rubygem-aws-sdk-ec2/Makefile                 |    2 +-
 devel/rubygem-aws-sdk-ec2/distinfo                 |    6 +-
 devel/rubygem-aws-sdk-elasticache/Makefile         |    2 +-
 devel/rubygem-aws-sdk-elasticache/distinfo         |    6 +-
 devel/rubygem-aws-sdk-medialive/Makefile           |    2 +-
 devel/rubygem-aws-sdk-medialive/distinfo           |    6 +-
 devel/rubygem-aws-sdk-opsworkscm/Makefile          |    2 +-
 devel/rubygem-aws-sdk-opsworkscm/distinfo          |    6 +-
 devel/rubygem-aws-sdk-resources2/Makefile          |    2 +-
 devel/rubygem-aws-sdk-resources2/distinfo          |    6 +-
 devel/rubygem-aws-sdk-route53/Makefile             |    2 +-
 devel/rubygem-aws-sdk-route53/distinfo             |    6 +-
 devel/rubygem-aws-sdk2/Makefile                    |    2 +-
 devel/rubygem-aws-sdk2/distinfo                    |    6 +-
 devel/rubygem-capybara/Makefile                    |    2 +-
 devel/rubygem-capybara/distinfo                    |    6 +-
 devel/rubygem-google-api-client/Makefile           |    2 +-
 devel/rubygem-google-api-client/distinfo           |    6 +-
 devel/rubygem-lumberjack/Makefile                  |    4 +-
 devel/rubygem-lumberjack/distinfo                  |    6 +-
 devel/rubygem-parser/Makefile                      |    4 +-
 devel/rubygem-parser/distinfo                      |    6 +-
 devel/rust-analyzer/Makefile                       |   45 +-
 devel/rust-analyzer/distinfo                       |   92 +-
 devel/stack/Makefile                               |    2 +
 devel/tokei/Makefile                               |   73 +-
 devel/tokei/distinfo                               |  146 +-
 dns/rubygem-validates_hostname/Makefile            |    5 +-
 german/mythes/Makefile                             |    2 +-
 german/mythes/distinfo                             |    6 +-
 graphics/Makefile                                  |    1 +
 graphics/acidwarp-sdl/Makefile                     |   33 +
 graphics/acidwarp-sdl/distinfo                     |    3 +
 graphics/acidwarp-sdl/files/patch-acidwarp.desktop |   11 +
 graphics/acidwarp-sdl/pkg-descr                    |    4 +
 lang/rust-nightly/Makefile                         |    4 +-
 lang/rust-nightly/distinfo                         |   30 +-
 math/py-rpy2/Makefile                              |    2 +-
 math/py-rpy2/distinfo                              |    6 +-
 net/nfsshell/Makefile                              |    2 +-
 net/nfsshell/pkg-descr                             |    2 +
 net/py-python-glanceclient/Makefile                |    2 +-
 net/py-python-glanceclient/distinfo                |    6 +-
 net/py-python-openstackclient/Makefile             |    2 +-
 net/py-python-openstackclient/distinfo             |    6 +-
 net/rubygem-gitaly/Makefile                        |    2 +-
 net/rubygem-gitaly/distinfo                        |    6 +-
 net/rubygem-omniauth_openid_connect/Makefile       |    2 +-
 net/rubygem-omniauth_openid_connect/distinfo       |    6 +-
 polish/hunspell/Makefile                           |    2 +-
 polish/hunspell/distinfo                           |    6 +-
 print/pdftk/Makefile                               |    4 +-
 print/pdftk/distinfo                               |    6 +-
 security/libssh/Makefile                           |    6 +-
 security/snort3/Makefile                           |    2 +-
 security/snort3/distinfo                           |    6 +-
 security/snort3/pkg-plist                          |    5 +-
 sysutils/Makefile                                  |    1 +
 sysutils/cbsd/Makefile                             |    2 +-
 sysutils/cbsd/distinfo                             |    6 +-
 sysutils/openshift-install/Makefile                |  299 +++
 sysutils/openshift-install/distinfo                |  483 ++++
 sysutils/openshift-install/files/assets_vfsdata.go | 2295 ++++++++++++++++++++
 sysutils/openshift-install/pkg-descr               |    3 +
 sysutils/parallel/Makefile                         |    2 +-
 sysutils/parallel/distinfo                         |    6 +-
 textproc/p5-Lingua-Stem/Makefile                   |    3 +-
 textproc/p5-Lingua-Stem/distinfo                   |    5 +-
 www/gitlab-ce/Makefile                             |   31 +-
 www/gitlab-ce/distinfo                             |    6 +-
 www/gitlab-ce/files/patch-Gemfile                  |   17 +-
 .../files/patch-config_gitlab.yml.example          |   10 +-
 www/gitlab-ce/pkg-message                          |    4 +-
 www/gitlab-ce/pkg-plist                            | 1638 +++++++++-----
 www/gitlab-workhorse/Makefile                      |   30 +-
 www/gitlab-workhorse/distinfo                      |   54 +-
 www/minio-client/Makefile                          |    8 +-
 www/minio-client/distinfo                          |   14 +-
 www/py-google-api-core/Makefile                    |    4 +-
 www/py-google-api-core/distinfo                    |    6 +-
 x11-fonts/spleen/Makefile                          |    4 +-
 x11-fonts/spleen/distinfo                          |    6 +-
 132 files changed, 4816 insertions(+), 1090 deletions(-)
 delete mode 100644 databases/py-mysqlclient/files/patch-gitc67dbd41f
 create mode 100644 devel/py-rush/Makefile
 create mode 100644 devel/py-rush/distinfo
 create mode 100644 devel/py-rush/pkg-descr
 create mode 100644 graphics/acidwarp-sdl/Makefile
 create mode 100644 graphics/acidwarp-sdl/distinfo
 create mode 100644 graphics/acidwarp-sdl/files/patch-acidwarp.desktop
 create mode 100644 graphics/acidwarp-sdl/pkg-descr
 create mode 100644 sysutils/openshift-install/Makefile
 create mode 100644 sysutils/openshift-install/distinfo
 create mode 100644 sysutils/openshift-install/files/assets_vfsdata.go
 create mode 100644 sysutils/openshift-install/pkg-descr
=============================
HardenedBSD Master git Server
=============================

Please note that connections and activity to this server are logged.
This server, git-01.md.hardenedbsd.org, acts as the source-of-truth
server for the HardenedBSD repositories.

Banner last updated: 10 Feb 2020 09:32 EST

remote: To github.com:HardenedBSD/hardenedbsd-ports.git        
remote:    f7b689093304..95edd2c69825  master -> master        
remote:    7c493dd2d773..f7b689093304  github/master -> github/master
remote:  ! [remote rejected]           refs/pull/2/head -> refs/pull/2/head (deny updating a hidden ref)        
remote: error: failed to push some refs to 'github.com:HardenedBSD/hardenedbsd-ports.git'        
To git-01.md.hardenedbsd.org:HardenedBSD/hardenedbsd-ports.git
   f7b689093304..95edd2c69825  master -> master
==== END: master ====
