==== BEGIN: master ====
current branch: master
mergeable branch: github/master
==== change branch ====
Already on 'master'
Your branch is up to date with 'origin/master'.
==== show current branch ====
* master
==== check for stale changes ====
==== update to latest origin ====
warning: Pulling without specifying how to reconcile divergent branches is
discouraged. You can squelch this message by running one of the following
commands sometime before your next pull:

  git config pull.rebase false  # merge (the default strategy)
  git config pull.rebase true   # rebase
  git config pull.ff only       # fast-forward only

You can replace "git config" with "git config --global" to set a default
preference for all repositories. You can also pass --rebase, --no-rebase,
or --ff-only on the command line to override the configured default per
invocation.

=============================
HardenedBSD Master git Server
=============================

Please note that connections and activity to this server are logged.
This server, git-01.md.hardenedbsd.org, acts as the source-of-truth
server for the HardenedBSD repositories.

Banner last updated: 10 Feb 2020 09:32 EST

Already up to date.
==== merge branches ====
==== merge github/master branch ====
Already up to date.
=============================
HardenedBSD Master git Server
=============================

Please note that connections and activity to this server are logged.
This server, git-01.md.hardenedbsd.org, acts as the source-of-truth
server for the HardenedBSD repositories.

Banner last updated: 10 Feb 2020 09:32 EST

Everything up-to-date
==== END: master ====
==== BEGIN: master ====
current branch: master
mergeable branch: freebsd/master
==== change branch ====
Already on 'master'
Your branch is up to date with 'origin/master'.
==== show current branch ====
* master
==== check for stale changes ====
==== update to latest origin ====
warning: Pulling without specifying how to reconcile divergent branches is
discouraged. You can squelch this message by running one of the following
commands sometime before your next pull:

  git config pull.rebase false  # merge (the default strategy)
  git config pull.rebase true   # rebase
  git config pull.ff only       # fast-forward only

You can replace "git config" with "git config --global" to set a default
preference for all repositories. You can also pass --rebase, --no-rebase,
or --ff-only on the command line to override the configured default per
invocation.

=============================
HardenedBSD Master git Server
=============================

Please note that connections and activity to this server are logged.
This server, git-01.md.hardenedbsd.org, acts as the source-of-truth
server for the HardenedBSD repositories.

Banner last updated: 10 Feb 2020 09:32 EST

Already up to date.
==== merge branches ====
==== merge freebsd/master branch ====
Removing devel/libzim/files/patch-src_meson.build
Removing devel/libzim/files/patch-src_fs__unix.cpp
Removing devel/libzim/files/patch-src_buffer.cpp
Removing devel/libzim/files/patch-meson.build
Merge made by the 'recursive' strategy.
 audio/bristol/Makefile                             |  3 ++
 biology/bwa/Makefile                               |  3 ++
 biology/bwa/distinfo                               |  4 ++-
 comms/gpredict/Makefile                            |  2 +-
 comms/gpredict/files/patch-src_qth-data.h          | 11 +++++++
 comms/linrad/Makefile                              |  4 +--
 comms/linrad/files/patch-help.c                    | 34 +++++++++++++---------
 comms/linrad/files/patch-screendef.h               | 15 ++++++++++
 comms/linrad/files/patch-xmain.c                   | 13 +++++++++
 deskutils/cairo-dock-plugins/Makefile              |  3 ++
 deskutils/cairo-dock-plugins/distinfo              |  3 ++
 devel/R-cran-glue/Makefile                         |  2 +-
 devel/R-cran-glue/distinfo                         |  6 ++--
 devel/R-cran-tidyr/Makefile                        |  6 ++--
 devel/R-cran-tidyr/distinfo                        |  6 ++--
 devel/R-cran-vctrs/Makefile                        |  2 +-
 devel/R-cran-vctrs/distinfo                        |  6 ++--
 devel/buildtool/Makefile                           |  6 ++++
 devel/libzim/Makefile                              |  2 +-
 devel/libzim/distinfo                              |  6 ++--
 devel/libzim/files/patch-meson.build               | 23 ---------------
 devel/libzim/files/patch-src_buffer.cpp            | 11 -------
 devel/libzim/files/patch-src_fs__unix.cpp          | 11 -------
 devel/libzim/files/patch-src_meson.build           | 13 ---------
 devel/p5-Test-Compile/Makefile                     |  2 +-
 devel/p5-Test-Compile/distinfo                     |  6 ++--
 devel/p5-Test-Fatal/Makefile                       |  3 +-
 devel/p5-Test-Fatal/distinfo                       |  5 ++--
 emulators/mupen64plus-core/files/patch-39975200.c  | 12 ++++++++
 emulators/mupen64plus-core/pkg-descr               |  2 +-
 games/bomberinstinct/Makefile                      |  5 ++++
 games/bygfoot/Makefile                             |  5 ++++
 games/cavezofphear/Makefile                        |  5 ++++
 .../bsd-plotutils/files/patch-libplot_imagen_imp.h | 10 +++++++
 java/visualvm/Makefile                             |  2 +-
 java/visualvm/distinfo                             |  6 ++--
 mail/cyrus-imapd32/Makefile                        |  2 +-
 mail/cyrus-imapd32/distinfo                        |  6 ++--
 mail/cyrus-imapd32/pkg-plist                       |  1 -
 mail/fetchmail/Makefile                            |  4 +--
 mail/fetchmail/distinfo                            |  6 ++--
 ...ch-ZZZ-87626c2707cc0d82e49e160ab3c85430ff33534f | 15 +++++-----
 mail/fetchmail/pkg-plist                           |  1 +
 mail/fetchmailconf/Makefile                        |  2 +-
 math/R-cran-conquer/Makefile                       |  4 +--
 math/R-cran-conquer/distinfo                       |  6 ++--
 math/sound-of-sorting/Makefile                     |  7 +++--
 math/sound-of-sorting/distinfo                     |  5 ++--
 misc/cave/Makefile                                 |  5 ++++
 .../files/patch-src_lib__ccx_ccx__decoders__708.h  | 12 ++++++++
 net-im/chatterino2/Makefile                        |  2 ++
 net/google-cloud-sdk/Makefile                      |  6 ++++
 ports-mgmt/pkg-devel/Makefile                      |  4 +--
 ports-mgmt/pkg-devel/distinfo                      |  6 ++--
 science/cdcl/Makefile                              |  2 ++
 security/bugs/Makefile                             |  5 ++++
 security/openvpn-devel/Makefile                    |  2 +-
 security/openvpn-devel/distinfo                    |  6 ++--
 .../files/extra-tunnelblick-openvpn_xorpatch       |  4 +--
 x11-fm/caja/files/patch-eel_eel-background.c       | 29 ++++++++++++++++++
 ...patch-libcaja-private_caja-global-preferences.c | 22 ++++++++++++++
 ...patch-libcaja-private_caja-global-preferences.h | 32 ++++++++++++++++++++
 x11/bricons/Makefile                               |  5 ++++
 63 files changed, 313 insertions(+), 146 deletions(-)
 create mode 100644 comms/gpredict/files/patch-src_qth-data.h
 create mode 100644 comms/linrad/files/patch-screendef.h
 create mode 100644 comms/linrad/files/patch-xmain.c
 delete mode 100644 devel/libzim/files/patch-meson.build
 delete mode 100644 devel/libzim/files/patch-src_buffer.cpp
 delete mode 100644 devel/libzim/files/patch-src_fs__unix.cpp
 delete mode 100644 devel/libzim/files/patch-src_meson.build
 create mode 100644 emulators/mupen64plus-core/files/patch-39975200.c
 create mode 100644 graphics/bsd-plotutils/files/patch-libplot_imagen_imp.h
 create mode 100644 multimedia/ccextractor/files/patch-src_lib__ccx_ccx__decoders__708.h
 create mode 100644 x11-fm/caja/files/patch-eel_eel-background.c
 create mode 100644 x11-fm/caja/files/patch-libcaja-private_caja-global-preferences.c
 create mode 100644 x11-fm/caja/files/patch-libcaja-private_caja-global-preferences.h
=============================
HardenedBSD Master git Server
=============================

Please note that connections and activity to this server are logged.
This server, git-01.md.hardenedbsd.org, acts as the source-of-truth
server for the HardenedBSD repositories.

Banner last updated: 10 Feb 2020 09:32 EST

remote: To github.com:HardenedBSD/hardenedbsd-ports.git        
remote:    5d36b7b5d385..61f05bca2f89  master -> master        
remote:    94749de0524c..5d36b7b5d385  github/master -> github/master
remote:  ! [remote rejected]           refs/pull/2/head -> refs/pull/2/head (deny updating a hidden ref)
remote: error: failed to push some refs to 'github.com:HardenedBSD/hardenedbsd-ports.git'        
remote: . Processing 1 references        
remote: Processed 1 references in total        
To git-01.md.hardenedbsd.org:HardenedBSD/hardenedbsd-ports.git
   5d36b7b5d385..61f05bca2f89  master -> master
==== END: master ====
