==== BEGIN: master ====
current branch: master
mergeable branch: github/master
==== change branch ====
Already on 'master'
Your branch is up to date with 'origin/master'.
==== show current branch ====
* master
==== check for stale changes ====
==== update to latest origin ====
=============================
HardenedBSD Master git Server
=============================

Please note that connections and activity to this server are logged.
This server, git-01.md.hardenedbsd.org, acts as the source-of-truth
server for the HardenedBSD repositories.

Banner last updated: 10 Feb 2020 09:32 EST

Already up to date.
==== merge branches ====
==== merge github/master branch ====
Already up to date.
=============================
HardenedBSD Master git Server
=============================

Please note that connections and activity to this server are logged.
This server, git-01.md.hardenedbsd.org, acts as the source-of-truth
server for the HardenedBSD repositories.

Banner last updated: 10 Feb 2020 09:32 EST

Everything up-to-date
==== END: master ====
==== BEGIN: master ====
current branch: master
mergeable branch: freebsd/master
==== change branch ====
Already on 'master'
Your branch is up to date with 'origin/master'.
==== show current branch ====
* master
==== check for stale changes ====
==== update to latest origin ====
=============================
HardenedBSD Master git Server
=============================

Please note that connections and activity to this server are logged.
This server, git-01.md.hardenedbsd.org, acts as the source-of-truth
server for the HardenedBSD repositories.

Banner last updated: 10 Feb 2020 09:32 EST

Already up to date.
==== merge branches ====
==== merge freebsd/master branch ====
Merge made by the 'recursive' strategy.
 UPDATING                                    |  8 +++
 devel/cppi/Makefile                         |  3 --
 devel/cvsgraph/Makefile                     |  3 --
 devel/goswagger/Makefile                    | 40 +++++++-------
 devel/goswagger/distinfo                    | 82 +++++++++++++++--------------
 devel/libexplain/Makefile                   | 12 +++--
 lang/gnu-apl/files/patch-src_NumericCell.cc | 16 ++++++
 multimedia/libvdpau/Makefile                |  3 +-
 net-im/slack-term/Makefile                  | 13 +++--
 net-im/slack-term/distinfo                  |  6 +--
 net-im/slack-term/files/pkg-message.in      |  6 +--
 security/cyberchef/Makefile                 |  2 +-
 security/cyberchef/distinfo                 |  6 +--
 sysutils/openzfs-kmod/Makefile              |  4 +-
 sysutils/openzfs-kmod/distinfo              |  6 +--
 sysutils/openzfs/Makefile                   |  4 +-
 sysutils/openzfs/distinfo                   |  6 +--
 sysutils/openzfs/pkg-plist                  |  7 ++-
 18 files changed, 133 insertions(+), 94 deletions(-)
 create mode 100644 lang/gnu-apl/files/patch-src_NumericCell.cc
=============================
HardenedBSD Master git Server
=============================

Please note that connections and activity to this server are logged.
This server, git-01.md.hardenedbsd.org, acts as the source-of-truth
server for the HardenedBSD repositories.

Banner last updated: 10 Feb 2020 09:32 EST

remote: To github.com:HardenedBSD/hardenedbsd-ports.git        
remote:    935d4dc40013..af26c3ae867a  master -> master        
remote:    12dce9f7aca1..935d4dc40013  github/master -> github/master
To git-01.md.hardenedbsd.org:HardenedBSD/hardenedbsd-ports.git
   935d4dc40013..af26c3ae867a  master -> master
==== END: master ====
