==== BEGIN: master ====
current branch: master
mergeable branch: github/master
==== change branch ====
Already on 'master'
Your branch is behind 'origin/master' by 2 commits, and can be fast-forwarded.
  (use "git pull" to update your local branch)
==== show current branch ====
* master
==== check for stale changes ====
==== update to latest origin ====
warning: Pulling without specifying how to reconcile divergent branches is
discouraged. You can squelch this message by running one of the following
commands sometime before your next pull:

  git config pull.rebase false  # merge (the default strategy)
  git config pull.rebase true   # rebase
  git config pull.ff only       # fast-forward only

You can replace "git config" with "git config --global" to set a default
preference for all repositories. You can also pass --rebase, --no-rebase,
or --ff-only on the command line to override the configured default per
invocation.

=============================
HardenedBSD Master git Server
=============================

Please note that connections and activity to this server are logged.
This server, git-01.md.hardenedbsd.org, acts as the source-of-truth
server for the HardenedBSD repositories.

Banner last updated: 10 Feb 2020 09:32 EST

Updating 75fa4a585280..0514a06cb62d
Fast-forward
 devel/spdlog/Makefile  | 4 ++--
 devel/spdlog/distinfo  | 6 +++---
 devel/spdlog/pkg-plist | 3 +--
 3 files changed, 6 insertions(+), 7 deletions(-)
==== merge branches ====
==== merge github/master branch ====
Already up to date.
=============================
HardenedBSD Master git Server
=============================

Please note that connections and activity to this server are logged.
This server, git-01.md.hardenedbsd.org, acts as the source-of-truth
server for the HardenedBSD repositories.

Banner last updated: 10 Feb 2020 09:32 EST

Everything up-to-date
==== END: master ====
==== BEGIN: master ====
current branch: master
mergeable branch: freebsd/master
==== change branch ====
Already on 'master'
Your branch is up to date with 'origin/master'.
==== show current branch ====
* master
==== check for stale changes ====
==== update to latest origin ====
warning: Pulling without specifying how to reconcile divergent branches is
discouraged. You can squelch this message by running one of the following
commands sometime before your next pull:

  git config pull.rebase false  # merge (the default strategy)
  git config pull.rebase true   # rebase
  git config pull.ff only       # fast-forward only

You can replace "git config" with "git config --global" to set a default
preference for all repositories. You can also pass --rebase, --no-rebase,
or --ff-only on the command line to override the configured default per
invocation.

=============================
HardenedBSD Master git Server
=============================

Please note that connections and activity to this server are logged.
This server, git-01.md.hardenedbsd.org, acts as the source-of-truth
server for the HardenedBSD repositories.

Banner last updated: 10 Feb 2020 09:32 EST

Already up to date.
==== merge branches ====
==== merge freebsd/master branch ====
Removing www/py-uvicorn/files/patch-setup.py
Auto-merging ports-mgmt/pkg/distinfo
CONFLICT (content): Merge conflict in ports-mgmt/pkg/distinfo
Auto-merging ports-mgmt/pkg/Makefile
CONFLICT (content): Merge conflict in ports-mgmt/pkg/Makefile
Auto-merging net/ntopng/Makefile
Automatic merge failed; fix conflicts and then commit the result.
==== merge failed at freebsd/master branch ====
diff --cc ports-mgmt/pkg/Makefile
index 2c1a4b3e2467,ab0a9d0c38c9..000000000000
--- a/ports-mgmt/pkg/Makefile
+++ b/ports-mgmt/pkg/Makefile
@@@ -1,8 -1,7 +1,12 @@@
  # $FreeBSD$
  
  PORTNAME=	pkg
++<<<<<<< HEAD
 +DISTVERSION=	1.15
 +PORTREVISION=	1
++=======
+ DISTVERSION=	1.15.7
++>>>>>>> freebsd/master
  _PKG_VERSION=	${DISTVERSION}
  CATEGORIES=	ports-mgmt
  #MASTER_SITES=	\
diff --cc ports-mgmt/pkg/distinfo
index 636c7af1c34e,cfb1948c7db5..000000000000
--- a/ports-mgmt/pkg/distinfo
+++ b/ports-mgmt/pkg/distinfo
@@@ -1,3 -1,3 +1,9 @@@
++<<<<<<< HEAD
 +TIMESTAMP = 1600185651
 +SHA256 (HardenedBSD-pkg-cec7452832a0d52a2cb9f34fcc8c7beb187fd9cc_GL0.tar.gz) = e4190c05220ef1185a5ed6b248288aa0fb292bd82556c4e5dd306dc5c95248a3
 +SIZE (HardenedBSD-pkg-cec7452832a0d52a2cb9f34fcc8c7beb187fd9cc_GL0.tar.gz) = 3824305
++=======
+ TIMESTAMP = 1601627480
+ SHA256 (freebsd-pkg-1.15.7_GH0.tar.gz) = 31d5a0203e636134ea457a3d985d9f7385db293a016e6a47e35c6d47dbf54a26
+ SIZE (freebsd-pkg-1.15.7_GH0.tar.gz) = 3823420
++>>>>>>> freebsd/master
On branch master
Your branch is up to date with 'origin/master'.

You have unmerged paths.
  (fix conflicts and run "git commit")
  (use "git merge --abort" to abort the merge)

Changes to be committed:
	modified:   Keywords/sample.ucl
	modified:   audio/lvtk/Makefile
	modified:   benchmarks/ali/Makefile
	modified:   benchmarks/ali/distinfo
	modified:   benchmarks/iperf/Makefile
	modified:   benchmarks/iperf/distinfo
	new file:   benchmarks/iperf/files/patch-include-Listener.hpp
	modified:   devel/Makefile
	modified:   devel/google-styleguide/Makefile
	modified:   devel/google-styleguide/distinfo
	modified:   devel/p5-DateTime-Astro/Makefile
	modified:   devel/p5-DateTime-Astro/distinfo
	modified:   devel/py-gevent/Makefile
	modified:   devel/py-gevent/distinfo
	modified:   devel/py-pyvisa-py/Makefile
	modified:   devel/py-pyvisa-py/distinfo
	modified:   devel/py-pyvisa/Makefile
	modified:   devel/py-pyvisa/distinfo
	modified:   devel/pyside2-tools/Makefile
	modified:   devel/pyside2-tools/distinfo
	modified:   devel/pyside2/Makefile
	modified:   devel/pyside2/distinfo
	modified:   devel/pyside2/pkg-plist
	modified:   devel/rubygem-aws-partitions/Makefile
	modified:   devel/rubygem-aws-partitions/distinfo
	modified:   devel/rubygem-aws-sdk-accessanalyzer/Makefile
	modified:   devel/rubygem-aws-sdk-accessanalyzer/distinfo
	modified:   devel/rubygem-aws-sdk-acm/Makefile
	modified:   devel/rubygem-aws-sdk-acm/distinfo
	modified:   devel/rubygem-aws-sdk-acmpca/Makefile
	modified:   devel/rubygem-aws-sdk-acmpca/distinfo
	modified:   devel/rubygem-aws-sdk-alexaforbusiness/Makefile
	modified:   devel/rubygem-aws-sdk-alexaforbusiness/distinfo
	modified:   devel/rubygem-aws-sdk-amplify/Makefile
	modified:   devel/rubygem-aws-sdk-amplify/distinfo
	modified:   devel/rubygem-aws-sdk-apigateway/Makefile
	modified:   devel/rubygem-aws-sdk-apigateway/distinfo
	modified:   devel/rubygem-aws-sdk-apigatewaymanagementapi/Makefile
	modified:   devel/rubygem-aws-sdk-apigatewaymanagementapi/distinfo
	modified:   devel/rubygem-aws-sdk-apigatewayv2/Makefile
	modified:   devel/rubygem-aws-sdk-apigatewayv2/distinfo
	modified:   devel/rubygem-aws-sdk-appconfig/Makefile
	modified:   devel/rubygem-aws-sdk-appconfig/distinfo
	modified:   devel/rubygem-aws-sdk-appflow/Makefile
	modified:   devel/rubygem-aws-sdk-appflow/distinfo
	modified:   devel/rubygem-aws-sdk-applicationdiscoveryservice/Makefile
	modified:   devel/rubygem-aws-sdk-applicationdiscoveryservice/distinfo
	modified:   devel/rubygem-aws-sdk-applicationinsights/Makefile
	modified:   devel/rubygem-aws-sdk-applicationinsights/distinfo
	modified:   devel/rubygem-aws-sdk-appmesh/Makefile
	modified:   devel/rubygem-aws-sdk-appmesh/distinfo
	modified:   devel/rubygem-aws-sdk-appstream/Makefile
	modified:   devel/rubygem-aws-sdk-appstream/distinfo
	modified:   devel/rubygem-aws-sdk-appsync/Makefile
	modified:   devel/rubygem-aws-sdk-appsync/distinfo
	modified:   devel/rubygem-aws-sdk-athena/Makefile
	modified:   devel/rubygem-aws-sdk-athena/distinfo
	modified:   devel/rubygem-aws-sdk-augmentedairuntime/Makefile
	modified:   devel/rubygem-aws-sdk-augmentedairuntime/distinfo
	modified:   devel/rubygem-aws-sdk-autoscaling/Makefile
	modified:   devel/rubygem-aws-sdk-autoscaling/distinfo
	modified:   devel/rubygem-aws-sdk-autoscalingplans/Makefile
	modified:   devel/rubygem-aws-sdk-autoscalingplans/distinfo
	modified:   devel/rubygem-aws-sdk-backup/Makefile
	modified:   devel/rubygem-aws-sdk-backup/distinfo
	modified:   devel/rubygem-aws-sdk-batch/Makefile
	modified:   devel/rubygem-aws-sdk-batch/distinfo
	modified:   devel/rubygem-aws-sdk-braket/Makefile
	modified:   devel/rubygem-aws-sdk-braket/distinfo
	modified:   devel/rubygem-aws-sdk-budgets/Makefile
	modified:   devel/rubygem-aws-sdk-budgets/distinfo
	modified:   devel/rubygem-aws-sdk-chime/Makefile
	modified:   devel/rubygem-aws-sdk-chime/distinfo
	modified:   devel/rubygem-aws-sdk-cloud9/Makefile
	modified:   devel/rubygem-aws-sdk-cloud9/distinfo
	modified:   devel/rubygem-aws-sdk-clouddirectory/Makefile
	modified:   devel/rubygem-aws-sdk-clouddirectory/distinfo
	modified:   devel/rubygem-aws-sdk-cloudformation/Makefile
	modified:   devel/rubygem-aws-sdk-cloudformation/distinfo
	modified:   devel/rubygem-aws-sdk-cloudfront/Makefile
	modified:   devel/rubygem-aws-sdk-cloudfront/distinfo
	modified:   devel/rubygem-aws-sdk-cloudhsm/Makefile
	modified:   devel/rubygem-aws-sdk-cloudhsm/distinfo
	modified:   devel/rubygem-aws-sdk-cloudhsmv2/Makefile
	modified:   devel/rubygem-aws-sdk-cloudhsmv2/distinfo
	modified:   devel/rubygem-aws-sdk-cloudsearch/Makefile
	modified:   devel/rubygem-aws-sdk-cloudsearch/distinfo
	modified:   devel/rubygem-aws-sdk-cloudsearchdomain/Makefile
	modified:   devel/rubygem-aws-sdk-cloudsearchdomain/distinfo
	modified:   devel/rubygem-aws-sdk-cloudtrail/Makefile
	modified:   devel/rubygem-aws-sdk-cloudtrail/distinfo
	modified:   devel/rubygem-aws-sdk-cloudwatch/Makefile
	modified:   devel/rubygem-aws-sdk-cloudwatch/distinfo
	modified:   devel/rubygem-aws-sdk-cloudwatchevents/Makefile
	modified:   devel/rubygem-aws-sdk-cloudwatchevents/distinfo
	modified:   devel/rubygem-aws-sdk-cloudwatchlogs/Makefile
	modified:   devel/rubygem-aws-sdk-cloudwatchlogs/distinfo
	modified:   devel/rubygem-aws-sdk-codeartifact/Makefile
	modified:   devel/rubygem-aws-sdk-codeartifact/distinfo
	modified:   devel/rubygem-aws-sdk-codebuild/Makefile
	modified:   devel/rubygem-aws-sdk-codebuild/distinfo
	modified:   devel/rubygem-aws-sdk-codecommit/Makefile
	modified:   devel/rubygem-aws-sdk-codecommit/distinfo
	modified:   devel/rubygem-aws-sdk-codedeploy/Makefile
	modified:   devel/rubygem-aws-sdk-codedeploy/distinfo
	modified:   devel/rubygem-aws-sdk-codeguruprofiler/Makefile
	modified:   devel/rubygem-aws-sdk-codeguruprofiler/distinfo
	modified:   devel/rubygem-aws-sdk-codegurureviewer/Makefile
	modified:   devel/rubygem-aws-sdk-codegurureviewer/distinfo
	modified:   devel/rubygem-aws-sdk-codepipeline/Makefile
	modified:   devel/rubygem-aws-sdk-codepipeline/distinfo
	modified:   devel/rubygem-aws-sdk-codestar/Makefile
	modified:   devel/rubygem-aws-sdk-codestar/distinfo
	modified:   devel/rubygem-aws-sdk-codestarconnections/Makefile
	modified:   devel/rubygem-aws-sdk-codestarconnections/distinfo
	modified:   devel/rubygem-aws-sdk-codestarnotifications/Makefile
	modified:   devel/rubygem-aws-sdk-codestarnotifications/distinfo
	modified:   devel/rubygem-aws-sdk-cognitoidentity/Makefile
	modified:   devel/rubygem-aws-sdk-cognitoidentity/distinfo
	modified:   devel/rubygem-aws-sdk-cognitoidentityprovider/Makefile
	modified:   devel/rubygem-aws-sdk-cognitoidentityprovider/distinfo
	modified:   devel/rubygem-aws-sdk-cognitosync/Makefile
	modified:   devel/rubygem-aws-sdk-cognitosync/distinfo
	modified:   devel/rubygem-aws-sdk-comprehend/Makefile
	modified:   devel/rubygem-aws-sdk-comprehend/distinfo
	modified:   devel/rubygem-aws-sdk-comprehendmedical/Makefile
	modified:   devel/rubygem-aws-sdk-comprehendmedical/distinfo
	modified:   devel/rubygem-aws-sdk-computeoptimizer/Makefile
	modified:   devel/rubygem-aws-sdk-computeoptimizer/distinfo
	modified:   devel/rubygem-aws-sdk-configservice/Makefile
	modified:   devel/rubygem-aws-sdk-configservice/distinfo
	modified:   devel/rubygem-aws-sdk-connect/Makefile
	modified:   devel/rubygem-aws-sdk-connect/distinfo
	modified:   devel/rubygem-aws-sdk-connectparticipant/Makefile
	modified:   devel/rubygem-aws-sdk-connectparticipant/distinfo
	modified:   devel/rubygem-aws-sdk-core/Makefile
	modified:   devel/rubygem-aws-sdk-core/distinfo
	modified:   devel/rubygem-aws-sdk-core2/Makefile
	modified:   devel/rubygem-aws-sdk-core2/distinfo
	modified:   devel/rubygem-aws-sdk-costandusagereportservice/Makefile
	modified:   devel/rubygem-aws-sdk-costandusagereportservice/distinfo
	modified:   devel/rubygem-aws-sdk-costexplorer/Makefile
	modified:   devel/rubygem-aws-sdk-costexplorer/distinfo
	modified:   devel/rubygem-aws-sdk-databasemigrationservice/Makefile
	modified:   devel/rubygem-aws-sdk-databasemigrationservice/distinfo
	modified:   devel/rubygem-aws-sdk-dataexchange/Makefile
	modified:   devel/rubygem-aws-sdk-dataexchange/distinfo
	modified:   devel/rubygem-aws-sdk-datapipeline/Makefile
	modified:   devel/rubygem-aws-sdk-datapipeline/distinfo
	modified:   devel/rubygem-aws-sdk-datasync/Makefile
	modified:   devel/rubygem-aws-sdk-datasync/distinfo
	modified:   devel/rubygem-aws-sdk-dax/Makefile
	modified:   devel/rubygem-aws-sdk-dax/distinfo
	modified:   devel/rubygem-aws-sdk-detective/Makefile
	modified:   devel/rubygem-aws-sdk-detective/distinfo
	modified:   devel/rubygem-aws-sdk-devicefarm/Makefile
	modified:   devel/rubygem-aws-sdk-devicefarm/distinfo
	modified:   devel/rubygem-aws-sdk-directconnect/Makefile
	modified:   devel/rubygem-aws-sdk-directconnect/distinfo
	modified:   devel/rubygem-aws-sdk-directoryservice/Makefile
	modified:   devel/rubygem-aws-sdk-directoryservice/distinfo
	modified:   devel/rubygem-aws-sdk-dlm/Makefile
	modified:   devel/rubygem-aws-sdk-dlm/distinfo
	modified:   devel/rubygem-aws-sdk-dynamodb/Makefile
	modified:   devel/rubygem-aws-sdk-dynamodb/distinfo
	modified:   devel/rubygem-aws-sdk-dynamodbstreams/Makefile
	modified:   devel/rubygem-aws-sdk-dynamodbstreams/distinfo
	modified:   devel/rubygem-aws-sdk-ebs/Makefile
	modified:   devel/rubygem-aws-sdk-ebs/distinfo
	modified:   devel/rubygem-aws-sdk-ec2instanceconnect/Makefile
	modified:   devel/rubygem-aws-sdk-ec2instanceconnect/distinfo
	modified:   devel/rubygem-aws-sdk-ecr/Makefile
	modified:   devel/rubygem-aws-sdk-ecr/distinfo
	modified:   devel/rubygem-aws-sdk-ecs/Makefile
	modified:   devel/rubygem-aws-sdk-ecs/distinfo
	modified:   devel/rubygem-aws-sdk-efs/Makefile
	modified:   devel/rubygem-aws-sdk-efs/distinfo
	modified:   devel/rubygem-aws-sdk-eks/Makefile
	modified:   devel/rubygem-aws-sdk-eks/distinfo
	modified:   devel/rubygem-aws-sdk-elasticache/Makefile
	modified:   devel/rubygem-aws-sdk-elasticache/distinfo
	modified:   devel/rubygem-aws-sdk-elasticbeanstalk/Makefile
	modified:   devel/rubygem-aws-sdk-elasticbeanstalk/distinfo
	modified:   devel/rubygem-aws-sdk-elasticinference/Makefile
	modified:   devel/rubygem-aws-sdk-elasticinference/distinfo
	modified:   devel/rubygem-aws-sdk-elasticloadbalancing/Makefile
	modified:   devel/rubygem-aws-sdk-elasticloadbalancing/distinfo
	modified:   devel/rubygem-aws-sdk-elasticloadbalancingv2/Makefile
	modified:   devel/rubygem-aws-sdk-elasticloadbalancingv2/distinfo
	modified:   devel/rubygem-aws-sdk-elasticsearchservice/Makefile
	modified:   devel/rubygem-aws-sdk-elasticsearchservice/distinfo
	modified:   devel/rubygem-aws-sdk-elastictranscoder/Makefile
	modified:   devel/rubygem-aws-sdk-elastictranscoder/distinfo
	modified:   devel/rubygem-aws-sdk-emr/Makefile
	modified:   devel/rubygem-aws-sdk-emr/distinfo
	modified:   devel/rubygem-aws-sdk-eventbridge/Makefile
	modified:   devel/rubygem-aws-sdk-eventbridge/distinfo
	modified:   devel/rubygem-aws-sdk-firehose/Makefile
	modified:   devel/rubygem-aws-sdk-firehose/distinfo
	modified:   devel/rubygem-aws-sdk-fms/Makefile
	modified:   devel/rubygem-aws-sdk-fms/distinfo
	modified:   devel/rubygem-aws-sdk-forecastqueryservice/Makefile
	modified:   devel/rubygem-aws-sdk-forecastqueryservice/distinfo
	modified:   devel/rubygem-aws-sdk-forecastservice/Makefile
	modified:   devel/rubygem-aws-sdk-forecastservice/distinfo
	modified:   devel/rubygem-aws-sdk-frauddetector/Makefile
	modified:   devel/rubygem-aws-sdk-frauddetector/distinfo
	modified:   devel/rubygem-aws-sdk-fsx/Makefile
	modified:   devel/rubygem-aws-sdk-fsx/distinfo
	modified:   devel/rubygem-aws-sdk-gamelift/Makefile
	modified:   devel/rubygem-aws-sdk-gamelift/distinfo
	modified:   devel/rubygem-aws-sdk-glacier/Makefile
	modified:   devel/rubygem-aws-sdk-glacier/distinfo
	modified:   devel/rubygem-aws-sdk-globalaccelerator/Makefile
	modified:   devel/rubygem-aws-sdk-globalaccelerator/distinfo
	modified:   devel/rubygem-aws-sdk-glue/Makefile
	modified:   devel/rubygem-aws-sdk-glue/distinfo
	modified:   devel/rubygem-aws-sdk-greengrass/Makefile
	modified:   devel/rubygem-aws-sdk-greengrass/distinfo
	modified:   devel/rubygem-aws-sdk-groundstation/Makefile
	modified:   devel/rubygem-aws-sdk-groundstation/distinfo
	modified:   devel/rubygem-aws-sdk-guardduty/Makefile
	modified:   devel/rubygem-aws-sdk-guardduty/distinfo
	modified:   devel/rubygem-aws-sdk-health/Makefile
	modified:   devel/rubygem-aws-sdk-health/distinfo
	modified:   devel/rubygem-aws-sdk-honeycode/Makefile
	modified:   devel/rubygem-aws-sdk-honeycode/distinfo
	modified:   devel/rubygem-aws-sdk-iam/Makefile
	modified:   devel/rubygem-aws-sdk-iam/distinfo
	modified:   devel/rubygem-aws-sdk-identitystore/Makefile
	modified:   devel/rubygem-aws-sdk-identitystore/distinfo
	modified:   devel/rubygem-aws-sdk-imagebuilder/Makefile
	modified:   devel/rubygem-aws-sdk-imagebuilder/distinfo
	modified:   devel/rubygem-aws-sdk-importexport/Makefile
	modified:   devel/rubygem-aws-sdk-importexport/distinfo
	modified:   devel/rubygem-aws-sdk-inspector/Makefile
	modified:   devel/rubygem-aws-sdk-inspector/distinfo
	modified:   devel/rubygem-aws-sdk-iot/Makefile
	modified:   devel/rubygem-aws-sdk-iot/distinfo
	modified:   devel/rubygem-aws-sdk-iot1clickdevicesservice/Makefile
	modified:   devel/rubygem-aws-sdk-iot1clickdevicesservice/distinfo
	modified:   devel/rubygem-aws-sdk-iot1clickprojects/Makefile
	modified:   devel/rubygem-aws-sdk-iot1clickprojects/distinfo
	modified:   devel/rubygem-aws-sdk-iotanalytics/Makefile
	modified:   devel/rubygem-aws-sdk-iotanalytics/distinfo
	modified:   devel/rubygem-aws-sdk-iotdataplane/Makefile
	modified:   devel/rubygem-aws-sdk-iotdataplane/distinfo
	modified:   devel/rubygem-aws-sdk-iotevents/Makefile
	modified:   devel/rubygem-aws-sdk-iotevents/distinfo
	modified:   devel/rubygem-aws-sdk-ioteventsdata/Makefile
	modified:   devel/rubygem-aws-sdk-ioteventsdata/distinfo
	modified:   devel/rubygem-aws-sdk-iotjobsdataplane/Makefile
	modified:   devel/rubygem-aws-sdk-iotjobsdataplane/distinfo
	modified:   devel/rubygem-aws-sdk-iotsecuretunneling/Makefile
	modified:   devel/rubygem-aws-sdk-iotsecuretunneling/distinfo
	modified:   devel/rubygem-aws-sdk-iotsitewise/Makefile
	modified:   devel/rubygem-aws-sdk-iotsitewise/distinfo
	modified:   devel/rubygem-aws-sdk-iotthingsgraph/Makefile
	modified:   devel/rubygem-aws-sdk-iotthingsgraph/distinfo
	modified:   devel/rubygem-aws-sdk-ivs/Makefile
	modified:   devel/rubygem-aws-sdk-ivs/distinfo
	modified:   devel/rubygem-aws-sdk-kafka/Makefile
	modified:   devel/rubygem-aws-sdk-kafka/distinfo
	modified:   devel/rubygem-aws-sdk-kendra/Makefile
	modified:   devel/rubygem-aws-sdk-kendra/distinfo
	modified:   devel/rubygem-aws-sdk-kinesis/Makefile
	modified:   devel/rubygem-aws-sdk-kinesis/distinfo
	modified:   devel/rubygem-aws-sdk-kinesisanalytics/Makefile
	modified:   devel/rubygem-aws-sdk-kinesisanalytics/distinfo
	modified:   devel/rubygem-aws-sdk-kinesisanalyticsv2/Makefile
	modified:   devel/rubygem-aws-sdk-kinesisanalyticsv2/distinfo
	modified:   devel/rubygem-aws-sdk-kinesisvideo/Makefile
	modified:   devel/rubygem-aws-sdk-kinesisvideo/distinfo
	modified:   devel/rubygem-aws-sdk-kinesisvideoarchivedmedia/Makefile
	modified:   devel/rubygem-aws-sdk-kinesisvideoarchivedmedia/distinfo
	modified:   devel/rubygem-aws-sdk-kinesisvideomedia/Makefile
	modified:   devel/rubygem-aws-sdk-kinesisvideomedia/distinfo
	modified:   devel/rubygem-aws-sdk-kinesisvideosignalingchannels/Makefile
	modified:   devel/rubygem-aws-sdk-kinesisvideosignalingchannels/distinfo
	modified:   devel/rubygem-aws-sdk-kms/Makefile
	modified:   devel/rubygem-aws-sdk-kms/distinfo
	modified:   devel/rubygem-aws-sdk-lakeformation/Makefile
	modified:   devel/rubygem-aws-sdk-lakeformation/distinfo
	modified:   devel/rubygem-aws-sdk-lambda/Makefile
	modified:   devel/rubygem-aws-sdk-lambda/distinfo
	modified:   devel/rubygem-aws-sdk-lambdapreview/Makefile
	modified:   devel/rubygem-aws-sdk-lambdapreview/distinfo
	modified:   devel/rubygem-aws-sdk-lex/Makefile
	modified:   devel/rubygem-aws-sdk-lex/distinfo
	modified:   devel/rubygem-aws-sdk-lexmodelbuildingservice/Makefile
	modified:   devel/rubygem-aws-sdk-lexmodelbuildingservice/distinfo
	modified:   devel/rubygem-aws-sdk-licensemanager/Makefile
	modified:   devel/rubygem-aws-sdk-licensemanager/distinfo
	modified:   devel/rubygem-aws-sdk-lightsail/Makefile
	modified:   devel/rubygem-aws-sdk-lightsail/distinfo
	modified:   devel/rubygem-aws-sdk-machinelearning/Makefile
	modified:   devel/rubygem-aws-sdk-machinelearning/distinfo
	modified:   devel/rubygem-aws-sdk-macie/Makefile
	modified:   devel/rubygem-aws-sdk-macie/distinfo
	modified:   devel/rubygem-aws-sdk-macie2/Makefile
	modified:   devel/rubygem-aws-sdk-macie2/distinfo
	modified:   devel/rubygem-aws-sdk-marketplacecatalog/Makefile
	modified:   devel/rubygem-aws-sdk-marketplacecatalog/distinfo
	modified:   devel/rubygem-aws-sdk-marketplacecommerceanalytics/Makefile
	modified:   devel/rubygem-aws-sdk-marketplacecommerceanalytics/distinfo
	modified:   devel/rubygem-aws-sdk-marketplaceentitlementservice/Makefile
	modified:   devel/rubygem-aws-sdk-marketplaceentitlementservice/distinfo
	modified:   devel/rubygem-aws-sdk-marketplacemetering/Makefile
	modified:   devel/rubygem-aws-sdk-marketplacemetering/distinfo
	modified:   devel/rubygem-aws-sdk-mediaconnect/Makefile
	modified:   devel/rubygem-aws-sdk-mediaconnect/distinfo
	modified:   devel/rubygem-aws-sdk-mediaconvert/Makefile
	modified:   devel/rubygem-aws-sdk-mediaconvert/distinfo
	modified:   devel/rubygem-aws-sdk-medialive/Makefile
	modified:   devel/rubygem-aws-sdk-medialive/distinfo
	modified:   devel/rubygem-aws-sdk-mediapackage/Makefile
	modified:   devel/rubygem-aws-sdk-mediapackage/distinfo
	modified:   devel/rubygem-aws-sdk-mediapackagevod/Makefile
	modified:   devel/rubygem-aws-sdk-mediapackagevod/distinfo
	modified:   devel/rubygem-aws-sdk-mediastore/Makefile
	modified:   devel/rubygem-aws-sdk-mediastore/distinfo
	modified:   devel/rubygem-aws-sdk-mediastoredata/Makefile
	modified:   devel/rubygem-aws-sdk-mediastoredata/distinfo
	modified:   devel/rubygem-aws-sdk-mediatailor/Makefile
	modified:   devel/rubygem-aws-sdk-mediatailor/distinfo
	modified:   devel/rubygem-aws-sdk-migrationhub/Makefile
	modified:   devel/rubygem-aws-sdk-migrationhub/distinfo
	modified:   devel/rubygem-aws-sdk-migrationhubconfig/Makefile
	modified:   devel/rubygem-aws-sdk-migrationhubconfig/distinfo
	modified:   devel/rubygem-aws-sdk-mobile/Makefile
	modified:   devel/rubygem-aws-sdk-mobile/distinfo
	modified:   devel/rubygem-aws-sdk-mq/Makefile
	modified:   devel/rubygem-aws-sdk-mq/distinfo
	modified:   devel/rubygem-aws-sdk-mturk/Makefile
	modified:   devel/rubygem-aws-sdk-mturk/distinfo
	modified:   devel/rubygem-aws-sdk-neptune/Makefile
	modified:   devel/rubygem-aws-sdk-neptune/distinfo
	modified:   devel/rubygem-aws-sdk-networkmanager/Makefile
	modified:   devel/rubygem-aws-sdk-networkmanager/distinfo
	modified:   devel/rubygem-aws-sdk-opsworks/Makefile
	modified:   devel/rubygem-aws-sdk-opsworks/distinfo
	modified:   devel/rubygem-aws-sdk-opsworkscm/Makefile
	modified:   devel/rubygem-aws-sdk-opsworkscm/distinfo
	modified:   devel/rubygem-aws-sdk-organizations/Makefile
	modified:   devel/rubygem-aws-sdk-organizations/distinfo
	modified:   devel/rubygem-aws-sdk-outposts/Makefile
	modified:   devel/rubygem-aws-sdk-outposts/distinfo
	modified:   devel/rubygem-aws-sdk-personalize/Makefile
	modified:   devel/rubygem-aws-sdk-personalize/distinfo
	modified:   devel/rubygem-aws-sdk-personalizeevents/Makefile
	modified:   devel/rubygem-aws-sdk-personalizeevents/distinfo
	modified:   devel/rubygem-aws-sdk-personalizeruntime/Makefile
	modified:   devel/rubygem-aws-sdk-personalizeruntime/distinfo
	modified:   devel/rubygem-aws-sdk-pi/Makefile
	modified:   devel/rubygem-aws-sdk-pi/distinfo
	modified:   devel/rubygem-aws-sdk-pinpoint/Makefile
	modified:   devel/rubygem-aws-sdk-pinpoint/distinfo
	modified:   devel/rubygem-aws-sdk-pinpointemail/Makefile
	modified:   devel/rubygem-aws-sdk-pinpointemail/distinfo
	modified:   devel/rubygem-aws-sdk-pinpointsmsvoice/Makefile
	modified:   devel/rubygem-aws-sdk-pinpointsmsvoice/distinfo
	modified:   devel/rubygem-aws-sdk-polly/Makefile
	modified:   devel/rubygem-aws-sdk-polly/distinfo
	modified:   devel/rubygem-aws-sdk-pricing/Makefile
	modified:   devel/rubygem-aws-sdk-pricing/distinfo
	modified:   devel/rubygem-aws-sdk-qldb/Makefile
	modified:   devel/rubygem-aws-sdk-qldb/distinfo
	modified:   devel/rubygem-aws-sdk-qldbsession/Makefile
	modified:   devel/rubygem-aws-sdk-qldbsession/distinfo
	modified:   devel/rubygem-aws-sdk-quicksight/Makefile
	modified:   devel/rubygem-aws-sdk-quicksight/distinfo
	modified:   devel/rubygem-aws-sdk-ram/Makefile
	modified:   devel/rubygem-aws-sdk-ram/distinfo
	modified:   devel/rubygem-aws-sdk-rds/Makefile
	modified:   devel/rubygem-aws-sdk-rds/distinfo
	modified:   devel/rubygem-aws-sdk-rdsdataservice/Makefile
	modified:   devel/rubygem-aws-sdk-rdsdataservice/distinfo
	modified:   devel/rubygem-aws-sdk-redshift/Makefile
	modified:   devel/rubygem-aws-sdk-redshift/distinfo
	modified:   devel/rubygem-aws-sdk-redshiftdataapiservice/Makefile
	modified:   devel/rubygem-aws-sdk-redshiftdataapiservice/distinfo
	modified:   devel/rubygem-aws-sdk-rekognition/Makefile
	modified:   devel/rubygem-aws-sdk-rekognition/distinfo
	modified:   devel/rubygem-aws-sdk-resourcegroups/Makefile
	modified:   devel/rubygem-aws-sdk-resourcegroups/distinfo
	modified:   devel/rubygem-aws-sdk-resourcegroupstaggingapi/Makefile
	modified:   devel/rubygem-aws-sdk-resourcegroupstaggingapi/distinfo
	modified:   devel/rubygem-aws-sdk-resources/Makefile
	modified:   devel/rubygem-aws-sdk-resources/distinfo
	modified:   devel/rubygem-aws-sdk-resources2/Makefile
	modified:   devel/rubygem-aws-sdk-resources2/distinfo
	modified:   devel/rubygem-aws-sdk-robomaker/Makefile
	modified:   devel/rubygem-aws-sdk-robomaker/distinfo
	modified:   devel/rubygem-aws-sdk-route53/Makefile
	modified:   devel/rubygem-aws-sdk-route53/distinfo
	modified:   devel/rubygem-aws-sdk-route53domains/Makefile
	modified:   devel/rubygem-aws-sdk-route53domains/distinfo
	modified:   devel/rubygem-aws-sdk-route53resolver/Makefile
	modified:   devel/rubygem-aws-sdk-route53resolver/distinfo
	modified:   devel/rubygem-aws-sdk-s3/Makefile
	modified:   devel/rubygem-aws-sdk-s3/distinfo
	modified:   devel/rubygem-aws-sdk-s3control/Makefile
	modified:   devel/rubygem-aws-sdk-s3control/distinfo
	modified:   devel/rubygem-aws-sdk-sagemaker/Makefile
	modified:   devel/rubygem-aws-sdk-sagemaker/distinfo
	modified:   devel/rubygem-aws-sdk-sagemakerruntime/Makefile
	modified:   devel/rubygem-aws-sdk-sagemakerruntime/distinfo
	modified:   devel/rubygem-aws-sdk-savingsplans/Makefile
	modified:   devel/rubygem-aws-sdk-savingsplans/distinfo
	modified:   devel/rubygem-aws-sdk-schemas/Makefile
	modified:   devel/rubygem-aws-sdk-schemas/distinfo
	modified:   devel/rubygem-aws-sdk-secretsmanager/Makefile
	modified:   devel/rubygem-aws-sdk-secretsmanager/distinfo
	modified:   devel/rubygem-aws-sdk-securityhub/Makefile
	modified:   devel/rubygem-aws-sdk-securityhub/distinfo
	modified:   devel/rubygem-aws-sdk-serverlessapplicationrepository/Makefile
	modified:   devel/rubygem-aws-sdk-serverlessapplicationrepository/distinfo
	modified:   devel/rubygem-aws-sdk-servicecatalog/Makefile
	modified:   devel/rubygem-aws-sdk-servicecatalog/distinfo
	modified:   devel/rubygem-aws-sdk-servicediscovery/Makefile
	modified:   devel/rubygem-aws-sdk-servicediscovery/distinfo
	modified:   devel/rubygem-aws-sdk-servicequotas/Makefile
	modified:   devel/rubygem-aws-sdk-servicequotas/distinfo
	modified:   devel/rubygem-aws-sdk-ses/Makefile
	modified:   devel/rubygem-aws-sdk-ses/distinfo
	modified:   devel/rubygem-aws-sdk-sesv2/Makefile
	modified:   devel/rubygem-aws-sdk-sesv2/distinfo
	modified:   devel/rubygem-aws-sdk-shield/Makefile
	modified:   devel/rubygem-aws-sdk-shield/distinfo
	modified:   devel/rubygem-aws-sdk-signer/Makefile
	modified:   devel/rubygem-aws-sdk-signer/distinfo
	modified:   devel/rubygem-aws-sdk-simpledb/Makefile
	modified:   devel/rubygem-aws-sdk-simpledb/distinfo
	modified:   devel/rubygem-aws-sdk-sms/Makefile
	modified:   devel/rubygem-aws-sdk-sms/distinfo
	modified:   devel/rubygem-aws-sdk-snowball/Makefile
	modified:   devel/rubygem-aws-sdk-snowball/distinfo
	modified:   devel/rubygem-aws-sdk-sns/Makefile
	modified:   devel/rubygem-aws-sdk-sns/distinfo
	modified:   devel/rubygem-aws-sdk-sqs/Makefile
	modified:   devel/rubygem-aws-sdk-sqs/distinfo
	modified:   devel/rubygem-aws-sdk-ssm/Makefile
	modified:   devel/rubygem-aws-sdk-ssm/distinfo
	modified:   devel/rubygem-aws-sdk-ssoadmin/Makefile
	modified:   devel/rubygem-aws-sdk-ssoadmin/distinfo
	modified:   devel/rubygem-aws-sdk-ssooidc/Makefile
	modified:   devel/rubygem-aws-sdk-ssooidc/distinfo
	modified:   devel/rubygem-aws-sdk-storagegateway/Makefile
	modified:   devel/rubygem-aws-sdk-storagegateway/distinfo
	modified:   devel/rubygem-aws-sdk-support/Makefile
	modified:   devel/rubygem-aws-sdk-support/distinfo
	modified:   devel/rubygem-aws-sdk-swf/Makefile
	modified:   devel/rubygem-aws-sdk-swf/distinfo
	modified:   devel/rubygem-aws-sdk-synthetics/Makefile
	modified:   devel/rubygem-aws-sdk-synthetics/distinfo
	modified:   devel/rubygem-aws-sdk-textract/Makefile
	modified:   devel/rubygem-aws-sdk-textract/distinfo
	new file:   devel/rubygem-aws-sdk-timestreamquery/Makefile
	new file:   devel/rubygem-aws-sdk-timestreamquery/distinfo
	new file:   devel/rubygem-aws-sdk-timestreamquery/pkg-descr
	new file:   devel/rubygem-aws-sdk-timestreamwrite/Makefile
	new file:   devel/rubygem-aws-sdk-timestreamwrite/distinfo
	new file:   devel/rubygem-aws-sdk-timestreamwrite/pkg-descr
	modified:   devel/rubygem-aws-sdk-transcribeservice/Makefile
	modified:   devel/rubygem-aws-sdk-transcribeservice/distinfo
	modified:   devel/rubygem-aws-sdk-transcribestreamingservice/Makefile
	modified:   devel/rubygem-aws-sdk-transcribestreamingservice/distinfo
	modified:   devel/rubygem-aws-sdk-transfer/Makefile
	modified:   devel/rubygem-aws-sdk-transfer/distinfo
	modified:   devel/rubygem-aws-sdk-translate/Makefile
	modified:   devel/rubygem-aws-sdk-translate/distinfo
	modified:   devel/rubygem-aws-sdk-waf/Makefile
	modified:   devel/rubygem-aws-sdk-waf/distinfo
	modified:   devel/rubygem-aws-sdk-wafregional/Makefile
	modified:   devel/rubygem-aws-sdk-wafregional/distinfo
	modified:   devel/rubygem-aws-sdk-wafv2/Makefile
	modified:   devel/rubygem-aws-sdk-wafv2/distinfo
	modified:   devel/rubygem-aws-sdk-workdocs/Makefile
	modified:   devel/rubygem-aws-sdk-workdocs/distinfo
	modified:   devel/rubygem-aws-sdk-worklink/Makefile
	modified:   devel/rubygem-aws-sdk-worklink/distinfo
	modified:   devel/rubygem-aws-sdk-workmail/Makefile
	modified:   devel/rubygem-aws-sdk-workmail/distinfo
	modified:   devel/rubygem-aws-sdk-workmailmessageflow/Makefile
	modified:   devel/rubygem-aws-sdk-workmailmessageflow/distinfo
	modified:   devel/rubygem-aws-sdk-workspaces/Makefile
	modified:   devel/rubygem-aws-sdk-workspaces/distinfo
	modified:   devel/rubygem-aws-sdk-xray/Makefile
	modified:   devel/rubygem-aws-sdk-xray/distinfo
	modified:   devel/rubygem-aws-sdk2/Makefile
	modified:   devel/rubygem-aws-sdk2/distinfo
	modified:   devel/rubygem-ddtrace/Makefile
	modified:   devel/rubygem-ddtrace/distinfo
	modified:   devel/rubygem-rspec-core/Makefile
	modified:   devel/rubygem-rspec-core/distinfo
	modified:   devel/rubygem-rubocop-ast/Makefile
	modified:   devel/rubygem-rubocop-ast/distinfo
	modified:   devel/shiboken2/Makefile
	modified:   devel/shiboken2/distinfo
	modified:   devel/shiboken2/pkg-plist
	modified:   dns/p5-Mozilla-PublicSuffix/Makefile
	modified:   dns/public_suffix_list/Makefile
	modified:   dns/public_suffix_list/distinfo
	modified:   dns/py-publicsuffix/Makefile
	modified:   dns/py-publicsuffix2/Makefile
	modified:   dns/rubygem-public_suffix/Makefile
	modified:   dns/rubygem-public_suffix_service/Makefile
	modified:   editors/cpeditor/Makefile
	modified:   editors/cpeditor/distinfo
	modified:   graphics/h3/Makefile
	modified:   graphics/h3/distinfo
	modified:   graphics/py-rasterio/Makefile
	modified:   graphics/py-rasterio/distinfo
	modified:   lang/luajit-openresty/Makefile
	modified:   lang/luajit-openresty/distinfo
	modified:   lang/luajit-openresty/files/patch-Makefile
	modified:   math/onednn/Makefile
	modified:   math/onednn/distinfo
	modified:   math/py-gym/Makefile
	modified:   math/py-gym/distinfo
	modified:   misc/openhantek/Makefile
	modified:   misc/openhantek/distinfo
	modified:   misc/pciids/Makefile
	modified:   misc/pciids/distinfo
	modified:   misc/py-xgboost/Makefile
	modified:   net-mgmt/ocsinventory-agent/Makefile
	modified:   net-mgmt/ocsinventory-agent/distinfo
	modified:   net-mgmt/ocsinventory-agent/pkg-plist
	modified:   net-mgmt/ocsinventory-ocsreports/Makefile
	modified:   net-mgmt/ocsinventory-ocsreports/distinfo
	new file:   net-mgmt/ocsinventory-ocsreports/files/dbconfig.inc.php.sample
	modified:   net-mgmt/ocsinventory-ocsreports/pkg-plist
	modified:   net-mgmt/ocsinventory-server/Makefile
	modified:   net-mgmt/ocsinventory-server/distinfo
	modified:   net-mgmt/ocsinventory-server/pkg-plist
	modified:   net/libngtcp2/Makefile
	modified:   net/libngtcp2/distinfo
	modified:   net/ntopng/Makefile
	modified:   net/ntopng/distinfo
	modified:   net/ntopng/pkg-plist
	modified:   net/rubygem-aws-ses/Makefile
	modified:   net/rubygem-aws-ses/distinfo
	modified:   print/py-fonttools/Makefile
	modified:   print/py-fonttools/distinfo
	modified:   science/py-pyteomics/Makefile
	modified:   science/py-pyteomics/distinfo
	modified:   security/vuxml/vuln.xml
	modified:   textproc/minify/Makefile
	modified:   textproc/minify/distinfo
	modified:   textproc/rubygem-autoprefixer-rails/Makefile
	modified:   textproc/rubygem-autoprefixer-rails/distinfo
	modified:   www/libnghttp3/Makefile
	modified:   www/libnghttp3/distinfo
	modified:   www/py-httpx/Makefile
	modified:   www/py-httpx/distinfo
	modified:   www/py-uvicorn/Makefile
	modified:   www/py-uvicorn/distinfo
	deleted:    www/py-uvicorn/files/patch-setup.py

Unmerged paths:
  (use "git add <file>..." to mark resolution)
	both modified:   ports-mgmt/pkg/Makefile
	both modified:   ports-mgmt/pkg/distinfo


It took 3.37 seconds to enumerate untracked files. 'status -uno'
may speed it up, but you have to be careful not to forget to add
new files yourself (see 'git help status').
HEAD is now at 0514a06cb62d Merge remote-tracking branch 'freebsd/master'
==== merge failed and clean up after ====
On branch master
Your branch is up to date with 'origin/master'.


It took 2.99 seconds to enumerate untracked files. 'status -uno'
may speed it up, but you have to be careful not to forget to add
new files yourself (see 'git help status').
nothing to commit, working tree clean
HEAD is now at 0514a06cb62d Merge remote-tracking branch 'freebsd/master'
==== END: master ====
