==== BEGIN: master ====
current branch: master
mergeable branch: github/master
==== change branch ====
Already on 'master'
Your branch is ahead of 'origin/master' by 21 commits.
  (use "git push" to publish your local commits)
==== show current branch ====
* master
==== check for stale changes ====
==== update to latest origin ====
warning: Pulling without specifying how to reconcile divergent branches is
discouraged. You can squelch this message by running one of the following
commands sometime before your next pull:

  git config pull.rebase false  # merge (the default strategy)
  git config pull.rebase true   # rebase
  git config pull.ff only       # fast-forward only

You can replace "git config" with "git config --global" to set a default
preference for all repositories. You can also pass --rebase, --no-rebase,
or --ff-only on the command line to override the configured default per
invocation.

=============================
HardenedBSD Master git Server
=============================

Please note that connections and activity to this server are logged.
This server, git-01.md.hardenedbsd.org, acts as the source-of-truth
server for the HardenedBSD repositories.

Banner last updated: 10 Feb 2020 09:32 EST

Already up to date.
==== merge branches ====
==== merge github/master branch ====
Already up to date.
=============================
HardenedBSD Master git Server
=============================

Please note that connections and activity to this server are logged.
This server, git-01.md.hardenedbsd.org, acts as the source-of-truth
server for the HardenedBSD repositories.

Banner last updated: 10 Feb 2020 09:32 EST

remote: To github.com:HardenedBSD/hardenedbsd-ports.git        
remote:    ec9d0be4ef2b..e5c714d60716  master -> master
remote:    2c2a6a13333e..ec9d0be4ef2b  github/master -> github/master
remote:  ! [remote rejected]           refs/pull/2/head -> refs/pull/2/head (deny updating a hidden ref)
remote: error: failed to push some refs to 'github.com:HardenedBSD/hardenedbsd-ports.git'        
remote: . Processing 1 references        
remote: Processed 1 references in total        
To git-01.md.hardenedbsd.org:HardenedBSD/hardenedbsd-ports.git
   ec9d0be4ef2b..e5c714d60716  master -> master
==== END: master ====
==== BEGIN: master ====
current branch: master
mergeable branch: freebsd/master
==== change branch ====
Already on 'master'
Your branch is up to date with 'origin/master'.
==== show current branch ====
* master
==== check for stale changes ====
==== update to latest origin ====
warning: Pulling without specifying how to reconcile divergent branches is
discouraged. You can squelch this message by running one of the following
commands sometime before your next pull:

  git config pull.rebase false  # merge (the default strategy)
  git config pull.rebase true   # rebase
  git config pull.ff only       # fast-forward only

You can replace "git config" with "git config --global" to set a default
preference for all repositories. You can also pass --rebase, --no-rebase,
or --ff-only on the command line to override the configured default per
invocation.

=============================
HardenedBSD Master git Server
=============================

Please note that connections and activity to this server are logged.
This server, git-01.md.hardenedbsd.org, acts as the source-of-truth
server for the HardenedBSD repositories.

Banner last updated: 10 Feb 2020 09:32 EST

Already up to date.
==== merge branches ====
==== merge freebsd/master branch ====
Auto-merging security/Makefile
Removing cad/iverilog/files/patch-libveriuser_priv.h
Removing cad/iverilog/files/patch-driver_cfparse__misc.h
Removing cad/iverilog/files/patch-driver_cflexor.lex
Merge made by the 'recursive' strategy.
 benchmarks/lzbench/Makefile                        |   3 +
 cad/iverilog/files/patch-d49d26a5.c                |  37 ++
 cad/iverilog/files/patch-driver_cflexor.lex        |  10 -
 cad/iverilog/files/patch-driver_cfparse__misc.h    |  10 -
 cad/iverilog/files/patch-libveriuser_priv.h        |  12 -
 .../libmemcached/files/patch-clients_memaslap.c    |  14 +
 .../libmemcached/files/patch-clients_ms__memslap.h |  23 ++
 irc/bitchx/files/patch-source_commands.c           |  10 +
 irc/bitchx/files/patch-source_modules.c            |  11 +
 irc/bitchx/files/patch-source_numbers.c            |  10 +
 irc/scrollz/files/patch-a8b05aab                   |  16 +
 lang/libobjc2/Makefile                             |   1 +
 multimedia/w_scan2/Makefile                        |  33 ++
 multimedia/w_scan2/distinfo                        |   3 +
 multimedia/w_scan2/files/patch-src_char-coding.c   |  35 ++
 multimedia/w_scan2/files/patch-src_si__types.h     |  10 +
 multimedia/w_scan2/pkg-descr                       |  24 ++
 net/chrony/Makefile                                |   6 +-
 net/chrony/distinfo                                |   6 +-
 net/fping/Makefile                                 |   1 +
 net/fping/files/patch-fping.c                      |  16 +
 net/libsrtp2/files/patch-716a7386.c                |  26 ++
 net/tinyfugue/files/patch-socket.h                 |  10 +
 security/Makefile                                  |   1 +
 security/nextcloud-end_to_end_encryption/Makefile  |  34 ++
 security/nextcloud-end_to_end_encryption/distinfo  |   3 +
 security/nextcloud-end_to_end_encryption/pkg-descr |   3 +
 security/nextcloud-end_to_end_encryption/pkg-plist | 157 ++++++++
 sysutils/dtc/files/patch-0e9225eb.c                |  12 +
 www/monolith/Makefile                              | 203 +++++------
 www/monolith/distinfo                              | 406 ++++++++++-----------
 .../files/patch-menu-cache-gen_menu-tags.h         | 107 ++++++
 32 files changed, 901 insertions(+), 352 deletions(-)
 create mode 100644 cad/iverilog/files/patch-d49d26a5.c
 delete mode 100644 cad/iverilog/files/patch-driver_cflexor.lex
 delete mode 100644 cad/iverilog/files/patch-driver_cfparse__misc.h
 delete mode 100644 cad/iverilog/files/patch-libveriuser_priv.h
 create mode 100644 databases/libmemcached/files/patch-clients_memaslap.c
 create mode 100644 databases/libmemcached/files/patch-clients_ms__memslap.h
 create mode 100644 irc/bitchx/files/patch-source_commands.c
 create mode 100644 irc/bitchx/files/patch-source_modules.c
 create mode 100644 irc/bitchx/files/patch-source_numbers.c
 create mode 100644 irc/scrollz/files/patch-a8b05aab
 create mode 100644 multimedia/w_scan2/Makefile
 create mode 100644 multimedia/w_scan2/distinfo
 create mode 100644 multimedia/w_scan2/files/patch-src_char-coding.c
 create mode 100644 multimedia/w_scan2/files/patch-src_si__types.h
 create mode 100644 multimedia/w_scan2/pkg-descr
 create mode 100644 net/fping/files/patch-fping.c
 create mode 100644 net/libsrtp2/files/patch-716a7386.c
 create mode 100644 net/tinyfugue/files/patch-socket.h
 create mode 100644 security/nextcloud-end_to_end_encryption/Makefile
 create mode 100644 security/nextcloud-end_to_end_encryption/distinfo
 create mode 100644 security/nextcloud-end_to_end_encryption/pkg-descr
 create mode 100644 security/nextcloud-end_to_end_encryption/pkg-plist
 create mode 100644 sysutils/dtc/files/patch-0e9225eb.c
 create mode 100644 x11/menu-cache/files/patch-menu-cache-gen_menu-tags.h
=============================
HardenedBSD Master git Server
=============================

Please note that connections and activity to this server are logged.
This server, git-01.md.hardenedbsd.org, acts as the source-of-truth
server for the HardenedBSD repositories.

Banner last updated: 10 Feb 2020 09:32 EST

remote: To github.com:HardenedBSD/hardenedbsd-ports.git        
remote:    e5c714d60716..f0dd505d867b  master -> master        
remote:    ec9d0be4ef2b..e5c714d60716  github/master -> github/master
remote:  ! [remote rejected]           refs/pull/2/head -> refs/pull/2/head (deny updating a hidden ref)        
remote: error: failed to push some refs to 'github.com:HardenedBSD/hardenedbsd-ports.git'        
remote: . Processing 1 references        
remote: Processed 1 references in total        
To git-01.md.hardenedbsd.org:HardenedBSD/hardenedbsd-ports.git
   e5c714d60716..f0dd505d867b  master -> master
==== END: master ====
