==== BEGIN: master ====
current branch: master
mergeable branch: freebsd/master
==== change branch ====
Already on 'master'
Your branch is up to date with 'origin/master'.
==== show current branch ====
* master
==== check for stale changes ====
==== update to latest origin ====
Already up to date.
==== merge branches ====
==== merge freebsd/master branch ====
Removing devel/xeus/files/patch-CMakeLists.txt
Removing benchmarks/httperf/files/patch-nossl23
Merge made by the 'recursive' strategy.
 archivers/amigadepacker/Makefile                   |    3 -
 archivers/amigadepacker/files/patch-Makefile.in    |    8 +
 audio/mate-media/Makefile                          |    2 +-
 audio/mate-media/pkg-descr                         |    2 +-
 benchmarks/httperf/Makefile                        |   13 +-
 benchmarks/httperf/distinfo                        |    5 +-
 benchmarks/httperf/files/patch-nossl23             |   45 -
 benchmarks/httperf/files/patch-src_core.c          |   30 +
 .../rubygem-activerecord-explain-analyze/Makefile  |    4 +-
 databases/rubygem-seed-fu/Makefile                 |    5 +-
 .../rubygem-state_machines-activemodel/Makefile    |    3 +-
 devel/Makefile                                     |    1 +
 devel/R-cran-RcppProgress/Makefile                 |   15 +
 devel/R-cran-RcppProgress/distinfo                 |    3 +
 devel/R-cran-RcppProgress/pkg-descr                |    6 +
 devel/py-urwid/Makefile                            |    7 +-
 devel/py-urwid/distinfo                            |    6 +-
 devel/rubygem-grape-entity/Makefile                |    4 +-
 devel/rubygem-grape-path-helpers/Makefile          |    3 +-
 devel/rubygem-grape/Makefile                       |    3 +-
 devel/rubygem-grape11/Makefile                     |    4 +-
 devel/rubygem-omniauth_crowd22/Makefile            |    4 +-
 devel/rubygem-validate_email/Makefile              |    3 +-
 devel/rubygem-validate_url/Makefile                |    3 +-
 devel/xeus/Makefile                                |    3 +-
 devel/xeus/distinfo                                |    6 +-
 devel/xeus/files/patch-CMakeLists.txt              |   15 -
 devel/xeus/pkg-plist                               |   11 +-
 devel/xtl-quant-stack/Makefile                     |    4 +-
 devel/xtl-quant-stack/distinfo                     |    6 +-
 devel/xtl-quant-stack/pkg-descr                    |    2 +-
 dns/rubygem-validates_hostname/Makefile            |    6 +-
 games/blackshadeselite/Makefile                    |    2 +-
 games/linwarrior/Makefile                          |    2 +-
 games/vkquake/Makefile                             |    7 +-
 games/vkquake/distinfo                             |    6 +-
 java/intellij-ultimate/Makefile                    |    4 +-
 java/intellij-ultimate/distinfo                    |    6 +-
 java/intellij-ultimate/pkg-plist                   | 8406 +-------------------
 math/xtensor/Makefile                              |    4 +-
 math/xtensor/distinfo                              |    6 +-
 math/xtensor/files/patch-test_CMakeLists.txt       |   41 +-
 misc/freebsd-doc-en/Makefile                       |    1 +
 net/rubygem-openid_connect/Makefile                |    3 +-
 security/rubygem-rack-oauth2/Makefile              |    2 +-
 textproc/rubygem-html-pipeline/Makefile            |    3 +-
 www/gitea/Makefile                                 |    2 +-
 www/gitea/distinfo                                 |    6 +-
 www/gitlab-ce/Makefile                             |    4 +-
 www/gitlab-ce/distinfo                             |    6 +-
 www/gitlab-ce/pkg-plist                            |    3 +
 www/rubygem-acts-as-taggable-on/Makefile           |    3 +-
 www/rubygem-carrierwave/Makefile                   |    5 +-
 www/rubygem-json-jwt/Makefile                      |    3 +-
 54 files changed, 519 insertions(+), 8241 deletions(-)
 create mode 100644 archivers/amigadepacker/files/patch-Makefile.in
 delete mode 100644 benchmarks/httperf/files/patch-nossl23
 create mode 100644 benchmarks/httperf/files/patch-src_core.c
 create mode 100644 devel/R-cran-RcppProgress/Makefile
 create mode 100644 devel/R-cran-RcppProgress/distinfo
 create mode 100644 devel/R-cran-RcppProgress/pkg-descr
 delete mode 100644 devel/xeus/files/patch-CMakeLists.txt
To github.com:HardenedBSD/hardenedbsd-ports.git
   b9ab4d96fcd6..761ef913541d  master -> master
==== END: master ====
