==== BEGIN: master ====
current branch: master
mergeable branch: github/master
==== change branch ====
Already on 'master'
Your branch is up to date with 'origin/master'.
==== show current branch ====
* master
==== check for stale changes ====
==== update to latest origin ====
Already up to date.
==== merge branches ====
==== merge github/master branch ====
Already up to date.
Everything up-to-date
==== END: master ====
==== BEGIN: master ====
current branch: master
mergeable branch: freebsd/master
==== change branch ====
Already on 'master'
Your branch is up to date with 'origin/master'.
==== show current branch ====
* master
==== check for stale changes ====
==== update to latest origin ====
Already up to date.
==== merge branches ====
==== merge freebsd/master branch ====
Auto-merging www/chromium/Makefile
Auto-merging mail/mutt/Makefile
Removing devel/jsoncpp/files/patch-src_lib__json_sconscript
Removing devel/jsoncpp/files/patch-SConstruct
Merge made by the 'recursive' strategy.
 Mk/Scripts/rust-compat11-canary.sh                 |  27 +++
 Mk/Uses/cargo.mk                                   |   3 +
 Mk/bsd.gecko.mk                                    |   5 +
 biology/bamtools/Makefile                          |   1 +
 databases/redis-devel/Makefile                     |   4 +-
 databases/redis-devel/distinfo                     |   6 +-
 devel/cmake-gui/Makefile                           |   1 +
 devel/cmake/Makefile                               |   1 +
 devel/jsoncpp/Makefile                             |  30 +---
 devel/jsoncpp/distinfo                             |   6 +-
 devel/jsoncpp/files/patch-SConstruct               |  72 --------
 devel/jsoncpp/files/patch-src_lib__json_sconscript |   8 -
 devel/jsoncpp/pkg-plist                            |  25 ++-
 .../libgtop/files/patch-sysdeps_freebsd_procmap.c  |  23 ++-
 devel/libuv/Makefile                               |   2 +-
 devel/libuv/distinfo                               |   6 +-
 devel/opendht/Makefile                             |   1 +
 graphics/open3d/Makefile                           |   2 +-
 graphics/ossim/Makefile                            |   1 +
 lang/luajit-openresty/Makefile                     |   3 +-
 lang/luajit-openresty/distinfo                     |   6 +-
 lang/rust/Makefile                                 |   3 +
 lang/solidity/Makefile                             |   1 +
 mail/mutt/Makefile                                 |   4 +-
 mail/mutt/distinfo                                 |  10 +-
 math/cadabra2/Makefile                             |   1 +
 misc/ignition-fuel-tools/Makefile                  |   2 +-
 multimedia/libopenshot/Makefile                    |   1 +
 net-im/kaccounts-providers/Makefile                |   1 +
 net-im/kaccounts-providers/files/patch-git_0a71da4 |  55 ++++++
 net-im/kaccounts-providers/files/patch-git_5952bf2 |  25 +++
 net/flower/Makefile                                |   2 +-
 net/libjson-rpc-cpp/Makefile                       |   2 +-
 science/py-tensorflow/Makefile                     |   2 +-
 .../patch-third__party_systemlibs_jsoncpp.build    |  23 +++
 sysutils/openzfs-kmod/Makefile                     |   4 +-
 sysutils/openzfs-kmod/distinfo                     |   6 +-
 sysutils/openzfs/Makefile                          |   4 +-
 sysutils/openzfs/distinfo                          |   6 +-
 sysutils/openzfs/pkg-plist                         | 186 ++++++++++++++++-----
 www/chromium/Makefile                              |   1 +
 www/iridium/Makefile                               |   2 +-
 www/qt5-webengine/Makefile                         |   1 +
 x11/plasma5-plasma-desktop/Makefile                |   4 +
 x11/plasma5-plasma-desktop/distinfo                |   4 +-
 x11/polybar/Makefile                               |   1 +
 x11/waybar/Makefile                                |   1 +
 47 files changed, 374 insertions(+), 211 deletions(-)
 create mode 100644 Mk/Scripts/rust-compat11-canary.sh
 delete mode 100644 devel/jsoncpp/files/patch-SConstruct
 delete mode 100644 devel/jsoncpp/files/patch-src_lib__json_sconscript
 create mode 100644 net-im/kaccounts-providers/files/patch-git_0a71da4
 create mode 100644 net-im/kaccounts-providers/files/patch-git_5952bf2
 create mode 100644 science/py-tensorflow/files/patch-third__party_systemlibs_jsoncpp.build
remote: To github.com:HardenedBSD/hardenedbsd-ports.git        
remote:    8cefd685995b..68345dfbfce3  master -> master        
remote:    edc0502eb538..8cefd685995b  github/master -> github/master        
To git-01.md.hardenedbsd.org:HardenedBSD/hardenedbsd-ports.git
   8cefd685995b..68345dfbfce3  master -> master
==== END: master ====
