==== BEGIN: master ====
current branch: master
mergeable branch: github/master
==== change branch ====
Already on 'master'
Your branch is up to date with 'origin/master'.
==== show current branch ====
* master
==== check for stale changes ====
==== update to latest origin ====
warning: Pulling without specifying how to reconcile divergent branches is
discouraged. You can squelch this message by running one of the following
commands sometime before your next pull:

  git config pull.rebase false  # merge (the default strategy)
  git config pull.rebase true   # rebase
  git config pull.ff only       # fast-forward only

You can replace "git config" with "git config --global" to set a default
preference for all repositories. You can also pass --rebase, --no-rebase,
or --ff-only on the command line to override the configured default per
invocation.

=============================
HardenedBSD Master git Server
=============================

Please note that connections and activity to this server are logged.
This server, git-01.md.hardenedbsd.org, acts as the source-of-truth
server for the HardenedBSD repositories.

Banner last updated: 10 Feb 2020 09:32 EST

Already up to date.
==== merge branches ====
==== merge github/master branch ====
Already up to date.
=============================
HardenedBSD Master git Server
=============================

Please note that connections and activity to this server are logged.
This server, git-01.md.hardenedbsd.org, acts as the source-of-truth
server for the HardenedBSD repositories.

Banner last updated: 10 Feb 2020 09:32 EST

Everything up-to-date
==== END: master ====
==== BEGIN: master ====
current branch: master
mergeable branch: freebsd/master
==== change branch ====
Already on 'master'
Your branch is up to date with 'origin/master'.
==== show current branch ====
* master
==== check for stale changes ====
==== update to latest origin ====
warning: Pulling without specifying how to reconcile divergent branches is
discouraged. You can squelch this message by running one of the following
commands sometime before your next pull:

  git config pull.rebase false  # merge (the default strategy)
  git config pull.rebase true   # rebase
  git config pull.ff only       # fast-forward only

You can replace "git config" with "git config --global" to set a default
preference for all repositories. You can also pass --rebase, --no-rebase,
or --ff-only on the command line to override the configured default per
invocation.

=============================
HardenedBSD Master git Server
=============================

Please note that connections and activity to this server are logged.
This server, git-01.md.hardenedbsd.org, acts as the source-of-truth
server for the HardenedBSD repositories.

Banner last updated: 10 Feb 2020 09:32 EST

Already up to date.
==== merge branches ====
==== merge freebsd/master branch ====
Auto-merging x11-servers/xorg-server/Makefile
Removing multimedia/mlt/files/patch-src_modules_qt_producer__qtext.cpp
Removing multimedia/mlt/files/patch-src_modules_qt_kdenlivetitle__wrapper.cpp
Removing multimedia/mlt/files/patch-src_modules_qt_graph.cpp
Removing multimedia/mlt/files/patch-src_modules_qt_filter__qtext.cpp
Auto-merging editors/vim/Makefile
Auto-merging editors/emacs-devel/Makefile
Merge made by the 'recursive' strategy.
 devel/codeblocks/Makefile                          |  19 +-
 devel/codeblocks/distinfo                          |   6 +-
 devel/codeblocks/pkg-plist                         | 419 ++++++---------------
 editors/emacs-devel/Makefile                       |   8 +-
 editors/emacs-devel/distinfo                       |   6 +-
 editors/vim/Makefile                               |   2 +-
 editors/vim/distinfo                               |   6 +-
 games/keeperrl/pkg-descr                           |   2 +-
 lang/gcc10/Makefile                                |   2 +-
 lang/gcc10/distinfo                                |   6 +-
 math/wxmaxima/Makefile                             |   2 +-
 multimedia/gpac-libgpac/Makefile                   |   2 +
 multimedia/gpac-mp4box/Makefile                    |  22 +-
 multimedia/gpac-mp4box/distinfo                    |   5 +-
 multimedia/mlt/Makefile                            |  20 +-
 multimedia/mlt/distinfo                            |   6 +-
 .../files/patch-src_modules_qt_filter__qtext.cpp   |  10 -
 .../mlt/files/patch-src_modules_qt_graph.cpp       |  10 -
 ...patch-src_modules_qt_kdenlivetitle__wrapper.cpp |  10 -
 .../files/patch-src_modules_qt_producer__qtext.cpp |  10 -
 multimedia/mlt/pkg-plist                           |  16 +-
 net-im/kaidan/Makefile                             |   3 +-
 net/kitinerary/Makefile                            |   4 +-
 net/py-pyzmq/Makefile                              |   2 +-
 net/py-pyzmq/distinfo                              |   6 +-
 security/modsecurity3-nginx/Makefile               |   2 +
 security/vuxml/vuln.xml                            |  80 ++++
 sysutils/bsdisks/Makefile                          |   4 +-
 sysutils/bsdisks/distinfo                          |   6 +-
 sysutils/bsdisks/pkg-plist                         |   2 +
 textproc/sd/Makefile                               |  21 +-
 textproc/sd/distinfo                               |  42 +--
 textproc/zxing-cpp/Makefile                        |   3 +-
 textproc/zxing-cpp/distinfo                        |   6 +-
 .../zxing-cpp/files/patch-core_src_LogMatrix.h     |  10 +
 textproc/zxing-cpp/pkg-plist                       |  18 +-
 x11-servers/xorg-server/Makefile                   |   3 +-
 x11-servers/xorg-server/distinfo                   |   4 +-
 x11/alacritty/Makefile                             | 172 +++++----
 x11/alacritty/distinfo                             | 344 +++++++++--------
 x11/libX11/Makefile                                |   4 +-
 x11/libX11/distinfo                                |   6 +-
 42 files changed, 601 insertions(+), 730 deletions(-)
 delete mode 100644 multimedia/mlt/files/patch-src_modules_qt_filter__qtext.cpp
 delete mode 100644 multimedia/mlt/files/patch-src_modules_qt_graph.cpp
 delete mode 100644 multimedia/mlt/files/patch-src_modules_qt_kdenlivetitle__wrapper.cpp
 delete mode 100644 multimedia/mlt/files/patch-src_modules_qt_producer__qtext.cpp
 create mode 100644 textproc/zxing-cpp/files/patch-core_src_LogMatrix.h
=============================
HardenedBSD Master git Server
=============================

Please note that connections and activity to this server are logged.
This server, git-01.md.hardenedbsd.org, acts as the source-of-truth
server for the HardenedBSD repositories.

Banner last updated: 10 Feb 2020 09:32 EST

remote: To github.com:HardenedBSD/hardenedbsd-ports.git        
remote:    0f8a409ade9d..7f2a8d17b1ef  master -> master        
remote:    a6efd87e9ad0..0f8a409ade9d  github/master -> github/master        
remote:  ! [remote rejected]           refs/pull/2/head -> refs/pull/2/head (deny updating a hidden ref)        
remote: error: failed to push some refs to 'github.com:HardenedBSD/hardenedbsd-ports.git'        
To git-01.md.hardenedbsd.org:HardenedBSD/hardenedbsd-ports.git
   0f8a409ade9d..7f2a8d17b1ef  master -> master
==== END: master ====
