==== BEGIN: master ====
current branch: master
mergeable branch: github/master
==== change branch ====
Already on 'master'
Your branch is behind 'origin/master' by 67 commits, and can be fast-forwarded.
  (use "git pull" to update your local branch)
==== show current branch ====
* master
==== check for stale changes ====
==== update to latest origin ====
warning: Pulling without specifying how to reconcile divergent branches is
discouraged. You can squelch this message by running one of the following
commands sometime before your next pull:

  git config pull.rebase false  # merge (the default strategy)
  git config pull.rebase true   # rebase
  git config pull.ff only       # fast-forward only

You can replace "git config" with "git config --global" to set a default
preference for all repositories. You can also pass --rebase, --no-rebase,
or --ff-only on the command line to override the configured default per
invocation.

=============================
HardenedBSD Master git Server
=============================

Please note that connections and activity to this server are logged.
This server, git-01.md.hardenedbsd.org, acts as the source-of-truth
server for the HardenedBSD repositories.

Banner last updated: 10 Feb 2020 09:32 EST

Updating 23140bde0ead..814c9d57cd82
Fast-forward
 MOVED                                            |     2 +-
 archivers/nfpm/Makefile                          |     2 +-
 archivers/nfpm/distinfo                          |     6 +-
 audio/dsbmixer/Makefile                          |     6 +-
 audio/dsbmixer/distinfo                          |     8 +-
 audio/dsbmixer/pkg-descr                         |     2 +-
 audio/dsbmixer/pkg-plist                         |     1 +
 audio/strawberry/Makefile                        |     6 +-
 audio/strawberry/distinfo                        |     6 +-
 cad/graywolf/Makefile                            |    18 +-
 cad/graywolf/distinfo                            |     6 +-
 cad/netgen/Makefile                              |     2 +-
 cad/netgen/distinfo                              |     6 +-
 cad/netgen/pkg-plist                             |     6 +-
 databases/mysql-connector-java/Makefile          |     2 +-
 databases/mysql-connector-java/distinfo          |     6 +-
 deskutils/mozo/Makefile                          |    12 +-
 deskutils/mozo/pkg-plist                         |   248 +-
 devel/got/Makefile                               |     3 +-
 devel/got/distinfo                               |     6 +-
 devel/grcov/Makefile                             |   139 +-
 devel/grcov/distinfo                             |   278 +-
 devel/py-pyface/Makefile                         |     7 +-
 devel/py-pyface/distinfo                         |     6 +-
 devel/py-pyface/pkg-descr                        |     2 +-
 devel/py-pyfcm/Makefile                          |     2 +-
 devel/py-pyfcm/distinfo                          |     6 +-
 devel/xtl-quant-stack/Makefile                   |     5 +-
 devel/xtl-quant-stack/distinfo                   |     6 +-
 dns/coredns/Makefile                             |    46 +-
 dns/coredns/distinfo                             |    94 +-
 editors/slime/Makefile                           |     4 +-
 editors/slime/distinfo                           |     6 +-
 editors/slime/pkg-plist                          |     5 +-
 emulators/dosbox-staging/Makefile                |    10 +-
 emulators/dosbox-staging/distinfo                |     6 +-
 emulators/dosbox-staging/files/patch-Makefile.am |     9 +
 emulators/rpcs3/Makefile                         |     4 +-
 emulators/rpcs3/distinfo                         |     6 +-
 games/automuteus/Makefile                        |    11 +-
 games/automuteus/distinfo                        |    12 +-
 games/eduke32/Makefile                           |    58 +-
 games/naev/pkg-descr                             |     2 +-
 graphics/Makefile                                |     2 +
 graphics/drm-fbsd13-kmod/Makefile                |    81 +
 graphics/drm-fbsd13-kmod/distinfo                |     3 +
 graphics/drm-fbsd13-kmod/pkg-descr               |     6 +
 graphics/drm-fbsd13-kmod/pkg-message             |    21 +
 graphics/drm-fbsd13-kmod/pkg-plist               |  2264 ++++
 graphics/gpxsee/Makefile                         |     5 +-
 graphics/gpxsee/distinfo                         |     6 +-
 graphics/gpxsee/pkg-plist                        |     4 +-
 graphics/mesa-devel/Makefile                     |     4 +-
 graphics/mesa-devel/distinfo                     |     6 +-
 graphics/py-mayavi/Makefile                      |    53 +
 graphics/py-mayavi/distinfo                      |     3 +
 graphics/py-mayavi/files/patch-setup.py          |    17 +
 graphics/py-mayavi/files/patch-tvtk_setup.py     |    11 +
 graphics/py-mayavi/pkg-descr                     |    17 +
 graphics/py-plotly/Makefile                      |     6 +-
 graphics/py-plotly/distinfo                      |     6 +-
 graphics/py-scikit-image/Makefile                |    11 +-
 graphics/py-scikit-image/distinfo                |     6 +-
 graphics/py-traitsui/Makefile                    |     8 +-
 graphics/py-traitsui/distinfo                    |     6 +-
 graphics/py-traitsui/pkg-descr                   |     2 +-
 graphics/xaos/Makefile                           |     7 +-
 graphics/xaos/distinfo                           |     6 +-
 graphics/xaos/pkg-plist                          |     1 +
 mail/mu4e/Makefile                               |     2 +-
 mail/mu4e/files/patch-mu4e_mu4e-utils.el         |    11 +
 math/ess/Makefile                                |     2 +-
 math/ess/files/patch-lisp_ess-r-package.el       |    11 +
 math/lean/Makefile                               |     2 +-
 math/lean/distinfo                               |     6 +-
 math/py-pymc3/Makefile                           |    12 +-
 math/py-pymc3/distinfo                           |     6 +-
 math/vtk9/Makefile                               |     7 +-
 math/vtk9/files/PKG-INFO.in                      |    14 +
 math/xtensor/Makefile                            |     3 +-
 math/xtensor/distinfo                            |     6 +-
 misc/Makefile                                    |     1 +
 misc/py-mffpy/Makefile                           |    27 +
 misc/py-mffpy/distinfo                           |     3 +
 misc/py-mffpy/pkg-descr                          |     4 +
 misc/py-python-utils/Makefile                    |     2 +-
 misc/py-python-utils/distinfo                    |     6 +-
 multimedia/libva-intel-media-driver/Makefile     |     2 +-
 multimedia/libva-intel-media-driver/distinfo     |     6 +-
 multimedia/livego/Makefile                       |     2 +-
 multimedia/livego/distinfo                       |     6 +-
 multimedia/plexmediaserver-plexpass/Makefile     |     4 +-
 multimedia/plexmediaserver-plexpass/distinfo     |     6 +-
 multimedia/plexmediaserver/Makefile              |     4 +-
 multimedia/plexmediaserver/distinfo              |     6 +-
 multimedia/ustreamer/Makefile                    |     2 +-
 multimedia/ustreamer/distinfo                    |     6 +-
 net-im/py-matrix-synapse/Makefile                |    30 +-
 net-im/py-matrix-synapse/distinfo                |     6 +-
 net/activemq/Makefile                            |     2 +-
 net/activemq/distinfo                            |     6 +-
 net/coturn/Makefile                              |     1 +
 net/coturn/files/turnserver-service.in           |     2 +-
 net/guacamole-server/Makefile                    |     8 +-
 net/guacamole-server/distinfo                    |     6 +-
 net/guacamole-server/pkg-plist                   |     7 +-
 science/py-scipy/Makefile                        |    12 +-
 science/py-scipy/distinfo                        |    10 +-
 science/rdkit/Makefile                           |     2 +-
 science/rdkit/distinfo                           |     6 +-
 security/nss/Makefile                            |     2 +-
 security/nss/distinfo                            |     6 +-
 security/tor-devel/Makefile                      |     2 +-
 security/tor-devel/distinfo                      |     6 +-
 security/vuxml/vuln.xml                          |   117 +
 sysutils/doctl/Makefile                          |     2 +-
 sysutils/doctl/distinfo                          |     6 +-
 sysutils/dsbmd/Makefile                          |     9 +-
 sysutils/dsbmd/distinfo                          |     6 +-
 sysutils/dsbmd/pkg-descr                         |     2 +-
 sysutils/facter/Makefile                         |     2 +-
 sysutils/facter/distinfo                         |     6 +-
 sysutils/mcelog/Makefile                         |     2 +-
 sysutils/mcelog/distinfo                         |     6 +-
 sysutils/puppet6/Makefile                        |     3 +-
 sysutils/puppet6/distinfo                        |     6 +-
 sysutils/puppet7/Makefile                        |     3 +-
 sysutils/puppet7/distinfo                        |     6 +-
 sysutils/puppetserver6/Makefile                  |     3 +-
 sysutils/puppetserver6/distinfo                  |     6 +-
 sysutils/puppetserver7/Makefile                  |     2 +-
 sysutils/puppetserver7/distinfo                  |     6 +-
 sysutils/rubygem-facter/Makefile                 |     2 +-
 sysutils/rubygem-facter/distinfo                 |     6 +-
 textproc/rubygem-puppet-strings/Makefile         |     2 +-
 textproc/rubygem-puppet-strings/distinfo         |     6 +-
 textproc/unroff/pkg-descr                        |     2 +
 www/Makefile                                     |     2 +-
 www/{riot-web => element-web}/Makefile           |     8 +-
 www/element-web/distinfo                         |     3 +
 www/element-web/files/pkg-message.in             |     8 +
 www/element-web/pkg-descr                        |     9 +
 www/{riot-web => element-web}/pkg-plist          |   242 +-
 www/guacamole-client/Makefile                    |     4 +-
 www/guacamole-client/distinfo                    |    10 +-
 www/kcgi/Makefile                                |     2 +-
 www/kcgi/distinfo                                |     6 +-
 www/kcgi/pkg-plist                               |     1 +
 www/riot-web/distinfo                            |     3 -
 www/riot-web/pkg-descr                           |     9 -
 x11-themes/flat-remix-icon-themes/Makefile       |     2 +-
 x11-themes/flat-remix-icon-themes/distinfo       |     6 +-
 x11-themes/flat-remix-icon-themes/pkg-plist      | 14196 ++++-----------------
 x11-wm/river/Makefile                            |     4 +-
 x11-wm/river/distinfo                            |     6 +-
 155 files changed, 5970 insertions(+), 12685 deletions(-)
 create mode 100644 emulators/dosbox-staging/files/patch-Makefile.am
 create mode 100644 graphics/drm-fbsd13-kmod/Makefile
 create mode 100644 graphics/drm-fbsd13-kmod/distinfo
 create mode 100644 graphics/drm-fbsd13-kmod/pkg-descr
 create mode 100644 graphics/drm-fbsd13-kmod/pkg-message
 create mode 100644 graphics/drm-fbsd13-kmod/pkg-plist
 create mode 100644 graphics/py-mayavi/Makefile
 create mode 100644 graphics/py-mayavi/distinfo
 create mode 100644 graphics/py-mayavi/files/patch-setup.py
 create mode 100644 graphics/py-mayavi/files/patch-tvtk_setup.py
 create mode 100644 graphics/py-mayavi/pkg-descr
 create mode 100644 mail/mu4e/files/patch-mu4e_mu4e-utils.el
 create mode 100644 math/ess/files/patch-lisp_ess-r-package.el
 create mode 100644 math/vtk9/files/PKG-INFO.in
 create mode 100644 misc/py-mffpy/Makefile
 create mode 100644 misc/py-mffpy/distinfo
 create mode 100644 misc/py-mffpy/pkg-descr
 rename www/{riot-web => element-web}/Makefile (61%)
 create mode 100644 www/element-web/distinfo
 create mode 100644 www/element-web/files/pkg-message.in
 create mode 100644 www/element-web/pkg-descr
 rename www/{riot-web => element-web}/pkg-plist (66%)
 delete mode 100644 www/riot-web/distinfo
 delete mode 100644 www/riot-web/pkg-descr
==== merge branches ====
==== merge github/master branch ====
Already up to date.
=============================
HardenedBSD Master git Server
=============================

Please note that connections and activity to this server are logged.
This server, git-01.md.hardenedbsd.org, acts as the source-of-truth
server for the HardenedBSD repositories.

Banner last updated: 10 Feb 2020 09:32 EST

Everything up-to-date
==== END: master ====
==== BEGIN: master ====
current branch: master
mergeable branch: freebsd/master
==== change branch ====
Already on 'master'
Your branch is up to date with 'origin/master'.
==== show current branch ====
* master
==== check for stale changes ====
==== update to latest origin ====
warning: Pulling without specifying how to reconcile divergent branches is
discouraged. You can squelch this message by running one of the following
commands sometime before your next pull:

  git config pull.rebase false  # merge (the default strategy)
  git config pull.rebase true   # rebase
  git config pull.ff only       # fast-forward only

You can replace "git config" with "git config --global" to set a default
preference for all repositories. You can also pass --rebase, --no-rebase,
or --ff-only on the command line to override the configured default per
invocation.

=============================
HardenedBSD Master git Server
=============================

Please note that connections and activity to this server are logged.
This server, git-01.md.hardenedbsd.org, acts as the source-of-truth
server for the HardenedBSD repositories.

Banner last updated: 10 Feb 2020 09:32 EST

Already up to date.
==== merge branches ====
==== merge freebsd/master branch ====
Merge made by the 'recursive' strategy.
 deskutils/calibre/Makefile                            |  2 +-
 deskutils/calibre/distinfo                            |  6 +++---
 games/bygfoot/pkg-descr                               |  2 +-
 mail/postfix-current/files/patch-makedefs             | 13 +++++++++++--
 mail/postfix-current/files/patch-src_util_sys__defs.h |  5 +++--
 mail/postfix/files/patch-makedefs                     | 13 +++++++++++--
 mail/postfix/files/patch-src_util_sys__defs.h         |  5 +++--
 7 files changed, 33 insertions(+), 13 deletions(-)
=============================
HardenedBSD Master git Server
=============================

Please note that connections and activity to this server are logged.
This server, git-01.md.hardenedbsd.org, acts as the source-of-truth
server for the HardenedBSD repositories.

Banner last updated: 10 Feb 2020 09:32 EST

remote: To github.com:HardenedBSD/hardenedbsd-ports.git        
remote:    814c9d57cd82..f810571d94e4  master -> master        
remote:    23140bde0ead..814c9d57cd82  github/master -> github/master        
remote:  ! [remote rejected]           refs/pull/10/head -> refs/pull/10/head (deny updating a hidden ref)
remote:  ! [remote rejected]           refs/pull/11/head -> refs/pull/11/head (deny updating a hidden ref)        
remote:  ! [remote rejected]           refs/pull/12/head -> refs/pull/12/head (deny updating a hidden ref)        
remote:  ! [remote rejected]           refs/pull/14/head -> refs/pull/14/head (deny updating a hidden ref)        
remote:  ! [remote rejected]           refs/pull/15/head -> refs/pull/15/head (deny updating a hidden ref)        
remote:  ! [remote rejected]           refs/pull/17/head -> refs/pull/17/head (deny updating a hidden ref)
remote:  ! [remote rejected]           refs/pull/2/head -> refs/pull/2/head (deny updating a hidden ref)        
remote:  ! [remote rejected]           refs/pull/9/head -> refs/pull/9/head (deny updating a hidden ref)
remote: error: failed to push some refs to 'github.com:HardenedBSD/hardenedbsd-ports.git'        
remote: . Processing 1 references        
remote: Processed 1 references in total        
To git-01.md.hardenedbsd.org:HardenedBSD/hardenedbsd-ports.git
   814c9d57cd82..f810571d94e4  master -> master
==== END: master ====
