==== BEGIN: master ====
current branch: master
mergeable branch: github/master
==== change branch ====
Already on 'master'
Your branch is behind 'origin/master' by 70 commits, and can be fast-forwarded.
  (use "git pull" to update your local branch)
==== show current branch ====
* master
==== check for stale changes ====
==== update to latest origin ====
=============================
HardenedBSD Master git Server
=============================

Please note that connections and activity to this server are logged.
This server, git-01.md.hardenedbsd.org, acts as the source-of-truth
server for the HardenedBSD repositories.

Banner last updated: 10 Feb 2020 09:32 EST

Updating aee57b6c9564..dc6ee2f62def
Fast-forward
 MOVED                                              |   1 -
 .../carla/files/patch-source_theme_CarlaStyle.cpp  |  10 +
 audio/cava/Makefile                                |  23 +-
 audio/cava/distinfo                                |   6 +-
 audio/cava/files/patch-Makefile.am                 |  23 +-
 audio/cava/files/patch-cava.c                      |  65 +++++-
 audio/cava/files/patch-config.c                    |  43 +++-
 audio/cava/files/patch-configure.ac                |  13 ++
 audio/cava/files/patch-example__files_config       |  14 ++
 audio/cava/files/patch-input_sndio.c               |  29 +++
 audio/cava/files/patch-output_terminal__ncurses.c  |  20 +-
 audio/libinstpatch/Makefile                        |  11 +-
 audio/libinstpatch/distinfo                        |   6 +-
 audio/libinstpatch/pkg-plist                       | 181 ++++++++-------
 audio/muse-sequencer/Makefile                      |   7 +-
 audio/muse-sequencer/distinfo                      |   6 +-
 audio/muse-sequencer/pkg-plist                     |  14 +-
 audio/strawberry/Makefile                          |   2 -
 biology/py-pandas-charm/Makefile                   |   3 +-
 cad/digital/Makefile                               |   3 +-
 cad/digital/distinfo                               |  10 +-
 cad/qcad/files/patch-src_gui_RRulerQt.h            |  10 +
 comms/scrcpy/Makefile                              |   8 +-
 comms/scrcpy/distinfo                              |  10 +-
 databases/postgresql-ogr_fdw/Makefile              |   3 +-
 databases/postgresql-ogr_fdw/distinfo              |   6 +-
 databases/py-pymemcache/Makefile                   |   2 -
 deskutils/hs-arbtt/Makefile                        |   1 -
 devel/agar/Makefile                                |   5 +-
 devel/libsavitar/Makefile                          |   1 -
 devel/oniguruma/Makefile                           |   7 +-
 devel/oniguruma/distinfo                           |   6 +-
 devel/oniguruma/pkg-plist                          |   1 -
 devel/py-datrie/Makefile                           |   6 +-
 devel/py-datrie/distinfo                           |   6 +-
 devel/py-datrie/files/patch-setup.py               |   9 -
 devel/rust-analyzer/Makefile                       |  42 ++--
 devel/rust-analyzer/distinfo                       |  86 ++++---
 devel/tokei/Makefile                               |  50 ++--
 devel/tokei/distinfo                               | 102 ++++----
 editors/o/Makefile                                 |   2 +-
 editors/o/distinfo                                 |   6 +-
 emulators/citra/Makefile                           |   4 +-
 emulators/citra/distinfo                           |   6 +-
 emulators/open-vm-tools/Makefile                   |   2 +-
 emulators/rpcs3/Makefile                           |   4 +-
 emulators/rpcs3/distinfo                           |   6 +-
 ...desktop_bundled_QtColorWidgets_color__wheel.cpp |  10 +
 .../files/patch-src_desktop_widgets_popupmessage.h |  10 +
 graphics/dspdfviewer/Makefile                      |   3 +
 graphics/kludge3d/Makefile                         |   2 +-
 graphics/rapid-photo-downloader/Makefile           |   2 +-
 graphics/rapid-photo-downloader/distinfo           |   6 +-
 .../files/patch-raphodo_rapid.py                   | 109 +--------
 .../files/patch-raphodo_storage.py                 |  42 +---
 .../files/patch-raphodo_utilities.py               |  50 +---
 .../rapid-photo-downloader/files/patch-setup.py    |   2 +-
 graphics/sane-backends/Makefile                    |   4 +-
 graphics/sane-backends/distinfo                    |   6 +-
 .../sane-backends/files/patch-backend_Makefile.in  |  11 +-
 graphics/waifu2x-ncnn-vulkan/Makefile              |  20 +-
 graphics/waifu2x-ncnn-vulkan/distinfo              |  10 +-
 lang/Makefile                                      |   1 +
 lang/intel-compute-runtime/Makefile                |   4 +-
 lang/intel-compute-runtime/distinfo                |   6 +-
 lang/intel-compute-runtime/files/patch-i386        |  23 ++
 lang/quickjs/Makefile                              |   2 +-
 lang/quickjs/distinfo                              |   6 +-
 lang/quickjs/files/patch-quickjs-libc.c            |  10 +-
 lang/quickjs/files/patch-quickjs.c                 |   4 +-
 lang/quickjs/pkg-plist                             |   3 -
 lang/sdcc/Makefile                                 | 114 +++++++++
 lang/sdcc/distinfo                                 |   3 +
 lang/sdcc/files/patch-device-lib-Makefile.in       |  45 ++++
 .../files/patch-device-non-free-lib-Makefile.in    |  32 +++
 lang/sdcc/pkg-descr                                |   7 +
 lang/sdcc/pkg-plist                                | 258 +++++++++++++++++++++
 mail/aerc/Makefile                                 |  58 +++--
 mail/aerc/distinfo                                 |  96 ++++----
 mail/aerc/pkg-plist                                |  20 +-
 mail/thunderbird/Makefile                          |   1 +
 mail/thunderbird/files/patch-bug1618914            |   9 +
 math/cadical/Makefile                              |   2 +
 math/cppad/Makefile                                |   2 +-
 math/cppad/distinfo                                |   6 +-
 math/cppad/pkg-plist                               |   2 +-
 math/elemental/Makefile                            |   1 +
 math/gambit/Makefile                               |   2 +
 math/octave-forge-ltfat/Makefile                   |   2 +
 math/py-pyodesys/Makefile                          |   2 +-
 math/py-pyodesys/distinfo                          |   6 +-
 math/rumur/Makefile                                |   4 +-
 math/rumur/distinfo                                |   6 +-
 math/sympow/Makefile                               |   6 +-
 ...patch-Rendering_Qt_vtkQtLabelRenderStrategy.cxx |  10 +
 misc/darknet/Makefile                              |   2 -
 misc/dartsim/Makefile                              |  12 +-
 misc/dartsim/distinfo                              |   6 +-
 misc/dartsim/files/patch-CMakeLists.txt            |  81 ++-----
 misc/dartsim/files/patch-dart_common_Platform.hpp  |  16 +-
 ....cpp => patch-examples_wam__ikfast_Helpers.cpp} |   6 +-
 misc/dartsim/pkg-plist                             |  59 ++---
 misc/freebsd-release-manifests/Makefile            |   2 +-
 .../files/MANIFESTS/amd64-amd64-11.4-BETA2         |  10 -
 .../files/MANIFESTS/amd64-amd64-11.4-RC2           |  10 +
 .../files/MANIFESTS/arm64-aarch64-11.4-BETA2       |   8 -
 .../files/MANIFESTS/arm64-aarch64-11.4-RC2         |   8 +
 .../files/MANIFESTS/i386-i386-11.4-BETA2           |   8 -
 .../files/MANIFESTS/i386-i386-11.4-RC2             |   8 +
 .../files/MANIFESTS/powerpc-powerpc-11.4-BETA2     |   8 -
 .../files/MANIFESTS/powerpc-powerpc-11.4-RC2       |   8 +
 .../files/MANIFESTS/powerpc-powerpc64-11.4-BETA2   |  10 -
 .../files/MANIFESTS/powerpc-powerpc64-11.4-RC2     |  10 +
 .../files/MANIFESTS/sparc64-sparc64-11.4-BETA2     |   8 -
 .../files/MANIFESTS/sparc64-sparc64-11.4-RC2       |   8 +
 misc/freebsd-release-manifests/pkg-plist           |  12 +-
 multimedia/kodi-devel/Makefile                     |   1 +
 multimedia/plexmediaserver-plexpass/Makefile       |   4 +-
 multimedia/plexmediaserver-plexpass/distinfo       |   6 +-
 multimedia/plexmediaserver/Makefile                |   4 +-
 multimedia/plexmediaserver/distinfo                |   6 +-
 ...ch-modules_gui_qt_components_playlist_views.cpp |  10 +
 .../files/patch-modules_gui_qt_dialogs_plugins.cpp |  10 +
 .../patch-modules_gui_qt_util_timetooltip.hpp      |  10 +
 net-im/ruqola/Makefile                             |   5 +-
 net-im/ruqola/distinfo                             |   6 +-
 net-im/ruqola/pkg-plist                            |  11 +-
 ...-Telegram_lib__ui_ui_effects_animation__value.h |  11 +
 ...tch-Telegram_lib__ui_ui_widgets_input__fields.h |  10 +
 net-mgmt/py-arouteserver/Makefile                  |   2 +-
 net-mgmt/py-arouteserver/distinfo                  |   6 +-
 net-p2p/qbittorrent/Makefile                       |   2 +
 net/Makefile                                       |   1 +
 net/activemq/Makefile                              |   2 +-
 net/activemq/distinfo                              |   6 +-
 net/clash/Makefile                                 |  24 +-
 net/clash/distinfo                                 |  50 ++--
 net/libiscsi/Makefile                              |  24 ++
 net/libiscsi/distinfo                              |   3 +
 net/libiscsi/files/patch-configure.ac              |  12 +
 net/libiscsi/files/patch-lib_login.c               |  16 ++
 net/libiscsi/pkg-descr                             |   8 +
 net/libiscsi/pkg-plist                             |  16 ++
 net/rclone-browser/Makefile                        |   3 +
 science/Makefile                                   |   2 +-
 science/py-abipy/Makefile                          |   2 +-
 science/py-abipy/distinfo                          |   6 +-
 science/py-chempy/Makefile                         |   2 +-
 science/py-chempy/distinfo                         |   6 +-
 science/simgrid/Makefile                           |   5 +-
 science/simgrid/distinfo                           |   6 +-
 science/simgrid/pkg-plist                          |   9 +-
 science/spglib/Makefile                            |   7 +-
 science/spglib/distinfo                            |   6 +-
 science/spglib/pkg-descr                           |   2 +-
 security/ca_root_nss/Makefile                      |   2 +-
 security/ca_root_nss/distinfo                      |   6 +-
 security/nss/Makefile                              |   6 +-
 security/nss/distinfo                              |   6 +-
 security/nss/files/patch-sysdb                     |  22 +-
 security/snort3/Makefile                           |   2 +-
 security/snort3/distinfo                           |   6 +-
 security/snort3/pkg-plist                          |   4 +-
 sysutils/ntfy/Makefile                             |   2 +-
 sysutils/ntfy/distinfo                             |   6 +-
 sysutils/runit-faster/Makefile                     |   2 +-
 sysutils/runit-faster/files/runsvdir.in            |   2 +-
 textproc/codespell/Makefile                        |  35 +--
 textproc/codespell/distinfo                        |   6 +-
 textproc/codespell/files/pkg-message.in            |   4 +-
 textproc/codespell/pkg-descr                       |   6 +-
 www/Makefile                                       |   1 +
 www/firefox-esr/Makefile                           |   1 +
 www/firefox-esr/files/patch-bug1618914             |   9 +
 www/firefox/Makefile                               |   4 +-
 www/firefox/distinfo                               |   6 +-
 www/firefox/files/patch-bug1618914                 |   9 +
 www/fusionpbx/Makefile                             |   3 +-
 www/ilias/Makefile                                 |   2 +
 www/ilias6/Makefile                                |  88 +++++++
 www/ilias6/distinfo                                |   3 +
 www/ilias6/files/pkg-message.in                    |  41 ++++
 www/ilias6/pkg-descr                               |   6 +
 www/py-flexget/Makefile                            |   2 +-
 www/py-flexget/distinfo                            |   6 +-
 www/unit/Makefile                                  |   2 +
 www/unit/files/patch-fix-rootfs-build              | 169 ++++++++++++++
 www/youtube_dl/Makefile                            |   2 +-
 www/youtube_dl/distinfo                            |   6 +-
 x11-wm/cwm/Makefile                                |   2 +-
 x11-wm/cwm/distinfo                                |   6 +-
 x11-wm/cwm/files/patch-Makefile                    |   6 +-
 x11/Makefile                                       |   2 +-
 x11/squeekboard/Makefile                           |   2 +
 194 files changed, 1991 insertions(+), 1047 deletions(-)
 create mode 100644 audio/carla/files/patch-source_theme_CarlaStyle.cpp
 create mode 100644 audio/cava/files/patch-configure.ac
 create mode 100644 audio/cava/files/patch-example__files_config
 create mode 100644 audio/cava/files/patch-input_sndio.c
 create mode 100644 cad/qcad/files/patch-src_gui_RRulerQt.h
 delete mode 100644 devel/py-datrie/files/patch-setup.py
 create mode 100644 graphics/drawpile/files/patch-src_desktop_bundled_QtColorWidgets_color__wheel.cpp
 create mode 100644 graphics/drawpile/files/patch-src_desktop_widgets_popupmessage.h
 create mode 100644 lang/sdcc/Makefile
 create mode 100644 lang/sdcc/distinfo
 create mode 100644 lang/sdcc/files/patch-device-lib-Makefile.in
 create mode 100644 lang/sdcc/files/patch-device-non-free-lib-Makefile.in
 create mode 100644 lang/sdcc/pkg-descr
 create mode 100644 lang/sdcc/pkg-plist
 create mode 100644 math/vtk8/files/patch-Rendering_Qt_vtkQtLabelRenderStrategy.cxx
 rename misc/dartsim/files/{patch-examples_osgExamples_osgWamIkFast_Helpers.cpp => patch-examples_wam__ikfast_Helpers.cpp} (64%)
 delete mode 100644 misc/freebsd-release-manifests/files/MANIFESTS/amd64-amd64-11.4-BETA2
 create mode 100644 misc/freebsd-release-manifests/files/MANIFESTS/amd64-amd64-11.4-RC2
 delete mode 100644 misc/freebsd-release-manifests/files/MANIFESTS/arm64-aarch64-11.4-BETA2
 create mode 100644 misc/freebsd-release-manifests/files/MANIFESTS/arm64-aarch64-11.4-RC2
 delete mode 100644 misc/freebsd-release-manifests/files/MANIFESTS/i386-i386-11.4-BETA2
 create mode 100644 misc/freebsd-release-manifests/files/MANIFESTS/i386-i386-11.4-RC2
 delete mode 100644 misc/freebsd-release-manifests/files/MANIFESTS/powerpc-powerpc-11.4-BETA2
 create mode 100644 misc/freebsd-release-manifests/files/MANIFESTS/powerpc-powerpc-11.4-RC2
 delete mode 100644 misc/freebsd-release-manifests/files/MANIFESTS/powerpc-powerpc64-11.4-BETA2
 create mode 100644 misc/freebsd-release-manifests/files/MANIFESTS/powerpc-powerpc64-11.4-RC2
 delete mode 100644 misc/freebsd-release-manifests/files/MANIFESTS/sparc64-sparc64-11.4-BETA2
 create mode 100644 misc/freebsd-release-manifests/files/MANIFESTS/sparc64-sparc64-11.4-RC2
 create mode 100644 multimedia/vlc/files/patch-modules_gui_qt_components_playlist_views.cpp
 create mode 100644 multimedia/vlc/files/patch-modules_gui_qt_dialogs_plugins.cpp
 create mode 100644 multimedia/vlc/files/patch-modules_gui_qt_util_timetooltip.hpp
 create mode 100644 net-im/telegram-desktop/files/patch-Telegram_lib__ui_ui_effects_animation__value.h
 create mode 100644 net-im/telegram-desktop/files/patch-Telegram_lib__ui_ui_widgets_input__fields.h
 create mode 100644 net/libiscsi/Makefile
 create mode 100644 net/libiscsi/distinfo
 create mode 100644 net/libiscsi/files/patch-configure.ac
 create mode 100644 net/libiscsi/files/patch-lib_login.c
 create mode 100644 net/libiscsi/pkg-descr
 create mode 100644 net/libiscsi/pkg-plist
 create mode 100644 www/ilias6/Makefile
 create mode 100644 www/ilias6/distinfo
 create mode 100644 www/ilias6/files/pkg-message.in
 create mode 100644 www/ilias6/pkg-descr
 create mode 100644 www/unit/files/patch-fix-rootfs-build
==== merge branches ====
==== merge github/master branch ====
Already up to date.
=============================
HardenedBSD Master git Server
=============================

Please note that connections and activity to this server are logged.
This server, git-01.md.hardenedbsd.org, acts as the source-of-truth
server for the HardenedBSD repositories.

Banner last updated: 10 Feb 2020 09:32 EST

Everything up-to-date
==== END: master ====
==== BEGIN: master ====
current branch: master
mergeable branch: freebsd/master
==== change branch ====
Already on 'master'
Your branch is up to date with 'origin/master'.
==== show current branch ====
* master
==== check for stale changes ====
==== update to latest origin ====
=============================
HardenedBSD Master git Server
=============================

Please note that connections and activity to this server are logged.
This server, git-01.md.hardenedbsd.org, acts as the source-of-truth
server for the HardenedBSD repositories.

Banner last updated: 10 Feb 2020 09:32 EST

Already up to date.
==== merge branches ====
==== merge freebsd/master branch ====
Merge made by the 'recursive' strategy.
 biology/abyss/Makefile                             |  3 +-
 biology/abyss/distinfo                             |  6 +--
 .../files/patch-ext-mysql_api-mysql.c              | 48 +++++++++++++++++++++-
 deskutils/calibre/Makefile                         |  3 ++
 deskutils/calibre/distinfo                         |  4 +-
 .../files/patch-src_libsync_networkjobs.cpp        | 10 +++++
 devel/py-fypp/Makefile                             |  3 +-
 devel/py-fypp/distinfo                             |  6 +--
 .../patch-src_libs_ui_kptganttitemdelegate.cpp     | 10 +++++
 .../files/patch-src_qt_trafficgraphwidget.h        | 10 +++++
 net-p2p/retroshare/Makefile                        |  3 +-
 .../patch-retroshare-gui_src_gui_elastic_node.cpp  | 10 +++++
 ...oshare-gui_src_gui_gxs_GxsCommentTreeWidget.cpp | 10 +++++
 ...tch-retroshare-gui_src_gui_gxs_GxsIdDetails.cpp | 10 +++++
 net/haproxy21/Makefile                             |  2 +-
 net/haproxy21/distinfo                             |  6 +--
 net/py-wsdd/Makefile                               |  1 +
 net/py-wsdd/files/patch-etc_rc.d_wsdd              | 19 +++++++++
 science/pulseview/files/patch-pv_util.cpp          | 20 +++++++++
 science/py-spglib/Makefile                         |  3 +-
 science/py-spglib/distinfo                         |  6 +--
 security/greenbone-security-assistant8/pkg-descr   |  2 +-
 sysutils/password-store/Makefile                   |  2 +-
 www/py-internetarchive/Makefile                    |  3 +-
 www/py-internetarchive/distinfo                    |  6 +--
 25 files changed, 176 insertions(+), 30 deletions(-)
 create mode 100644 deskutils/owncloudclient/files/patch-src_libsync_networkjobs.cpp
 create mode 100644 editors/calligraplan/files/patch-src_libs_ui_kptganttitemdelegate.cpp
 create mode 100644 net-p2p/litecoin/files/patch-src_qt_trafficgraphwidget.h
 create mode 100644 net-p2p/retroshare/files/patch-retroshare-gui_src_gui_elastic_node.cpp
 create mode 100644 net-p2p/retroshare/files/patch-retroshare-gui_src_gui_gxs_GxsCommentTreeWidget.cpp
 create mode 100644 net-p2p/retroshare/files/patch-retroshare-gui_src_gui_gxs_GxsIdDetails.cpp
 create mode 100644 net/py-wsdd/files/patch-etc_rc.d_wsdd
 create mode 100644 science/pulseview/files/patch-pv_util.cpp
=============================
HardenedBSD Master git Server
=============================

Please note that connections and activity to this server are logged.
This server, git-01.md.hardenedbsd.org, acts as the source-of-truth
server for the HardenedBSD repositories.

Banner last updated: 10 Feb 2020 09:32 EST

remote: From github.com:HardenedBSD/hardenedbsd-ports        
remote:    aee57b6c9564..dc6ee2f62def  master     -> github/master        
remote: To github.com:HardenedBSD/hardenedbsd-ports.git        
remote:  ! [rejected]                  master -> master (atomic push failed)        
remote:  ! [rejected]                  github/master -> github/master (atomic push failed)        
remote:  ! [remote rejected]           refs/pull/2/head -> refs/pull/2/head (deny updating a hidden ref)        
remote: error: failed to push some refs to 'git@github.com:HardenedBSD/hardenedbsd-ports.git'        
To git-01.md.hardenedbsd.org:HardenedBSD/hardenedbsd-ports.git
   dc6ee2f62def..0f3b7f93f1c4  master -> master
==== END: master ====
