==== BEGIN: master ====
current branch: master
mergeable branch: github/master
==== change branch ====
Already on 'master'
Your branch is up to date with 'origin/master'.
==== show current branch ====
* master
==== check for stale changes ====
==== update to latest origin ====
=============================
HardenedBSD Master git Server
=============================

Please note that connections and activity to this server are logged.
This server, git-01.md.hardenedbsd.org, acts as the source-of-truth
server for the HardenedBSD repositories.

Banner last updated: 10 Feb 2020 09:32 EST

Already up to date.
==== merge branches ====
==== merge github/master branch ====
Already up to date.
=============================
HardenedBSD Master git Server
=============================

Please note that connections and activity to this server are logged.
This server, git-01.md.hardenedbsd.org, acts as the source-of-truth
server for the HardenedBSD repositories.

Banner last updated: 10 Feb 2020 09:32 EST

Everything up-to-date
==== END: master ====
==== BEGIN: master ====
current branch: master
mergeable branch: freebsd/master
==== change branch ====
Already on 'master'
Your branch is up to date with 'origin/master'.
==== show current branch ====
* master
==== check for stale changes ====
==== update to latest origin ====
=============================
HardenedBSD Master git Server
=============================

Please note that connections and activity to this server are logged.
This server, git-01.md.hardenedbsd.org, acts as the source-of-truth
server for the HardenedBSD repositories.

Banner last updated: 10 Feb 2020 09:32 EST

Already up to date.
==== merge branches ====
==== merge freebsd/master branch ====
Removing java/openjdk12/files/patch-src_hotspot_os__cpu_bsd__aarch64_vm__version__bsd__aarch64.cpp
Merge made by the 'recursive' strategy.
 cad/opencascade/Makefile                           |   6 +-
 devel/jetbrains-phpstorm/Makefile                  |   4 +-
 devel/jetbrains-phpstorm/distinfo                  |   6 +-
 devel/jetbrains-phpstorm/pkg-plist                 | 252 ++++++++++++++-------
 devel/php72-intl/Makefile                          |   1 -
 devel/php73-intl/Makefile                          |   1 -
 devel/php74-intl/Makefile                          |   1 -
 devel/py-portalocker/Makefile                      |   2 +-
 devel/py-portalocker/distinfo                      |   6 +-
 java/openjdk12/Makefile                            |   3 +-
 java/openjdk12/distinfo                            |   6 +-
 ..._cpu_bsd__aarch64_vm__version__bsd__aarch64.cpp |  59 -----
 lang/php72/Makefile                                |   2 +-
 lang/php72/distinfo                                |   6 +-
 lang/php73/Makefile                                |   2 +-
 lang/php73/distinfo                                |   6 +-
 lang/php74/Makefile                                |   2 +-
 lang/php74/distinfo                                |   6 +-
 math/deal.ii/Makefile                              |   6 +-
 math/octave-forge-io/Makefile                      |   2 +-
 math/octave-forge-io/distinfo                      |   6 +-
 shells/fish/Makefile                               |   1 +
 .../patch-share_functions_fish__vcs__prompt.fish   |  12 +
 www/pomerium/Makefile                              |   7 +-
 www/pomerium/distinfo                              |  12 +-
 www/pomerium/pkg-plist                             |   1 +
 26 files changed, 224 insertions(+), 194 deletions(-)
 delete mode 100644 java/openjdk12/files/patch-src_hotspot_os__cpu_bsd__aarch64_vm__version__bsd__aarch64.cpp
 create mode 100644 shells/fish/files/patch-share_functions_fish__vcs__prompt.fish
=============================
HardenedBSD Master git Server
=============================

Please note that connections and activity to this server are logged.
This server, git-01.md.hardenedbsd.org, acts as the source-of-truth
server for the HardenedBSD repositories.

Banner last updated: 10 Feb 2020 09:32 EST

remote: From github.com:HardenedBSD/hardenedbsd-ports        
remote:    fb35a0283139..e37d3e18fd21  master     -> github/master        
remote: To github.com:HardenedBSD/hardenedbsd-ports.git        
remote:  ! [rejected]                  master -> master (atomic push failed)        
remote:  ! [rejected]                  github/master -> github/master (atomic push failed)        
remote:  ! [remote rejected]           refs/pull/2/head -> refs/pull/2/head (deny updating a hidden ref)        
remote: error: failed to push some refs to 'git@github.com:HardenedBSD/hardenedbsd-ports.git'        
To git-01.md.hardenedbsd.org:HardenedBSD/hardenedbsd-ports.git
   e37d3e18fd21..444e388cbe90  master -> master
==== END: master ====
