==== BEGIN: master ====
current branch: master
mergeable branch: github/master
==== change branch ====
Already on 'master'
Your branch is up to date with 'origin/master'.
==== show current branch ====
* master
==== check for stale changes ====
==== update to latest origin ====
warning: Pulling without specifying how to reconcile divergent branches is
discouraged. You can squelch this message by running one of the following
commands sometime before your next pull:

  git config pull.rebase false  # merge (the default strategy)
  git config pull.rebase true   # rebase
  git config pull.ff only       # fast-forward only

You can replace "git config" with "git config --global" to set a default
preference for all repositories. You can also pass --rebase, --no-rebase,
or --ff-only on the command line to override the configured default per
invocation.

=============================
HardenedBSD Master git Server
=============================

Please note that connections and activity to this server are logged.
This server, git-01.md.hardenedbsd.org, acts as the source-of-truth
server for the HardenedBSD repositories.

Banner last updated: 10 Feb 2020 09:32 EST

Already up to date.
==== merge branches ====
==== merge github/master branch ====
Already up to date.
=============================
HardenedBSD Master git Server
=============================

Please note that connections and activity to this server are logged.
This server, git-01.md.hardenedbsd.org, acts as the source-of-truth
server for the HardenedBSD repositories.

Banner last updated: 10 Feb 2020 09:32 EST

Everything up-to-date
==== END: master ====
==== BEGIN: master ====
current branch: master
mergeable branch: freebsd/master
==== change branch ====
Already on 'master'
Your branch is up to date with 'origin/master'.
==== show current branch ====
* master
==== check for stale changes ====
==== update to latest origin ====
warning: Pulling without specifying how to reconcile divergent branches is
discouraged. You can squelch this message by running one of the following
commands sometime before your next pull:

  git config pull.rebase false  # merge (the default strategy)
  git config pull.rebase true   # rebase
  git config pull.ff only       # fast-forward only

You can replace "git config" with "git config --global" to set a default
preference for all repositories. You can also pass --rebase, --no-rebase,
or --ff-only on the command line to override the configured default per
invocation.

=============================
HardenedBSD Master git Server
=============================

Please note that connections and activity to this server are logged.
This server, git-01.md.hardenedbsd.org, acts as the source-of-truth
server for the HardenedBSD repositories.

Banner last updated: 10 Feb 2020 09:32 EST

Already up to date.
==== merge branches ====
==== merge freebsd/master branch ====
Removing security/palisade/files/patch-third-party_google-benchmark_test_CMakeLists.txt
Merge made by the 'recursive' strategy.
 GIDs                                               |   2 +-
 UIDs                                               |   2 +-
 astro/stellarium/Makefile                          |  25 +-
 astro/stellarium/pkg-plist                         | 972 ++++++++++-----------
 comms/p5-SMS-Send/Makefile                         |   2 +
 databases/postgresql13-server/Makefile             |  13 +-
 devel/json-c/Makefile                              |   6 +
 finance/beancount/Makefile                         |   2 +-
 graphics/libexif/Makefile                          |   2 +-
 graphics/py-cairo/Makefile                         |  19 +-
 graphics/py-cairo/distinfo                         |   6 +-
 graphics/py-cairo/pkg-descr                        |   2 +-
 graphics/py-cairo/pkg-plist                        |  16 +-
 lang/gcc10-devel/Makefile                          |   2 +-
 lang/gcc10-devel/distinfo                          |   6 +-
 multimedia/recordmydesktop/Makefile                |  24 +-
 net/chrony/Makefile                                |  72 +-
 net/chrony/distinfo                                |   6 +-
 .../files/patch-examples_chrony.conf.example1      |  10 +-
 .../files/patch-examples_chrony.conf.example2      |  18 +-
 .../files/patch-examples_chrony.conf.example3      |  34 +-
 net/py-wsdd/Makefile                               |   5 +-
 net/py-wsdd/files/patch-etc_rc.d_wsdd              |   2 +-
 ...tch-third-party_google-benchmark_CMakeLists.txt |   9 -
 ...hird-party_google-benchmark_test_CMakeLists.txt |  10 -
 security/vuxml/vuln.xml                            |  32 +-
 security/zeek/Makefile                             |   2 +-
 security/zeek/distinfo                             |   6 +-
 sysutils/rubygem-facter/Makefile                   |   2 +-
 sysutils/rubygem-facter/distinfo                   |   6 +-
 textproc/wiggle/Makefile                           |   6 +-
 textproc/wiggle/distinfo                           |   6 +-
 textproc/wiggle/pkg-plist                          |   1 -
 33 files changed, 672 insertions(+), 656 deletions(-)
 delete mode 100644 security/palisade/files/patch-third-party_google-benchmark_test_CMakeLists.txt
=============================
HardenedBSD Master git Server
=============================

Please note that connections and activity to this server are logged.
This server, git-01.md.hardenedbsd.org, acts as the source-of-truth
server for the HardenedBSD repositories.

Banner last updated: 10 Feb 2020 09:32 EST

remote: To github.com:HardenedBSD/hardenedbsd-ports.git        
remote:    2795015d5e9b..130e76b2415e  master -> master        
remote:    e5e7fcf160c4..2795015d5e9b  github/master -> github/master        
remote:  ! [remote rejected]           refs/pull/10/head -> refs/pull/10/head (deny updating a hidden ref)        
remote:  ! [remote rejected]           refs/pull/11/head -> refs/pull/11/head (deny updating a hidden ref)
remote:  ! [remote rejected]           refs/pull/2/head -> refs/pull/2/head (deny updating a hidden ref)        
remote:  ! [remote rejected]           refs/pull/9/head -> refs/pull/9/head (deny updating a hidden ref)        
remote: error: failed to push some refs to 'github.com:HardenedBSD/hardenedbsd-ports.git'        
remote: . Processing 1 references        
remote: Processed 1 references in total        
To git-01.md.hardenedbsd.org:HardenedBSD/hardenedbsd-ports.git
   2795015d5e9b..130e76b2415e  master -> master
==== END: master ====
