==== BEGIN: master ====
current branch: master
mergeable branch: github/master
==== change branch ====
Already on 'master'
Your branch is up to date with 'origin/master'.
==== show current branch ====
* master
==== check for stale changes ====
==== update to latest origin ====
Already up to date.
==== merge branches ====
==== merge github/master branch ====
Already up to date.
Everything up-to-date
==== END: master ====
==== BEGIN: master ====
current branch: master
mergeable branch: freebsd/master
==== change branch ====
Already on 'master'
Your branch is up to date with 'origin/master'.
==== show current branch ====
* master
==== check for stale changes ====
==== update to latest origin ====
Already up to date.
==== merge branches ====
==== merge freebsd/master branch ====
Merge made by the 'recursive' strategy.
 databases/freetds-devel/Makefile           |  2 +-
 databases/freetds-devel/distinfo           |  6 +--
 databases/freetds/Makefile                 |  2 +-
 databases/freetds/distinfo                 |  6 +--
 devel/estd/Makefile                        |  3 +-
 devel/estd/distinfo                        |  6 +--
 devel/popt/Makefile                        |  3 +-
 devel/popt/distinfo                        |  1 +
 devel/py-qutip/Makefile                    |  2 +-
 devel/py-qutip/distinfo                    |  6 +--
 devel/py-testfixtures/Makefile             |  2 +-
 devel/py-testfixtures/distinfo             |  6 +--
 games/openra/Makefile                      | 10 ++---
 games/openra/distinfo                      |  8 ++--
 math/bonmin/Makefile                       |  3 +-
 math/bonmin/distinfo                       |  6 +--
 math/bonmin/pkg-plist                      |  2 +-
 math/cbc/Makefile                          |  2 +-
 math/cbc/distinfo                          |  6 +--
 math/cbc/pkg-plist                         |  6 +--
 math/cgl/Makefile                          |  2 +-
 math/cgl/distinfo                          |  6 +--
 math/cgl/pkg-plist                         |  2 +-
 math/couenne/Makefile                      |  3 +-
 math/couenne/distinfo                      |  6 +--
 math/couenne/pkg-plist                     |  2 +-
 math/mkl-dnn/Makefile                      |  4 +-
 math/mkl-dnn/distinfo                      |  6 +--
 net-im/ejabberd/Makefile                   | 35 ++++++++--------
 net-im/ejabberd/distinfo                   | 66 +++++++++++++++---------------
 net-im/ejabberd/files/patch-Makefile.in    | 19 +++++----
 net-im/ejabberd/files/patch-configure.ac   |  4 +-
 net-im/ejabberd/pkg-plist                  |  8 +++-
 net-im/toot/Makefile                       | 17 ++++----
 net-im/toot/distinfo                       |  6 +--
 net-p2p/py-libtorrent-rasterbar11/Makefile |  4 +-
 security/xca/Makefile                      |  3 +-
 security/xca/distinfo                      |  6 +--
 security/xca/files/patch-lib_ipvalidator.h | 14 +++++++
 security/xca/pkg-plist                     |  8 +++-
 textproc/Makefile                          |  1 +
 textproc/uni/Makefile                      | 26 ++++++++++++
 textproc/uni/distinfo                      |  7 ++++
 textproc/uni/pkg-descr                     | 10 +++++
 www/browsh/Makefile                        | 42 +++++++++++++++++++
 www/browsh/distinfo                        |  9 ++++
 www/browsh/pkg-descr                       |  7 ++++
 x11-fm/thunar/Makefile                     |  2 +-
 x11-fm/thunar/distinfo                     |  6 +--
 x11-fm/thunar/pkg-plist                    |  1 -
 x11-fonts/sudo-font/Makefile               |  5 +--
 x11-fonts/sudo-font/distinfo               |  6 +--
 x11-fonts/sudo-font/pkg-plist              |  1 -
 53 files changed, 275 insertions(+), 157 deletions(-)
 create mode 100644 security/xca/files/patch-lib_ipvalidator.h
 create mode 100644 textproc/uni/Makefile
 create mode 100644 textproc/uni/distinfo
 create mode 100644 textproc/uni/pkg-descr
 create mode 100644 www/browsh/Makefile
 create mode 100644 www/browsh/distinfo
 create mode 100644 www/browsh/pkg-descr
remote: To github.com:HardenedBSD/hardenedbsd-ports.git        
remote:    7627b4a3772e..4bc845747673  master -> master        
remote:    3780a91a2cf6..7627b4a3772e  github/master -> github/master        
To git-01.md.hardenedbsd.org:HardenedBSD/hardenedbsd-ports.git
   7627b4a3772e..4bc845747673  master -> master
==== END: master ====
