==== BEGIN: master ====
current branch: master
mergeable branch: github/master
==== change branch ====
Already on 'master'
Your branch is up to date with 'origin/master'.
==== show current branch ====
* master
==== check for stale changes ====
==== update to latest origin ====
=============================
HardenedBSD Master git Server
=============================

Please note that connections and activity to this server are logged.
This server, git-01.md.hardenedbsd.org, acts as the source-of-truth
server for the HardenedBSD repositories.

Banner last updated: 10 Feb 2020 09:32 EST

Already up to date.
==== merge branches ====
==== merge github/master branch ====
Already up to date.
=============================
HardenedBSD Master git Server
=============================

Please note that connections and activity to this server are logged.
This server, git-01.md.hardenedbsd.org, acts as the source-of-truth
server for the HardenedBSD repositories.

Banner last updated: 10 Feb 2020 09:32 EST

Everything up-to-date
==== END: master ====
==== BEGIN: master ====
current branch: master
mergeable branch: freebsd/master
==== change branch ====
Already on 'master'
Your branch is up to date with 'origin/master'.
==== show current branch ====
* master
==== check for stale changes ====
==== update to latest origin ====
=============================
HardenedBSD Master git Server
=============================

Please note that connections and activity to this server are logged.
This server, git-01.md.hardenedbsd.org, acts as the source-of-truth
server for the HardenedBSD repositories.

Banner last updated: 10 Feb 2020 09:32 EST

Already up to date.
==== merge branches ====
==== merge freebsd/master branch ====
Merge made by the 'recursive' strategy.
 comms/aprsd/Makefile                               |   3 +-
 databases/gnats4/Makefile                          |   3 +-
 databases/redis-devel/Makefile                     |   4 +-
 databases/redis-devel/distinfo                     |   6 +-
 deskutils/easystroke/Makefile                      |   3 +-
 devel/gitg0/Makefile                               |   3 +-
 devel/py-virtualenvwrapper/Makefile                |  10 +-
 devel/py-virtualenvwrapper/distinfo                |   6 +-
 devel/py-virtualenvwrapper/pkg-descr               |   2 +-
 devel/zpu-gcc/Makefile                             |   5 +-
 dns/bundy/Makefile                                 |   9 +-
 finance/ledger/Makefile                            |   8 +-
 games/lander/Makefile                              |   3 +-
 games/rlvm/Makefile                                |   3 +-
 java/Makefile                                      |   1 +
 java/openjdk13/Makefile                            |   3 +-
 java/openjdk14/Makefile                            | 174 +++++++++++++++++++++
 java/openjdk14/distinfo                            |   3 +
 java/openjdk14/files/cacerts                       | Bin 0 -> 98310 bytes
 ...-patch-src_hotspot_cpu_ppc_vm__version__ppc.hpp |  11 ++
 java/openjdk14/files/patch-configure               |  14 ++
 .../files/patch-make_autoconf_flags-cflags.m4      |  13 ++
 .../files/patch-make_autoconf_libraries.m4         |  15 ++
 .../files/patch-src_hotspot_os_bsd_os__bsd.cpp     |  11 ++
 java/openjdk14/pkg-descr                           |   3 +
 java/openjdk14/pkg-message                         |  18 +++
 multimedia/cclive/Makefile                         |   3 +-
 print/pdf-tools/Makefile                           |   3 +-
 security/fwbuilder/Makefile                        |   3 +-
 security/pam_ssh_agent_auth/Makefile               |   3 +-
 security/py-acme/Makefile                          |   2 +-
 security/py-acme/distinfo                          |   6 +-
 security/py-acme/version.mk                        |   2 +-
 security/py-certbot-apache/distinfo                |   6 +-
 security/py-certbot-dns-cloudflare/distinfo        |   6 +-
 security/py-certbot-dns-cloudxns/distinfo          |   6 +-
 security/py-certbot-dns-digitalocean/distinfo      |   6 +-
 security/py-certbot-dns-dnsimple/distinfo          |   6 +-
 security/py-certbot-dns-dnsmadeeasy/distinfo       |   6 +-
 security/py-certbot-dns-gehirn/distinfo            |   6 +-
 security/py-certbot-dns-google/distinfo            |   6 +-
 security/py-certbot-dns-linode/distinfo            |   6 +-
 security/py-certbot-dns-luadns/distinfo            |   6 +-
 security/py-certbot-dns-nsone/distinfo             |   6 +-
 security/py-certbot-dns-ovh/distinfo               |   6 +-
 security/py-certbot-dns-rfc2136/distinfo           |   6 +-
 security/py-certbot-dns-route53/distinfo           |   6 +-
 security/py-certbot-dns-sakuracloud/distinfo       |   6 +-
 security/py-certbot-nginx/distinfo                 |   6 +-
 security/py-certbot/Makefile                       |   4 +-
 security/py-certbot/distinfo                       |   6 +-
 .../py-certbot/files/patch-certbot-compat-misc.py  |   2 +
 security/py-certbot/files/patch-tests_cli__test.py |  30 ++++
 security/zeek/Makefile                             |   2 +
 sysutils/acpica-tools/Makefile                     |   3 +-
 sysutils/usbhotkey/Makefile                        |   5 +-
 textproc/apertium/Makefile                         |   3 +-
 www/mod_authnz_crowd/Makefile                      |   3 +-
 58 files changed, 414 insertions(+), 96 deletions(-)
 create mode 100644 java/openjdk14/Makefile
 create mode 100644 java/openjdk14/distinfo
 create mode 100644 java/openjdk14/files/cacerts
 create mode 100644 java/openjdk14/files/extra-patch-src_hotspot_cpu_ppc_vm__version__ppc.hpp
 create mode 100644 java/openjdk14/files/patch-configure
 create mode 100644 java/openjdk14/files/patch-make_autoconf_flags-cflags.m4
 create mode 100644 java/openjdk14/files/patch-make_autoconf_libraries.m4
 create mode 100644 java/openjdk14/files/patch-src_hotspot_os_bsd_os__bsd.cpp
 create mode 100644 java/openjdk14/pkg-descr
 create mode 100644 java/openjdk14/pkg-message
 create mode 100644 security/py-certbot/files/patch-tests_cli__test.py
=============================
HardenedBSD Master git Server
=============================

Please note that connections and activity to this server are logged.
This server, git-01.md.hardenedbsd.org, acts as the source-of-truth
server for the HardenedBSD repositories.

Banner last updated: 10 Feb 2020 09:32 EST

remote: To github.com:HardenedBSD/hardenedbsd-ports.git        
remote:    6dcc7d3e6c94..7d5a2c618f4a  master -> master        
remote:    260a863927f4..6dcc7d3e6c94  github/master -> github/master
To git-01.md.hardenedbsd.org:HardenedBSD/hardenedbsd-ports.git
   6dcc7d3e6c94..7d5a2c618f4a  master -> master
==== END: master ====
