==== BEGIN: master ====
current branch: master
mergeable branch: github/master
==== change branch ====
Already on 'master'
Your branch is behind 'origin/master' by 1 commit, and can be fast-forwarded.
  (use "git pull" to update your local branch)
==== show current branch ====
* master
==== check for stale changes ====
==== update to latest origin ====
warning: Pulling without specifying how to reconcile divergent branches is
discouraged. You can squelch this message by running one of the following
commands sometime before your next pull:

  git config pull.rebase false  # merge (the default strategy)
  git config pull.rebase true   # rebase
  git config pull.ff only       # fast-forward only

You can replace "git config" with "git config --global" to set a default
preference for all repositories. You can also pass --rebase, --no-rebase,
or --ff-only on the command line to override the configured default per
invocation.

=============================
HardenedBSD Master git Server
=============================

Please note that connections and activity to this server are logged.
This server, git-01.md.hardenedbsd.org, acts as the source-of-truth
server for the HardenedBSD repositories.

Banner last updated: 10 Feb 2020 09:32 EST

Updating 7badc0831d3a..db2b4c6568c8
Fast-forward
 .../hardening-check/files/patch-hardening-check    | 126 +++++++++++++++++++++
 1 file changed, 126 insertions(+)
 create mode 100644 security/hardening-check/files/patch-hardening-check
==== merge branches ====
==== merge github/master branch ====
Already up to date.
=============================
HardenedBSD Master git Server
=============================

Please note that connections and activity to this server are logged.
This server, git-01.md.hardenedbsd.org, acts as the source-of-truth
server for the HardenedBSD repositories.

Banner last updated: 10 Feb 2020 09:32 EST

Everything up-to-date
==== END: master ====
==== BEGIN: master ====
current branch: master
mergeable branch: freebsd/master
==== change branch ====
Already on 'master'
Your branch is up to date with 'origin/master'.
==== show current branch ====
* master
==== check for stale changes ====
==== update to latest origin ====
warning: Pulling without specifying how to reconcile divergent branches is
discouraged. You can squelch this message by running one of the following
commands sometime before your next pull:

  git config pull.rebase false  # merge (the default strategy)
  git config pull.rebase true   # rebase
  git config pull.ff only       # fast-forward only

You can replace "git config" with "git config --global" to set a default
preference for all repositories. You can also pass --rebase, --no-rebase,
or --ff-only on the command line to override the configured default per
invocation.

=============================
HardenedBSD Master git Server
=============================

Please note that connections and activity to this server are logged.
This server, git-01.md.hardenedbsd.org, acts as the source-of-truth
server for the HardenedBSD repositories.

Banner last updated: 10 Feb 2020 09:32 EST

Already up to date.
==== merge branches ====
==== merge freebsd/master branch ====
Auto-merging multimedia/mpv/Makefile
Merge made by the 'recursive' strategy.
 devel/Makefile                                     |   1 +
 devel/cgdb/Makefile                                |   3 +-
 devel/viewvc-devel/Makefile                        |  76 ++++++++++
 devel/viewvc-devel/distinfo                        |   3 +
 .../viewvc-devel/files/patch-conf_viewvc.conf.dist |  13 ++
 devel/viewvc-devel/files/pkg-message.in            |  84 +++++++++++
 devel/viewvc-devel/files/viewvc.in                 |  70 +++++++++
 devel/viewvc-devel/pkg-descr                       |   8 +
 devel/viewvc-devel/pkg-plist                       | 165 +++++++++++++++++++++
 devel/viewvc/Makefile                              |   2 +
 french/verbiste/Makefile                           |   2 +-
 games/gtypist/Makefile                             |   2 +-
 graphics/libavif/Makefile                          |   3 +-
 graphics/libavif/distinfo                          |   6 +-
 graphics/libavif/pkg-plist                         |   4 +-
 graphics/qt-avif-image-plugin/Makefile             |   2 +-
 lang/quickjs/Makefile                              |  14 +-
 .../{patch-Makefile => extra-clang-patch-Makefile} |   0
 lang/quickjs/files/extra-gcc-patch-Makefile        |  36 +++++
 multimedia/mpv/Makefile                            |   2 +-
 multimedia/mpv/distinfo                            |   4 +-
 sysutils/burp-devel/Makefile                       |   2 +-
 sysutils/fluent-bit/Makefile                       |   3 +-
 sysutils/fluent-bit/distinfo                       |   6 +-
 x11-clocks/wlclock/Makefile                        |   4 +-
 x11-clocks/wlclock/distinfo                        |   2 +
 26 files changed, 494 insertions(+), 23 deletions(-)
 create mode 100644 devel/viewvc-devel/Makefile
 create mode 100644 devel/viewvc-devel/distinfo
 create mode 100644 devel/viewvc-devel/files/patch-conf_viewvc.conf.dist
 create mode 100644 devel/viewvc-devel/files/pkg-message.in
 create mode 100644 devel/viewvc-devel/files/viewvc.in
 create mode 100644 devel/viewvc-devel/pkg-descr
 create mode 100644 devel/viewvc-devel/pkg-plist
 rename lang/quickjs/files/{patch-Makefile => extra-clang-patch-Makefile} (100%)
 create mode 100644 lang/quickjs/files/extra-gcc-patch-Makefile
=============================
HardenedBSD Master git Server
=============================

Please note that connections and activity to this server are logged.
This server, git-01.md.hardenedbsd.org, acts as the source-of-truth
server for the HardenedBSD repositories.

Banner last updated: 10 Feb 2020 09:32 EST

remote: To github.com:HardenedBSD/hardenedbsd-ports.git        
remote:    db2b4c6568c8..ea8079e09c2d  master -> master        
remote:    7badc0831d3a..db2b4c6568c8  github/master -> github/master        
remote:  ! [remote rejected]           refs/pull/10/head -> refs/pull/10/head (deny updating a hidden ref)
remote:  ! [remote rejected]           refs/pull/11/head -> refs/pull/11/head (deny updating a hidden ref)        
remote:  ! [remote rejected]           refs/pull/12/head -> refs/pull/12/head (deny updating a hidden ref)        
remote:  ! [remote rejected]           refs/pull/14/head -> refs/pull/14/head (deny updating a hidden ref)
remote:  ! [remote rejected]           refs/pull/15/head -> refs/pull/15/head (deny updating a hidden ref)
remote:  ! [remote rejected]           refs/pull/2/head -> refs/pull/2/head (deny updating a hidden ref)        
remote:  ! [remote rejected]           refs/pull/9/head -> refs/pull/9/head (deny updating a hidden ref)        
remote: error: failed to push some refs to 'github.com:HardenedBSD/hardenedbsd-ports.git'        
remote: . Processing 1 references        
remote: Processed 1 references in total        
To git-01.md.hardenedbsd.org:HardenedBSD/hardenedbsd-ports.git
   db2b4c6568c8..ea8079e09c2d  master -> master
==== END: master ====
