==== BEGIN: master ====
current branch: master
mergeable branch: github/master
==== change branch ====
Already on 'master'
Your branch is up to date with 'origin/master'.
==== show current branch ====
* master
==== check for stale changes ====
==== update to latest origin ====
warning: Pulling without specifying how to reconcile divergent branches is
discouraged. You can squelch this message by running one of the following
commands sometime before your next pull:

  git config pull.rebase false  # merge (the default strategy)
  git config pull.rebase true   # rebase
  git config pull.ff only       # fast-forward only

You can replace "git config" with "git config --global" to set a default
preference for all repositories. You can also pass --rebase, --no-rebase,
or --ff-only on the command line to override the configured default per
invocation.

=============================
HardenedBSD Master git Server
=============================

Please note that connections and activity to this server are logged.
This server, git-01.md.hardenedbsd.org, acts as the source-of-truth
server for the HardenedBSD repositories.

Banner last updated: 10 Feb 2020 09:32 EST

Already up to date.
==== merge branches ====
==== merge github/master branch ====
Already up to date.
=============================
HardenedBSD Master git Server
=============================

Please note that connections and activity to this server are logged.
This server, git-01.md.hardenedbsd.org, acts as the source-of-truth
server for the HardenedBSD repositories.

Banner last updated: 10 Feb 2020 09:32 EST

Everything up-to-date
==== END: master ====
==== BEGIN: master ====
current branch: master
mergeable branch: freebsd/master
==== change branch ====
Already on 'master'
Your branch is up to date with 'origin/master'.
==== show current branch ====
* master
==== check for stale changes ====
==== update to latest origin ====
warning: Pulling without specifying how to reconcile divergent branches is
discouraged. You can squelch this message by running one of the following
commands sometime before your next pull:

  git config pull.rebase false  # merge (the default strategy)
  git config pull.rebase true   # rebase
  git config pull.ff only       # fast-forward only

You can replace "git config" with "git config --global" to set a default
preference for all repositories. You can also pass --rebase, --no-rebase,
or --ff-only on the command line to override the configured default per
invocation.

=============================
HardenedBSD Master git Server
=============================

Please note that connections and activity to this server are logged.
This server, git-01.md.hardenedbsd.org, acts as the source-of-truth
server for the HardenedBSD repositories.

Banner last updated: 10 Feb 2020 09:32 EST

Already up to date.
==== merge branches ====
==== merge freebsd/master branch ====
Auto-merging www/nginx/Makefile
Removing devel/liblpm/files/extra-patch-Makefile
Removing databases/redisdesktopmanager/files/patch-src_version.h
Removing databases/redisdesktopmanager/files/patch-src_rdm.pro
Removing databases/redisdesktopmanager/files/patch-src_modules_console_autocompletemodel.cpp
Removing databases/redisdesktopmanager/files/patch-src_main.cpp
Removing databases/redisdesktopmanager/files/patch-src_app_app.cpp
Merge made by the 'recursive' strategy.
 databases/postgresql13-server/Makefile             |   5 +-
 databases/redisdesktopmanager/Makefile             |  18 ++--
 databases/redisdesktopmanager/distinfo             |   6 +-
 .../files/patch-3rdparty_3rdparty.pri              |  42 +++++----
 .../files/patch-src_app_app.cpp                    |  22 -----
 .../redisdesktopmanager/files/patch-src_main.cpp   |  25 -----
 ...patch-src_modules_console_autocompletemodel.cpp |  10 --
 .../redisdesktopmanager/files/patch-src_rdm.pro    |  29 ------
 .../redisdesktopmanager/files/patch-src_version.h  |   6 --
 devel/R-cran-Rdpack/Makefile                       |   6 +-
 devel/R-cran-Rdpack/distinfo                       |   6 +-
 devel/liblpm/Makefile                              |  10 +-
 devel/liblpm/files/extra-patch-Makefile            |  16 ----
 devel/ncurses/Makefile                             |   2 +-
 devel/ncurses/distinfo                             |   6 +-
 devel/py-zipp/Makefile                             |   2 +-
 devel/py-zipp/distinfo                             |   6 +-
 irc/eggdrop-devel/Makefile                         |   1 +
 sysutils/acpica-tools/Makefile                     |   2 +-
 sysutils/acpica-tools/distinfo                     |   6 +-
 sysutils/edid-decode/Makefile                      |   2 +-
 textproc/Makefile                                  |   1 +
 textproc/R-cran-rbibutils/Makefile                 |  17 ++++
 textproc/R-cran-rbibutils/distinfo                 |   3 +
 textproc/R-cran-rbibutils/pkg-descr                |   7 ++
 textproc/R-cran-readr/Makefile                     |  18 ++--
 textproc/R-cran-readr/distinfo                     |   6 +-
 textproc/libcrm114/Makefile                        |   9 +-
 textproc/libcrm114/files/patch-clang-fno-common    | 101 +++++++++++++++++++++
 www/nginx/Makefile                                 |   2 +-
 www/nginx/Makefile.extmod                          |   2 +-
 www/nginx/distinfo                                 |   6 +-
 32 files changed, 215 insertions(+), 185 deletions(-)
 delete mode 100644 databases/redisdesktopmanager/files/patch-src_app_app.cpp
 delete mode 100644 databases/redisdesktopmanager/files/patch-src_main.cpp
 delete mode 100644 databases/redisdesktopmanager/files/patch-src_modules_console_autocompletemodel.cpp
 delete mode 100644 databases/redisdesktopmanager/files/patch-src_rdm.pro
 delete mode 100644 databases/redisdesktopmanager/files/patch-src_version.h
 delete mode 100644 devel/liblpm/files/extra-patch-Makefile
 create mode 100644 textproc/R-cran-rbibutils/Makefile
 create mode 100644 textproc/R-cran-rbibutils/distinfo
 create mode 100644 textproc/R-cran-rbibutils/pkg-descr
 create mode 100644 textproc/libcrm114/files/patch-clang-fno-common
=============================
HardenedBSD Master git Server
=============================

Please note that connections and activity to this server are logged.
This server, git-01.md.hardenedbsd.org, acts as the source-of-truth
server for the HardenedBSD repositories.

Banner last updated: 10 Feb 2020 09:32 EST

remote: To github.com:HardenedBSD/hardenedbsd-ports.git        
remote:    ec12cad4f9e2..2f64e60b68ce  master -> master        
remote:    e6cb504fae1d..ec12cad4f9e2  github/master -> github/master        
remote:  ! [remote rejected]           refs/pull/10/head -> refs/pull/10/head (deny updating a hidden ref)
remote:  ! [remote rejected]           refs/pull/11/head -> refs/pull/11/head (deny updating a hidden ref)        
remote:  ! [remote rejected]           refs/pull/2/head -> refs/pull/2/head (deny updating a hidden ref)        
remote:  ! [remote rejected]           refs/pull/9/head -> refs/pull/9/head (deny updating a hidden ref)        
remote: error: failed to push some refs to 'github.com:HardenedBSD/hardenedbsd-ports.git'        
remote: . Processing 1 references        
remote: Processed 1 references in total        
To git-01.md.hardenedbsd.org:HardenedBSD/hardenedbsd-ports.git
   ec12cad4f9e2..2f64e60b68ce  master -> master
==== END: master ====
