==== BEGIN: master ====
current branch: master
mergeable branch: github/master
==== change branch ====
Already on 'master'
Your branch is up to date with 'origin/master'.
==== show current branch ====
* master
==== check for stale changes ====
==== update to latest origin ====
warning: Pulling without specifying how to reconcile divergent branches is
discouraged. You can squelch this message by running one of the following
commands sometime before your next pull:

  git config pull.rebase false  # merge (the default strategy)
  git config pull.rebase true   # rebase
  git config pull.ff only       # fast-forward only

You can replace "git config" with "git config --global" to set a default
preference for all repositories. You can also pass --rebase, --no-rebase,
or --ff-only on the command line to override the configured default per
invocation.

=============================
HardenedBSD Master git Server
=============================

Please note that connections and activity to this server are logged.
This server, git-01.md.hardenedbsd.org, acts as the source-of-truth
server for the HardenedBSD repositories.

Banner last updated: 10 Feb 2020 09:32 EST

Already up to date.
==== merge branches ====
==== merge github/master branch ====
Already up to date.
=============================
HardenedBSD Master git Server
=============================

Please note that connections and activity to this server are logged.
This server, git-01.md.hardenedbsd.org, acts as the source-of-truth
server for the HardenedBSD repositories.

Banner last updated: 10 Feb 2020 09:32 EST

Everything up-to-date
==== END: master ====
==== BEGIN: master ====
current branch: master
mergeable branch: freebsd/master
==== change branch ====
Already on 'master'
Your branch is up to date with 'origin/master'.
==== show current branch ====
* master
==== check for stale changes ====
==== update to latest origin ====
warning: Pulling without specifying how to reconcile divergent branches is
discouraged. You can squelch this message by running one of the following
commands sometime before your next pull:

  git config pull.rebase false  # merge (the default strategy)
  git config pull.rebase true   # rebase
  git config pull.ff only       # fast-forward only

You can replace "git config" with "git config --global" to set a default
preference for all repositories. You can also pass --rebase, --no-rebase,
or --ff-only on the command line to override the configured default per
invocation.

=============================
HardenedBSD Master git Server
=============================

Please note that connections and activity to this server are logged.
This server, git-01.md.hardenedbsd.org, acts as the source-of-truth
server for the HardenedBSD repositories.

Banner last updated: 10 Feb 2020 09:32 EST

Already up to date.
==== merge branches ====
==== merge freebsd/master branch ====
Removing x11/sddm/files/patch-src_helper_HelperApp.cpp
Removing x11/sddm/files/patch-src_helper_CMakeLists.txt
Removing x11/sddm/files/patch-src_helper_Backend.cpp
Removing x11/sddm/files/patch-src_greeter_UserModel.cpp
Removing x11/sddm/files/patch-src_daemon_CMakeLists.txt
Removing x11/sddm/files/patch-data_themes_maya_metadata.desktop
Removing x11/sddm/files/patch-CMakeLists.txt
Removing x11/sddm/files/VirtualTerminal_FreeBSD.cpp
Auto-merging mail/neomutt/Makefile
Merge made by the 'recursive' strategy.
 audio/polyphone/Makefile                           | 27 ++++++------
 audio/polyphone/distinfo                           |  6 +--
 audio/polyphone/files/patch-polyphone.pro          | 29 ++++++++-----
 audio/polyphone/pkg-plist                          | 10 +++++
 databases/sqlitebrowser/Makefile                   |  5 ++-
 databases/sqlitebrowser/distinfo                   |  6 +--
 deskutils/freeplane/Makefile                       |  2 +-
 deskutils/freeplane/distinfo                       |  6 +--
 devel/pecl-swoole/Makefile                         |  2 +-
 devel/pecl-swoole/distinfo                         |  6 +--
 .../pecl-swoole/files/patch-ext-src_php__swoole.h  | 13 ++----
 devel/py-cligj/Makefile                            |  2 +-
 devel/py-cligj/distinfo                            |  6 +--
 emulators/elliott-803/Makefile                     |  3 +-
 emulators/elliott-803/distinfo                     |  6 +--
 emulators/elliott-803/pkg-plist                    | 11 +++++
 graphics/py-pygeoapi/Makefile                      |  6 ++-
 graphics/py-pygeoapi/distinfo                      |  6 +--
 mail/neomutt/Makefile                              |  2 +-
 mail/neomutt/distinfo                              |  6 +--
 x11/sddm/Makefile                                  |  4 +-
 x11/sddm/distinfo                                  |  6 +--
 x11/sddm/files/VirtualTerminal_FreeBSD.cpp         | 37 -----------------
 x11/sddm/files/patch-CMakeLists.txt                | 16 --------
 .../files/patch-data_themes_maya_metadata.desktop  | 11 -----
 x11/sddm/files/patch-services_sddm-autologin.pam   |  4 +-
 x11/sddm/files/patch-src_common_Configuration.h    |  4 +-
 x11/sddm/files/patch-src_daemon_CMakeLists.txt     | 11 -----
 x11/sddm/files/patch-src_daemon_Display.cpp        |  9 ++--
 x11/sddm/files/patch-src_greeter_UserModel.cpp     | 12 ------
 x11/sddm/files/patch-src_helper_Backend.cpp        | 48 ----------------------
 x11/sddm/files/patch-src_helper_CMakeLists.txt     | 12 ------
 x11/sddm/files/patch-src_helper_HelperApp.cpp      | 46 ---------------------
 x11/sddm/pkg-plist                                 | 12 ++++--
 34 files changed, 112 insertions(+), 280 deletions(-)
 create mode 100644 audio/polyphone/pkg-plist
 delete mode 100644 x11/sddm/files/VirtualTerminal_FreeBSD.cpp
 delete mode 100644 x11/sddm/files/patch-CMakeLists.txt
 delete mode 100644 x11/sddm/files/patch-data_themes_maya_metadata.desktop
 delete mode 100644 x11/sddm/files/patch-src_daemon_CMakeLists.txt
 delete mode 100644 x11/sddm/files/patch-src_greeter_UserModel.cpp
 delete mode 100644 x11/sddm/files/patch-src_helper_Backend.cpp
 delete mode 100644 x11/sddm/files/patch-src_helper_CMakeLists.txt
 delete mode 100644 x11/sddm/files/patch-src_helper_HelperApp.cpp
=============================
HardenedBSD Master git Server
=============================

Please note that connections and activity to this server are logged.
This server, git-01.md.hardenedbsd.org, acts as the source-of-truth
server for the HardenedBSD repositories.

Banner last updated: 10 Feb 2020 09:32 EST

remote: To github.com:HardenedBSD/hardenedbsd-ports.git        
remote:    0481abad8a0a..29aa547ae42e  master -> master
remote:    3e489496e750..0481abad8a0a  github/master -> github/master
remote:  ! [remote rejected]           refs/pull/10/head -> refs/pull/10/head (deny updating a hidden ref)
remote:  ! [remote rejected]           refs/pull/11/head -> refs/pull/11/head (deny updating a hidden ref)        
remote:  ! [remote rejected]           refs/pull/12/head -> refs/pull/12/head (deny updating a hidden ref)        
remote:  ! [remote rejected]           refs/pull/14/head -> refs/pull/14/head (deny updating a hidden ref)        
remote:  ! [remote rejected]           refs/pull/15/head -> refs/pull/15/head (deny updating a hidden ref)        
remote:  ! [remote rejected]           refs/pull/2/head -> refs/pull/2/head (deny updating a hidden ref)
remote:  ! [remote rejected]           refs/pull/9/head -> refs/pull/9/head (deny updating a hidden ref)
remote: error: failed to push some refs to 'github.com:HardenedBSD/hardenedbsd-ports.git'        
remote: . Processing 1 references        
remote: Processed 1 references in total        
To git-01.md.hardenedbsd.org:HardenedBSD/hardenedbsd-ports.git
   0481abad8a0a..29aa547ae42e  master -> master
==== END: master ====
