==== BEGIN: master ====
current branch: master
mergeable branch: github/master
==== change branch ====
Already on 'master'
Your branch is up to date with 'origin/master'.
==== show current branch ====
* master
==== check for stale changes ====
==== update to latest origin ====
warning: Pulling without specifying how to reconcile divergent branches is
discouraged. You can squelch this message by running one of the following
commands sometime before your next pull:

  git config pull.rebase false  # merge (the default strategy)
  git config pull.rebase true   # rebase
  git config pull.ff only       # fast-forward only

You can replace "git config" with "git config --global" to set a default
preference for all repositories. You can also pass --rebase, --no-rebase,
or --ff-only on the command line to override the configured default per
invocation.

=============================
HardenedBSD Master git Server
=============================

Please note that connections and activity to this server are logged.
This server, git-01.md.hardenedbsd.org, acts as the source-of-truth
server for the HardenedBSD repositories.

Banner last updated: 10 Feb 2020 09:32 EST

Already up to date.
==== merge branches ====
==== merge github/master branch ====
Already up to date.
=============================
HardenedBSD Master git Server
=============================

Please note that connections and activity to this server are logged.
This server, git-01.md.hardenedbsd.org, acts as the source-of-truth
server for the HardenedBSD repositories.

Banner last updated: 10 Feb 2020 09:32 EST

Everything up-to-date
==== END: master ====
==== BEGIN: master ====
current branch: master
mergeable branch: freebsd/master
==== change branch ====
Already on 'master'
Your branch is up to date with 'origin/master'.
==== show current branch ====
* master
==== check for stale changes ====
==== update to latest origin ====
warning: Pulling without specifying how to reconcile divergent branches is
discouraged. You can squelch this message by running one of the following
commands sometime before your next pull:

  git config pull.rebase false  # merge (the default strategy)
  git config pull.rebase true   # rebase
  git config pull.ff only       # fast-forward only

You can replace "git config" with "git config --global" to set a default
preference for all repositories. You can also pass --rebase, --no-rebase,
or --ff-only on the command line to override the configured default per
invocation.

=============================
HardenedBSD Master git Server
=============================

Please note that connections and activity to this server are logged.
This server, git-01.md.hardenedbsd.org, acts as the source-of-truth
server for the HardenedBSD repositories.

Banner last updated: 10 Feb 2020 09:32 EST

Already up to date.
==== merge branches ====
==== merge freebsd/master branch ====
Auto-merging security/keybase/Makefile
Merge made by the 'recursive' strategy.
 biology/py-bx-python/Makefile                |   3 +-
 biology/py-bx-python/distinfo                |   6 +-
 databases/py-geoalchemy2/Makefile            |   3 +-
 databases/py-geoalchemy2/distinfo            |   6 +-
 databases/py-marshmallow-sqlalchemy/Makefile |   2 +-
 databases/py-sqlalchemy11/Makefile           |  12 +-
 databases/py-sqlalchemy12/Makefile           |  12 +-
 databases/py-sqlalchemy13/Makefile           |  12 +-
 devel/Makefile                               |   3 +
 devel/libhid/Makefile                        |   2 +-
 devel/protobuf/Makefile                      |   2 +-
 devel/protobuf/distinfo                      |   6 +-
 devel/protobuf/pkg-plist                     |   6 +-
 devel/py-ejson/pkg-descr                     |   2 +-
 devel/py-gevent/Makefile                     |   6 +-
 devel/py-glance-store/Makefile               |  10 +-
 devel/py-hypothesis/Makefile                 |   1 +
 devel/py-keystoneauth1/Makefile              |  13 +++
 devel/py-logilab-common/Makefile             |   2 +-
 devel/py-logilab-common/distinfo             |   6 +-
 devel/py-openstacksdk/Makefile               |  21 +---
 devel/py-openstacksdk/distinfo               |   6 +-
 devel/py-openstacksdk043/Makefile            |  53 +++++++++
 devel/py-openstacksdk043/distinfo            |   3 +
 devel/py-openstacksdk043/pkg-descr           |  15 +++
 devel/py-os-client-config1/Makefile          |  14 ++-
 devel/py-osc-lib1/Makefile                   |   5 +-
 devel/py-prance/Makefile                     |   2 +-
 devel/py-prance/distinfo                     |   6 +-
 devel/py-pyperf/Makefile                     |   6 +
 devel/py-twine/Makefile                      |   8 +-
 devel/py-twine/distinfo                      |   6 +-
 devel/rubygem-aws-partitions/Makefile        |   2 +-
 devel/rubygem-aws-partitions/distinfo        |   6 +-
 devel/rubygem-aws-sdk-amplify/Makefile       |   2 +-
 devel/rubygem-aws-sdk-amplify/distinfo       |   6 +-
 devel/rubygem-aws-sdk-autoscaling/Makefile   |   2 +-
 devel/rubygem-aws-sdk-autoscaling/distinfo   |   6 +-
 devel/rubygem-aws-sdk-backup/Makefile        |   2 +-
 devel/rubygem-aws-sdk-backup/distinfo        |   6 +-
 devel/rubygem-aws-sdk-codecommit/Makefile    |   2 +-
 devel/rubygem-aws-sdk-codecommit/distinfo    |   6 +-
 devel/rubygem-aws-sdk-core/Makefile          |   2 +-
 devel/rubygem-aws-sdk-core/distinfo          |   6 +-
 devel/rubygem-aws-sdk-core2/Makefile         |   2 +-
 devel/rubygem-aws-sdk-core2/distinfo         |   6 +-
 devel/rubygem-aws-sdk-emr/Makefile           |   2 +-
 devel/rubygem-aws-sdk-emr/distinfo           |   6 +-
 devel/rubygem-aws-sdk-fsx/Makefile           |   2 +-
 devel/rubygem-aws-sdk-fsx/distinfo           |   6 +-
 devel/rubygem-aws-sdk-honeycode/Makefile     |  22 ++++
 devel/rubygem-aws-sdk-honeycode/distinfo     |   3 +
 devel/rubygem-aws-sdk-honeycode/pkg-descr    |   4 +
 devel/rubygem-aws-sdk-iam/Makefile           |   2 +-
 devel/rubygem-aws-sdk-iam/distinfo           |   6 +-
 devel/rubygem-aws-sdk-organizations/Makefile |   2 +-
 devel/rubygem-aws-sdk-organizations/distinfo |   6 +-
 devel/rubygem-aws-sdk-resources/Makefile     |   3 +-
 devel/rubygem-aws-sdk-resources/distinfo     |   6 +-
 devel/rubygem-aws-sdk-resources2/Makefile    |   2 +-
 devel/rubygem-aws-sdk-resources2/distinfo    |   6 +-
 devel/rubygem-aws-sdk2/Makefile              |   2 +-
 devel/rubygem-aws-sdk2/distinfo              |   6 +-
 devel/rubygem-aws-sigv4/Makefile             |   2 +-
 devel/rubygem-aws-sigv4/distinfo             |   6 +-
 devel/rubygem-ddtrace/Makefile               |   2 +-
 devel/rubygem-ddtrace/distinfo               |   6 +-
 devel/rubygem-sentry-raven/Makefile          |   5 +-
 devel/rubygem-sentry-raven/distinfo          |   6 +-
 devel/rubygem-sentry-raven2/Makefile         |  27 +++++
 devel/rubygem-sentry-raven2/distinfo         |   3 +
 devel/rubygem-sentry-raven2/pkg-descr        |   4 +
 devel/sonar-scanner-cli/Makefile             |   2 +-
 devel/sonar-scanner-cli/distinfo             |   6 +-
 dns/py-publicsuffixlist/Makefile             |   3 +-
 dns/py-publicsuffixlist/distinfo             |   6 +-
 ftp/curl/Makefile                            |   3 -
 ftp/curl/pkg-plist                           | 166 +++++++++++++++++++++++++++
 misc/openhab2-addons/Makefile                |   2 +-
 misc/openhab2-addons/distinfo                |   6 +-
 misc/openhab2/Makefile                       |   2 +-
 misc/openhab2/distinfo                       |   6 +-
 net/openmpi/Makefile                         |   4 +-
 net/openmpi/distinfo                         |   6 +-
 net/openmpi/pkg-plist                        |  20 ++--
 net/rubygem-fog-aliyun/Makefile              |   4 +-
 net/rubygem-fog-aliyun/distinfo              |   6 +-
 net/rubygem-opennebula/Makefile              |   2 +-
 net/rubygem-opennebula/distinfo              |   6 +-
 net/rubygem-opennebula/pkg-descr             |   2 +-
 security/keybase/Makefile                    |   2 +-
 security/keybase/distinfo                    |   6 +-
 security/py-certifi/Makefile                 |   2 +-
 security/py-certifi/distinfo                 |   6 +-
 shells/zsh-completions/Makefile              |   2 +-
 shells/zsh-completions/distinfo              |   6 +-
 shells/zsh-completions/pkg-plist             |   6 +
 sysutils/b2sum/Makefile                      |   1 -
 sysutils/b2sum/distinfo                      |   6 +-
 sysutils/beats7/pkg-plist                    |  13 +--
 sysutils/debhelper/Makefile                  |   3 +-
 sysutils/debhelper/files/patch-Makefile      |  16 ++-
 textproc/asciidoc/Makefile                   |   2 +-
 textproc/asciidoc/files/patch-Makefile.in    |  50 ++++++++
 textproc/rubygem-autoprefixer-rails/Makefile |   2 +-
 textproc/rubygem-autoprefixer-rails/distinfo |   6 +-
 textproc/rubygem-jekyll-feed/Makefile        |   6 +-
 textproc/rubygem-jekyll-feed/distinfo        |   6 +-
 www/Makefile                                 |   1 +
 www/ckeditor/Makefile                        |   2 +-
 www/ckeditor/distinfo                        |   6 +-
 www/gitlab-ce/Makefile                       |   4 +-
 www/py-betamax/Makefile                      |  22 ++++
 www/py-betamax/distinfo                      |   3 +
 www/py-betamax/pkg-descr                     |   4 +
 www/py-dj22-django-redis/Makefile            |   1 +
 www/py-dj22-django-taggit/Makefile           |   1 +
 www/py-dj22-djangorestframework/Makefile     |   1 +
 www/py-django-redis/Makefile                 |   6 +-
 www/py-django-redis/distinfo                 |   6 +-
 www/py-hstspreload/Makefile                  |   2 +-
 www/py-hstspreload/distinfo                  |   6 +-
 www/py-imdbpy/Makefile                       |  14 ++-
 www/py-uvicorn/Makefile                      |   7 +-
 www/rubygem-jekyll/Makefile                  |   2 +-
 www/rubygem-jekyll/distinfo                  |   6 +-
 www/trac-discussion/pkg-descr                |   2 +-
 127 files changed, 691 insertions(+), 261 deletions(-)
 create mode 100644 devel/py-openstacksdk043/Makefile
 create mode 100644 devel/py-openstacksdk043/distinfo
 create mode 100644 devel/py-openstacksdk043/pkg-descr
 create mode 100644 devel/rubygem-aws-sdk-honeycode/Makefile
 create mode 100644 devel/rubygem-aws-sdk-honeycode/distinfo
 create mode 100644 devel/rubygem-aws-sdk-honeycode/pkg-descr
 create mode 100644 devel/rubygem-sentry-raven2/Makefile
 create mode 100644 devel/rubygem-sentry-raven2/distinfo
 create mode 100644 devel/rubygem-sentry-raven2/pkg-descr
 create mode 100644 textproc/asciidoc/files/patch-Makefile.in
 create mode 100644 www/py-betamax/Makefile
 create mode 100644 www/py-betamax/distinfo
 create mode 100644 www/py-betamax/pkg-descr
=============================
HardenedBSD Master git Server
=============================

Please note that connections and activity to this server are logged.
This server, git-01.md.hardenedbsd.org, acts as the source-of-truth
server for the HardenedBSD repositories.

Banner last updated: 10 Feb 2020 09:32 EST

remote: To github.com:HardenedBSD/hardenedbsd-ports.git        
remote:    7772d9d47880..d78c10fc8535  master -> master
remote:    23e76cd01455..7772d9d47880  github/master -> github/master
remote:  ! [remote rejected]           refs/pull/2/head -> refs/pull/2/head (deny updating a hidden ref)        
remote: error: failed to push some refs to 'github.com:HardenedBSD/hardenedbsd-ports.git'        
To git-01.md.hardenedbsd.org:HardenedBSD/hardenedbsd-ports.git
   7772d9d47880..d78c10fc8535  master -> master
==== END: master ====
