==== BEGIN: master ====
current branch: master
mergeable branch: github/master
==== change branch ====
Already on 'master'
Your branch is up to date with 'origin/master'.
==== show current branch ====
* master
==== check for stale changes ====
==== update to latest origin ====
warning: Pulling without specifying how to reconcile divergent branches is
discouraged. You can squelch this message by running one of the following
commands sometime before your next pull:

  git config pull.rebase false  # merge (the default strategy)
  git config pull.rebase true   # rebase
  git config pull.ff only       # fast-forward only

You can replace "git config" with "git config --global" to set a default
preference for all repositories. You can also pass --rebase, --no-rebase,
or --ff-only on the command line to override the configured default per
invocation.

=============================
HardenedBSD Master git Server
=============================

Please note that connections and activity to this server are logged.
This server, git-01.md.hardenedbsd.org, acts as the source-of-truth
server for the HardenedBSD repositories.

Banner last updated: 10 Feb 2020 09:32 EST

Already up to date.
==== merge branches ====
==== merge github/master branch ====
Already up to date.
=============================
HardenedBSD Master git Server
=============================

Please note that connections and activity to this server are logged.
This server, git-01.md.hardenedbsd.org, acts as the source-of-truth
server for the HardenedBSD repositories.

Banner last updated: 10 Feb 2020 09:32 EST

Everything up-to-date
==== END: master ====
==== BEGIN: master ====
current branch: master
mergeable branch: freebsd/master
==== change branch ====
Already on 'master'
Your branch is up to date with 'origin/master'.
==== show current branch ====
* master
==== check for stale changes ====
==== update to latest origin ====
warning: Pulling without specifying how to reconcile divergent branches is
discouraged. You can squelch this message by running one of the following
commands sometime before your next pull:

  git config pull.rebase false  # merge (the default strategy)
  git config pull.rebase true   # rebase
  git config pull.ff only       # fast-forward only

You can replace "git config" with "git config --global" to set a default
preference for all repositories. You can also pass --rebase, --no-rebase,
or --ff-only on the command line to override the configured default per
invocation.

=============================
HardenedBSD Master git Server
=============================

Please note that connections and activity to this server are logged.
This server, git-01.md.hardenedbsd.org, acts as the source-of-truth
server for the HardenedBSD repositories.

Banner last updated: 10 Feb 2020 09:32 EST

Already up to date.
==== merge branches ====
==== merge freebsd/master branch ====
Removing multimedia/shotcut/files/patch-src_widgets_scopes_videohistogramscopewidget.cpp
Auto-merging java/openjdk11/Makefile
Removing audio/audacity/files/patch-cmake-proxies_sbsms_CMakeLists.txt
Merge made by the 'recursive' strategy.
 audio/audacity/Makefile                            |  12 +-
 audio/audacity/distinfo                            |   6 +-
 .../files/patch-cmake-proxies_CMakeLists.txt       |   6 +-
 .../files/patch-cmake-proxies_sbsms_CMakeLists.txt |  10 -
 .../patch-lib-src_libnyquist_nyquist_cmt_cext.h    |   2 +-
 .../patch-lib-src_libnyquist_nyquist_xlisp_xlisp.h |   2 +-
 audio/audacity/files/patch-src_AboutDialog.cpp     |  11 ++
 audio/audacity/files/patch-src_AudioIO.cpp         |   6 +-
 audio/audacity/files/patch-src_FFmpeg.h            |   6 +-
 audio/audacity/pkg-plist                           |   1 +
 devel/libchipcard/Makefile                         |   3 +-
 java/openjdk11/Makefile                            |   2 +-
 .../files/patch-make_lib_Awt2dLibraries.gmk        |  11 ++
 ...op_share_native_libfontmanager_freetypeScaler.c | 214 +++++++++++++++++++++
 lang/python-doc-html/distinfo                      |  18 +-
 lang/python37/Makefile                             |   5 -
 lang/python37/Makefile.version                     |   2 +-
 lang/python37/distinfo                             |  10 +-
 lang/python37/pkg-plist                            |   7 +-
 multimedia/shotcut/Makefile                        |   6 +-
 multimedia/shotcut/distinfo                        |   6 +-
 ...rc_widgets_scopes_videohistogramscopewidget.cpp |  10 -
 multimedia/shotcut/pkg-plist                       |  27 ++-
 23 files changed, 303 insertions(+), 80 deletions(-)
 delete mode 100644 audio/audacity/files/patch-cmake-proxies_sbsms_CMakeLists.txt
 create mode 100644 audio/audacity/files/patch-src_AboutDialog.cpp
 create mode 100644 java/openjdk11/files/patch-make_lib_Awt2dLibraries.gmk
 create mode 100644 java/openjdk11/files/patch-src_java.desktop_share_native_libfontmanager_freetypeScaler.c
 delete mode 100644 multimedia/shotcut/files/patch-src_widgets_scopes_videohistogramscopewidget.cpp
=============================
HardenedBSD Master git Server
=============================

Please note that connections and activity to this server are logged.
This server, git-01.md.hardenedbsd.org, acts as the source-of-truth
server for the HardenedBSD repositories.

Banner last updated: 10 Feb 2020 09:32 EST

remote: To github.com:HardenedBSD/hardenedbsd-ports.git        
remote:    6181dd349fa9..a9fb8f97f058  master -> master        
remote:    a8d73d39535a..6181dd349fa9  github/master -> github/master        
remote:  ! [remote rejected]           refs/pull/2/head -> refs/pull/2/head (deny updating a hidden ref)
remote: error: failed to push some refs to 'github.com:HardenedBSD/hardenedbsd-ports.git'        
To git-01.md.hardenedbsd.org:HardenedBSD/hardenedbsd-ports.git
   6181dd349fa9..a9fb8f97f058  master -> master
==== END: master ====
