==== BEGIN: master ====
current branch: master
mergeable branch: github/master
==== change branch ====
Already on 'master'
Your branch is up to date with 'origin/master'.
==== show current branch ====
* master
==== check for stale changes ====
==== update to latest origin ====
Already up to date.
==== merge branches ====
==== merge github/master branch ====
Already up to date.
Everything up-to-date
==== END: master ====
==== BEGIN: master ====
current branch: master
mergeable branch: freebsd/master
==== change branch ====
Already on 'master'
Your branch is up to date with 'origin/master'.
==== show current branch ====
* master
==== check for stale changes ====
==== update to latest origin ====
Already up to date.
==== merge branches ====
==== merge freebsd/master branch ====
Removing math/jakarta-commons-math3/pkg-descr
Removing math/jakarta-commons-math3/distinfo
Auto-merging databases/mysql57-server/Makefile
Merge made by the 'recursive' strategy.
 MOVED                                              |     1 +
 audio/openal-soft/Makefile                         |     2 +-
 audio/openal-soft/distinfo                         |     6 +-
 audio/openal-soft/files/patch-CMakeLists.txt       |    10 +-
 audio/openal-soft/pkg-plist                        |     3 +-
 cad/Makefile                                       |     1 +
 cad/PrusaSlicer/Makefile                           |    36 +
 cad/PrusaSlicer/distinfo                           |     3 +
 .../files/patch-src-avrdude-libavrdude.h           |    11 +
 .../files/patch-src-slic3r-GUI-GUI_App.cpp         |    11 +
 .../files/patch-src-slic3r-GUI-GUI_Utils.cpp       |    20 +
 .../files/patch-src-slic3r-GUI-GUI_Utils.hpp       |    20 +
 cad/PrusaSlicer/pkg-descr                          |     7 +
 cad/PrusaSlicer/pkg-plist                          |   246 +
 databases/mysql56-server/Makefile                  |     2 +-
 databases/mysql57-server/Makefile                  |     2 +-
 databases/mysql80-server/Makefile                  |     2 +-
 devel/py-llvmlite/Makefile                         |    38 +-
 devel/py-llvmlite/distinfo                         |     6 +-
 devel/py-llvmlite/files/patch-ffi-Makefile.freebsd |    12 +-
 devel/py-numba/Makefile                            |     7 +-
 devel/py-numba/distinfo                            |     6 +-
 devel/tbb/Makefile                                 |     2 +-
 devel/tbb/distinfo                                 |     6 +-
 devel/tbb/pkg-plist                                | 23011 ++++++++++---------
 ftp/php74-ftp/Makefile                             |     1 -
 lang/php72/Makefile                                |     2 +-
 lang/php72/distinfo                                |     6 +-
 lang/php73/Makefile                                |     2 +-
 lang/php73/distinfo                                |     6 +-
 lang/php74/Makefile                                |     2 +-
 lang/php74/distinfo                                |     6 +-
 lang/rust-nightly/Makefile                         |    10 +-
 lang/rust-nightly/distinfo                         |    30 +-
 ...librustc__target_spec_i686__unknown__freebsd.rs |    13 +-
 lang/rust/Makefile                                 |     7 -
 math/Makefile                                      |     2 +-
 .../Makefile                                       |    27 +-
 math/apache-commons-math/distinfo                  |     5 +
 .../files/patch-build.xml                          |    34 +-
 math/apache-commons-math/pkg-descr                 |    17 +
 math/jakarta-commons-math3/distinfo                |     4 -
 math/jakarta-commons-math3/pkg-descr               |     5 -
 multimedia/obs-studio/Makefile                     |    10 +-
 multimedia/obs-studio/pkg-plist                    |     2 +-
 security/testssl.sh/Makefile                       |     2 +-
 security/testssl.sh/distinfo                       |     6 +-
 security/testssl.sh/pkg-plist                      |     1 +
 security/vuxml/vuln.xml                            |    49 +
 sysutils/runit-faster/Makefile                     |     2 +
 textproc/Makefile                                  |     1 +
 textproc/elasticsearch7/Makefile                   |   135 +
 textproc/elasticsearch7/distinfo                   |     3 +
 textproc/elasticsearch7/files/elasticsearch.in     |   130 +
 .../files/patch-config_elasticsearch.yml           |    22 +
 .../elasticsearch7/files/patch-config_jvm.options  |    15 +
 textproc/elasticsearch7/files/pkg-message.in       |    34 +
 textproc/elasticsearch7/pkg-descr                  |     4 +
 textproc/libebml/pkg-plist                         |     2 +-
 59 files changed, 12421 insertions(+), 11647 deletions(-)
 create mode 100644 cad/PrusaSlicer/Makefile
 create mode 100644 cad/PrusaSlicer/distinfo
 create mode 100644 cad/PrusaSlicer/files/patch-src-avrdude-libavrdude.h
 create mode 100644 cad/PrusaSlicer/files/patch-src-slic3r-GUI-GUI_App.cpp
 create mode 100644 cad/PrusaSlicer/files/patch-src-slic3r-GUI-GUI_Utils.cpp
 create mode 100644 cad/PrusaSlicer/files/patch-src-slic3r-GUI-GUI_Utils.hpp
 create mode 100644 cad/PrusaSlicer/pkg-descr
 create mode 100644 cad/PrusaSlicer/pkg-plist
 rename math/{jakarta-commons-math3 => apache-commons-math}/Makefile (64%)
 create mode 100644 math/apache-commons-math/distinfo
 rename math/{jakarta-commons-math3 => apache-commons-math}/files/patch-build.xml (72%)
 create mode 100644 math/apache-commons-math/pkg-descr
 delete mode 100644 math/jakarta-commons-math3/distinfo
 delete mode 100644 math/jakarta-commons-math3/pkg-descr
 create mode 100644 textproc/elasticsearch7/Makefile
 create mode 100644 textproc/elasticsearch7/distinfo
 create mode 100644 textproc/elasticsearch7/files/elasticsearch.in
 create mode 100644 textproc/elasticsearch7/files/patch-config_elasticsearch.yml
 create mode 100644 textproc/elasticsearch7/files/patch-config_jvm.options
 create mode 100644 textproc/elasticsearch7/files/pkg-message.in
 create mode 100644 textproc/elasticsearch7/pkg-descr
remote: To github.com:HardenedBSD/hardenedbsd-ports.git        
remote:    51137ef30e10..fc35cfdb18ce  master -> master        
remote:    7b13d3ea466e..51137ef30e10  github/master -> github/master        
To git-01.md.hardenedbsd.org:HardenedBSD/hardenedbsd-ports.git
   51137ef30e10..fc35cfdb18ce  master -> master
==== END: master ====
