==== BEGIN: master ====
current branch: master
mergeable branch: github/master
==== change branch ====
Already on 'master'
Your branch is up to date with 'origin/master'.
==== show current branch ====
* master
==== check for stale changes ====
==== update to latest origin ====
warning: Pulling without specifying how to reconcile divergent branches is
discouraged. You can squelch this message by running one of the following
commands sometime before your next pull:

  git config pull.rebase false  # merge (the default strategy)
  git config pull.rebase true   # rebase
  git config pull.ff only       # fast-forward only

You can replace "git config" with "git config --global" to set a default
preference for all repositories. You can also pass --rebase, --no-rebase,
or --ff-only on the command line to override the configured default per
invocation.

=============================
HardenedBSD Master git Server
=============================

Please note that connections and activity to this server are logged.
This server, git-01.md.hardenedbsd.org, acts as the source-of-truth
server for the HardenedBSD repositories.

Banner last updated: 10 Feb 2020 09:32 EST

Already up to date.
==== merge branches ====
==== merge github/master branch ====
Updating edd5bbbd0621..40b21faae556
Fast-forward
 audio/qmidictl/Makefile                            |   2 +-
 audio/qmidictl/distinfo                            |   6 +-
 databases/pg_citus/Makefile                        |   2 +-
 databases/pg_citus/distinfo                        |   6 +-
 databases/pg_citus/pkg-plist                       |   9 +-
 graphics/py-mpl-scatter-density/Makefile           |   4 +-
 graphics/py-mpl-scatter-density/distinfo           |   6 +-
 lang/gcc10-devel/Makefile                          |   2 +-
 lang/gcc10-devel/distinfo                          |   6 +-
 lang/py-textX/Makefile                             |   3 +-
 lang/py-textX/distinfo                             |   6 +-
 multimedia/termplay/Makefile                       | 141 +++---
 multimedia/termplay/distinfo                       | 282 ++++++------
 ...h-cargo-crates_gstreamer-0.11.2_src_iterator.rs |  38 --
 net-im/ssh-chat/Makefile                           |  10 +-
 net-im/ssh-chat/distinfo                           |  22 +-
 security/softether/files/patch-openssl             |  14 -
 shells/starship/Makefile                           | 246 ++++++-----
 shells/starship/distinfo                           | 486 ++++++++++++---------
 www/Makefile                                       |   1 +
 www/py-django31/Makefile                           |  70 +++
 www/py-django31/distinfo                           |   3 +
 www/py-django31/pkg-descr                          |  10 +
 23 files changed, 782 insertions(+), 593 deletions(-)
 delete mode 100644 multimedia/termplay/files/patch-cargo-crates_gstreamer-0.11.2_src_iterator.rs
 delete mode 100644 security/softether/files/patch-openssl
 create mode 100644 www/py-django31/Makefile
 create mode 100644 www/py-django31/distinfo
 create mode 100644 www/py-django31/pkg-descr
=============================
HardenedBSD Master git Server
=============================

Please note that connections and activity to this server are logged.
This server, git-01.md.hardenedbsd.org, acts as the source-of-truth
server for the HardenedBSD repositories.

Banner last updated: 10 Feb 2020 09:32 EST

remote: From github.com:HardenedBSD/hardenedbsd-ports        
remote:    edd5bbbd0621..40b21faae556  master     -> github/master        
remote: To github.com:HardenedBSD/hardenedbsd-ports.git        
remote:    f60df683b251..40b21faae556  github/master -> github/master        
remote:  ! [remote rejected]           refs/pull/2/head -> refs/pull/2/head (deny updating a hidden ref)        
remote: error: failed to push some refs to 'github.com:HardenedBSD/hardenedbsd-ports.git'        
To git-01.md.hardenedbsd.org:HardenedBSD/hardenedbsd-ports.git
   edd5bbbd0621..40b21faae556  master -> master
==== END: master ====
==== BEGIN: master ====
current branch: master
mergeable branch: freebsd/master
==== change branch ====
Already on 'master'
Your branch is up to date with 'origin/master'.
==== show current branch ====
* master
==== check for stale changes ====
==== update to latest origin ====
warning: Pulling without specifying how to reconcile divergent branches is
discouraged. You can squelch this message by running one of the following
commands sometime before your next pull:

  git config pull.rebase false  # merge (the default strategy)
  git config pull.rebase true   # rebase
  git config pull.ff only       # fast-forward only

You can replace "git config" with "git config --global" to set a default
preference for all repositories. You can also pass --rebase, --no-rebase,
or --ff-only on the command line to override the configured default per
invocation.

=============================
HardenedBSD Master git Server
=============================

Please note that connections and activity to this server are logged.
This server, git-01.md.hardenedbsd.org, acts as the source-of-truth
server for the HardenedBSD repositories.

Banner last updated: 10 Feb 2020 09:32 EST

Already up to date.
==== merge branches ====
==== merge freebsd/master branch ====
Merge made by the 'recursive' strategy.
 devel/jenkins-lts/Makefile              |  2 +-
 devel/jenkins-lts/distinfo              |  6 +--
 devel/jenkins-lts/files/jenkins.in      |  2 +-
 devel/jenkins-lts/pkg-message           |  5 +-
 devel/jenkins/Makefile                  |  2 +-
 devel/jenkins/distinfo                  |  6 +--
 devel/jenkins/files/jenkins.in          |  2 +-
 devel/jenkins/pkg-message               |  5 +-
 devel/py-keystone-engine/pkg-descr      |  2 +-
 editors/neovim/Makefile                 |  2 +-
 editors/neovim/distinfo                 |  6 +--
 math/gh-bc/Makefile                     |  2 +-
 math/gh-bc/distinfo                     |  6 +--
 net-im/signal-cli/Makefile              | 89 ++++++++++++++++++++++-----------
 net-im/signal-cli/distinfo              | 80 ++++++++++++++++++++---------
 net-im/signal-cli/files/build.gradle.in | 33 ++++++------
 net-im/signal-cli/files/signal-cli.in   |  2 -
 net-im/signal-cli/pkg-plist             | 38 ++++++++++----
 net/kafka/Makefile                      |  2 +-
 net/kafka/distinfo                      |  6 +--
 net/kafka/pkg-plist                     | 31 ++++++------
 www/p5-Mozilla-CA/Makefile              |  5 +-
 www/p5-Mozilla-CA/distinfo              |  6 +--
 23 files changed, 214 insertions(+), 126 deletions(-)
=============================
HardenedBSD Master git Server
=============================

Please note that connections and activity to this server are logged.
This server, git-01.md.hardenedbsd.org, acts as the source-of-truth
server for the HardenedBSD repositories.

Banner last updated: 10 Feb 2020 09:32 EST

remote: To github.com:HardenedBSD/hardenedbsd-ports.git        
remote:    40b21faae556..c5f2bd00c407  master -> master        
remote:  ! [remote rejected]           refs/pull/2/head -> refs/pull/2/head (deny updating a hidden ref)
remote: error: failed to push some refs to 'github.com:HardenedBSD/hardenedbsd-ports.git'        
To git-01.md.hardenedbsd.org:HardenedBSD/hardenedbsd-ports.git
   40b21faae556..c5f2bd00c407  master -> master
==== END: master ====
