==== BEGIN: master ====
current branch: master
mergeable branch: freebsd/master
==== change branch ====
Already on 'master'
Your branch is up to date with 'origin/master'.
==== show current branch ====
* master
==== check for stale changes ====
==== update to latest origin ====
Already up to date.
==== merge branches ====
==== merge freebsd/master branch ====
Auto-merging net/ntopng/Makefile
Removing net/ndpi/files/patch-src_lib_protocols_quic.c
Removing net/ndpi/files/patch-src_lib_ndpi__main.c
Merge made by the 'recursive' strategy.
 databases/lmdb/Makefile                            |    1 +
 databases/lmdb/files/patch-mdb.c                   |   19 +-
 databases/redis-devel/Makefile                     |    5 +-
 devel/entt/Makefile                                |    2 +-
 devel/entt/distinfo                                |    6 +-
 devel/intel-graphics-compiler/files/patch-unix     |    2 +-
 devel/jetbrains-clion/Makefile                     |    2 +-
 devel/jetbrains-clion/distinfo                     |    6 +-
 devel/jetbrains-clion/pkg-plist                    | 3678 +++++++++-----------
 devel/jetbrains-goland/Makefile                    |    2 +-
 devel/jetbrains-goland/distinfo                    |    6 +-
 devel/jetbrains-goland/pkg-plist                   |  133 +-
 devel/meson/Makefile                               |    2 +-
 devel/meson/distinfo                               |    6 +-
 devel/p5-Connector/Makefile                        |    2 +-
 devel/p5-Connector/distinfo                        |    6 +-
 devel/p5-DateTime-TimeZone/Makefile                |    2 +-
 devel/p5-DateTime-TimeZone/distinfo                |    6 +-
 devel/php-composer/Makefile                        |    2 +-
 devel/php-composer/distinfo                        |    6 +-
 devel/py-python-gist/Makefile                      |    2 +-
 devel/py-python-gist/distinfo                      |    6 +-
 games/iortcw/Makefile                              |    2 +-
 graphics/openorienteering-mapper/Makefile          |    2 +-
 graphics/openorienteering-mapper/distinfo          |    6 +-
 .../files/patch-CMakeLists.txt                     |    8 +-
 .../files/patch-packaging_CMakeLists.txt           |    4 +-
 .../files/patch-packaging_custom__install.cmake.in |    6 +-
 .../files/patch-src_CMakeLists.txt                 |    8 +-
 .../files/patch-src_gdal_CMakeLists.txt            |    6 +-
 .../files/patch-src_mapper__config.h.in            |    4 +-
 .../files/patch-src_sensors_CMakeLists.txt         |    6 +-
 graphics/openorienteering-mapper/pkg-plist         |   17 +-
 graphics/py-glfw/Makefile                          |    2 +-
 graphics/py-glfw/distinfo                          |    6 +-
 graphics/py-pyrsgis/Makefile                       |    2 +-
 graphics/py-pyrsgis/distinfo                       |    6 +-
 irc/bitlbee-mastodon/Makefile                      |    9 +-
 irc/bitlbee-mastodon/distinfo                      |    6 +-
 lang/nim/Makefile                                  |    2 +-
 lang/nim/distinfo                                  |    6 +-
 lang/nim/files/patch-install.sh                    |   10 +-
 lang/nim/pkg-plist                                 |    1 -
 lang/python35/Makefile                             |    6 +-
 lang/python35/distinfo                             |    4 +-
 lang/python36/Makefile                             |    7 +-
 lang/python36/distinfo                             |    6 +-
 math/libnormaliz/Makefile                          |    2 +-
 math/libnormaliz/distinfo                          |    6 +-
 misc/netron/Makefile                               |   13 +-
 misc/netron/distinfo                               |   10 +-
 misc/openvdb/Makefile                              |    2 +-
 misc/py-tqdm/Makefile                              |    2 +-
 misc/py-tqdm/distinfo                              |    6 +-
 net/Makefile                                       |    1 +
 net/ndpi/Makefile                                  |    5 +-
 net/ndpi/distinfo                                  |    6 +-
 net/ndpi/files/patch-example_Makefile.in           |   24 +
 net/ndpi/files/patch-src_lib_Makefile.in           |    8 +-
 net/ndpi/files/patch-src_lib_ndpi__main.c          |   13 -
 net/ndpi/files/patch-src_lib_protocols_quic.c      |   13 -
 net/ndpi/pkg-plist                                 |    3 +
 net/ntopng/Makefile                                |    4 +-
 net/ntopng/distinfo                                |    6 +-
 net/openldap24-server/Makefile                     |    2 +-
 .../files/patch-libraries_liblmdb_mdb.c            |   14 +
 net/openldap24-server/files/slapd.in               |    8 +
 net/py-cloudscraper/Makefile                       |   28 +
 net/py-cloudscraper/distinfo                       |    3 +
 net/py-cloudscraper/pkg-descr                      |   14 +
 security/libssh/Makefile                           |   25 +-
 security/libssh/distinfo                           |    6 +-
 security/libssh/pkg-plist                          |    7 +-
 sysutils/getssl/Makefile                           |    3 +-
 sysutils/getssl/distinfo                           |    6 +-
 textproc/libebml/Makefile                          |    3 +-
 textproc/libebml/distinfo                          |    6 +-
 textproc/libebml/pkg-plist                         |    2 +-
 www/nift/Makefile                                  |    2 +-
 www/nift/distinfo                                  |    6 +-
 80 files changed, 2107 insertions(+), 2196 deletions(-)
 create mode 100644 net/ndpi/files/patch-example_Makefile.in
 delete mode 100644 net/ndpi/files/patch-src_lib_ndpi__main.c
 delete mode 100644 net/ndpi/files/patch-src_lib_protocols_quic.c
 create mode 100644 net/openldap24-server/files/patch-libraries_liblmdb_mdb.c
 create mode 100644 net/py-cloudscraper/Makefile
 create mode 100644 net/py-cloudscraper/distinfo
 create mode 100644 net/py-cloudscraper/pkg-descr
To github.com:HardenedBSD/hardenedbsd-ports.git
   ff5a66e2ee97..88f968a8a030  master -> master
==== END: master ====
