==== BEGIN: master ====
current branch: master
mergeable branch: github/master
==== change branch ====
Already on 'master'
Your branch is up to date with 'origin/master'.
==== show current branch ====
* master
==== check for stale changes ====
==== update to latest origin ====
warning: Pulling without specifying how to reconcile divergent branches is
discouraged. You can squelch this message by running one of the following
commands sometime before your next pull:

  git config pull.rebase false  # merge (the default strategy)
  git config pull.rebase true   # rebase
  git config pull.ff only       # fast-forward only

You can replace "git config" with "git config --global" to set a default
preference for all repositories. You can also pass --rebase, --no-rebase,
or --ff-only on the command line to override the configured default per
invocation.

=============================
HardenedBSD Master git Server
=============================

Please note that connections and activity to this server are logged.
This server, git-01.md.hardenedbsd.org, acts as the source-of-truth
server for the HardenedBSD repositories.

Banner last updated: 10 Feb 2020 09:32 EST

Already up to date.
==== merge branches ====
==== merge github/master branch ====
Already up to date.
=============================
HardenedBSD Master git Server
=============================

Please note that connections and activity to this server are logged.
This server, git-01.md.hardenedbsd.org, acts as the source-of-truth
server for the HardenedBSD repositories.

Banner last updated: 10 Feb 2020 09:32 EST

Everything up-to-date
==== END: master ====
==== BEGIN: master ====
current branch: master
mergeable branch: freebsd/master
==== change branch ====
Already on 'master'
Your branch is up to date with 'origin/master'.
==== show current branch ====
* master
==== check for stale changes ====
==== update to latest origin ====
warning: Pulling without specifying how to reconcile divergent branches is
discouraged. You can squelch this message by running one of the following
commands sometime before your next pull:

  git config pull.rebase false  # merge (the default strategy)
  git config pull.rebase true   # rebase
  git config pull.ff only       # fast-forward only

You can replace "git config" with "git config --global" to set a default
preference for all repositories. You can also pass --rebase, --no-rebase,
or --ff-only on the command line to override the configured default per
invocation.

=============================
HardenedBSD Master git Server
=============================

Please note that connections and activity to this server are logged.
This server, git-01.md.hardenedbsd.org, acts as the source-of-truth
server for the HardenedBSD repositories.

Banner last updated: 10 Feb 2020 09:32 EST

Already up to date.
==== merge branches ====
==== merge freebsd/master branch ====
Merge made by the 'recursive' strategy.
 audio/darkice/Makefile               |   2 +-
 audio/midi-matrix-lv2/Makefile       |   2 +-
 audio/midi-matrix-lv2/distinfo       |   6 +-
 audio/moony-lv2/Makefile             |   2 +-
 audio/moony-lv2/distinfo             |   6 +-
 audio/py-SoundFile/Makefile          |   4 +-
 audio/py-SoundFile/distinfo          |   6 +-
 audio/sherlock-lv2/Makefile          |   2 +-
 audio/sherlock-lv2/distinfo          |   6 +-
 audio/vm-lv2/Makefile                |   2 +-
 audio/vm-lv2/distinfo                |   6 +-
 math/lean/Makefile                   |  16 +-
 math/lean/distinfo                   |   6 +-
 math/lean/files/patch-CMakeLists.txt |  38 +++--
 math/lean/pkg-descr                  |   2 +-
 math/lean/pkg-plist                  | 317 ++++-------------------------------
 math/py-z3-solver/Makefile           |   2 +-
 math/py-z3-solver/distinfo           |   6 +-
 net/tcpslice/Makefile                |   4 +-
 net/tcpslice/distinfo                |   5 +-
 science/py-gsd/Makefile              |   2 +-
 science/py-gsd/distinfo              |   6 +-
 science/py-gsd/pkg-descr             |   2 +-
 textproc/Makefile                    |   1 +
 textproc/R-cran-commonmark/Makefile  |  15 ++
 textproc/R-cran-commonmark/distinfo  |   3 +
 textproc/R-cran-commonmark/pkg-descr |   8 +
 www/privatebin/Makefile              |   6 +-
 www/privatebin/distinfo              |   6 +-
 www/privatebin/pkg-plist             |   2 +-
 www/py-internetarchive/Makefile      |   8 +-
 www/py-pywikibot/Makefile            |   2 +-
 www/py-pywikibot/distinfo            |   6 +-
 x11-wm/spectrwm/Makefile             |   2 +-
 34 files changed, 160 insertions(+), 349 deletions(-)
 create mode 100644 textproc/R-cran-commonmark/Makefile
 create mode 100644 textproc/R-cran-commonmark/distinfo
 create mode 100644 textproc/R-cran-commonmark/pkg-descr
=============================
HardenedBSD Master git Server
=============================

Please note that connections and activity to this server are logged.
This server, git-01.md.hardenedbsd.org, acts as the source-of-truth
server for the HardenedBSD repositories.

Banner last updated: 10 Feb 2020 09:32 EST

remote: Auto packing the repository in background for optimum performance.        
remote: See "git help gc" for manual housekeeping.        
remote: To github.com:HardenedBSD/hardenedbsd-ports.git        
remote:    05a9ba146e17..3c62f0c2bf3b  master -> master        
remote:    12342a0770ec..05a9ba146e17  github/master -> github/master        
remote:  ! [remote rejected]           refs/pull/2/head -> refs/pull/2/head (deny updating a hidden ref)        
remote: error: failed to push some refs to 'github.com:HardenedBSD/hardenedbsd-ports.git'        
To git-01.md.hardenedbsd.org:HardenedBSD/hardenedbsd-ports.git
   05a9ba146e17..3c62f0c2bf3b  master -> master
==== END: master ====
