==== BEGIN: master ====
current branch: master
mergeable branch: github/master
==== change branch ====
Already on 'master'
Your branch is up to date with 'origin/master'.
==== show current branch ====
* master
==== check for stale changes ====
==== update to latest origin ====
warning: Pulling without specifying how to reconcile divergent branches is
discouraged. You can squelch this message by running one of the following
commands sometime before your next pull:

  git config pull.rebase false  # merge (the default strategy)
  git config pull.rebase true   # rebase
  git config pull.ff only       # fast-forward only

You can replace "git config" with "git config --global" to set a default
preference for all repositories. You can also pass --rebase, --no-rebase,
or --ff-only on the command line to override the configured default per
invocation.

=============================
HardenedBSD Master git Server
=============================

Please note that connections and activity to this server are logged.
This server, git-01.md.hardenedbsd.org, acts as the source-of-truth
server for the HardenedBSD repositories.

Banner last updated: 10 Feb 2020 09:32 EST

Already up to date.
==== merge branches ====
==== merge github/master branch ====
Already up to date.
=============================
HardenedBSD Master git Server
=============================

Please note that connections and activity to this server are logged.
This server, git-01.md.hardenedbsd.org, acts as the source-of-truth
server for the HardenedBSD repositories.

Banner last updated: 10 Feb 2020 09:32 EST

Everything up-to-date
==== END: master ====
==== BEGIN: master ====
current branch: master
mergeable branch: freebsd/master
==== change branch ====
Already on 'master'
Your branch is up to date with 'origin/master'.
==== show current branch ====
* master
==== check for stale changes ====
==== update to latest origin ====
warning: Pulling without specifying how to reconcile divergent branches is
discouraged. You can squelch this message by running one of the following
commands sometime before your next pull:

  git config pull.rebase false  # merge (the default strategy)
  git config pull.rebase true   # rebase
  git config pull.ff only       # fast-forward only

You can replace "git config" with "git config --global" to set a default
preference for all repositories. You can also pass --rebase, --no-rebase,
or --ff-only on the command line to override the configured default per
invocation.

=============================
HardenedBSD Master git Server
=============================

Please note that connections and activity to this server are logged.
This server, git-01.md.hardenedbsd.org, acts as the source-of-truth
server for the HardenedBSD repositories.

Banner last updated: 10 Feb 2020 09:32 EST

Already up to date.
==== merge branches ====
==== merge freebsd/master branch ====
Auto-merging www/node12/Makefile
Auto-merging multimedia/mpv/Makefile
Removing audio/opustags/files/patch-src_cli.cc
Merge made by the 'recursive' strategy.
 audio/opustags/Makefile               |  3 ++-
 audio/opustags/distinfo               |  6 +++---
 audio/opustags/files/patch-src_cli.cc | 10 ----------
 devel/cgit/Makefile                   |  3 ++-
 devel/py-fastnumbers/Makefile         |  2 +-
 devel/py-fastnumbers/distinfo         |  6 +++---
 devel/py-natsort/Makefile             |  2 +-
 devel/py-natsort/distinfo             |  6 +++---
 editors/o/Makefile                    |  6 +++---
 editors/o/distinfo                    | 14 +++++++-------
 games/emptyepsilon/Makefile           |  2 +-
 games/emptyepsilon/distinfo           | 10 +++++-----
 games/emptyepsilon/pkg-plist          | 36 ++++++++++++++++++++++-------------
 math/faiss/Makefile                   |  4 ++--
 math/faiss/distinfo                   |  6 +++---
 math/faiss/pkg-plist                  |  3 +++
 math/py-chaospy/Makefile              |  2 +-
 math/py-chaospy/distinfo              |  6 +++---
 math/py-numpoly/Makefile              |  2 +-
 math/py-numpoly/distinfo              |  6 +++---
 multimedia/mpv/Makefile               |  6 +++++-
 multimedia/mpv/distinfo               |  2 ++
 net-im/qTox/Makefile                  |  3 ++-
 net-im/qTox/distinfo                  |  6 +++---
 net-p2p/xmrig/Makefile                |  3 +--
 net-p2p/xmrig/distinfo                |  6 +++---
 net/py-python-socks/Makefile          |  2 +-
 net/py-python-socks/distinfo          |  6 +++---
 textproc/codespell/Makefile           |  2 +-
 textproc/codespell/distinfo           |  6 +++---
 www/node12/Makefile                   |  6 +++---
 www/node12/distinfo                   |  6 +++---
 32 files changed, 100 insertions(+), 89 deletions(-)
 delete mode 100644 audio/opustags/files/patch-src_cli.cc
=============================
HardenedBSD Master git Server
=============================

Please note that connections and activity to this server are logged.
This server, git-01.md.hardenedbsd.org, acts as the source-of-truth
server for the HardenedBSD repositories.

Banner last updated: 10 Feb 2020 09:32 EST

remote: To github.com:HardenedBSD/hardenedbsd-ports.git        
remote:    1d4b426436ad..7ba60eb4e6a7  master -> master        
remote:    148873d54328..1d4b426436ad  github/master -> github/master
remote:  ! [remote rejected]           refs/pull/10/head -> refs/pull/10/head (deny updating a hidden ref)        
remote:  ! [remote rejected]           refs/pull/11/head -> refs/pull/11/head (deny updating a hidden ref)        
remote:  ! [remote rejected]           refs/pull/12/head -> refs/pull/12/head (deny updating a hidden ref)        
remote:  ! [remote rejected]           refs/pull/14/head -> refs/pull/14/head (deny updating a hidden ref)        
remote:  ! [remote rejected]           refs/pull/15/head -> refs/pull/15/head (deny updating a hidden ref)
remote:  ! [remote rejected]           refs/pull/2/head -> refs/pull/2/head (deny updating a hidden ref)        
remote:  ! [remote rejected]           refs/pull/9/head -> refs/pull/9/head (deny updating a hidden ref)        
remote: error: failed to push some refs to 'github.com:HardenedBSD/hardenedbsd-ports.git'        
remote: . Processing 1 references        
remote: Processed 1 references in total        
To git-01.md.hardenedbsd.org:HardenedBSD/hardenedbsd-ports.git
   1d4b426436ad..7ba60eb4e6a7  master -> master
==== END: master ====
