==== BEGIN: master ====
current branch: master
mergeable branch: github/master
==== change branch ====
Already on 'master'
Your branch is up to date with 'origin/master'.
==== show current branch ====
* master
==== check for stale changes ====
==== update to latest origin ====
=============================
HardenedBSD Master git Server
=============================

Please note that connections and activity to this server are logged.
This server, git-01.md.hardenedbsd.org, acts as the source-of-truth
server for the HardenedBSD repositories.

Banner last updated: 10 Feb 2020 09:32 EST

Already up to date.
==== merge branches ====
==== merge github/master branch ====
Already up to date.
=============================
HardenedBSD Master git Server
=============================

Please note that connections and activity to this server are logged.
This server, git-01.md.hardenedbsd.org, acts as the source-of-truth
server for the HardenedBSD repositories.

Banner last updated: 10 Feb 2020 09:32 EST

Everything up-to-date
==== END: master ====
==== BEGIN: master ====
current branch: master
mergeable branch: freebsd/master
==== change branch ====
Already on 'master'
Your branch is up to date with 'origin/master'.
==== show current branch ====
* master
==== check for stale changes ====
==== update to latest origin ====
=============================
HardenedBSD Master git Server
=============================

Please note that connections and activity to this server are logged.
This server, git-01.md.hardenedbsd.org, acts as the source-of-truth
server for the HardenedBSD repositories.

Banner last updated: 10 Feb 2020 09:32 EST

Already up to date.
==== merge branches ====
==== merge freebsd/master branch ====
Merge made by the 'recursive' strategy.
 MOVED                                              |  1 -
 audio/Makefile                                     |  1 +
 audio/mixertui/Makefile                            |  4 +-
 audio/mixertui/distinfo                            |  6 +--
 audio/wmsmixer/Makefile                            | 32 ++++++++++++
 audio/wmsmixer/distinfo                            |  2 +
 audio/wmsmixer/files/patch-Imakefile               |  8 +++
 audio/wmsmixer/files/patch-mixctl.h                | 11 ++++
 audio/wmsmixer/files/patch-wmsmixer.cc             | 11 ++++
 audio/wmsmixer/pkg-descr                           |  4 ++
 benchmarks/stress-ng/Makefile                      |  2 +-
 benchmarks/stress-ng/distinfo                      |  6 +--
 databases/freetds-devel/Makefile                   |  2 +-
 databases/freetds-devel/distinfo                   |  6 +--
 databases/freetds/Makefile                         |  2 +-
 databases/freetds/distinfo                         |  6 +--
 databases/pspg/Makefile                            |  2 +-
 databases/pspg/distinfo                            |  6 +--
 devel/cargo-c/Makefile                             | 29 ++++++-----
 devel/cargo-c/distinfo                             | 58 +++++++++++-----------
 devel/liteide/Makefile                             |  6 +--
 devel/liteide/distinfo                             | 14 +++---
 ...atch-src_3rdparty_ptyqt_core_unixptyprocess.cpp | 18 +++++++
 devel/liteide/pkg-plist                            |  4 +-
 editors/focuswriter/Makefile                       |  2 +-
 editors/focuswriter/distinfo                       |  6 +--
 editors/libreoffice/Makefile                       |  4 +-
 games/gnuchess/Makefile                            |  6 +--
 games/gnuchess/distinfo                            |  6 +--
 games/gnuchess/pkg-plist                           |  8 +--
 lang/intel-compute-runtime/Makefile                |  3 +-
 lang/intel-compute-runtime/distinfo                |  6 +--
 lang/intel-compute-runtime/files/patch-includes    |  5 +-
 lang/intel-compute-runtime/files/patch-max_freq    | 15 +++---
 lang/intel-compute-runtime/files/patch-no-blitter  | 20 ++++----
 mail/msmtp/Makefile                                |  2 +-
 mail/msmtp/distinfo                                |  6 +--
 mail/msmtp/pkg-plist                               |  1 +
 net/py-gspread/Makefile                            |  8 +--
 net/py-gspread/distinfo                            |  6 +--
 sysutils/triton/Makefile                           |  2 +-
 sysutils/triton/distinfo                           |  6 +--
 sysutils/triton/pkg-plist                          |  8 ++-
 www/nginx-devel/Makefile                           |  2 +-
 www/nginx-devel/Makefile.extmod                    | 11 ++--
 .../extra-patch-nginx-http-footer-filter-config    | 12 +++++
 ...tra-patch-openresty-drizzle-nginx-module-config | 29 +++++++++--
 www/nginx-devel/pkg-plist                          |  5 ++
 48 files changed, 275 insertions(+), 145 deletions(-)
 create mode 100644 audio/wmsmixer/Makefile
 create mode 100644 audio/wmsmixer/distinfo
 create mode 100644 audio/wmsmixer/files/patch-Imakefile
 create mode 100644 audio/wmsmixer/files/patch-mixctl.h
 create mode 100644 audio/wmsmixer/files/patch-wmsmixer.cc
 create mode 100644 audio/wmsmixer/pkg-descr
 create mode 100644 devel/liteide/files/patch-src_3rdparty_ptyqt_core_unixptyprocess.cpp
 create mode 100644 www/nginx-devel/files/extra-patch-nginx-http-footer-filter-config
=============================
HardenedBSD Master git Server
=============================

Please note that connections and activity to this server are logged.
This server, git-01.md.hardenedbsd.org, acts as the source-of-truth
server for the HardenedBSD repositories.

Banner last updated: 10 Feb 2020 09:32 EST

remote: From github.com:HardenedBSD/hardenedbsd-ports        
remote:    3a309742f249..d9fce079fcd9  master     -> github/master        
remote: To github.com:HardenedBSD/hardenedbsd-ports.git        
remote:  ! [rejected]                  master -> master (atomic push failed)        
remote:  ! [rejected]                  github/master -> github/master (atomic push failed)        
remote:  ! [remote rejected]           refs/pull/2/head -> refs/pull/2/head (deny updating a hidden ref)        
remote: error: failed to push some refs to 'git@github.com:HardenedBSD/hardenedbsd-ports.git'        
To git-01.md.hardenedbsd.org:HardenedBSD/hardenedbsd-ports.git
   d9fce079fcd9..0d7a9555485f  master -> master
==== END: master ====
