==== BEGIN: master ====
current branch: master
mergeable branch: github/master
==== change branch ====
Already on 'master'
Your branch and 'origin/master' have diverged,
and have 1 and 7 different commits each, respectively.
  (use "git pull" to merge the remote branch into yours)
==== show current branch ====
* master
==== check for stale changes ====
==== update to latest origin ====
warning: Pulling without specifying how to reconcile divergent branches is
discouraged. You can squelch this message by running one of the following
commands sometime before your next pull:

  git config pull.rebase false  # merge (the default strategy)
  git config pull.rebase true   # rebase
  git config pull.ff only       # fast-forward only

You can replace "git config" with "git config --global" to set a default
preference for all repositories. You can also pass --rebase, --no-rebase,
or --ff-only on the command line to override the configured default per
invocation.

=============================
HardenedBSD Master git Server
=============================

Please note that connections and activity to this server are logged.
This server, git-01.md.hardenedbsd.org, acts as the source-of-truth
server for the HardenedBSD repositories.

Banner last updated: 10 Feb 2020 09:32 EST

Merge made by the 'recursive' strategy.
 databases/mongodb44/Makefile           |   3 +-
 databases/mongodb44/distinfo           |   6 +-
 www/Makefile                           |   1 +
 www/oauth2-proxy/Makefile              |  96 +++++++++++++++++++++++++++
 www/oauth2-proxy/distinfo              | 115 +++++++++++++++++++++++++++++++++
 www/oauth2-proxy/files/oauth2-proxy.in |  79 ++++++++++++++++++++++
 www/oauth2-proxy/pkg-descr             |   5 ++
 www/oauth2-proxy/pkg-plist             |  10 +++
 www/py-django-cors-headers/Makefile    |   4 +-
 www/py-django-cors-headers/distinfo    |   6 +-
 www/py-django-filter/Makefile          |   2 +-
 www/py-django-filter/distinfo          |   6 +-
 www/py-django-filter/pkg-descr         |   3 +-
 www/py-django-prometheus/Makefile      |   6 +-
 www/py-django-prometheus/distinfo      |   6 +-
 www/py-django-tables2/Makefile         |   2 +-
 www/py-django-tables2/distinfo         |   6 +-
 17 files changed, 331 insertions(+), 25 deletions(-)
 create mode 100644 www/oauth2-proxy/Makefile
 create mode 100644 www/oauth2-proxy/distinfo
 create mode 100644 www/oauth2-proxy/files/oauth2-proxy.in
 create mode 100644 www/oauth2-proxy/pkg-descr
 create mode 100644 www/oauth2-proxy/pkg-plist
==== merge branches ====
==== merge github/master branch ====
Already up to date.
=============================
HardenedBSD Master git Server
=============================

Please note that connections and activity to this server are logged.
This server, git-01.md.hardenedbsd.org, acts as the source-of-truth
server for the HardenedBSD repositories.

Banner last updated: 10 Feb 2020 09:32 EST

remote: To github.com:HardenedBSD/hardenedbsd-ports.git        
remote:    dc41f18301fa..eda19508bfb8  master -> master
remote:    7ea9e129d98f..dc41f18301fa  github/master -> github/master        
remote:  ! [remote rejected]           refs/pull/10/head -> refs/pull/10/head (deny updating a hidden ref)        
remote:  ! [remote rejected]           refs/pull/11/head -> refs/pull/11/head (deny updating a hidden ref)        
remote:  ! [remote rejected]           refs/pull/12/head -> refs/pull/12/head (deny updating a hidden ref)        
remote:  ! [remote rejected]           refs/pull/14/head -> refs/pull/14/head (deny updating a hidden ref)
remote:  ! [remote rejected]           refs/pull/15/head -> refs/pull/15/head (deny updating a hidden ref)        
remote:  ! [remote rejected]           refs/pull/17/head -> refs/pull/17/head (deny updating a hidden ref)
remote:  ! [remote rejected]           refs/pull/2/head -> refs/pull/2/head (deny updating a hidden ref)        
remote:  ! [remote rejected]           refs/pull/9/head -> refs/pull/9/head (deny updating a hidden ref)        
remote: error: failed to push some refs to 'github.com:HardenedBSD/hardenedbsd-ports.git'        
remote: . Processing 1 references        
remote: Processed 1 references in total        
To git-01.md.hardenedbsd.org:HardenedBSD/hardenedbsd-ports.git
   dc41f18301fa..eda19508bfb8  master -> master
==== END: master ====
==== BEGIN: master ====
current branch: master
mergeable branch: freebsd/master
==== change branch ====
Already on 'master'
Your branch is up to date with 'origin/master'.
==== show current branch ====
* master
==== check for stale changes ====
==== update to latest origin ====
warning: Pulling without specifying how to reconcile divergent branches is
discouraged. You can squelch this message by running one of the following
commands sometime before your next pull:

  git config pull.rebase false  # merge (the default strategy)
  git config pull.rebase true   # rebase
  git config pull.ff only       # fast-forward only

You can replace "git config" with "git config --global" to set a default
preference for all repositories. You can also pass --rebase, --no-rebase,
or --ff-only on the command line to override the configured default per
invocation.

=============================
HardenedBSD Master git Server
=============================

Please note that connections and activity to this server are logged.
This server, git-01.md.hardenedbsd.org, acts as the source-of-truth
server for the HardenedBSD repositories.

Banner last updated: 10 Feb 2020 09:32 EST

Already up to date.
==== merge branches ====
==== merge freebsd/master branch ====
Merge made by the 'recursive' strategy.
 games/lolcat/Makefile                              |  4 ++--
 games/lolcat/distinfo                              |  6 +++---
 .../kodi-addon-inputstream.adaptive-devel/Makefile |  3 +++
 .../kodi-addon-peripheral.joystick-devel/Makefile  |  3 +++
 .../kodi-addon-vfs.libarchive-devel/Makefile       |  3 +++
 multimedia/kodi-devel/Makefile                     |  3 +++
 net-mgmt/netbox/Makefile                           | 10 +++++-----
 net/ntpsec/Makefile                                |  4 +++-
 textproc/sablotron/Makefile                        |  9 +++++----
 www/helma/Makefile                                 |  3 +++
 www/py-dj31-django-cors-headers/Makefile           |  4 ++--
 www/py-dj31-django-cors-headers/distinfo           |  6 +++---
 www/py-dj31-django-filter/Makefile                 |  2 +-
 www/py-dj31-django-filter/distinfo                 |  6 +++---
 www/py-dj31-django-filter/pkg-descr                |  3 ++-
 www/py-dj31-django-prometheus/Makefile             |  4 ++--
 www/py-dj31-django-prometheus/distinfo             |  6 +++---
 www/py-dj31-django-tables2/Makefile                |  2 +-
 www/py-dj31-django-tables2/distinfo                |  6 +++---
 www/py-dj31-djangorestframework/Makefile           |  2 +-
 www/py-dj31-djangorestframework/distinfo           |  6 +++---
 www/py-dj31-djangorestframework/pkg-descr          |  2 --
 www/py-djangorestframework/Makefile                |  2 +-
 www/py-djangorestframework/distinfo                |  6 +++---
 www/py-djangorestframework/pkg-descr               |  2 --
 www/spreadlogd/Makefile                            | 12 ++++++-----
 x11-fonts/Makefile                                 |  1 +
 x11-fonts/bdf2sfd/Makefile                         | 23 ++++++++++++++++++++++
 x11-fonts/bdf2sfd/distinfo                         |  3 +++
 x11-fonts/bdf2sfd/pkg-descr                        |  9 +++++++++
 30 files changed, 104 insertions(+), 51 deletions(-)
 create mode 100644 x11-fonts/bdf2sfd/Makefile
 create mode 100644 x11-fonts/bdf2sfd/distinfo
 create mode 100644 x11-fonts/bdf2sfd/pkg-descr
=============================
HardenedBSD Master git Server
=============================

Please note that connections and activity to this server are logged.
This server, git-01.md.hardenedbsd.org, acts as the source-of-truth
server for the HardenedBSD repositories.

Banner last updated: 10 Feb 2020 09:32 EST

remote: To github.com:HardenedBSD/hardenedbsd-ports.git        
remote:    eda19508bfb8..cea2648bf876  master -> master        
remote:    dc41f18301fa..eda19508bfb8  github/master -> github/master        
remote:  ! [remote rejected]           refs/pull/10/head -> refs/pull/10/head (deny updating a hidden ref)
remote:  ! [remote rejected]           refs/pull/11/head -> refs/pull/11/head (deny updating a hidden ref)        
remote:  ! [remote rejected]           refs/pull/12/head -> refs/pull/12/head (deny updating a hidden ref)        
remote:  ! [remote rejected]           refs/pull/14/head -> refs/pull/14/head (deny updating a hidden ref)
remote:  ! [remote rejected]           refs/pull/15/head -> refs/pull/15/head (deny updating a hidden ref)
remote:  ! [remote rejected]           refs/pull/17/head -> refs/pull/17/head (deny updating a hidden ref)
remote:  ! [remote rejected]           refs/pull/2/head -> refs/pull/2/head (deny updating a hidden ref)        
remote:  ! [remote rejected]           refs/pull/9/head -> refs/pull/9/head (deny updating a hidden ref)        
remote: error: failed to push some refs to 'github.com:HardenedBSD/hardenedbsd-ports.git'        
remote: . Processing 1 references        
remote: Processed 1 references in total        
To git-01.md.hardenedbsd.org:HardenedBSD/hardenedbsd-ports.git
   eda19508bfb8..cea2648bf876  master -> master
==== END: master ====
