==== BEGIN: master ====
current branch: master
mergeable branch: github/master
==== change branch ====
Already on 'master'
Your branch is up to date with 'origin/master'.
==== show current branch ====
* master
==== check for stale changes ====
==== update to latest origin ====
Already up to date.
==== merge branches ====
==== merge github/master branch ====
Already up to date.
Everything up-to-date
==== END: master ====
==== BEGIN: master ====
current branch: master
mergeable branch: freebsd/master
==== change branch ====
Already on 'master'
Your branch is up to date with 'origin/master'.
==== show current branch ====
* master
==== check for stale changes ====
==== update to latest origin ====
Already up to date.
==== merge branches ====
==== merge freebsd/master branch ====
Auto-merging security/Makefile
Removing graphics/hugin/files/patch-src_hugin__base_panodata_SrcPanoImage.cpp
Removing graphics/hugin/files/patch-src_hugin1_hugin_RawImport.cpp
Merge made by the 'recursive' strategy.
 devel/py-oci/Makefile                              |  2 +-
 devel/py-oci/distinfo                              |  6 +--
 games/emptyepsilon/Makefile                        |  2 +-
 games/emptyepsilon/distinfo                        | 10 ++--
 games/emptyepsilon/pkg-plist                       |  2 +
 graphics/gmic/Makefile                             |  3 +-
 graphics/gmic/distinfo                             |  6 +--
 graphics/hugin/Makefile                            |  6 +--
 graphics/hugin/distinfo                            |  6 +--
 .../files/patch-src_hugin1_hugin_RawImport.cpp     | 14 ------
 ...patch-src_hugin__base_panodata_SrcPanoImage.cpp | 13 -----
 graphics/hugin/pkg-plist                           |  2 -
 math/ensmallen/Makefile                            |  2 +-
 math/ensmallen/distinfo                            |  6 +--
 security/Makefile                                  |  1 +
 security/helib/Makefile                            | 25 ++++++++++
 security/helib/distinfo                            |  3 ++
 security/helib/files/patch-src_timing.cpp          | 11 +++++
 security/helib/pkg-descr                           | 10 ++++
 security/helib/pkg-plist                           | 55 ++++++++++++++++++++++
 security/palisade/Makefile                         |  4 +-
 security/palisade/distinfo                         |  6 +--
 security/palisade/pkg-plist                        | 25 ++++------
 23 files changed, 144 insertions(+), 76 deletions(-)
 delete mode 100644 graphics/hugin/files/patch-src_hugin1_hugin_RawImport.cpp
 delete mode 100644 graphics/hugin/files/patch-src_hugin__base_panodata_SrcPanoImage.cpp
 create mode 100644 security/helib/Makefile
 create mode 100644 security/helib/distinfo
 create mode 100644 security/helib/files/patch-src_timing.cpp
 create mode 100644 security/helib/pkg-descr
 create mode 100644 security/helib/pkg-plist
remote: To github.com:HardenedBSD/hardenedbsd-ports.git        
remote:    c3b682a54143..9fa5b9ef5373  master -> master        
remote:    4e5f346ec0a7..c3b682a54143  github/master -> github/master        
To git-01.md.hardenedbsd.org:HardenedBSD/hardenedbsd-ports.git
   c3b682a54143..9fa5b9ef5373  master -> master
==== END: master ====
