==== BEGIN: master ====
current branch: master
mergeable branch: github/master
==== change branch ====
Already on 'master'
Your branch is up to date with 'origin/master'.
==== show current branch ====
* master
==== check for stale changes ====
==== update to latest origin ====
warning: Pulling without specifying how to reconcile divergent branches is
discouraged. You can squelch this message by running one of the following
commands sometime before your next pull:

  git config pull.rebase false  # merge (the default strategy)
  git config pull.rebase true   # rebase
  git config pull.ff only       # fast-forward only

You can replace "git config" with "git config --global" to set a default
preference for all repositories. You can also pass --rebase, --no-rebase,
or --ff-only on the command line to override the configured default per
invocation.

=============================
HardenedBSD Master git Server
=============================

Please note that connections and activity to this server are logged.
This server, git-01.md.hardenedbsd.org, acts as the source-of-truth
server for the HardenedBSD repositories.

Banner last updated: 10 Feb 2020 09:32 EST

Already up to date.
==== merge branches ====
==== merge github/master branch ====
Already up to date.
=============================
HardenedBSD Master git Server
=============================

Please note that connections and activity to this server are logged.
This server, git-01.md.hardenedbsd.org, acts as the source-of-truth
server for the HardenedBSD repositories.

Banner last updated: 10 Feb 2020 09:32 EST

Everything up-to-date
==== END: master ====
==== BEGIN: master ====
current branch: master
mergeable branch: freebsd/master
==== change branch ====
Already on 'master'
Your branch is up to date with 'origin/master'.
==== show current branch ====
* master
==== check for stale changes ====
==== update to latest origin ====
warning: Pulling without specifying how to reconcile divergent branches is
discouraged. You can squelch this message by running one of the following
commands sometime before your next pull:

  git config pull.rebase false  # merge (the default strategy)
  git config pull.rebase true   # rebase
  git config pull.ff only       # fast-forward only

You can replace "git config" with "git config --global" to set a default
preference for all repositories. You can also pass --rebase, --no-rebase,
or --ff-only on the command line to override the configured default per
invocation.

=============================
HardenedBSD Master git Server
=============================

Please note that connections and activity to this server are logged.
This server, git-01.md.hardenedbsd.org, acts as the source-of-truth
server for the HardenedBSD repositories.

Banner last updated: 10 Feb 2020 09:32 EST

Already up to date.
==== merge branches ====
==== merge freebsd/master branch ====
Auto-merging x11/sterm/Makefile
Removing x11-fm/xdiskusage/files/patch-xdiskusage.C
Auto-merging security/sudo/Makefile
Removing graphics/ipe/files/patch-ipecanvas_ipecanvas__qt.cpp
Auto-merging devel/bison/Makefile
Merge made by the 'recursive' strategy.
 MOVED                                              |  1 -
 astro/py-metpy/Makefile                            |  7 +++---
 astro/py-metpy/distinfo                            |  6 ++---
 devel/Makefile                                     |  1 +
 devel/bison/Makefile                               |  2 +-
 devel/bison/distinfo                               |  6 ++---
 devel/libev/Makefile                               |  2 +-
 devel/libev/distinfo                               |  6 ++---
 devel/notify-sharp/Makefile                        | 22 ++++++++++++++++++
 devel/notify-sharp/distinfo                        |  2 ++
 devel/notify-sharp/pkg-descr                       |  4 ++++
 devel/notify-sharp/pkg-plist                       |  7 ++++++
 devel/p5-FFI-Platypus/Makefile                     |  2 +-
 devel/p5-FFI-Platypus/distinfo                     |  6 ++---
 devel/p5-Minion/Makefile                           |  2 +-
 devel/p5-Minion/distinfo                           |  6 ++---
 devel/plan9port/Makefile                           |  5 ++--
 devel/py-Pint/Makefile                             | 12 ++++++----
 devel/py-Pint/distinfo                             |  6 ++---
 devel/py-ddtrace/Makefile                          |  2 +-
 devel/py-dj22-django-rq/Makefile                   |  2 ++
 devel/py-django-rq/Makefile                        | 12 ++++------
 devel/py-django-rq/distinfo                        |  6 ++---
 devel/py-googleapis-common-protos/Makefile         |  2 +-
 devel/py-lark-parser/Makefile                      |  2 +-
 devel/py-lark-parser/distinfo                      |  6 ++---
 devel/py-mypy-protobuf/Makefile                    |  2 +-
 devel/py-oslo.concurrency/Makefile                 |  2 +-
 devel/py-oslo.concurrency/distinfo                 |  6 ++---
 devel/py-oslo.serialization/Makefile               |  8 +++----
 devel/py-oslo.serialization/distinfo               |  6 ++---
 devel/py-taskflow/Makefile                         |  4 ++--
 devel/py-taskflow/distinfo                         |  6 ++---
 devel/py-tooz/Makefile                             |  2 +-
 devel/py-tooz/distinfo                             |  6 ++---
 devel/rubygem-aws-sdk-apigateway/Makefile          |  2 +-
 devel/rubygem-aws-sdk-apigateway/distinfo          |  6 ++---
 devel/rubygem-aws-sdk-autoscaling/Makefile         |  2 +-
 devel/rubygem-aws-sdk-autoscaling/distinfo         |  6 ++---
 devel/rubygem-aws-sdk-core2/Makefile               |  2 +-
 devel/rubygem-aws-sdk-core2/distinfo               |  6 ++---
 devel/rubygem-aws-sdk-dataexchange/Makefile        |  2 +-
 devel/rubygem-aws-sdk-dataexchange/distinfo        |  6 ++---
 devel/rubygem-aws-sdk-lambda/Makefile              |  2 +-
 devel/rubygem-aws-sdk-lambda/distinfo              |  6 ++---
 devel/rubygem-aws-sdk-polly/Makefile               |  2 +-
 devel/rubygem-aws-sdk-polly/distinfo               |  6 ++---
 devel/rubygem-aws-sdk-qldb/Makefile                |  2 +-
 devel/rubygem-aws-sdk-qldb/distinfo                |  6 ++---
 devel/rubygem-aws-sdk-resources2/Makefile          |  2 +-
 devel/rubygem-aws-sdk-resources2/distinfo          |  6 ++---
 devel/rubygem-aws-sdk2/Makefile                    |  2 +-
 devel/rubygem-aws-sdk2/distinfo                    |  6 ++---
 devel/rubygem-azure_mgmt_cosmosdb/Makefile         |  2 +-
 devel/rubygem-azure_mgmt_cosmosdb/distinfo         |  6 ++---
 devel/rubygem-azure_mgmt_data_factory/Makefile     |  2 +-
 devel/rubygem-azure_mgmt_data_factory/distinfo     |  6 ++---
 devel/rubygem-azure_mgmt_event_grid/Makefile       |  2 +-
 devel/rubygem-azure_mgmt_event_grid/distinfo       |  6 ++---
 devel/rubygem-azure_mgmt_hdinsight/Makefile        |  2 +-
 devel/rubygem-azure_mgmt_hdinsight/distinfo        |  6 ++---
 devel/rubygem-azure_mgmt_security/Makefile         |  2 +-
 devel/rubygem-azure_mgmt_security/distinfo         |  6 ++---
 devel/rubygem-azure_sdk/Makefile                   | 12 +++++-----
 devel/rubygem-azure_sdk/distinfo                   |  6 ++---
 dns/py-dns-lexicon/Makefile                        |  2 +-
 dns/py-dns-lexicon/distinfo                        |  6 ++---
 games/ltris/Makefile                               |  2 +-
 .../ipe/files/patch-ipecanvas_ipecanvas__qt.cpp    | 10 --------
 graphics/sane-backends/Makefile                    |  2 +-
 graphics/sane-backends/pkg-descr                   | 13 ++---------
 graphics/vulkan-loader/Makefile                    |  3 +++
 graphics/vulkan-loader/distinfo                    |  2 ++
 graphics/xaos/Makefile                             |  2 +-
 lang/janet/Makefile                                |  2 +-
 lang/janet/distinfo                                |  6 ++---
 math/clasp/Makefile                                | 13 ++++++++---
 math/clasp/distinfo                                |  7 ++++--
 multimedia/vlc/Makefile                            |  4 ++--
 multimedia/vlc/distinfo                            |  6 ++---
 net/cloud-init/Makefile                            |  3 +--
 net/cloud-init/distinfo                            |  6 ++---
 net/rubygem-asset_sync/Makefile                    |  2 +-
 net/rubygem-asset_sync/distinfo                    |  6 ++---
 print/py-fontbakery/Makefile                       |  2 +-
 print/py-fonttools/Makefile                        |  4 ++--
 print/py-fonttools/distinfo                        |  6 ++---
 security/sudo/Makefile                             | 16 ++++++++++---
 security/sudo/distinfo                             |  6 ++---
 security/sudo/pkg-plist                            | 24 ++++++++++++++++++-
 security/vuxml/vuln.xml                            | 27 ++++++++++++++++++++++
 sysutils/agedu/Makefile                            |  2 +-
 sysutils/agedu/distinfo                            |  6 ++---
 sysutils/openzfs-kmod/Makefile                     |  4 ++--
 sysutils/openzfs-kmod/distinfo                     |  6 ++---
 sysutils/openzfs/Makefile                          |  4 ++--
 sysutils/openzfs/distinfo                          |  6 ++---
 sysutils/openzfs/pkg-plist                         | 10 ++++++--
 sysutils/parallel/Makefile                         |  6 ++---
 sysutils/parallel/distinfo                         |  6 ++---
 sysutils/parallel/pkg-plist                        |  2 ++
 sysutils/rubygem-parallel/Makefile                 |  2 +-
 sysutils/rubygem-parallel/distinfo                 |  6 ++---
 textproc/rubygem-loofah/Makefile                   |  2 +-
 textproc/rubygem-loofah/distinfo                   |  6 ++---
 www/py-feedgenerator/Makefile                      | 11 +++++----
 www/py-feedgenerator/distinfo                      |  6 ++---
 www/py-feedgenerator/pkg-descr                     |  3 ++-
 www/py-google-api-core/Makefile                    |  4 ++--
 www/py-google-api-core/distinfo                    |  6 ++---
 www/rubygem-rdf/Makefile                           |  2 +-
 www/rubygem-rdf/distinfo                           |  6 ++---
 www/varnish6/Makefile                              |  8 ++++---
 www/varnish6/pkg-plist                             |  2 ++
 x11-fm/xdiskusage/Makefile                         | 13 +++++++----
 x11-fm/xdiskusage/distinfo                         |  5 ++--
 x11-fm/xdiskusage/files/patch-xdiskusage.C         | 12 ----------
 x11-servers/xorg-server/pkg-message                | 10 ++++++++
 x11/sterm/Makefile                                 |  2 +-
 x11/sterm/distinfo                                 |  6 ++---
 120 files changed, 382 insertions(+), 273 deletions(-)
 create mode 100644 devel/notify-sharp/Makefile
 create mode 100644 devel/notify-sharp/distinfo
 create mode 100644 devel/notify-sharp/pkg-descr
 create mode 100644 devel/notify-sharp/pkg-plist
 delete mode 100644 graphics/ipe/files/patch-ipecanvas_ipecanvas__qt.cpp
 delete mode 100644 x11-fm/xdiskusage/files/patch-xdiskusage.C
=============================
HardenedBSD Master git Server
=============================

Please note that connections and activity to this server are logged.
This server, git-01.md.hardenedbsd.org, acts as the source-of-truth
server for the HardenedBSD repositories.

Banner last updated: 10 Feb 2020 09:32 EST

remote: To github.com:HardenedBSD/hardenedbsd-ports.git        
remote:    50ede28bded4..e1cb5a1c2d2f  master -> master        
remote:    0942e1f8d6e1..50ede28bded4  github/master -> github/master
remote:  ! [remote rejected]           refs/pull/2/head -> refs/pull/2/head (deny updating a hidden ref)        
remote: error: failed to push some refs to 'github.com:HardenedBSD/hardenedbsd-ports.git'        
To git-01.md.hardenedbsd.org:HardenedBSD/hardenedbsd-ports.git
   50ede28bded4..e1cb5a1c2d2f  master -> master
==== END: master ====
