==== BEGIN: master ====
current branch: master
mergeable branch: github/master
==== change branch ====
Already on 'master'
Your branch is up to date with 'origin/master'.
==== show current branch ====
* master
==== check for stale changes ====
==== update to latest origin ====
warning: Pulling without specifying how to reconcile divergent branches is
discouraged. You can squelch this message by running one of the following
commands sometime before your next pull:

  git config pull.rebase false  # merge (the default strategy)
  git config pull.rebase true   # rebase
  git config pull.ff only       # fast-forward only

You can replace "git config" with "git config --global" to set a default
preference for all repositories. You can also pass --rebase, --no-rebase,
or --ff-only on the command line to override the configured default per
invocation.

=============================
HardenedBSD Master git Server
=============================

Please note that connections and activity to this server are logged.
This server, git-01.md.hardenedbsd.org, acts as the source-of-truth
server for the HardenedBSD repositories.

Banner last updated: 10 Feb 2020 09:32 EST

Already up to date.
==== merge branches ====
==== merge github/master branch ====
Already up to date.
=============================
HardenedBSD Master git Server
=============================

Please note that connections and activity to this server are logged.
This server, git-01.md.hardenedbsd.org, acts as the source-of-truth
server for the HardenedBSD repositories.

Banner last updated: 10 Feb 2020 09:32 EST

Everything up-to-date
==== END: master ====
==== BEGIN: master ====
current branch: master
mergeable branch: freebsd/master
==== change branch ====
Already on 'master'
Your branch is up to date with 'origin/master'.
==== show current branch ====
* master
==== check for stale changes ====
==== update to latest origin ====
warning: Pulling without specifying how to reconcile divergent branches is
discouraged. You can squelch this message by running one of the following
commands sometime before your next pull:

  git config pull.rebase false  # merge (the default strategy)
  git config pull.rebase true   # rebase
  git config pull.ff only       # fast-forward only

You can replace "git config" with "git config --global" to set a default
preference for all repositories. You can also pass --rebase, --no-rebase,
or --ff-only on the command line to override the configured default per
invocation.

=============================
HardenedBSD Master git Server
=============================

Please note that connections and activity to this server are logged.
This server, git-01.md.hardenedbsd.org, acts as the source-of-truth
server for the HardenedBSD repositories.

Banner last updated: 10 Feb 2020 09:32 EST

Already up to date.
==== merge branches ====
==== merge freebsd/master branch ====
Auto-merging www/firefox-esr/Makefile
Merge made by the 'recursive' strategy.
 audio/cava/Makefile                                |    2 +-
 audio/cava/distinfo                                |    6 +-
 audio/cava/files/patch-Makefile.am                 |   15 +-
 audio/cava/files/patch-cava.c                      |   14 +-
 audio/ripperx/Makefile                             |    2 +-
 audio/ripperx/files/patch-src_config__rw.c         |    9 +-
 devel/tokei/Makefile                               |    2 +-
 devel/tokei/distinfo                               |    6 +-
 editors/micro/Makefile                             |   67 +-
 editors/micro/distinfo                             |  110 +-
 emulators/rpcs3/Makefile                           |    4 +-
 emulators/rpcs3/distinfo                           |    6 +-
 graphics/mesa-devel/Makefile                       |    4 +-
 graphics/mesa-devel/distinfo                       |    6 +-
 .../files/patch-cmake_compiler-specifics.cmake     |   12 +
 security/boringssl/Makefile                        |    4 +-
 security/boringssl/distinfo                        |    6 +-
 sysutils/p5-BSD-Sysctl/Makefile                    |    2 +-
 sysutils/p5-BSD-Sysctl/files/patch-Makefile.PL     |    8 +
 sysutils/p5-BSD-Sysctl/files/patch-Sysctl.pm       |   22 +
 sysutils/p5-BSD-Sysctl/files/patch-Sysctl.xs       |  406 ++--
 sysutils/serf/Makefile                             |    3 +-
 sysutils/serf/distinfo                             |    6 +-
 ...g_x_net_internal_socket_zsys__freebsd__arm64.go |   63 +
 ...r_golang.org_x_net_ipv4_zsys__freebsd__arm64.go |   96 +
 ...r_golang.org_x_net_ipv6_zsys__freebsd__arm64.go |  125 ++
 ...dor_golang.org_x_sys_unix_asm__freebsd__arm64.s |   32 +
 ...olang.org_x_sys_unix_syscall__freebsd__arm64.go |   55 +
 ...olang.org_x_sys_unix_zerrors__freebsd__arm64.go | 1797 +++++++++++++++++
 ...lang.org_x_sys_unix_zsyscall__freebsd__arm64.go | 2018 ++++++++++++++++++++
 ...olang.org_x_sys_unix_zsysnum__freebsd__arm64.go |  398 ++++
 ...golang.org_x_sys_unix_ztypes__freebsd__arm64.go |  605 ++++++
 www/firefox-esr/Makefile                           |    3 +-
 www/firefox-esr/distinfo                           |    6 +-
 34 files changed, 5662 insertions(+), 258 deletions(-)
 create mode 100644 math/ogdf/files/patch-cmake_compiler-specifics.cmake
 create mode 100644 sysutils/p5-BSD-Sysctl/files/patch-Makefile.PL
 create mode 100644 sysutils/p5-BSD-Sysctl/files/patch-Sysctl.pm
 create mode 100644 sysutils/serf/files/patch-vendor_golang.org_x_net_internal_socket_zsys__freebsd__arm64.go
 create mode 100644 sysutils/serf/files/patch-vendor_golang.org_x_net_ipv4_zsys__freebsd__arm64.go
 create mode 100644 sysutils/serf/files/patch-vendor_golang.org_x_net_ipv6_zsys__freebsd__arm64.go
 create mode 100644 sysutils/serf/files/patch-vendor_golang.org_x_sys_unix_asm__freebsd__arm64.s
 create mode 100644 sysutils/serf/files/patch-vendor_golang.org_x_sys_unix_syscall__freebsd__arm64.go
 create mode 100644 sysutils/serf/files/patch-vendor_golang.org_x_sys_unix_zerrors__freebsd__arm64.go
 create mode 100644 sysutils/serf/files/patch-vendor_golang.org_x_sys_unix_zsyscall__freebsd__arm64.go
 create mode 100644 sysutils/serf/files/patch-vendor_golang.org_x_sys_unix_zsysnum__freebsd__arm64.go
 create mode 100644 sysutils/serf/files/patch-vendor_golang.org_x_sys_unix_ztypes__freebsd__arm64.go
=============================
HardenedBSD Master git Server
=============================

Please note that connections and activity to this server are logged.
This server, git-01.md.hardenedbsd.org, acts as the source-of-truth
server for the HardenedBSD repositories.

Banner last updated: 10 Feb 2020 09:32 EST

remote: To github.com:HardenedBSD/hardenedbsd-ports.git        
remote:    841e2fb8c216..7e217e2617a3  master -> master        
remote:    4e74972bd482..841e2fb8c216  github/master -> github/master
remote:  ! [remote rejected]           refs/pull/2/head -> refs/pull/2/head (deny updating a hidden ref)
remote: error: failed to push some refs to 'github.com:HardenedBSD/hardenedbsd-ports.git'        
To git-01.md.hardenedbsd.org:HardenedBSD/hardenedbsd-ports.git
   841e2fb8c216..7e217e2617a3  master -> master
==== END: master ====
